#
# There is insufficient memory for the Java Runtime Environment to continue.
# Native memory allocation (mmap) failed to map 204996608 bytes for committing reserved memory.
# Possible reasons:
#   The system is out of physical RAM or swap space
#   In 32 bit mode, the process size limit was hit
# Possible solutions:
#   Reduce memory load on the system
#   Increase physical memory or swap space
#   Check if swap backing store is full
#   Use 64 bit Java on a 64 bit OS
#   Decrease Java heap size (-Xmx/-Xms)
#   Decrease number of Java threads
#   Decrease Java thread stack sizes (-Xss)
#   Set larger code cache with -XX:ReservedCodeCacheSize=
# This output file may be truncated or incomplete.
#
#  Out of Memory Error (os_linux.cpp:2630), pid=13137, tid=0x00007f1759ac9700
#
# JRE version: OpenJDK Runtime Environment (8.0_121-b13) (build 1.8.0_121-8u121-b13-1~bpo8+1-b13)
# Java VM: OpenJDK 64-Bit Server VM (25.121-b13 mixed mode linux-amd64 compressed oops)
# Core dump written. Default location: /root/workspace/HubSpot/Singularity/252568740/SingularityService/core or core.13137
#

---------------  T H R E A D  ---------------

Current thread (0x00007f17781d1800):  VMThread [stack: 0x00007f17599c9000,0x00007f1759aca000] [id=13247]

Stack: [0x00007f17599c9000,0x00007f1759aca000],  sp=0x00007f1759ac8460,  free space=1021k
Native frames: (J=compiled Java code, j=interpreted, Vv=VM code, C=native code)
V  [libjvm.so+0xa9700d]
V  [libjvm.so+0x4ea26c]
V  [libjvm.so+0x8e2b90]
V  [libjvm.so+0x8dd27e]
V  [libjvm.so+0x95a25b]
V  [libjvm.so+0x94973a]
V  [libjvm.so+0x949920]
V  [libjvm.so+0x94a400]
V  [libjvm.so+0x95043e]
V  [libjvm.so+0x95083c]
V  [libjvm.so+0x46b593]
V  [libjvm.so+0xa98529]
V  [libjvm.so+0xa9d7e7]
V  [libjvm.so+0xa9bb07]
V  [libjvm.so+0xa9c337]
V  [libjvm.so+0xa9c881]
V  [libjvm.so+0x8e0062]

VM_Operation (0x00007f1781f6d520): CollectForMetadataAllocation, mode: safepoint, requested by thread 0x00007f1778015000


---------------  P R O C E S S  ---------------

Java Threads: ( => current thread )
  0x00007f16f8083000 JavaThread "ProcessThread(sid:0 cport:-1):" [_thread_blocked, id=13369, stack(0x00007f17346f0000,0x00007f17347f1000)]
  0x00007f16f808c000 JavaThread "SyncThread:0" [_thread_blocked, id=13364, stack(0x00007f17347f1000,0x00007f17348f2000)]
  0x00007f16f805e000 JavaThread "SessionTracker" [_thread_blocked, id=13358, stack(0x00007f17348f2000,0x00007f17349f3000)]
  0x00007f16f802d000 JavaThread "NIOServerCxn.Factory:0.0.0.0/0.0.0.0:59520" daemon [_thread_blocked, id=13350, stack(0x00007f17349f3000,0x00007f1734af4000)]
  0x00007f1778fe4000 JavaThread "Thread-2" [_thread_blocked, id=13346, stack(0x00007f1734af4000,0x00007f1734bf5000)]
  0x00007f1778b6a000 JavaThread "last-ditch-daemon-shutdown-thread-30sec" daemon [_thread_blocked, id=13332, stack(0x00007f17584f3000,0x00007f17585f4000)]
  0x00007f1778b58000 JavaThread "surefire-forkedjvm-command-thread" daemon [_thread_blocked, id=13331, stack(0x00007f17585f4000,0x00007f17586f5000)]
  0x00007f1778afa000 JavaThread "Service Thread" daemon [_thread_blocked, id=13314, stack(0x00007f17587f6000,0x00007f17588f7000)]
  0x00007f1778b39000 JavaThread "C1 CompilerThread3" daemon [_thread_blocked, id=13313, stack(0x00007f17588f7000,0x00007f17589f8000)]
  0x00007f1778b37800 JavaThread "C2 CompilerThread2" daemon [_thread_blocked, id=13312, stack(0x00007f17589f8000,0x00007f1758af9000)]
  0x00007f1778a67800 JavaThread "C2 CompilerThread1" daemon [_thread_blocked, id=13311, stack(0x00007f1758af9000,0x00007f1758bfa000)]
  0x00007f1778ae4800 JavaThread "C2 CompilerThread0" daemon [_thread_blocked, id=13310, stack(0x00007f1758bfa000,0x00007f1758cfb000)]
  0x00007f1778207000 JavaThread "Signal Dispatcher" daemon [_thread_blocked, id=13270, stack(0x00007f1759557000,0x00007f1759658000)]
  0x00007f17781de000 JavaThread "Finalizer" daemon [_thread_blocked, id=13261, stack(0x00007f17597c7000,0x00007f17598c8000)]
  0x00007f17781d9800 JavaThread "Reference Handler" daemon [_thread_blocked, id=13255, stack(0x00007f17598c8000,0x00007f17599c9000)]
  0x00007f1778015000 JavaThread "main" [_thread_blocked, id=13153, stack(0x00007f1781e75000,0x00007f1781f76000)]

Other Threads:
=>0x00007f17781d1800 VMThread [stack: 0x00007f17599c9000,0x00007f1759aca000] [id=13247]
  0x00007f1778afc000 WatcherThread [stack: 0x00007f17586f5000,0x00007f17587f6000] [id=13315]

VM state:at safepoint (normal execution)

VM Mutex/Monitor currently owned by a thread:  ([mutex/lock_event])
[0x00007f177800a390] ExpandHeap_lock - owner thread: 0x00007f17781d1800
[0x00007f177800aa10] Threads_lock - owner thread: 0x00007f17781d1800
[0x00007f177800af10] Heap_lock - owner thread: 0x00007f1778015000

Heap:
 PSYoungGen      total 194048K, used 0K [0x0000000718100000, 0x000000072b280000, 0x00000007c0000000)
  eden space 185856K, 0% used [0x0000000718100000,0x0000000718100000,0x0000000723680000)
  from space 8192K, 0% used [0x0000000723680000,0x0000000723680000,0x0000000723e80000)
  to   space 8192K, 0% used [0x000000072aa80000,0x000000072aa80000,0x000000072b280000)
 ParOldGen       total 222720K, used 8719K [0x00000005c8200000, 0x00000005d5b80000, 0x0000000718100000)
  object space 222720K, 3% used [0x00000005c8200000,0x00000005c8a83c20,0x00000005d5b80000)
 Metaspace       used 34941K, capacity 35244K, committed 35416K, reserved 1081344K
  class space    used 3847K, capacity 3958K, committed 3968K, reserved 1048576K

Card table byte_map: [0x00007f177d3a0000,0x00007f177e360000] byte_map_base: 0x00007f177a55f000

Marking Bits: (ParMarkBitMap*) 0x00007f1781150340
 Begin Bits: [0x00007f173c410000, 0x00007f1744208000)
 End Bits:   [0x00007f1744208000, 0x00007f174c000000)

Polling page: 0x00007f1781f80000

CodeCache: size=245760Kb used=11160Kb max_used=11179Kb free=234599Kb
 bounds [0x00007f1769000000, 0x00007f1769b00000, 0x00007f1778000000]
 total_blobs=3837 nmethods=3387 adapters=363
 compilation: enabled

Compilation events (10 events):
Event: 63.431 Thread 0x00007f1778b39000 3843       3       org.slf4j.LoggerFactory::$jacocoInit (54 bytes)
Event: 63.432 Thread 0x00007f1778b39000 nmethod 3843 0x00007f1769af4cd0 code [0x00007f1769af4e40, 0x00007f1769af4f90]
Event: 64.416 Thread 0x00007f1778b39000 3845       3       java.util.regex.Pattern::append (39 bytes)
Event: 64.416 Thread 0x00007f1778b39000 nmethod 3845 0x00007f1769af5c10 code [0x00007f1769af5d80, 0x00007f1769af60c8]
Event: 64.418 Thread 0x00007f1778ae4800 3846       4       java.util.regex.Matcher::match (109 bytes)
Event: 64.418 Thread 0x00007f1778b39000 3847       3       java.util.regex.Pattern$Slice::match (79 bytes)
Event: 64.419 Thread 0x00007f1778b39000 nmethod 3847 0x00007f1769af6210 code [0x00007f1769af63a0, 0x00007f1769af6838]
Event: 64.426 Thread 0x00007f1778ae4800 nmethod 3846 0x00007f17691c2b50 code [0x00007f17691c2cc0, 0x00007f17691c2f78]
Event: 64.691 Thread 0x00007f1778b39000 3848       3       org.jacoco.agent.rt.internal_b0d6a23.asm.tree.IincInsnNode::<init> (18 bytes)
Event: 64.692 Thread 0x00007f1778b39000 nmethod 3848 0x00007f176911fbd0 code [0x00007f176911fd40, 0x00007f176911ff70]

GC Heap History (10 events):
Event: 36.857 GC heap after
Heap after GC invocations=4 (full 1):
 PSYoungGen      total 150528K, used 0K [0x0000000718100000, 0x0000000722900000, 0x00000007c0000000)
  eden space 129024K, 0% used [0x0000000718100000,0x0000000718100000,0x000000071ff00000)
  from space 21504K, 0% used [0x000000071ff00000,0x000000071ff00000,0x0000000721400000)
  to   space 21504K, 0% used [0x0000000721400000,0x0000000721400000,0x0000000722900000)
 ParOldGen       total 222720K, used 7235K [0x00000005c8200000, 0x00000005d5b80000, 0x0000000718100000)
  object space 222720K, 3% used [0x00000005c8200000,0x00000005c8910d10,0x00000005d5b80000)
 Metaspace       used 20943K, capacity 21134K, committed 21248K, reserved 1069056K
  class space    used 2188K, capacity 2273K, committed 2304K, reserved 1048576K
}
Event: 43.780 GC heap before
{Heap before GC invocations=5 (full 1):
 PSYoungGen      total 150528K, used 129024K [0x0000000718100000, 0x0000000722900000, 0x00000007c0000000)
  eden space 129024K, 100% used [0x0000000718100000,0x000000071ff00000,0x000000071ff00000)
  from space 21504K, 0% used [0x000000071ff00000,0x000000071ff00000,0x0000000721400000)
  to   space 21504K, 0% used [0x0000000721400000,0x0000000721400000,0x0000000722900000)
 ParOldGen       total 222720K, used 7235K [0x00000005c8200000, 0x00000005d5b80000, 0x0000000718100000)
  object space 222720K, 3% used [0x00000005c8200000,0x00000005c8910d10,0x00000005d5b80000)
 Metaspace       used 25208K, capacity 25484K, committed 25728K, reserved 1073152K
  class space    used 2781K, capacity 2886K, committed 2944K, reserved 1048576K
Event: 43.815 GC heap after
Heap after GC invocations=5 (full 1):
 PSYoungGen      total 150528K, used 4286K [0x0000000718100000, 0x0000000725480000, 0x00000007c0000000)
  eden space 129024K, 0% used [0x0000000718100000,0x0000000718100000,0x000000071ff00000)
  from space 21504K, 19% used [0x0000000721400000,0x000000072182fb40,0x0000000722900000)
  to   space 21504K, 0% used [0x000000071ff00000,0x000000071ff00000,0x0000000721400000)
 ParOldGen       total 222720K, used 7235K [0x00000005c8200000, 0x00000005d5b80000, 0x0000000718100000)
  object space 222720K, 3% used [0x00000005c8200000,0x00000005c8910d10,0x00000005d5b80000)
 Metaspace       used 25208K, capacity 25484K, committed 25728K, reserved 1073152K
  class space    used 2781K, capacity 2886K, committed 2944K, reserved 1048576K
}
Event: 50.070 GC heap before
{Heap before GC invocations=6 (full 1):
 PSYoungGen      total 150528K, used 133310K [0x0000000718100000, 0x0000000725480000, 0x00000007c0000000)
  eden space 129024K, 100% used [0x0000000718100000,0x000000071ff00000,0x000000071ff00000)
  from space 21504K, 19% used [0x0000000721400000,0x000000072182fb40,0x0000000722900000)
  to   space 21504K, 0% used [0x000000071ff00000,0x000000071ff00000,0x0000000721400000)
 ParOldGen       total 222720K, used 7235K [0x00000005c8200000, 0x00000005d5b80000, 0x0000000718100000)
  object space 222720K, 3% used [0x00000005c8200000,0x00000005c8910d10,0x00000005d5b80000)
 Metaspace       used 29492K, capacity 29848K, committed 30080K, reserved 1075200K
  class space    used 3324K, capacity 3432K, committed 3456K, reserved 1048576K
Event: 50.162 GC heap after
Heap after GC invocations=6 (full 1):
 PSYoungGen      total 150528K, used 4994K [0x0000000718100000, 0x0000000724900000, 0x00000007c0000000)
  eden space 129024K, 0% used [0x0000000718100000,0x0000000718100000,0x000000071ff00000)
  from space 21504K, 23% used [0x000000071ff00000,0x00000007203e09d0,0x0000000721400000)
  to   space 8704K, 0% used [0x0000000724080000,0x0000000724080000,0x0000000724900000)
 ParOldGen       total 222720K, used 7235K [0x00000005c8200000, 0x00000005d5b80000, 0x0000000718100000)
  object space 222720K, 3% used [0x00000005c8200000,0x00000005c8910d10,0x00000005d5b80000)
 Metaspace       used 29492K, capacity 29848K, committed 30080K, reserved 1075200K
  class space    used 3324K, capacity 3432K, committed 3456K, reserved 1048576K
}
Event: 61.556 GC heap before
{Heap before GC invocations=7 (full 1):
 PSYoungGen      total 150528K, used 134018K [0x0000000718100000, 0x0000000724900000, 0x00000007c0000000)
  eden space 129024K, 100% used [0x0000000718100000,0x000000071ff00000,0x000000071ff00000)
  from space 21504K, 23% used [0x000000071ff00000,0x00000007203e09d0,0x0000000721400000)
  to   space 8704K, 0% used [0x0000000724080000,0x0000000724080000,0x0000000724900000)
 ParOldGen       total 222720K, used 7235K [0x00000005c8200000, 0x00000005d5b80000, 0x0000000718100000)
  object space 222720K, 3% used [0x00000005c8200000,0x00000005c8910d10,0x00000005d5b80000)
 Metaspace       used 34251K, capacity 34604K, committed 34944K, reserved 1081344K
  class space    used 3766K, capacity 3894K, committed 3968K, reserved 1048576K
Event: 61.578 GC heap after
Heap after GC invocations=7 (full 1):
 PSYoungGen      total 187392K, used 5975K [0x0000000718100000, 0x0000000724680000, 0x00000007c0000000)
  eden space 181248K, 0% used [0x0000000718100000,0x0000000718100000,0x0000000723200000)
  from space 6144K, 97% used [0x0000000724080000,0x0000000724655e60,0x0000000724680000)
  to   space 8192K, 0% used [0x0000000723680000,0x0000000723680000,0x0000000723e80000)
 ParOldGen       total 222720K, used 7251K [0x00000005c8200000, 0x00000005d5b80000, 0x0000000718100000)
  object space 222720K, 3% used [0x00000005c8200000,0x00000005c8914d10,0x00000005d5b80000)
 Metaspace       used 34251K, capacity 34604K, committed 34944K, reserved 1081344K
  class space    used 3766K, capacity 3894K, committed 3968K, reserved 1048576K
}
Event: 64.718 GC heap before
{Heap before GC invocations=8 (full 1):
 PSYoungGen      total 187392K, used 23978K [0x0000000718100000, 0x0000000724680000, 0x00000007c0000000)
  eden space 181248K, 9% used [0x0000000718100000,0x0000000719294c30,0x0000000723200000)
  from space 6144K, 97% used [0x0000000724080000,0x0000000724655e60,0x0000000724680000)
  to   space 8192K, 0% used [0x0000000723680000,0x0000000723680000,0x0000000723e80000)
 ParOldGen       total 222720K, used 7251K [0x00000005c8200000, 0x00000005d5b80000, 0x0000000718100000)
  object space 222720K, 3% used [0x00000005c8200000,0x00000005c8914d10,0x00000005d5b80000)
 Metaspace       used 34941K, capacity 35244K, committed 35416K, reserved 1081344K
  class space    used 3847K, capacity 3958K, committed 3968K, reserved 1048576K
Event: 64.853 GC heap after
Heap after GC invocations=8 (full 1):
 PSYoungGen      total 194048K, used 4704K [0x0000000718100000, 0x000000072b280000, 0x00000007c0000000)
  eden space 185856K, 0% used [0x0000000718100000,0x0000000718100000,0x0000000723680000)
  from space 8192K, 57% used [0x0000000723680000,0x0000000723b18040,0x0000000723e80000)
  to   space 8192K, 0% used [0x000000072aa80000,0x000000072aa80000,0x000000072b280000)
 ParOldGen       total 222720K, used 7267K [0x00000005c8200000, 0x00000005d5b80000, 0x0000000718100000)
  object space 222720K, 3% used [0x00000005c8200000,0x00000005c8918d10,0x00000005d5b80000)
 Metaspace       used 34941K, capacity 35244K, committed 35416K, reserved 1081344K
  class space    used 3847K, capacity 3958K, committed 3968K, reserved 1048576K
}
Event: 64.853 GC heap before
{Heap before GC invocations=9 (full 2):
 PSYoungGen      total 194048K, used 4704K [0x0000000718100000, 0x000000072b280000, 0x00000007c0000000)
  eden space 185856K, 0% used [0x0000000718100000,0x0000000718100000,0x0000000723680000)
  from space 8192K, 57% used [0x0000000723680000,0x0000000723b18040,0x0000000723e80000)
  to   space 8192K, 0% used [0x000000072aa80000,0x000000072aa80000,0x000000072b280000)
 ParOldGen       total 222720K, used 7267K [0x00000005c8200000, 0x00000005d5b80000, 0x0000000718100000)
  object space 222720K, 3% used [0x00000005c8200000,0x00000005c8918d10,0x00000005d5b80000)
 Metaspace       used 34941K, capacity 35244K, committed 35416K, reserved 1081344K
  class space    used 3847K, capacity 3958K, committed 3968K, reserved 1048576K

Deoptimization events (10 events):
Event: 63.213 Thread 0x00007f1778015000 Uncommon trap: reason=unstable_if action=reinterpret pc=0x00007f1769275460 method=java.util.regex.Matcher.search(I)Z @ 91
Event: 64.416 Thread 0x00007f1778015000 Uncommon trap: reason=class_check action=maybe_recompile pc=0x00007f17694f317c method=java.util.regex.Matcher.match(II)Z @ 86
Event: 64.416 Thread 0x00007f1778015000 Uncommon trap: reason=unstable_if action=reinterpret pc=0x00007f1769928658 method=java.util.regex.Pattern$Slice.match(Ljava/util/regex/Matcher;ILjava/lang/CharSequence;)Z @ 18
Event: 64.416 Thread 0x00007f1778015000 Uncommon trap: reason=class_check action=maybe_recompile pc=0x00007f1769af15d8 method=java.util.regex.Pattern$Branch.match(Ljava/util/regex/Matcher;ILjava/lang/CharSequence;)Z @ 50
Event: 64.417 Thread 0x00007f1778015000 Uncommon trap: reason=class_check action=maybe_recompile pc=0x00007f17694f317c method=java.util.regex.Matcher.match(II)Z @ 86
Event: 64.417 Thread 0x00007f1778015000 Uncommon trap: reason=class_check action=maybe_recompile pc=0x00007f1769af15d8 method=java.util.regex.Pattern$Branch.match(Ljava/util/regex/Matcher;ILjava/lang/CharSequence;)Z @ 50
Event: 64.417 Thread 0x00007f1778015000 Uncommon trap: reason=class_check action=maybe_recompile pc=0x00007f1769af15d8 method=java.util.regex.Pattern$Branch.match(Ljava/util/regex/Matcher;ILjava/lang/CharSequence;)Z @ 50
Event: 64.417 Thread 0x00007f1778015000 Uncommon trap: reason=class_check action=maybe_recompile pc=0x00007f1769af15d8 method=java.util.regex.Pattern$Branch.match(Ljava/util/regex/Matcher;ILjava/lang/CharSequence;)Z @ 50
Event: 64.417 Thread 0x00007f1778015000 Uncommon trap: reason=unstable_if action=reinterpret pc=0x00007f1769844554 method=java.util.regex.Pattern$BmpCharProperty.match(Ljava/util/regex/Matcher;ILjava/lang/CharSequence;)Z @ 5
Event: 64.418 Thread 0x00007f1778015000 Uncommon trap: reason=class_check action=maybe_recompile pc=0x00007f17694f317c method=java.util.regex.Matcher.match(II)Z @ 86

Internal exceptions (10 events):
Event: 25.540 Thread 0x00007f1778015000 Implicit null exception at 0x00007f17692bc570 to 0x00007f17692bcd61
Event: 25.540 Thread 0x00007f1778015000 Exception <a 'java/lang/NullPointerException'> (0x000000071ec49e50) thrown at [/tmp/buildd/openjdk-8-8u121-b13/src/hotspot/src/share/vm/runtime/sharedRuntime.cpp, line 605]
Event: 25.578 Thread 0x00007f1778015000 Exception <a 'java/lang/IncompatibleClassChangeError': Found class java.lang.Object, but interface was expected> (0x000000071ec4da08) thrown at [/tmp/buildd/openjdk-8-8u121-b13/src/hotspot/src/share/vm/interpreter/linkResolver.cpp, line 641]
Event: 25.579 Thread 0x00007f1778015000 Implicit null exception at 0x00007f17692bc570 to 0x00007f17692bcd61
Event: 25.579 Thread 0x00007f1778015000 Exception <a 'java/lang/NullPointerException'> (0x000000071ec50280) thrown at [/tmp/buildd/openjdk-8-8u121-b13/src/hotspot/src/share/vm/runtime/sharedRuntime.cpp, line 605]
Event: 25.579 Thread 0x00007f1778015000 Implicit null exception at 0x00007f17692bc570 to 0x00007f17692bcd61
Event: 25.579 Thread 0x00007f1778015000 Exception <a 'java/lang/NullPointerException'> (0x000000071ec53128) thrown at [/tmp/buildd/openjdk-8-8u121-b13/src/hotspot/src/share/vm/runtime/sharedRuntime.cpp, line 605]
Event: 32.600 Thread 0x00007f1778fe4000 Implicit null exception at 0x00007f176968564c to 0x00007f1769685e79
Event: 33.516 Thread 0x00007f1778015000 Implicit null exception at 0x00007f176972cbbd to 0x00007f176972cced
Event: 37.544 Thread 0x00007f1778015000 Exception <a 'java/lang/ArrayIndexOutOfBoundsException': 18> (0x0000000719126e68) thrown at [/tmp/buildd/openjdk-8-8u121-b13/src/hotspot/src/share/vm/interpreter/interpreterRuntime.cpp, line 366]

Events (10 events):
Event: 64.692 Thread 0x00007f1778b39000 flushing nmethod 0x00007f17692bde10
Event: 64.694 loading class org/jboss/netty/util/internal/ConcurrentHashMap$Segment
Event: 64.694 loading class org/jboss/netty/util/internal/ConcurrentHashMap$Segment done
Event: 64.712 loading class org/jboss/netty/util/internal/ConcurrentHashMap$HashEntry
Event: 64.712 loading class org/jboss/netty/util/internal/ConcurrentHashMap$HashEntry done
Event: 64.714 loading class org/jboss/netty/channel/group/DefaultChannelGroup$1
Event: 64.714 loading class org/jboss/netty/channel/group/DefaultChannelGroup$1 done
Event: 64.715 loading class com/ning/http/client/providers/netty/NettyAsyncHttpProvider$HttpProtocol
Event: 64.715 loading class com/ning/http/client/providers/netty/NettyAsyncHttpProvider$HttpProtocol done
Event: 64.718 Executing VM operation: CollectForMetadataAllocation


Dynamic libraries:
00400000-00401000 r-xp 00000000 00:24 90                                 /usr/lib/jvm/java-8-openjdk-amd64/jre/bin/java
00600000-00601000 r--p 00000000 00:24 90                                 /usr/lib/jvm/java-8-openjdk-amd64/jre/bin/java
00601000-00602000 rw-p 00001000 00:24 90                                 /usr/lib/jvm/java-8-openjdk-amd64/jre/bin/java
011f1000-01212000 rw-p 00000000 00:00 0                                  [heap]
5c8200000-5d5b80000 rw-p 00000000 00:00 0 
5e1f00000-718100000 ---p 00000000 00:00 0 
718100000-72b280000 rw-p 00000000 00:00 0 
72b280000-7c0000000 ---p 00000000 00:00 0 
7c0000000-7c03e0000 rw-p 00000000 00:00 0 
7c03e0000-800000000 ---p 00000000 00:00 0 
7f16e8000000-7f16e8021000 rw-p 00000000 00:00 0 
7f16e8021000-7f16ec000000 ---p 00000000 00:00 0 
7f16ef800000-7f16ef8b6000 rw-p 00000000 00:00 0 
7f16ef8b6000-7f16efa00000 ---p 00000000 00:00 0 
7f16efa00000-7f16efc00000 rw-p 00000000 00:00 0 
7f16efc00000-7f16efe00000 rw-p 00000000 00:00 0 
7f16efe00000-7f16f0000000 rw-p 00000000 00:00 0 
7f16f0000000-7f16f0021000 rw-p 00000000 00:00 0 
7f16f0021000-7f16f4000000 ---p 00000000 00:00 0 
7f16f4000000-7f16f4021000 rw-p 00000000 00:00 0 
7f16f4021000-7f16f8000000 ---p 00000000 00:00 0 
7f16f8000000-7f16f80e3000 rw-p 00000000 00:00 0 
7f16f80e3000-7f16fc000000 ---p 00000000 00:00 0 
7f16fc000000-7f16fc021000 rw-p 00000000 00:00 0 
7f16fc021000-7f1700000000 ---p 00000000 00:00 0 
7f1700000000-7f1700021000 rw-p 00000000 00:00 0 
7f1700021000-7f1704000000 ---p 00000000 00:00 0 
7f1704000000-7f1704021000 rw-p 00000000 00:00 0 
7f1704021000-7f1708000000 ---p 00000000 00:00 0 
7f1708000000-7f1708021000 rw-p 00000000 00:00 0 
7f1708021000-7f170c000000 ---p 00000000 00:00 0 
7f170c000000-7f170c021000 rw-p 00000000 00:00 0 
7f170c021000-7f1710000000 ---p 00000000 00:00 0 
7f1710000000-7f17115bb000 rw-p 00000000 00:00 0 
7f17115bb000-7f1714000000 ---p 00000000 00:00 0 
7f1714000000-7f1714903000 rw-p 00000000 00:00 0 
7f1714903000-7f1718000000 ---p 00000000 00:00 0 
7f1718000000-7f17196e0000 rw-p 00000000 00:00 0 
7f17196e0000-7f171c000000 ---p 00000000 00:00 0 
7f171c000000-7f171d420000 rw-p 00000000 00:00 0 
7f171d420000-7f1720000000 ---p 00000000 00:00 0 
7f1720000000-7f1720021000 rw-p 00000000 00:00 0 
7f1720021000-7f1724000000 ---p 00000000 00:00 0 
7f1724000000-7f1724021000 rw-p 00000000 00:00 0 
7f1724021000-7f1728000000 ---p 00000000 00:00 0 
7f1728000000-7f172803a000 rw-p 00000000 00:00 0 
7f172803a000-7f172c000000 ---p 00000000 00:00 0 
7f172c000000-7f172c021000 rw-p 00000000 00:00 0 
7f172c021000-7f1730000000 ---p 00000000 00:00 0 
7f1730000000-7f1730021000 rw-p 00000000 00:00 0 
7f1730021000-7f1734000000 ---p 00000000 00:00 0 
7f17340f0000-7f17342f0000 rw-p 00000000 00:00 0 
7f17342f0000-7f17344f0000 rw-p 00000000 00:00 0 
7f17344f0000-7f17346f0000 rw-p 00000000 00:00 0 
7f17346f0000-7f17346f3000 ---p 00000000 00:00 0 
7f17346f3000-7f17347f1000 rw-p 00000000 00:00 0                          [stack:12240]
7f17347f1000-7f17347f4000 ---p 00000000 00:00 0 
7f17347f4000-7f17348f2000 rw-p 00000000 00:00 0                          [stack:12235]
7f17348f2000-7f17348f5000 ---p 00000000 00:00 0 
7f17348f5000-7f17349f3000 rw-p 00000000 00:00 0                          [stack:12229]
7f17349f3000-7f17349f6000 ---p 00000000 00:00 0 
7f17349f6000-7f1734af4000 rw-p 00000000 00:00 0                          [stack:12197]
7f1734af4000-7f1734af7000 ---p 00000000 00:00 0 
7f1734af7000-7f1734df5000 rw-p 00000000 00:00 0                          [stack:12193]
7f1734df5000-7f1734dfe000 r-xp 00000000 00:24 161                        /usr/lib/jvm/java-8-openjdk-amd64/jre/lib/amd64/libmanagement.so
7f1734dfe000-7f1734ffd000 ---p 00009000 00:24 161                        /usr/lib/jvm/java-8-openjdk-amd64/jre/lib/amd64/libmanagement.so
7f1734ffd000-7f1734ffe000 r--p 00008000 00:24 161                        /usr/lib/jvm/java-8-openjdk-amd64/jre/lib/amd64/libmanagement.so
7f1734ffe000-7f1734fff000 rw-p 00009000 00:24 161                        /usr/lib/jvm/java-8-openjdk-amd64/jre/lib/amd64/libmanagement.so
7f1734fff000-7f1738000000 rw-p 00000000 00:00 0 
7f1738000000-7f1738021000 rw-p 00000000 00:00 0 
7f1738021000-7f173c000000 ---p 00000000 00:00 0 
7f173c010000-7f173c210000 rw-p 00000000 00:00 0 
7f173c210000-7f173c410000 rw-p 00000000 00:00 0 
7f173c410000-7f174c000000 rw-p 00000000 00:00 0 
7f174c000000-7f174c021000 rw-p 00000000 00:00 0 
7f174c021000-7f1750000000 ---p 00000000 00:00 0 
7f1750000000-7f1750021000 rw-p 00000000 00:00 0 
7f1750021000-7f1754000000 ---p 00000000 00:00 0 
7f1754000000-7f1754021000 rw-p 00000000 00:00 0 
7f1754021000-7f1758000000 ---p 00000000 00:00 0 
7f1758093000-7f1758293000 rw-p 00000000 00:00 0 
7f17582df000-7f17582e0000 rw-p 00000000 00:00 0 
7f17582e0000-7f17582f3000 r--s 00346000 00:24 118                        /usr/lib/jvm/java-8-openjdk-amd64/jre/lib/resources.jar
7f17582f3000-7f17584f3000 rw-p 00000000 00:00 0 
7f17584f3000-7f17584f6000 ---p 00000000 00:00 0 
7f17584f6000-7f17585f4000 rw-p 00000000 00:00 0                          [stack:12037]
7f17585f4000-7f17585f7000 ---p 00000000 00:00 0 
7f17585f7000-7f17586f5000 rw-p 00000000 00:00 0                          [stack:12027]
7f17586f5000-7f17586f6000 ---p 00000000 00:00 0 
7f17586f6000-7f17587f6000 rw-p 00000000 00:00 0                          [stack:11993]
7f17587f6000-7f17587f9000 ---p 00000000 00:00 0 
7f17587f9000-7f17588f7000 rw-p 00000000 00:00 0                          [stack:11992]
7f17588f7000-7f17588fa000 ---p 00000000 00:00 0 
7f17588fa000-7f17589f8000 rw-p 00000000 00:00 0                          [stack:11991]
7f17589f8000-7f17589fb000 ---p 00000000 00:00 0 
7f17589fb000-7f1758af9000 rw-p 00000000 00:00 0                          [stack:11990]
7f1758af9000-7f1758afc000 ---p 00000000 00:00 0 
7f1758afc000-7f1758bfa000 rw-p 00000000 00:00 0                          [stack:11989]
7f1758bfa000-7f1758bfd000 ---p 00000000 00:00 0 
7f1758bfd000-7f1758cfb000 rw-p 00000000 00:00 0                          [stack:11988]
7f1758cfb000-7f1758d0c000 r-xp 00000000 00:24 162                        /usr/lib/jvm/java-8-openjdk-amd64/jre/lib/amd64/libnio.so
7f1758d0c000-7f1758f0c000 ---p 00011000 00:24 162                        /usr/lib/jvm/java-8-openjdk-amd64/jre/lib/amd64/libnio.so
7f1758f0c000-7f1758f0d000 r--p 00011000 00:24 162                        /usr/lib/jvm/java-8-openjdk-amd64/jre/lib/amd64/libnio.so
7f1758f0d000-7f1758f0e000 rw-p 00012000 00:24 162                        /usr/lib/jvm/java-8-openjdk-amd64/jre/lib/amd64/libnio.so
7f1758f0e000-7f1758f25000 r-xp 00000000 00:24 153                        /usr/lib/jvm/java-8-openjdk-amd64/jre/lib/amd64/libnet.so
7f1758f25000-7f1759124000 ---p 00017000 00:24 153                        /usr/lib/jvm/java-8-openjdk-amd64/jre/lib/amd64/libnet.so
7f1759124000-7f1759125000 r--p 00016000 00:24 153                        /usr/lib/jvm/java-8-openjdk-amd64/jre/lib/amd64/libnet.so
7f1759125000-7f1759126000 rw-p 00017000 00:24 153                        /usr/lib/jvm/java-8-openjdk-amd64/jre/lib/amd64/libnet.so
7f1759126000-7f1759129000 r--s 00015000 00:24 121                        /usr/lib/jvm/java-8-openjdk-amd64/jre/lib/jce.jar
7f1759129000-7f175912d000 r--s 0009a000 00:24 120                        /usr/lib/jvm/java-8-openjdk-amd64/jre/lib/jsse.jar
7f175912d000-7f1759133000 r--s 00041000 00:24 5004                       /root/workspace/HubSpot/Singularity/252568740/.m2/org/jacoco/org.jacoco.agent/0.7.5.201505241946/org.jacoco.agent-0.7.5.201505241946-runtime.jar
7f1759133000-7f1759136000 r--s 00010000 00:24 50372                      /root/workspace/HubSpot/Singularity/252568740/.m2/org/apache/maven/surefire/surefire-junit4/2.19/surefire-junit4-2.19.jar
7f1759136000-7f1759147000 r--s 00089000 00:24 47743                      /root/workspace/HubSpot/Singularity/252568740/.m2/joda-time/joda-time/2.9.4/joda-time-2.9.4.jar
7f1759147000-7f1759149000 r--s 0000d000 00:24 47741                      /root/workspace/HubSpot/Singularity/252568740/.m2/org/dmfs/rfc5545-datetime/0.2.2/rfc5545-datetime-0.2.2.jar
7f1759149000-7f175914d000 r--s 00026000 00:24 47739                      /root/workspace/HubSpot/Singularity/252568740/.m2/org/dmfs/lib-recur/0.9.4/lib-recur-0.9.4.jar
7f175914d000-7f1759152000 r--s 00041000 00:24 3405                       /root/workspace/HubSpot/Singularity/252568740/.m2/commons-lang/commons-lang/2.6/commons-lang-2.6.jar
7f1759152000-7f175915f000 r--s 0008e000 00:24 47737                      /root/workspace/HubSpot/Singularity/252568740/.m2/org/apache/mina/mina-core/2.0.9/mina-core-2.0.9.jar
7f175915f000-7f1759162000 r--s 00019000 00:24 47736                      /root/workspace/HubSpot/Singularity/252568740/.m2/commons-pool/commons-pool/1.6/commons-pool-1.6.jar
7f1759162000-7f1759167000 r--s 00016000 00:24 5001                       /root/workspace/HubSpot/Singularity/252568740/.m2/xml-apis/xml-apis/1.0.b2/xml-apis-1.0.b2.jar
7f1759167000-7f175916c000 r--s 0004b000 00:24 47733                      /root/workspace/HubSpot/Singularity/252568740/.m2/org/apache/servicemix/bundles/org.apache.servicemix.bundles.dom4j/1.6.1_5/org.apache.servicemix.bundles.dom4j-1.6.1_5.jar
7f175916c000-7f175916f000 r--s 0001d000 00:24 47732                      /root/workspace/HubSpot/Singularity/252568740/.m2/org/apache/servicemix/bundles/org.apache.servicemix.bundles.xpp3/1.1.4c_6/org.apache.servicemix.bundles.xpp3-1.1.4c_6.jar
7f175916f000-7f17591c5000 r--s 0026f000 00:24 47729                      /root/workspace/HubSpot/Singularity/252568740/.m2/org/apache/directory/api/api-all/1.0.0-M28/api-all-1.0.0-M28.jar
7f17591c5000-7f17591cb000 r--s 0003c000 00:24 47727                      /root/workspace/HubSpot/Singularity/252568740/.m2/org/yaml/snakeyaml/1.15/snakeyaml-1.15.jar
7f17591cb000-7f17591e7000 r--s 001d2000 00:24 47644                      /root/workspace/HubSpot/Singularity/252568740/.m2/org/liquibase/liquibase-core/3.5.1/liquibase-core-3.5.1.jar
7f17591e7000-7f17591f6000 r--s 001a7000 00:24 47724                      /root/workspace/HubSpot/Singularity/252568740/.m2/com/h2database/h2/1.4.193/h2-1.4.193.jar
7f17591f6000-7f1759209000 r--s 000df000 00:24 47722                      /root/workspace/HubSpot/Singularity/252568740/.m2/org/apache/commons/commons-math/2.2/commons-math-2.2.jar
7f1759209000-7f1759213000 r--s 000ae000 00:24 46394                      /root/workspace/HubSpot/Singularity/252568740/.m2/org/javassist/javassist/3.20.0-GA/javassist-3.20.0-GA.jar
7f1759213000-7f1759215000 r--s 00008000 00:24 47721                      /root/workspace/HubSpot/Singularity/252568740/.m2/org/apache/curator/curator-test/2.8.0/curator-test-2.8.0.jar
7f1759215000-7f175922a000 r--s 000e8000 00:24 47719                      /root/workspace/HubSpot/Singularity/252568740/.m2/org/assertj/assertj-core/3.4.1/assertj-core-3.4.1.jar
7f175922a000-7f175922c000 r--s 00009000 00:24 4178                       /root/workspace/HubSpot/Singularity/252568740/.m2/org/hamcrest/hamcrest-core/1.3/hamcrest-core-1.3.jar
7f175922c000-7f1759234000 r--s 00045000 00:24 5664                       /root/workspace/HubSpot/Singularity/252568740/.m2/junit/junit/4.12/junit-4.12.jar
7f1759234000-7f1759235000 r--s 00000000 00:24 47718                      /root/workspace/HubSpot/Singularity/252568740/.m2/com/squarespace/jersey2-guice/0-jersey2-guice-spi/1.0.6/0-jersey2-guice-spi-1.0.6.jar
7f1759235000-7f1759238000 r--s 0000e000 00:24 47715                      /root/workspace/HubSpot/Singularity/252568740/.m2/org/glassfish/jersey/containers/jersey-container-servlet-core/2.23.2/jersey-container-servlet-core-2.23.2.jar
7f1759238000-7f175923a000 r--s 00006000 00:24 47712                      /root/workspace/HubSpot/Singularity/252568740/.m2/com/squarespace/jersey2-guice/jersey2-guice-impl/1.0.6/jersey2-guice-impl-1.0.6.jar
7f175923a000-7f175923d000 r--s 0000b000 00:24 47711                      /root/workspace/HubSpot/Singularity/252568740/.m2/org/objenesis/objenesis/2.5.1/objenesis-2.5.1.jar
7f175923d000-7f175923f000 r--s 00006000 00:24 47708                      /root/workspace/HubSpot/Singularity/252568740/.m2/net/bytebuddy/byte-buddy-agent/1.6.9/byte-buddy-agent-1.6.9.jar
7f175923f000-7f1759279000 r--s 0026b000 00:24 47705                      /root/workspace/HubSpot/Singularity/252568740/.m2/net/bytebuddy/byte-buddy/1.6.9/byte-buddy-1.6.9.jar
7f1759279000-7f1759289000 r--s 00073000 00:24 47703                      /root/workspace/HubSpot/Singularity/252568740/.m2/org/mockito/mockito-core/2.7.16/mockito-core-2.7.16.jar
7f1759289000-7f175928b000 r--s 00001000 00:24 3639                       /root/workspace/HubSpot/Singularity/252568740/.m2/com/wordnik/swagger-annotations/1.3.12/swagger-annotations-1.3.12.jar
7f175928b000-7f175928e000 r--s 00007000 00:24 3641                       /root/workspace/HubSpot/Singularity/252568740/.m2/com/google/code/findbugs/annotations/3.0.1/annotations-3.0.1.jar
7f175928e000-7f175928f000 r--s 0000b000 00:24 3620                       /root/workspace/HubSpot/Singularity/252568740/.m2/com/fasterxml/jackson/dataformat/jackson-dataformat-cbor/2.7.9/jackson-dataformat-cbor-2.7.9.jar
7f175928f000-7f1759298000 r--s 00081000 00:24 3617                       /root/workspace/HubSpot/Singularity/252568740/.m2/software/amazon/ion/ion-java/1.0.1/ion-java-1.0.1.jar
7f1759298000-7f175929f000 r--s 00049000 00:24 3613                       /root/workspace/HubSpot/Singularity/252568740/.m2/org/apache/httpcomponents/httpcore/4.4.4/httpcore-4.4.4.jar
7f175929f000-7f17592ac000 r--s 000a7000 00:24 3609                       /root/workspace/HubSpot/Singularity/252568740/.m2/org/apache/httpcomponents/httpclient/4.5.2/httpclient-4.5.2.jar
7f17592ac000-7f17592bf000 r--s 000aa000 00:24 3607                       /root/workspace/HubSpot/Singularity/252568740/.m2/com/amazonaws/aws-java-sdk-core/1.11.69/aws-java-sdk-core-1.11.69.jar
7f17592bf000-7f17592c1000 r--s 00005000 00:24 47702                      /root/workspace/HubSpot/Singularity/252568740/.m2/com/amazonaws/jmespath-java/1.11.69/jmespath-java-1.11.69.jar
7f17592c1000-7f17592c9000 r--s 00064000 00:24 47701                      /root/workspace/HubSpot/Singularity/252568740/.m2/com/amazonaws/aws-java-sdk-kms/1.11.69/aws-java-sdk-kms-1.11.69.jar
7f17592c9000-7f17592da000 r--s 000a9000 00:24 47699                      /root/workspace/HubSpot/Singularity/252568740/.m2/com/amazonaws/aws-java-sdk-s3/1.11.69/aws-java-sdk-s3-1.11.69.jar
7f17592da000-7f17592db000 r--s 0000b000 00:24 47696                      /root/workspace/HubSpot/Singularity/252568740/.m2/org/iq80/snappy/snappy/0.3/snappy-0.3.jar
7f17592db000-7f17592de000 r--s 00011000 00:24 47694                      /root/workspace/HubSpot/Singularity/252568740/.m2/net/kencochrane/raven/raven/6.0.0/raven-6.0.0.jar
7f17592de000-7f17592e9000 r--s 0008a000 00:24 47691                      /root/workspace/HubSpot/Singularity/252568740/.m2/c3p0/c3p0/0.9.1.1/c3p0-0.9.1.1.jar
7f17592e9000-7f17592f3000 r--s 00098000 00:24 47689                      /root/workspace/HubSpot/Singularity/252568740/.m2/org/quartz-scheduler/quartz/2.2.1/quartz-2.2.1.jar
7f17592f3000-7f17592fa000 r--s 0003c000 00:24 47688                      /root/workspace/HubSpot/Singularity/252568740/.m2/org/apache/curator/curator-recipes/2.8.0/curator-recipes-2.8.0.jar
7f17592fa000-7f1759304000 r--s 000e8000 00:24 47685                      /root/workspace/HubSpot/Singularity/252568740/.m2/mysql/mysql-connector-java/5.1.39/mysql-connector-java-5.1.39.jar
7f1759304000-7f1759309000 r--s 00068000 00:24 4346                       /root/workspace/HubSpot/Singularity/252568740/.m2/antlr/antlr/2.7.7/antlr-2.7.7.jar
7f1759309000-7f175930c000 r--s 00022000 00:24 47683                      /root/workspace/HubSpot/Singularity/252568740/.m2/org/antlr/stringtemplate/3.2.1/stringtemplate-3.2.1.jar
7f175930c000-7f1759323000 r--s 000e2000 00:24 47682                      /root/workspace/HubSpot/Singularity/252568740/.m2/org/jdbi/jdbi/2.73/jdbi-2.73.jar
7f1759323000-7f1759325000 r--s 0000e000 00:24 47680                      /root/workspace/HubSpot/Singularity/252568740/.m2/com/fasterxml/classmate/1.1.0/classmate-1.1.0.jar
7f1759325000-7f1759327000 r--s 0000f000 00:24 47676                      /root/workspace/HubSpot/Singularity/252568740/.m2/org/jboss/logging/jboss-logging/3.2.1.Final/jboss-logging-3.2.1.Final.jar
7f1759327000-7f1759337000 r--s 0009c000 00:24 47656                      /root/workspace/HubSpot/Singularity/252568740/.m2/org/hibernate/hibernate-validator/5.2.4.Final/hibernate-validator-5.2.4.Final.jar
7f1759337000-7f175933a000 r--s 00011000 00:24 3634                       /root/workspace/HubSpot/Singularity/252568740/.m2/com/fasterxml/jackson/datatype/jackson-datatype-guava/2.7.9/jackson-datatype-guava-2.7.9.jar
7f175933a000-7f1759343000 r--s 00046000 00:24 47678                      /root/workspace/HubSpot/Singularity/252568740/.m2/com/fasterxml/jackson/dataformat/jackson-dataformat-yaml/2.7.9/jackson-dataformat-yaml-2.7.9.jar
7f1759343000-7f1759354000 r--s 00116000 00:24 3625                       /root/workspace/HubSpot/Singularity/252568740/.m2/com/fasterxml/jackson/core/jackson-databind/2.7.9/jackson-databind-2.7.9.jar
7f1759354000-7f1759357000 r--s 0003b000 00:24 3627                       /root/workspace/HubSpot/Singularity/252568740/.m2/com/fasterxml/jackson/core/jackson-core/2.7.9/jackson-core-2.7.9.jar
7f1759357000-7f175935a000 r--s 0000a000 00:24 3623                       /root/workspace/HubSpot/Singularity/252568740/.m2/com/fasterxml/jackson/core/jackson-annotations/2.7.9/jackson-annotations-2.7.9.jar
7f175935a000-7f175935c000 r--s 00003000 00:24 47675                      /root/workspace/HubSpot/Singularity/252568740/.m2/com/google/code/findbugs/jsr305/3.0.1/jsr305-3.0.1.jar
7f175935c000-7f175935e000 r--s 00003000 00:24 47669                      /root/workspace/HubSpot/Singularity/252568740/.m2/com/palominolabs/metrics/metrics-guice/3.1.3/metrics-guice-3.1.3.jar
7f175935e000-7f1759360000 r--s 00004000 00:24 47667                      /root/workspace/HubSpot/Singularity/252568740/.m2/io/dropwizard/metrics/metrics-graphite/3.1.4/metrics-graphite-3.1.4.jar
7f1759360000-7f1759361000 r--s 00002000 00:24 47666                      /root/workspace/HubSpot/Singularity/252568740/.m2/io/dropwizard/metrics/metrics-healthchecks/3.1.4/metrics-healthchecks-3.1.4.jar
7f1759361000-7f1759365000 r--s 0001a000 00:24 47512                      /root/workspace/HubSpot/Singularity/252568740/.m2/io/dropwizard/metrics/metrics-core/3.1.4/metrics-core-3.1.4.jar
7f1759365000-7f1759366000 r--s 00001000 00:24 47664                      /root/workspace/HubSpot/Singularity/252568740/.m2/io/dropwizard/metrics/metrics-annotation/3.1.4/metrics-annotation-3.1.4.jar
7f1759366000-7f1759369000 r--s 00016000 00:24 47663                      /root/workspace/HubSpot/Singularity/252568740/.m2/com/github/spullara/mustache/java/compiler/0.9.4/compiler-0.9.4.jar
7f1759369000-7f175936a000 r--s 00001000 00:24 47657                      /root/workspace/HubSpot/Singularity/252568740/.m2/io/dropwizard/dropwizard-views-mustache/1.0.6/dropwizard-views-mustache-1.0.6.jar
7f175936a000-7f175936c000 r--s 00001000 00:24 47625                      /root/workspace/HubSpot/Singularity/252568740/.m2/io/dropwizard/dropwizard-views/1.0.6/dropwizard-views-1.0.6.jar
7f175936c000-7f175936d000 r--s 00002000 00:24 47655                      /root/workspace/HubSpot/Singularity/252568740/.m2/io/dropwizard/dropwizard-lifecycle/1.0.6/dropwizard-lifecycle-1.0.6.jar
7f175936d000-7f1759370000 r--s 00015000 00:24 47654                      /root/workspace/HubSpot/Singularity/252568740/.m2/org/eclipse/jetty/jetty-security/9.3.9.v20160517/jetty-security-9.3.9.v20160517.jar
7f1759370000-7f1759372000 r--s 0001b000 00:24 47653                      /root/workspace/HubSpot/Singularity/252568740/.m2/org/eclipse/jetty/jetty-servlet/9.3.9.v20160517/jetty-servlet-9.3.9.v20160517.jar
7f1759372000-7f1759373000 r--s 00004000 00:24 47648                      /root/workspace/HubSpot/Singularity/252568740/.m2/io/dropwizard/metrics/metrics-jetty9/3.1.2/metrics-jetty9-3.1.2.jar
7f1759373000-7f1759375000 r--s 00007000 00:24 47647                      /root/workspace/HubSpot/Singularity/252568740/.m2/io/dropwizard/dropwizard-jetty/1.0.6/dropwizard-jetty-1.0.6.jar
7f1759375000-7f1759377000 r--s 0000b000 00:24 47645                      /root/workspace/HubSpot/Singularity/252568740/.m2/org/eclipse/jetty/jetty-xml/9.3.9.v20160517/jetty-xml-9.3.9.v20160517.jar
7f1759377000-7f1759379000 r--s 0001a000 00:24 47642                      /root/workspace/HubSpot/Singularity/252568740/.m2/org/eclipse/jetty/jetty-webapp/9.3.9.v20160517/jetty-webapp-9.3.9.v20160517.jar
7f1759379000-7f175937b000 r--s 00003000 00:24 47641                      /root/workspace/HubSpot/Singularity/252568740/.m2/org/glassfish/jersey/containers/jersey-container-servlet/2.23.2/jersey-container-servlet-2.23.2.jar
7f175937b000-7f175937d000 r--s 00002000 00:24 47640                      /root/workspace/HubSpot/Singularity/252568740/.m2/io/dropwizard/metrics/metrics-jersey2/3.1.2/metrics-jersey2-3.1.2.jar
7f175937d000-7f175937f000 r--s 00008000 00:24 47639                      /root/workspace/HubSpot/Singularity/252568740/.m2/org/glassfish/jersey/ext/jersey-bean-validation/2.23.2/jersey-bean-validation-2.23.2.jar
7f175937f000-7f1759380000 r--s 00001000 00:24 47633                      /root/workspace/HubSpot/Singularity/252568740/.m2/org/glassfish/jersey/ext/jersey-metainf-services/2.23.2/jersey-metainf-services-2.23.2.jar
7f1759380000-7f1759383000 r--s 00013000 00:24 47632                      /root/workspace/HubSpot/Singularity/252568740/.m2/io/dropwizard/dropwizard-jersey/1.0.6/dropwizard-jersey-1.0.6.jar
7f1759383000-7f1759386000 r--s 0000e000 00:24 47631                      /root/workspace/HubSpot/Singularity/252568740/.m2/com/fasterxml/jackson/datatype/jackson-datatype-joda/2.7.9/jackson-datatype-joda-2.7.9.jar
7f1759386000-7f1759389000 r--s 00021000 00:24 47630                      /root/workspace/HubSpot/Singularity/252568740/.m2/com/fasterxml/jackson/module/jackson-module-afterburner/2.7.9/jackson-module-afterburner-2.7.9.jar
7f1759389000-7f175938b000 r--s 00005000 00:24 47609                      /root/workspace/HubSpot/Singularity/252568740/.m2/com/fasterxml/jackson/datatype/jackson-datatype-jdk8/2.7.9/jackson-datatype-jdk8-2.7.9.jar
7f175938b000-7f175938e000 r--s 00013000 00:24 47626                      /root/workspace/HubSpot/Singularity/252568740/.m2/com/fasterxml/jackson/datatype/jackson-datatype-jsr310/2.7.9/jackson-datatype-jsr310-2.7.9.jar
7f175938e000-7f1759390000 r--s 00004000 00:24 47623                      /root/workspace/HubSpot/Singularity/252568740/.m2/io/dropwizard/dropwizard-jackson/1.0.6/dropwizard-jackson-1.0.6.jar
7f1759390000-7f1759391000 r--s 00009000 00:24 47621                      /root/workspace/HubSpot/Singularity/252568740/.m2/org/apache/tomcat/tomcat-juli/8.5.3/tomcat-juli-8.5.3.jar
7f1759391000-7f1759394000 r--s 0001f000 00:24 47620                      /root/workspace/HubSpot/Singularity/252568740/.m2/org/apache/tomcat/tomcat-jdbc/8.5.3/tomcat-jdbc-8.5.3.jar
7f1759394000-7f1759395000 r--s 00002000 00:24 47618                      /root/workspace/HubSpot/Singularity/252568740/.m2/io/dropwizard/dropwizard-db/1.0.6/dropwizard-db-1.0.6.jar
7f1759395000-7f1759396000 r--s 00005000 00:24 47614                      /root/workspace/HubSpot/Singularity/252568740/.m2/io/dropwizard/dropwizard-configuration/1.0.6/dropwizard-configuration-1.0.6.jar
7f1759396000-7f1759398000 r--s 00002000 00:24 47613                      /root/workspace/HubSpot/Singularity/252568740/.m2/org/eclipse/jetty/toolchain/setuid/jetty-setuid-java/1.0.3/jetty-setuid-java-1.0.3.jar
7f1759398000-7f175939b000 r--s 00014000 00:24 47612                      /root/workspace/HubSpot/Singularity/252568740/.m2/net/sourceforge/argparse4j/argparse4j/0.7.0/argparse4j-0.7.0.jar
7f175939b000-7f175939f000 r--s 00017000 00:24 47610                      /root/workspace/HubSpot/Singularity/252568740/.m2/ch/qos/logback/logback-access/1.1.7/logback-access-1.1.7.jar
7f175939f000-7f17593a0000 r--s 00003000 00:24 47606                      /root/workspace/HubSpot/Singularity/252568740/.m2/io/dropwizard/dropwizard-request-logging/1.0.6/dropwizard-request-logging-1.0.6.jar
7f17593a0000-7f17593a2000 r--s 00008000 00:24 47604                      /root/workspace/HubSpot/Singularity/252568740/.m2/io/dropwizard/metrics/metrics-jvm/3.1.4/metrics-jvm-3.1.4.jar
7f17593a2000-7f17593a4000 r--s 00003000 00:24 47603                      /root/workspace/HubSpot/Singularity/252568740/.m2/io/dropwizard/dropwizard-metrics/1.0.6/dropwizard-metrics-1.0.6.jar
7f17593a4000-7f17593a6000 r--s 00004000 00:24 47602                      /root/workspace/HubSpot/Singularity/252568740/.m2/org/slf4j/log4j-over-slf4j/1.7.21/log4j-over-slf4j-1.7.21.jar
7f17593a6000-7f17593a8000 r--s 00000000 00:24 47600                      /root/workspace/HubSpot/Singularity/252568740/.m2/org/slf4j/jul-to-slf4j/1.7.21/jul-to-slf4j-1.7.21.jar
7f17593a8000-7f17593aa000 r--s 00000000 00:24 47486                      /root/workspace/HubSpot/Singularity/252568740/.m2/io/dropwizard/metrics/metrics-logback/3.1.2/metrics-logback-3.1.2.jar
7f17593aa000-7f17593ac000 r--s 00007000 00:24 47595                      /root/workspace/HubSpot/Singularity/252568740/.m2/io/dropwizard/dropwizard-logging/1.0.6/dropwizard-logging-1.0.6.jar
7f17593ac000-7f17593b0000 r--s 00033000 00:24 47593                      /root/workspace/HubSpot/Singularity/252568740/.m2/org/glassfish/javax.el/3.0.0/javax.el-3.0.0.jar
7f17593b0000-7f17593b2000 r--s 00004000 00:24 47592                      /root/workspace/HubSpot/Singularity/252568740/.m2/io/dropwizard/dropwizard-validation/1.0.6/dropwizard-validation-1.0.6.jar
7f17593b2000-7f17593b3000 r--s 00002000 00:24 47587                      /root/workspace/HubSpot/Singularity/252568740/.m2/io/dropwizard/dropwizard-util/1.0.6/dropwizard-util-1.0.6.jar
7f17593b3000-7f17593b4000 r--s 00009000 00:24 47586                      /root/workspace/HubSpot/Singularity/252568740/.m2/io/dropwizard/dropwizard-core/1.0.6/dropwizard-core-1.0.6.jar
7f17593b4000-7f17593b5000 r--s 00000000 00:24 47584                      /root/workspace/HubSpot/Singularity/252568740/.m2/io/dropwizard/dropwizard-assets/1.0.6/dropwizard-assets-1.0.6.jar
7f17593b5000-7f17593b6000 r--s 00000000 00:24 47583                      /root/workspace/HubSpot/Singularity/252568740/.m2/com/mattbertolini/liquibase-slf4j/2.0.0/liquibase-slf4j-2.0.0.jar
7f17593b6000-7f17593b8000 r--s 00007000 00:24 47579                      /root/workspace/HubSpot/Singularity/252568740/.m2/io/dropwizard/dropwizard-migrations/1.0.6/dropwizard-migrations-1.0.6.jar
7f17593b8000-7f17593ba000 r--s 00003000 00:24 47578                      /root/workspace/HubSpot/Singularity/252568740/.m2/io/dropwizard/metrics/metrics-jdbi/3.1.4/metrics-jdbi-3.1.4.jar
7f17593ba000-7f17593bd000 r--s 00010000 00:24 47576                      /root/workspace/HubSpot/Singularity/252568740/.m2/io/dropwizard/dropwizard-jdbi/1.0.6/dropwizard-jdbi-1.0.6.jar
7f17593bd000-7f17593d6000 r--s 00126000 00:24 47575                      /root/workspace/HubSpot/Singularity/252568740/.m2/io/netty/netty/3.9.2.Final/netty-3.9.2.Final.jar
7f17593d6000-7f17593e1000 r--s 00077000 00:24 47572                      /root/workspace/HubSpot/Singularity/252568740/.m2/com/ning/async-http-client/1.8.12/async-http-client-1.8.12.jar
7f17593e1000-7f17593e2000 r--s 00004000 00:24 47571                      /root/workspace/HubSpot/Singularity/252568740/.m2/asm/asm-analysis/3.3.1/asm-analysis-3.3.1.jar
7f17593e2000-7f17593e4000 r--s 00004000 00:24 47568                      /root/workspace/HubSpot/Singularity/252568740/.m2/asm/asm-tree/3.3.1/asm-tree-3.3.1.jar
7f17593e4000-7f17593e6000 r--s 00008000 00:24 47566                      /root/workspace/HubSpot/Singularity/252568740/.m2/asm/asm-util/3.3.1/asm-util-3.3.1.jar
7f17593e6000-7f17593e7000 r--s 0000a000 00:24 5675                       /root/workspace/HubSpot/Singularity/252568740/.m2/asm/asm/3.3.1/asm-3.3.1.jar
7f17593e7000-7f17593e9000 r--s 00013000 00:24 47565                      /root/workspace/HubSpot/Singularity/252568740/.m2/org/parboiled/parboiled-java/1.0.2/parboiled-java-1.0.2.jar
7f17593e9000-7f17593ee000 r--s 0002f000 00:24 47562                      /root/workspace/HubSpot/Singularity/252568740/.m2/org/parboiled/parboiled-core/1.0.2/parboiled-core-1.0.2.jar
7f17593ee000-7f17593f0000 r--s 0000d000 00:24 47561                      /root/workspace/HubSpot/Singularity/252568740/.m2/org/pegdown/pegdown/1.1.0/pegdown-1.1.0.jar
7f17593f0000-7f17593f3000 r--s 0000b000 00:24 47557                      /root/workspace/HubSpot/Singularity/252568740/.m2/com/googlecode/concurrentlinkedhashmap/concurrentlinkedhashmap-lru/1.3.1/concurrentlinkedhashmap-lru-1.3.1.jar
7f17593f3000-7f17593f7000 r--s 0002a000 00:24 5460                       /root/workspace/HubSpot/Singularity/252568740/.m2/commons-io/commons-io/2.4/commons-io-2.4.jar
7f17593f7000-7f1759405000 r--s 0007f000 00:24 3408                       /root/workspace/HubSpot/Singularity/252568740/.m2/commons-collections/commons-collections/3.2.1/commons-collections-3.2.1.jar
7f1759405000-7f175940b000 r--s 0003c000 00:24 47556                      /root/workspace/HubSpot/Singularity/252568740/.m2/org/apache/commons/commons-jexl/2.1.1/commons-jexl-2.1.1.jar
7f175940b000-7f175940f000 r--s 00018000 00:24 47554                      /root/workspace/HubSpot/Singularity/252568740/.m2/de/neuland-bfi/jade4j/0.4.0/jade4j-0.4.0.jar
7f175940f000-7f1759416000 r--s 00063000 00:24 47553                      /root/workspace/HubSpot/Singularity/252568740/.m2/org/eclipse/jetty/jetty-util/9.3.9.v20160517/jetty-util-9.3.9.v20160517.jar
7f1759416000-7f1759417000 r--s 00003000 00:24 47550                      /root/workspace/HubSpot/Singularity/252568740/.m2/org/eclipse/jetty/jetty-continuation/9.3.9.v20160517/jetty-continuation-9.3.9.v20160517.jar
7f1759417000-7f175941a000 r--s 00013000 00:24 47547                      /root/workspace/HubSpot/Singularity/252568740/.m2/org/eclipse/jetty/jetty-servlets/9.3.9.v20160517/jetty-servlets-9.3.9.v20160517.jar
7f175941a000-7f175941d000 r--s 00018000 00:24 47546                      /root/workspace/HubSpot/Singularity/252568740/.m2/org/eclipse/jetty/jetty-io/9.3.9.v20160517/jetty-io-9.3.9.v20160517.jar
7f175941d000-7f1759420000 r--s 00021000 00:24 47545                      /root/workspace/HubSpot/Singularity/252568740/.m2/org/eclipse/jetty/jetty-http/9.3.9.v20160517/jetty-http-9.3.9.v20160517.jar
7f1759420000-7f1759427000 r--s 00071000 00:24 47543                      /root/workspace/HubSpot/Singularity/252568740/.m2/org/eclipse/jetty/jetty-server/9.3.9.v20160517/jetty-server-9.3.9.v20160517.jar
7f1759427000-7f1759433000 r--s 000b6000 00:24 47541                      /root/workspace/HubSpot/Singularity/252568740/.m2/org/apache/zookeeper/zookeeper/3.4.6/zookeeper-3.4.6.jar
7f1759433000-7f1759439000 r--s 00028000 00:24 47537                      /root/workspace/HubSpot/Singularity/252568740/.m2/org/apache/curator/curator-framework/2.8.0/curator-framework-2.8.0.jar
7f1759439000-7f175943b000 r--s 0000f000 00:24 47500                      /root/workspace/HubSpot/Singularity/252568740/.m2/org/apache/curator/curator-client/2.8.0/curator-client-2.8.0.jar
7f175943b000-7f1759442000 r--s 00064000 00:24 3637                       /root/workspace/HubSpot/Singularity/252568740/.m2/org/apache/commons/commons-lang3/3.4/commons-lang3-3.4.jar
7f1759442000-7f1759459000 r--s 0023e000 00:24 3636                       /root/workspace/HubSpot/Singularity/252568740/.m2/org/apache/mesos/mesos/0.28.2/mesos-0.28.2.jar
7f1759459000-7f175945b000 r--s 00000000 00:24 3715                       /root/workspace/HubSpot/Singularity/252568740/.m2/aopalliance/aopalliance/1.0/aopalliance-1.0.jar
7f175945b000-7f1759465000 r--s 00069000 00:24 47534                      /root/workspace/HubSpot/Singularity/252568740/.m2/ch/qos/logback/logback-core/1.1.7/logback-core-1.1.7.jar
7f1759465000-7f175946c000 r--s 00044000 00:24 47533                      /root/workspace/HubSpot/Singularity/252568740/.m2/ch/qos/logback/logback-classic/1.1.7/logback-classic-1.1.7.jar
7f175946c000-7f175946e000 r--s 00003000 00:24 3720                       /root/workspace/HubSpot/Singularity/252568740/.m2/org/slf4j/jcl-over-slf4j/1.7.21/jcl-over-slf4j-1.7.21.jar
7f175946e000-7f1759470000 r--s 00009000 00:24 3718                       /root/workspace/HubSpot/Singularity/252568740/.m2/org/slf4j/slf4j-api/1.7.21/slf4j-api-1.7.21.jar
7f1759470000-7f1759474000 r--s 0000c000 00:24 3644                       /root/workspace/HubSpot/Singularity/252568740/.m2/javax/validation/validation-api/1.1.0.Final/validation-api-1.1.0.Final.jar
7f1759474000-7f1759478000 r--s 00019000 00:24 46397                      /root/workspace/HubSpot/Singularity/252568740/.m2/javax/ws/rs/javax.ws.rs-api/2.0.1/javax.ws.rs-api-2.0.1.jar
7f1759478000-7f175947b000 r--s 00015000 00:24 47530                      /root/workspace/HubSpot/Singularity/252568740/.m2/javax/servlet/javax.servlet-api/3.1.0/javax.servlet-api-3.1.0.jar
7f175947b000-7f175947d000 r--s 0000e000 00:24 47488                      /root/workspace/HubSpot/Singularity/252568740/.m2/javax/activation/activation/1.1/activation-1.1.jar
7f175947d000-7f1759485000 r--s 00084000 00:24 47528                      /root/workspace/HubSpot/Singularity/252568740/.m2/com/sun/mail/javax.mail/1.5.2/javax.mail-1.5.2.jar
7f1759485000-7f1759486000 r--s 00000000 00:24 3710                       /root/workspace/HubSpot/Singularity/252568740/.m2/javax/inject/javax.inject/1/javax.inject-1.jar
7f1759486000-7f175948a000 r--s 0001a000 00:24 47526                      /root/workspace/HubSpot/Singularity/252568740/.m2/org/glassfish/hk2/hk2-utils/2.5.0-b05/hk2-utils-2.5.0-b05.jar
7f175948a000-7f175948f000 r--s 00027000 00:24 47521                      /root/workspace/HubSpot/Singularity/252568740/.m2/org/glassfish/hk2/hk2-api/2.5.0-b05/hk2-api-2.5.0-b05.jar
7f175948f000-7f1759492000 r--s 0002a000 00:24 47520                      /root/workspace/HubSpot/Singularity/252568740/.m2/org/glassfish/hk2/hk2-locator/2.5.0-b05/hk2-locator-2.5.0-b05.jar
7f1759492000-7f1759494000 r--s 00005000 00:24 47517                      /root/workspace/HubSpot/Singularity/252568740/.m2/javax/annotation/javax.annotation-api/1.2/javax.annotation-api-1.2.jar
7f1759494000-7f1759496000 r--s 00010000 00:24 47516                      /root/workspace/HubSpot/Singularity/252568740/.m2/org/glassfish/jersey/media/jersey-media-jaxb/2.23.2/jersey-media-jaxb-2.23.2.jar
7f1759496000-7f175949b000 r--s 00025000 00:24 47513                      /root/workspace/HubSpot/Singularity/252568740/.m2/org/glassfish/jersey/core/jersey-client/2.23.2/jersey-client-2.23.2.jar
7f175949b000-7f175949c000 r--s 00004000 00:24 47490                      /root/workspace/HubSpot/Singularity/252568740/.m2/org/glassfish/hk2/osgi-resource-locator/1.0.1/osgi-resource-locator-1.0.1.jar
7f175949c000-7f17594b4000 r--s 000d6000 00:24 47511                      /root/workspace/HubSpot/Singularity/252568740/.m2/org/glassfish/jersey/bundles/repackaged/jersey-guava/2.23.2/jersey-guava-2.23.2.jar
7f17594b4000-7f17594c3000 r--s 000a0000 00:24 47509                      /root/workspace/HubSpot/Singularity/252568740/.m2/org/glassfish/jersey/core/jersey-common/2.23.2/jersey-common-2.23.2.jar
7f17594c3000-7f17594d9000 r--s 000d3000 00:24 47506                      /root/workspace/HubSpot/Singularity/252568740/.m2/org/glassfish/jersey/core/jersey-server/2.23.2/jersey-server-2.23.2.jar
7f17594d9000-7f17594da000 r--s 00006000 00:24 47504                      /root/workspace/HubSpot/Singularity/252568740/.m2/io/dropwizard/dropwizard-servlets/1.0.6/dropwizard-servlets-1.0.6.jar
7f17594da000-7f17594dc000 r--s 00011000 00:24 47502                      /root/workspace/HubSpot/Singularity/252568740/.m2/com/google/inject/extensions/guice-servlet/4.0/guice-servlet-4.0.jar
7f17594dc000-7f17594de000 r--s 00003000 00:24 47501                      /root/workspace/HubSpot/Singularity/252568740/.m2/com/hubspot/dropwizard/dropwizard-guicier/1.0.6.0/dropwizard-guicier-1.0.6.0.jar
7f17594de000-7f17594e6000 r--s 0007b000 00:24 3632                       /root/workspace/HubSpot/Singularity/252568740/.m2/com/google/protobuf/protobuf-java/2.5.0/protobuf-java-2.5.0.jar
7f17594e6000-7f1759512000 r--s 00208000 00:24 3621                       /root/workspace/HubSpot/Singularity/252568740/.m2/com/google/guava/guava/19.0/guava-19.0.jar
7f1759512000-7f1759514000 r--s 00012000 00:24 47492                      /root/workspace/HubSpot/Singularity/252568740/.m2/com/google/inject/extensions/guice-multibindings/4.0/guice-multibindings-4.0.jar
7f1759514000-7f1759522000 r--s 00096000 00:24 3712                       /root/workspace/HubSpot/Singularity/252568740/.m2/com/google/inject/guice/4.0/guice-4.0.jar
7f1759522000-7f1759524000 r--s 0000d000 00:24 3615                       /root/workspace/HubSpot/Singularity/252568740/.m2/com/hubspot/BaragonCore/0.5.0/BaragonCore-0.5.0.jar
7f1759524000-7f1759525000 r--s 00005000 00:24 3629                       /root/workspace/HubSpot/Singularity/252568740/.m2/com/hubspot/jackson/jackson-datatype-protobuf/0.9.3/jackson-datatype-protobuf-0.9.3.jar
7f1759525000-7f1759527000 r--s 00003000 00:24 47493                      /root/workspace/HubSpot/Singularity/252568740/.m2/io/dropwizard/metrics/metrics-servlets/3.1.2/metrics-servlets-3.1.2.jar
7f1759527000-7f1759529000 r--s 00007000 00:24 47487                      /root/workspace/HubSpot/Singularity/252568740/.m2/com/fasterxml/jackson/module/jackson-module-jaxb-annotations/2.7.9/jackson-module-jaxb-annotations-2.7.9.jar
7f1759529000-7f175952b000 r--s 00006000 00:24 47489                      /root/workspace/HubSpot/Singularity/252568740/.m2/com/fasterxml/jackson/jaxrs/jackson-jaxrs-base/2.7.9/jackson-jaxrs-base-2.7.9.jar
7f175952b000-7f1759557000 r--s 001b8000 00:24 3724                       /root/workspace/HubSpot/Singularity/252568740/.m2/com/hubspot/HorizonNing/0.0.25/HorizonNing-0.0.25.jar
7f1759557000-7f175955a000 ---p 00000000 00:00 0 
7f175955a000-7f1759658000 rw-p 00000000 00:00 0                          [stack:11934]
7f1759658000-7f17597c7000 r--p 00000000 00:24 56                         /usr/lib/locale/C.UTF-8/LC_COLLATE
7f17597c7000-7f17597ca000 ---p 00000000 00:00 0 
7f17597ca000-7f17598c8000 rw-p 00000000 00:00 0                          [stack:11923]
7f17598c8000-7f17598cb000 ---p 00000000 00:00 0 
7f17598cb000-7f17599c9000 rw-p 00000000 00:00 0                          [stack:11906]
7f17599c9000-7f17599ca000 ---p 00000000 00:00 0 
7f17599ca000-7f175b632000 rw-p 00000000 00:00 0                          [stack:11898]
7f175b632000-7f175b800000 r--s 03c06000 00:24 119                        /usr/lib/jvm/java-8-openjdk-amd64/jre/lib/rt.jar
7f175b800000-7f175c000000 rw-p 00000000 00:00 0 
7f175c000000-7f175c021000 rw-p 00000000 00:00 0 
7f175c021000-7f1760000000 ---p 00000000 00:00 0 
7f1760000000-7f1760021000 rw-p 00000000 00:00 0 
7f1760021000-7f1764000000 ---p 00000000 00:00 0 
7f1764000000-7f1764021000 rw-p 00000000 00:00 0 
7f1764021000-7f1768000000 ---p 00000000 00:00 0 
7f1768000000-7f1768002000 r--s 00003000 00:24 47491                      /root/workspace/HubSpot/Singularity/252568740/.m2/com/fasterxml/jackson/jaxrs/jackson-jaxrs-json-provider/2.7.9/jackson-jaxrs-json-provider-2.7.9.jar
7f1768002000-7f1768009000 r--s 0003f000 00:24 3614                       /root/workspace/HubSpot/Singularity/252568740/.m2/commons-codec/commons-codec/1.10/commons-codec-1.10.jar
7f1768009000-7f1768041000 r--s 00216000 00:24 3719                       /root/workspace/HubSpot/Singularity/252568740/.m2/com/hubspot/HorizonCore/0.0.25/HorizonCore-0.0.25.jar
7f1768041000-7f1769000000 rw-p 00000000 00:00 0 
7f1769000000-7f1769b00000 rwxp 00000000 00:00 0 
7f1769b00000-7f1778000000 ---p 00000000 00:00 0 
7f1778000000-7f177944a000 rw-p 00000000 00:00 0 
7f177944a000-7f177c000000 ---p 00000000 00:00 0 
7f177c000000-7f177c001000 r--s 00003000 00:24 47499                      /root/workspace/HubSpot/Singularity/252568740/.m2/io/dropwizard/metrics/metrics-json/3.1.4/metrics-json-3.1.4.jar
7f177c001000-7f177c002000 r--s 00002000 00:24 47485                      /root/workspace/HubSpot/Singularity/252568740/.m2/com/hubspot/jackson/jackson-jaxrs-propertyfiltering/0.8.1/jackson-jaxrs-propertyfiltering-0.8.1.jar
7f177c002000-7f177c005000 r--s 000aa000 00:24 3725                       /root/workspace/HubSpot/Singularity/252568740/.m2/org/xerial/snappy/snappy-java/1.1.2/snappy-java-1.1.2.jar
7f177c005000-7f177c00a000 r--s 0002b000 00:24 6201                       /root/workspace/HubSpot/Singularity/252568740/.m2/org/apache/maven/surefire/surefire-api/2.19/surefire-api-2.19.jar
7f177c00a000-7f177c00c000 r--s 00009000 00:24 6195                       /root/workspace/HubSpot/Singularity/252568740/.m2/org/apache/maven/surefire/surefire-booter/2.19/surefire-booter-2.19.jar
7f177c00c000-7f177c00d000 r--s 00010000 00:24 137                        /usr/lib/jvm/java-8-openjdk-amd64/jre/lib/ext/zipfs.jar
7f177c00d000-7f177c028000 r--s 001d6000 00:24 135                        /usr/lib/jvm/java-8-openjdk-amd64/jre/lib/ext/nashorn.jar
7f177c028000-7f177c02c000 r--s 00037000 00:24 133                        /usr/lib/jvm/java-8-openjdk-amd64/jre/lib/ext/sunpkcs11.jar
7f177c02c000-7f177c047000 r--s 00394000 00:24 130                        /usr/lib/jvm/java-8-openjdk-amd64/jre/lib/ext/cldrdata.jar
7f177c047000-7f177c118000 rw-p 00000000 00:00 0 
7f177c118000-7f177c119000 ---p 00000000 00:00 0 
7f177c119000-7f177c219000 rw-p 00000000 00:00 0                          [stack:11884]
7f177c219000-7f177c21a000 ---p 00000000 00:00 0 
7f177c21a000-7f177c31a000 rw-p 00000000 00:00 0                          [stack:11881]
7f177c31a000-7f177c31b000 ---p 00000000 00:00 0 
7f177c31b000-7f177c41b000 rw-p 00000000 00:00 0                          [stack:11878]
7f177c41b000-7f177c41c000 ---p 00000000 00:00 0 
7f177c41c000-7f177c51c000 rw-p 00000000 00:00 0                          [stack:11875]
7f177c51c000-7f177c51d000 ---p 00000000 00:00 0 
7f177c51d000-7f177c61d000 rw-p 00000000 00:00 0                          [stack:11873]
7f177c61d000-7f177c61e000 ---p 00000000 00:00 0 
7f177c61e000-7f177c71e000 rw-p 00000000 00:00 0                          [stack:11866]
7f177c71e000-7f177c71f000 ---p 00000000 00:00 0 
7f177c71f000-7f177c81f000 rw-p 00000000 00:00 0                          [stack:11862]
7f177c81f000-7f177c820000 ---p 00000000 00:00 0 
7f177c820000-7f177c98d000 rw-p 00000000 00:00 0                          [stack:11857]
7f177c98d000-7f177d3a0000 ---p 00000000 00:00 0 
7f177d3a0000-7f177d40d000 rw-p 00000000 00:00 0 
7f177d40d000-7f177de1f000 ---p 00000000 00:00 0 
7f177de1f000-7f177deb9000 rw-p 00000000 00:00 0 
7f177deb9000-7f177e35f000 ---p 00000000 00:00 0 
7f177e35f000-7f177e38c000 rw-p 00000000 00:00 0 
7f177e38c000-7f177e720000 ---p 00000000 00:00 0 
7f177e720000-7f177e728000 r-xp 00000000 00:24 117                        /usr/lib/jvm/java-8-openjdk-amd64/jre/lib/amd64/libzip.so
7f177e728000-7f177e927000 ---p 00008000 00:24 117                        /usr/lib/jvm/java-8-openjdk-amd64/jre/lib/amd64/libzip.so
7f177e927000-7f177e928000 r--p 00007000 00:24 117                        /usr/lib/jvm/java-8-openjdk-amd64/jre/lib/amd64/libzip.so
7f177e928000-7f177e929000 rw-p 00008000 00:24 117                        /usr/lib/jvm/java-8-openjdk-amd64/jre/lib/amd64/libzip.so
7f177e929000-7f177e934000 r-xp 00000000 00:24 82                         /lib/x86_64-linux-gnu/libnss_files-2.19.so
7f177e934000-7f177eb33000 ---p 0000b000 00:24 82                         /lib/x86_64-linux-gnu/libnss_files-2.19.so
7f177eb33000-7f177eb34000 r--p 0000a000 00:24 82                         /lib/x86_64-linux-gnu/libnss_files-2.19.so
7f177eb34000-7f177eb35000 rw-p 0000b000 00:24 82                         /lib/x86_64-linux-gnu/libnss_files-2.19.so
7f177eb35000-7f177eb3f000 r-xp 00000000 00:24 80                         /lib/x86_64-linux-gnu/libnss_nis-2.19.so
7f177eb3f000-7f177ed3e000 ---p 0000a000 00:24 80                         /lib/x86_64-linux-gnu/libnss_nis-2.19.so
7f177ed3e000-7f177ed3f000 r--p 00009000 00:24 80                         /lib/x86_64-linux-gnu/libnss_nis-2.19.so
7f177ed3f000-7f177ed40000 rw-p 0000a000 00:24 80                         /lib/x86_64-linux-gnu/libnss_nis-2.19.so
7f177ed40000-7f177ed55000 r-xp 00000000 00:24 78                         /lib/x86_64-linux-gnu/libnsl-2.19.so
7f177ed55000-7f177ef54000 ---p 00015000 00:24 78                         /lib/x86_64-linux-gnu/libnsl-2.19.so
7f177ef54000-7f177ef55000 r--p 00014000 00:24 78                         /lib/x86_64-linux-gnu/libnsl-2.19.so
7f177ef55000-7f177ef56000 rw-p 00015000 00:24 78                         /lib/x86_64-linux-gnu/libnsl-2.19.so
7f177ef56000-7f177ef58000 rw-p 00000000 00:00 0 
7f177ef58000-7f177ef5f000 r-xp 00000000 00:24 76                         /lib/x86_64-linux-gnu/libnss_compat-2.19.so
7f177ef5f000-7f177f15e000 ---p 00007000 00:24 76                         /lib/x86_64-linux-gnu/libnss_compat-2.19.so
7f177f15e000-7f177f15f000 r--p 00006000 00:24 76                         /lib/x86_64-linux-gnu/libnss_compat-2.19.so
7f177f15f000-7f177f160000 rw-p 00007000 00:24 76                         /lib/x86_64-linux-gnu/libnss_compat-2.19.so
7f177f160000-7f177f16a000 r-xp 00000000 00:24 50387                      /usr/lib/jvm/java-8-openjdk-amd64/jre/lib/amd64/libinstrument.so
7f177f16a000-7f177f369000 ---p 0000a000 00:24 50387                      /usr/lib/jvm/java-8-openjdk-amd64/jre/lib/amd64/libinstrument.so
7f177f369000-7f177f36a000 r--p 00009000 00:24 50387                      /usr/lib/jvm/java-8-openjdk-amd64/jre/lib/amd64/libinstrument.so
7f177f36a000-7f177f36b000 rw-p 0000a000 00:24 50387                      /usr/lib/jvm/java-8-openjdk-amd64/jre/lib/amd64/libinstrument.so
7f177f36b000-7f177f399000 r-xp 00000000 00:24 99                         /usr/lib/jvm/java-8-openjdk-amd64/jre/lib/amd64/libjava.so
7f177f399000-7f177f598000 ---p 0002e000 00:24 99                         /usr/lib/jvm/java-8-openjdk-amd64/jre/lib/amd64/libjava.so
7f177f598000-7f177f599000 r--p 0002d000 00:24 99                         /usr/lib/jvm/java-8-openjdk-amd64/jre/lib/amd64/libjava.so
7f177f599000-7f177f59b000 rw-p 0002e000 00:24 99                         /usr/lib/jvm/java-8-openjdk-amd64/jre/lib/amd64/libjava.so
7f177f59b000-7f177f5aa000 r-xp 00000000 00:24 112                        /usr/lib/jvm/java-8-openjdk-amd64/jre/lib/amd64/libverify.so
7f177f5aa000-7f177f7aa000 ---p 0000f000 00:24 112                        /usr/lib/jvm/java-8-openjdk-amd64/jre/lib/amd64/libverify.so
7f177f7aa000-7f177f7ad000 r--p 0000f000 00:24 112                        /usr/lib/jvm/java-8-openjdk-amd64/jre/lib/amd64/libverify.so
7f177f7ad000-7f177f7ae000 rw-p 00012000 00:24 112                        /usr/lib/jvm/java-8-openjdk-amd64/jre/lib/amd64/libverify.so
7f177f7ae000-7f177f7b5000 r-xp 00000000 00:24 111                        /lib/x86_64-linux-gnu/librt-2.19.so
7f177f7b5000-7f177f9b4000 ---p 00007000 00:24 111                        /lib/x86_64-linux-gnu/librt-2.19.so
7f177f9b4000-7f177f9b5000 r--p 00006000 00:24 111                        /lib/x86_64-linux-gnu/librt-2.19.so
7f177f9b5000-7f177f9b6000 rw-p 00007000 00:24 111                        /lib/x86_64-linux-gnu/librt-2.19.so
7f177f9b6000-7f177f9cc000 r-xp 00000000 00:24 109                        /lib/x86_64-linux-gnu/libgcc_s.so.1
7f177f9cc000-7f177fbcb000 ---p 00016000 00:24 109                        /lib/x86_64-linux-gnu/libgcc_s.so.1
7f177fbcb000-7f177fbcc000 rw-p 00015000 00:24 109                        /lib/x86_64-linux-gnu/libgcc_s.so.1
7f177fbcc000-7f177fccc000 r-xp 00000000 00:24 108                        /lib/x86_64-linux-gnu/libm-2.19.so
7f177fccc000-7f177fecb000 ---p 00100000 00:24 108                        /lib/x86_64-linux-gnu/libm-2.19.so
7f177fecb000-7f177fecc000 r--p 000ff000 00:24 108                        /lib/x86_64-linux-gnu/libm-2.19.so
7f177fecc000-7f177fecd000 rw-p 00100000 00:24 108                        /lib/x86_64-linux-gnu/libm-2.19.so
7f177fecd000-7f177ffb9000 r-xp 00000000 00:24 106                        /usr/lib/x86_64-linux-gnu/libstdc++.so.6.0.20
7f177ffb9000-7f17801b9000 ---p 000ec000 00:24 106                        /usr/lib/x86_64-linux-gnu/libstdc++.so.6.0.20
7f17801b9000-7f17801c1000 r--p 000ec000 00:24 106                        /usr/lib/x86_64-linux-gnu/libstdc++.so.6.0.20
7f17801c1000-7f17801c3000 rw-p 000f4000 00:24 106                        /usr/lib/x86_64-linux-gnu/libstdc++.so.6.0.20
7f17801c3000-7f17801d8000 rw-p 00000000 00:00 0 
7f17801d8000-7f1780e70000 r-xp 00000000 00:24 104                        /usr/lib/jvm/java-8-openjdk-amd64/jre/lib/amd64/server/libjvm.so
7f1780e70000-7f1781070000 ---p 00c98000 00:24 104                        /usr/lib/jvm/java-8-openjdk-amd64/jre/lib/amd64/server/libjvm.so
7f1781070000-7f1781113000 r--p 00c98000 00:24 104                        /usr/lib/jvm/java-8-openjdk-amd64/jre/lib/amd64/server/libjvm.so
7f1781113000-7f178113c000 rw-p 00d3b000 00:24 104                        /usr/lib/jvm/java-8-openjdk-amd64/jre/lib/amd64/server/libjvm.so
7f178113c000-7f178116d000 rw-p 00000000 00:00 0 
7f178116d000-7f178130e000 r-xp 00000000 00:24 34                         /lib/x86_64-linux-gnu/libc-2.19.so
7f178130e000-7f178150e000 ---p 001a1000 00:24 34                         /lib/x86_64-linux-gnu/libc-2.19.so
7f178150e000-7f1781512000 r--p 001a1000 00:24 34                         /lib/x86_64-linux-gnu/libc-2.19.so
7f1781512000-7f1781514000 rw-p 001a5000 00:24 34                         /lib/x86_64-linux-gnu/libc-2.19.so
7f1781514000-7f1781518000 rw-p 00000000 00:00 0 
7f1781518000-7f178151b000 r-xp 00000000 00:24 71                         /lib/x86_64-linux-gnu/libdl-2.19.so
7f178151b000-7f178171a000 ---p 00003000 00:24 71                         /lib/x86_64-linux-gnu/libdl-2.19.so
7f178171a000-7f178171b000 r--p 00002000 00:24 71                         /lib/x86_64-linux-gnu/libdl-2.19.so
7f178171b000-7f178171c000 rw-p 00003000 00:24 71                         /lib/x86_64-linux-gnu/libdl-2.19.so
7f178171c000-7f178172a000 r-xp 00000000 00:24 98                         /usr/lib/jvm/java-8-openjdk-amd64/jre/lib/amd64/jli/libjli.so
7f178172a000-7f1781929000 ---p 0000e000 00:24 98                         /usr/lib/jvm/java-8-openjdk-amd64/jre/lib/amd64/jli/libjli.so
7f1781929000-7f178192a000 r--p 0000d000 00:24 98                         /usr/lib/jvm/java-8-openjdk-amd64/jre/lib/amd64/jli/libjli.so
7f178192a000-7f178192b000 rw-p 0000e000 00:24 98                         /usr/lib/jvm/java-8-openjdk-amd64/jre/lib/amd64/jli/libjli.so
7f178192b000-7f1781945000 r-xp 00000000 00:24 97                         /lib/x86_64-linux-gnu/libz.so.1.2.8
7f1781945000-7f1781b44000 ---p 0001a000 00:24 97                         /lib/x86_64-linux-gnu/libz.so.1.2.8
7f1781b44000-7f1781b45000 r--p 00019000 00:24 97                         /lib/x86_64-linux-gnu/libz.so.1.2.8
7f1781b45000-7f1781b46000 rw-p 0001a000 00:24 97                         /lib/x86_64-linux-gnu/libz.so.1.2.8
7f1781b46000-7f1781b5e000 r-xp 00000000 00:24 95                         /lib/x86_64-linux-gnu/libpthread-2.19.so
7f1781b5e000-7f1781d5d000 ---p 00018000 00:24 95                         /lib/x86_64-linux-gnu/libpthread-2.19.so
7f1781d5d000-7f1781d5e000 r--p 00017000 00:24 95                         /lib/x86_64-linux-gnu/libpthread-2.19.so
7f1781d5e000-7f1781d5f000 rw-p 00018000 00:24 95                         /lib/x86_64-linux-gnu/libpthread-2.19.so
7f1781d5f000-7f1781d63000 rw-p 00000000 00:00 0 
7f1781d63000-7f1781d83000 r-xp 00000000 00:24 31                         /lib/x86_64-linux-gnu/ld-2.19.so
7f1781d83000-7f1781d85000 r--s 00008000 00:24 134                        /usr/lib/jvm/java-8-openjdk-amd64/jre/lib/ext/sunec.jar
7f1781d85000-7f1781d88000 r--s 0000f000 00:24 132                        /usr/lib/jvm/java-8-openjdk-amd64/jre/lib/ext/icedtea-sound.jar
7f1781d88000-7f1781d8a000 r--s 00001000 00:24 131                        /usr/lib/jvm/java-8-openjdk-amd64/jre/lib/ext/dnsns.jar
7f1781d8a000-7f1781d94000 r--s 00116000 00:24 129                        /usr/lib/jvm/java-8-openjdk-amd64/jre/lib/ext/localedata.jar
7f1781d94000-7f1781d95000 r--s 0000a000 00:24 128                        /usr/lib/jvm/java-8-openjdk-amd64/jre/lib/ext/jaccess.jar
7f1781d95000-7f1781d97000 r--s 00006000 00:24 139                        /usr/share/java/java-atk-wrapper.jar
7f1781d97000-7f1781d9c000 r--s 0003b000 00:24 126                        /usr/lib/jvm/java-8-openjdk-amd64/jre/lib/ext/sunjce_provider.jar
7f1781d9c000-7f1781dc2000 r--p 00000000 00:24 59                         /usr/lib/locale/C.UTF-8/LC_CTYPE
7f1781dc2000-7f1781dc3000 r--p 00000000 00:24 58                         /usr/lib/locale/C.UTF-8/LC_NUMERIC
7f1781dc3000-7f1781dc4000 r--p 00000000 00:24 57                         /usr/lib/locale/C.UTF-8/LC_TIME
7f1781dc4000-7f1781dc5000 r--p 00000000 00:24 55                         /usr/lib/locale/C.UTF-8/LC_MONETARY
7f1781dc5000-7f1781dc6000 r--p 00000000 00:24 54                         /usr/lib/locale/C.UTF-8/LC_MESSAGES/SYS_LC_MESSAGES
7f1781dc6000-7f1781dc7000 r--p 00000000 00:24 52                         /usr/lib/locale/C.UTF-8/LC_PAPER
7f1781dc7000-7f1781dc8000 r--p 00000000 00:24 51                         /usr/lib/locale/C.UTF-8/LC_NAME
7f1781dc8000-7f1781dcf000 r--s 00000000 00:24 47                         /usr/lib/x86_64-linux-gnu/gconv/gconv-modules.cache
7f1781dcf000-7f1781e6d000 rw-p 00000000 00:00 0 
7f1781e6d000-7f1781e75000 rw-s 00000000 00:24 91689                      /tmp/hsperfdata_root/13137
7f1781e75000-7f1781e78000 ---p 00000000 00:00 0 
7f1781e78000-7f1781f7b000 rw-p 00000000 00:00 0                          [stack:11804]
7f1781f7b000-7f1781f7c000 r--p 00000000 00:24 50                         /usr/lib/locale/C.UTF-8/LC_ADDRESS
7f1781f7c000-7f1781f7d000 r--p 00000000 00:24 49                         /usr/lib/locale/C.UTF-8/LC_TELEPHONE
7f1781f7d000-7f1781f7e000 r--p 00000000 00:24 48                         /usr/lib/locale/C.UTF-8/LC_MEASUREMENT
7f1781f7e000-7f1781f7f000 r--p 00000000 00:24 44                         /usr/lib/locale/C.UTF-8/LC_IDENTIFICATION
7f1781f7f000-7f1781f80000 rw-p 00000000 00:00 0 
7f1781f80000-7f1781f81000 ---p 00000000 00:00 0 
7f1781f81000-7f1781f83000 rw-p 00000000 00:00 0 
7f1781f83000-7f1781f84000 r--p 00020000 00:24 31                         /lib/x86_64-linux-gnu/ld-2.19.so
7f1781f84000-7f1781f85000 rw-p 00021000 00:24 31                         /lib/x86_64-linux-gnu/ld-2.19.so
7f1781f85000-7f1781f86000 rw-p 00000000 00:00 0 
7ffec5462000-7ffec5488000 rw-p 00000000 00:00 0                          [stack]
7ffec5516000-7ffec5518000 r-xp 00000000 00:00 0                          [vdso]
7ffec5518000-7ffec551a000 r--p 00000000 00:00 0                          [vvar]
ffffffffff600000-ffffffffff601000 r-xp 00000000 00:00 0                  [vsyscall]

VM Arguments:
jvm_args: -javaagent:/root/./workspace/HubSpot/Singularity/252568740/.m2/org/jacoco/org.jacoco.agent/0.7.5.201505241946/org.jacoco.agent-0.7.5.201505241946-runtime.jar=destfile=/root/workspace/HubSpot/Singularity/252568740/SingularityService/target/jacoco.exec -Dfile.encoding=UTF-8 
java_command: org.apache.maven.surefire.booter.ForkedBooter /root/workspace/HubSpot/Singularity/252568740/SingularityService/target/surefire/surefire2975512344425767782tmp /root/workspace/HubSpot/Singularity/252568740/SingularityService/target/surefire/surefire_23484251247872785156tmp
java_class_path (initial): /root/./workspace/HubSpot/Singularity/252568740/.m2/org/apache/maven/surefire/surefire-booter/2.19/surefire-booter-2.19.jar:/root/./workspace/HubSpot/Singularity/252568740/.m2/org/apache/maven/surefire/surefire-api/2.19/surefire-api-2.19.jar:/root/workspace/HubSpot/Singularity/252568740/SingularityService/target/test-classes:/root/workspace/HubSpot/Singularity/252568740/SingularityService/target/classes:/root/workspace/HubSpot/Singularity/252568740/SingularityBase/target/classes:/root/workspace/HubSpot/Singularity/252568740/SingularityMesosClient/target/classes:/root/./workspace/HubSpot/Singularity/252568740/.m2/com/hubspot/HorizonCore/0.0.25/HorizonCore-0.0.25.jar:/root/./workspace/HubSpot/Singularity/252568740/.m2/commons-codec/commons-codec/1.10/commons-codec-1.10.jar:/root/./workspace/HubSpot/Singularity/252568740/.m2/org/xerial/snappy/snappy-java/1.1.2/snappy-java-1.1.2.jar:/root/./workspace/HubSpot/Singularity/252568740/.m2/com/hubspot/HorizonNing/0.0.25/HorizonNing-0.0.25.jar:/root/./workspace/HubSpot/Singularity/252568740/.m2/com/hubspot/jackson/jackson-jaxrs-propertyfiltering/0.8.1/jackson-jaxrs-propertyfiltering-0.8.1.jar:/root/./workspace/HubSpot/Singularity/252568740/.m2/com/fasterxml/jackson/jaxrs/jackson-jaxrs-json-provider/2.7.9/jackson-jaxrs-json-provider-2.7.9.jar:/root/./workspace/HubSpot/Singularity/252568740/.m2/com/fasterxml/jackson/jaxrs/jackson-jaxrs-base/2.7.9/jackson-jaxrs-base-2.7.9.jar:/root/./workspace/HubSpot/Singularity/252568740/.m2/com/fasterxml/jackson/module/jackson-module-jaxb-annotations/2.7.9/jackson-module-jaxb-annotations-2.7.9.jar:/root/./workspace/HubSpot/Singularity/252568740/.m2/io/dropwizard/metrics/metrics-servlets/3.1.2/metrics-servlets-3.1.2.jar:/root/./workspace/HubSpot/Singularity/252568740/.m2/io/dropwizard/metrics/metrics-json/3.1.4/metrics-json-3.1.4.jar:/root/./workspace/HubSpot/Singularity/252568740/.m2/com/hubspot/jackson/jackson-datatype-protobuf/0.9.3/jackson-datatype-protobuf-0.9.
Launcher Type: SUN_STANDARD

Environment Variables:
JAVA_HOME=/usr/lib/jvm/java-8-openjdk-amd64
PATH=/usr/local/sbin:/usr/local/bin:/usr/sbin:/usr/bin:/sbin:/bin

Signal Handlers:
SIGSEGV: [libjvm.so+0xa97af0], sa_mask[0]=11111111011111111101111111111110, sa_flags=SA_RESTART|SA_SIGINFO
SIGBUS: [libjvm.so+0xa97af0], sa_mask[0]=11111111011111111101111111111110, sa_flags=SA_RESTART|SA_SIGINFO
SIGFPE: [libjvm.so+0x8de430], sa_mask[0]=11111111011111111101111111111110, sa_flags=SA_RESTART|SA_SIGINFO
SIGPIPE: [libjvm.so+0x8de430], sa_mask[0]=11111111011111111101111111111110, sa_flags=SA_RESTART|SA_SIGINFO
SIGXFSZ: [libjvm.so+0x8de430], sa_mask[0]=11111111011111111101111111111110, sa_flags=SA_RESTART|SA_SIGINFO
SIGILL: [libjvm.so+0x8de430], sa_mask[0]=11111111011111111101111111111110, sa_flags=SA_RESTART|SA_SIGINFO
SIGUSR1: SIG_DFL, sa_mask[0]=00000000000000000000000000000000, sa_flags=none
SIGUSR2: [libjvm.so+0x8de2e0], sa_mask[0]=00100000000000000000000000000000, sa_flags=SA_RESTART|SA_SIGINFO
SIGHUP: [libjvm.so+0x8de500], sa_mask[0]=11111111011111111101111111111110, sa_flags=SA_RESTART|SA_SIGINFO
SIGINT: [libjvm.so+0x8de500], sa_mask[0]=11111111011111111101111111111110, sa_flags=SA_RESTART|SA_SIGINFO
SIGTERM: [libjvm.so+0x8de500], sa_mask[0]=11111111011111111101111111111110, sa_flags=SA_RESTART|SA_SIGINFO
SIGQUIT: [libjvm.so+0x8de500], sa_mask[0]=11111111011111111101111111111110, sa_flags=SA_RESTART|SA_SIGINFO


---------------  S Y S T E M  ---------------

OS:PRETTY_NAME="Debian GNU/Linux 8 (jessie)"
NAME="Debian GNU/Linux"
VERSION_ID="8"
VERSION="8 (jessie)"
ID=debian
HOME_URL="http://www.debian.org/"
SUPPORT_URL="http://www.debian.org/support"
BUG_REPORT_URL="https://bugs.debian.org/"

uname:Linux 3.16.0-4-amd64 #1 SMP Debian 3.16.36-1+deb8u2 (2016-10-19) x86_64
libc:glibc 2.19 NPTL 2.19 
rlimit: STACK 8192k, CORE infinity, NPROC infinity, NOFILE 1048576, AS infinity
load average:82.10 40.70 31.94

/proc/meminfo:
MemTotal:       33018856 kB
MemFree:         1424396 kB
MemAvailable:    1486416 kB
Buffers:            9900 kB
Cached:           111872 kB
SwapCached:         3764 kB
Active:         28741096 kB
Inactive:        2379600 kB
Active(anon):   28723480 kB
Inactive(anon):  2309188 kB
Active(file):      17616 kB
Inactive(file):    70412 kB
Unevictable:           0 kB
Mlocked:               0 kB
SwapTotal:        731132 kB
SwapFree:           1180 kB
Dirty:               316 kB
Writeback:             0 kB
AnonPages:      30996344 kB
Mapped:            77508 kB
Shmem:             32908 kB
Slab:             284916 kB
SReclaimable:     186948 kB
SUnreclaim:        97968 kB
KernelStack:       17344 kB
PageTables:        83180 kB
NFS_Unstable:          0 kB
Bounce:                0 kB
WritebackTmp:          0 kB
CommitLimit:    17240560 kB
Committed_AS:   55766432 kB
VmallocTotal:   34359738367 kB
VmallocUsed:      198012 kB
VmallocChunk:   34359518296 kB
HardwareCorrupted:     0 kB
AnonHugePages:         0 kB
HugePages_Total:       0
HugePages_Free:        0
HugePages_Rsvd:        0
HugePages_Surp:        0
Hugepagesize:       2048 kB
DirectMap4k:       71552 kB
DirectMap2M:    33482752 kB


CPU:total 8 (1 cores per cpu, 1 threads per core) family 6 model 45 stepping 7, cmov, cx8, fxsr, mmx, sse, sse2, sse3, ssse3, sse4.1, sse4.2, popcnt, avx, aes, clmul, tsc, tscinvbit, tscinv

/proc/cpuinfo:
processor	: 0
vendor_id	: GenuineIntel
cpu family	: 6
model		: 45
model name	: Intel(R) Xeon(R) CPU E5-2650L 0 @ 1.80GHz
stepping	: 7
microcode	: 0x710
cpu MHz		: 1800.000
cache size	: 20480 KB
physical id	: 0
siblings	: 1
core id		: 0
cpu cores	: 1
apicid		: 0
initial apicid	: 0
fpu		: yes
fpu_exception	: yes
cpuid level	: 13
wp		: yes
flags		: fpu vme de pse tsc msr pae mce cx8 apic sep mtrr pge mca cmov pat pse36 clflush dts mmx fxsr sse sse2 ss syscall nx rdtscp lm constant_tsc arch_perfmon pebs bts nopl xtopology tsc_reliable nonstop_tsc aperfmperf pni pclmulqdq ssse3 cx16 pcid sse4_1 sse4_2 x2apic popcnt tsc_deadline_timer aes xsave avx hypervisor lahf_lm ida arat pln pts dtherm tsc_adjust
bogomips	: 3600.00
clflush size	: 64
cache_alignment	: 64
address sizes	: 42 bits physical, 48 bits virtual
power management:

processor	: 1
vendor_id	: GenuineIntel
cpu family	: 6
model		: 45
model name	: Intel(R) Xeon(R) CPU E5-2650L 0 @ 1.80GHz
stepping	: 7
microcode	: 0x710
cpu MHz		: 1800.000
cache size	: 20480 KB
physical id	: 2
siblings	: 1
core id		: 0
cpu cores	: 1
apicid		: 2
initial apicid	: 2
fpu		: yes
fpu_exception	: yes
cpuid level	: 13
wp		: yes
flags		: fpu vme de pse tsc msr pae mce cx8 apic sep mtrr pge mca cmov pat pse36 clflush dts mmx fxsr sse sse2 ss syscall nx rdtscp lm constant_tsc arch_perfmon pebs bts nopl xtopology tsc_reliable nonstop_tsc aperfmperf pni pclmulqdq ssse3 cx16 pcid sse4_1 sse4_2 x2apic popcnt tsc_deadline_timer aes xsave avx hypervisor lahf_lm ida arat pln pts dtherm tsc_adjust
bogomips	: 3600.00
clflush size	: 64
cache_alignment	: 64
address sizes	: 42 bits physical, 48 bits virtual
power management:

processor	: 2
vendor_id	: GenuineIntel
cpu family	: 6
model		: 45
model name	: Intel(R) Xeon(R) CPU E5-2650L 0 @ 1.80GHz
stepping	: 7
microcode	: 0x710
cpu MHz		: 1800.000
cache size	: 20480 KB
physical id	: 4
siblings	: 1
core id		: 0
cpu cores	: 1
apicid		: 4
initial apicid	: 4
fpu		: yes
fpu_exception	: yes
cpuid level	: 13
wp		: yes
flags		: fpu vme de pse tsc msr pae mce cx8 apic sep mtrr pge mca cmov pat pse36 clflush dts mmx fxsr sse sse2 ss syscall nx rdtscp lm constant_tsc arch_perfmon pebs bts nopl xtopology tsc_reliable nonstop_tsc aperfmperf pni pclmulqdq ssse3 cx16 pcid sse4_1 sse4_2 x2apic popcnt tsc_deadline_timer aes xsave avx hypervisor lahf_lm ida arat pln pts dtherm tsc_adjust
bogomips	: 3600.00
clflush size	: 64
cache_alignment	: 64
address sizes	: 42 bits physical, 48 bits virtual
power management:

processor	: 3
vendor_id	: GenuineIntel
cpu family	: 6
model		: 45
model name	: Intel(R) Xeon(R) CPU E5-2650L 0 @ 1.80GHz
stepping	: 7
microcode	: 0x710
cpu MHz		: 1800.000
cache size	: 20480 KB
physical id	: 6
siblings	: 1
core id		: 0
cpu cores	: 1
apicid		: 6
initial apicid	: 6
fpu		: yes
fpu_exception	: yes
cpuid level	: 13
wp		: yes
flags		: fpu vme de pse tsc msr pae mce cx8 apic sep mtrr pge mca cmov pat pse36 clflush dts mmx fxsr sse sse2 ss syscall nx rdtscp lm constant_tsc arch_perfmon pebs bts nopl xtopology tsc_reliable nonstop_tsc aperfmperf pni pclmulqdq ssse3 cx16 pcid sse4_1 sse4_2 x2apic popcnt tsc_deadline_timer aes xsave avx hypervisor lahf_lm ida arat pln pts dtherm tsc_adjust
bogomips	: 3600.00
clflush size	: 64
cache_alignment	: 64
address sizes	: 42 bits physical, 48 bits virtual
power management:

processor	: 4
vendor_id	: GenuineIntel
cpu family	: 6
model		: 45
model name	: Intel(R) Xeon(R) CPU E5-2650L 0 @ 1.80GHz
stepping	: 7
microcode	: 0x710
cpu MHz		: 1800.000
cache size	: 20480 KB
physical id	: 8
siblings	: 1
core id		: 0
cpu cores	: 1
apicid		: 8
initial apicid	: 8
fpu		: yes
fpu_exception	: yes
cpuid level	: 13
wp		: yes
flags		: fpu vme de pse tsc msr pae mce cx8 apic sep mtrr pge mca cmov pat pse36 clflush dts mmx fxsr sse sse2 ss syscall nx rdtscp lm constant_tsc arch_perfmon pebs bts nopl xtopology tsc_reliable nonstop_tsc aperfmperf pni pclmulqdq ssse3 cx16 pcid sse4_1 sse4_2 x2apic popcnt tsc_deadline_timer aes xsave avx hypervisor lahf_lm ida arat pln pts dtherm tsc_adjust
bogomips	: 3600.00
clflush size	: 64
cache_alignment	: 64
address sizes	: 42 bits physical, 48 bits virtual
power management:

processor	: 5
vendor_id	: GenuineIntel
cpu family	: 6
model		: 45
model name	: Intel(R) Xeon(R) CPU E5-2650L 0 @ 1.80GHz
stepping	: 7
microcode	: 0x710
cpu MHz		: 1800.000
cache size	: 20480 KB
physical id	: 10
siblings	: 1
core id		: 0
cpu cores	: 1
apicid		: 10
initial apicid	: 10
fpu		: yes
fpu_exception	: yes
cpuid level	: 13
wp		: yes
flags		: fpu vme de pse tsc msr pae mce cx8 apic sep mtrr pge mca cmov pat pse36 clflush dts mmx fxsr sse sse2 ss syscall nx rdtscp lm constant_tsc arch_perfmon pebs bts nopl xtopology tsc_reliable nonstop_tsc aperfmperf pni pclmulqdq ssse3 cx16 pcid sse4_1 sse4_2 x2apic popcnt tsc_deadline_timer aes xsave avx hypervisor lahf_lm ida arat pln pts dtherm tsc_adjust
bogomips	: 3600.00
clflush size	: 64
cache_alignment	: 64
address sizes	: 42 bits physical, 48 bits virtual
power management:

processor	: 6
vendor_id	: GenuineIntel
cpu family	: 6
model		: 45
model name	: Intel(R) Xeon(R) CPU E5-2650L 0 @ 1.80GHz
stepping	: 7
microcode	: 0x710
cpu MHz		: 1800.000
cache size	: 20480 KB
physical id	: 12
siblings	: 1
core id		: 0
cpu cores	: 1
apicid		: 12
initial apicid	: 12
fpu		: yes
fpu_exception	: yes
cpuid level	: 13
wp		: yes
flags		: fpu vme de pse tsc msr pae mce cx8 apic sep mtrr pge mca cmov pat pse36 clflush dts mmx fxsr sse sse2 ss syscall nx rdtscp lm constant_tsc arch_perfmon pebs bts nopl xtopology tsc_reliable nonstop_tsc aperfmperf pni pclmulqdq ssse3 cx16 pcid sse4_1 sse4_2 x2apic popcnt tsc_deadline_timer aes xsave avx hypervisor lahf_lm ida arat pln pts dtherm tsc_adjust
bogomips	: 3600.00
clflush size	: 64
cache_alignment	: 64
address sizes	: 42 bits physical, 48 bits virtual
power management:

processor	: 7
vendor_id	: GenuineIntel
cpu family	: 6
model		: 45
model name	: Intel(R) Xeon(R) CPU E5-2650L 0 @ 1.80GHz
stepping	: 7
microcode	: 0x710
cpu MHz		: 1800.000
cache size	: 20480 KB
physical id	: 14
siblings	: 1
core id		: 0
cpu cores	: 1
apicid		: 14
initial apicid	: 14
fpu		: yes
fpu_exception	: yes
cpuid level	: 13
wp		: yes
flags		: fpu vme de pse tsc msr pae mce cx8 apic sep mtrr pge mca cmov pat pse36 clflush dts mmx fxsr sse sse2 ss syscall nx rdtscp lm constant_tsc arch_perfmon pebs bts nopl xtopology tsc_reliable nonstop_tsc aperfmperf pni pclmulqdq ssse3 cx16 pcid sse4_1 sse4_2 x2apic popcnt tsc_deadline_timer aes xsave avx hypervisor lahf_lm ida arat pln pts dtherm tsc_adjust
bogomips	: 3600.00
clflush size	: 64
cache_alignment	: 64
address sizes	: 42 bits physical, 48 bits virtual
power management:



Memory: 4k page, physical 33018856k(1424396k free), swap 731132k(1180k free)

vm_info: OpenJDK 64-Bit Server VM (25.121-b13) for linux-amd64 JRE (1.8.0_121-8u121-b13-1~bpo8+1-b13), built on Jan 24 2017 09:37:46 by "pbuilder" with gcc 4.9.2

time: Wed Jul 12 03:38:08 2017
elapsed time: 176 seconds (0d 0h 2m 56s)

