-1.7
-deprecation
-encoding
UTF-8
-source
1.7
-target
1.7
-classpath
/root/./workspace/box/mojito/386402413/.m2/org/springframework/boot/spring-boot-starter-web/1.3.5.RELEASE/spring-boot-starter-web-1.3.5.RELEASE.jar:/root/./workspace/box/mojito/386402413/.m2/org/springframework/boot/spring-boot-starter-mustache/1.3.5.RELEASE/spring-boot-starter-mustache-1.3.5.RELEASE.jar:/root/./workspace/box/mojito/386402413/.m2/org/springframework/boot/spring-boot-starter-aop/1.3.5.RELEASE/spring-boot-starter-aop-1.3.5.RELEASE.jar:/root/./workspace/box/mojito/386402413/.m2/org/springframework/boot/spring-boot-starter-actuator/1.3.5.RELEASE/spring-boot-starter-actuator-1.3.5.RELEASE.jar:/root/./workspace/box/mojito/386402413/.m2/org/springframework/boot/spring-boot-starter-data-jpa/1.3.5.RELEASE/spring-boot-starter-data-jpa-1.3.5.RELEASE.jar:/root/./workspace/box/mojito/386402413/.m2/org/springframework/boot/spring-boot-starter-thymeleaf/1.3.5.RELEASE/spring-boot-starter-thymeleaf-1.3.5.RELEASE.jar:/root/./workspace/box/mojito/386402413/.m2/org/springframework/boot/spring-boot-starter-security/1.3.5.RELEASE/spring-boot-starter-security-1.3.5.RELEASE.jar:/root/./workspace/box/mojito/386402413/.m2/org/springframework/spring-context-support/4.2.6.RELEASE/spring-context-support-4.2.6.RELEASE.jar:/root/./workspace/box/mojito/386402413/.m2/org/springframework/spring-aspects/4.2.6.RELEASE/spring-aspects-4.2.6.RELEASE.jar:/root/./workspace/box/mojito/386402413/.m2/org/springframework/spring-tx/4.2.6.RELEASE/spring-tx-4.2.6.RELEASE.jar:/root/./workspace/box/mojito/386402413/.m2/org/springframework/data/spring-data-rest-webmvc/2.4.4.RELEASE/spring-data-rest-webmvc-2.4.4.RELEASE.jar:/root/./workspace/box/mojito/386402413/.m2/org/springframework/hateoas/spring-hateoas/0.19.0.RELEASE/spring-hateoas-0.19.0.RELEASE.jar:/root/./workspace/box/mojito/386402413/.m2/org/springframework/security/spring-security-ldap/4.0.4.RELEASE/spring-security-ldap-4.0.4.RELEASE.jar:/root/./workspace/box/mojito/386402413/.m2/org/springframework/security/spring-security-aspects/4.0.4.RELEASE/spring-security-aspects-4.0.4.RELEASE.jar:/root/./workspace/box/mojito/386402413/.m2/org/springframework/retry/spring-retry/1.1.2.RELEASE/spring-retry-1.1.2.RELEASE.jar:/root/./workspace/box/mojito/386402413/.m2/org/springframework/security/spring-security-test/4.0.4.RELEASE/spring-security-test-4.0.4.RELEASE.jar:/root/./workspace/box/mojito/386402413/.m2/io/projectreactor/reactor-stream/2.0.8.RELEASE/reactor-stream-2.0.8.RELEASE.jar:/root/./workspace/box/mojito/386402413/.m2/org/apache/directory/server/apacheds-server-jndi/1.5.5/apacheds-server-jndi-1.5.5.jar:/root/./workspace/box/mojito/386402413/.m2/org/hsqldb/hsqldb/2.3.3/hsqldb-2.3.3.jar:/root/./workspace/box/mojito/386402413/.m2/mysql/mysql-connector-java/5.1.38/mysql-connector-java-5.1.38.jar:/root/./workspace/box/mojito/386402413/.m2/org/hibernate/hibernate-envers/4.3.11.Final/hibernate-envers-4.3.11.Final.jar:/root/./workspace/box/mojito/386402413/.m2/com/github/pnowy/nc/nativeCriteria-core/2.0/nativeCriteria-core-2.0.jar:/root/./workspace/box/mojito/386402413/.m2/org/flywaydb/flyway-core/3.2.1/flyway-core-3.2.1.jar:/root/./workspace/box/mojito/386402413/.m2/org/quartz-scheduler/quartz/2.2.3/quartz-2.2.3.jar:/root/./workspace/box/mojito/386402413/.m2/net/sf/ehcache/ehcache-core/2.6.11/ehcache-core-2.6.11.jar:/root/./workspace/box/mojito/386402413/.m2/com/box/box-java-sdk/2.1.1/box-java-sdk-2.1.1.jar:/root/./workspace/box/mojito/386402413/.m2/com/ibm/icu/icu4j/57.1/icu4j-57.1.jar:/root/./workspace/box/mojito/386402413/.m2/com/cybozu/labs/langdetect/1.1-20120112/langdetect-1.1-20120112.jar:/root/./workspace/box/mojito/386402413/.m2/junit/junit/4.12/junit-4.12.jar:/root/workspace/box/mojito/386402413/restclient/target/classes:/root/workspace/box/mojito/386402413/test-common/target/classes:/root/./workspace/box/mojito/386402413/.m2/joda-time/joda-time/2.8.2/joda-time-2.8.2.jar:/root/./workspace/box/mojito/386402413/.m2/joda-time/joda-time-hibernate/1.3/joda-time-hibernate-1.3.jar:/root/./workspace/box/mojito/386402413/.m2/com/fasterxml/jackson/datatype/jackson-datatype-joda/2.6.6/jackson-datatype-joda-2.6.6.jar:/root/./workspace/box/mojito/386402413/.m2/org/jadira/usertype/usertype.core/3.2.0.GA/usertype.core-3.2.0.GA.jar:/root/./workspace/box/mojito/386402413/.m2/net/sf/okapi/okapi-core/0.32/okapi-core-0.32.jar:/root/./workspace/box/mojito/386402413/.m2/net/sf/okapi/filters/okapi-filter-table/0.32/okapi-filter-table-0.32.jar:/root/./workspace/box/mojito/386402413/.m2/net/sf/okapi/filters/okapi-filter-xliff/0.32/okapi-filter-xliff-0.32.jar:/root/./workspace/box/mojito/386402413/.m2/net/sf/okapi/filters/okapi-filter-po/0.32/okapi-filter-po-0.32.jar:/root/./workspace/box/mojito/386402413/.m2/net/sf/okapi/filters/okapi-filter-properties/0.32/okapi-filter-properties-0.32.jar:/root/./workspace/box/mojito/386402413/.m2/net/sf/okapi/filters/okapi-filter-regex/0.32/okapi-filter-regex-0.32.jar:/root/./workspace/box/mojito/386402413/.m2/net/sf/okapi/filters/okapi-filter-its/0.32/okapi-filter-its-0.32.jar:/root/./workspace/box/mojito/386402413/.m2/net/sf/okapi/steps/okapi-step-common/0.32/okapi-step-common-0.32.jar:/root/./workspace/box/mojito/386402413/.m2/net/sf/okapi/steps/okapi-step-qualitycheck/0.32/okapi-step-qualitycheck-0.32.jar:/root/./workspace/box/mojito/386402413/.m2/org/apache/commons/commons-csv/1.4/commons-csv-1.4.jar:/root/./workspace/box/mojito/386402413/.m2/com/googlecode/json-simple/json-simple/1.1.1/json-simple-1.1.1.jar:/root/./workspace/box/mojito/386402413/.m2/commons-codec/commons-codec/1.10/commons-codec-1.10.jar:/root/./workspace/box/mojito/386402413/.m2/commons-lang/commons-lang/2.6/commons-lang-2.6.jar:/root/./workspace/box/mojito/386402413/.m2/org/apache/httpcomponents/httpclient/4.5.2/httpclient-4.5.2.jar:/root/./workspace/box/mojito/386402413/.m2/org/webjars/Intl.js/1.0.0/Intl.js-1.0.0.jar:/root/./workspace/box/mojito/386402413/.m2/org/webjars/webjars-locator/0.28/webjars-locator-0.28.jar:/root/./workspace/box/mojito/386402413/.m2/org/springframework/boot/spring-boot-starter-logging/1.3.5.RELEASE/spring-boot-starter-logging-1.3.5.RELEASE.jar:/root/./workspace/box/mojito/386402413/.m2/com/google/guava/guava/19.0/guava-19.0.jar:/root/./workspace/box/mojito/386402413/.m2/org/springframework/boot/spring-boot-starter-test/1.3.5.RELEASE/spring-boot-starter-test-1.3.5.RELEASE.jar:/root/./workspace/box/mojito/386402413/.m2/org/springframework/boot/spring-boot-starter/1.3.5.RELEASE/spring-boot-starter-1.3.5.RELEASE.jar:/root/./workspace/box/mojito/386402413/.m2/org/springframework/boot/spring-boot/1.3.5.RELEASE/spring-boot-1.3.5.RELEASE.jar:/root/./workspace/box/mojito/386402413/.m2/org/springframework/boot/spring-boot-autoconfigure/1.3.5.RELEASE/spring-boot-autoconfigure-1.3.5.RELEASE.jar:/root/./workspace/box/mojito/386402413/.m2/org/yaml/snakeyaml/1.16/snakeyaml-1.16.jar:/root/./workspace/box/mojito/386402413/.m2/org/springframework/boot/spring-boot-starter-tomcat/1.3.5.RELEASE/spring-boot-starter-tomcat-1.3.5.RELEASE.jar:/root/./workspace/box/mojito/386402413/.m2/org/apache/tomcat/embed/tomcat-embed-core/8.0.33/tomcat-embed-core-8.0.33.jar:/root/./workspace/box/mojito/386402413/.m2/org/apache/tomcat/embed/tomcat-embed-el/8.0.33/tomcat-embed-el-8.0.33.jar:/root/./workspace/box/mojito/386402413/.m2/org/apache/tomcat/embed/tomcat-embed-logging-juli/8.0.33/tomcat-embed-logging-juli-8.0.33.jar:/root/./workspace/box/mojito/386402413/.m2/org/apache/tomcat/embed/tomcat-embed-websocket/8.0.33/tomcat-embed-websocket-8.0.33.jar:/root/./workspace/box/mojito/386402413/.m2/org/springframework/boot/spring-boot-starter-validation/1.3.5.RELEASE/spring-boot-starter-validation-1.3.5.RELEASE.jar:/root/./workspace/box/mojito/386402413/.m2/com/fasterxml/jackson/core/jackson-databind/2.6.6/jackson-databind-2.6.6.jar:/root/./workspace/box/mojito/386402413/.m2/org/springframework/spring-web/4.2.6.RELEASE/spring-web-4.2.6.RELEASE.jar:/root/./workspace/box/mojito/386402413/.m2/org/springframework/spring-webmvc/4.2.6.RELEASE/spring-webmvc-4.2.6.RELEASE.jar:/root/./workspace/box/mojito/386402413/.m2/org/springframework/spring-expression/4.2.6.RELEASE/spring-expression-4.2.6.RELEASE.jar:/root/./workspace/box/mojito/386402413/.m2/com/samskivert/jmustache/1.11/jmustache-1.11.jar:/root/./workspace/box/mojito/386402413/.m2/org/springframework/spring-aop/4.2.6.RELEASE/spring-aop-4.2.6.RELEASE.jar:/root/./workspace/box/mojito/386402413/.m2/aopalliance/aopalliance/1.0/aopalliance-1.0.jar:/root/./workspace/box/mojito/386402413/.m2/org/aspectj/aspectjweaver/1.8.9/aspectjweaver-1.8.9.jar:/root/./workspace/box/mojito/386402413/.m2/org/springframework/boot/spring-boot-actuator/1.3.5.RELEASE/spring-boot-actuator-1.3.5.RELEASE.jar:/root/./workspace/box/mojito/386402413/.m2/org/springframework/boot/spring-boot-starter-jdbc/1.3.5.RELEASE/spring-boot-starter-jdbc-1.3.5.RELEASE.jar:/root/./workspace/box/mojito/386402413/.m2/org/apache/tomcat/tomcat-jdbc/8.0.33/tomcat-jdbc-8.0.33.jar:/root/./workspace/box/mojito/386402413/.m2/org/apache/tomcat/tomcat-juli/8.0.33/tomcat-juli-8.0.33.jar:/root/./workspace/box/mojito/386402413/.m2/org/springframework/spring-jdbc/4.2.6.RELEASE/spring-jdbc-4.2.6.RELEASE.jar:/root/./workspace/box/mojito/386402413/.m2/org/hibernate/hibernate-entitymanager/4.3.11.Final/hibernate-entitymanager-4.3.11.Final.jar:/root/./workspace/box/mojito/386402413/.m2/dom4j/dom4j/1.6.1/dom4j-1.6.1.jar:/root/./workspace/box/mojito/386402413/.m2/xml-apis/xml-apis/1.0.b2/xml-apis-1.0.b2.jar:/root/./workspace/box/mojito/386402413/.m2/org/hibernate/common/hibernate-commons-annotations/4.0.5.Final/hibernate-commons-annotations-4.0.5.Final.jar:/root/./workspace/box/mojito/386402413/.m2/org/hibernate/javax/persistence/hibernate-jpa-2.1-api/1.0.0.Final/hibernate-jpa-2.1-api-1.0.0.Final.jar:/root/./workspace/box/mojito/386402413/.m2/org/javassist/javassist/3.18.1-GA/javassist-3.18.1-GA.jar:/root/./workspace/box/mojito/386402413/.m2/javax/transaction/javax.transaction-api/1.2/javax.transaction-api-1.2.jar:/root/./workspace/box/mojito/386402413/.m2/org/springframework/data/spring-data-jpa/1.9.4.RELEASE/spring-data-jpa-1.9.4.RELEASE.jar:/root/./workspace/box/mojito/386402413/.m2/org/springframework/data/spring-data-commons/1.11.4.RELEASE/spring-data-commons-1.11.4.RELEASE.jar:/root/./workspace/box/mojito/386402413/.m2/org/springframework/spring-orm/4.2.6.RELEASE/spring-orm-4.2.6.RELEASE.jar:/root/./workspace/box/mojito/386402413/.m2/org/thymeleaf/thymeleaf-spring4/2.1.4.RELEASE/thymeleaf-spring4-2.1.4.RELEASE.jar:/root/./workspace/box/mojito/386402413/.m2/org/thymeleaf/thymeleaf/2.1.4.RELEASE/thymeleaf-2.1.4.RELEASE.jar:/root/./workspace/box/mojito/386402413/.m2/ognl/ognl/3.0.8/ognl-3.0.8.jar:/root/./workspace/box/mojito/386402413/.m2/org/unbescape/unbescape/1.1.0.RELEASE/unbescape-1.1.0.RELEASE.jar:/root/./workspace/box/mojito/386402413/.m2/nz/net/ultraq/thymeleaf/thymeleaf-layout-dialect/1.3.3/thymeleaf-layout-dialect-1.3.3.jar:/root/./workspace/box/mojito/386402413/.m2/org/codehaus/groovy/groovy/2.4.6/groovy-2.4.6.jar:/root/./workspace/box/mojito/386402413/.m2/org/springframework/security/spring-security-config/4.0.4.RELEASE/spring-security-config-4.0.4.RELEASE.jar:/root/./workspace/box/mojito/386402413/.m2/org/springframework/security/spring-security-web/4.0.4.RELEASE/spring-security-web-4.0.4.RELEASE.jar:/root/./workspace/box/mojito/386402413/.m2/org/springframework/spring-beans/4.2.6.RELEASE/spring-beans-4.2.6.RELEASE.jar:/root/./workspace/box/mojito/386402413/.m2/org/springframework/spring-context/4.2.6.RELEASE/spring-context-4.2.6.RELEASE.jar:/root/./workspace/box/mojito/386402413/.m2/org/springframework/spring-core/4.2.6.RELEASE/spring-core-4.2.6.RELEASE.jar:/root/./workspace/box/mojito/386402413/.m2/org/springframework/data/spring-data-rest-core/2.4.4.RELEASE/spring-data-rest-core-2.4.4.RELEASE.jar:/root/./workspace/box/mojito/386402413/.m2/org/springframework/plugin/spring-plugin-core/1.2.0.RELEASE/spring-plugin-core-1.2.0.RELEASE.jar:/root/./workspace/box/mojito/386402413/.m2/org/atteo/evo-inflector/1.2.1/evo-inflector-1.2.1.jar:/root/./workspace/box/mojito/386402413/.m2/com/fasterxml/jackson/core/jackson-annotations/2.6.6/jackson-annotations-2.6.6.jar:/root/./workspace/box/mojito/386402413/.m2/com/github/fge/json-patch/1.7/json-patch-1.7.jar:/root/./workspace/box/mojito/386402413/.m2/com/github/fge/jackson-coreutils/1.6/jackson-coreutils-1.6.jar:/root/./workspace/box/mojito/386402413/.m2/com/github/fge/msg-simple/1.1/msg-simple-1.1.jar:/root/./workspace/box/mojito/386402413/.m2/com/github/fge/btf/1.2/btf-1.2.jar:/root/./workspace/box/mojito/386402413/.m2/com/google/code/findbugs/jsr305/2.0.1/jsr305-2.0.1.jar:/root/./workspace/box/mojito/386402413/.m2/org/slf4j/slf4j-api/1.7.21/slf4j-api-1.7.21.jar:/root/./workspace/box/mojito/386402413/.m2/org/slf4j/jcl-over-slf4j/1.7.21/jcl-over-slf4j-1.7.21.jar:/root/./workspace/box/mojito/386402413/.m2/org/springframework/ldap/spring-ldap-core/2.0.2.RELEASE/spring-ldap-core-2.0.2.RELEASE.jar:/root/./workspace/box/mojito/386402413/.m2/org/springframework/security/spring-security-core/4.0.4.RELEASE/spring-security-core-4.0.4.RELEASE.jar:/root/./workspace/box/mojito/386402413/.m2/io/projectreactor/reactor-core/2.0.8.RELEASE/reactor-core-2.0.8.RELEASE.jar:/root/./workspace/box/mojito/386402413/.m2/org/reactivestreams/reactive-streams/1.0.0/reactive-streams-1.0.0.jar:/root/./workspace/box/mojito/386402413/.m2/org/apache/directory/server/apacheds-protocol-ldap/1.5.5/apacheds-protocol-ldap-1.5.5.jar:/root/./workspace/box/mojito/386402413/.m2/org/apache/directory/shared/shared-asn1-codec/0.9.15/shared-asn1-codec-0.9.15.jar:/root/./workspace/box/mojito/386402413/.m2/org/apache/mina/mina-core/2.0.0-M6/mina-core-2.0.0-M6.jar:/root/./workspace/box/mojito/386402413/.m2/org/apache/directory/server/apacheds-kerberos-shared/1.5.5/apacheds-kerberos-shared-1.5.5.jar:/root/./workspace/box/mojito/386402413/.m2/org/apache/directory/server/apacheds-core/1.5.5/apacheds-core-1.5.5.jar:/root/./workspace/box/mojito/386402413/.m2/org/apache/directory/server/apacheds-xdbm-search/1.5.5/apacheds-xdbm-search-1.5.5.jar:/root/./workspace/box/mojito/386402413/.m2/org/apache/directory/server/apacheds-xdbm-tools/1.5.5/apacheds-xdbm-tools-1.5.5.jar:/root/./workspace/box/mojito/386402413/.m2/org/apache/directory/server/apacheds-schema-bootstrap/1.5.5/apacheds-schema-bootstrap-1.5.5.jar:/root/./workspace/box/mojito/386402413/.m2/org/apache/directory/server/apacheds-jdbm/1.5.5/apacheds-jdbm-1.5.5.jar:/root/./workspace/box/mojito/386402413/.m2/org/apache/directory/server/apacheds-core-entry/1.5.5/apacheds-core-entry-1.5.5.jar:/root/./workspace/box/mojito/386402413/.m2/org/apache/directory/server/apacheds-schema-registries/1.5.5/apacheds-schema-registries-1.5.5.jar:/root/./workspace/box/mojito/386402413/.m2/org/apache/directory/server/apacheds-core-shared/1.5.5/apacheds-core-shared-1.5.5.jar:/root/./workspace/box/mojito/386402413/.m2/org/apache/directory/server/apacheds-core-constants/1.5.5/apacheds-core-constants-1.5.5.jar:/root/./workspace/box/mojito/386402413/.m2/org/apache/directory/server/apacheds-utils/1.5.5/apacheds-utils-1.5.5.jar:/root/./workspace/box/mojito/386402413/.m2/org/apache/directory/server/apacheds-jdbm-store/1.5.5/apacheds-jdbm-store-1.5.5.jar:/root/./workspace/box/mojito/386402413/.m2/org/apache/directory/server/apacheds-core-avl/1.5.5/apacheds-core-avl-1.5.5.jar:/root/./workspace/box/mojito/386402413/.m2/org/apache/directory/server/apacheds-xdbm-base/1.5.5/apacheds-xdbm-base-1.5.5.jar:/root/./workspace/box/mojito/386402413/.m2/org/apache/directory/server/apacheds-bootstrap-extract/1.5.5/apacheds-bootstrap-extract-1.5.5.jar:/root/./workspace/box/mojito/386402413/.m2/org/apache/directory/shared/shared-cursor/0.9.15/shared-cursor-0.9.15.jar:/root/./workspace/box/mojito/386402413/.m2/org/apache/directory/server/apacheds-bootstrap-partition/1.5.5/apacheds-bootstrap-partition-1.5.5.jar:/root/./workspace/box/mojito/386402413/.m2/org/apache/directory/server/apacheds-schema-extras/1.5.5/apacheds-schema-extras-1.5.5.jar:/root/./workspace/box/mojito/386402413/.m2/org/apache/directory/server/apacheds-protocol-shared/1.5.5/apacheds-protocol-shared-1.5.5.jar:/root/./workspace/box/mojito/386402413/.m2/org/apache/directory/server/apacheds-core-jndi/1.5.5/apacheds-core-jndi-1.5.5.jar:/root/./workspace/box/mojito/386402413/.m2/org/apache/directory/shared/shared-ldap/0.9.15/shared-ldap-0.9.15.jar:/root/./workspace/box/mojito/386402413/.m2/commons-collections/commons-collections/3.2.2/commons-collections-3.2.2.jar:/root/./workspace/box/mojito/386402413/.m2/org/apache/directory/shared/shared-asn1/0.9.15/shared-asn1-0.9.15.jar:/root/./workspace/box/mojito/386402413/.m2/org/apache/directory/shared/shared-ldap-constants/0.9.15/shared-ldap-constants-0.9.15.jar:/root/./workspace/box/mojito/386402413/.m2/antlr/antlr/2.7.7/antlr-2.7.7.jar:/root/./workspace/box/mojito/386402413/.m2/org/jboss/logging/jboss-logging/3.3.0.Final/jboss-logging-3.3.0.Final.jar:/root/./workspace/box/mojito/386402413/.m2/org/jboss/logging/jboss-logging-annotations/1.2.0.Beta1/jboss-logging-annotations-1.2.0.Beta1.jar:/root/./workspace/box/mojito/386402413/.m2/org/hibernate/hibernate-core/4.3.11.Final/hibernate-core-4.3.11.Final.jar:/root/./workspace/box/mojito/386402413/.m2/org/jboss/spec/javax/transaction/jboss-transaction-api_1.2_spec/1.0.0.Final/jboss-transaction-api_1.2_spec-1.0.0.Final.jar:/root/./workspace/box/mojito/386402413/.m2/org/jboss/jandex/1.1.0.Final/jandex-1.1.0.Final.jar:/root/./workspace/box/mojito/386402413/.m2/c3p0/c3p0/0.9.1.1/c3p0-0.9.1.1.jar:/root/./workspace/box/mojito/386402413/.m2/com/eclipsesource/minimal-json/minimal-json/0.9.1/minimal-json-0.9.1.jar:/root/./workspace/box/mojito/386402413/.m2/org/bouncycastle/bcprov-jdk15on/1.52/bcprov-jdk15on-1.52.jar:/root/./workspace/box/mojito/386402413/.m2/org/bouncycastle/bcpkix-jdk15on/1.52/bcpkix-jdk15on-1.52.jar:/root/./workspace/box/mojito/386402413/.m2/org/bitbucket/b_c/jose4j/0.4.4/jose4j-0.4.4.jar:/root/./workspace/box/mojito/386402413/.m2/net/arnx/jsonic/1.2.7/jsonic-1.2.7.jar:/root/./workspace/box/mojito/386402413/.m2/org/hamcrest/hamcrest-core/1.3/hamcrest-core-1.3.jar:/root/./workspace/box/mojito/386402413/.m2/org/hibernate/hibernate-validator/5.2.4.Final/hibernate-validator-5.2.4.Final.jar:/root/./workspace/box/mojito/386402413/.m2/javax/validation/validation-api/1.1.0.Final/validation-api-1.1.0.Final.jar:/root/./workspace/box/mojito/386402413/.m2/com/fasterxml/classmate/1.1.0/classmate-1.1.0.jar:/root/./workspace/box/mojito/386402413/.m2/commons-io/commons-io/2.5/commons-io-2.5.jar:/root/./workspace/box/mojito/386402413/.m2/com/fasterxml/jackson/core/jackson-core/2.6.6/jackson-core-2.6.6.jar:/root/./workspace/box/mojito/386402413/.m2/org/jadira/usertype/usertype.spi/3.2.0.GA/usertype.spi-3.2.0.GA.jar:/root/./workspace/box/mojito/386402413/.m2/net/sf/okapi/filters/okapi-filter-plaintext/0.32/okapi-filter-plaintext-0.32.jar:/root/./workspace/box/mojito/386402413/.m2/net/sf/okapi/lib/okapi-lib-extra/0.32/okapi-lib-extra-0.32.jar:/root/./workspace/box/mojito/386402413/.m2/org/codehaus/woodstox/woodstox-core-lgpl/4.4.1/woodstox-core-lgpl-4.4.1.jar:/root/./workspace/box/mojito/386402413/.m2/javax/xml/stream/stax-api/1.0-2/stax-api-1.0-2.jar:/root/./workspace/box/mojito/386402413/.m2/org/codehaus/woodstox/stax2-api/3.1.4/stax2-api-3.1.4.jar:/root/./workspace/box/mojito/386402413/.m2/net/sf/okapi/filters/okapi-filter-abstractmarkup/0.32/okapi-filter-abstractmarkup-0.32.jar:/root/./workspace/box/mojito/386402413/.m2/net/htmlparser/jericho/jericho-html/3.4/jericho-html-3.4.jar:/root/./workspace/box/mojito/386402413/.m2/net/sf/okapi/filters/okapi-filter-html/0.32/okapi-filter-html-0.32.jar:/root/./workspace/box/mojito/386402413/.m2/nu/validator/htmlparser/htmlparser/1.4/htmlparser-1.4.jar:/root/./workspace/box/mojito/386402413/.m2/net/sf/okapi/lib/okapi-lib-verification/0.32/okapi-lib-verification-0.32.jar:/root/./workspace/box/mojito/386402413/.m2/net/sf/okapi/lib/okapi-lib-terminology/0.32/okapi-lib-terminology-0.32.jar:/root/./workspace/box/mojito/386402413/.m2/net/sf/okapi/connectors/okapi-connector-google/0.32/okapi-connector-google-0.32.jar:/root/./workspace/box/mojito/386402413/.m2/net/sf/okapi/lib/okapi-lib-translation/0.32/okapi-lib-translation-0.32.jar:/root/./workspace/box/mojito/386402413/.m2/org/apache/httpcomponents/httpcore/4.4.4/httpcore-4.4.4.jar:/root/./workspace/box/mojito/386402413/.m2/org/webjars/webjars-locator-core/0.27/webjars-locator-core-0.27.jar:/root/./workspace/box/mojito/386402413/.m2/org/apache/commons/commons-compress/1.9/commons-compress-1.9.jar:/root/./workspace/box/mojito/386402413/.m2/org/apache/commons/commons-lang3/3.4/commons-lang3-3.4.jar:/root/./workspace/box/mojito/386402413/.m2/org/webjars/npm/validate.js/0.8.0/validate.js-0.8.0.jar:/root/./workspace/box/mojito/386402413/.m2/ch/qos/logback/logback-classic/1.1.7/logback-classic-1.1.7.jar:/root/./workspace/box/mojito/386402413/.m2/ch/qos/logback/logback-core/1.1.7/logback-core-1.1.7.jar:/root/./workspace/box/mojito/386402413/.m2/org/slf4j/jul-to-slf4j/1.7.21/jul-to-slf4j-1.7.21.jar:/root/./workspace/box/mojito/386402413/.m2/org/slf4j/log4j-over-slf4j/1.7.21/log4j-over-slf4j-1.7.21.jar:/root/workspace/box/mojito/386402413/webapp/target/classes
-aspectpath
/root/./workspace/box/mojito/386402413/.m2/org/springframework/spring-aspects/4.2.6.RELEASE/spring-aspects-4.2.6.RELEASE.jar:/root/./workspace/box/mojito/386402413/.m2/org/springframework/security/spring-security-aspects/4.0.4.RELEASE/spring-security-aspects-4.0.4.RELEASE.jar
-d
/root/workspace/box/mojito/386402413/webapp/target/classes
/root/workspace/box/mojito/386402413/webapp/src/main/java/com/box/l10n/mojito/okapi/AbstractImportTranslationsStep.java
/root/workspace/box/mojito/386402413/webapp/src/main/java/com/box/l10n/mojito/okapi/filters/AndroidFilter.java
/root/workspace/box/mojito/386402413/webapp/src/main/java/com/box/l10n/mojito/okapi/filters/UsagesAnnotation.java
/root/workspace/box/mojito/386402413/webapp/src/main/java/com/box/l10n/mojito/okapi/filters/XMLEncoder.java
/root/workspace/box/mojito/386402413/webapp/src/main/java/com/box/l10n/mojito/okapi/filters/XMLFilter.java
/root/workspace/box/mojito/386402413/webapp/src/main/java/com/box/l10n/mojito/okapi/filters/CSVFilter.java
/root/workspace/box/mojito/386402413/webapp/src/main/java/com/box/l10n/mojito/okapi/filters/POFilter.java
/root/workspace/box/mojito/386402413/webapp/src/main/java/com/box/l10n/mojito/okapi/filters/PluralFormAnnotation.java
/root/workspace/box/mojito/386402413/webapp/src/main/java/com/box/l10n/mojito/okapi/filters/MacStringsFilter.java
/root/workspace/box/mojito/386402413/webapp/src/main/java/com/box/l10n/mojito/okapi/filters/PluralsHolder.java
/root/workspace/box/mojito/386402413/webapp/src/main/java/com/box/l10n/mojito/okapi/filters/MacStringsEncoder.java
/root/workspace/box/mojito/386402413/webapp/src/main/java/com/box/l10n/mojito/okapi/qualitycheck/QualityCheckSession.java
/root/workspace/box/mojito/386402413/webapp/src/main/java/com/box/l10n/mojito/okapi/qualitycheck/QualityCheckStep.java
/root/workspace/box/mojito/386402413/webapp/src/main/java/com/box/l10n/mojito/okapi/qualitycheck/Parameters.java
/root/workspace/box/mojito/386402413/webapp/src/main/java/com/box/l10n/mojito/okapi/XliffState.java
/root/workspace/box/mojito/386402413/webapp/src/main/java/com/box/l10n/mojito/okapi/TextUnitDTOAnnotations.java
/root/workspace/box/mojito/386402413/webapp/src/main/java/com/box/l10n/mojito/okapi/ImportNoteBuilder.java
/root/workspace/box/mojito/386402413/webapp/src/main/java/com/box/l10n/mojito/okapi/ImportTranslationsByIdStep.java
/root/workspace/box/mojito/386402413/webapp/src/main/java/com/box/l10n/mojito/okapi/IssueWithReasonAnnotation.java
/root/workspace/box/mojito/386402413/webapp/src/main/java/com/box/l10n/mojito/okapi/AbstractMd5ComputationStep.java
/root/workspace/box/mojito/386402413/webapp/src/main/java/com/box/l10n/mojito/okapi/PseudoLocalizeStep.java
/root/workspace/box/mojito/386402413/webapp/src/main/java/com/box/l10n/mojito/okapi/Status.java
/root/workspace/box/mojito/386402413/webapp/src/main/java/com/box/l10n/mojito/okapi/FilterEventsToInMemoryRawDocumentStep.java
/root/workspace/box/mojito/386402413/webapp/src/main/java/com/box/l10n/mojito/okapi/InheritanceMode.java
/root/workspace/box/mojito/386402413/webapp/src/main/java/com/box/l10n/mojito/okapi/AssetExtractionStep.java
/root/workspace/box/mojito/386402413/webapp/src/main/java/com/box/l10n/mojito/okapi/CheckForDoNotTranslateStep.java
/root/workspace/box/mojito/386402413/webapp/src/main/java/com/box/l10n/mojito/okapi/TextUnitDTOAnnotation.java
/root/workspace/box/mojito/386402413/webapp/src/main/java/com/box/l10n/mojito/okapi/ImportTranslationsStepException.java
/root/workspace/box/mojito/386402413/webapp/src/main/java/com/box/l10n/mojito/okapi/RawDocument.java
/root/workspace/box/mojito/386402413/webapp/src/main/java/com/box/l10n/mojito/okapi/XLIFFWriter.java
/root/workspace/box/mojito/386402413/webapp/src/main/java/com/box/l10n/mojito/okapi/ImportTranslationsFromLocalizedAssetStep.java
/root/workspace/box/mojito/386402413/webapp/src/main/java/com/box/l10n/mojito/okapi/TextUnitUtils.java
/root/workspace/box/mojito/386402413/webapp/src/main/java/com/box/l10n/mojito/okapi/TranslateStep.java
/root/workspace/box/mojito/386402413/webapp/src/main/java/com/box/l10n/mojito/okapi/ImportTranslationsStepAnnotation.java
/root/workspace/box/mojito/386402413/webapp/src/main/java/com/box/l10n/mojito/okapi/Property.java
/root/workspace/box/mojito/386402413/webapp/src/main/java/com/box/l10n/mojito/okapi/ImportTranslationsWithTranslationKitStep.java
/root/workspace/box/mojito/386402413/webapp/src/main/java/com/box/l10n/mojito/okapi/CopyFormsOnImport.java
/root/workspace/box/mojito/386402413/webapp/src/main/java/com/box/l10n/mojito/okapi/ImportTranslationsByMd5Step.java
/root/workspace/box/mojito/386402413/webapp/src/main/java/com/box/l10n/mojito/security/Role.java
/root/workspace/box/mojito/386402413/webapp/src/main/java/com/box/l10n/mojito/security/ShowPageAuthenticationSuccessHandler.java
/root/workspace/box/mojito/386402413/webapp/src/main/java/com/box/l10n/mojito/security/ActiveDirectoryAuthenticationProviderConfigurer.java
/root/workspace/box/mojito/386402413/webapp/src/main/java/com/box/l10n/mojito/security/UserDetailsImpl.java
/root/workspace/box/mojito/386402413/webapp/src/main/java/com/box/l10n/mojito/security/UserDetailsServiceImpl.java
/root/workspace/box/mojito/386402413/webapp/src/main/java/com/box/l10n/mojito/security/LdapConfig.java
/root/workspace/box/mojito/386402413/webapp/src/main/java/com/box/l10n/mojito/security/UserDetailsContextMapperImpl.java
/root/workspace/box/mojito/386402413/webapp/src/main/java/com/box/l10n/mojito/security/WebSecurityConfig.java
/root/workspace/box/mojito/386402413/webapp/src/main/java/com/box/l10n/mojito/security/SecurityConfig.java
/root/workspace/box/mojito/386402413/webapp/src/main/java/com/box/l10n/mojito/security/AuditorAwareImpl.java
/root/workspace/box/mojito/386402413/webapp/src/main/java/com/box/l10n/mojito/security/ActiveDirectoryConfig.java
/root/workspace/box/mojito/386402413/webapp/src/main/java/com/box/l10n/mojito/service/assetExtraction/AssetExtractionCleanupService.java
/root/workspace/box/mojito/386402413/webapp/src/main/java/com/box/l10n/mojito/service/assetExtraction/extractor/AssetExtractor.java
/root/workspace/box/mojito/386402413/webapp/src/main/java/com/box/l10n/mojito/service/assetExtraction/extractor/AssetPathToFilterConfigMapper.java
/root/workspace/box/mojito/386402413/webapp/src/main/java/com/box/l10n/mojito/service/assetExtraction/extractor/UnsupportedAssetFilterTypeException.java
/root/workspace/box/mojito/386402413/webapp/src/main/java/com/box/l10n/mojito/service/assetExtraction/AssetExtractionRepository.java
/root/workspace/box/mojito/386402413/webapp/src/main/java/com/box/l10n/mojito/service/assetExtraction/AssetMappingService.java
/root/workspace/box/mojito/386402413/webapp/src/main/java/com/box/l10n/mojito/service/assetExtraction/AssetExtractionService.java
/root/workspace/box/mojito/386402413/webapp/src/main/java/com/box/l10n/mojito/service/assetExtraction/AssetExtractionCleanupScheduler.java
/root/workspace/box/mojito/386402413/webapp/src/main/java/com/box/l10n/mojito/service/assetExtraction/AssetExtractionConflictException.java
/root/workspace/box/mojito/386402413/webapp/src/main/java/com/box/l10n/mojito/service/assetExtraction/AssetTextUnitToTMTextUnitRepository.java
/root/workspace/box/mojito/386402413/webapp/src/main/java/com/box/l10n/mojito/service/assetExtraction/AssetMappingDTO.java
/root/workspace/box/mojito/386402413/webapp/src/main/java/com/box/l10n/mojito/service/repository/RepositoryNameAlreadyUsedException.java
/root/workspace/box/mojito/386402413/webapp/src/main/java/com/box/l10n/mojito/service/repository/RepositoryRepository.java
/root/workspace/box/mojito/386402413/webapp/src/main/java/com/box/l10n/mojito/service/repository/RepositoryLocaleNotFoundException.java
/root/workspace/box/mojito/386402413/webapp/src/main/java/com/box/l10n/mojito/service/repository/statistics/RepositoryStatisticService.java
/root/workspace/box/mojito/386402413/webapp/src/main/java/com/box/l10n/mojito/service/repository/statistics/RepositoryLocaleStatisticRepository.java
/root/workspace/box/mojito/386402413/webapp/src/main/java/com/box/l10n/mojito/service/repository/statistics/RepositoryStatisticsScheduler.java
/root/workspace/box/mojito/386402413/webapp/src/main/java/com/box/l10n/mojito/service/repository/statistics/RepositoryStatisticRepository.java
/root/workspace/box/mojito/386402413/webapp/src/main/java/com/box/l10n/mojito/service/repository/statistics/RepositoryStatisticsUpdatedReactor.java
/root/workspace/box/mojito/386402413/webapp/src/main/java/com/box/l10n/mojito/service/repository/statistics/StatisticsScheduleRepository.java
/root/workspace/box/mojito/386402413/webapp/src/main/java/com/box/l10n/mojito/service/repository/RepositoryLocaleCreationException.java
/root/workspace/box/mojito/386402413/webapp/src/main/java/com/box/l10n/mojito/service/repository/RepositoryService.java
/root/workspace/box/mojito/386402413/webapp/src/main/java/com/box/l10n/mojito/service/repository/RepositoryLocaleRepository.java
/root/workspace/box/mojito/386402413/webapp/src/main/java/com/box/l10n/mojito/service/drop/DropService.java
/root/workspace/box/mojito/386402413/webapp/src/main/java/com/box/l10n/mojito/service/drop/exporter/DropExporterInstantiationException.java
/root/workspace/box/mojito/386402413/webapp/src/main/java/com/box/l10n/mojito/service/drop/exporter/FileSystemDropExporterConfigFromProperties.java
/root/workspace/box/mojito/386402413/webapp/src/main/java/com/box/l10n/mojito/service/drop/exporter/DropExporterType.java
/root/workspace/box/mojito/386402413/webapp/src/main/java/com/box/l10n/mojito/service/drop/exporter/DropExporterException.java
/root/workspace/box/mojito/386402413/webapp/src/main/java/com/box/l10n/mojito/service/drop/exporter/FileSystemDropExporterConfig.java
/root/workspace/box/mojito/386402413/webapp/src/main/java/com/box/l10n/mojito/service/drop/exporter/DropExporterDirectories.java
/root/workspace/box/mojito/386402413/webapp/src/main/java/com/box/l10n/mojito/service/drop/exporter/DropExporterService.java
/root/workspace/box/mojito/386402413/webapp/src/main/java/com/box/l10n/mojito/service/drop/exporter/BoxDropExporterConfig.java
/root/workspace/box/mojito/386402413/webapp/src/main/java/com/box/l10n/mojito/service/drop/exporter/DropExporterConfig.java
/root/workspace/box/mojito/386402413/webapp/src/main/java/com/box/l10n/mojito/service/drop/exporter/BoxDropExporter.java
/root/workspace/box/mojito/386402413/webapp/src/main/java/com/box/l10n/mojito/service/drop/exporter/DropExporter.java
/root/workspace/box/mojito/386402413/webapp/src/main/java/com/box/l10n/mojito/service/drop/exporter/AlreadyInitializedExporterException.java
/root/workspace/box/mojito/386402413/webapp/src/main/java/com/box/l10n/mojito/service/drop/exporter/FileSystemDropExporter.java
/root/workspace/box/mojito/386402413/webapp/src/main/java/com/box/l10n/mojito/service/drop/ExportDropConfig.java
/root/workspace/box/mojito/386402413/webapp/src/main/java/com/box/l10n/mojito/service/drop/importer/DropImporterException.java
/root/workspace/box/mojito/386402413/webapp/src/main/java/com/box/l10n/mojito/service/drop/importer/DropImporter.java
/root/workspace/box/mojito/386402413/webapp/src/main/java/com/box/l10n/mojito/service/drop/importer/BoxDropImporter.java
/root/workspace/box/mojito/386402413/webapp/src/main/java/com/box/l10n/mojito/service/drop/importer/FileSystemDropImporter.java
/root/workspace/box/mojito/386402413/webapp/src/main/java/com/box/l10n/mojito/service/drop/importer/DropFile.java
/root/workspace/box/mojito/386402413/webapp/src/main/java/com/box/l10n/mojito/service/drop/CancelDropException.java
/root/workspace/box/mojito/386402413/webapp/src/main/java/com/box/l10n/mojito/service/drop/ImportDropException.java
/root/workspace/box/mojito/386402413/webapp/src/main/java/com/box/l10n/mojito/service/drop/DropRepository.java
/root/workspace/box/mojito/386402413/webapp/src/main/java/com/box/l10n/mojito/service/drop/DropServiceConfig.java
/root/workspace/box/mojito/386402413/webapp/src/main/java/com/box/l10n/mojito/service/tm/search/TranslatedFilter.java
/root/workspace/box/mojito/386402413/webapp/src/main/java/com/box/l10n/mojito/service/tm/search/TextUnitDTO.java
/root/workspace/box/mojito/386402413/webapp/src/main/java/com/box/l10n/mojito/service/tm/search/StatusFilter.java
/root/workspace/box/mojito/386402413/webapp/src/main/java/com/box/l10n/mojito/service/tm/search/UsedFilter.java
/root/workspace/box/mojito/386402413/webapp/src/main/java/com/box/l10n/mojito/service/tm/search/TextUnitSearcherError.java
/root/workspace/box/mojito/386402413/webapp/src/main/java/com/box/l10n/mojito/service/tm/search/TextUnitSearcherParametersForTesting.java
/root/workspace/box/mojito/386402413/webapp/src/main/java/com/box/l10n/mojito/service/tm/search/TextUnitAndWordCount.java
/root/workspace/box/mojito/386402413/webapp/src/main/java/com/box/l10n/mojito/service/tm/search/TextUnitDTONativeObjectMapper.java
/root/workspace/box/mojito/386402413/webapp/src/main/java/com/box/l10n/mojito/service/tm/search/ReviewNeededFilter.java
/root/workspace/box/mojito/386402413/webapp/src/main/java/com/box/l10n/mojito/service/tm/search/IncludedInLocalizedFileFilter.java
/root/workspace/box/mojito/386402413/webapp/src/main/java/com/box/l10n/mojito/service/tm/search/SearchType.java
/root/workspace/box/mojito/386402413/webapp/src/main/java/com/box/l10n/mojito/service/tm/search/TextUnitSearcher.java
/root/workspace/box/mojito/386402413/webapp/src/main/java/com/box/l10n/mojito/service/tm/search/TextUnitSearcherParameters.java
/root/workspace/box/mojito/386402413/webapp/src/main/java/com/box/l10n/mojito/service/tm/TMTextUnitCurrentVariantRepository.java
/root/workspace/box/mojito/386402413/webapp/src/main/java/com/box/l10n/mojito/service/tm/TMTextUnitRepository.java
/root/workspace/box/mojito/386402413/webapp/src/main/java/com/box/l10n/mojito/service/tm/TMExportFilter.java
/root/workspace/box/mojito/386402413/webapp/src/main/java/com/box/l10n/mojito/service/tm/WebappTMImportException.java
/root/workspace/box/mojito/386402413/webapp/src/main/java/com/box/l10n/mojito/service/tm/TMService.java
/root/workspace/box/mojito/386402413/webapp/src/main/java/com/box/l10n/mojito/service/tm/TMTextUnitVariantRepository.java
/root/workspace/box/mojito/386402413/webapp/src/main/java/com/box/l10n/mojito/service/tm/importer/TextUnitForBatchImport.java
/root/workspace/box/mojito/386402413/webapp/src/main/java/com/box/l10n/mojito/service/tm/importer/TextUnitBatchImporterService.java
/root/workspace/box/mojito/386402413/webapp/src/main/java/com/box/l10n/mojito/service/tm/TMTextUnitIntegrityCheckService.java
/root/workspace/box/mojito/386402413/webapp/src/main/java/com/box/l10n/mojito/service/tm/TextUnitDTOWithComments.java
/root/workspace/box/mojito/386402413/webapp/src/main/java/com/box/l10n/mojito/service/tm/TMTextUnitVariantCommentRepository.java
/root/workspace/box/mojito/386402413/webapp/src/main/java/com/box/l10n/mojito/service/tm/ImportExportNote.java
/root/workspace/box/mojito/386402413/webapp/src/main/java/com/box/l10n/mojito/service/tm/TranslatorWithInheritance.java
/root/workspace/box/mojito/386402413/webapp/src/main/java/com/box/l10n/mojito/service/tm/TextUnitIdMd5DTO.java
/root/workspace/box/mojito/386402413/webapp/src/main/java/com/box/l10n/mojito/service/tm/ImportExportedXliffStep.java
/root/workspace/box/mojito/386402413/webapp/src/main/java/com/box/l10n/mojito/service/tm/TMImportService.java
/root/workspace/box/mojito/386402413/webapp/src/main/java/com/box/l10n/mojito/service/tm/UpdateTMWithXLIFFResult.java
/root/workspace/box/mojito/386402413/webapp/src/main/java/com/box/l10n/mojito/service/tm/TMTextUnitVariantCommentService.java
/root/workspace/box/mojito/386402413/webapp/src/main/java/com/box/l10n/mojito/service/tm/TMRepository.java
/root/workspace/box/mojito/386402413/webapp/src/main/java/com/box/l10n/mojito/service/tm/AddTMTextUnitCurrentVariantResult.java
/root/workspace/box/mojito/386402413/webapp/src/main/java/com/box/l10n/mojito/service/assetintegritychecker/integritychecker/WhitespaceIntegrityChecker.java
/root/workspace/box/mojito/386402413/webapp/src/main/java/com/box/l10n/mojito/service/assetintegritychecker/integritychecker/PrintfLikeIntegrityChecker.java
/root/workspace/box/mojito/386402413/webapp/src/main/java/com/box/l10n/mojito/service/assetintegritychecker/integritychecker/IntegrityCheckException.java
/root/workspace/box/mojito/386402413/webapp/src/main/java/com/box/l10n/mojito/service/assetintegritychecker/integritychecker/HtmlTagIntegrityChecker.java
/root/workspace/box/mojito/386402413/webapp/src/main/java/com/box/l10n/mojito/service/assetintegritychecker/integritychecker/RegexIntegrityChecker.java
/root/workspace/box/mojito/386402413/webapp/src/main/java/com/box/l10n/mojito/service/assetintegritychecker/integritychecker/IntegrityCheckerInstantiationException.java
/root/workspace/box/mojito/386402413/webapp/src/main/java/com/box/l10n/mojito/service/assetintegritychecker/integritychecker/SimplePrintfLikeIntegrityChecker.java
/root/workspace/box/mojito/386402413/webapp/src/main/java/com/box/l10n/mojito/service/assetintegritychecker/integritychecker/IntegrityCheckerType.java
/root/workspace/box/mojito/386402413/webapp/src/main/java/com/box/l10n/mojito/service/assetintegritychecker/integritychecker/EncodingIntegrityCheckerException.java
/root/workspace/box/mojito/386402413/webapp/src/main/java/com/box/l10n/mojito/service/assetintegritychecker/integritychecker/SimplePrintfLikeIntegrityCheckerException.java
/root/workspace/box/mojito/386402413/webapp/src/main/java/com/box/l10n/mojito/service/assetintegritychecker/integritychecker/EncodingIntegrityChecker.java
/root/workspace/box/mojito/386402413/webapp/src/main/java/com/box/l10n/mojito/service/assetintegritychecker/integritychecker/IntegrityCheckerFactory.java
/root/workspace/box/mojito/386402413/webapp/src/main/java/com/box/l10n/mojito/service/assetintegritychecker/integritychecker/TrailingWhitespaceIntegrityCheckerException.java
/root/workspace/box/mojito/386402413/webapp/src/main/java/com/box/l10n/mojito/service/assetintegritychecker/integritychecker/RegexCheckerException.java
/root/workspace/box/mojito/386402413/webapp/src/main/java/com/box/l10n/mojito/service/assetintegritychecker/integritychecker/MessageFormatIntegrityCheckerException.java
/root/workspace/box/mojito/386402413/webapp/src/main/java/com/box/l10n/mojito/service/assetintegritychecker/integritychecker/HtmlTagIntegrityCheckerException.java
/root/workspace/box/mojito/386402413/webapp/src/main/java/com/box/l10n/mojito/service/assetintegritychecker/integritychecker/PrintfLikeIntegrityCheckerException.java
/root/workspace/box/mojito/386402413/webapp/src/main/java/com/box/l10n/mojito/service/assetintegritychecker/integritychecker/WhitespaceIntegrityCheckerException.java
/root/workspace/box/mojito/386402413/webapp/src/main/java/com/box/l10n/mojito/service/assetintegritychecker/integritychecker/TrailingWhitespaceIntegrityChecker.java
/root/workspace/box/mojito/386402413/webapp/src/main/java/com/box/l10n/mojito/service/assetintegritychecker/integritychecker/TextUnitIntegrityChecker.java
/root/workspace/box/mojito/386402413/webapp/src/main/java/com/box/l10n/mojito/service/assetintegritychecker/integritychecker/MessageFormatIntegrityChecker.java
/root/workspace/box/mojito/386402413/webapp/src/main/java/com/box/l10n/mojito/service/assetintegritychecker/integritychecker/TMTextUnitVariantCommentAnnotation.java
/root/workspace/box/mojito/386402413/webapp/src/main/java/com/box/l10n/mojito/service/assetintegritychecker/integritychecker/CompositeFormatIntegrityChecker.java
/root/workspace/box/mojito/386402413/webapp/src/main/java/com/box/l10n/mojito/service/assetintegritychecker/integritychecker/UnescapeStep.java
/root/workspace/box/mojito/386402413/webapp/src/main/java/com/box/l10n/mojito/service/assetintegritychecker/integritychecker/CompositeFormatIntegrityCheckerException.java
/root/workspace/box/mojito/386402413/webapp/src/main/java/com/box/l10n/mojito/service/assetintegritychecker/integritychecker/DocumentIntegrityChecker.java
/root/workspace/box/mojito/386402413/webapp/src/main/java/com/box/l10n/mojito/service/assetintegritychecker/integritychecker/IntegrityCheckStep.java
/root/workspace/box/mojito/386402413/webapp/src/main/java/com/box/l10n/mojito/service/assetintegritychecker/integritychecker/TMTextUnitVariantCommentAnnotations.java
/root/workspace/box/mojito/386402413/webapp/src/main/java/com/box/l10n/mojito/service/assetintegritychecker/AssetIntegrityCheckerService.java
/root/workspace/box/mojito/386402413/webapp/src/main/java/com/box/l10n/mojito/service/assetintegritychecker/AssetIntegrityCheckerRepository.java
/root/workspace/box/mojito/386402413/webapp/src/main/java/com/box/l10n/mojito/service/leveraging/LeveragerByContentForSourceLeveraging.java
/root/workspace/box/mojito/386402413/webapp/src/main/java/com/box/l10n/mojito/service/leveraging/AbstractLeverager.java
/root/workspace/box/mojito/386402413/webapp/src/main/java/com/box/l10n/mojito/service/leveraging/LeveragerByNameForSourceLeveraging.java
/root/workspace/box/mojito/386402413/webapp/src/main/java/com/box/l10n/mojito/service/leveraging/LeveragerByMd5.java
/root/workspace/box/mojito/386402413/webapp/src/main/java/com/box/l10n/mojito/service/leveraging/LeveragerByNameAndContent.java
/root/workspace/box/mojito/386402413/webapp/src/main/java/com/box/l10n/mojito/service/leveraging/LeveragerByTmTextUnit.java
/root/workspace/box/mojito/386402413/webapp/src/main/java/com/box/l10n/mojito/service/leveraging/LeveragerByNameAndContentForSourceLeveraging.java
/root/workspace/box/mojito/386402413/webapp/src/main/java/com/box/l10n/mojito/service/leveraging/LeveragingService.java
/root/workspace/box/mojito/386402413/webapp/src/main/java/com/box/l10n/mojito/service/leveraging/LeveragerByContent.java
/root/workspace/box/mojito/386402413/webapp/src/main/java/com/box/l10n/mojito/service/pollableTask/Pollable.java
/root/workspace/box/mojito/386402413/webapp/src/main/java/com/box/l10n/mojito/service/pollableTask/PollableAspect.java
/root/workspace/box/mojito/386402413/webapp/src/main/java/com/box/l10n/mojito/service/pollableTask/AnnotatedMethodParam.java
/root/workspace/box/mojito/386402413/webapp/src/main/java/com/box/l10n/mojito/service/pollableTask/IllegalPollableAnnotationException.java
/root/workspace/box/mojito/386402413/webapp/src/main/java/com/box/l10n/mojito/service/pollableTask/PollableTaskCleanupScheduler.java
/root/workspace/box/mojito/386402413/webapp/src/main/java/com/box/l10n/mojito/service/pollableTask/PollableFuture.java
/root/workspace/box/mojito/386402413/webapp/src/main/java/com/box/l10n/mojito/service/pollableTask/PollableCallable.java
/root/workspace/box/mojito/386402413/webapp/src/main/java/com/box/l10n/mojito/service/pollableTask/ExceptionHolder.java
/root/workspace/box/mojito/386402413/webapp/src/main/java/com/box/l10n/mojito/service/pollableTask/PollableTaskExecutionException.java
/root/workspace/box/mojito/386402413/webapp/src/main/java/com/box/l10n/mojito/service/pollableTask/InjectCurrentTask.java
/root/workspace/box/mojito/386402413/webapp/src/main/java/com/box/l10n/mojito/service/pollableTask/PollableTaskService.java
/root/workspace/box/mojito/386402413/webapp/src/main/java/com/box/l10n/mojito/service/pollableTask/PollableTaskCleanupService.java
/root/workspace/box/mojito/386402413/webapp/src/main/java/com/box/l10n/mojito/service/pollableTask/PollableFutureTaskResult.java
/root/workspace/box/mojito/386402413/webapp/src/main/java/com/box/l10n/mojito/service/pollableTask/MsgArg.java
/root/workspace/box/mojito/386402413/webapp/src/main/java/com/box/l10n/mojito/service/pollableTask/PollableAspectParameters.java
/root/workspace/box/mojito/386402413/webapp/src/main/java/com/box/l10n/mojito/service/pollableTask/PollableAspectConfig.java
/root/workspace/box/mojito/386402413/webapp/src/main/java/com/box/l10n/mojito/service/pollableTask/PollableFutureTask.java
/root/workspace/box/mojito/386402413/webapp/src/main/java/com/box/l10n/mojito/service/pollableTask/PollableTaskRepository.java
/root/workspace/box/mojito/386402413/webapp/src/main/java/com/box/l10n/mojito/service/pollableTask/ParentTask.java
/root/workspace/box/mojito/386402413/webapp/src/main/java/com/box/l10n/mojito/service/pollableTask/PollableTaskTimeoutException.java
/root/workspace/box/mojito/386402413/webapp/src/main/java/com/box/l10n/mojito/service/pollableTask/PollableTaskException.java
/root/workspace/box/mojito/386402413/webapp/src/main/java/com/box/l10n/mojito/service/image/ImageService.java
/root/workspace/box/mojito/386402413/webapp/src/main/java/com/box/l10n/mojito/service/image/ImageRepository.java
/root/workspace/box/mojito/386402413/webapp/src/main/java/com/box/l10n/mojito/service/asset/AssetRepository.java
/root/workspace/box/mojito/386402413/webapp/src/main/java/com/box/l10n/mojito/service/asset/VirtualAsset.java
/root/workspace/box/mojito/386402413/webapp/src/main/java/com/box/l10n/mojito/service/asset/AssetTextUnitSpecification.java
/root/workspace/box/mojito/386402413/webapp/src/main/java/com/box/l10n/mojito/service/asset/VirutalAssetMissingTextUnitException.java
/root/workspace/box/mojito/386402413/webapp/src/main/java/com/box/l10n/mojito/service/asset/AssetService.java
/root/workspace/box/mojito/386402413/webapp/src/main/java/com/box/l10n/mojito/service/asset/VirtualAssetRequiredException.java
/root/workspace/box/mojito/386402413/webapp/src/main/java/com/box/l10n/mojito/service/asset/AssetCreationException.java
/root/workspace/box/mojito/386402413/webapp/src/main/java/com/box/l10n/mojito/service/asset/VirtualAssetTextUnit.java
/root/workspace/box/mojito/386402413/webapp/src/main/java/com/box/l10n/mojito/service/asset/VirtualTextUnitBatchUpdaterService.java
/root/workspace/box/mojito/386402413/webapp/src/main/java/com/box/l10n/mojito/service/asset/AssetUpdateException.java
/root/workspace/box/mojito/386402413/webapp/src/main/java/com/box/l10n/mojito/service/asset/VirtualAssetService.java
/root/workspace/box/mojito/386402413/webapp/src/main/java/com/box/l10n/mojito/service/rollback/CurrentVariantRollbackParameters.java
/root/workspace/box/mojito/386402413/webapp/src/main/java/com/box/l10n/mojito/service/rollback/CurrentVariantRollbackService.java
/root/workspace/box/mojito/386402413/webapp/src/main/java/com/box/l10n/mojito/service/NormalizationUtils.java
/root/workspace/box/mojito/386402413/webapp/src/main/java/com/box/l10n/mojito/service/WordCountService.java
/root/workspace/box/mojito/386402413/webapp/src/main/java/com/box/l10n/mojito/service/eventlistener/EntityCrudEventListener.java
/root/workspace/box/mojito/386402413/webapp/src/main/java/com/box/l10n/mojito/service/eventlistener/HibernateEventListenerConfig.java
/root/workspace/box/mojito/386402413/webapp/src/main/java/com/box/l10n/mojito/service/security/user/UserRepository.java
/root/workspace/box/mojito/386402413/webapp/src/main/java/com/box/l10n/mojito/service/security/user/UserService.java
/root/workspace/box/mojito/386402413/webapp/src/main/java/com/box/l10n/mojito/service/security/user/AuthorityRepository.java
/root/workspace/box/mojito/386402413/webapp/src/main/java/com/box/l10n/mojito/service/pluralform/PluralFormRepository.java
/root/workspace/box/mojito/386402413/webapp/src/main/java/com/box/l10n/mojito/service/pluralform/PluralFormForLocaleService.java
/root/workspace/box/mojito/386402413/webapp/src/main/java/com/box/l10n/mojito/service/pluralform/PluralFormForLocaleRepository.java
/root/workspace/box/mojito/386402413/webapp/src/main/java/com/box/l10n/mojito/service/pluralform/PluralFormService.java
/root/workspace/box/mojito/386402413/webapp/src/main/java/com/box/l10n/mojito/service/pluralform/PluralFormUpdater.java
/root/workspace/box/mojito/386402413/webapp/src/main/java/com/box/l10n/mojito/service/boxsdk/BoxSDKServiceConfigEntityRepository.java
/root/workspace/box/mojito/386402413/webapp/src/main/java/com/box/l10n/mojito/service/boxsdk/BoxSDKServiceConfigEntityService.java
/root/workspace/box/mojito/386402413/webapp/src/main/java/com/box/l10n/mojito/service/boxsdk/BoxSDKAppUserService.java
/root/workspace/box/mojito/386402413/webapp/src/main/java/com/box/l10n/mojito/service/screenshot/ScreenshotRunRepository.java
/root/workspace/box/mojito/386402413/webapp/src/main/java/com/box/l10n/mojito/service/screenshot/ScreenshotService.java
/root/workspace/box/mojito/386402413/webapp/src/main/java/com/box/l10n/mojito/service/screenshot/ScreenshotTextUnitRepository.java
/root/workspace/box/mojito/386402413/webapp/src/main/java/com/box/l10n/mojito/service/screenshot/ScreenshotRepository.java
/root/workspace/box/mojito/386402413/webapp/src/main/java/com/box/l10n/mojito/service/translationkit/TranslationKitAsXliff.java
/root/workspace/box/mojito/386402413/webapp/src/main/java/com/box/l10n/mojito/service/translationkit/TranslationKitFilter.java
/root/workspace/box/mojito/386402413/webapp/src/main/java/com/box/l10n/mojito/service/translationkit/TranslationKitTextUnitRepository.java
/root/workspace/box/mojito/386402413/webapp/src/main/java/com/box/l10n/mojito/service/translationkit/TranslationKitRepository.java
/root/workspace/box/mojito/386402413/webapp/src/main/java/com/box/l10n/mojito/service/translationkit/TranslationKitStep.java
/root/workspace/box/mojito/386402413/webapp/src/main/java/com/box/l10n/mojito/service/translationkit/TranslationKitExportedImportedAndCurrentTUV.java
/root/workspace/box/mojito/386402413/webapp/src/main/java/com/box/l10n/mojito/service/translationkit/TranslationKitService.java
/root/workspace/box/mojito/386402413/webapp/src/main/java/com/box/l10n/mojito/service/languagedetection/LanguageDetectionService.java
/root/workspace/box/mojito/386402413/webapp/src/main/java/com/box/l10n/mojito/service/languagedetection/UnsupportedLanguageException.java
/root/workspace/box/mojito/386402413/webapp/src/main/java/com/box/l10n/mojito/service/languagedetection/LanguageDetectionResult.java
/root/workspace/box/mojito/386402413/webapp/src/main/java/com/box/l10n/mojito/service/locale/LocaleRepository.java
/root/workspace/box/mojito/386402413/webapp/src/main/java/com/box/l10n/mojito/service/locale/LocaleService.java
/root/workspace/box/mojito/386402413/webapp/src/main/java/com/box/l10n/mojito/service/assetTextUnit/AssetTextUnitRepository.java
/root/workspace/box/mojito/386402413/webapp/src/main/java/com/box/l10n/mojito/service/reason/Reason.java
/root/workspace/box/mojito/386402413/webapp/src/main/java/com/box/l10n/mojito/nativecriteria/VarGenerator.java
/root/workspace/box/mojito/386402413/webapp/src/main/java/com/box/l10n/mojito/nativecriteria/NativeColumnNotEqExp.java
/root/workspace/box/mojito/386402413/webapp/src/main/java/com/box/l10n/mojito/nativecriteria/NativeContainsExp.java
/root/workspace/box/mojito/386402413/webapp/src/main/java/com/box/l10n/mojito/nativecriteria/NativeILikeExp.java
/root/workspace/box/mojito/386402413/webapp/src/main/java/com/box/l10n/mojito/nativecriteria/NativeInExpFix.java
/root/workspace/box/mojito/386402413/webapp/src/main/java/com/box/l10n/mojito/nativecriteria/NativeColumnEqExp.java
/root/workspace/box/mojito/386402413/webapp/src/main/java/com/box/l10n/mojito/nativecriteria/NativeDateLteExp.java
/root/workspace/box/mojito/386402413/webapp/src/main/java/com/box/l10n/mojito/nativecriteria/JpaNativeQuery.java
/root/workspace/box/mojito/386402413/webapp/src/main/java/com/box/l10n/mojito/nativecriteria/NativeDateGteExp.java
/root/workspace/box/mojito/386402413/webapp/src/main/java/com/box/l10n/mojito/nativecriteria/NativeNotEqExpFix.java
/root/workspace/box/mojito/386402413/webapp/src/main/java/com/box/l10n/mojito/nativecriteria/NativeEqExpFix.java
/root/workspace/box/mojito/386402413/webapp/src/main/java/com/box/l10n/mojito/nativecriteria/JpaQueryProvider.java
/root/workspace/box/mojito/386402413/webapp/src/main/java/com/box/l10n/mojito/entity/PluralForm.java
/root/workspace/box/mojito/386402413/webapp/src/main/java/com/box/l10n/mojito/entity/security/group/GroupMember.java
/root/workspace/box/mojito/386402413/webapp/src/main/java/com/box/l10n/mojito/entity/security/group/Group.java
/root/workspace/box/mojito/386402413/webapp/src/main/java/com/box/l10n/mojito/entity/security/group/GroupAuthority.java
/root/workspace/box/mojito/386402413/webapp/src/main/java/com/box/l10n/mojito/entity/security/user/Authority.java
/root/workspace/box/mojito/386402413/webapp/src/main/java/com/box/l10n/mojito/entity/security/user/User.java
/root/workspace/box/mojito/386402413/webapp/src/main/java/com/box/l10n/mojito/entity/AssetIntegrityChecker.java
/root/workspace/box/mojito/386402413/webapp/src/main/java/com/box/l10n/mojito/entity/Screenshot.java
/root/workspace/box/mojito/386402413/webapp/src/main/java/com/box/l10n/mojito/entity/PluralFormForLocale.java
/root/workspace/box/mojito/386402413/webapp/src/main/java/com/box/l10n/mojito/entity/TMTextUnitVariantComment.java
/root/workspace/box/mojito/386402413/webapp/src/main/java/com/box/l10n/mojito/entity/RepositoryLocaleStatistic.java
/root/workspace/box/mojito/386402413/webapp/src/main/java/com/box/l10n/mojito/entity/TranslationKit.java
/root/workspace/box/mojito/386402413/webapp/src/main/java/com/box/l10n/mojito/entity/Image.java
/root/workspace/box/mojito/386402413/webapp/src/main/java/com/box/l10n/mojito/entity/BaseEntity.java
/root/workspace/box/mojito/386402413/webapp/src/main/java/com/box/l10n/mojito/entity/Drop.java
/root/workspace/box/mojito/386402413/webapp/src/main/java/com/box/l10n/mojito/entity/AssetTextUnitToTMTextUnit.java
/root/workspace/box/mojito/386402413/webapp/src/main/java/com/box/l10n/mojito/entity/TMTextUnit.java
/root/workspace/box/mojito/386402413/webapp/src/main/java/com/box/l10n/mojito/entity/RepositoryStatistic.java
/root/workspace/box/mojito/386402413/webapp/src/main/java/com/box/l10n/mojito/entity/Asset.java
/root/workspace/box/mojito/386402413/webapp/src/main/java/com/box/l10n/mojito/entity/AssetTextUnit.java
/root/workspace/box/mojito/386402413/webapp/src/main/java/com/box/l10n/mojito/entity/TranslationKitTextUnit.java
/root/workspace/box/mojito/386402413/webapp/src/main/java/com/box/l10n/mojito/entity/BoxSDKServiceConfigEntity.java
/root/workspace/box/mojito/386402413/webapp/src/main/java/com/box/l10n/mojito/entity/SettableAuditableEntity.java
/root/workspace/box/mojito/386402413/webapp/src/main/java/com/box/l10n/mojito/entity/RepositoryLocale.java
/root/workspace/box/mojito/386402413/webapp/src/main/java/com/box/l10n/mojito/entity/Locale.java
/root/workspace/box/mojito/386402413/webapp/src/main/java/com/box/l10n/mojito/entity/StatisticsSchedule.java
/root/workspace/box/mojito/386402413/webapp/src/main/java/com/box/l10n/mojito/entity/TMTextUnitCurrentVariant.java
/root/workspace/box/mojito/386402413/webapp/src/main/java/com/box/l10n/mojito/entity/PollableTask.java
/root/workspace/box/mojito/386402413/webapp/src/main/java/com/box/l10n/mojito/entity/Repository.java
/root/workspace/box/mojito/386402413/webapp/src/main/java/com/box/l10n/mojito/entity/ScreenshotTextUnit.java
/root/workspace/box/mojito/386402413/webapp/src/main/java/com/box/l10n/mojito/entity/TM.java
/root/workspace/box/mojito/386402413/webapp/src/main/java/com/box/l10n/mojito/entity/ScreenshotRun.java
/root/workspace/box/mojito/386402413/webapp/src/main/java/com/box/l10n/mojito/entity/AssetExtraction.java
/root/workspace/box/mojito/386402413/webapp/src/main/java/com/box/l10n/mojito/entity/AuditableEntity.java
/root/workspace/box/mojito/386402413/webapp/src/main/java/com/box/l10n/mojito/entity/TMTextUnitVariant.java
/root/workspace/box/mojito/386402413/webapp/src/main/java/com/box/l10n/mojito/rest/textunit/TextUnitWS.java
/root/workspace/box/mojito/386402413/webapp/src/main/java/com/box/l10n/mojito/rest/textunit/AssetTextUnitWithIdNotFoundException.java
/root/workspace/box/mojito/386402413/webapp/src/main/java/com/box/l10n/mojito/rest/textunit/InvalidTextUnitSearchParameterException.java
/root/workspace/box/mojito/386402413/webapp/src/main/java/com/box/l10n/mojito/rest/textunit/TMTextUnitIntegrityCheckResult.java
/root/workspace/box/mojito/386402413/webapp/src/main/java/com/box/l10n/mojito/rest/textunit/StringToDateTimeConverter.java
/root/workspace/box/mojito/386402413/webapp/src/main/java/com/box/l10n/mojito/rest/drop/DropWS.java
/root/workspace/box/mojito/386402413/webapp/src/main/java/com/box/l10n/mojito/rest/drop/DropSpecification.java
/root/workspace/box/mojito/386402413/webapp/src/main/java/com/box/l10n/mojito/rest/drop/CancelDropConfig.java
/root/workspace/box/mojito/386402413/webapp/src/main/java/com/box/l10n/mojito/rest/drop/ImportDropConfig.java
/root/workspace/box/mojito/386402413/webapp/src/main/java/com/box/l10n/mojito/rest/drop/ImportXliffBody.java
/root/workspace/box/mojito/386402413/webapp/src/main/java/com/box/l10n/mojito/rest/security/UserWS.java
/root/workspace/box/mojito/386402413/webapp/src/main/java/com/box/l10n/mojito/rest/security/UserSpecification.java
/root/workspace/box/mojito/386402413/webapp/src/main/java/com/box/l10n/mojito/rest/security/CsrfTokenController.java
/root/workspace/box/mojito/386402413/webapp/src/main/java/com/box/l10n/mojito/rest/security/UserWithIdNotFoundException.java
/root/workspace/box/mojito/386402413/webapp/src/main/java/com/box/l10n/mojito/rest/asset/VirtualAssetWS.java
/root/workspace/box/mojito/386402413/webapp/src/main/java/com/box/l10n/mojito/rest/asset/AssetSpecification.java
/root/workspace/box/mojito/386402413/webapp/src/main/java/com/box/l10n/mojito/rest/asset/XliffExportBody.java
/root/workspace/box/mojito/386402413/webapp/src/main/java/com/box/l10n/mojito/rest/asset/ImportLocalizedAssetBody.java
/root/workspace/box/mojito/386402413/webapp/src/main/java/com/box/l10n/mojito/rest/asset/FilterConfigIdOverride.java
/root/workspace/box/mojito/386402413/webapp/src/main/java/com/box/l10n/mojito/rest/asset/LocalizedAssetBody.java
/root/workspace/box/mojito/386402413/webapp/src/main/java/com/box/l10n/mojito/rest/asset/AssetWS.java
/root/workspace/box/mojito/386402413/webapp/src/main/java/com/box/l10n/mojito/rest/asset/SourceAsset.java
/root/workspace/box/mojito/386402413/webapp/src/main/java/com/box/l10n/mojito/rest/asset/AssetWithIdNotFoundException.java
/root/workspace/box/mojito/386402413/webapp/src/main/java/com/box/l10n/mojito/rest/pollableTask/PollableTaskWS.java
/root/workspace/box/mojito/386402413/webapp/src/main/java/com/box/l10n/mojito/rest/locale/LocaleSpecification.java
/root/workspace/box/mojito/386402413/webapp/src/main/java/com/box/l10n/mojito/rest/locale/LocaleWS.java
/root/workspace/box/mojito/386402413/webapp/src/main/java/com/box/l10n/mojito/rest/screenshot/ScreenshotWS.java
/root/workspace/box/mojito/386402413/webapp/src/main/java/com/box/l10n/mojito/rest/box/BoxSDKServiceConfigWS.java
/root/workspace/box/mojito/386402413/webapp/src/main/java/com/box/l10n/mojito/rest/cli/CliWS.java
/root/workspace/box/mojito/386402413/webapp/src/main/java/com/box/l10n/mojito/rest/cli/GitInfo.java
/root/workspace/box/mojito/386402413/webapp/src/main/java/com/box/l10n/mojito/rest/leveraging/LeveragingWS.java
/root/workspace/box/mojito/386402413/webapp/src/main/java/com/box/l10n/mojito/rest/leveraging/CopyTmConfig.java
/root/workspace/box/mojito/386402413/webapp/src/main/java/com/box/l10n/mojito/rest/EntityWithIdNotFoundException.java
/root/workspace/box/mojito/386402413/webapp/src/main/java/com/box/l10n/mojito/rest/PageView.java
/root/workspace/box/mojito/386402413/webapp/src/main/java/com/box/l10n/mojito/rest/repository/RepositoryWS.java
/root/workspace/box/mojito/386402413/webapp/src/main/java/com/box/l10n/mojito/rest/repository/RepositoryWithIdNotFoundException.java
/root/workspace/box/mojito/386402413/webapp/src/main/java/com/box/l10n/mojito/rest/repository/RepositorySpecification.java
/root/workspace/box/mojito/386402413/webapp/src/main/java/com/box/l10n/mojito/rest/repository/ImportRepositoryBody.java
/root/workspace/box/mojito/386402413/webapp/src/main/java/com/box/l10n/mojito/rest/View.java
/root/workspace/box/mojito/386402413/webapp/src/main/java/com/box/l10n/mojito/rest/images/ImageWS.java
/root/workspace/box/mojito/386402413/webapp/src/main/java/com/box/l10n/mojito/StreamConfig.java
/root/workspace/box/mojito/386402413/webapp/src/main/java/com/box/l10n/mojito/common/StreamUtil.java
/root/workspace/box/mojito/386402413/webapp/src/main/java/com/box/l10n/mojito/boxsdk/BoxSDKServiceConfigProvider.java
/root/workspace/box/mojito/386402413/webapp/src/main/java/com/box/l10n/mojito/boxsdk/OAuthAuthorizationResult.java
/root/workspace/box/mojito/386402413/webapp/src/main/java/com/box/l10n/mojito/boxsdk/BoxSDKJWTProvider.java
/root/workspace/box/mojito/386402413/webapp/src/main/java/com/box/l10n/mojito/boxsdk/MojitoAppUserInfo.java
/root/workspace/box/mojito/386402413/webapp/src/main/java/com/box/l10n/mojito/boxsdk/BoxSDKServiceConfig.java
/root/workspace/box/mojito/386402413/webapp/src/main/java/com/box/l10n/mojito/boxsdk/BoxSDKService.java
/root/workspace/box/mojito/386402413/webapp/src/main/java/com/box/l10n/mojito/boxsdk/BoxFileWithContent.java
/root/workspace/box/mojito/386402413/webapp/src/main/java/com/box/l10n/mojito/boxsdk/BoxSDK.java
/root/workspace/box/mojito/386402413/webapp/src/main/java/com/box/l10n/mojito/boxsdk/BoxSDKServiceException.java
/root/workspace/box/mojito/386402413/webapp/src/main/java/com/box/l10n/mojito/boxsdk/BoxAPIConnectionProvider.java
/root/workspace/box/mojito/386402413/webapp/src/main/java/com/box/l10n/mojito/boxsdk/BoxSDKServiceConfigFromProperties.java
/root/workspace/box/mojito/386402413/webapp/src/main/java/com/box/l10n/mojito/react/MustacheConfig.java
/root/workspace/box/mojito/386402413/webapp/src/main/java/com/box/l10n/mojito/react/ReactAppController.java
/root/workspace/box/mojito/386402413/webapp/src/main/java/com/box/l10n/mojito/bootstrap/Bootstrap.java
/root/workspace/box/mojito/386402413/webapp/src/main/java/com/box/l10n/mojito/bootstrap/BootstrapConfig.java
/root/workspace/box/mojito/386402413/webapp/src/main/java/com/box/l10n/mojito/aspect/JsonRawString.java
/root/workspace/box/mojito/386402413/webapp/src/main/java/com/box/l10n/mojito/aspect/StopWatchAspect.java
/root/workspace/box/mojito/386402413/webapp/src/main/java/com/box/l10n/mojito/aspect/JsonRawStringAspectConfig.java
/root/workspace/box/mojito/386402413/webapp/src/main/java/com/box/l10n/mojito/aspect/security/RunAsAspect.java
/root/workspace/box/mojito/386402413/webapp/src/main/java/com/box/l10n/mojito/aspect/security/RunAsAspectConfig.java
/root/workspace/box/mojito/386402413/webapp/src/main/java/com/box/l10n/mojito/aspect/security/RunAs.java
/root/workspace/box/mojito/386402413/webapp/src/main/java/com/box/l10n/mojito/aspect/StopWatch.java
/root/workspace/box/mojito/386402413/webapp/src/main/java/com/box/l10n/mojito/aspect/JsonRawStringAspect.java
/root/workspace/box/mojito/386402413/webapp/src/main/java/com/box/l10n/mojito/aspect/util/AspectJUtils.java
/root/workspace/box/mojito/386402413/webapp/src/main/java/com/box/l10n/mojito/CachingConfig.java
/root/workspace/box/mojito/386402413/webapp/src/main/java/com/box/l10n/mojito/pseudoloc/PseudoLocalization.java
/root/workspace/box/mojito/386402413/webapp/src/main/java/com/box/l10n/mojito/RestartableApplication.java
/root/workspace/box/mojito/386402413/webapp/src/main/java/com/box/l10n/mojito/Application.java
/root/workspace/box/mojito/386402413/webapp/src/main/java/com/box/l10n/mojito/specification/SingleParamSpecification.java
/root/workspace/box/mojito/386402413/webapp/src/main/java/com/box/l10n/mojito/specification/Specifications.java
/root/workspace/box/mojito/386402413/webapp/src/main/java/com/box/l10n/mojito/CustomKeyGenerator.java
/root/workspace/box/mojito/386402413/webapp/src/main/java/com/box/l10n/mojito/json/ObjectMapper.java
/root/workspace/box/mojito/386402413/webapp/src/main/java/com/box/l10n/mojito/json/JsonValidator.java
/root/workspace/box/mojito/386402413/webapp/src/main/java/com/box/l10n/mojito/FlyWayConfig.java
/root/workspace/box/mojito/386402413/webapp/src/main/java/com/box/l10n/mojito/AsyncConfig.java
/root/workspace/box/mojito/386402413/webapp/src/main/java/com/box/l10n/mojito/xliff/XliffUtils.java
/root/workspace/box/mojito/386402413/webapp/src/main/java/com/box/l10n/mojito/po/PoPluralRule.java
/root/workspace/box/mojito/386402413/webapp/src/main/java/com/box/l10n/mojito/converter/StringToPathConverter.java
/root/workspace/box/mojito/386402413/webapp/src/main/java/db/migration/V9__Compute_Word_Count.java
/root/workspace/box/mojito/386402413/webapp/target/generated-sources/apt/com/box/l10n/mojito/entity/AuditableEntity_.java
/root/workspace/box/mojito/386402413/webapp/target/generated-sources/apt/com/box/l10n/mojito/entity/Repository_.java
/root/workspace/box/mojito/386402413/webapp/target/generated-sources/apt/com/box/l10n/mojito/entity/TMTextUnitVariant_.java
/root/workspace/box/mojito/386402413/webapp/target/generated-sources/apt/com/box/l10n/mojito/entity/ScreenshotTextUnit_.java
/root/workspace/box/mojito/386402413/webapp/target/generated-sources/apt/com/box/l10n/mojito/entity/AssetTextUnitToTMTextUnit_.java
/root/workspace/box/mojito/386402413/webapp/target/generated-sources/apt/com/box/l10n/mojito/entity/BaseEntity_.java
/root/workspace/box/mojito/386402413/webapp/target/generated-sources/apt/com/box/l10n/mojito/entity/TMTextUnitVariantComment_.java
/root/workspace/box/mojito/386402413/webapp/target/generated-sources/apt/com/box/l10n/mojito/entity/AssetTextUnit_.java
/root/workspace/box/mojito/386402413/webapp/target/generated-sources/apt/com/box/l10n/mojito/entity/PollableTask_.java
/root/workspace/box/mojito/386402413/webapp/target/generated-sources/apt/com/box/l10n/mojito/entity/RepositoryStatistic_.java
/root/workspace/box/mojito/386402413/webapp/target/generated-sources/apt/com/box/l10n/mojito/entity/BoxSDKServiceConfigEntity_.java
/root/workspace/box/mojito/386402413/webapp/target/generated-sources/apt/com/box/l10n/mojito/entity/Asset_.java
/root/workspace/box/mojito/386402413/webapp/target/generated-sources/apt/com/box/l10n/mojito/entity/SettableAuditableEntity_.java
/root/workspace/box/mojito/386402413/webapp/target/generated-sources/apt/com/box/l10n/mojito/entity/PluralForm_.java
/root/workspace/box/mojito/386402413/webapp/target/generated-sources/apt/com/box/l10n/mojito/entity/Drop_.java
/root/workspace/box/mojito/386402413/webapp/target/generated-sources/apt/com/box/l10n/mojito/entity/AssetIntegrityChecker_.java
/root/workspace/box/mojito/386402413/webapp/target/generated-sources/apt/com/box/l10n/mojito/entity/security/group/GroupAuthority_.java
/root/workspace/box/mojito/386402413/webapp/target/generated-sources/apt/com/box/l10n/mojito/entity/security/group/Group_.java
/root/workspace/box/mojito/386402413/webapp/target/generated-sources/apt/com/box/l10n/mojito/entity/security/group/GroupMember_.java
/root/workspace/box/mojito/386402413/webapp/target/generated-sources/apt/com/box/l10n/mojito/entity/security/user/Authority_.java
/root/workspace/box/mojito/386402413/webapp/target/generated-sources/apt/com/box/l10n/mojito/entity/security/user/User_.java
/root/workspace/box/mojito/386402413/webapp/target/generated-sources/apt/com/box/l10n/mojito/entity/TMTextUnit_.java
/root/workspace/box/mojito/386402413/webapp/target/generated-sources/apt/com/box/l10n/mojito/entity/TranslationKit_.java
/root/workspace/box/mojito/386402413/webapp/target/generated-sources/apt/com/box/l10n/mojito/entity/TranslationKitTextUnit_.java
/root/workspace/box/mojito/386402413/webapp/target/generated-sources/apt/com/box/l10n/mojito/entity/RepositoryLocale_.java
/root/workspace/box/mojito/386402413/webapp/target/generated-sources/apt/com/box/l10n/mojito/entity/StatisticsSchedule_.java
/root/workspace/box/mojito/386402413/webapp/target/generated-sources/apt/com/box/l10n/mojito/entity/ScreenshotRun_.java
/root/workspace/box/mojito/386402413/webapp/target/generated-sources/apt/com/box/l10n/mojito/entity/RepositoryLocaleStatistic_.java
/root/workspace/box/mojito/386402413/webapp/target/generated-sources/apt/com/box/l10n/mojito/entity/Image_.java
/root/workspace/box/mojito/386402413/webapp/target/generated-sources/apt/com/box/l10n/mojito/entity/AssetExtraction_.java
/root/workspace/box/mojito/386402413/webapp/target/generated-sources/apt/com/box/l10n/mojito/entity/TM_.java
/root/workspace/box/mojito/386402413/webapp/target/generated-sources/apt/com/box/l10n/mojito/entity/PluralFormForLocale_.java
/root/workspace/box/mojito/386402413/webapp/target/generated-sources/apt/com/box/l10n/mojito/entity/TMTextUnitCurrentVariant_.java
/root/workspace/box/mojito/386402413/webapp/target/generated-sources/apt/com/box/l10n/mojito/entity/Screenshot_.java
/root/workspace/box/mojito/386402413/webapp/target/generated-sources/apt/com/box/l10n/mojito/entity/Locale_.java
