#
# There is insufficient memory for the Java Runtime Environment to continue.
# Native memory allocation (mmap) failed to map 622329856 bytes for committing reserved memory.
# Possible reasons:
#   The system is out of physical RAM or swap space
#   In 32 bit mode, the process size limit was hit
# Possible solutions:
#   Reduce memory load on the system
#   Increase physical memory or swap space
#   Check if swap backing store is full
#   Use 64 bit Java on a 64 bit OS
#   Decrease Java heap size (-Xmx/-Xms)
#   Decrease number of Java threads
#   Decrease Java thread stack sizes (-Xss)
#   Set larger code cache with -XX:ReservedCodeCacheSize=
# This output file may be truncated or incomplete.
#
#  Out of Memory Error (os_linux.cpp:2630), pid=260, tid=0x00007f52be4e4700
#
# JRE version: OpenJDK Runtime Environment (8.0_121-b13) (build 1.8.0_121-8u121-b13-1~bpo8+1-b13)
# Java VM: OpenJDK 64-Bit Server VM (25.121-b13 mixed mode linux-amd64 compressed oops)
# Core dump written. Default location: /root/workspace/INRIA/spoon/292259349/core or core.260
#

---------------  T H R E A D  ---------------

Current thread (0x00007f52e81c8800):  VMThread [stack: 0x00007f52be3e4000,0x00007f52be4e5000] [id=274]

Stack: [0x00007f52be3e4000,0x00007f52be4e5000],  sp=0x00007f52be4e34c0,  free space=1021k
Native frames: (J=compiled Java code, j=interpreted, Vv=VM code, C=native code)
V  [libjvm.so+0xa9700d]
V  [libjvm.so+0x4ea26c]
V  [libjvm.so+0x8e2b90]
V  [libjvm.so+0x8dd27e]
V  [libjvm.so+0x95a25b]
V  [libjvm.so+0x95b5c3]
V  [libjvm.so+0x9580be]
V  [libjvm.so+0x9583ac]
V  [libjvm.so+0x908d43]
V  [libjvm.so+0xa98c42]
V  [libjvm.so+0xa9d7e7]
V  [libjvm.so+0xa9bb07]
V  [libjvm.so+0xa9c337]
V  [libjvm.so+0xa9c881]
V  [libjvm.so+0x8e0062]

VM_Operation (0x00007f52ee9afc90): ParallelGCFailedAllocation, mode: safepoint, requested by thread 0x00007f52e800b800


---------------  P R O C E S S  ---------------

Java Threads: ( => current thread )
  0x00007f52e8477800 JavaThread "surefire-forkedjvm-command-thread" daemon [_thread_in_native, id=285, stack(0x00007f52bd317000,0x00007f52bd418000)]
  0x00007f52e846b000 JavaThread "last-ditch-daemon-shutdown-thread-30sec" daemon [_thread_blocked, id=284, stack(0x00007f52bd418000,0x00007f52bd519000)]
  0x00007f52e8449800 JavaThread "Service Thread" daemon [_thread_blocked, id=282, stack(0x00007f52bd61a000,0x00007f52bd71b000)]
  0x00007f52e8487000 JavaThread "C1 CompilerThread3" daemon [_thread_blocked, id=281, stack(0x00007f52bd71b000,0x00007f52bd81c000)]
  0x00007f52e8485800 JavaThread "C2 CompilerThread2" daemon [_thread_blocked, id=280, stack(0x00007f52bd81c000,0x00007f52bd91d000)]
  0x00007f52e83b8000 JavaThread "C2 CompilerThread1" daemon [_thread_blocked, id=279, stack(0x00007f52bd91d000,0x00007f52bda1e000)]
  0x00007f52e8431800 JavaThread "C2 CompilerThread0" daemon [_thread_blocked, id=278, stack(0x00007f52bda1e000,0x00007f52bdb1f000)]
  0x00007f52e81fd800 JavaThread "Signal Dispatcher" daemon [_thread_blocked, id=277, stack(0x00007f52bdf72000,0x00007f52be073000)]
  0x00007f52e81d4800 JavaThread "Finalizer" daemon [_thread_blocked, id=276, stack(0x00007f52be1e2000,0x00007f52be2e3000)]
  0x00007f52e81d0000 JavaThread "Reference Handler" daemon [_thread_blocked, id=275, stack(0x00007f52be2e3000,0x00007f52be3e4000)]
  0x00007f52e800b800 JavaThread "main" [_thread_blocked, id=262, stack(0x00007f52ee8b3000,0x00007f52ee9b4000)]

Other Threads:
=>0x00007f52e81c8800 VMThread [stack: 0x00007f52be3e4000,0x00007f52be4e5000] [id=274]
  0x00007f52e8427800 WatcherThread [stack: 0x00007f52bd519000,0x00007f52bd61a000] [id=283]

VM state:at safepoint (normal execution)

VM Mutex/Monitor currently owned by a thread:  ([mutex/lock_event])
[0x00007f52e8008090] Threads_lock - owner thread: 0x00007f52e81c8800
[0x00007f52e8008590] Heap_lock - owner thread: 0x00007f52e800b800

Heap:
 PSYoungGen      total 1609216K, used 32K [0x0000000718100000, 0x0000000782000000, 0x00000007c0000000)
  eden space 1482752K, 0% used [0x0000000718100000,0x0000000718100000,0x0000000772900000)
  from space 126464K, 0% used [0x0000000772900000,0x0000000772908000,0x000000077a480000)
  to   space 94720K, 0% used [0x000000077c380000,0x000000077c380000,0x0000000782000000)
 ParOldGen       total 284672K, used 20322K [0x00000005c8200000, 0x00000005d9800000, 0x0000000718100000)
  object space 284672K, 7% used [0x00000005c8200000,0x00000005c95d88c0,0x00000005d9800000)
 Metaspace       used 25631K, capacity 25846K, committed 26112K, reserved 1073152K
  class space    used 2139K, capacity 2225K, committed 2304K, reserved 1048576K

Card table byte_map: [0x00007f52d6bf2000,0x00007f52d7bb2000] byte_map_base: 0x00007f52d3db1000

Marking Bits: (ParMarkBitMap*) 0x00007f52edb8e340
 Begin Bits: [0x00007f52a8410000, 0x00007f52b0208000)
 End Bits:   [0x00007f52b0208000, 0x00007f52b8000000)

Polling page: 0x00007f52ee9be000

CodeCache: size=245760Kb used=26078Kb max_used=27212Kb free=219681Kb
 bounds [0x00007f52d7f72000, 0x00007f52d9a52000, 0x00007f52e6f72000]
 total_blobs=5813 nmethods=5416 adapters=307
 compilation: enabled

Compilation events (10 events):
Event: 49.828 Thread 0x00007f52e8431800 nmethod 7755 0x00007f52d8d506d0 code [0x00007f52d8d508c0, 0x00007f52d8d50f78]
Event: 49.869 Thread 0x00007f52e8485800 7756       4       spoon.support.reflect.code.CtVariableWriteImpl::$jacocoInit (52 bytes)
Event: 49.870 Thread 0x00007f52e8485800 nmethod 7756 0x00007f52d9790350 code [0x00007f52d97904a0, 0x00007f52d97904f8]
Event: 49.945 Thread 0x00007f52e8485800 7757       4       java.util.TreeMap::getEntryUsingComparator (74 bytes)
Event: 49.954 Thread 0x00007f52e8485800 nmethod 7757 0x00007f52d8a2ae50 code [0x00007f52d8a2b020, 0x00007f52d8a2b7b8]
Event: 50.121 Thread 0x00007f52e8431800 7758       4       spoon.support.reflect.code.CtVariableWriteImpl::accept (16 bytes)
Event: 50.121 Thread 0x00007f52e8431800 nmethod 7758 0x00007f52d8705a90 code [0x00007f52d8705be0, 0x00007f52d8705c78]
Event: 50.245 Thread 0x00007f52e8485800 7759       4       spoon.support.reflect.code.CtSuperAccessImpl::accept (16 bytes)
Event: 50.286 Thread 0x00007f52e8485800 nmethod 7759 0x00007f52d8c70850 code [0x00007f52d8c70b20, 0x00007f52d8c71970]
Event: 50.590 Thread 0x00007f52e83b8000 7760       4       spoon.reflect.visitor.CtScanner::visitCtForEach (107 bytes)

GC Heap History (10 events):
Event: 46.523 GC heap after
Heap after GC invocations=10 (full 1):
 PSYoungGen      total 861184K, used 39313K [0x0000000718100000, 0x0000000766d80000, 0x00000007c0000000)
  eden space 729088K, 0% used [0x0000000718100000,0x0000000718100000,0x0000000744900000)
  from space 132096K, 29% used [0x0000000744900000,0x0000000746f644a8,0x000000074ca00000)
  to   space 125952K, 0% used [0x000000075f280000,0x000000075f280000,0x0000000766d80000)
 ParOldGen       total 195072K, used 172159K [0x00000005c8200000, 0x00000005d4080000, 0x0000000718100000)
  object space 195072K, 88% used [0x00000005c8200000,0x00000005d2a1ff70,0x00000005d4080000)
 Metaspace       used 25628K, capacity 25840K, committed 26112K, reserved 1073152K
  class space    used 2138K, capacity 2224K, committed 2304K, reserved 1048576K
}
Event: 46.523 GC heap before
{Heap before GC invocations=11 (full 2):
 PSYoungGen      total 861184K, used 39313K [0x0000000718100000, 0x0000000766d80000, 0x00000007c0000000)
  eden space 729088K, 0% used [0x0000000718100000,0x0000000718100000,0x0000000744900000)
  from space 132096K, 29% used [0x0000000744900000,0x0000000746f644a8,0x000000074ca00000)
  to   space 125952K, 0% used [0x000000075f280000,0x000000075f280000,0x0000000766d80000)
 ParOldGen       total 195072K, used 172159K [0x00000005c8200000, 0x00000005d4080000, 0x0000000718100000)
  object space 195072K, 88% used [0x00000005c8200000,0x00000005d2a1ff70,0x00000005d4080000)
 Metaspace       used 25628K, capacity 25840K, committed 26112K, reserved 1073152K
  class space    used 2138K, capacity 2224K, committed 2304K, reserved 1048576K
Event: 46.767 GC heap after
Heap after GC invocations=11 (full 2):
 PSYoungGen      total 861184K, used 0K [0x0000000718100000, 0x0000000766d80000, 0x00000007c0000000)
  eden space 729088K, 0% used [0x0000000718100000,0x0000000718100000,0x0000000744900000)
  from space 132096K, 0% used [0x0000000744900000,0x0000000744900000,0x000000074ca00000)
  to   space 125952K, 0% used [0x000000075f280000,0x000000075f280000,0x0000000766d80000)
 ParOldGen       total 284672K, used 20306K [0x00000005c8200000, 0x00000005d9800000, 0x0000000718100000)
  object space 284672K, 7% used [0x00000005c8200000,0x00000005c95d48c0,0x00000005d9800000)
 Metaspace       used 25628K, capacity 25840K, committed 26112K, reserved 1073152K
  class space    used 2138K, capacity 2224K, committed 2304K, reserved 1048576K
}
Event: 47.373 GC heap before
{Heap before GC invocations=12 (full 2):
 PSYoungGen      total 861184K, used 729088K [0x0000000718100000, 0x0000000766d80000, 0x00000007c0000000)
  eden space 729088K, 100% used [0x0000000718100000,0x0000000744900000,0x0000000744900000)
  from space 132096K, 0% used [0x0000000744900000,0x0000000744900000,0x000000074ca00000)
  to   space 125952K, 0% used [0x000000075f280000,0x000000075f280000,0x0000000766d80000)
 ParOldGen       total 284672K, used 20306K [0x00000005c8200000, 0x00000005d9800000, 0x0000000718100000)
  object space 284672K, 7% used [0x00000005c8200000,0x00000005c95d48c0,0x00000005d9800000)
 Metaspace       used 25628K, capacity 25840K, committed 26112K, reserved 1073152K
  class space    used 2138K, capacity 2224K, committed 2304K, reserved 1048576K
Event: 47.381 GC heap after
Heap after GC invocations=12 (full 2):
 PSYoungGen      total 1163264K, used 32K [0x0000000718100000, 0x0000000767780000, 0x00000007c0000000)
  eden space 1037312K, 0% used [0x0000000718100000,0x0000000718100000,0x0000000757600000)
  from space 125952K, 0% used [0x000000075f280000,0x000000075f288000,0x0000000766d80000)
  to   space 127488K, 0% used [0x0000000757600000,0x0000000757600000,0x000000075f280000)
 ParOldGen       total 284672K, used 20306K [0x00000005c8200000, 0x00000005d9800000, 0x0000000718100000)
  object space 284672K, 7% used [0x00000005c8200000,0x00000005c95d48c0,0x00000005d9800000)
 Metaspace       used 25628K, capacity 25840K, committed 26112K, reserved 1073152K
  class space    used 2138K, capacity 2224K, committed 2304K, reserved 1048576K
}
Event: 48.396 GC heap before
{Heap before GC invocations=13 (full 2):
 PSYoungGen      total 1163264K, used 1037344K [0x0000000718100000, 0x0000000767780000, 0x00000007c0000000)
  eden space 1037312K, 100% used [0x0000000718100000,0x0000000757600000,0x0000000757600000)
  from space 125952K, 0% used [0x000000075f280000,0x000000075f288000,0x0000000766d80000)
  to   space 127488K, 0% used [0x0000000757600000,0x0000000757600000,0x000000075f280000)
 ParOldGen       total 284672K, used 20306K [0x00000005c8200000, 0x00000005d9800000, 0x0000000718100000)
  object space 284672K, 7% used [0x00000005c8200000,0x00000005c95d48c0,0x00000005d9800000)
 Metaspace       used 25631K, capacity 25846K, committed 26112K, reserved 1073152K
  class space    used 2139K, capacity 2225K, committed 2304K, reserved 1048576K
Event: 48.459 GC heap after
Heap after GC invocations=13 (full 2):
 PSYoungGen      total 1164800K, used 32K [0x0000000718100000, 0x0000000784000000, 0x00000007c0000000)
  eden space 1037312K, 0% used [0x0000000718100000,0x0000000718100000,0x0000000757600000)
  from space 127488K, 0% used [0x0000000757600000,0x0000000757608000,0x000000075f280000)
  to   space 127488K, 0% used [0x000000077c380000,0x000000077c380000,0x0000000784000000)
 ParOldGen       total 284672K, used 20314K [0x00000005c8200000, 0x00000005d9800000, 0x0000000718100000)
  object space 284672K, 7% used [0x00000005c8200000,0x00000005c95d68c0,0x00000005d9800000)
 Metaspace       used 25631K, capacity 25846K, committed 26112K, reserved 1073152K
  class space    used 2139K, capacity 2225K, committed 2304K, reserved 1048576K
}
Event: 49.322 GC heap before
{Heap before GC invocations=14 (full 2):
 PSYoungGen      total 1164800K, used 1037344K [0x0000000718100000, 0x0000000784000000, 0x00000007c0000000)
  eden space 1037312K, 100% used [0x0000000718100000,0x0000000757600000,0x0000000757600000)
  from space 127488K, 0% used [0x0000000757600000,0x0000000757608000,0x000000075f280000)
  to   space 127488K, 0% used [0x000000077c380000,0x000000077c380000,0x0000000784000000)
 ParOldGen       total 284672K, used 20314K [0x00000005c8200000, 0x00000005d9800000, 0x0000000718100000)
  object space 284672K, 7% used [0x00000005c8200000,0x00000005c95d68c0,0x00000005d9800000)
 Metaspace       used 25631K, capacity 25846K, committed 26112K, reserved 1073152K
  class space    used 2139K, capacity 2225K, committed 2304K, reserved 1048576K
Event: 49.325 GC heap after
Heap after GC invocations=14 (full 2):
 PSYoungGen      total 1577472K, used 32K [0x0000000718100000, 0x0000000782000000, 0x00000007c0000000)
  eden space 1482752K, 0% used [0x0000000718100000,0x0000000718100000,0x0000000772900000)
  from space 94720K, 0% used [0x000000077c380000,0x000000077c388000,0x0000000782000000)
  to   space 126464K, 0% used [0x0000000772900000,0x0000000772900000,0x000000077a480000)
 ParOldGen       total 284672K, used 20322K [0x00000005c8200000, 0x00000005d9800000, 0x0000000718100000)
  object space 284672K, 7% used [0x00000005c8200000,0x00000005c95d88c0,0x00000005d9800000)
 Metaspace       used 25631K, capacity 25846K, committed 26112K, reserved 1073152K
  class space    used 2139K, capacity 2225K, committed 2304K, reserved 1048576K
}
Event: 50.668 GC heap before
{Heap before GC invocations=15 (full 2):
 PSYoungGen      total 1577472K, used 1482784K [0x0000000718100000, 0x0000000782000000, 0x00000007c0000000)
  eden space 1482752K, 100% used [0x0000000718100000,0x0000000772900000,0x0000000772900000)
  from space 94720K, 0% used [0x000000077c380000,0x000000077c388000,0x0000000782000000)
  to   space 126464K, 0% used [0x0000000772900000,0x0000000772900000,0x000000077a480000)
 ParOldGen       total 284672K, used 20322K [0x00000005c8200000, 0x00000005d9800000, 0x0000000718100000)
  object space 284672K, 7% used [0x00000005c8200000,0x00000005c95d88c0,0x00000005d9800000)
 Metaspace       used 25631K, capacity 25846K, committed 26112K, reserved 1073152K
  class space    used 2139K, capacity 2225K, committed 2304K, reserved 1048576K

Deoptimization events (10 events):
Event: 46.247 Thread 0x00007f52e800b800 Uncommon trap: reason=unstable_if action=reinterpret pc=0x00007f52d944df40 method=java.lang.Class.getEnumConstantsShared()[Ljava/lang/Object; @ 4
Event: 46.251 Thread 0x00007f52e800b800 Uncommon trap: reason=unstable_if action=reinterpret pc=0x00007f52d8d98c24 method=java.lang.Class.getEnumConstantsShared()[Ljava/lang/Object; @ 4
Event: 46.251 Thread 0x00007f52e800b800 Uncommon trap: reason=class_check action=maybe_recompile pc=0x00007f52d95ca444 method=java.util.RegularEnumSet.add(Ljava/lang/Object;)Z @ 2
Event: 46.251 Thread 0x00007f52e800b800 Uncommon trap: reason=class_check action=maybe_recompile pc=0x00007f52d95ca444 method=java.util.RegularEnumSet.add(Ljava/lang/Object;)Z @ 2
Event: 46.251 Thread 0x00007f52e800b800 Uncommon trap: reason=class_check action=maybe_recompile pc=0x00007f52d95ca444 method=java.util.RegularEnumSet.add(Ljava/lang/Object;)Z @ 2
Event: 46.251 Thread 0x00007f52e800b800 Uncommon trap: reason=class_check action=maybe_recompile pc=0x00007f52d95ca444 method=java.util.RegularEnumSet.add(Ljava/lang/Object;)Z @ 2
Event: 46.263 Thread 0x00007f52e800b800 Uncommon trap: reason=speculate_class_check action=maybe_recompile pc=0x00007f52d949bc58 method=java.util.RegularEnumSet.contains(Ljava/lang/Object;)Z @ 38
Event: 46.265 Thread 0x00007f52e800b800 Uncommon trap: reason=speculate_class_check action=maybe_recompile pc=0x00007f52d949bc58 method=java.util.RegularEnumSet.contains(Ljava/lang/Object;)Z @ 38
Event: 46.848 Thread 0x00007f52e800b800 Uncommon trap: reason=speculate_class_check action=maybe_recompile pc=0x00007f52d949bc58 method=java.util.RegularEnumSet.contains(Ljava/lang/Object;)Z @ 38
Event: 46.849 Thread 0x00007f52e800b800 Uncommon trap: reason=speculate_class_check action=maybe_recompile pc=0x00007f52d949bc58 method=java.util.RegularEnumSet.contains(Ljava/lang/Object;)Z @ 38

Internal exceptions (10 events):
Event: 45.806 Thread 0x00007f52e800b800 Exception <a 'java/lang/ClassCastException'> (0x000000073443f7e8) thrown at [/tmp/buildd/openjdk-8-8u121-b13/src/hotspot/src/share/vm/runtime/sharedRuntime.cpp, line 605]
Event: 45.806 Thread 0x00007f52e800b800 Exception <a 'java/lang/ClassCastException'> (0x000000073443fd68) thrown at [/tmp/buildd/openjdk-8-8u121-b13/src/hotspot/src/share/vm/runtime/sharedRuntime.cpp, line 605]
Event: 45.806 Thread 0x00007f52e800b800 Exception <a 'java/lang/ClassCastException'> (0x00000007344402e8) thrown at [/tmp/buildd/openjdk-8-8u121-b13/src/hotspot/src/share/vm/runtime/sharedRuntime.cpp, line 605]
Event: 45.806 Thread 0x00007f52e800b800 Exception <a 'java/lang/ClassCastException'> (0x0000000734440868) thrown at [/tmp/buildd/openjdk-8-8u121-b13/src/hotspot/src/share/vm/runtime/sharedRuntime.cpp, line 605]
Event: 45.820 Thread 0x00007f52e800b800 Exception <a 'java/lang/ClassCastException'> (0x000000073457b5a8) thrown at [/tmp/buildd/openjdk-8-8u121-b13/src/hotspot/src/share/vm/runtime/sharedRuntime.cpp, line 605]
Event: 45.820 Thread 0x00007f52e800b800 Exception <a 'java/lang/ClassCastException'> (0x000000073457bb28) thrown at [/tmp/buildd/openjdk-8-8u121-b13/src/hotspot/src/share/vm/runtime/sharedRuntime.cpp, line 605]
Event: 45.820 Thread 0x00007f52e800b800 Exception <a 'java/lang/ClassCastException'> (0x000000073457c0a8) thrown at [/tmp/buildd/openjdk-8-8u121-b13/src/hotspot/src/share/vm/runtime/sharedRuntime.cpp, line 605]
Event: 45.820 Thread 0x00007f52e800b800 Exception <a 'java/lang/ClassCastException'> (0x000000073457c628) thrown at [/tmp/buildd/openjdk-8-8u121-b13/src/hotspot/src/share/vm/runtime/sharedRuntime.cpp, line 605]
Event: 46.248 Thread 0x00007f52e800b800 Implicit null exception at 0x00007f52d836c740 to 0x00007f52d836cf11
Event: 46.248 Thread 0x00007f52e800b800 Exception <a 'java/lang/NullPointerException'> (0x0000000741a40948) thrown at [/tmp/buildd/openjdk-8-8u121-b13/src/hotspot/src/share/vm/runtime/sharedRuntime.cpp, line 605]

Events (10 events):
Event: 47.869 Thread 0x00007f52e83b8000 flushing nmethod 0x00007f52d977ff50
Event: 47.869 Thread 0x00007f52e83b8000 flushing nmethod 0x00007f52d9790350
Event: 47.869 Thread 0x00007f52e83b8000 flushing nmethod 0x00007f52d9794e10
Event: 47.908 Thread 0x00007f52e83b8000 flushing nmethod 0x00007f52d980b450
Event: 47.908 Thread 0x00007f52e83b8000 flushing nmethod 0x00007f52d980e890
Event: 48.396 Executing VM operation: ParallelGCFailedAllocation
Event: 48.459 Executing VM operation: ParallelGCFailedAllocation done
Event: 49.322 Executing VM operation: ParallelGCFailedAllocation
Event: 49.325 Executing VM operation: ParallelGCFailedAllocation done
Event: 50.668 Executing VM operation: ParallelGCFailedAllocation


Dynamic libraries:
00400000-00401000 r-xp 00000000 00:22 90                                 /usr/lib/jvm/java-8-openjdk-amd64/jre/bin/java
00600000-00601000 r--p 00000000 00:22 90                                 /usr/lib/jvm/java-8-openjdk-amd64/jre/bin/java
00601000-00602000 rw-p 00001000 00:22 90                                 /usr/lib/jvm/java-8-openjdk-amd64/jre/bin/java
00c0f000-00c30000 rw-p 00000000 00:00 0                                  [heap]
5c8200000-5d9800000 rw-p 00000000 00:00 0 
5d9800000-718100000 ---p 00000000 00:00 0 
718100000-782000000 rw-p 00000000 00:00 0 
7a7180000-7c0000000 ---p 00000000 00:00 0 
7c0000000-7c0240000 rw-p 00000000 00:00 0 
7c0240000-800000000 ---p 00000000 00:00 0 
7f5268000000-7f5268021000 rw-p 00000000 00:00 0 
7f5268021000-7f526c000000 ---p 00000000 00:00 0 
7f5270000000-7f5270021000 rw-p 00000000 00:00 0 
7f5270021000-7f5274000000 ---p 00000000 00:00 0 
7f5274000000-7f5274021000 rw-p 00000000 00:00 0 
7f5274021000-7f5278000000 ---p 00000000 00:00 0 
7f5278000000-7f5279916000 rw-p 00000000 00:00 0 
7f5279916000-7f527c000000 ---p 00000000 00:00 0 
7f527c000000-7f527c021000 rw-p 00000000 00:00 0 
7f527c021000-7f5280000000 ---p 00000000 00:00 0 
7f5280000000-7f52816c6000 rw-p 00000000 00:00 0 
7f52816c6000-7f5284000000 ---p 00000000 00:00 0 
7f5284000000-7f5285304000 rw-p 00000000 00:00 0 
7f5285304000-7f5288000000 ---p 00000000 00:00 0 
7f5288000000-7f5289156000 rw-p 00000000 00:00 0 
7f5289156000-7f528c000000 ---p 00000000 00:00 0 
7f528c000000-7f528c021000 rw-p 00000000 00:00 0 
7f528c021000-7f5290000000 ---p 00000000 00:00 0 
7f5290fff000-7f5294000000 rw-p 00000000 00:00 0 
7f5294000000-7f5294021000 rw-p 00000000 00:00 0 
7f5294021000-7f5298000000 ---p 00000000 00:00 0 
7f5298000000-7f5298021000 rw-p 00000000 00:00 0 
7f5298021000-7f529c000000 ---p 00000000 00:00 0 
7f529c000000-7f529c021000 rw-p 00000000 00:00 0 
7f529c021000-7f52a0000000 ---p 00000000 00:00 0 
7f52a0000000-7f52a0041000 rw-p 00000000 00:00 0 
7f52a0041000-7f52a4000000 ---p 00000000 00:00 0 
7f52a4000000-7f52a4021000 rw-p 00000000 00:00 0 
7f52a4021000-7f52a8000000 ---p 00000000 00:00 0 
7f52a8410000-7f52b8000000 rw-p 00000000 00:00 0 
7f52b8000000-7f52b8021000 rw-p 00000000 00:00 0 
7f52b8021000-7f52bc000000 ---p 00000000 00:00 0 
7f52bc274000-7f52bc3b4000 rw-p 00000000 00:00 0 
7f52bc3b4000-7f52bc474000 ---p 00000000 00:00 0 
7f52bc474000-7f52bc674000 rw-p 00000000 00:00 0 
7f52bc674000-7f52bc874000 rw-p 00000000 00:00 0 
7f52bc874000-7f52bca74000 rw-p 00000000 00:00 0 
7f52bca74000-7f52bcc74000 rw-p 00000000 00:00 0 
7f52bcce8000-7f52bcee8000 rw-p 00000000 00:00 0 
7f52bcee8000-7f52bd0e8000 rw-p 00000000 00:00 0 
7f52bd117000-7f52bd317000 rw-p 00000000 00:00 0 
7f52bd317000-7f52bd31a000 ---p 00000000 00:00 0 
7f52bd31a000-7f52bd418000 rw-p 00000000 00:00 0                          [stack:6012]
7f52bd418000-7f52bd41b000 ---p 00000000 00:00 0 
7f52bd41b000-7f52bd519000 rw-p 00000000 00:00 0                          [stack:6011]
7f52bd519000-7f52bd51a000 ---p 00000000 00:00 0 
7f52bd51a000-7f52bd61a000 rw-p 00000000 00:00 0                          [stack:6010]
7f52bd61a000-7f52bd61d000 ---p 00000000 00:00 0 
7f52bd61d000-7f52bd71b000 rw-p 00000000 00:00 0                          [stack:6009]
7f52bd71b000-7f52bd71e000 ---p 00000000 00:00 0 
7f52bd71e000-7f52bd81c000 rw-p 00000000 00:00 0                          [stack:6008]
7f52bd81c000-7f52bd81f000 ---p 00000000 00:00 0 
7f52bd81f000-7f52bd91d000 rw-p 00000000 00:00 0                          [stack:6007]
7f52bd91d000-7f52bd920000 ---p 00000000 00:00 0 
7f52bd920000-7f52bda1e000 rw-p 00000000 00:00 0                          [stack:6006]
7f52bda1e000-7f52bda21000 ---p 00000000 00:00 0 
7f52bda21000-7f52bdb1f000 rw-p 00000000 00:00 0                          [stack:6005]
7f52bdb1f000-7f52bdb30000 r-xp 00000000 00:22 162                        /usr/lib/jvm/java-8-openjdk-amd64/jre/lib/amd64/libnio.so
7f52bdb30000-7f52bdd30000 ---p 00011000 00:22 162                        /usr/lib/jvm/java-8-openjdk-amd64/jre/lib/amd64/libnio.so
7f52bdd30000-7f52bdd31000 r--p 00011000 00:22 162                        /usr/lib/jvm/java-8-openjdk-amd64/jre/lib/amd64/libnio.so
7f52bdd31000-7f52bdd32000 rw-p 00012000 00:22 162                        /usr/lib/jvm/java-8-openjdk-amd64/jre/lib/amd64/libnio.so
7f52bdd32000-7f52bdd49000 r-xp 00000000 00:22 153                        /usr/lib/jvm/java-8-openjdk-amd64/jre/lib/amd64/libnet.so
7f52bdd49000-7f52bdf48000 ---p 00017000 00:22 153                        /usr/lib/jvm/java-8-openjdk-amd64/jre/lib/amd64/libnet.so
7f52bdf48000-7f52bdf49000 r--p 00016000 00:22 153                        /usr/lib/jvm/java-8-openjdk-amd64/jre/lib/amd64/libnet.so
7f52bdf49000-7f52bdf4a000 rw-p 00017000 00:22 153                        /usr/lib/jvm/java-8-openjdk-amd64/jre/lib/amd64/libnet.so
7f52bdf4a000-7f52bdf4d000 r--s 00015000 00:22 121                        /usr/lib/jvm/java-8-openjdk-amd64/jre/lib/jce.jar
7f52bdf4d000-7f52bdf51000 r--s 0009a000 00:22 120                        /usr/lib/jvm/java-8-openjdk-amd64/jre/lib/jsse.jar
7f52bdf51000-7f52bdf57000 r--s 00041000 00:22 5122                       /root/workspace/INRIA/spoon/292259349/.m2/org/jacoco/org.jacoco.agent/0.7.5.201505241946/org.jacoco.agent-0.7.5.201505241946-runtime.jar
7f52bdf57000-7f52bdf5a000 r--s 00010000 00:22 8772                       /root/workspace/INRIA/spoon/292259349/.m2/org/apache/maven/surefire/surefire-junit4/2.19.1/surefire-junit4-2.19.1.jar
7f52bdf5a000-7f52bdf62000 r--s 0006e000 00:22 3605                       /root/workspace/INRIA/spoon/292259349/.m2/org/apache/commons/commons-lang3/3.5/commons-lang3-3.5.jar
7f52bdf62000-7f52bdf66000 r--s 00039000 00:22 2613                       /root/workspace/INRIA/spoon/292259349/.m2/org/codehaus/plexus/plexus-utils/3.0.24/plexus-utils-3.0.24.jar
7f52bdf66000-7f52bdf69000 r--s 00026000 00:22 3594                       /root/workspace/INRIA/spoon/292259349/.m2/org/apache/maven/maven-model/3.5.0/maven-model-3.5.0.jar
7f52bdf69000-7f52bdf72000 r--s 0006f000 00:22 3617                       /root/workspace/INRIA/spoon/292259349/.m2/log4j/log4j/1.2.17/log4j-1.2.17.jar
7f52bdf72000-7f52bdf75000 ---p 00000000 00:00 0 
7f52bdf75000-7f52be073000 rw-p 00000000 00:00 0                          [stack:6004]
7f52be073000-7f52be1e2000 r--p 00000000 00:22 56                         /usr/lib/locale/C.UTF-8/LC_COLLATE
7f52be1e2000-7f52be1e5000 ---p 00000000 00:00 0 
7f52be1e5000-7f52be2e3000 rw-p 00000000 00:00 0                          [stack:6003]
7f52be2e3000-7f52be2e6000 ---p 00000000 00:00 0 
7f52be2e6000-7f52be3e4000 rw-p 00000000 00:00 0                          [stack:6002]
7f52be3e4000-7f52be3e5000 ---p 00000000 00:00 0 
7f52be3e5000-7f52c0000000 rw-p 00000000 00:00 0                          [stack:6001]
7f52c0000000-7f52c0021000 rw-p 00000000 00:00 0 
7f52c0021000-7f52c4000000 ---p 00000000 00:00 0 
7f52c4000000-7f52c4021000 rw-p 00000000 00:00 0 
7f52c4021000-7f52c8000000 ---p 00000000 00:00 0 
7f52c8000000-7f52c8021000 rw-p 00000000 00:00 0 
7f52c8021000-7f52cc000000 ---p 00000000 00:00 0 
7f52cc000000-7f52cc021000 rw-p 00000000 00:00 0 
7f52cc021000-7f52d0000000 ---p 00000000 00:00 0 
7f52d0000000-7f52d0021000 rw-p 00000000 00:00 0 
7f52d0021000-7f52d4000000 ---p 00000000 00:00 0 
7f52d4002000-7f52d4006000 r--s 0002f000 00:22 3593                       /root/workspace/INRIA/spoon/292259349/.m2/commons-io/commons-io/2.5/commons-io-2.5.jar
7f52d4006000-7f52d4024000 r--s 00110000 00:22 3614                       /root/workspace/INRIA/spoon/292259349/.m2/org/mockito/mockito-all/2.0.2-beta/mockito-all-2.0.2-beta.jar
7f52d4024000-7f52d405b000 r--s 005c6000 00:22 3611                       /root/workspace/INRIA/spoon/292259349/.m2/org/eclipse/tycho/org.eclipse.jdt.core/3.13.0.v20170516-1929/org.eclipse.jdt.core-3.13.0.v20170516-1929.jar
7f52d405b000-7f52d4076000 r--s 00394000 00:22 134                        /usr/lib/jvm/java-8-openjdk-amd64/jre/lib/ext/cldrdata.jar
7f52d4076000-7f52d4091000 r--s 001d6000 00:22 126                        /usr/lib/jvm/java-8-openjdk-amd64/jre/lib/ext/nashorn.jar
7f52d4091000-7f52d40de000 rw-p 00000000 00:00 0 
7f52d40de000-7f52d42ac000 r--s 03c06000 00:22 119                        /usr/lib/jvm/java-8-openjdk-amd64/jre/lib/rt.jar
7f52d42ac000-7f52d5a6b000 rw-p 00000000 00:00 0 
7f52d5a6b000-7f52d5a6c000 ---p 00000000 00:00 0 
7f52d5a6c000-7f52d5b6c000 rw-p 00000000 00:00 0                          [stack:6000]
7f52d5b6c000-7f52d5b6d000 ---p 00000000 00:00 0 
7f52d5b6d000-7f52d5c6d000 rw-p 00000000 00:00 0                          [stack:5999]
7f52d5c6d000-7f52d5c6e000 ---p 00000000 00:00 0 
7f52d5c6e000-7f52d5d6e000 rw-p 00000000 00:00 0                          [stack:5998]
7f52d5d6e000-7f52d5d6f000 ---p 00000000 00:00 0 
7f52d5d6f000-7f52d5e6f000 rw-p 00000000 00:00 0                          [stack:5997]
7f52d5e6f000-7f52d5e70000 ---p 00000000 00:00 0 
7f52d5e70000-7f52d5f70000 rw-p 00000000 00:00 0                          [stack:5996]
7f52d5f70000-7f52d5f71000 ---p 00000000 00:00 0 
7f52d5f71000-7f52d6071000 rw-p 00000000 00:00 0                          [stack:5995]
7f52d6071000-7f52d6072000 ---p 00000000 00:00 0 
7f52d6072000-7f52d61fd000 rw-p 00000000 00:00 0                          [stack:5994]
7f52d61fd000-7f52d6bf2000 ---p 00000000 00:00 0 
7f52d6bf2000-7f52d6c7d000 rw-p 00000000 00:00 0 
7f52d6c7d000-7f52d7671000 ---p 00000000 00:00 0 
7f52d7671000-7f52d79c1000 rw-p 00000000 00:00 0 
7f52d79c1000-7f52d7bb1000 ---p 00000000 00:00 0 
7f52d7bb1000-7f52d7c1e000 rw-p 00000000 00:00 0 
7f52d7c1e000-7f52d7f72000 ---p 00000000 00:00 0 
7f52d7f72000-7f52d9a52000 rwxp 00000000 00:00 0 
7f52d9a52000-7f52e6f72000 ---p 00000000 00:00 0 
7f52e6f72000-7f52e6f7a000 r-xp 00000000 00:22 117                        /usr/lib/jvm/java-8-openjdk-amd64/jre/lib/amd64/libzip.so
7f52e6f7a000-7f52e7179000 ---p 00008000 00:22 117                        /usr/lib/jvm/java-8-openjdk-amd64/jre/lib/amd64/libzip.so
7f52e7179000-7f52e717a000 r--p 00007000 00:22 117                        /usr/lib/jvm/java-8-openjdk-amd64/jre/lib/amd64/libzip.so
7f52e717a000-7f52e717b000 rw-p 00008000 00:22 117                        /usr/lib/jvm/java-8-openjdk-amd64/jre/lib/amd64/libzip.so
7f52e717b000-7f52e7186000 r-xp 00000000 00:22 82                         /lib/x86_64-linux-gnu/libnss_files-2.19.so
7f52e7186000-7f52e7385000 ---p 0000b000 00:22 82                         /lib/x86_64-linux-gnu/libnss_files-2.19.so
7f52e7385000-7f52e7386000 r--p 0000a000 00:22 82                         /lib/x86_64-linux-gnu/libnss_files-2.19.so
7f52e7386000-7f52e7387000 rw-p 0000b000 00:22 82                         /lib/x86_64-linux-gnu/libnss_files-2.19.so
7f52e7387000-7f52e7391000 r-xp 00000000 00:22 80                         /lib/x86_64-linux-gnu/libnss_nis-2.19.so
7f52e7391000-7f52e7590000 ---p 0000a000 00:22 80                         /lib/x86_64-linux-gnu/libnss_nis-2.19.so
7f52e7590000-7f52e7591000 r--p 00009000 00:22 80                         /lib/x86_64-linux-gnu/libnss_nis-2.19.so
7f52e7591000-7f52e7592000 rw-p 0000a000 00:22 80                         /lib/x86_64-linux-gnu/libnss_nis-2.19.so
7f52e7592000-7f52e75a7000 r-xp 00000000 00:22 78                         /lib/x86_64-linux-gnu/libnsl-2.19.so
7f52e75a7000-7f52e77a6000 ---p 00015000 00:22 78                         /lib/x86_64-linux-gnu/libnsl-2.19.so
7f52e77a6000-7f52e77a7000 r--p 00014000 00:22 78                         /lib/x86_64-linux-gnu/libnsl-2.19.so
7f52e77a7000-7f52e77a8000 rw-p 00015000 00:22 78                         /lib/x86_64-linux-gnu/libnsl-2.19.so
7f52e77a8000-7f52e77aa000 rw-p 00000000 00:00 0 
7f52e77aa000-7f52e77b1000 r-xp 00000000 00:22 76                         /lib/x86_64-linux-gnu/libnss_compat-2.19.so
7f52e77b1000-7f52e79b0000 ---p 00007000 00:22 76                         /lib/x86_64-linux-gnu/libnss_compat-2.19.so
7f52e79b0000-7f52e79b1000 r--p 00006000 00:22 76                         /lib/x86_64-linux-gnu/libnss_compat-2.19.so
7f52e79b1000-7f52e79b2000 rw-p 00007000 00:22 76                         /lib/x86_64-linux-gnu/libnss_compat-2.19.so
7f52e79b2000-7f52e79bc000 r-xp 00000000 00:22 8775                       /usr/lib/jvm/java-8-openjdk-amd64/jre/lib/amd64/libinstrument.so
7f52e79bc000-7f52e7bbb000 ---p 0000a000 00:22 8775                       /usr/lib/jvm/java-8-openjdk-amd64/jre/lib/amd64/libinstrument.so
7f52e7bbb000-7f52e7bbc000 r--p 00009000 00:22 8775                       /usr/lib/jvm/java-8-openjdk-amd64/jre/lib/amd64/libinstrument.so
7f52e7bbc000-7f52e7bbd000 rw-p 0000a000 00:22 8775                       /usr/lib/jvm/java-8-openjdk-amd64/jre/lib/amd64/libinstrument.so
7f52e7bbd000-7f52e7beb000 r-xp 00000000 00:22 99                         /usr/lib/jvm/java-8-openjdk-amd64/jre/lib/amd64/libjava.so
7f52e7beb000-7f52e7dea000 ---p 0002e000 00:22 99                         /usr/lib/jvm/java-8-openjdk-amd64/jre/lib/amd64/libjava.so
7f52e7dea000-7f52e7deb000 r--p 0002d000 00:22 99                         /usr/lib/jvm/java-8-openjdk-amd64/jre/lib/amd64/libjava.so
7f52e7deb000-7f52e7ded000 rw-p 0002e000 00:22 99                         /usr/lib/jvm/java-8-openjdk-amd64/jre/lib/amd64/libjava.so
7f52e7ded000-7f52e7dfc000 r-xp 00000000 00:22 112                        /usr/lib/jvm/java-8-openjdk-amd64/jre/lib/amd64/libverify.so
7f52e7dfc000-7f52e7ffc000 ---p 0000f000 00:22 112                        /usr/lib/jvm/java-8-openjdk-amd64/jre/lib/amd64/libverify.so
7f52e7ffc000-7f52e7fff000 r--p 0000f000 00:22 112                        /usr/lib/jvm/java-8-openjdk-amd64/jre/lib/amd64/libverify.so
7f52e7fff000-7f52e8000000 rw-p 00012000 00:22 112                        /usr/lib/jvm/java-8-openjdk-amd64/jre/lib/amd64/libverify.so
7f52e8000000-7f52e8b85000 rw-p 00000000 00:00 0 
7f52e8b85000-7f52ec000000 ---p 00000000 00:00 0 
7f52ec001000-7f52ec002000 rw-p 00000000 00:00 0 
7f52ec002000-7f52ec004000 r--s 0000f000 00:22 3619                       /root/workspace/INRIA/spoon/292259349/.m2/com/martiansoftware/jsap/2.1/jsap-2.1.jar
7f52ec004000-7f52ec006000 r--s 00004000 00:22 3615                       /root/workspace/INRIA/spoon/292259349/.m2/com/github/stefanbirkner/system-rules/1.9.0/system-rules-1.9.0.jar
7f52ec006000-7f52ec008000 r--s 00009000 00:22 2622                       /root/workspace/INRIA/spoon/292259349/.m2/org/hamcrest/hamcrest-core/1.3/hamcrest-core-1.3.jar
7f52ec008000-7f52ec00e000 r--s 00036000 00:22 2620                       /root/workspace/INRIA/spoon/292259349/.m2/junit/junit/4.11/junit-4.11.jar
7f52ec00e000-7f52ec013000 r--s 0002b000 00:22 7654                       /root/workspace/INRIA/spoon/292259349/.m2/org/apache/maven/surefire/surefire-api/2.19.1/surefire-api-2.19.1.jar
7f52ec013000-7f52ec015000 r--s 0000a000 00:22 7646                       /root/workspace/INRIA/spoon/292259349/.m2/org/apache/maven/surefire/surefire-booter/2.19.1/surefire-booter-2.19.1.jar
7f52ec015000-7f52ec016000 r--s 0000a000 00:22 137                        /usr/lib/jvm/java-8-openjdk-amd64/jre/lib/ext/jaccess.jar
7f52ec016000-7f52ec01a000 r--s 00037000 00:22 135                        /usr/lib/jvm/java-8-openjdk-amd64/jre/lib/ext/sunpkcs11.jar
7f52ec01a000-7f52ec0eb000 rw-p 00000000 00:00 0 
7f52ec0eb000-7f52ec0ec000 ---p 00000000 00:00 0 
7f52ec0ec000-7f52ec1ec000 rw-p 00000000 00:00 0                          [stack:5993]
7f52ec1ec000-7f52ec1f3000 r-xp 00000000 00:22 111                        /lib/x86_64-linux-gnu/librt-2.19.so
7f52ec1f3000-7f52ec3f2000 ---p 00007000 00:22 111                        /lib/x86_64-linux-gnu/librt-2.19.so
7f52ec3f2000-7f52ec3f3000 r--p 00006000 00:22 111                        /lib/x86_64-linux-gnu/librt-2.19.so
7f52ec3f3000-7f52ec3f4000 rw-p 00007000 00:22 111                        /lib/x86_64-linux-gnu/librt-2.19.so
7f52ec3f4000-7f52ec40a000 r-xp 00000000 00:22 109                        /lib/x86_64-linux-gnu/libgcc_s.so.1
7f52ec40a000-7f52ec609000 ---p 00016000 00:22 109                        /lib/x86_64-linux-gnu/libgcc_s.so.1
7f52ec609000-7f52ec60a000 rw-p 00015000 00:22 109                        /lib/x86_64-linux-gnu/libgcc_s.so.1
7f52ec60a000-7f52ec70a000 r-xp 00000000 00:22 108                        /lib/x86_64-linux-gnu/libm-2.19.so
7f52ec70a000-7f52ec909000 ---p 00100000 00:22 108                        /lib/x86_64-linux-gnu/libm-2.19.so
7f52ec909000-7f52ec90a000 r--p 000ff000 00:22 108                        /lib/x86_64-linux-gnu/libm-2.19.so
7f52ec90a000-7f52ec90b000 rw-p 00100000 00:22 108                        /lib/x86_64-linux-gnu/libm-2.19.so
7f52ec90b000-7f52ec9f7000 r-xp 00000000 00:22 106                        /usr/lib/x86_64-linux-gnu/libstdc++.so.6.0.20
7f52ec9f7000-7f52ecbf7000 ---p 000ec000 00:22 106                        /usr/lib/x86_64-linux-gnu/libstdc++.so.6.0.20
7f52ecbf7000-7f52ecbff000 r--p 000ec000 00:22 106                        /usr/lib/x86_64-linux-gnu/libstdc++.so.6.0.20
7f52ecbff000-7f52ecc01000 rw-p 000f4000 00:22 106                        /usr/lib/x86_64-linux-gnu/libstdc++.so.6.0.20
7f52ecc01000-7f52ecc16000 rw-p 00000000 00:00 0 
7f52ecc16000-7f52ed8ae000 r-xp 00000000 00:22 104                        /usr/lib/jvm/java-8-openjdk-amd64/jre/lib/amd64/server/libjvm.so
7f52ed8ae000-7f52edaae000 ---p 00c98000 00:22 104                        /usr/lib/jvm/java-8-openjdk-amd64/jre/lib/amd64/server/libjvm.so
7f52edaae000-7f52edb51000 r--p 00c98000 00:22 104                        /usr/lib/jvm/java-8-openjdk-amd64/jre/lib/amd64/server/libjvm.so
7f52edb51000-7f52edb7a000 rw-p 00d3b000 00:22 104                        /usr/lib/jvm/java-8-openjdk-amd64/jre/lib/amd64/server/libjvm.so
7f52edb7a000-7f52edbab000 rw-p 00000000 00:00 0 
7f52edbab000-7f52edd4c000 r-xp 00000000 00:22 34                         /lib/x86_64-linux-gnu/libc-2.19.so
7f52edd4c000-7f52edf4c000 ---p 001a1000 00:22 34                         /lib/x86_64-linux-gnu/libc-2.19.so
7f52edf4c000-7f52edf50000 r--p 001a1000 00:22 34                         /lib/x86_64-linux-gnu/libc-2.19.so
7f52edf50000-7f52edf52000 rw-p 001a5000 00:22 34                         /lib/x86_64-linux-gnu/libc-2.19.so
7f52edf52000-7f52edf56000 rw-p 00000000 00:00 0 
7f52edf56000-7f52edf59000 r-xp 00000000 00:22 71                         /lib/x86_64-linux-gnu/libdl-2.19.so
7f52edf59000-7f52ee158000 ---p 00003000 00:22 71                         /lib/x86_64-linux-gnu/libdl-2.19.so
7f52ee158000-7f52ee159000 r--p 00002000 00:22 71                         /lib/x86_64-linux-gnu/libdl-2.19.so
7f52ee159000-7f52ee15a000 rw-p 00003000 00:22 71                         /lib/x86_64-linux-gnu/libdl-2.19.so
7f52ee15a000-7f52ee168000 r-xp 00000000 00:22 98                         /usr/lib/jvm/java-8-openjdk-amd64/jre/lib/amd64/jli/libjli.so
7f52ee168000-7f52ee367000 ---p 0000e000 00:22 98                         /usr/lib/jvm/java-8-openjdk-amd64/jre/lib/amd64/jli/libjli.so
7f52ee367000-7f52ee368000 r--p 0000d000 00:22 98                         /usr/lib/jvm/java-8-openjdk-amd64/jre/lib/amd64/jli/libjli.so
7f52ee368000-7f52ee369000 rw-p 0000e000 00:22 98                         /usr/lib/jvm/java-8-openjdk-amd64/jre/lib/amd64/jli/libjli.so
7f52ee369000-7f52ee383000 r-xp 00000000 00:22 97                         /lib/x86_64-linux-gnu/libz.so.1.2.8
7f52ee383000-7f52ee582000 ---p 0001a000 00:22 97                         /lib/x86_64-linux-gnu/libz.so.1.2.8
7f52ee582000-7f52ee583000 r--p 00019000 00:22 97                         /lib/x86_64-linux-gnu/libz.so.1.2.8
7f52ee583000-7f52ee584000 rw-p 0001a000 00:22 97                         /lib/x86_64-linux-gnu/libz.so.1.2.8
7f52ee584000-7f52ee59c000 r-xp 00000000 00:22 95                         /lib/x86_64-linux-gnu/libpthread-2.19.so
7f52ee59c000-7f52ee79b000 ---p 00018000 00:22 95                         /lib/x86_64-linux-gnu/libpthread-2.19.so
7f52ee79b000-7f52ee79c000 r--p 00017000 00:22 95                         /lib/x86_64-linux-gnu/libpthread-2.19.so
7f52ee79c000-7f52ee79d000 rw-p 00018000 00:22 95                         /lib/x86_64-linux-gnu/libpthread-2.19.so
7f52ee79d000-7f52ee7a1000 rw-p 00000000 00:00 0 
7f52ee7a1000-7f52ee7c1000 r-xp 00000000 00:22 31                         /lib/x86_64-linux-gnu/ld-2.19.so
7f52ee7c1000-7f52ee7c3000 r--s 00001000 00:22 136                        /usr/lib/jvm/java-8-openjdk-amd64/jre/lib/ext/dnsns.jar
7f52ee7c3000-7f52ee7c8000 r--s 0003b000 00:22 133                        /usr/lib/jvm/java-8-openjdk-amd64/jre/lib/ext/sunjce_provider.jar
7f52ee7c8000-7f52ee7ca000 r--s 00008000 00:22 132                        /usr/lib/jvm/java-8-openjdk-amd64/jre/lib/ext/sunec.jar
7f52ee7ca000-7f52ee7cb000 r--s 00010000 00:22 130                        /usr/lib/jvm/java-8-openjdk-amd64/jre/lib/ext/zipfs.jar
7f52ee7cb000-7f52ee7ce000 r--s 0000f000 00:22 129                        /usr/lib/jvm/java-8-openjdk-amd64/jre/lib/ext/icedtea-sound.jar
7f52ee7ce000-7f52ee7d0000 r--s 00006000 00:22 139                        /usr/share/java/java-atk-wrapper.jar
7f52ee7d0000-7f52ee7da000 r--s 00116000 00:22 127                        /usr/lib/jvm/java-8-openjdk-amd64/jre/lib/ext/localedata.jar
7f52ee7da000-7f52ee800000 r--p 00000000 00:22 59                         /usr/lib/locale/C.UTF-8/LC_CTYPE
7f52ee800000-7f52ee801000 r--p 00000000 00:22 58                         /usr/lib/locale/C.UTF-8/LC_NUMERIC
7f52ee801000-7f52ee802000 r--p 00000000 00:22 57                         /usr/lib/locale/C.UTF-8/LC_TIME
7f52ee802000-7f52ee803000 r--p 00000000 00:22 55                         /usr/lib/locale/C.UTF-8/LC_MONETARY
7f52ee803000-7f52ee804000 r--p 00000000 00:22 54                         /usr/lib/locale/C.UTF-8/LC_MESSAGES/SYS_LC_MESSAGES
7f52ee804000-7f52ee805000 r--p 00000000 00:22 52                         /usr/lib/locale/C.UTF-8/LC_PAPER
7f52ee805000-7f52ee806000 r--p 00000000 00:22 51                         /usr/lib/locale/C.UTF-8/LC_NAME
7f52ee806000-7f52ee80d000 r--s 00000000 00:22 47                         /usr/lib/x86_64-linux-gnu/gconv/gconv-modules.cache
7f52ee80d000-7f52ee8ab000 rw-p 00000000 00:00 0 
7f52ee8ab000-7f52ee8b3000 rw-s 00000000 00:22 8776                       /tmp/hsperfdata_root/260
7f52ee8b3000-7f52ee8b6000 ---p 00000000 00:00 0 
7f52ee8b6000-7f52ee9b9000 rw-p 00000000 00:00 0                          [stack:5989]
7f52ee9b9000-7f52ee9ba000 r--p 00000000 00:22 50                         /usr/lib/locale/C.UTF-8/LC_ADDRESS
7f52ee9ba000-7f52ee9bb000 r--p 00000000 00:22 49                         /usr/lib/locale/C.UTF-8/LC_TELEPHONE
7f52ee9bb000-7f52ee9bc000 r--p 00000000 00:22 48                         /usr/lib/locale/C.UTF-8/LC_MEASUREMENT
7f52ee9bc000-7f52ee9bd000 r--p 00000000 00:22 44                         /usr/lib/locale/C.UTF-8/LC_IDENTIFICATION
7f52ee9bd000-7f52ee9be000 rw-p 00000000 00:00 0 
7f52ee9be000-7f52ee9bf000 ---p 00000000 00:00 0 
7f52ee9bf000-7f52ee9c1000 rw-p 00000000 00:00 0 
7f52ee9c1000-7f52ee9c2000 r--p 00020000 00:22 31                         /lib/x86_64-linux-gnu/ld-2.19.so
7f52ee9c2000-7f52ee9c3000 rw-p 00021000 00:22 31                         /lib/x86_64-linux-gnu/ld-2.19.so
7f52ee9c3000-7f52ee9c4000 rw-p 00000000 00:00 0 
7ffe10e4b000-7ffe10e6c000 rw-p 00000000 00:00 0                          [stack]
7ffe10fb4000-7ffe10fb6000 r-xp 00000000 00:00 0                          [vdso]
7ffe10fb6000-7ffe10fb8000 r--p 00000000 00:00 0                          [vvar]
ffffffffff600000-ffffffffff601000 r-xp 00000000 00:00 0                  [vsyscall]

VM Arguments:
jvm_args: -javaagent:/root/./workspace/INRIA/spoon/292259349/.m2/org/jacoco/org.jacoco.agent/0.7.5.201505241946/org.jacoco.agent-0.7.5.201505241946-runtime.jar=destfile=/root/workspace/INRIA/spoon/292259349/target/jacoco.exec 
java_command: org.apache.maven.surefire.booter.ForkedBooter /root/workspace/INRIA/spoon/292259349/target/surefire/surefire2569179748034920532tmp /root/workspace/INRIA/spoon/292259349/target/surefire/surefire_05853224070081880643tmp
java_class_path (initial): /root/./workspace/INRIA/spoon/292259349/.m2/org/apache/maven/surefire/surefire-booter/2.19.1/surefire-booter-2.19.1.jar:/root/./workspace/INRIA/spoon/292259349/.m2/org/apache/maven/surefire/surefire-api/2.19.1/surefire-api-2.19.1.jar:/root/workspace/INRIA/spoon/292259349/target/test-classes:/root/workspace/INRIA/spoon/292259349/target/classes:/root/./workspace/INRIA/spoon/292259349/.m2/org/eclipse/tycho/org.eclipse.jdt.core/3.13.0.v20170516-1929/org.eclipse.jdt.core-3.13.0.v20170516-1929.jar:/root/./workspace/INRIA/spoon/292259349/.m2/junit/junit/4.11/junit-4.11.jar:/root/./workspace/INRIA/spoon/292259349/.m2/org/hamcrest/hamcrest-core/1.3/hamcrest-core-1.3.jar:/root/./workspace/INRIA/spoon/292259349/.m2/com/github/stefanbirkner/system-rules/1.9.0/system-rules-1.9.0.jar:/root/./workspace/INRIA/spoon/292259349/.m2/org/mockito/mockito-all/2.0.2-beta/mockito-all-2.0.2-beta.jar:/root/./workspace/INRIA/spoon/292259349/.m2/com/martiansoftware/jsap/2.1/jsap-2.1.jar:/root/./workspace/INRIA/spoon/292259349/.m2/log4j/log4j/1.2.17/log4j-1.2.17.jar:/root/./workspace/INRIA/spoon/292259349/.m2/commons-io/commons-io/2.5/commons-io-2.5.jar:/root/./workspace/INRIA/spoon/292259349/.m2/org/apache/maven/maven-model/3.5.0/maven-model-3.5.0.jar:/root/./workspace/INRIA/spoon/292259349/.m2/org/codehaus/plexus/plexus-utils/3.0.24/plexus-utils-3.0.24.jar:/root/./workspace/INRIA/spoon/292259349/.m2/org/apache/commons/commons-lang3/3.5/commons-lang3-3.5.jar:/root/./workspace/INRIA/spoon/292259349/.m2/org/apache/maven/surefire/surefire-junit4/2.19.1/surefire-junit4-2.19.1.jar:/root/./workspace/INRIA/spoon/292259349/.m2/org/jacoco/org.jacoco.agent/0.7.5.201505241946/org.jacoco.agent-0.7.5.201505241946-runtime.jar
Launcher Type: SUN_STANDARD

Environment Variables:
JAVA_HOME=/usr/lib/jvm/java-8-openjdk-amd64
CLASSPATH=/root/./workspace/INRIA/spoon/292259349/.m2/org/apache/maven/surefire/surefire-booter/2.19.1/surefire-booter-2.19.1.jar:/root/./workspace/INRIA/spoon/292259349/.m2/org/apache/maven/surefire/surefire-api/2.19.1/surefire-api-2.19.1.jar:/root/workspace/INRIA/spoon/292259349/target/test-classes:/root/workspace/INRIA/spoon/292259349/target/classes:/root/./workspace/INRIA/spoon/292259349/.m2/org/eclipse/tycho/org.eclipse.jdt.core/3.13.0.v20170516-1929/org.eclipse.jdt.core-3.13.0.v20170516-1929.jar:/root/./workspace/INRIA/spoon/292259349/.m2/junit/junit/4.11/junit-4.11.jar:/root/./workspace/INRIA/spoon/292259349/.m2/org/hamcrest/hamcrest-core/1.3/hamcrest-core-1.3.jar:/root/./workspace/INRIA/spoon/292259349/.m2/com/github/stefanbirkner/system-rules/1.9.0/system-rules-1.9.0.jar:/root/./workspace/INRIA/spoon/292259349/.m2/org/mockito/mockito-all/2.0.2-beta/mockito-all-2.0.2-beta.jar:/root/./workspace/INRIA/spoon/292259349/.m2/com/martiansoftware/jsap/2.1/jsap-2.1.jar:/root/./workspace/INRIA/spoon/292259349/.m2/log4j/log4j/1.2.17/log4j-1.2.17.jar:/root/./workspace/INRIA/spoon/292259349/.m2/commons-io/commons-io/2.5/commons-io-2.5.jar:/root/./workspace/INRIA/spoon/292259349/.m2/org/apache/maven/maven-model/3.5.0/maven-model-3.5.0.jar:/root/./workspace/INRIA/spoon/292259349/.m2/org/codehaus/plexus/plexus-utils/3.0.24/plexus-utils-3.0.24.jar:/root/./workspace/INRIA/spoon/292259349/.m2/org/apache/commons/commons-lang3/3.5/commons-lang3-3.5.jar:/root/./workspace/INRIA/spoon/292259349/.m2/org/apache/maven/surefire/surefire-junit4/2.19.1/surefire-junit4-2.19.1.jar
PATH=/usr/local/sbin:/usr/local/bin:/usr/sbin:/usr/bin:/sbin:/bin

Signal Handlers:
SIGSEGV: [libjvm.so+0xa97af0], sa_mask[0]=11111111011111111101111111111110, sa_flags=SA_RESTART|SA_SIGINFO
SIGBUS: [libjvm.so+0xa97af0], sa_mask[0]=11111111011111111101111111111110, sa_flags=SA_RESTART|SA_SIGINFO
SIGFPE: [libjvm.so+0x8de430], sa_mask[0]=11111111011111111101111111111110, sa_flags=SA_RESTART|SA_SIGINFO
SIGPIPE: [libjvm.so+0x8de430], sa_mask[0]=11111111011111111101111111111110, sa_flags=SA_RESTART|SA_SIGINFO
SIGXFSZ: [libjvm.so+0x8de430], sa_mask[0]=11111111011111111101111111111110, sa_flags=SA_RESTART|SA_SIGINFO
SIGILL: [libjvm.so+0x8de430], sa_mask[0]=11111111011111111101111111111110, sa_flags=SA_RESTART|SA_SIGINFO
SIGUSR1: SIG_DFL, sa_mask[0]=00000000000000000000000000000000, sa_flags=none
SIGUSR2: [libjvm.so+0x8de2e0], sa_mask[0]=00100000000000000000000000000000, sa_flags=SA_RESTART|SA_SIGINFO
SIGHUP: [libjvm.so+0x8de500], sa_mask[0]=11111111011111111101111111111110, sa_flags=SA_RESTART|SA_SIGINFO
SIGINT: [libjvm.so+0x8de500], sa_mask[0]=11111111011111111101111111111110, sa_flags=SA_RESTART|SA_SIGINFO
SIGTERM: [libjvm.so+0x8de500], sa_mask[0]=11111111011111111101111111111110, sa_flags=SA_RESTART|SA_SIGINFO
SIGQUIT: [libjvm.so+0x8de500], sa_mask[0]=11111111011111111101111111111110, sa_flags=SA_RESTART|SA_SIGINFO


---------------  S Y S T E M  ---------------

OS:PRETTY_NAME="Debian GNU/Linux 8 (jessie)"
NAME="Debian GNU/Linux"
VERSION_ID="8"
VERSION="8 (jessie)"
ID=debian
HOME_URL="http://www.debian.org/"
SUPPORT_URL="http://www.debian.org/support"
BUG_REPORT_URL="https://bugs.debian.org/"

uname:Linux 3.16.0-4-amd64 #1 SMP Debian 3.16.43-2+deb8u2 (2017-06-26) x86_64
libc:glibc 2.19 NPTL 2.19 
rlimit: STACK 8192k, CORE infinity, NPROC infinity, NOFILE 1048576, AS infinity
load average:13.29 7.82 4.44

/proc/meminfo:
MemTotal:       33018848 kB
MemFree:          231820 kB
MemAvailable:     306980 kB
Buffers:            5780 kB
Cached:           186108 kB
SwapCached:         2624 kB
Active:         29844708 kB
Inactive:        2314432 kB
Active(anon):   29822428 kB
Inactive(anon):  2293260 kB
Active(file):      22280 kB
Inactive(file):    21172 kB
Unevictable:           0 kB
Mlocked:               0 kB
SwapTotal:      10484732 kB
SwapFree:              0 kB
Dirty:               688 kB
Writeback:             0 kB
AnonPages:      31964908 kB
Mapped:            55400 kB
Shmem:            148352 kB
Slab:             352872 kB
SReclaimable:     222376 kB
SUnreclaim:       130496 kB
KernelStack:       55424 kB
PageTables:       121860 kB
NFS_Unstable:          0 kB
Bounce:                0 kB
WritebackTmp:          0 kB
CommitLimit:    26994156 kB
Committed_AS:   76764580 kB
VmallocTotal:   34359738367 kB
VmallocUsed:      202776 kB
VmallocChunk:   34359474424 kB
HardwareCorrupted:     0 kB
AnonHugePages:         0 kB
HugePages_Total:       0
HugePages_Free:        0
HugePages_Rsvd:        0
HugePages_Surp:        0
Hugepagesize:       2048 kB
DirectMap4k:       67456 kB
DirectMap2M:    33486848 kB


CPU:total 8 (1 cores per cpu, 1 threads per core) family 6 model 45 stepping 7, cmov, cx8, fxsr, mmx, sse, sse2, sse3, ssse3, sse4.1, sse4.2, popcnt, avx, aes, clmul, tsc, tscinvbit, tscinv

/proc/cpuinfo:
processor	: 0
vendor_id	: GenuineIntel
cpu family	: 6
model		: 45
model name	: Intel(R) Xeon(R) CPU E5-2650L 0 @ 1.80GHz
stepping	: 7
microcode	: 0x710
cpu MHz		: 1800.000
cache size	: 20480 KB
physical id	: 0
siblings	: 1
core id		: 0
cpu cores	: 1
apicid		: 0
initial apicid	: 0
fpu		: yes
fpu_exception	: yes
cpuid level	: 13
wp		: yes
flags		: fpu vme de pse tsc msr pae mce cx8 apic sep mtrr pge mca cmov pat pse36 clflush dts mmx fxsr sse sse2 ss syscall nx rdtscp lm constant_tsc arch_perfmon pebs bts nopl xtopology tsc_reliable nonstop_tsc aperfmperf pni pclmulqdq ssse3 cx16 pcid sse4_1 sse4_2 x2apic popcnt tsc_deadline_timer aes xsave avx hypervisor lahf_lm ida arat pln pts dtherm tsc_adjust
bogomips	: 3600.00
clflush size	: 64
cache_alignment	: 64
address sizes	: 42 bits physical, 48 bits virtual
power management:

processor	: 1
vendor_id	: GenuineIntel
cpu family	: 6
model		: 45
model name	: Intel(R) Xeon(R) CPU E5-2650L 0 @ 1.80GHz
stepping	: 7
microcode	: 0x710
cpu MHz		: 1800.000
cache size	: 20480 KB
physical id	: 2
siblings	: 1
core id		: 0
cpu cores	: 1
apicid		: 2
initial apicid	: 2
fpu		: yes
fpu_exception	: yes
cpuid level	: 13
wp		: yes
flags		: fpu vme de pse tsc msr pae mce cx8 apic sep mtrr pge mca cmov pat pse36 clflush dts mmx fxsr sse sse2 ss syscall nx rdtscp lm constant_tsc arch_perfmon pebs bts nopl xtopology tsc_reliable nonstop_tsc aperfmperf pni pclmulqdq ssse3 cx16 pcid sse4_1 sse4_2 x2apic popcnt tsc_deadline_timer aes xsave avx hypervisor lahf_lm ida arat pln pts dtherm tsc_adjust
bogomips	: 3600.00
clflush size	: 64
cache_alignment	: 64
address sizes	: 42 bits physical, 48 bits virtual
power management:

processor	: 2
vendor_id	: GenuineIntel
cpu family	: 6
model		: 45
model name	: Intel(R) Xeon(R) CPU E5-2650L 0 @ 1.80GHz
stepping	: 7
microcode	: 0x710
cpu MHz		: 1800.000
cache size	: 20480 KB
physical id	: 4
siblings	: 1
core id		: 0
cpu cores	: 1
apicid		: 4
initial apicid	: 4
fpu		: yes
fpu_exception	: yes
cpuid level	: 13
wp		: yes
flags		: fpu vme de pse tsc msr pae mce cx8 apic sep mtrr pge mca cmov pat pse36 clflush dts mmx fxsr sse sse2 ss syscall nx rdtscp lm constant_tsc arch_perfmon pebs bts nopl xtopology tsc_reliable nonstop_tsc aperfmperf pni pclmulqdq ssse3 cx16 pcid sse4_1 sse4_2 x2apic popcnt tsc_deadline_timer aes xsave avx hypervisor lahf_lm ida arat pln pts dtherm tsc_adjust
bogomips	: 3600.00
clflush size	: 64
cache_alignment	: 64
address sizes	: 42 bits physical, 48 bits virtual
power management:

processor	: 3
vendor_id	: GenuineIntel
cpu family	: 6
model		: 45
model name	: Intel(R) Xeon(R) CPU E5-2650L 0 @ 1.80GHz
stepping	: 7
microcode	: 0x710
cpu MHz		: 1800.000
cache size	: 20480 KB
physical id	: 6
siblings	: 1
core id		: 0
cpu cores	: 1
apicid		: 6
initial apicid	: 6
fpu		: yes
fpu_exception	: yes
cpuid level	: 13
wp		: yes
flags		: fpu vme de pse tsc msr pae mce cx8 apic sep mtrr pge mca cmov pat pse36 clflush dts mmx fxsr sse sse2 ss syscall nx rdtscp lm constant_tsc arch_perfmon pebs bts nopl xtopology tsc_reliable nonstop_tsc aperfmperf pni pclmulqdq ssse3 cx16 pcid sse4_1 sse4_2 x2apic popcnt tsc_deadline_timer aes xsave avx hypervisor lahf_lm ida arat pln pts dtherm tsc_adjust
bogomips	: 3600.00
clflush size	: 64
cache_alignment	: 64
address sizes	: 42 bits physical, 48 bits virtual
power management:

processor	: 4
vendor_id	: GenuineIntel
cpu family	: 6
model		: 45
model name	: Intel(R) Xeon(R) CPU E5-2650L 0 @ 1.80GHz
stepping	: 7
microcode	: 0x710
cpu MHz		: 1800.000
cache size	: 20480 KB
physical id	: 8
siblings	: 1
core id		: 0
cpu cores	: 1
apicid		: 8
initial apicid	: 8
fpu		: yes
fpu_exception	: yes
cpuid level	: 13
wp		: yes
flags		: fpu vme de pse tsc msr pae mce cx8 apic sep mtrr pge mca cmov pat pse36 clflush dts mmx fxsr sse sse2 ss syscall nx rdtscp lm constant_tsc arch_perfmon pebs bts nopl xtopology tsc_reliable nonstop_tsc aperfmperf pni pclmulqdq ssse3 cx16 pcid sse4_1 sse4_2 x2apic popcnt tsc_deadline_timer aes xsave avx hypervisor lahf_lm ida arat pln pts dtherm tsc_adjust
bogomips	: 3600.00
clflush size	: 64
cache_alignment	: 64
address sizes	: 42 bits physical, 48 bits virtual
power management:

processor	: 5
vendor_id	: GenuineIntel
cpu family	: 6
model		: 45
model name	: Intel(R) Xeon(R) CPU E5-2650L 0 @ 1.80GHz
stepping	: 7
microcode	: 0x710
cpu MHz		: 1800.000
cache size	: 20480 KB
physical id	: 10
siblings	: 1
core id		: 0
cpu cores	: 1
apicid		: 10
initial apicid	: 10
fpu		: yes
fpu_exception	: yes
cpuid level	: 13
wp		: yes
flags		: fpu vme de pse tsc msr pae mce cx8 apic sep mtrr pge mca cmov pat pse36 clflush dts mmx fxsr sse sse2 ss syscall nx rdtscp lm constant_tsc arch_perfmon pebs bts nopl xtopology tsc_reliable nonstop_tsc aperfmperf pni pclmulqdq ssse3 cx16 pcid sse4_1 sse4_2 x2apic popcnt tsc_deadline_timer aes xsave avx hypervisor lahf_lm ida arat pln pts dtherm tsc_adjust
bogomips	: 3600.00
clflush size	: 64
cache_alignment	: 64
address sizes	: 42 bits physical, 48 bits virtual
power management:

processor	: 6
vendor_id	: GenuineIntel
cpu family	: 6
model		: 45
model name	: Intel(R) Xeon(R) CPU E5-2650L 0 @ 1.80GHz
stepping	: 7
microcode	: 0x710
cpu MHz		: 1800.000
cache size	: 20480 KB
physical id	: 12
siblings	: 1
core id		: 0
cpu cores	: 1
apicid		: 12
initial apicid	: 12
fpu		: yes
fpu_exception	: yes
cpuid level	: 13
wp		: yes
flags		: fpu vme de pse tsc msr pae mce cx8 apic sep mtrr pge mca cmov pat pse36 clflush dts mmx fxsr sse sse2 ss syscall nx rdtscp lm constant_tsc arch_perfmon pebs bts nopl xtopology tsc_reliable nonstop_tsc aperfmperf pni pclmulqdq ssse3 cx16 pcid sse4_1 sse4_2 x2apic popcnt tsc_deadline_timer aes xsave avx hypervisor lahf_lm ida arat pln pts dtherm tsc_adjust
bogomips	: 3600.00
clflush size	: 64
cache_alignment	: 64
address sizes	: 42 bits physical, 48 bits virtual
power management:

processor	: 7
vendor_id	: GenuineIntel
cpu family	: 6
model		: 45
model name	: Intel(R) Xeon(R) CPU E5-2650L 0 @ 1.80GHz
stepping	: 7
microcode	: 0x710
cpu MHz		: 1800.000
cache size	: 20480 KB
physical id	: 14
siblings	: 1
core id		: 0
cpu cores	: 1
apicid		: 14
initial apicid	: 14
fpu		: yes
fpu_exception	: yes
cpuid level	: 13
wp		: yes
flags		: fpu vme de pse tsc msr pae mce cx8 apic sep mtrr pge mca cmov pat pse36 clflush dts mmx fxsr sse sse2 ss syscall nx rdtscp lm constant_tsc arch_perfmon pebs bts nopl xtopology tsc_reliable nonstop_tsc aperfmperf pni pclmulqdq ssse3 cx16 pcid sse4_1 sse4_2 x2apic popcnt tsc_deadline_timer aes xsave avx hypervisor lahf_lm ida arat pln pts dtherm tsc_adjust
bogomips	: 3600.00
clflush size	: 64
cache_alignment	: 64
address sizes	: 42 bits physical, 48 bits virtual
power management:



Memory: 4k page, physical 33018848k(231820k free), swap 10484732k(0k free)

vm_info: OpenJDK 64-Bit Server VM (25.121-b13) for linux-amd64 JRE (1.8.0_121-8u121-b13-1~bpo8+1-b13), built on Jan 24 2017 09:37:46 by "pbuilder" with gcc 4.9.2

time: Tue Oct 24 20:11:14 2017
elapsed time: 51 seconds (0d 0h 0m 51s)

