#
# There is insufficient memory for the Java Runtime Environment to continue.
# Native memory allocation (mmap) failed to map 352321536 bytes for committing reserved memory.
# Possible reasons:
#   The system is out of physical RAM or swap space
#   In 32 bit mode, the process size limit was hit
# Possible solutions:
#   Reduce memory load on the system
#   Increase physical memory or swap space
#   Check if swap backing store is full
#   Use 64 bit Java on a 64 bit OS
#   Decrease Java heap size (-Xmx/-Xms)
#   Decrease number of Java threads
#   Decrease Java thread stack sizes (-Xss)
#   Set larger code cache with -XX:ReservedCodeCacheSize=
# This output file may be truncated or incomplete.
#
#  Out of Memory Error (os_linux.cpp:2630), pid=343, tid=0x00007f6565df5700
#
# JRE version:  (8.0_121-b13) (build )
# Java VM: OpenJDK 64-Bit Server VM (25.121-b13 mixed mode linux-amd64 compressed oops)
# Core dump written. Default location: /root/workspace/INRIA/spoon/292259349/core or core.343
#

---------------  T H R E A D  ---------------

Current thread (0x00007f655c00b800):  JavaThread "Unknown thread" [_thread_in_vm, id=345, stack(0x00007f6565cf5000,0x00007f6565df6000)]

Stack: [0x00007f6565cf5000,0x00007f6565df6000],  sp=0x00007f6565df4620,  free space=1021k
Native frames: (J=compiled Java code, j=interpreted, Vv=VM code, C=native code)
V  [libjvm.so+0xa9700d]
V  [libjvm.so+0x4ea26c]
V  [libjvm.so+0x8e2b90]
V  [libjvm.so+0x8dd27e]
V  [libjvm.so+0x95a25b]
V  [libjvm.so+0x94ac13]
V  [libjvm.so+0x2ca571]
V  [libjvm.so+0x9097ab]
V  [libjvm.so+0xa5ad19]
V  [libjvm.so+0xa5af32]
V  [libjvm.so+0x6372ef]
V  [libjvm.so+0xa3dc3a]
V  [libjvm.so+0x6ad815]  JNI_CreateJavaVM+0x65
C  [libjli.so+0x2f6e]
C  [libjli.so+0x74bd]
C  [libpthread.so.0+0x8064]  start_thread+0xc4


---------------  P R O C E S S  ---------------

Java Threads: ( => current thread )

Other Threads:

=>0x00007f655c00b800 (exited) JavaThread "Unknown thread" [_thread_in_vm, id=345, stack(0x00007f6565cf5000,0x00007f6565df6000)]

VM state:not at safepoint (not fully initialized)

VM Mutex/Monitor currently owned by a thread: None

GC Heap History (0 events):
No events

Deoptimization events (0 events):
No events

Internal exceptions (0 events):
No events

Events (0 events):
No events


Dynamic libraries:
00400000-00401000 r-xp 00000000 00:22 90                                 /usr/lib/jvm/java-8-openjdk-amd64/jre/bin/java
00600000-00601000 r--p 00000000 00:22 90                                 /usr/lib/jvm/java-8-openjdk-amd64/jre/bin/java
00601000-00602000 rw-p 00001000 00:22 90                                 /usr/lib/jvm/java-8-openjdk-amd64/jre/bin/java
02255000-02276000 rw-p 00000000 00:00 0                                  [heap]
5dd200000-718100000 ---p 00000000 00:00 0 
718100000-722900000 rw-p 00000000 00:00 0 
722900000-7c0000000 ---p 00000000 00:00 0 
7f654d000000-7f654d270000 rwxp 00000000 00:00 0 
7f654d270000-7f655c000000 ---p 00000000 00:00 0 
7f655c000000-7f655c030000 rw-p 00000000 00:00 0 
7f655c030000-7f6560000000 ---p 00000000 00:00 0 
7f6561220000-7f6561c9f000 ---p 00000000 00:00 0 
7f6561c9f000-7f6561cf4000 rw-p 00000000 00:00 0 
7f6561cf4000-7f65621df000 ---p 00000000 00:00 0 
7f65621df000-7f65621ea000 rw-p 00000000 00:00 0 
7f65621ea000-7f65625a0000 ---p 00000000 00:00 0 
7f65625a0000-7f65625a8000 r-xp 00000000 00:22 117                        /usr/lib/jvm/java-8-openjdk-amd64/jre/lib/amd64/libzip.so
7f65625a8000-7f65627a7000 ---p 00008000 00:22 117                        /usr/lib/jvm/java-8-openjdk-amd64/jre/lib/amd64/libzip.so
7f65627a7000-7f65627a8000 r--p 00007000 00:22 117                        /usr/lib/jvm/java-8-openjdk-amd64/jre/lib/amd64/libzip.so
7f65627a8000-7f65627a9000 rw-p 00008000 00:22 117                        /usr/lib/jvm/java-8-openjdk-amd64/jre/lib/amd64/libzip.so
7f65627a9000-7f65627b4000 r-xp 00000000 00:22 82                         /lib/x86_64-linux-gnu/libnss_files-2.19.so
7f65627b4000-7f65629b3000 ---p 0000b000 00:22 82                         /lib/x86_64-linux-gnu/libnss_files-2.19.so
7f65629b3000-7f65629b4000 r--p 0000a000 00:22 82                         /lib/x86_64-linux-gnu/libnss_files-2.19.so
7f65629b4000-7f65629b5000 rw-p 0000b000 00:22 82                         /lib/x86_64-linux-gnu/libnss_files-2.19.so
7f65629b5000-7f65629bf000 r-xp 00000000 00:22 80                         /lib/x86_64-linux-gnu/libnss_nis-2.19.so
7f65629bf000-7f6562bbe000 ---p 0000a000 00:22 80                         /lib/x86_64-linux-gnu/libnss_nis-2.19.so
7f6562bbe000-7f6562bbf000 r--p 00009000 00:22 80                         /lib/x86_64-linux-gnu/libnss_nis-2.19.so
7f6562bbf000-7f6562bc0000 rw-p 0000a000 00:22 80                         /lib/x86_64-linux-gnu/libnss_nis-2.19.so
7f6562bc0000-7f6562bd5000 r-xp 00000000 00:22 78                         /lib/x86_64-linux-gnu/libnsl-2.19.so
7f6562bd5000-7f6562dd4000 ---p 00015000 00:22 78                         /lib/x86_64-linux-gnu/libnsl-2.19.so
7f6562dd4000-7f6562dd5000 r--p 00014000 00:22 78                         /lib/x86_64-linux-gnu/libnsl-2.19.so
7f6562dd5000-7f6562dd6000 rw-p 00015000 00:22 78                         /lib/x86_64-linux-gnu/libnsl-2.19.so
7f6562dd6000-7f6562dd8000 rw-p 00000000 00:00 0 
7f6562dd8000-7f6562ddf000 r-xp 00000000 00:22 76                         /lib/x86_64-linux-gnu/libnss_compat-2.19.so
7f6562ddf000-7f6562fde000 ---p 00007000 00:22 76                         /lib/x86_64-linux-gnu/libnss_compat-2.19.so
7f6562fde000-7f6562fdf000 r--p 00006000 00:22 76                         /lib/x86_64-linux-gnu/libnss_compat-2.19.so
7f6562fdf000-7f6562fe0000 rw-p 00007000 00:22 76                         /lib/x86_64-linux-gnu/libnss_compat-2.19.so
7f6562fe0000-7f6562fea000 r-xp 00000000 00:22 8775                       /usr/lib/jvm/java-8-openjdk-amd64/jre/lib/amd64/libinstrument.so
7f6562fea000-7f65631e9000 ---p 0000a000 00:22 8775                       /usr/lib/jvm/java-8-openjdk-amd64/jre/lib/amd64/libinstrument.so
7f65631e9000-7f65631ea000 r--p 00009000 00:22 8775                       /usr/lib/jvm/java-8-openjdk-amd64/jre/lib/amd64/libinstrument.so
7f65631ea000-7f65631eb000 rw-p 0000a000 00:22 8775                       /usr/lib/jvm/java-8-openjdk-amd64/jre/lib/amd64/libinstrument.so
7f65631eb000-7f6563219000 r-xp 00000000 00:22 99                         /usr/lib/jvm/java-8-openjdk-amd64/jre/lib/amd64/libjava.so
7f6563219000-7f6563418000 ---p 0002e000 00:22 99                         /usr/lib/jvm/java-8-openjdk-amd64/jre/lib/amd64/libjava.so
7f6563418000-7f6563419000 r--p 0002d000 00:22 99                         /usr/lib/jvm/java-8-openjdk-amd64/jre/lib/amd64/libjava.so
7f6563419000-7f656341b000 rw-p 0002e000 00:22 99                         /usr/lib/jvm/java-8-openjdk-amd64/jre/lib/amd64/libjava.so
7f656341b000-7f656342a000 r-xp 00000000 00:22 112                        /usr/lib/jvm/java-8-openjdk-amd64/jre/lib/amd64/libverify.so
7f656342a000-7f656362a000 ---p 0000f000 00:22 112                        /usr/lib/jvm/java-8-openjdk-amd64/jre/lib/amd64/libverify.so
7f656362a000-7f656362d000 r--p 0000f000 00:22 112                        /usr/lib/jvm/java-8-openjdk-amd64/jre/lib/amd64/libverify.so
7f656362d000-7f656362e000 rw-p 00012000 00:22 112                        /usr/lib/jvm/java-8-openjdk-amd64/jre/lib/amd64/libverify.so
7f656362e000-7f6563635000 r-xp 00000000 00:22 111                        /lib/x86_64-linux-gnu/librt-2.19.so
7f6563635000-7f6563834000 ---p 00007000 00:22 111                        /lib/x86_64-linux-gnu/librt-2.19.so
7f6563834000-7f6563835000 r--p 00006000 00:22 111                        /lib/x86_64-linux-gnu/librt-2.19.so
7f6563835000-7f6563836000 rw-p 00007000 00:22 111                        /lib/x86_64-linux-gnu/librt-2.19.so
7f6563836000-7f656384c000 r-xp 00000000 00:22 109                        /lib/x86_64-linux-gnu/libgcc_s.so.1
7f656384c000-7f6563a4b000 ---p 00016000 00:22 109                        /lib/x86_64-linux-gnu/libgcc_s.so.1
7f6563a4b000-7f6563a4c000 rw-p 00015000 00:22 109                        /lib/x86_64-linux-gnu/libgcc_s.so.1
7f6563a4c000-7f6563b4c000 r-xp 00000000 00:22 108                        /lib/x86_64-linux-gnu/libm-2.19.so
7f6563b4c000-7f6563d4b000 ---p 00100000 00:22 108                        /lib/x86_64-linux-gnu/libm-2.19.so
7f6563d4b000-7f6563d4c000 r--p 000ff000 00:22 108                        /lib/x86_64-linux-gnu/libm-2.19.so
7f6563d4c000-7f6563d4d000 rw-p 00100000 00:22 108                        /lib/x86_64-linux-gnu/libm-2.19.so
7f6563d4d000-7f6563e39000 r-xp 00000000 00:22 106                        /usr/lib/x86_64-linux-gnu/libstdc++.so.6.0.20
7f6563e39000-7f6564039000 ---p 000ec000 00:22 106                        /usr/lib/x86_64-linux-gnu/libstdc++.so.6.0.20
7f6564039000-7f6564041000 r--p 000ec000 00:22 106                        /usr/lib/x86_64-linux-gnu/libstdc++.so.6.0.20
7f6564041000-7f6564043000 rw-p 000f4000 00:22 106                        /usr/lib/x86_64-linux-gnu/libstdc++.so.6.0.20
7f6564043000-7f6564058000 rw-p 00000000 00:00 0 
7f6564058000-7f6564cf0000 r-xp 00000000 00:22 104                        /usr/lib/jvm/java-8-openjdk-amd64/jre/lib/amd64/server/libjvm.so
7f6564cf0000-7f6564ef0000 ---p 00c98000 00:22 104                        /usr/lib/jvm/java-8-openjdk-amd64/jre/lib/amd64/server/libjvm.so
7f6564ef0000-7f6564f93000 r--p 00c98000 00:22 104                        /usr/lib/jvm/java-8-openjdk-amd64/jre/lib/amd64/server/libjvm.so
7f6564f93000-7f6564fbc000 rw-p 00d3b000 00:22 104                        /usr/lib/jvm/java-8-openjdk-amd64/jre/lib/amd64/server/libjvm.so
7f6564fbc000-7f6564fed000 rw-p 00000000 00:00 0 
7f6564fed000-7f656518e000 r-xp 00000000 00:22 34                         /lib/x86_64-linux-gnu/libc-2.19.so
7f656518e000-7f656538e000 ---p 001a1000 00:22 34                         /lib/x86_64-linux-gnu/libc-2.19.so
7f656538e000-7f6565392000 r--p 001a1000 00:22 34                         /lib/x86_64-linux-gnu/libc-2.19.so
7f6565392000-7f6565394000 rw-p 001a5000 00:22 34                         /lib/x86_64-linux-gnu/libc-2.19.so
7f6565394000-7f6565398000 rw-p 00000000 00:00 0 
7f6565398000-7f656539b000 r-xp 00000000 00:22 71                         /lib/x86_64-linux-gnu/libdl-2.19.so
7f656539b000-7f656559a000 ---p 00003000 00:22 71                         /lib/x86_64-linux-gnu/libdl-2.19.so
7f656559a000-7f656559b000 r--p 00002000 00:22 71                         /lib/x86_64-linux-gnu/libdl-2.19.so
7f656559b000-7f656559c000 rw-p 00003000 00:22 71                         /lib/x86_64-linux-gnu/libdl-2.19.so
7f656559c000-7f65655aa000 r-xp 00000000 00:22 98                         /usr/lib/jvm/java-8-openjdk-amd64/jre/lib/amd64/jli/libjli.so
7f65655aa000-7f65657a9000 ---p 0000e000 00:22 98                         /usr/lib/jvm/java-8-openjdk-amd64/jre/lib/amd64/jli/libjli.so
7f65657a9000-7f65657aa000 r--p 0000d000 00:22 98                         /usr/lib/jvm/java-8-openjdk-amd64/jre/lib/amd64/jli/libjli.so
7f65657aa000-7f65657ab000 rw-p 0000e000 00:22 98                         /usr/lib/jvm/java-8-openjdk-amd64/jre/lib/amd64/jli/libjli.so
7f65657ab000-7f65657c5000 r-xp 00000000 00:22 97                         /lib/x86_64-linux-gnu/libz.so.1.2.8
7f65657c5000-7f65659c4000 ---p 0001a000 00:22 97                         /lib/x86_64-linux-gnu/libz.so.1.2.8
7f65659c4000-7f65659c5000 r--p 00019000 00:22 97                         /lib/x86_64-linux-gnu/libz.so.1.2.8
7f65659c5000-7f65659c6000 rw-p 0001a000 00:22 97                         /lib/x86_64-linux-gnu/libz.so.1.2.8
7f65659c6000-7f65659de000 r-xp 00000000 00:22 95                         /lib/x86_64-linux-gnu/libpthread-2.19.so
7f65659de000-7f6565bdd000 ---p 00018000 00:22 95                         /lib/x86_64-linux-gnu/libpthread-2.19.so
7f6565bdd000-7f6565bde000 r--p 00017000 00:22 95                         /lib/x86_64-linux-gnu/libpthread-2.19.so
7f6565bde000-7f6565bdf000 rw-p 00018000 00:22 95                         /lib/x86_64-linux-gnu/libpthread-2.19.so
7f6565bdf000-7f6565be3000 rw-p 00000000 00:00 0 
7f6565be3000-7f6565c03000 r-xp 00000000 00:22 31                         /lib/x86_64-linux-gnu/ld-2.19.so
7f6565ced000-7f6565cf5000 rw-s 00000000 00:22 67032                      /tmp/hsperfdata_root/343
7f6565cf5000-7f6565cf8000 ---p 00000000 00:00 0 
7f6565cf8000-7f6565dfb000 rw-p 00000000 00:00 0                          [stack:6509]
7f6565dfc000-7f6565e00000 rw-p 00000000 00:00 0 
7f6565e00000-7f6565e01000 r--p 00000000 00:00 0 
7f6565e01000-7f6565e03000 rw-p 00000000 00:00 0 
7f6565e03000-7f6565e04000 r--p 00020000 00:22 31                         /lib/x86_64-linux-gnu/ld-2.19.so
7f6565e04000-7f6565e05000 rw-p 00021000 00:22 31                         /lib/x86_64-linux-gnu/ld-2.19.so
7f6565e05000-7f6565e06000 rw-p 00000000 00:00 0 
7ffdb9c46000-7ffdb9c67000 rw-p 00000000 00:00 0                          [stack]
7ffdb9cf4000-7ffdb9cf6000 r-xp 00000000 00:00 0                          [vdso]
7ffdb9cf6000-7ffdb9cf8000 r--p 00000000 00:00 0                          [vvar]
ffffffffff600000-ffffffffff601000 r-xp 00000000 00:00 0                  [vsyscall]

VM Arguments:
jvm_args: -javaagent:/tmp/gzoltar.agent4909442133209258784.jar 
java_command: com.gzoltar.core.instr.Runner 5000 e175e39b-3260-4dff-aa5a-4a883462f1b5
java_class_path (initial): /usr/lib/jvm/java-8-openjdk-amd64/lib/tools.jar:repairnator-pipeline.jar:/root/workspace/INRIA/spoon/292259349:/root/./workspace/INRIA/spoon/292259349/.m2/org/apache/maven/maven-model/3.5.0/maven-model-3.5.0.jar:/root/./workspace/INRIA/spoon/292259349/.m2/org/apache/commons/commons-lang3/3.5/commons-lang3-3.5.jar:/root/./workspace/INRIA/spoon/292259349/.m2/commons-io/commons-io/2.5/commons-io-2.5.jar:/root/./workspace/INRIA/spoon/292259349/.m2/org/codehaus/plexus/plexus-utils/3.0.24/plexus-utils-3.0.24.jar:/root/./workspace/INRIA/spoon/292259349/.m2/com/github/stefanbirkner/system-rules/1.9.0/system-rules-1.9.0.jar:/root/./output_astor/AstorMain-292259349//bin//default:/root/./workspace/INRIA/spoon/292259349/.m2/junit/junit/4.11/junit-4.11.jar:/root/./workspace/INRIA/spoon/292259349/.m2/log4j/log4j/1.2.17/log4j-1.2.17.jar:/root/./workspace/INRIA/spoon/292259349/.m2/org/hamcrest/hamcrest-core/1.3/hamcrest-core-1.3.jar:/root/./workspace/INRIA/spoon/292259349/.m2/org/mockito/mockito-all/2.0.2-beta/mockito-all-2.0.2-beta.jar:/root/./workspace/INRIA/spoon/292259349/.m2/org/eclipse/tycho/org.eclipse.jdt.core/3.13.0.v20170516-1929/org.eclipse.jdt.core-3.13.0.v20170516-1929.jar:/root/./workspace/INRIA/spoon/292259349/.m2/com/martiansoftware/jsap/2.1/jsap-2.1.jar:/tmp/gzoltar.agent4909442133209258784.jar
Launcher Type: SUN_STANDARD

Environment Variables:
JAVA_HOME=/usr/lib/jvm/java-8-openjdk-amd64
PATH=/usr/local/sbin:/usr/local/bin:/usr/sbin:/usr/bin:/sbin:/bin

Signal Handlers:
SIGSEGV: [libjvm.so+0xa97af0], sa_mask[0]=11111111011111111101111111111110, sa_flags=SA_RESTART|SA_SIGINFO
SIGBUS: [libjvm.so+0xa97af0], sa_mask[0]=11111111011111111101111111111110, sa_flags=SA_RESTART|SA_SIGINFO
SIGFPE: [libjvm.so+0x8de430], sa_mask[0]=11111111011111111101111111111110, sa_flags=SA_RESTART|SA_SIGINFO
SIGPIPE: [libjvm.so+0x8de430], sa_mask[0]=11111111011111111101111111111110, sa_flags=SA_RESTART|SA_SIGINFO
SIGXFSZ: [libjvm.so+0x8de430], sa_mask[0]=11111111011111111101111111111110, sa_flags=SA_RESTART|SA_SIGINFO
SIGILL: [libjvm.so+0x8de430], sa_mask[0]=11111111011111111101111111111110, sa_flags=SA_RESTART|SA_SIGINFO
SIGUSR1: SIG_DFL, sa_mask[0]=00000000000000000000000000000000, sa_flags=none
SIGUSR2: [libjvm.so+0x8de2e0], sa_mask[0]=00100000000000000000000000000000, sa_flags=SA_RESTART|SA_SIGINFO
SIGHUP: SIG_DFL, sa_mask[0]=00000000000000000000000000000000, sa_flags=none
SIGINT: SIG_DFL, sa_mask[0]=00000000000000000000000000000000, sa_flags=none
SIGTERM: SIG_DFL, sa_mask[0]=00000000000000000000000000000000, sa_flags=none
SIGQUIT: SIG_DFL, sa_mask[0]=00000000000000000000000000000000, sa_flags=none


---------------  S Y S T E M  ---------------

OS:PRETTY_NAME="Debian GNU/Linux 8 (jessie)"
NAME="Debian GNU/Linux"
VERSION_ID="8"
VERSION="8 (jessie)"
ID=debian
HOME_URL="http://www.debian.org/"
SUPPORT_URL="http://www.debian.org/support"
BUG_REPORT_URL="https://bugs.debian.org/"

uname:Linux 3.16.0-4-amd64 #1 SMP Debian 3.16.43-2+deb8u2 (2017-06-26) x86_64
libc:glibc 2.19 NPTL 2.19 
rlimit: STACK 8192k, CORE infinity, NPROC infinity, NOFILE 1048576, AS infinity
load average:10.04 8.39 5.17

/proc/meminfo:
MemTotal:       33018848 kB
MemFree:          219840 kB
MemAvailable:     341392 kB
Buffers:           14348 kB
Cached:           248336 kB
SwapCached:         2624 kB
Active:         29806088 kB
Inactive:        2351304 kB
Active(anon):   29752572 kB
Inactive(anon):  2293080 kB
Active(file):      53516 kB
Inactive(file):    58224 kB
Unevictable:           0 kB
Mlocked:               0 kB
SwapTotal:      10484732 kB
SwapFree:              0 kB
Dirty:              5480 kB
Writeback:             0 kB
AnonPages:      31893072 kB
Mapped:            68908 kB
Shmem:            150128 kB
Slab:             368532 kB
SReclaimable:     234624 kB
SUnreclaim:       133908 kB
KernelStack:       54592 kB
PageTables:       120908 kB
NFS_Unstable:          0 kB
Bounce:                0 kB
WritebackTmp:          0 kB
CommitLimit:    26994156 kB
Committed_AS:   75195584 kB
VmallocTotal:   34359738367 kB
VmallocUsed:      202776 kB
VmallocChunk:   34359474424 kB
HardwareCorrupted:     0 kB
AnonHugePages:         0 kB
HugePages_Total:       0
HugePages_Free:        0
HugePages_Rsvd:        0
HugePages_Surp:        0
Hugepagesize:       2048 kB
DirectMap4k:       67456 kB
DirectMap2M:    33486848 kB


CPU:total 8 (1 cores per cpu, 1 threads per core) family 6 model 45 stepping 7, cmov, cx8, fxsr, mmx, sse, sse2, sse3, ssse3, sse4.1, sse4.2, popcnt, avx, aes, clmul, tsc, tscinvbit, tscinv

/proc/cpuinfo:
processor	: 0
vendor_id	: GenuineIntel
cpu family	: 6
model		: 45
model name	: Intel(R) Xeon(R) CPU E5-2650L 0 @ 1.80GHz
stepping	: 7
microcode	: 0x710
cpu MHz		: 1800.000
cache size	: 20480 KB
physical id	: 0
siblings	: 1
core id		: 0
cpu cores	: 1
apicid		: 0
initial apicid	: 0
fpu		: yes
fpu_exception	: yes
cpuid level	: 13
wp		: yes
flags		: fpu vme de pse tsc msr pae mce cx8 apic sep mtrr pge mca cmov pat pse36 clflush dts mmx fxsr sse sse2 ss syscall nx rdtscp lm constant_tsc arch_perfmon pebs bts nopl xtopology tsc_reliable nonstop_tsc aperfmperf pni pclmulqdq ssse3 cx16 pcid sse4_1 sse4_2 x2apic popcnt tsc_deadline_timer aes xsave avx hypervisor lahf_lm ida arat pln pts dtherm tsc_adjust
bogomips	: 3600.00
clflush size	: 64
cache_alignment	: 64
address sizes	: 42 bits physical, 48 bits virtual
power management:

processor	: 1
vendor_id	: GenuineIntel
cpu family	: 6
model		: 45
model name	: Intel(R) Xeon(R) CPU E5-2650L 0 @ 1.80GHz
stepping	: 7
microcode	: 0x710
cpu MHz		: 1800.000
cache size	: 20480 KB
physical id	: 2
siblings	: 1
core id		: 0
cpu cores	: 1
apicid		: 2
initial apicid	: 2
fpu		: yes
fpu_exception	: yes
cpuid level	: 13
wp		: yes
flags		: fpu vme de pse tsc msr pae mce cx8 apic sep mtrr pge mca cmov pat pse36 clflush dts mmx fxsr sse sse2 ss syscall nx rdtscp lm constant_tsc arch_perfmon pebs bts nopl xtopology tsc_reliable nonstop_tsc aperfmperf pni pclmulqdq ssse3 cx16 pcid sse4_1 sse4_2 x2apic popcnt tsc_deadline_timer aes xsave avx hypervisor lahf_lm ida arat pln pts dtherm tsc_adjust
bogomips	: 3600.00
clflush size	: 64
cache_alignment	: 64
address sizes	: 42 bits physical, 48 bits virtual
power management:

processor	: 2
vendor_id	: GenuineIntel
cpu family	: 6
model		: 45
model name	: Intel(R) Xeon(R) CPU E5-2650L 0 @ 1.80GHz
stepping	: 7
microcode	: 0x710
cpu MHz		: 1800.000
cache size	: 20480 KB
physical id	: 4
siblings	: 1
core id		: 0
cpu cores	: 1
apicid		: 4
initial apicid	: 4
fpu		: yes
fpu_exception	: yes
cpuid level	: 13
wp		: yes
flags		: fpu vme de pse tsc msr pae mce cx8 apic sep mtrr pge mca cmov pat pse36 clflush dts mmx fxsr sse sse2 ss syscall nx rdtscp lm constant_tsc arch_perfmon pebs bts nopl xtopology tsc_reliable nonstop_tsc aperfmperf pni pclmulqdq ssse3 cx16 pcid sse4_1 sse4_2 x2apic popcnt tsc_deadline_timer aes xsave avx hypervisor lahf_lm ida arat pln pts dtherm tsc_adjust
bogomips	: 3600.00
clflush size	: 64
cache_alignment	: 64
address sizes	: 42 bits physical, 48 bits virtual
power management:

processor	: 3
vendor_id	: GenuineIntel
cpu family	: 6
model		: 45
model name	: Intel(R) Xeon(R) CPU E5-2650L 0 @ 1.80GHz
stepping	: 7
microcode	: 0x710
cpu MHz		: 1800.000
cache size	: 20480 KB
physical id	: 6
siblings	: 1
core id		: 0
cpu cores	: 1
apicid		: 6
initial apicid	: 6
fpu		: yes
fpu_exception	: yes
cpuid level	: 13
wp		: yes
flags		: fpu vme de pse tsc msr pae mce cx8 apic sep mtrr pge mca cmov pat pse36 clflush dts mmx fxsr sse sse2 ss syscall nx rdtscp lm constant_tsc arch_perfmon pebs bts nopl xtopology tsc_reliable nonstop_tsc aperfmperf pni pclmulqdq ssse3 cx16 pcid sse4_1 sse4_2 x2apic popcnt tsc_deadline_timer aes xsave avx hypervisor lahf_lm ida arat pln pts dtherm tsc_adjust
bogomips	: 3600.00
clflush size	: 64
cache_alignment	: 64
address sizes	: 42 bits physical, 48 bits virtual
power management:

processor	: 4
vendor_id	: GenuineIntel
cpu family	: 6
model		: 45
model name	: Intel(R) Xeon(R) CPU E5-2650L 0 @ 1.80GHz
stepping	: 7
microcode	: 0x710
cpu MHz		: 1800.000
cache size	: 20480 KB
physical id	: 8
siblings	: 1
core id		: 0
cpu cores	: 1
apicid		: 8
initial apicid	: 8
fpu		: yes
fpu_exception	: yes
cpuid level	: 13
wp		: yes
flags		: fpu vme de pse tsc msr pae mce cx8 apic sep mtrr pge mca cmov pat pse36 clflush dts mmx fxsr sse sse2 ss syscall nx rdtscp lm constant_tsc arch_perfmon pebs bts nopl xtopology tsc_reliable nonstop_tsc aperfmperf pni pclmulqdq ssse3 cx16 pcid sse4_1 sse4_2 x2apic popcnt tsc_deadline_timer aes xsave avx hypervisor lahf_lm ida arat pln pts dtherm tsc_adjust
bogomips	: 3600.00
clflush size	: 64
cache_alignment	: 64
address sizes	: 42 bits physical, 48 bits virtual
power management:

processor	: 5
vendor_id	: GenuineIntel
cpu family	: 6
model		: 45
model name	: Intel(R) Xeon(R) CPU E5-2650L 0 @ 1.80GHz
stepping	: 7
microcode	: 0x710
cpu MHz		: 1800.000
cache size	: 20480 KB
physical id	: 10
siblings	: 1
core id		: 0
cpu cores	: 1
apicid		: 10
initial apicid	: 10
fpu		: yes
fpu_exception	: yes
cpuid level	: 13
wp		: yes
flags		: fpu vme de pse tsc msr pae mce cx8 apic sep mtrr pge mca cmov pat pse36 clflush dts mmx fxsr sse sse2 ss syscall nx rdtscp lm constant_tsc arch_perfmon pebs bts nopl xtopology tsc_reliable nonstop_tsc aperfmperf pni pclmulqdq ssse3 cx16 pcid sse4_1 sse4_2 x2apic popcnt tsc_deadline_timer aes xsave avx hypervisor lahf_lm ida arat pln pts dtherm tsc_adjust
bogomips	: 3600.00
clflush size	: 64
cache_alignment	: 64
address sizes	: 42 bits physical, 48 bits virtual
power management:

processor	: 6
vendor_id	: GenuineIntel
cpu family	: 6
model		: 45
model name	: Intel(R) Xeon(R) CPU E5-2650L 0 @ 1.80GHz
stepping	: 7
microcode	: 0x710
cpu MHz		: 1800.000
cache size	: 20480 KB
physical id	: 12
siblings	: 1
core id		: 0
cpu cores	: 1
apicid		: 12
initial apicid	: 12
fpu		: yes
fpu_exception	: yes
cpuid level	: 13
wp		: yes
flags		: fpu vme de pse tsc msr pae mce cx8 apic sep mtrr pge mca cmov pat pse36 clflush dts mmx fxsr sse sse2 ss syscall nx rdtscp lm constant_tsc arch_perfmon pebs bts nopl xtopology tsc_reliable nonstop_tsc aperfmperf pni pclmulqdq ssse3 cx16 pcid sse4_1 sse4_2 x2apic popcnt tsc_deadline_timer aes xsave avx hypervisor lahf_lm ida arat pln pts dtherm tsc_adjust
bogomips	: 3600.00
clflush size	: 64
cache_alignment	: 64
address sizes	: 42 bits physical, 48 bits virtual
power management:

processor	: 7
vendor_id	: GenuineIntel
cpu family	: 6
model		: 45
model name	: Intel(R) Xeon(R) CPU E5-2650L 0 @ 1.80GHz
stepping	: 7
microcode	: 0x710
cpu MHz		: 1800.000
cache size	: 20480 KB
physical id	: 14
siblings	: 1
core id		: 0
cpu cores	: 1
apicid		: 14
initial apicid	: 14
fpu		: yes
fpu_exception	: yes
cpuid level	: 13
wp		: yes
flags		: fpu vme de pse tsc msr pae mce cx8 apic sep mtrr pge mca cmov pat pse36 clflush dts mmx fxsr sse sse2 ss syscall nx rdtscp lm constant_tsc arch_perfmon pebs bts nopl xtopology tsc_reliable nonstop_tsc aperfmperf pni pclmulqdq ssse3 cx16 pcid sse4_1 sse4_2 x2apic popcnt tsc_deadline_timer aes xsave avx hypervisor lahf_lm ida arat pln pts dtherm tsc_adjust
bogomips	: 3600.00
clflush size	: 64
cache_alignment	: 64
address sizes	: 42 bits physical, 48 bits virtual
power management:



Memory: 4k page, physical 33018848k(219840k free), swap 10484732k(0k free)

vm_info: OpenJDK 64-Bit Server VM (25.121-b13) for linux-amd64 JRE (1.8.0_121-8u121-b13-1~bpo8+1-b13), built on Jan 24 2017 09:37:46 by "pbuilder" with gcc 4.9.2

time: Tue Oct 24 20:13:52 2017
elapsed time: 0 seconds (0d 0h 0m 0s)

