#
# There is insufficient memory for the Java Runtime Environment to continue.
# Native memory allocation (mmap) failed to map 387973120 bytes for committing reserved memory.
# Possible reasons:
#   The system is out of physical RAM or swap space
#   In 32 bit mode, the process size limit was hit
# Possible solutions:
#   Reduce memory load on the system
#   Increase physical memory or swap space
#   Check if swap backing store is full
#   Use 64 bit Java on a 64 bit OS
#   Decrease Java heap size (-Xmx/-Xms)
#   Decrease number of Java threads
#   Decrease Java thread stack sizes (-Xss)
#   Set larger code cache with -XX:ReservedCodeCacheSize=
# This output file may be truncated or incomplete.
#
#  Out of Memory Error (os_linux.cpp:2630), pid=1396, tid=0x00007f5f1ce26700
#
# JRE version: OpenJDK Runtime Environment (8.0_121-b13) (build 1.8.0_121-8u121-b13-1~bpo8+1-b13)
# Java VM: OpenJDK 64-Bit Server VM (25.121-b13 mixed mode linux-amd64 compressed oops)
# Core dump written. Default location: /root/workspace/alibaba/fastjson/290362680/core or core.1396
#

---------------  T H R E A D  ---------------

Current thread (0x00007f5f341ce800):  VMThread [stack: 0x00007f5f1cd26000,0x00007f5f1ce27000] [id=1406]

Stack: [0x00007f5f1cd26000,0x00007f5f1ce27000],  sp=0x00007f5f1ce254c0,  free space=1021k
Native frames: (J=compiled Java code, j=interpreted, Vv=VM code, C=native code)
V  [libjvm.so+0xa9700d]
V  [libjvm.so+0x4ea26c]
V  [libjvm.so+0x8e2b90]
V  [libjvm.so+0x8dd27e]
V  [libjvm.so+0x95a25b]
V  [libjvm.so+0x95b5c3]
V  [libjvm.so+0x9580be]
V  [libjvm.so+0x9583ac]
V  [libjvm.so+0x908d43]
V  [libjvm.so+0xa98c42]
V  [libjvm.so+0xa9d7e7]
V  [libjvm.so+0xa9bb07]
V  [libjvm.so+0xa9c337]
V  [libjvm.so+0xa9c881]
V  [libjvm.so+0x8e0062]

VM_Operation (0x00007f5f3d2b7a60): ParallelGCFailedAllocation, mode: safepoint, requested by thread 0x00007f5f34011800


---------------  P R O C E S S  ---------------

Java Threads: ( => current thread )
  0x00007f5f34e20000 JavaThread "Java2D Disposer" daemon [_thread_blocked, id=1431, stack(0x00007f5f068e4000,0x00007f5f069e5000)]
  0x00007f5f353ce800 JavaThread "qtp1623009085-21" [_thread_blocked, id=1429, stack(0x00007f5f06ff8000,0x00007f5f070f9000)]
  0x00007f5f353cc800 JavaThread "qtp1623009085-20" [_thread_blocked, id=1428, stack(0x00007f5f070f9000,0x00007f5f071fa000)]
  0x00007f5f353cb000 JavaThread "qtp1623009085-19" [_thread_blocked, id=1427, stack(0x00007f5f071fa000,0x00007f5f072fb000)]
  0x00007f5f353c9000 JavaThread "qtp1623009085-18" [_thread_blocked, id=1426, stack(0x00007f5f072fb000,0x00007f5f073fc000)]
  0x00007f5f353c7800 JavaThread "qtp1623009085-17 Acceptor1 SelectChannelConnector@0.0.0.0:8088" [_thread_blocked, id=1425, stack(0x00007f5f073fc000,0x00007f5f074fd000)]
  0x00007f5f353c6000 JavaThread "qtp1623009085-16 Selector1" [_thread_blocked, id=1424, stack(0x00007f5f074fd000,0x00007f5f075fe000)]
  0x00007f5f353c0000 JavaThread "qtp1623009085-15 Acceptor0 SelectChannelConnector@0.0.0.0:8088" [_thread_in_native, id=1423, stack(0x00007f5f075fe000,0x00007f5f076ff000)]
  0x00007f5f353c2800 JavaThread "qtp1623009085-14 Selector0" [_thread_blocked, id=1422, stack(0x00007f5f076ff000,0x00007f5f07800000)]
  0x00007f5f348d6000 JavaThread "GC Daemon" daemon [_thread_blocked, id=1420, stack(0x00007f5f0c8e2000,0x00007f5f0c9e3000)]
  0x00007f5f348d3000 JavaThread "RMI RenewClean-[172.17.0.28:35474]" daemon [_thread_blocked, id=1419, stack(0x00007f5f0c9e3000,0x00007f5f0cae4000)]
  0x00007f5f348ce800 JavaThread "RMI Scheduler(0)" daemon [_thread_blocked, id=1418, stack(0x00007f5f0cae4000,0x00007f5f0cbe5000)]
  0x00007f5f347e7000 JavaThread "Service Thread" daemon [_thread_blocked, id=1414, stack(0x00007f5f0feff000,0x00007f5f10000000)]
  0x00007f5f347e4000 JavaThread "C1 CompilerThread3" daemon [_thread_blocked, id=1413, stack(0x00007f5f1c05d000,0x00007f5f1c15e000)]
  0x00007f5f347e2000 JavaThread "C2 CompilerThread2" daemon [_thread_blocked, id=1412, stack(0x00007f5f1c15e000,0x00007f5f1c25f000)]
  0x00007f5f347df800 JavaThread "C2 CompilerThread1" daemon [_thread_blocked, id=1411, stack(0x00007f5f1c25f000,0x00007f5f1c360000)]
  0x00007f5f347de000 JavaThread "C2 CompilerThread0" daemon [_thread_blocked, id=1410, stack(0x00007f5f1c360000,0x00007f5f1c461000)]
  0x00007f5f34203000 JavaThread "Signal Dispatcher" daemon [_thread_blocked, id=1409, stack(0x00007f5f1c8b4000,0x00007f5f1c9b5000)]
  0x00007f5f341da800 JavaThread "Finalizer" daemon [_thread_blocked, id=1408, stack(0x00007f5f1cb24000,0x00007f5f1cc25000)]
  0x00007f5f341d6000 JavaThread "Reference Handler" daemon [_thread_blocked, id=1407, stack(0x00007f5f1cc25000,0x00007f5f1cd26000)]
  0x00007f5f34011800 JavaThread "main" [_thread_blocked, id=1397, stack(0x00007f5f3d1b9000,0x00007f5f3d2ba000)]

Other Threads:
=>0x00007f5f341ce800 VMThread [stack: 0x00007f5f1cd26000,0x00007f5f1ce27000] [id=1406]
  0x00007f5f347e9800 WatcherThread [stack: 0x00007f5f0fdfe000,0x00007f5f0feff000] [id=1415]

VM state:at safepoint (normal execution)

VM Mutex/Monitor currently owned by a thread:  ([mutex/lock_event])
[0x00007f5f340096c0] Threads_lock - owner thread: 0x00007f5f341ce800
[0x00007f5f34009bc0] Heap_lock - owner thread: 0x00007f5f34011800

Heap:
 PSYoungGen      total 1912832K, used 46229K [0x0000000718100000, 0x0000000796e00000, 0x00000007c0000000)
  eden space 1839104K, 0% used [0x0000000718100000,0x0000000718100000,0x0000000788500000)
  from space 73728K, 62% used [0x000000078de00000,0x0000000790b25560,0x0000000792600000)
  to   space 53248K, 0% used [0x0000000793a00000,0x0000000793a00000,0x0000000796e00000)
 ParOldGen       total 322560K, used 114423K [0x00000005c8200000, 0x00000005dbd00000, 0x0000000718100000)
  object space 322560K, 35% used [0x00000005c8200000,0x00000005cf1bdff0,0x00000005dbd00000)
 Metaspace       used 49214K, capacity 50106K, committed 50304K, reserved 1093632K
  class space    used 5467K, capacity 5749K, committed 5760K, reserved 1048576K

Card table byte_map: [0x00007f5f386e4000,0x00007f5f396a4000] byte_map_base: 0x00007f5f358a3000

Marking Bits: (ParMarkBitMap*) 0x00007f5f3c494340
 Begin Bits: [0x00007f5ee8410000, 0x00007f5ef0208000)
 End Bits:   [0x00007f5ef0208000, 0x00007f5ef8000000)

Polling page: 0x00007f5f3d2c4000

CodeCache: size=245760Kb used=21714Kb max_used=21725Kb free=224045Kb
 bounds [0x00007f5f25000000, 0x00007f5f26560000, 0x00007f5f34000000]
 total_blobs=5659 nmethods=5162 adapters=411
 compilation: enabled

Compilation events (10 events):
Event: 150.411 Thread 0x00007f5f347df800 6463 % !   4       com.alibaba.fastjson.serializer.ArraySerializer::write @ 153 (471 bytes)
Event: 150.425 Thread 0x00007f5f347de000 nmethod 6462 0x00007f5f2653db10 code [0x00007f5f2653dd00, 0x00007f5f2653eb28]
Event: 150.442 Thread 0x00007f5f347e2000 nmethod 6461 0x00007f5f26541790 code [0x00007f5f265419c0, 0x00007f5f26542aa8]
Event: 150.499 Thread 0x00007f5f347df800 nmethod 6463% 0x00007f5f26549a10 code [0x00007f5f26549d00, 0x00007f5f2654bd80]
Event: 150.558 Thread 0x00007f5f347de000 6464 % !   4       com.alibaba.fastjson.serializer.ArraySerializer::write @ 153 (471 bytes)
Event: 150.579 Thread 0x00007f5f347de000 nmethod 6464% 0x00007f5f26545d50 code [0x00007f5f26545f60, 0x00007f5f26546b50]
Event: 150.579 Thread 0x00007f5f347e2000 6465   !   4       com.alibaba.fastjson.serializer.ArraySerializer::write (471 bytes)
Event: 150.632 Thread 0x00007f5f347e2000 nmethod 6465 0x00007f5f26550ad0 code [0x00007f5f26550d80, 0x00007f5f265523e0]
Event: 151.399 Thread 0x00007f5f347e4000 6466       3       com.alibaba.fastjson.serializer.SerializeWriter::expandCapacity (192 bytes)
Event: 151.400 Thread 0x00007f5f347e4000 nmethod 6466 0x00007f5f265445d0 code [0x00007f5f26544820, 0x00007f5f26545628]

GC Heap History (10 events):
Event: 107.016 GC heap after
Heap after GC invocations=17 (full 3):
 PSYoungGen      total 1389056K, used 35816K [0x0000000718100000, 0x0000000772d80000, 0x00000007c0000000)
  eden space 1353216K, 0% used [0x0000000718100000,0x0000000718100000,0x000000076aa80000)
  from space 35840K, 99% used [0x0000000770a80000,0x0000000772d7a2a0,0x0000000772d80000)
  to   space 56320K, 0% used [0x000000076bf80000,0x000000076bf80000,0x000000076f680000)
 ParOldGen       total 322560K, used 63567K [0x00000005c8200000, 0x00000005dbd00000, 0x0000000718100000)
  object space 322560K, 19% used [0x00000005c8200000,0x00000005cc013e68,0x00000005dbd00000)
 Metaspace       used 41929K, capacity 42676K, committed 42880K, reserved 1087488K
  class space    used 4458K, capacity 4673K, committed 4736K, reserved 1048576K
}
Event: 127.725 GC heap before
{Heap before GC invocations=18 (full 3):
 PSYoungGen      total 1389056K, used 1389032K [0x0000000718100000, 0x0000000772d80000, 0x00000007c0000000)
  eden space 1353216K, 100% used [0x0000000718100000,0x000000076aa80000,0x000000076aa80000)
  from space 35840K, 99% used [0x0000000770a80000,0x0000000772d7a2a0,0x0000000772d80000)
  to   space 56320K, 0% used [0x000000076bf80000,0x000000076bf80000,0x000000076f680000)
 ParOldGen       total 322560K, used 63567K [0x00000005c8200000, 0x00000005dbd00000, 0x0000000718100000)
  object space 322560K, 19% used [0x00000005c8200000,0x00000005cc013e68,0x00000005dbd00000)
 Metaspace       used 43320K, capacity 44148K, committed 44416K, reserved 1089536K
  class space    used 4590K, capacity 4865K, committed 4992K, reserved 1048576K
Event: 127.750 GC heap after
Heap after GC invocations=18 (full 3):
 PSYoungGen      total 1431040K, used 27029K [0x0000000718100000, 0x0000000781a00000, 0x00000007c0000000)
  eden space 1374720K, 0% used [0x0000000718100000,0x0000000718100000,0x000000076bf80000)
  from space 56320K, 47% used [0x000000076bf80000,0x000000076d9e56d8,0x000000076f680000)
  to   space 54272K, 0% used [0x000000077e500000,0x000000077e500000,0x0000000781a00000)
 ParOldGen       total 322560K, used 63575K [0x00000005c8200000, 0x00000005dbd00000, 0x0000000718100000)
  object space 322560K, 19% used [0x00000005c8200000,0x00000005cc015e68,0x00000005dbd00000)
 Metaspace       used 43320K, capacity 44148K, committed 44416K, reserved 1089536K
  class space    used 4590K, capacity 4865K, committed 4992K, reserved 1048576K
}
Event: 143.790 GC heap before
{Heap before GC invocations=19 (full 3):
 PSYoungGen      total 1431040K, used 1401749K [0x0000000718100000, 0x0000000781a00000, 0x00000007c0000000)
  eden space 1374720K, 100% used [0x0000000718100000,0x000000076bf80000,0x000000076bf80000)
  from space 56320K, 47% used [0x000000076bf80000,0x000000076d9e56d8,0x000000076f680000)
  to   space 54272K, 0% used [0x000000077e500000,0x000000077e500000,0x0000000781a00000)
 ParOldGen       total 322560K, used 63575K [0x00000005c8200000, 0x00000005dbd00000, 0x0000000718100000)
  object space 322560K, 19% used [0x00000005c8200000,0x00000005cc015e68,0x00000005dbd00000)
 Metaspace       used 49203K, capacity 50106K, committed 50304K, reserved 1093632K
  class space    used 5467K, capacity 5749K, committed 5760K, reserved 1048576K
Event: 143.894 GC heap after
Heap after GC invocations=19 (full 3):
 PSYoungGen      total 1655296K, used 54249K [0x0000000718100000, 0x0000000784880000, 0x00000007c0000000)
  eden space 1601024K, 0% used [0x0000000718100000,0x0000000718100000,0x0000000779c80000)
  from space 54272K, 99% used [0x000000077e500000,0x00000007819fa718,0x0000000781a00000)
  to   space 74240K, 0% used [0x0000000779c80000,0x0000000779c80000,0x000000077e500000)
 ParOldGen       total 322560K, used 99739K [0x00000005c8200000, 0x00000005dbd00000, 0x0000000718100000)
  object space 322560K, 30% used [0x00000005c8200000,0x00000005ce366e28,0x00000005dbd00000)
 Metaspace       used 49203K, capacity 50106K, committed 50304K, reserved 1093632K
  class space    used 5467K, capacity 5749K, committed 5760K, reserved 1048576K
}
Event: 146.999 GC heap before
{Heap before GC invocations=20 (full 3):
 PSYoungGen      total 1655296K, used 1655273K [0x0000000718100000, 0x0000000784880000, 0x00000007c0000000)
  eden space 1601024K, 100% used [0x0000000718100000,0x0000000779c80000,0x0000000779c80000)
  from space 54272K, 99% used [0x000000077e500000,0x00000007819fa718,0x0000000781a00000)
  to   space 74240K, 0% used [0x0000000779c80000,0x0000000779c80000,0x000000077e500000)
 ParOldGen       total 322560K, used 99739K [0x00000005c8200000, 0x00000005dbd00000, 0x0000000718100000)
  object space 322560K, 30% used [0x00000005c8200000,0x00000005ce366e28,0x00000005dbd00000)
 Metaspace       used 49209K, capacity 50106K, committed 50304K, reserved 1093632K
  class space    used 5467K, capacity 5749K, committed 5760K, reserved 1048576K
Event: 147.068 GC heap after
Heap after GC invocations=20 (full 3):
 PSYoungGen      total 1675264K, used 39526K [0x0000000718100000, 0x0000000798000000, 0x00000007c0000000)
  eden space 1601024K, 0% used [0x0000000718100000,0x0000000718100000,0x0000000779c80000)
  from space 74240K, 53% used [0x0000000779c80000,0x000000077c319b98,0x000000077e500000)
  to   space 71680K, 0% used [0x0000000793a00000,0x0000000793a00000,0x0000000798000000)
 ParOldGen       total 322560K, used 114407K [0x00000005c8200000, 0x00000005dbd00000, 0x0000000718100000)
  object space 322560K, 35% used [0x00000005c8200000,0x00000005cf1b9ff0,0x00000005dbd00000)
 Metaspace       used 49209K, capacity 50106K, committed 50304K, reserved 1093632K
  class space    used 5467K, capacity 5749K, committed 5760K, reserved 1048576K
}
Event: 150.160 GC heap before
{Heap before GC invocations=21 (full 3):
 PSYoungGen      total 1675264K, used 1640550K [0x0000000718100000, 0x0000000798000000, 0x00000007c0000000)
  eden space 1601024K, 100% used [0x0000000718100000,0x0000000779c80000,0x0000000779c80000)
  from space 74240K, 53% used [0x0000000779c80000,0x000000077c319b98,0x000000077e500000)
  to   space 71680K, 0% used [0x0000000793a00000,0x0000000793a00000,0x0000000798000000)
 ParOldGen       total 322560K, used 114407K [0x00000005c8200000, 0x00000005dbd00000, 0x0000000718100000)
  object space 322560K, 35% used [0x00000005c8200000,0x00000005cf1b9ff0,0x00000005dbd00000)
 Metaspace       used 49210K, capacity 50106K, committed 50304K, reserved 1093632K
  class space    used 5467K, capacity 5749K, committed 5760K, reserved 1048576K
Event: 150.203 GC heap after
Heap after GC invocations=21 (full 3):
 PSYoungGen      total 1892352K, used 52973K [0x0000000718100000, 0x0000000796e00000, 0x00000007c0000000)
  eden space 1839104K, 0% used [0x0000000718100000,0x0000000718100000,0x0000000788500000)
  from space 53248K, 99% used [0x0000000793a00000,0x0000000796dbb560,0x0000000796e00000)
  to   space 73728K, 0% used [0x000000078de00000,0x000000078de00000,0x0000000792600000)
 ParOldGen       total 322560K, used 114415K [0x00000005c8200000, 0x00000005dbd00000, 0x0000000718100000)
  object space 322560K, 35% used [0x00000005c8200000,0x00000005cf1bbff0,0x00000005dbd00000)
 Metaspace       used 49210K, capacity 50106K, committed 50304K, reserved 1093632K
  class space    used 5467K, capacity 5749K, committed 5760K, reserved 1048576K
}
Event: 153.066 GC heap before
{Heap before GC invocations=22 (full 3):
 PSYoungGen      total 1892352K, used 1892077K [0x0000000718100000, 0x0000000796e00000, 0x00000007c0000000)
  eden space 1839104K, 100% used [0x0000000718100000,0x0000000788500000,0x0000000788500000)
  from space 53248K, 99% used [0x0000000793a00000,0x0000000796dbb560,0x0000000796e00000)
  to   space 73728K, 0% used [0x000000078de00000,0x000000078de00000,0x0000000792600000)
 ParOldGen       total 322560K, used 114415K [0x00000005c8200000, 0x00000005dbd00000, 0x0000000718100000)
  object space 322560K, 35% used [0x00000005c8200000,0x00000005cf1bbff0,0x00000005dbd00000)
 Metaspace       used 49214K, capacity 50106K, committed 50304K, reserved 1093632K
  class space    used 5467K, capacity 5749K, committed 5760K, reserved 1048576K

Deoptimization events (10 events):
Event: 141.980 Thread 0x00007f5f34011800 Uncommon trap: reason=unstable_if action=reinterpret pc=0x00007f5f25f820ec method=com.fasterxml.jackson.core.io.NumberOutput._leading3(I[CI)I @ 48
Event: 142.202 Thread 0x00007f5f34011800 Uncommon trap: reason=unstable_if action=reinterpret pc=0x00007f5f25e5ceec method=com.fasterxml.jackson.databind.ser.std.ObjectArraySerializer.serializeContents([Ljava/lang/Object;Lcom/fasterxml/jackson/core/JsonGenerator;Lcom/fasterxml/jackson/databind/S
Event: 142.211 Thread 0x00007f5f34011800 Uncommon trap: reason=unstable_if action=reinterpret pc=0x00007f5f25f90f7c method=com.fasterxml.jackson.core.json.JsonWriteContext.writeValue()I @ 109
Event: 142.211 Thread 0x00007f5f34011800 Uncommon trap: reason=unstable_if action=reinterpret pc=0x00007f5f25f84e88 method=com.fasterxml.jackson.core.json.JsonWriteContext.writeValue()I @ 158
Event: 142.211 Thread 0x00007f5f34011800 Uncommon trap: reason=unstable_if action=reinterpret pc=0x00007f5f25f934fc method=com.fasterxml.jackson.core.io.NumberOutput.outputInt(I[CI)I @ 118
Event: 150.327 Thread 0x00007f5f34011800 Uncommon trap: reason=unstable_if action=reinterpret pc=0x00007f5f264bfb08 method=com.alibaba.fastjson.serializer.SerializeWriter.write(I)V @ 33
Event: 150.387 Thread 0x00007f5f34011800 Uncommon trap: reason=unstable_if action=reinterpret pc=0x00007f5f2652ce78 method=com.alibaba.fastjson.util.IOUtils.getChars(II[C)V @ 80
Event: 150.387 Thread 0x00007f5f34011800 Uncommon trap: reason=unstable_if action=reinterpret pc=0x00007f5f265291dc method=com.alibaba.fastjson.util.IOUtils.getChars(II[C)V @ 80
Event: 150.388 Thread 0x00007f5f34011800 Uncommon trap: reason=unstable_if action=reinterpret pc=0x00007f5f26523b0c method=com.alibaba.fastjson.util.IOUtils.getChars(II[C)V @ 80
Event: 150.548 Thread 0x00007f5f34011800 Uncommon trap: reason=unstable_if action=reinterpret pc=0x00007f5f2654b584 method=com.alibaba.fastjson.serializer.ArraySerializer.write(Lcom/alibaba/fastjson/serializer/JSONSerializer;Ljava/lang/Object;Ljava/lang/Object;Ljava/lang/reflect/Type;I)V @ 157

Internal exceptions (10 events):
Event: 141.282 Thread 0x00007f5f34011800 Exception <a 'java/lang/RuntimeException'> (0x000000072f5c0ed8) thrown at [/tmp/buildd/openjdk-8-8u121-b13/src/hotspot/src/share/vm/prims/jni.cpp, line 709]
Event: 141.285 Thread 0x00007f5f34011800 Exception <a 'java/lang/reflect/InvocationTargetException'> (0x000000072f5faae8) thrown at [/tmp/buildd/openjdk-8-8u121-b13/src/hotspot/src/share/vm/runtime/reflection.cpp, line 1092]
Event: 141.285 Thread 0x00007f5f34011800 Exception <a 'java/lang/RuntimeException'> (0x000000072f5fa8e0) thrown at [/tmp/buildd/openjdk-8-8u121-b13/src/hotspot/src/share/vm/prims/jni.cpp, line 709]
Event: 141.288 Thread 0x00007f5f34011800 Exception <a 'java/lang/reflect/InvocationTargetException'> (0x000000072f67f660) thrown at [/tmp/buildd/openjdk-8-8u121-b13/src/hotspot/src/share/vm/runtime/reflection.cpp, line 1092]
Event: 141.288 Thread 0x00007f5f34011800 Exception <a 'java/lang/RuntimeException'> (0x000000072f67f458) thrown at [/tmp/buildd/openjdk-8-8u121-b13/src/hotspot/src/share/vm/prims/jni.cpp, line 709]
Event: 141.307 Thread 0x00007f5f34011800 Exception <a 'java/lang/reflect/InvocationTargetException'> (0x000000072f8a7430) thrown at [/tmp/buildd/openjdk-8-8u121-b13/src/hotspot/src/share/vm/runtime/reflection.cpp, line 1092]
Event: 141.389 Thread 0x00007f5f34011800 Implicit null exception at 0x00007f5f25eba466 to 0x00007f5f25ebb9a9
Event: 141.872 Thread 0x00007f5f34011800 Exception <a 'java/lang/reflect/InvocationTargetException'> (0x000000073414fdb8) thrown at [/tmp/buildd/openjdk-8-8u121-b13/src/hotspot/src/share/vm/runtime/reflection.cpp, line 1092]
Event: 141.933 Thread 0x00007f5f34011800 Implicit null exception at 0x00007f5f25f70a1d to 0x00007f5f25f70b05
Event: 143.901 Thread 0x00007f5f341da800 Exception <a 'java/lang/NullPointerException'> (0x0000000718e6e8c8) thrown at [/tmp/buildd/openjdk-8-8u121-b13/src/hotspot/src/share/vm/interpreter/linkResolver.cpp, line 1178]

Events (10 events):
Event: 150.388 Thread 0x00007f5f34011800 DEOPT PACKING pc=0x00007f5f26523b0c sp=0x00007f5f3d2b7980
Event: 150.388 Thread 0x00007f5f34011800 DEOPT UNPACKING pc=0x00007f5f25004f69 sp=0x00007f5f3d2b7930 mode 2
Event: 150.499 Thread 0x00007f5f34011800 DEOPT PACKING pc=0x00007f5f26532a11 sp=0x00007f5f3d2b7a00
Event: 150.499 Thread 0x00007f5f34011800 DEOPT UNPACKING pc=0x00007f5f25047373 sp=0x00007f5f3d2b7850 mode 0
Event: 150.548 Thread 0x00007f5f34011800 Uncommon trap: trap_request=0xffffff65 fr.pc=0x00007f5f2654b584
Event: 150.548 Thread 0x00007f5f34011800 DEOPT PACKING pc=0x00007f5f2654b584 sp=0x00007f5f3d2b7ad0
Event: 150.548 Thread 0x00007f5f34011800 DEOPT UNPACKING pc=0x00007f5f25004f69 sp=0x00007f5f3d2b7ad0 mode 2
Event: 150.579 Thread 0x00007f5f34011800 DEOPT PACKING pc=0x00007f5f2653a416 sp=0x00007f5f3d2b7a60
Event: 150.579 Thread 0x00007f5f34011800 DEOPT UNPACKING pc=0x00007f5f25047373 sp=0x00007f5f3d2b7840 mode 0
Event: 153.065 Executing VM operation: ParallelGCFailedAllocation


Dynamic libraries:
00400000-00401000 r-xp 00000000 00:6b 90                                 /usr/lib/jvm/java-8-openjdk-amd64/jre/bin/java
00600000-00601000 r--p 00000000 00:6b 90                                 /usr/lib/jvm/java-8-openjdk-amd64/jre/bin/java
00601000-00602000 rw-p 00001000 00:6b 90                                 /usr/lib/jvm/java-8-openjdk-amd64/jre/bin/java
025f2000-02613000 rw-p 00000000 00:00 0                                  [heap]
5c8200000-5dbd00000 rw-p 00000000 00:00 0 
5dbd00000-718100000 ---p 00000000 00:00 0 
718100000-796e00000 rw-p 00000000 00:00 0 
7ae000000-7c0000000 ---p 00000000 00:00 0 
7c0000000-7c05a0000 rw-p 00000000 00:00 0 
7c05a0000-800000000 ---p 00000000 00:00 0 
7f5e8c000000-7f5e8c021000 rw-p 00000000 00:00 0 
7f5e8c021000-7f5e90000000 ---p 00000000 00:00 0 
7f5e94000000-7f5e94021000 rw-p 00000000 00:00 0 
7f5e94021000-7f5e98000000 ---p 00000000 00:00 0 
7f5e98000000-7f5e98021000 rw-p 00000000 00:00 0 
7f5e98021000-7f5e9c000000 ---p 00000000 00:00 0 
7f5e9c000000-7f5e9c039000 rw-p 00000000 00:00 0 
7f5e9c039000-7f5ea0000000 ---p 00000000 00:00 0 
7f5ea0000000-7f5ea0021000 rw-p 00000000 00:00 0 
7f5ea0021000-7f5ea4000000 ---p 00000000 00:00 0 
7f5ea4000000-7f5ea4021000 rw-p 00000000 00:00 0 
7f5ea4021000-7f5ea8000000 ---p 00000000 00:00 0 
7f5ea8000000-7f5ea8021000 rw-p 00000000 00:00 0 
7f5ea8021000-7f5eac000000 ---p 00000000 00:00 0 
7f5eac000000-7f5eac03d000 rw-p 00000000 00:00 0 
7f5eac03d000-7f5eb0000000 ---p 00000000 00:00 0 
7f5eb0000000-7f5eb0021000 rw-p 00000000 00:00 0 
7f5eb0021000-7f5eb4000000 ---p 00000000 00:00 0 
7f5eb4000000-7f5eb4021000 rw-p 00000000 00:00 0 
7f5eb4021000-7f5eb8000000 ---p 00000000 00:00 0 
7f5eb8000000-7f5eb8021000 rw-p 00000000 00:00 0 
7f5eb8021000-7f5ebc000000 ---p 00000000 00:00 0 
7f5ebc000000-7f5ebc021000 rw-p 00000000 00:00 0 
7f5ebc021000-7f5ec0000000 ---p 00000000 00:00 0 
7f5ec0000000-7f5ec0021000 rw-p 00000000 00:00 0 
7f5ec0021000-7f5ec4000000 ---p 00000000 00:00 0 
7f5ec4000000-7f5ec51da000 rw-p 00000000 00:00 0 
7f5ec51da000-7f5ec8000000 ---p 00000000 00:00 0 
7f5ec8000000-7f5ec8021000 rw-p 00000000 00:00 0 
7f5ec8021000-7f5ecc000000 ---p 00000000 00:00 0 
7f5ecc000000-7f5ece453000 rw-p 00000000 00:00 0 
7f5ece453000-7f5ed0000000 ---p 00000000 00:00 0 
7f5ed0000000-7f5ed1c98000 rw-p 00000000 00:00 0 
7f5ed1c98000-7f5ed4000000 ---p 00000000 00:00 0 
7f5ed4000000-7f5ed4021000 rw-p 00000000 00:00 0 
7f5ed4021000-7f5ed8000000 ---p 00000000 00:00 0 
7f5ed8000000-7f5ed9c88000 rw-p 00000000 00:00 0 
7f5ed9c88000-7f5edc000000 ---p 00000000 00:00 0 
7f5edc000000-7f5edc021000 rw-p 00000000 00:00 0 
7f5edc021000-7f5ee0000000 ---p 00000000 00:00 0 
7f5ee0000000-7f5ee0021000 rw-p 00000000 00:00 0 
7f5ee0021000-7f5ee4000000 ---p 00000000 00:00 0 
7f5ee4000000-7f5ee4021000 rw-p 00000000 00:00 0 
7f5ee4021000-7f5ee8000000 ---p 00000000 00:00 0 
7f5ee8410000-7f5ef8000000 rw-p 00000000 00:00 0 
7f5ef8000000-7f5ef8021000 rw-p 00000000 00:00 0 
7f5ef8021000-7f5efc000000 ---p 00000000 00:00 0 
7f5efc000000-7f5efc021000 rw-p 00000000 00:00 0 
7f5efc021000-7f5f00000000 ---p 00000000 00:00 0 
7f5f00000000-7f5f00021000 rw-p 00000000 00:00 0 
7f5f00021000-7f5f04000000 ---p 00000000 00:00 0 
7f5f04ae5000-7f5f04c65000 rw-p 00000000 00:00 0 
7f5f04c65000-7f5f04ce5000 ---p 00000000 00:00 0 
7f5f04ce5000-7f5f04d0b000 r-xp 00000000 00:6b 15280                      /lib/x86_64-linux-gnu/libpng12.so.0.50.0
7f5f04d0b000-7f5f04f0a000 ---p 00026000 00:6b 15280                      /lib/x86_64-linux-gnu/libpng12.so.0.50.0
7f5f04f0a000-7f5f04f0b000 r--p 00025000 00:6b 15280                      /lib/x86_64-linux-gnu/libpng12.so.0.50.0
7f5f04f0b000-7f5f04f0c000 rw-p 00026000 00:6b 15280                      /lib/x86_64-linux-gnu/libpng12.so.0.50.0
7f5f04f0c000-7f5f04fb0000 r-xp 00000000 00:6b 15278                      /usr/lib/x86_64-linux-gnu/libfreetype.so.6.11.1
7f5f04fb0000-7f5f051af000 ---p 000a4000 00:6b 15278                      /usr/lib/x86_64-linux-gnu/libfreetype.so.6.11.1
7f5f051af000-7f5f051b5000 r--p 000a3000 00:6b 15278                      /usr/lib/x86_64-linux-gnu/libfreetype.so.6.11.1
7f5f051b5000-7f5f051b6000 rw-p 000a9000 00:6b 15278                      /usr/lib/x86_64-linux-gnu/libfreetype.so.6.11.1
7f5f051b6000-7f5f05208000 r-xp 00000000 00:6b 15276                      /usr/lib/jvm/java-8-openjdk-amd64/jre/lib/amd64/libfontmanager.so
7f5f05208000-7f5f05407000 ---p 00052000 00:6b 15276                      /usr/lib/jvm/java-8-openjdk-amd64/jre/lib/amd64/libfontmanager.so
7f5f05407000-7f5f0540a000 r--p 00051000 00:6b 15276                      /usr/lib/jvm/java-8-openjdk-amd64/jre/lib/amd64/libfontmanager.so
7f5f0540a000-7f5f0540b000 rw-p 00054000 00:6b 15276                      /usr/lib/jvm/java-8-openjdk-amd64/jre/lib/amd64/libfontmanager.so
7f5f0540b000-7f5f05412000 r-xp 00000000 00:6b 13661                      /usr/lib/jvm/java-8-openjdk-amd64/jre/lib/amd64/libawt_headless.so
7f5f05412000-7f5f05611000 ---p 00007000 00:6b 13661                      /usr/lib/jvm/java-8-openjdk-amd64/jre/lib/amd64/libawt_headless.so
7f5f05611000-7f5f05612000 r--p 00006000 00:6b 13661                      /usr/lib/jvm/java-8-openjdk-amd64/jre/lib/amd64/libawt_headless.so
7f5f05612000-7f5f05613000 rw-p 00007000 00:6b 13661                      /usr/lib/jvm/java-8-openjdk-amd64/jre/lib/amd64/libawt_headless.so
7f5f05613000-7f5f056b4000 r-xp 00000000 00:6b 13660                      /usr/lib/jvm/java-8-openjdk-amd64/jre/lib/amd64/libawt.so
7f5f056b4000-7f5f058b3000 ---p 000a1000 00:6b 13660                      /usr/lib/jvm/java-8-openjdk-amd64/jre/lib/amd64/libawt.so
7f5f058b3000-7f5f058b4000 r--p 000a0000 00:6b 13660                      /usr/lib/jvm/java-8-openjdk-amd64/jre/lib/amd64/libawt.so
7f5f058b4000-7f5f058bf000 rw-p 000a1000 00:6b 13660                      /usr/lib/jvm/java-8-openjdk-amd64/jre/lib/amd64/libawt.so
7f5f058bf000-7f5f05ae4000 rw-p 00000000 00:00 0 
7f5f05ae4000-7f5f05ce4000 rw-p 00000000 00:00 0 
7f5f05ce4000-7f5f05ee4000 rw-p 00000000 00:00 0 
7f5f05ee4000-7f5f060e4000 rw-p 00000000 00:00 0 
7f5f060e4000-7f5f062e4000 rw-p 00000000 00:00 0 
7f5f062e4000-7f5f064e4000 rw-p 00000000 00:00 0 
7f5f064e4000-7f5f066e4000 rw-p 00000000 00:00 0 
7f5f066e4000-7f5f068e4000 rw-p 00000000 00:00 0 
7f5f068e4000-7f5f068e7000 ---p 00000000 00:00 0 
7f5f068e7000-7f5f06be5000 rw-p 00000000 00:00 0                          [stack:15017]
7f5f06be5000-7f5f06de5000 rw-p 00000000 00:00 0 
7f5f06de5000-7f5f06df6000 r-xp 00000000 00:6b 162                        /usr/lib/jvm/java-8-openjdk-amd64/jre/lib/amd64/libnio.so
7f5f06df6000-7f5f06ff6000 ---p 00011000 00:6b 162                        /usr/lib/jvm/java-8-openjdk-amd64/jre/lib/amd64/libnio.so
7f5f06ff6000-7f5f06ff7000 r--p 00011000 00:6b 162                        /usr/lib/jvm/java-8-openjdk-amd64/jre/lib/amd64/libnio.so
7f5f06ff7000-7f5f06ff8000 rw-p 00012000 00:6b 162                        /usr/lib/jvm/java-8-openjdk-amd64/jre/lib/amd64/libnio.so
7f5f06ff8000-7f5f06ffb000 ---p 00000000 00:00 0 
7f5f06ffb000-7f5f070f9000 rw-p 00000000 00:00 0                          [stack:14913]
7f5f070f9000-7f5f070fc000 ---p 00000000 00:00 0 
7f5f070fc000-7f5f071fa000 rw-p 00000000 00:00 0                          [stack:14912]
7f5f071fa000-7f5f071fd000 ---p 00000000 00:00 0 
7f5f071fd000-7f5f072fb000 rw-p 00000000 00:00 0                          [stack:14911]
7f5f072fb000-7f5f072fe000 ---p 00000000 00:00 0 
7f5f072fe000-7f5f073fc000 rw-p 00000000 00:00 0                          [stack:14910]
7f5f073fc000-7f5f073ff000 ---p 00000000 00:00 0 
7f5f073ff000-7f5f074fd000 rw-p 00000000 00:00 0                          [stack:14909]
7f5f074fd000-7f5f07500000 ---p 00000000 00:00 0 
7f5f07500000-7f5f075fe000 rw-p 00000000 00:00 0                          [stack:14908]
7f5f075fe000-7f5f07601000 ---p 00000000 00:00 0 
7f5f07601000-7f5f076ff000 rw-p 00000000 00:00 0                          [stack:14907]
7f5f076ff000-7f5f07702000 ---p 00000000 00:00 0 
7f5f07702000-7f5f07a00000 rw-p 00000000 00:00 0                          [stack:14906]
7f5f07a00000-7f5f07c00000 rw-p 00000000 00:00 0 
7f5f07c00000-7f5f07e00000 rw-p 00000000 00:00 0 
7f5f07e00000-7f5f08000000 rw-p 00000000 00:00 0 
7f5f08000000-7f5f08021000 rw-p 00000000 00:00 0 
7f5f08021000-7f5f0c000000 ---p 00000000 00:00 0 
7f5f0c0b4000-7f5f0c0dc000 r-xp 00000000 00:6b 169                        /usr/lib/jvm/java-8-openjdk-amd64/jre/lib/amd64/libsunec.so
7f5f0c0dc000-7f5f0c2dc000 ---p 00028000 00:6b 169                        /usr/lib/jvm/java-8-openjdk-amd64/jre/lib/amd64/libsunec.so
7f5f0c2dc000-7f5f0c2e0000 r--p 00028000 00:6b 169                        /usr/lib/jvm/java-8-openjdk-amd64/jre/lib/amd64/libsunec.so
7f5f0c2e0000-7f5f0c2e2000 rw-p 0002c000 00:6b 169                        /usr/lib/jvm/java-8-openjdk-amd64/jre/lib/amd64/libsunec.so
7f5f0c2e2000-7f5f0c4e2000 rw-p 00000000 00:00 0 
7f5f0c4e2000-7f5f0c6e2000 rw-p 00000000 00:00 0 
7f5f0c6e2000-7f5f0c8e2000 rw-p 00000000 00:00 0 
7f5f0c8e2000-7f5f0c8e5000 ---p 00000000 00:00 0 
7f5f0c8e5000-7f5f0c9e3000 rw-p 00000000 00:00 0                          [stack:14865]
7f5f0c9e3000-7f5f0c9e6000 ---p 00000000 00:00 0 
7f5f0c9e6000-7f5f0cae4000 rw-p 00000000 00:00 0                          [stack:14862]
7f5f0cae4000-7f5f0cae7000 ---p 00000000 00:00 0 
7f5f0cae7000-7f5f0fbe6000 rw-p 00000000 00:00 0                          [stack:14860]
7f5f0fbe6000-7f5f0fbfd000 r-xp 00000000 00:6b 153                        /usr/lib/jvm/java-8-openjdk-amd64/jre/lib/amd64/libnet.so
7f5f0fbfd000-7f5f0fdfc000 ---p 00017000 00:6b 153                        /usr/lib/jvm/java-8-openjdk-amd64/jre/lib/amd64/libnet.so
7f5f0fdfc000-7f5f0fdfd000 r--p 00016000 00:6b 153                        /usr/lib/jvm/java-8-openjdk-amd64/jre/lib/amd64/libnet.so
7f5f0fdfd000-7f5f0fdfe000 rw-p 00017000 00:6b 153                        /usr/lib/jvm/java-8-openjdk-amd64/jre/lib/amd64/libnet.so
7f5f0fdfe000-7f5f0fdff000 ---p 00000000 00:00 0 
7f5f0fdff000-7f5f0feff000 rw-p 00000000 00:00 0                          [stack:14855]
7f5f0feff000-7f5f0ff02000 ---p 00000000 00:00 0 
7f5f0ff02000-7f5f10000000 rw-p 00000000 00:00 0                          [stack:14854]
7f5f10000000-7f5f10021000 rw-p 00000000 00:00 0 
7f5f10021000-7f5f14000000 ---p 00000000 00:00 0 
7f5f14000000-7f5f140a6000 rw-p 00000000 00:00 0 
7f5f140a6000-7f5f18000000 ---p 00000000 00:00 0 
7f5f18000000-7f5f18021000 rw-p 00000000 00:00 0 
7f5f18021000-7f5f1c000000 ---p 00000000 00:00 0 
7f5f1c032000-7f5f1c033000 rw-p 00000000 00:00 0 
7f5f1c033000-7f5f1c03e000 r--s 00000000 00:6b 15359                      /var/cache/fontconfig/d589a48862398ed80a3d6066f4f56f4c-le64.cache-4
7f5f1c03e000-7f5f1c043000 r--s 002f9000 00:6b 122                        /usr/lib/jvm/java-8-openjdk-amd64/jre/lib/charsets.jar
7f5f1c043000-7f5f1c046000 r--s 00015000 00:6b 121                        /usr/lib/jvm/java-8-openjdk-amd64/jre/lib/jce.jar
7f5f1c046000-7f5f1c059000 r--s 00346000 00:6b 118                        /usr/lib/jvm/java-8-openjdk-amd64/jre/lib/resources.jar
7f5f1c059000-7f5f1c05d000 r--s 0009a000 00:6b 120                        /usr/lib/jvm/java-8-openjdk-amd64/jre/lib/jsse.jar
7f5f1c05d000-7f5f1c060000 ---p 00000000 00:00 0 
7f5f1c060000-7f5f1c15e000 rw-p 00000000 00:00 0                          [stack:14851]
7f5f1c15e000-7f5f1c161000 ---p 00000000 00:00 0 
7f5f1c161000-7f5f1c25f000 rw-p 00000000 00:00 0                          [stack:14850]
7f5f1c25f000-7f5f1c262000 ---p 00000000 00:00 0 
7f5f1c262000-7f5f1c360000 rw-p 00000000 00:00 0                          [stack:14849]
7f5f1c360000-7f5f1c363000 ---p 00000000 00:00 0 
7f5f1c363000-7f5f1c461000 rw-p 00000000 00:00 0                          [stack:14848]
7f5f1c461000-7f5f1c493000 r--s 00233000 00:6b 86322                      /tmp/gzoltar.agent2626821356366427444.jar
7f5f1c493000-7f5f1c498000 r--s 0004e000 00:6b 5324                       /root/workspace/alibaba/fastjson/290362680/.m2/org/eclipse/jetty/jetty-server/8.1.8.v20121106/jetty-server-8.1.8.v20121106.jar
7f5f1c498000-7f5f1c49b000 r--s 0000e000 00:6b 5428                       /root/workspace/alibaba/fastjson/290362680/.m2/org/glassfish/jersey/containers/jersey-container-servlet-core/2.23.2/jersey-container-servlet-core-2.23.2.jar
7f5f1c49b000-7f5f1c49e000 r--s 00021000 00:6b 5361                       /root/workspace/alibaba/fastjson/290362680/.m2/com/fasterxml/jackson/module/jackson-module-afterburner/2.9.0/jackson-module-afterburner-2.9.0.jar
7f5f1c49e000-7f5f1c4a1000 r--s 00013000 00:6b 5389                       /root/workspace/alibaba/fastjson/290362680/.m2/net/sf/ezmorph/ezmorph/1.0.6/ezmorph-1.0.6.jar
7f5f1c4a1000-7f5f1c4a4000 r--s 00017000 00:6b 5343                       /root/workspace/alibaba/fastjson/290362680/.m2/org/eclipse/jetty/jetty-io/8.1.8.v20121106/jetty-io-8.1.8.v20121106.jar
7f5f1c4a4000-7f5f1c4a6000 r--s 0000d000 00:6b 5393                       /root/workspace/alibaba/fastjson/290362680/.m2/commons-logging/commons-logging/1.1.1/commons-logging-1.1.1.jar
7f5f1c4a6000-7f5f1c4ac000 r--s 0004a000 00:6b 5370                       /root/workspace/alibaba/fastjson/290362680/.m2/cglib/cglib-nodep/2.2.2/cglib-nodep-2.2.2.jar
7f5f1c4ac000-7f5f1c4b2000 r--s 00031000 00:6b 5427                       /root/workspace/alibaba/fastjson/290362680/.m2/com/jayway/jsonpath/json-path/2.3.0/json-path-2.3.0.jar
7f5f1c4b2000-7f5f1c4b7000 r--s 00029000 00:6b 5290                       /root/workspace/alibaba/fastjson/290362680/.m2/org/springframework/spring-context-support/4.3.10.RELEASE/spring-context-support-4.3.10.RELEASE.jar
7f5f1c4b7000-7f5f1c4b9000 r--s 00003000 00:6b 5443                       /root/workspace/alibaba/fastjson/290362680/.m2/org/jetbrains/annotations/13.0/annotations-13.0.jar
7f5f1c4b9000-7f5f1c4bb000 r--s 00005000 00:6b 5317                       /root/workspace/alibaba/fastjson/290362680/.m2/io/javaslang/javaslang-match/2.0.6/javaslang-match-2.0.6.jar
7f5f1c4bb000-7f5f1c4bd000 r--s 00014000 00:6b 5353                       /root/workspace/alibaba/fastjson/290362680/.m2/org/eclipse/jetty/jetty-security/8.1.8.v20121106/jetty-security-8.1.8.v20121106.jar
7f5f1c4bd000-7f5f1c4c3000 r--s 00071000 00:6b 5276                       /root/workspace/alibaba/fastjson/290362680/.m2/org/codehaus/woodstox/woodstox-core-asl/4.4.1/woodstox-core-asl-4.4.1.jar
7f5f1c4c3000-7f5f1c4c4000 r--s 00004000 00:6b 5333                       /root/workspace/alibaba/fastjson/290362680/.m2/org/glassfish/hk2/osgi-resource-locator/1.0.1/osgi-resource-locator-1.0.1.jar
7f5f1c4c4000-7f5f1c4c9000 r--s 00048000 00:6b 5461                       /root/workspace/alibaba/fastjson/290362680/.m2/dom4j/dom4j/1.6.1/dom4j-1.6.1.jar
7f5f1c4c9000-7f5f1c4cc000 r--s 0002b000 00:6b 5462                       /root/workspace/alibaba/fastjson/290362680/.m2/org/jboss/jandex/2.0.3.Final/jandex-2.0.3.Final.jar
7f5f1c4cc000-7f5f1c4e3000 r--s 00131000 00:6b 5278                       /root/workspace/alibaba/fastjson/290362680/.m2/org/apache/cxf/cxf-core/3.1.2/cxf-core-3.1.2.jar
7f5f1c4e3000-7f5f1c4e5000 r--s 00004000 00:6b 5441                       /root/workspace/alibaba/fastjson/290362680/.m2/org/glassfish/jersey/media/jersey-media-json-jackson/2.23.2/jersey-media-json-jackson-2.23.2.jar
7f5f1c4e5000-7f5f1c4ef000 r--s 000a5000 00:6b 5417                       /root/workspace/alibaba/fastjson/290362680/.m2/org/javassist/javassist/3.18.0-GA/javassist-3.18.0-GA.jar
7f5f1c4ef000-7f5f1c4f0000 r--s 00001000 00:6b 5322                       /root/workspace/alibaba/fastjson/290362680/.m2/org/glassfish/hk2/external/javax.inject/2.5.0-b05/javax.inject-2.5.0-b05.jar
7f5f1c4f0000-7f5f1c4fb000 r--s 00053000 00:6b 5474                       /root/workspace/alibaba/fastjson/290362680/.m2/org/springframework/security/spring-security-web/4.2.3.RELEASE/spring-security-web-4.2.3.RELEASE.jar
7f5f1c4fb000-7f5f1c500000 r--s 00034000 00:6b 5369                       /root/workspace/alibaba/fastjson/290362680/.m2/commons-beanutils/commons-beanutils/1.8.0/commons-beanutils-1.8.0.jar
7f5f1c500000-7f5f1c505000 r--s 00021000 00:6b 5301                       /root/workspace/alibaba/fastjson/290362680/.m2/io/springfox/springfox-spring-web/2.6.1/springfox-spring-web-2.6.1.jar
7f5f1c505000-7f5f1c50d000 r--s 0008b000 00:6b 5133                       /root/workspace/alibaba/fastjson/290362680/.m2/org/apache/cxf/cxf-rt-frontend-jaxrs/3.1.2/cxf-rt-frontend-jaxrs-3.1.2.jar
7f5f1c50d000-7f5f1c519000 r--s 00056000 00:6b 5478                       /root/workspace/alibaba/fastjson/290362680/.m2/org/springframework/security/spring-security-core/4.2.3.RELEASE/spring-security-core-4.2.3.RELEASE.jar
7f5f1c519000-7f5f1c51b000 r--s 00006000 00:6b 5422                       /root/workspace/alibaba/fastjson/290362680/.m2/org/glassfish/jersey/test-framework/jersey-test-framework-core/2.23.2/jersey-test-framework-core-2.23.2.jar
7f5f1c51b000-7f5f1c524000 r--s 00054000 00:6b 5148                       /root/workspace/alibaba/fastjson/290362680/.m2/org/springframework/spring-aop/4.3.7.RELEASE/spring-aop-4.3.7.RELEASE.jar
7f5f1c524000-7f5f1c526000 r--s 00000000 00:6b 5309                       /root/workspace/alibaba/fastjson/290362680/.m2/org/springframework/plugin/spring-plugin-metadata/1.2.0.RELEASE/spring-plugin-metadata-1.2.0.RELEASE.jar
7f5f1c526000-7f5f1c52f000 r--s 00067000 00:6b 5138                       /root/workspace/alibaba/fastjson/290362680/.m2/org/springframework/spring-websocket/4.3.7.RELEASE/spring-websocket-4.3.7.RELEASE.jar
7f5f1c52f000-7f5f1c534000 r--s 00068000 00:6b 5403                       /root/workspace/alibaba/fastjson/290362680/.m2/antlr/antlr/2.7.7/antlr-2.7.7.jar
7f5f1c534000-7f5f1c536000 r--s 00016000 00:6b 5351                       /root/workspace/alibaba/fastjson/290362680/.m2/org/eclipse/jetty/jetty-servlet/8.1.8.v20121106/jetty-servlet-8.1.8.v20121106.jar
7f5f1c536000-7f5f1c538000 r--s 00007000 00:6b 5372                       /root/workspace/alibaba/fastjson/290362680/.m2/com/fasterxml/jackson/module/jackson-module-jaxb-annotations/2.8.7/jackson-module-jaxb-annotations-2.8.7.jar
7f5f1c538000-7f5f1c53e000 r--s 00049000 00:6b 5280                       /root/workspace/alibaba/fastjson/290362680/.m2/org/apache/cxf/cxf-rt-transports-http/3.1.2/cxf-rt-transports-http-3.1.2.jar
7f5f1c53e000-7f5f1c541000 r--s 00023000 00:6b 5421                       /root/workspace/alibaba/fastjson/290362680/.m2/org/apache/cxf/cxf-rt-rs-client/3.1.2/cxf-rt-rs-client-3.1.2.jar
7f5f1c541000-7f5f1c573000 r--s 0021b000 00:6b 5469                       /root/workspace/alibaba/fastjson/290362680/.m2/org/jetbrains/kotlin/kotlin-reflect/1.1.3-2/kotlin-reflect-1.1.3-2.jar
7f5f1c573000-7f5f1c575000 r--s 00009000 00:6b 5357                       /root/workspace/alibaba/fastjson/290362680/.m2/org/hamcrest/hamcrest-core/1.3/hamcrest-core-1.3.jar
7f5f1c575000-7f5f1c578000 r--s 00015000 00:6b 5341                       /root/workspace/alibaba/fastjson/290362680/.m2/org/eclipse/jetty/jetty-http/8.1.8.v20121106/jetty-http-8.1.8.v20121106.jar
7f5f1c578000-7f5f1c5f3000 r--s 005d5000 00:6b 5463                       /root/workspace/alibaba/fastjson/290362680/.m2/org/hibernate/hibernate-core/5.2.10.Final/hibernate-core-5.2.10.Final.jar
7f5f1c5f3000-7f5f1c5f5000 r--s 00003000 00:6b 5425                       /root/workspace/alibaba/fastjson/290362680/.m2/org/glassfish/jersey/containers/jersey-container-servlet/2.23.2/jersey-container-servlet-2.23.2.jar
7f5f1c5f5000-7f5f1c5f9000 r--s 00019000 00:6b 5282                       /root/workspace/alibaba/fastjson/290362680/.m2/javax/ws/rs/javax.ws.rs-api/2.0.1/javax.ws.rs-api-2.0.1.jar
7f5f1c5f9000-7f5f1c5fb000 r--s 0000f000 00:6b 5452                       /root/workspace/alibaba/fastjson/290362680/.m2/org/jboss/logging/jboss-logging/3.3.0.Final/jboss-logging-3.3.0.Final.jar
7f5f1c5fb000-7f5f1c5ff000 r--s 00026000 00:6b 5132                       /root/workspace/alibaba/fastjson/290362680/.m2/org/apache/ws/xmlschema/xmlschema-core/2.2.1/xmlschema-core-2.2.1.jar
7f5f1c5ff000-7f5f1c600000 r--s 00005000 00:6b 5377                       /root/workspace/alibaba/fastjson/290362680/.m2/com/googlecode/json-simple/json-simple/1.1.1/json-simple-1.1.1.jar
7f5f1c600000-7f5f1c61b000 r--s 00111000 00:6b 5142                       /root/workspace/alibaba/fastjson/290362680/.m2/org/springframework/data/spring-data-redis/1.8.6.RELEASE/spring-data-redis-1.8.6.RELEASE.jar
7f5f1c61b000-7f5f1c621000 r--s 0003f000 00:6b 5451                       /root/workspace/alibaba/fastjson/290362680/.m2/com/jsoniter/jsoniter/0.9.8/jsoniter-0.9.8.jar
7f5f1c621000-7f5f1c637000 r--s 000d3000 00:6b 5420                       /root/workspace/alibaba/fastjson/290362680/.m2/org/glassfish/jersey/core/jersey-server/2.23.2/jersey-server-2.23.2.jar
7f5f1c637000-7f5f1c648000 r--s 000b7000 00:6b 5141                       /root/workspace/alibaba/fastjson/290362680/.m2/org/springframework/spring-web/4.3.7.RELEASE/spring-web-4.3.7.RELEASE.jar
7f5f1c648000-7f5f1c64b000 r--s 00015000 00:6b 5312                       /root/workspace/alibaba/fastjson/290362680/.m2/io/springfox/springfox-core/2.6.1/springfox-core-2.6.1.jar
7f5f1c64b000-7f5f1c65a000 r--s 00084000 00:6b 5419                       /root/workspace/alibaba/fastjson/290362680/.m2/org/springframework/spring-test/4.3.7.RELEASE/spring-test-4.3.7.RELEASE.jar
7f5f1c65a000-7f5f1c65c000 r--s 00012000 00:6b 5296                       /root/workspace/alibaba/fastjson/290362680/.m2/com/squareup/okio/okio/1.11.0/okio-1.11.0.jar
7f5f1c65c000-7f5f1c65e000 r--s 00004000 00:6b 5445                       /root/workspace/alibaba/fastjson/290362680/.m2/org/glassfish/jersey/containers/jersey-container-jdk-http/2.23.2/jersey-container-jdk-http-2.23.2.jar
7f5f1c65e000-7f5f1c662000 r--s 0001a000 00:6b 5325                       /root/workspace/alibaba/fastjson/290362680/.m2/org/glassfish/hk2/hk2-utils/2.5.0-b05/hk2-utils-2.5.0-b05.jar
7f5f1c662000-7f5f1c663000 r--s 00009000 00:6b 5350                       /root/workspace/alibaba/fastjson/290362680/.m2/org/eclipse/jetty/jetty-xml/8.1.8.v20121106/jetty-xml-8.1.8.v20121106.jar
7f5f1c663000-7f5f1c666000 r--s 0000a000 00:6b 5308                       /root/workspace/alibaba/fastjson/290362680/.m2/io/springfox/springfox-spi/2.6.1/springfox-spi-2.6.1.jar
7f5f1c666000-7f5f1c667000 r--s 00004000 00:6b 5307                       /root/workspace/alibaba/fastjson/290362680/.m2/org/springframework/plugin/spring-plugin-core/1.2.0.RELEASE/spring-plugin-core-1.2.0.RELEASE.jar
7f5f1c667000-7f5f1c66d000 r--s 00051000 00:6b 5300                       /root/workspace/alibaba/fastjson/290362680/.m2/com/squareup/okhttp3/okhttp/3.6.0/okhttp-3.6.0.jar
7f5f1c66d000-7f5f1c675000 r--s 00045000 00:6b 5352                       /root/workspace/alibaba/fastjson/290362680/.m2/junit/junit/4.12/junit-4.12.jar
7f5f1c675000-7f5f1c677000 r--s 00009000 00:6b 5144                       /root/workspace/alibaba/fastjson/290362680/.m2/org/slf4j/slf4j-api/1.7.25/slf4j-api-1.7.25.jar
7f5f1c677000-7f5f1c679000 r--s 00010000 00:6b 5429                       /root/workspace/alibaba/fastjson/290362680/.m2/org/glassfish/jersey/media/jersey-media-jaxb/2.23.2/jersey-media-jaxb-2.23.2.jar
7f5f1c679000-7f5f1c67f000 r--s 00033000 00:6b 5391                       /root/workspace/alibaba/fastjson/290362680/.m2/com/google/code/gson/gson/2.6.2/gson-2.6.2.jar
7f5f1c67f000-7f5f1c697000 r--s 000d6000 00:6b 5321                       /root/workspace/alibaba/fastjson/290362680/.m2/org/glassfish/jersey/bundles/repackaged/jersey-guava/2.23.2/jersey-guava-2.23.2.jar
7f5f1c697000-7f5f1c698000 r--s 00007000 00:6b 5373                       /root/workspace/alibaba/fastjson/290362680/.m2/com/fasterxml/jackson/jaxrs/jackson-jaxrs-base/2.8.7/jackson-jaxrs-base-2.8.7.jar
7f5f1c698000-7f5f1c69b000 r--s 0002e000 00:6b 5339                       /root/workspace/alibaba/fastjson/290362680/.m2/org/eclipse/jetty/orbit/javax.servlet/3.0.0.v201112011016/javax.servlet-3.0.0.v201112011016.jar
7f5f1c69b000-7f5f1c6b2000 r--s 000fb000 00:6b 5143                       /root/workspace/alibaba/fastjson/290362680/.m2/org/springframework/spring-core/4.3.7.RELEASE/spring-core-4.3.7.RELEASE.jar
7f5f1c6b2000-7f5f1c6b4000 r--s 00005000 00:6b 5136                       /root/workspace/alibaba/fastjson/290362680/.m2/javax/annotation/javax.annotation-api/1.2/javax.annotation-api-1.2.jar
7f5f1c6b4000-7f5f1c6b5000 r--s 00001000 00:6b 5437                       /root/workspace/alibaba/fastjson/290362680/.m2/org/glassfish/jersey/test-framework/providers/jersey-test-framework-provider-jdk-http/2.23.2/jersey-test-framework-provider-jdk-http-2.23.2.jar
7f5f1c6b5000-7f5f1c6b8000 r--s 0001b000 00:6b 5395                       /root/workspace/alibaba/fastjson/290362680/.m2/net/minidev/json-smart/2.2.1/json-smart-2.2.1.jar
7f5f1c6b8000-7f5f1c6b9000 r--s 00006000 00:6b 5460                       /root/workspace/alibaba/fastjson/290362680/.m2/org/jboss/spec/javax/transaction/jboss-transaction-api_1.2_spec/1.0.1.Final/jboss-transaction-api_1.2_spec-1.0.1.Final.jar
7f5f1c6b9000-7f5f1c6be000 r--s 00058000 00:6b 5418                       /root/workspace/alibaba/fastjson/290362680/.m2/org/ow2/asm/asm-debug-all/5.0.4/asm-debug-all-5.0.4.jar
7f5f1c6be000-7f5f1c6c0000 r--s 00013000 00:6b 5287                       /root/workspace/alibaba/fastjson/290362680/.m2/org/springframework/spring-oxm/4.3.10.RELEASE/spring-oxm-4.3.10.RELEASE.jar
7f5f1c6c0000-7f5f1c6c3000 r--s 00013000 00:6b 5299                       /root/workspace/alibaba/fastjson/290362680/.m2/com/squareup/retrofit2/retrofit/2.1.0/retrofit-2.1.0.jar
7f5f1c6c3000-7f5f1c6d2000 r--s 000a0000 00:6b 5323                       /root/workspace/alibaba/fastjson/290362680/.m2/org/glassfish/jersey/core/jersey-common/2.23.2/jersey-common-2.23.2.jar
7f5f1c6d2000-7f5f1c6d4000 r--s 00019000 00:6b 5337                       /root/workspace/alibaba/fastjson/290362680/.m2/org/eclipse/jetty/jetty-webapp/8.1.8.v20121106/jetty-webapp-8.1.8.v20121106.jar
7f5f1c6d4000-7f5f1c712000 r--s 00302000 00:6b 5401                       /root/workspace/alibaba/fastjson/290362680/.m2/org/codehaus/groovy/groovy/2.1.5/groovy-2.1.5.jar
7f5f1c712000-7f5f1c715000 r--s 0002a000 00:6b 5331                       /root/workspace/alibaba/fastjson/290362680/.m2/org/glassfish/hk2/hk2-locator/2.5.0-b05/hk2-locator-2.5.0-b05.jar
7f5f1c715000-7f5f1c71d000 r--s 0003a000 00:6b 5423                       /root/workspace/alibaba/fastjson/290362680/.m2/org/springframework/data/spring-data-commons-core/1.4.1.RELEASE/spring-data-commons-core-1.4.1.RELEASE.jar
7f5f1c71d000-7f5f1c720000 r--s 00017000 00:6b 5156                       /root/workspace/alibaba/fastjson/290362680/.m2/org/springframework/data/spring-data-keyvalue/1.2.6.RELEASE/spring-data-keyvalue-1.2.6.RELEASE.jar
7f5f1c720000-7f5f1c721000 r--s 00003000 00:6b 5375                       /root/workspace/alibaba/fastjson/290362680/.m2/com/fasterxml/jackson/jaxrs/jackson-jaxrs-json-provider/2.8.7/jackson-jaxrs-json-provider-2.8.7.jar
7f5f1c721000-7f5f1c726000 r--s 00040000 00:6b 5348                       /root/workspace/alibaba/fastjson/290362680/.m2/org/eclipse/jetty/jetty-util/8.1.8.v20121106/jetty-util-8.1.8.v20121106.jar
7f5f1c726000-7f5f1c72b000 r--s 0003c000 00:6b 5151                       /root/workspace/alibaba/fastjson/290362680/.m2/org/springframework/spring-expression/4.3.7.RELEASE/spring-expression-4.3.7.RELEASE.jar
7f5f1c72b000-7f5f1c732000 r--s 00064000 00:6b 5454                       /root/workspace/alibaba/fastjson/290362680/.m2/org/apache/commons/commons-lang3/3.4/commons-lang3-3.4.jar
7f5f1c732000-7f5f1c744000 r--s 000ad000 00:6b 5275                       /root/workspace/alibaba/fastjson/290362680/.m2/org/springframework/data/spring-data-commons/1.13.6.RELEASE/spring-data-commons-1.13.6.RELEASE.jar
7f5f1c744000-7f5f1c757000 r--s 00132000 00:6b 5365                       /root/workspace/alibaba/fastjson/290362680/.m2/com/fasterxml/jackson/core/jackson-databind/2.9.0/jackson-databind-2.9.0.jar
7f5f1c757000-7f5f1c759000 r--s 00004000 00:6b 5338                       /root/workspace/alibaba/fastjson/290362680/.m2/org/eclipse/jetty/jetty-continuation/8.1.8.v20121106/jetty-continuation-8.1.8.v20121106.jar
7f5f1c759000-7f5f1c75b000 r--s 00002000 00:6b 5327                       /root/workspace/alibaba/fastjson/290362680/.m2/org/glassfish/hk2/external/aopalliance-repackaged/2.5.0-b05/aopalliance-repackaged-2.5.0-b05.jar
7f5f1c75b000-7f5f1c75e000 r--s 00018000 00:6b 5381                       /root/workspace/alibaba/fastjson/290362680/.m2/commons-io/commons-io/1.4/commons-io-1.4.jar
7f5f1c75e000-7f5f1c760000 r--s 00003000 00:6b 5293                       /root/workspace/alibaba/fastjson/290362680/.m2/org/slf4j/jcl-over-slf4j/1.7.25/jcl-over-slf4j-1.7.25.jar
7f5f1c760000-7f5f1c763000 r--s 0000f000 00:6b 5444                       /root/workspace/alibaba/fastjson/290362680/.m2/org/glassfish/jersey/ext/jersey-entity-filtering/2.23.2/jersey-entity-filtering-2.23.2.jar
7f5f1c763000-7f5f1c765000 r--s 00008000 00:6b 5415                       /root/workspace/alibaba/fastjson/290362680/.m2/org/ow2/asm/asm-util/4.0/asm-util-4.0.jar
7f5f1c765000-7f5f1c768000 r--s 00010000 00:6b 5459                       /root/workspace/alibaba/fastjson/290362680/.m2/org/hibernate/common/hibernate-commons-annotations/5.0.1.Final/hibernate-commons-annotations-5.0.1.Final.jar
7f5f1c768000-7f5f1c769000 r--s 00004000 00:6b 5414                       /root/workspace/alibaba/fastjson/290362680/.m2/org/ow2/asm/asm-analysis/4.0/asm-analysis-4.0.jar
7f5f1c769000-7f5f1c76b000 r--s 00000000 00:6b 5475                       /root/workspace/alibaba/fastjson/290362680/.m2/aopalliance/aopalliance/1.0/aopalliance-1.0.jar
7f5f1c76b000-7f5f1c76d000 r--s 00012000 00:6b 5392                       /root/workspace/alibaba/fastjson/290362680/.m2/net/minidev/accessors-smart/1.1/accessors-smart-1.1.jar
7f5f1c76d000-7f5f1c76f000 r--s 0000a000 00:6b 5407                       /root/workspace/alibaba/fastjson/290362680/.m2/org/ow2/asm/asm/4.0/asm-4.0.jar
7f5f1c76f000-7f5f1c771000 r--s 0000e000 00:6b 5157                       /root/workspace/alibaba/fastjson/290362680/.m2/com/fasterxml/classmate/1.3.1/classmate-1.3.1.jar
7f5f1c771000-7f5f1c773000 r--s 00004000 00:6b 5411                       /root/workspace/alibaba/fastjson/290362680/.m2/org/ow2/asm/asm-tree/4.0/asm-tree-4.0.jar
7f5f1c773000-7f5f1c782000 r--s 000c8000 00:6b 5471                       /root/workspace/alibaba/fastjson/290362680/.m2/org/jetbrains/kotlin/kotlin-stdlib/1.1.3-2/kotlin-stdlib-1.1.3-2.jar
7f5f1c782000-7f5f1c787000 r--s 00025000 00:6b 5436                       /root/workspace/alibaba/fastjson/290362680/.m2/org/glassfish/jersey/core/jersey-client/2.23.2/jersey-client-2.23.2.jar
7f5f1c787000-7f5f1c7c6000 r--s 0032d000 00:6b 5399                       /root/workspace/alibaba/fastjson/290362680/.m2/org/clojure/clojure/1.5.1/clojure-1.5.1.jar
7f5f1c7c6000-7f5f1c7c8000 r--s 0000a000 00:6b 5364                       /root/workspace/alibaba/fastjson/290362680/.m2/com/fasterxml/jackson/module/jackson-module-kotlin/2.9.0/jackson-module-kotlin-2.9.0.jar
7f5f1c7c8000-7f5f1c7d6000 r--s 000ad000 00:6b 5149                       /root/workspace/alibaba/fastjson/290362680/.m2/org/springframework/spring-beans/4.3.7.RELEASE/spring-beans-4.3.7.RELEASE.jar
7f5f1c7d6000-7f5f1c7f0000 r--s 000fd000 00:6b 5139                       /root/workspace/alibaba/fastjson/290362680/.m2/org/springframework/spring-context/4.3.7.RELEASE/spring-context-4.3.7.RELEASE.jar
7f5f1c7f0000-7f5f1c81b000 r--s 001fc000 00:6b 5304                       /root/workspace/alibaba/fastjson/290362680/.m2/com/google/guava/guava/18.0/guava-18.0.jar
7f5f1c81b000-7f5f1c820000 r--s 00040000 00:6b 5385                       /root/workspace/alibaba/fastjson/290362680/.m2/commons-lang/commons-lang/2.5/commons-lang-2.5.jar
7f5f1c820000-7f5f1c825000 r--s 00017000 00:6b 5453                       /root/workspace/alibaba/fastjson/290362680/.m2/org/hibernate/javax/persistence/hibernate-jpa-2.1-api/1.0.0.Final/hibernate-jpa-2.1-api-1.0.0.Final.jar
7f5f1c825000-7f5f1c82d000 r--s 0003a000 00:6b 5279                       /root/workspace/alibaba/fastjson/290362680/.m2/org/springframework/spring-tx/4.3.10.RELEASE/spring-tx-4.3.10.RELEASE.jar
7f5f1c82d000-7f5f1c83b000 r--s 0007f000 00:6b 5383                       /root/workspace/alibaba/fastjson/290362680/.m2/commons-collections/commons-collections/3.2.1/commons-collections-3.2.1.jar
7f5f1c83b000-7f5f1c8b4000 r--s 010fd000 00:6b 144                        /usr/lib/jvm/java-8-openjdk-amd64/lib/tools.jar
7f5f1c8b4000-7f5f1c8b7000 ---p 00000000 00:00 0 
7f5f1c8b7000-7f5f1c9b5000 rw-p 00000000 00:00 0                          [stack:14844]
7f5f1c9b5000-7f5f1cb24000 r--p 00000000 00:6b 56                         /usr/lib/locale/C.UTF-8/LC_COLLATE
7f5f1cb24000-7f5f1cb27000 ---p 00000000 00:00 0 
7f5f1cb27000-7f5f1cc25000 rw-p 00000000 00:00 0                          [stack:14843]
7f5f1cc25000-7f5f1cc28000 ---p 00000000 00:00 0 
7f5f1cc28000-7f5f1cd26000 rw-p 00000000 00:00 0                          [stack:14842]
7f5f1cd26000-7f5f1cd27000 ---p 00000000 00:00 0 
7f5f1cd27000-7f5f1f041000 rw-p 00000000 00:00 0                          [stack:14841]
7f5f1f041000-7f5f20000000 rw-p 00000000 00:00 0 
7f5f20000000-7f5f20021000 rw-p 00000000 00:00 0 
7f5f20021000-7f5f24000000 ---p 00000000 00:00 0 
7f5f24000000-7f5f24004000 r--s 0000c000 00:6b 5435                       /root/workspace/alibaba/fastjson/290362680/.m2/javax/validation/validation-api/1.1.0.Final/validation-api-1.1.0.Final.jar
7f5f24004000-7f5f24008000 r--s 0004b000 00:6b 5367                       /root/workspace/alibaba/fastjson/290362680/.m2/com/fasterxml/jackson/core/jackson-core/2.9.0/jackson-core-2.9.0.jar
7f5f24008000-7f5f24019000 r--s 000cf000 00:6b 5145                       /root/workspace/alibaba/fastjson/290362680/.m2/org/springframework/spring-webmvc/4.3.7.RELEASE/spring-webmvc-4.3.7.RELEASE.jar
7f5f24019000-7f5f2401d000 r--s 00024000 00:6b 5129                       /root/workspace/alibaba/fastjson/290362680/.m2/org/codehaus/woodstox/stax2-api/3.1.4/stax2-api-3.1.4.jar
7f5f2401d000-7f5f24020000 r--s 0000e000 00:6b 5359                       /root/workspace/alibaba/fastjson/290362680/.m2/com/fasterxml/jackson/core/jackson-annotations/2.9.0/jackson-annotations-2.9.0.jar
7f5f24020000-7f5f24025000 r--s 00027000 00:6b 5319                       /root/workspace/alibaba/fastjson/290362680/.m2/org/glassfish/hk2/hk2-api/2.5.0-b05/hk2-api-2.5.0-b05.jar
7f5f24025000-7f5f2402c000 r--s 0008f000 00:6b 5311                       /root/workspace/alibaba/fastjson/290362680/.m2/io/javaslang/javaslang/2.0.6/javaslang-2.0.6.jar
7f5f2402c000-7f5f24047000 r--s 00394000 00:6b 134                        /usr/lib/jvm/java-8-openjdk-amd64/jre/lib/ext/cldrdata.jar
7f5f24047000-7f5f24062000 r--s 001d6000 00:6b 126                        /usr/lib/jvm/java-8-openjdk-amd64/jre/lib/ext/nashorn.jar
7f5f24062000-7f5f241b0000 rw-p 00000000 00:00 0 
7f5f241b0000-7f5f2437e000 r--s 03c06000 00:6b 119                        /usr/lib/jvm/java-8-openjdk-amd64/jre/lib/rt.jar
7f5f2437e000-7f5f2437f000 ---p 00000000 00:00 0 
7f5f2437f000-7f5f2447f000 rw-p 00000000 00:00 0                          [stack:14840]
7f5f2447f000-7f5f24480000 ---p 00000000 00:00 0 
7f5f24480000-7f5f2461e000 rw-p 00000000 00:00 0                          [stack:14839]
7f5f2461e000-7f5f25000000 ---p 00000000 00:00 0 
7f5f25000000-7f5f26560000 rwxp 00000000 00:00 0 
7f5f26560000-7f5f34000000 ---p 00000000 00:00 0 
7f5f34000000-7f5f358db000 rw-p 00000000 00:00 0 
7f5f358db000-7f5f38000000 ---p 00000000 00:00 0 
7f5f38000000-7f5f38002000 r--s 00008000 00:6b 5406                       /root/workspace/alibaba/fastjson/290362680/.m2/org/ow2/asm/asm-commons/4.0/asm-commons-4.0.jar
7f5f38002000-7f5f38005000 r--s 00015000 00:6b 5284                       /root/workspace/alibaba/fastjson/290362680/.m2/javax/servlet/javax.servlet-api/3.1.0/javax.servlet-api-3.1.0.jar
7f5f38005000-7f5f38008000 r--s 00024000 00:6b 5387                       /root/workspace/alibaba/fastjson/290362680/.m2/net/sf/json-lib/json-lib/2.4/json-lib-2.4-jdk15.jar
7f5f38008000-7f5f38009000 r--s 0000a000 00:6b 137                        /usr/lib/jvm/java-8-openjdk-amd64/jre/lib/ext/jaccess.jar
7f5f38009000-7f5f3800d000 r--s 00037000 00:6b 135                        /usr/lib/jvm/java-8-openjdk-amd64/jre/lib/ext/sunpkcs11.jar
7f5f3800d000-7f5f380de000 rw-p 00000000 00:00 0 
7f5f380de000-7f5f380df000 ---p 00000000 00:00 0 
7f5f380df000-7f5f381df000 rw-p 00000000 00:00 0                          [stack:14838]
7f5f381df000-7f5f381e0000 ---p 00000000 00:00 0 
7f5f381e0000-7f5f382e0000 rw-p 00000000 00:00 0                          [stack:14837]
7f5f382e0000-7f5f382e1000 ---p 00000000 00:00 0 
7f5f382e1000-7f5f383e1000 rw-p 00000000 00:00 0                          [stack:14836]
7f5f383e1000-7f5f383e2000 ---p 00000000 00:00 0 
7f5f383e2000-7f5f384e2000 rw-p 00000000 00:00 0                          [stack:14835]
7f5f384e2000-7f5f384e3000 ---p 00000000 00:00 0 
7f5f384e3000-7f5f385e3000 rw-p 00000000 00:00 0                          [stack:14834]
7f5f385e3000-7f5f385e4000 ---p 00000000 00:00 0 
7f5f385e4000-7f5f38782000 rw-p 00000000 00:00 0                          [stack:14833]
7f5f38782000-7f5f39163000 ---p 00000000 00:00 0 
7f5f39163000-7f5f3955a000 rw-p 00000000 00:00 0 
7f5f3955a000-7f5f396a3000 ---p 00000000 00:00 0 
7f5f396a3000-7f5f396fa000 rw-p 00000000 00:00 0 
7f5f396fa000-7f5f39a64000 ---p 00000000 00:00 0 
7f5f39a64000-7f5f39a6c000 r-xp 00000000 00:6b 117                        /usr/lib/jvm/java-8-openjdk-amd64/jre/lib/amd64/libzip.so
7f5f39a6c000-7f5f39c6b000 ---p 00008000 00:6b 117                        /usr/lib/jvm/java-8-openjdk-amd64/jre/lib/amd64/libzip.so
7f5f39c6b000-7f5f39c6c000 r--p 00007000 00:6b 117                        /usr/lib/jvm/java-8-openjdk-amd64/jre/lib/amd64/libzip.so
7f5f39c6c000-7f5f39c6d000 rw-p 00008000 00:6b 117                        /usr/lib/jvm/java-8-openjdk-amd64/jre/lib/amd64/libzip.so
7f5f39c6d000-7f5f39c78000 r-xp 00000000 00:6b 82                         /lib/x86_64-linux-gnu/libnss_files-2.19.so
7f5f39c78000-7f5f39e77000 ---p 0000b000 00:6b 82                         /lib/x86_64-linux-gnu/libnss_files-2.19.so
7f5f39e77000-7f5f39e78000 r--p 0000a000 00:6b 82                         /lib/x86_64-linux-gnu/libnss_files-2.19.so
7f5f39e78000-7f5f39e79000 rw-p 0000b000 00:6b 82                         /lib/x86_64-linux-gnu/libnss_files-2.19.so
7f5f39e79000-7f5f39e83000 r-xp 00000000 00:6b 80                         /lib/x86_64-linux-gnu/libnss_nis-2.19.so
7f5f39e83000-7f5f3a082000 ---p 0000a000 00:6b 80                         /lib/x86_64-linux-gnu/libnss_nis-2.19.so
7f5f3a082000-7f5f3a083000 r--p 00009000 00:6b 80                         /lib/x86_64-linux-gnu/libnss_nis-2.19.so
7f5f3a083000-7f5f3a084000 rw-p 0000a000 00:6b 80                         /lib/x86_64-linux-gnu/libnss_nis-2.19.so
7f5f3a084000-7f5f3a099000 r-xp 00000000 00:6b 78                         /lib/x86_64-linux-gnu/libnsl-2.19.so
7f5f3a099000-7f5f3a298000 ---p 00015000 00:6b 78                         /lib/x86_64-linux-gnu/libnsl-2.19.so
7f5f3a298000-7f5f3a299000 r--p 00014000 00:6b 78                         /lib/x86_64-linux-gnu/libnsl-2.19.so
7f5f3a299000-7f5f3a29a000 rw-p 00015000 00:6b 78                         /lib/x86_64-linux-gnu/libnsl-2.19.so
7f5f3a29a000-7f5f3a29c000 rw-p 00000000 00:00 0 
7f5f3a29c000-7f5f3a2a3000 r-xp 00000000 00:6b 76                         /lib/x86_64-linux-gnu/libnss_compat-2.19.so
7f5f3a2a3000-7f5f3a4a2000 ---p 00007000 00:6b 76                         /lib/x86_64-linux-gnu/libnss_compat-2.19.so
7f5f3a4a2000-7f5f3a4a3000 r--p 00006000 00:6b 76                         /lib/x86_64-linux-gnu/libnss_compat-2.19.so
7f5f3a4a3000-7f5f3a4a4000 rw-p 00007000 00:6b 76                         /lib/x86_64-linux-gnu/libnss_compat-2.19.so
7f5f3a4a4000-7f5f3a4ae000 r-xp 00000000 00:6b 86323                      /usr/lib/jvm/java-8-openjdk-amd64/jre/lib/amd64/libinstrument.so
7f5f3a4ae000-7f5f3a6ad000 ---p 0000a000 00:6b 86323                      /usr/lib/jvm/java-8-openjdk-amd64/jre/lib/amd64/libinstrument.so
7f5f3a6ad000-7f5f3a6ae000 r--p 00009000 00:6b 86323                      /usr/lib/jvm/java-8-openjdk-amd64/jre/lib/amd64/libinstrument.so
7f5f3a6ae000-7f5f3a6af000 rw-p 0000a000 00:6b 86323                      /usr/lib/jvm/java-8-openjdk-amd64/jre/lib/amd64/libinstrument.so
7f5f3a6af000-7f5f3a6dd000 r-xp 00000000 00:6b 99                         /usr/lib/jvm/java-8-openjdk-amd64/jre/lib/amd64/libjava.so
7f5f3a6dd000-7f5f3a8dc000 ---p 0002e000 00:6b 99                         /usr/lib/jvm/java-8-openjdk-amd64/jre/lib/amd64/libjava.so
7f5f3a8dc000-7f5f3a8dd000 r--p 0002d000 00:6b 99                         /usr/lib/jvm/java-8-openjdk-amd64/jre/lib/amd64/libjava.so
7f5f3a8dd000-7f5f3a8df000 rw-p 0002e000 00:6b 99                         /usr/lib/jvm/java-8-openjdk-amd64/jre/lib/amd64/libjava.so
7f5f3a8df000-7f5f3a8ee000 r-xp 00000000 00:6b 112                        /usr/lib/jvm/java-8-openjdk-amd64/jre/lib/amd64/libverify.so
7f5f3a8ee000-7f5f3aaee000 ---p 0000f000 00:6b 112                        /usr/lib/jvm/java-8-openjdk-amd64/jre/lib/amd64/libverify.so
7f5f3aaee000-7f5f3aaf1000 r--p 0000f000 00:6b 112                        /usr/lib/jvm/java-8-openjdk-amd64/jre/lib/amd64/libverify.so
7f5f3aaf1000-7f5f3aaf2000 rw-p 00012000 00:6b 112                        /usr/lib/jvm/java-8-openjdk-amd64/jre/lib/amd64/libverify.so
7f5f3aaf2000-7f5f3aaf9000 r-xp 00000000 00:6b 111                        /lib/x86_64-linux-gnu/librt-2.19.so
7f5f3aaf9000-7f5f3acf8000 ---p 00007000 00:6b 111                        /lib/x86_64-linux-gnu/librt-2.19.so
7f5f3acf8000-7f5f3acf9000 r--p 00006000 00:6b 111                        /lib/x86_64-linux-gnu/librt-2.19.so
7f5f3acf9000-7f5f3acfa000 rw-p 00007000 00:6b 111                        /lib/x86_64-linux-gnu/librt-2.19.so
7f5f3acfa000-7f5f3ad10000 r-xp 00000000 00:6b 109                        /lib/x86_64-linux-gnu/libgcc_s.so.1
7f5f3ad10000-7f5f3af0f000 ---p 00016000 00:6b 109                        /lib/x86_64-linux-gnu/libgcc_s.so.1
7f5f3af0f000-7f5f3af10000 rw-p 00015000 00:6b 109                        /lib/x86_64-linux-gnu/libgcc_s.so.1
7f5f3af10000-7f5f3b010000 r-xp 00000000 00:6b 108                        /lib/x86_64-linux-gnu/libm-2.19.so
7f5f3b010000-7f5f3b20f000 ---p 00100000 00:6b 108                        /lib/x86_64-linux-gnu/libm-2.19.so
7f5f3b20f000-7f5f3b210000 r--p 000ff000 00:6b 108                        /lib/x86_64-linux-gnu/libm-2.19.so
7f5f3b210000-7f5f3b211000 rw-p 00100000 00:6b 108                        /lib/x86_64-linux-gnu/libm-2.19.so
7f5f3b211000-7f5f3b2fd000 r-xp 00000000 00:6b 106                        /usr/lib/x86_64-linux-gnu/libstdc++.so.6.0.20
7f5f3b2fd000-7f5f3b4fd000 ---p 000ec000 00:6b 106                        /usr/lib/x86_64-linux-gnu/libstdc++.so.6.0.20
7f5f3b4fd000-7f5f3b505000 r--p 000ec000 00:6b 106                        /usr/lib/x86_64-linux-gnu/libstdc++.so.6.0.20
7f5f3b505000-7f5f3b507000 rw-p 000f4000 00:6b 106                        /usr/lib/x86_64-linux-gnu/libstdc++.so.6.0.20
7f5f3b507000-7f5f3b51c000 rw-p 00000000 00:00 0 
7f5f3b51c000-7f5f3c1b4000 r-xp 00000000 00:6b 104                        /usr/lib/jvm/java-8-openjdk-amd64/jre/lib/amd64/server/libjvm.so
7f5f3c1b4000-7f5f3c3b4000 ---p 00c98000 00:6b 104                        /usr/lib/jvm/java-8-openjdk-amd64/jre/lib/amd64/server/libjvm.so
7f5f3c3b4000-7f5f3c457000 r--p 00c98000 00:6b 104                        /usr/lib/jvm/java-8-openjdk-amd64/jre/lib/amd64/server/libjvm.so
7f5f3c457000-7f5f3c480000 rw-p 00d3b000 00:6b 104                        /usr/lib/jvm/java-8-openjdk-amd64/jre/lib/amd64/server/libjvm.so
7f5f3c480000-7f5f3c4b1000 rw-p 00000000 00:00 0 
7f5f3c4b1000-7f5f3c652000 r-xp 00000000 00:6b 34                         /lib/x86_64-linux-gnu/libc-2.19.so
7f5f3c652000-7f5f3c852000 ---p 001a1000 00:6b 34                         /lib/x86_64-linux-gnu/libc-2.19.so
7f5f3c852000-7f5f3c856000 r--p 001a1000 00:6b 34                         /lib/x86_64-linux-gnu/libc-2.19.so
7f5f3c856000-7f5f3c858000 rw-p 001a5000 00:6b 34                         /lib/x86_64-linux-gnu/libc-2.19.so
7f5f3c858000-7f5f3c85c000 rw-p 00000000 00:00 0 
7f5f3c85c000-7f5f3c85f000 r-xp 00000000 00:6b 71                         /lib/x86_64-linux-gnu/libdl-2.19.so
7f5f3c85f000-7f5f3ca5e000 ---p 00003000 00:6b 71                         /lib/x86_64-linux-gnu/libdl-2.19.so
7f5f3ca5e000-7f5f3ca5f000 r--p 00002000 00:6b 71                         /lib/x86_64-linux-gnu/libdl-2.19.so
7f5f3ca5f000-7f5f3ca60000 rw-p 00003000 00:6b 71                         /lib/x86_64-linux-gnu/libdl-2.19.so
7f5f3ca60000-7f5f3ca6e000 r-xp 00000000 00:6b 98                         /usr/lib/jvm/java-8-openjdk-amd64/jre/lib/amd64/jli/libjli.so
7f5f3ca6e000-7f5f3cc6d000 ---p 0000e000 00:6b 98                         /usr/lib/jvm/java-8-openjdk-amd64/jre/lib/amd64/jli/libjli.so
7f5f3cc6d000-7f5f3cc6e000 r--p 0000d000 00:6b 98                         /usr/lib/jvm/java-8-openjdk-amd64/jre/lib/amd64/jli/libjli.so
7f5f3cc6e000-7f5f3cc6f000 rw-p 0000e000 00:6b 98                         /usr/lib/jvm/java-8-openjdk-amd64/jre/lib/amd64/jli/libjli.so
7f5f3cc6f000-7f5f3cc89000 r-xp 00000000 00:6b 97                         /lib/x86_64-linux-gnu/libz.so.1.2.8
7f5f3cc89000-7f5f3ce88000 ---p 0001a000 00:6b 97                         /lib/x86_64-linux-gnu/libz.so.1.2.8
7f5f3ce88000-7f5f3ce89000 r--p 00019000 00:6b 97                         /lib/x86_64-linux-gnu/libz.so.1.2.8
7f5f3ce89000-7f5f3ce8a000 rw-p 0001a000 00:6b 97                         /lib/x86_64-linux-gnu/libz.so.1.2.8
7f5f3ce8a000-7f5f3cea2000 r-xp 00000000 00:6b 95                         /lib/x86_64-linux-gnu/libpthread-2.19.so
7f5f3cea2000-7f5f3d0a1000 ---p 00018000 00:6b 95                         /lib/x86_64-linux-gnu/libpthread-2.19.so
7f5f3d0a1000-7f5f3d0a2000 r--p 00017000 00:6b 95                         /lib/x86_64-linux-gnu/libpthread-2.19.so
7f5f3d0a2000-7f5f3d0a3000 rw-p 00018000 00:6b 95                         /lib/x86_64-linux-gnu/libpthread-2.19.so
7f5f3d0a3000-7f5f3d0a7000 rw-p 00000000 00:00 0 
7f5f3d0a7000-7f5f3d0c7000 r-xp 00000000 00:6b 31                         /lib/x86_64-linux-gnu/ld-2.19.so
7f5f3d0c7000-7f5f3d0c9000 r--s 00001000 00:6b 136                        /usr/lib/jvm/java-8-openjdk-amd64/jre/lib/ext/dnsns.jar
7f5f3d0c9000-7f5f3d0ce000 r--s 0003b000 00:6b 133                        /usr/lib/jvm/java-8-openjdk-amd64/jre/lib/ext/sunjce_provider.jar
7f5f3d0ce000-7f5f3d0d0000 r--s 00008000 00:6b 132                        /usr/lib/jvm/java-8-openjdk-amd64/jre/lib/ext/sunec.jar
7f5f3d0d0000-7f5f3d0d1000 r--s 00010000 00:6b 130                        /usr/lib/jvm/java-8-openjdk-amd64/jre/lib/ext/zipfs.jar
7f5f3d0d1000-7f5f3d0d4000 r--s 0000f000 00:6b 129                        /usr/lib/jvm/java-8-openjdk-amd64/jre/lib/ext/icedtea-sound.jar
7f5f3d0d4000-7f5f3d0d6000 r--s 00006000 00:6b 139                        /usr/share/java/java-atk-wrapper.jar
7f5f3d0d6000-7f5f3d0e0000 r--s 00116000 00:6b 127                        /usr/lib/jvm/java-8-openjdk-amd64/jre/lib/ext/localedata.jar
7f5f3d0e0000-7f5f3d106000 r--p 00000000 00:6b 59                         /usr/lib/locale/C.UTF-8/LC_CTYPE
7f5f3d106000-7f5f3d107000 r--p 00000000 00:6b 58                         /usr/lib/locale/C.UTF-8/LC_NUMERIC
7f5f3d107000-7f5f3d108000 r--p 00000000 00:6b 57                         /usr/lib/locale/C.UTF-8/LC_TIME
7f5f3d108000-7f5f3d109000 r--p 00000000 00:6b 55                         /usr/lib/locale/C.UTF-8/LC_MONETARY
7f5f3d109000-7f5f3d10a000 r--p 00000000 00:6b 54                         /usr/lib/locale/C.UTF-8/LC_MESSAGES/SYS_LC_MESSAGES
7f5f3d10a000-7f5f3d10b000 r--p 00000000 00:6b 52                         /usr/lib/locale/C.UTF-8/LC_PAPER
7f5f3d10b000-7f5f3d10c000 r--p 00000000 00:6b 51                         /usr/lib/locale/C.UTF-8/LC_NAME
7f5f3d10c000-7f5f3d113000 r--s 00000000 00:6b 47                         /usr/lib/x86_64-linux-gnu/gconv/gconv-modules.cache
7f5f3d113000-7f5f3d1b1000 rw-p 00000000 00:00 0 
7f5f3d1b1000-7f5f3d1b9000 rw-s 00000000 00:6b 86324                      /tmp/hsperfdata_root/1396
7f5f3d1b9000-7f5f3d1bc000 ---p 00000000 00:00 0 
7f5f3d1bc000-7f5f3d2bf000 rw-p 00000000 00:00 0                          [stack:14832]
7f5f3d2bf000-7f5f3d2c0000 r--p 00000000 00:6b 50                         /usr/lib/locale/C.UTF-8/LC_ADDRESS
7f5f3d2c0000-7f5f3d2c1000 r--p 00000000 00:6b 49                         /usr/lib/locale/C.UTF-8/LC_TELEPHONE
7f5f3d2c1000-7f5f3d2c2000 r--p 00000000 00:6b 48                         /usr/lib/locale/C.UTF-8/LC_MEASUREMENT
7f5f3d2c2000-7f5f3d2c3000 r--p 00000000 00:6b 44                         /usr/lib/locale/C.UTF-8/LC_IDENTIFICATION
7f5f3d2c3000-7f5f3d2c4000 rw-p 00000000 00:00 0 
7f5f3d2c4000-7f5f3d2c5000 ---p 00000000 00:00 0 
7f5f3d2c5000-7f5f3d2c7000 rw-p 00000000 00:00 0 
7f5f3d2c7000-7f5f3d2c8000 r--p 00020000 00:6b 31                         /lib/x86_64-linux-gnu/ld-2.19.so
7f5f3d2c8000-7f5f3d2c9000 rw-p 00021000 00:6b 31                         /lib/x86_64-linux-gnu/ld-2.19.so
7f5f3d2c9000-7f5f3d2ca000 rw-p 00000000 00:00 0 
7ffc76a5e000-7ffc76a82000 rw-p 00000000 00:00 0                          [stack]
7ffc76b2c000-7ffc76b2e000 r-xp 00000000 00:00 0                          [vdso]
7ffc76b2e000-7ffc76b30000 r--p 00000000 00:00 0                          [vvar]
ffffffffff600000-ffffffffff601000 r-xp 00000000 00:00 0                  [vsyscall]

VM Arguments:
jvm_args: -javaagent:/tmp/gzoltar.agent2626821356366427444.jar 
java_command: com.gzoltar.core.instr.Runner 5000 4a98a4c0-ac28-47fd-85bc-5e08b89618a4
java_class_path (initial): /usr/lib/jvm/java-8-openjdk-amd64/lib/tools.jar:repairnator-pipeline.jar:/root/workspace/alibaba/fastjson/290362680:/root/./workspace/alibaba/fastjson/290362680/.m2/net/sf/json-lib/json-lib/2.4/json-lib-2.4-jdk15.jar:/root/./workspace/alibaba/fastjson/290362680/.m2/javax/servlet/javax.servlet-api/3.1.0/javax.servlet-api-3.1.0.jar:/root/./workspace/alibaba/fastjson/290362680/.m2/io/javaslang/javaslang/2.0.6/javaslang-2.0.6.jar:/root/./workspace/alibaba/fastjson/290362680/.m2/org/glassfish/hk2/hk2-api/2.5.0-b05/hk2-api-2.5.0-b05.jar:/root/./workspace/alibaba/fastjson/290362680/.m2/com/fasterxml/jackson/core/jackson-annotations/2.9.0/jackson-annotations-2.9.0.jar:/root/./workspace/alibaba/fastjson/290362680/.m2/org/codehaus/woodstox/stax2-api/3.1.4/stax2-api-3.1.4.jar:/root/./workspace/alibaba/fastjson/290362680/.m2/org/springframework/spring-webmvc/4.3.7.RELEASE/spring-webmvc-4.3.7.RELEASE.jar:/root/./workspace/alibaba/fastjson/290362680/.m2/com/fasterxml/jackson/core/jackson-core/2.9.0/jackson-core-2.9.0.jar:/root/./workspace/alibaba/fastjson/290362680/.m2/commons-collections/commons-collections/3.2.1/commons-collections-3.2.1.jar:/root/./workspace/alibaba/fastjson/290362680/.m2/org/springframework/spring-tx/4.3.10.RELEASE/spring-tx-4.3.10.RELEASE.jar:/root/./workspace/alibaba/fastjson/290362680/.m2/org/hibernate/javax/persistence/hibernate-jpa-2.1-api/1.0.0.Final/hibernate-jpa-2.1-api-1.0.0.Final.jar:/root/./workspace/alibaba/fastjson/290362680/.m2/commons-lang/commons-lang/2.5/commons-lang-2.5.jar:/root/./workspace/alibaba/fastjson/290362680/.m2/org/ow2/asm/asm-commons/4.0/asm-commons-4.0.jar:/root/./workspace/alibaba/fastjson/290362680/.m2/javax/validation/validation-api/1.1.0.Final/validation-api-1.1.0.Final.jar:/root/./workspace/alibaba/fastjson/290362680/.m2/com/google/guava/guava/18.0/guava-18.0.jar:/root/./workspace/alibaba/fastjson/290362680/.m2/org/springframework/spring-context/4.3.7.RELEASE/spring-context-4.3.7.RELEASE.jar:/ro
Launcher Type: SUN_STANDARD

Environment Variables:
JAVA_HOME=/usr/lib/jvm/java-8-openjdk-amd64
PATH=/usr/local/sbin:/usr/local/bin:/usr/sbin:/usr/bin:/sbin:/bin

Signal Handlers:
SIGSEGV: [libjvm.so+0xa97af0], sa_mask[0]=11111111011111111101111111111110, sa_flags=SA_RESTART|SA_SIGINFO
SIGBUS: [libjvm.so+0xa97af0], sa_mask[0]=11111111011111111101111111111110, sa_flags=SA_RESTART|SA_SIGINFO
SIGFPE: [libjvm.so+0x8de430], sa_mask[0]=11111111011111111101111111111110, sa_flags=SA_RESTART|SA_SIGINFO
SIGPIPE: [libjvm.so+0x8de430], sa_mask[0]=11111111011111111101111111111110, sa_flags=SA_RESTART|SA_SIGINFO
SIGXFSZ: [libjvm.so+0x8de430], sa_mask[0]=11111111011111111101111111111110, sa_flags=SA_RESTART|SA_SIGINFO
SIGILL: [libjvm.so+0x8de430], sa_mask[0]=11111111011111111101111111111110, sa_flags=SA_RESTART|SA_SIGINFO
SIGUSR1: SIG_DFL, sa_mask[0]=00000000000000000000000000000000, sa_flags=none
SIGUSR2: [libjvm.so+0x8de2e0], sa_mask[0]=00100000000000000000000000000000, sa_flags=SA_RESTART|SA_SIGINFO
SIGHUP: [libjvm.so+0x8de500], sa_mask[0]=11111111011111111101111111111110, sa_flags=SA_RESTART|SA_SIGINFO
SIGINT: [libjvm.so+0x8de500], sa_mask[0]=11111111011111111101111111111110, sa_flags=SA_RESTART|SA_SIGINFO
SIGTERM: [libjvm.so+0x8de500], sa_mask[0]=11111111011111111101111111111110, sa_flags=SA_RESTART|SA_SIGINFO
SIGQUIT: [libjvm.so+0x8de500], sa_mask[0]=11111111011111111101111111111110, sa_flags=SA_RESTART|SA_SIGINFO


---------------  S Y S T E M  ---------------

OS:PRETTY_NAME="Debian GNU/Linux 8 (jessie)"
NAME="Debian GNU/Linux"
VERSION_ID="8"
VERSION="8 (jessie)"
ID=debian
HOME_URL="http://www.debian.org/"
SUPPORT_URL="http://www.debian.org/support"
BUG_REPORT_URL="https://bugs.debian.org/"

uname:Linux 3.16.0-4-amd64 #1 SMP Debian 3.16.43-2+deb8u2 (2017-06-26) x86_64
libc:glibc 2.19 NPTL 2.19 
rlimit: STACK 8192k, CORE infinity, NPROC infinity, NOFILE 1048576, AS infinity
load average:8.33 25.29 28.78

/proc/meminfo:
MemTotal:       33018848 kB
MemFree:          222804 kB
MemAvailable:     316560 kB
Buffers:           17524 kB
Cached:           157928 kB
SwapCached:        10756 kB
Active:         29860544 kB
Inactive:        2314184 kB
Active(anon):   29839412 kB
Inactive(anon):  2300184 kB
Active(file):      21132 kB
Inactive(file):    14000 kB
Unevictable:           0 kB
Mlocked:               0 kB
SwapTotal:      10484732 kB
SwapFree:              0 kB
Dirty:               268 kB
Writeback:             0 kB
AnonPages:      31989404 kB
Mapped:            40420 kB
Shmem:            139636 kB
Slab:             367456 kB
SReclaimable:     245132 kB
SUnreclaim:       122324 kB
KernelStack:       39872 kB
PageTables:       117376 kB
NFS_Unstable:          0 kB
Bounce:                0 kB
WritebackTmp:          0 kB
CommitLimit:    26994156 kB
Committed_AS:   73586468 kB
VmallocTotal:   34359738367 kB
VmallocUsed:      202776 kB
VmallocChunk:   34359474424 kB
HardwareCorrupted:     0 kB
AnonHugePages:         0 kB
HugePages_Total:       0
HugePages_Free:        0
HugePages_Rsvd:        0
HugePages_Surp:        0
Hugepagesize:       2048 kB
DirectMap4k:       67456 kB
DirectMap2M:    33486848 kB


CPU:total 8 (1 cores per cpu, 1 threads per core) family 6 model 45 stepping 7, cmov, cx8, fxsr, mmx, sse, sse2, sse3, ssse3, sse4.1, sse4.2, popcnt, avx, aes, clmul, tsc, tscinvbit, tscinv

/proc/cpuinfo:
processor	: 0
vendor_id	: GenuineIntel
cpu family	: 6
model		: 45
model name	: Intel(R) Xeon(R) CPU E5-2650L 0 @ 1.80GHz
stepping	: 7
microcode	: 0x710
cpu MHz		: 1800.000
cache size	: 20480 KB
physical id	: 0
siblings	: 1
core id		: 0
cpu cores	: 1
apicid		: 0
initial apicid	: 0
fpu		: yes
fpu_exception	: yes
cpuid level	: 13
wp		: yes
flags		: fpu vme de pse tsc msr pae mce cx8 apic sep mtrr pge mca cmov pat pse36 clflush dts mmx fxsr sse sse2 ss syscall nx rdtscp lm constant_tsc arch_perfmon pebs bts nopl xtopology tsc_reliable nonstop_tsc aperfmperf pni pclmulqdq ssse3 cx16 pcid sse4_1 sse4_2 x2apic popcnt tsc_deadline_timer aes xsave avx hypervisor lahf_lm ida arat pln pts dtherm tsc_adjust
bogomips	: 3600.00
clflush size	: 64
cache_alignment	: 64
address sizes	: 42 bits physical, 48 bits virtual
power management:

processor	: 1
vendor_id	: GenuineIntel
cpu family	: 6
model		: 45
model name	: Intel(R) Xeon(R) CPU E5-2650L 0 @ 1.80GHz
stepping	: 7
microcode	: 0x710
cpu MHz		: 1800.000
cache size	: 20480 KB
physical id	: 2
siblings	: 1
core id		: 0
cpu cores	: 1
apicid		: 2
initial apicid	: 2
fpu		: yes
fpu_exception	: yes
cpuid level	: 13
wp		: yes
flags		: fpu vme de pse tsc msr pae mce cx8 apic sep mtrr pge mca cmov pat pse36 clflush dts mmx fxsr sse sse2 ss syscall nx rdtscp lm constant_tsc arch_perfmon pebs bts nopl xtopology tsc_reliable nonstop_tsc aperfmperf pni pclmulqdq ssse3 cx16 pcid sse4_1 sse4_2 x2apic popcnt tsc_deadline_timer aes xsave avx hypervisor lahf_lm ida arat pln pts dtherm tsc_adjust
bogomips	: 3600.00
clflush size	: 64
cache_alignment	: 64
address sizes	: 42 bits physical, 48 bits virtual
power management:

processor	: 2
vendor_id	: GenuineIntel
cpu family	: 6
model		: 45
model name	: Intel(R) Xeon(R) CPU E5-2650L 0 @ 1.80GHz
stepping	: 7
microcode	: 0x710
cpu MHz		: 1800.000
cache size	: 20480 KB
physical id	: 4
siblings	: 1
core id		: 0
cpu cores	: 1
apicid		: 4
initial apicid	: 4
fpu		: yes
fpu_exception	: yes
cpuid level	: 13
wp		: yes
flags		: fpu vme de pse tsc msr pae mce cx8 apic sep mtrr pge mca cmov pat pse36 clflush dts mmx fxsr sse sse2 ss syscall nx rdtscp lm constant_tsc arch_perfmon pebs bts nopl xtopology tsc_reliable nonstop_tsc aperfmperf pni pclmulqdq ssse3 cx16 pcid sse4_1 sse4_2 x2apic popcnt tsc_deadline_timer aes xsave avx hypervisor lahf_lm ida arat pln pts dtherm tsc_adjust
bogomips	: 3600.00
clflush size	: 64
cache_alignment	: 64
address sizes	: 42 bits physical, 48 bits virtual
power management:

processor	: 3
vendor_id	: GenuineIntel
cpu family	: 6
model		: 45
model name	: Intel(R) Xeon(R) CPU E5-2650L 0 @ 1.80GHz
stepping	: 7
microcode	: 0x710
cpu MHz		: 1800.000
cache size	: 20480 KB
physical id	: 6
siblings	: 1
core id		: 0
cpu cores	: 1
apicid		: 6
initial apicid	: 6
fpu		: yes
fpu_exception	: yes
cpuid level	: 13
wp		: yes
flags		: fpu vme de pse tsc msr pae mce cx8 apic sep mtrr pge mca cmov pat pse36 clflush dts mmx fxsr sse sse2 ss syscall nx rdtscp lm constant_tsc arch_perfmon pebs bts nopl xtopology tsc_reliable nonstop_tsc aperfmperf pni pclmulqdq ssse3 cx16 pcid sse4_1 sse4_2 x2apic popcnt tsc_deadline_timer aes xsave avx hypervisor lahf_lm ida arat pln pts dtherm tsc_adjust
bogomips	: 3600.00
clflush size	: 64
cache_alignment	: 64
address sizes	: 42 bits physical, 48 bits virtual
power management:

processor	: 4
vendor_id	: GenuineIntel
cpu family	: 6
model		: 45
model name	: Intel(R) Xeon(R) CPU E5-2650L 0 @ 1.80GHz
stepping	: 7
microcode	: 0x710
cpu MHz		: 1800.000
cache size	: 20480 KB
physical id	: 8
siblings	: 1
core id		: 0
cpu cores	: 1
apicid		: 8
initial apicid	: 8
fpu		: yes
fpu_exception	: yes
cpuid level	: 13
wp		: yes
flags		: fpu vme de pse tsc msr pae mce cx8 apic sep mtrr pge mca cmov pat pse36 clflush dts mmx fxsr sse sse2 ss syscall nx rdtscp lm constant_tsc arch_perfmon pebs bts nopl xtopology tsc_reliable nonstop_tsc aperfmperf pni pclmulqdq ssse3 cx16 pcid sse4_1 sse4_2 x2apic popcnt tsc_deadline_timer aes xsave avx hypervisor lahf_lm ida arat pln pts dtherm tsc_adjust
bogomips	: 3600.00
clflush size	: 64
cache_alignment	: 64
address sizes	: 42 bits physical, 48 bits virtual
power management:

processor	: 5
vendor_id	: GenuineIntel
cpu family	: 6
model		: 45
model name	: Intel(R) Xeon(R) CPU E5-2650L 0 @ 1.80GHz
stepping	: 7
microcode	: 0x710
cpu MHz		: 1800.000
cache size	: 20480 KB
physical id	: 10
siblings	: 1
core id		: 0
cpu cores	: 1
apicid		: 10
initial apicid	: 10
fpu		: yes
fpu_exception	: yes
cpuid level	: 13
wp		: yes
flags		: fpu vme de pse tsc msr pae mce cx8 apic sep mtrr pge mca cmov pat pse36 clflush dts mmx fxsr sse sse2 ss syscall nx rdtscp lm constant_tsc arch_perfmon pebs bts nopl xtopology tsc_reliable nonstop_tsc aperfmperf pni pclmulqdq ssse3 cx16 pcid sse4_1 sse4_2 x2apic popcnt tsc_deadline_timer aes xsave avx hypervisor lahf_lm ida arat pln pts dtherm tsc_adjust
bogomips	: 3600.00
clflush size	: 64
cache_alignment	: 64
address sizes	: 42 bits physical, 48 bits virtual
power management:

processor	: 6
vendor_id	: GenuineIntel
cpu family	: 6
model		: 45
model name	: Intel(R) Xeon(R) CPU E5-2650L 0 @ 1.80GHz
stepping	: 7
microcode	: 0x710
cpu MHz		: 1800.000
cache size	: 20480 KB
physical id	: 12
siblings	: 1
core id		: 0
cpu cores	: 1
apicid		: 12
initial apicid	: 12
fpu		: yes
fpu_exception	: yes
cpuid level	: 13
wp		: yes
flags		: fpu vme de pse tsc msr pae mce cx8 apic sep mtrr pge mca cmov pat pse36 clflush dts mmx fxsr sse sse2 ss syscall nx rdtscp lm constant_tsc arch_perfmon pebs bts nopl xtopology tsc_reliable nonstop_tsc aperfmperf pni pclmulqdq ssse3 cx16 pcid sse4_1 sse4_2 x2apic popcnt tsc_deadline_timer aes xsave avx hypervisor lahf_lm ida arat pln pts dtherm tsc_adjust
bogomips	: 3600.00
clflush size	: 64
cache_alignment	: 64
address sizes	: 42 bits physical, 48 bits virtual
power management:

processor	: 7
vendor_id	: GenuineIntel
cpu family	: 6
model		: 45
model name	: Intel(R) Xeon(R) CPU E5-2650L 0 @ 1.80GHz
stepping	: 7
microcode	: 0x710
cpu MHz		: 1800.000
cache size	: 20480 KB
physical id	: 14
siblings	: 1
core id		: 0
cpu cores	: 1
apicid		: 14
initial apicid	: 14
fpu		: yes
fpu_exception	: yes
cpuid level	: 13
wp		: yes
flags		: fpu vme de pse tsc msr pae mce cx8 apic sep mtrr pge mca cmov pat pse36 clflush dts mmx fxsr sse sse2 ss syscall nx rdtscp lm constant_tsc arch_perfmon pebs bts nopl xtopology tsc_reliable nonstop_tsc aperfmperf pni pclmulqdq ssse3 cx16 pcid sse4_1 sse4_2 x2apic popcnt tsc_deadline_timer aes xsave avx hypervisor lahf_lm ida arat pln pts dtherm tsc_adjust
bogomips	: 3600.00
clflush size	: 64
cache_alignment	: 64
address sizes	: 42 bits physical, 48 bits virtual
power management:



Memory: 4k page, physical 33018848k(222804k free), swap 10484732k(0k free)

vm_info: OpenJDK 64-Bit Server VM (25.121-b13) for linux-amd64 JRE (1.8.0_121-8u121-b13-1~bpo8+1-b13), built on Jan 24 2017 09:37:46 by "pbuilder" with gcc 4.9.2

time: Fri Oct 20 10:22:37 2017
elapsed time: 154 seconds (0d 0h 2m 34s)

