#
# There is insufficient memory for the Java Runtime Environment to continue.
# Native memory allocation (mmap) failed to map 425197568 bytes for committing reserved memory.
# Possible reasons:
#   The system is out of physical RAM or swap space
#   In 32 bit mode, the process size limit was hit
# Possible solutions:
#   Reduce memory load on the system
#   Increase physical memory or swap space
#   Check if swap backing store is full
#   Use 64 bit Java on a 64 bit OS
#   Decrease Java heap size (-Xmx/-Xms)
#   Decrease number of Java threads
#   Decrease Java thread stack sizes (-Xss)
#   Set larger code cache with -XX:ReservedCodeCacheSize=
# This output file may be truncated or incomplete.
#
#  Out of Memory Error (os_linux.cpp:2630), pid=1570, tid=0x00007fe432085700
#
# JRE version: OpenJDK Runtime Environment (8.0_121-b13) (build 1.8.0_121-8u121-b13-1~bpo8+1-b13)
# Java VM: OpenJDK 64-Bit Server VM (25.121-b13 mixed mode linux-amd64 compressed oops)
# Core dump written. Default location: /root/workspace/nutzam/nutz/266222033/core or core.1570
#

---------------  T H R E A D  ---------------

Current thread (0x00007fe458082000):  VMThread [stack: 0x00007fe431f85000,0x00007fe432086000] [id=1583]

Stack: [0x00007fe431f85000,0x00007fe432086000],  sp=0x00007fe4320844c0,  free space=1021k
Native frames: (J=compiled Java code, j=interpreted, Vv=VM code, C=native code)
V  [libjvm.so+0xa9700d]
V  [libjvm.so+0x4ea26c]
V  [libjvm.so+0x8e2b90]
V  [libjvm.so+0x8dd27e]
V  [libjvm.so+0x95a25b]
V  [libjvm.so+0x95b5c3]
V  [libjvm.so+0x9580be]
V  [libjvm.so+0x9583ac]
V  [libjvm.so+0x908d43]
V  [libjvm.so+0xa98c42]
V  [libjvm.so+0xa9d7e7]
V  [libjvm.so+0xa9bb07]
V  [libjvm.so+0xa9c337]
V  [libjvm.so+0xa9c881]
V  [libjvm.so+0x8e0062]

VM_Operation (0x00007fe3ecafa470): ParallelGCFailedAllocation, mode: safepoint, requested by thread 0x00007fe458563000


---------------  P R O C E S S  ---------------

Java Threads: ( => current thread )
  0x00007fe45855c800 JavaThread "qtp1172535934-417" [_thread_blocked, id=1996, stack(0x00007fe41430f000,0x00007fe414410000)]
  0x00007fe458563000 JavaThread "qtp1172535934-416" [_thread_blocked, id=1995, stack(0x00007fe3ec9fb000,0x00007fe3ecafc000)]
  0x00007fe45855f800 JavaThread "qtp1172535934-415" [_thread_blocked, id=1994, stack(0x00007fe430091000,0x00007fe430192000)]
  0x00007fe458905800 JavaThread "qtp1172535934-414" [_thread_blocked, id=1993, stack(0x00007fe41400c000,0x00007fe41410d000)]
  0x00007fe458906800 JavaThread "qtp1172535934-413" [_thread_blocked, id=1992, stack(0x00007fe3ab7fe000,0x00007fe3ab8ff000)]
  0x00007fe3d8077000 JavaThread "Abandoned connection cleanup thread" daemon [_thread_blocked, id=1987, stack(0x00007fe3eccfe000,0x00007fe3ecdff000)]
  0x00007fe458900000 JavaThread "Keep-Alive-Timer" daemon [_thread_blocked, id=1607, stack(0x00007fe3ec6fa000,0x00007fe3ec7fb000)]
  0x00007fe4580cf000 JavaThread "Service Thread" daemon [_thread_blocked, id=1591, stack(0x00007fe4315e8000,0x00007fe4316e9000)]
  0x00007fe4580c2000 JavaThread "C1 CompilerThread3" daemon [_thread_blocked, id=1590, stack(0x00007fe4316e9000,0x00007fe4317ea000)]
  0x00007fe4580bd800 JavaThread "C2 CompilerThread2" daemon [_thread_blocked, id=1589, stack(0x00007fe4317ea000,0x00007fe4318eb000)]
  0x00007fe4580bb800 JavaThread "C2 CompilerThread1" daemon [_thread_blocked, id=1588, stack(0x00007fe4318eb000,0x00007fe4319ec000)]
  0x00007fe4580b9000 JavaThread "C2 CompilerThread0" daemon [_thread_blocked, id=1587, stack(0x00007fe4319ec000,0x00007fe431aed000)]
  0x00007fe4580b6800 JavaThread "Signal Dispatcher" daemon [_thread_blocked, id=1586, stack(0x00007fe431aed000,0x00007fe431bee000)]
  0x00007fe45808e000 JavaThread "Finalizer" daemon [_thread_blocked, id=1585, stack(0x00007fe431d83000,0x00007fe431e84000)]
  0x00007fe458089800 JavaThread "Reference Handler" daemon [_thread_blocked, id=1584, stack(0x00007fe431e84000,0x00007fe431f85000)]
  0x00007fe45800c800 JavaThread "main" [_thread_blocked, id=1572, stack(0x00007fe4622df000,0x00007fe4623e0000)]

Other Threads:
=>0x00007fe458082000 VMThread [stack: 0x00007fe431f85000,0x00007fe432086000] [id=1583]
  0x00007fe4580d2000 WatcherThread [stack: 0x00007fe4314e7000,0x00007fe4315e8000] [id=1592]

VM state:at safepoint (normal execution)

VM Mutex/Monitor currently owned by a thread:  ([mutex/lock_event])
[0x00007fe458008c30] Threads_lock - owner thread: 0x00007fe458082000
[0x00007fe458009130] Heap_lock - owner thread: 0x00007fe458563000

Heap:
 PSYoungGen      total 886272K, used 16889K [0x0000000718100000, 0x0000000758b80000, 0x00000007c0000000)
  eden space 869376K, 0% used [0x0000000718100000,0x0000000718100000,0x000000074d200000)
  from space 16896K, 99% used [0x0000000756a80000,0x0000000757afe570,0x0000000757b00000)
  to   space 9216K, 0% used [0x0000000758280000,0x0000000758280000,0x0000000758b80000)
 ParOldGen       total 182784K, used 19730K [0x00000005c8200000, 0x00000005d3480000, 0x0000000718100000)
  object space 182784K, 10% used [0x00000005c8200000,0x00000005c9544b00,0x00000005d3480000)
 Metaspace       used 34635K, capacity 34990K, committed 35248K, reserved 1081344K
  class space    used 4129K, capacity 4244K, committed 4272K, reserved 1048576K

Card table byte_map: [0x00007fe45da15000,0x00007fe45e9d5000] byte_map_base: 0x00007fe45abd4000

Marking Bits: (ParMarkBitMap*) 0x00007fe4615ba340
 Begin Bits: [0x00007fe414410000, 0x00007fe41c208000)
 End Bits:   [0x00007fe41c208000, 0x00007fe424000000)

Polling page: 0x00007fe4623ea000

CodeCache: size=245760Kb used=15370Kb max_used=15445Kb free=230389Kb
 bounds [0x00007fe449000000, 0x00007fe449f50000, 0x00007fe458000000]
 total_blobs=4441 nmethods=3961 adapters=394
 compilation: enabled

Compilation events (10 events):
Event: 18.439 Thread 0x00007fe4580c2000 5092       3       org.h2.mvstore.DataUtils::checkArgument (11 bytes)
Event: 18.440 Thread 0x00007fe4580c2000 nmethod 5092 0x00007fe449be8b10 code [0x00007fe449be8cc0, 0x00007fe449be9308]
Event: 18.440 Thread 0x00007fe4580c2000 5093       3       java.util.concurrent.ConcurrentHashMap$ValueIterator::next (34 bytes)
Event: 18.440 Thread 0x00007fe4580c2000 nmethod 5093 0x00007fe4496dc450 code [0x00007fe4496dc5e0, 0x00007fe4496dc918]
Event: 18.449 Thread 0x00007fe4580c2000 5094       1       org.eclipse.jetty.servlet.FilterMapping::getFilterName (5 bytes)
Event: 18.449 Thread 0x00007fe4580c2000 nmethod 5094 0x00007fe449da1fd0 code [0x00007fe449da2120, 0x00007fe449da2230]
Event: 18.574 Thread 0x00007fe4580c2000 5095       3       java.lang.Enum::hashCode (5 bytes)
Event: 18.575 Thread 0x00007fe4580c2000 nmethod 5095 0x00007fe4496dc0d0 code [0x00007fe4496dc240, 0x00007fe4496dc3c8]
Event: 18.576 Thread 0x00007fe4580c2000 5096       3       org.eclipse.jetty.util.StringUtil::getBytes (8 bytes)
Event: 18.577 Thread 0x00007fe4580c2000 nmethod 5096 0x00007fe4496dbb50 code [0x00007fe4496dbcc0, 0x00007fe4496dbf28]

GC Heap History (10 events):
Event: 3.440 GC heap after
Heap after GC invocations=3 (full 0):
 PSYoungGen      total 279552K, used 7383K [0x0000000718100000, 0x000000073a300000, 0x00000007c0000000)
  eden space 258048K, 0% used [0x0000000718100000,0x0000000718100000,0x0000000727d00000)
  from space 21504K, 34% used [0x0000000727d00000,0x0000000728435c18,0x0000000729200000)
  to   space 21504K, 0% used [0x0000000738e00000,0x0000000738e00000,0x000000073a300000)
 ParOldGen       total 344064K, used 16K [0x00000005c8200000, 0x00000005dd200000, 0x0000000718100000)
  object space 344064K, 0% used [0x00000005c8200000,0x00000005c8204000,0x00000005dd200000)
 Metaspace       used 12296K, capacity 12392K, committed 12800K, reserved 1060864K
  class space    used 1686K, capacity 1726K, committed 1792K, reserved 1048576K
}
Event: 4.859 GC heap before
{Heap before GC invocations=4 (full 0):
 PSYoungGen      total 279552K, used 265431K [0x0000000718100000, 0x000000073a300000, 0x00000007c0000000)
  eden space 258048K, 100% used [0x0000000718100000,0x0000000727d00000,0x0000000727d00000)
  from space 21504K, 34% used [0x0000000727d00000,0x0000000728435c18,0x0000000729200000)
  to   space 21504K, 0% used [0x0000000738e00000,0x0000000738e00000,0x000000073a300000)
 ParOldGen       total 344064K, used 16K [0x00000005c8200000, 0x00000005dd200000, 0x0000000718100000)
  object space 344064K, 0% used [0x00000005c8200000,0x00000005c8204000,0x00000005dd200000)
 Metaspace       used 13168K, capacity 13306K, committed 13696K, reserved 1060864K
  class space    used 1797K, capacity 1857K, committed 1920K, reserved 1048576K
Event: 4.889 GC heap after
Heap after GC invocations=4 (full 0):
 PSYoungGen      total 537600K, used 10969K [0x0000000718100000, 0x000000073a300000, 0x00000007c0000000)
  eden space 516096K, 0% used [0x0000000718100000,0x0000000718100000,0x0000000737900000)
  from space 21504K, 51% used [0x0000000738e00000,0x00000007398b6470,0x000000073a300000)
  to   space 21504K, 0% used [0x0000000737900000,0x0000000737900000,0x0000000738e00000)
 ParOldGen       total 344064K, used 40K [0x00000005c8200000, 0x00000005dd200000, 0x0000000718100000)
  object space 344064K, 0% used [0x00000005c8200000,0x00000005c820a000,0x00000005dd200000)
 Metaspace       used 13168K, capacity 13306K, committed 13696K, reserved 1060864K
  class space    used 1797K, capacity 1857K, committed 1920K, reserved 1048576K
}
Event: 8.375 GC heap before
{Heap before GC invocations=5 (full 0):
 PSYoungGen      total 537600K, used 135716K [0x0000000718100000, 0x000000073a300000, 0x00000007c0000000)
  eden space 516096K, 24% used [0x0000000718100000,0x000000071fad2d08,0x0000000737900000)
  from space 21504K, 51% used [0x0000000738e00000,0x00000007398b6470,0x000000073a300000)
  to   space 21504K, 0% used [0x0000000737900000,0x0000000737900000,0x0000000738e00000)
 ParOldGen       total 344064K, used 40K [0x00000005c8200000, 0x00000005dd200000, 0x0000000718100000)
  object space 344064K, 0% used [0x00000005c8200000,0x00000005c820a000,0x00000005dd200000)
 Metaspace       used 20853K, capacity 21092K, committed 21296K, reserved 1067008K
  class space    used 2768K, capacity 2850K, committed 2864K, reserved 1048576K
Event: 8.397 GC heap after
Heap after GC invocations=5 (full 0):
 PSYoungGen      total 537600K, used 16232K [0x0000000718100000, 0x0000000759400000, 0x00000007c0000000)
  eden space 516096K, 0% used [0x0000000718100000,0x0000000718100000,0x0000000737900000)
  from space 21504K, 75% used [0x0000000737900000,0x00000007388da020,0x0000000738e00000)
  to   space 17920K, 0% used [0x0000000758280000,0x0000000758280000,0x0000000759400000)
 ParOldGen       total 344064K, used 112K [0x00000005c8200000, 0x00000005dd200000, 0x0000000718100000)
  object space 344064K, 0% used [0x00000005c8200000,0x00000005c821c010,0x00000005dd200000)
 Metaspace       used 20853K, capacity 21092K, committed 21296K, reserved 1067008K
  class space    used 2768K, capacity 2850K, committed 2864K, reserved 1048576K
}
Event: 8.397 GC heap before
{Heap before GC invocations=6 (full 1):
 PSYoungGen      total 537600K, used 16232K [0x0000000718100000, 0x0000000759400000, 0x00000007c0000000)
  eden space 516096K, 0% used [0x0000000718100000,0x0000000718100000,0x0000000737900000)
  from space 21504K, 75% used [0x0000000737900000,0x00000007388da020,0x0000000738e00000)
  to   space 17920K, 0% used [0x0000000758280000,0x0000000758280000,0x0000000759400000)
 ParOldGen       total 344064K, used 112K [0x00000005c8200000, 0x00000005dd200000, 0x0000000718100000)
  object space 344064K, 0% used [0x00000005c8200000,0x00000005c821c010,0x00000005dd200000)
 Metaspace       used 20853K, capacity 21092K, committed 21296K, reserved 1067008K
  class space    used 2768K, capacity 2850K, committed 2864K, reserved 1048576K
Event: 8.496 GC heap after
Heap after GC invocations=6 (full 1):
 PSYoungGen      total 537600K, used 0K [0x0000000718100000, 0x0000000759400000, 0x00000007c0000000)
  eden space 516096K, 0% used [0x0000000718100000,0x0000000718100000,0x0000000737900000)
  from space 21504K, 0% used [0x0000000737900000,0x0000000737900000,0x0000000738e00000)
  to   space 17920K, 0% used [0x0000000758280000,0x0000000758280000,0x0000000759400000)
 ParOldGen       total 182784K, used 15977K [0x00000005c8200000, 0x00000005d3480000, 0x0000000718100000)
  object space 182784K, 8% used [0x00000005c8200000,0x00000005c919a708,0x00000005d3480000)
 Metaspace       used 20853K, capacity 21092K, committed 21296K, reserved 1067008K
  class space    used 2768K, capacity 2850K, committed 2864K, reserved 1048576K
}
Event: 10.612 GC heap before
{Heap before GC invocations=7 (full 1):
 PSYoungGen      total 537600K, used 516096K [0x0000000718100000, 0x0000000759400000, 0x00000007c0000000)
  eden space 516096K, 100% used [0x0000000718100000,0x0000000737900000,0x0000000737900000)
  from space 21504K, 0% used [0x0000000737900000,0x0000000737900000,0x0000000738e00000)
  to   space 17920K, 0% used [0x0000000758280000,0x0000000758280000,0x0000000759400000)
 ParOldGen       total 182784K, used 15977K [0x00000005c8200000, 0x00000005d3480000, 0x0000000718100000)
  object space 182784K, 8% used [0x00000005c8200000,0x00000005c919a708,0x00000005d3480000)
 Metaspace       used 22373K, capacity 22676K, committed 23088K, reserved 1069056K
  class space    used 2915K, capacity 3026K, committed 3120K, reserved 1048576K
Event: 10.646 GC heap after
Heap after GC invocations=7 (full 1):
 PSYoungGen      total 878592K, used 9064K [0x0000000718100000, 0x0000000758b80000, 0x00000007c0000000)
  eden space 869376K, 0% used [0x0000000718100000,0x0000000718100000,0x000000074d200000)
  from space 9216K, 98% used [0x0000000758280000,0x0000000758b5a3a8,0x0000000758b80000)
  to   space 16896K, 0% used [0x0000000756a80000,0x0000000756a80000,0x0000000757b00000)
 ParOldGen       total 182784K, used 15985K [0x00000005c8200000, 0x00000005d3480000, 0x0000000718100000)
  object space 182784K, 8% used [0x00000005c8200000,0x00000005c919c708,0x00000005d3480000)
 Metaspace       used 22373K, capacity 22676K, committed 23088K, reserved 1069056K
  class space    used 2915K, capacity 3026K, committed 3120K, reserved 1048576K
}
Event: 18.578 GC heap before
{Heap before GC invocations=8 (full 1):
 PSYoungGen      total 878592K, used 878440K [0x0000000718100000, 0x0000000758b80000, 0x00000007c0000000)
  eden space 869376K, 100% used [0x0000000718100000,0x000000074d200000,0x000000074d200000)
  from space 9216K, 98% used [0x0000000758280000,0x0000000758b5a3a8,0x0000000758b80000)
  to   space 16896K, 0% used [0x0000000756a80000,0x0000000756a80000,0x0000000757b00000)
 ParOldGen       total 182784K, used 15985K [0x00000005c8200000, 0x00000005d3480000, 0x0000000718100000)
  object space 182784K, 8% used [0x00000005c8200000,0x00000005c919c708,0x00000005d3480000)
 Metaspace       used 34635K, capacity 34990K, committed 35248K, reserved 1081344K
  class space    used 4129K, capacity 4244K, committed 4272K, reserved 1048576K

Deoptimization events (10 events):
Event: 15.623 Thread 0x00007fe3d4007000 Uncommon trap: reason=null_check action=make_not_entrant pc=0x00007fe4496aaa0c method=java.lang.Class.toString()Ljava/lang/String; @ 8
Event: 15.741 Thread 0x00007fe3d4007000 Uncommon trap: reason=class_check action=maybe_recompile pc=0x00007fe449adaea8 method=java.lang.reflect.Executable.declaredAnnotations()Ljava/util/Map; @ 8
Event: 15.745 Thread 0x00007fe3d4007000 Uncommon trap: reason=class_check action=maybe_recompile pc=0x00007fe449adaea8 method=java.lang.reflect.Executable.declaredAnnotations()Ljava/util/Map; @ 8
Event: 15.805 Thread 0x00007fe3d4007000 Uncommon trap: reason=null_check action=make_not_entrant pc=0x00007fe4499ce084 method=java.util.AbstractCollection.toArray([Ljava/lang/Object;)[Ljava/lang/Object; @ 119
Event: 15.808 Thread 0x00007fe3d4007000 Uncommon trap: reason=class_check action=maybe_recompile pc=0x00007fe449adaea8 method=java.lang.reflect.Executable.declaredAnnotations()Ljava/util/Map; @ 8
Event: 15.808 Thread 0x00007fe3d4007000 Uncommon trap: reason=class_check action=maybe_recompile pc=0x00007fe449adaea8 method=java.lang.reflect.Executable.declaredAnnotations()Ljava/util/Map; @ 8
Event: 15.914 Thread 0x00007fe3d4007000 Uncommon trap: reason=unstable_if action=reinterpret pc=0x00007fe449b330e8 method=org.eclipse.jetty.webapp.WebAppClassLoader.loadClass(Ljava/lang/String;Z)Ljava/lang/Class; @ 26
Event: 16.378 Thread 0x00007fe3d8100800 Uncommon trap: reason=unstable_if action=reinterpret pc=0x00007fe44926638c method=java.lang.String.lastIndexOf([CII[CIII)I @ 17
Event: 16.832 Thread 0x00007fe3d8100800 Uncommon trap: reason=bimorphic action=maybe_recompile pc=0x00007fe449327b4c method=java.util.Properties$LineReader.readLine()I @ 410
Event: 16.842 Thread 0x00007fe3d8100800 Uncommon trap: reason=unstable_if action=reinterpret pc=0x00007fe4498d3154 method=java.lang.ref.SoftReference.get()Ljava/lang/Object; @ 6

Internal exceptions (10 events):
Event: 14.177 Thread 0x00007fe45800c800 Exception <a 'sun/nio/fs/UnixException'> (0x0000000745604c00) thrown at [/tmp/buildd/openjdk-8-8u121-b13/src/hotspot/src/share/vm/prims/jni.cpp, line 709]
Event: 14.177 Thread 0x00007fe45800c800 Exception <a 'sun/nio/fs/UnixException'> (0x0000000745606158) thrown at [/tmp/buildd/openjdk-8-8u121-b13/src/hotspot/src/share/vm/prims/jni.cpp, line 709]
Event: 14.177 Thread 0x00007fe45800c800 Exception <a 'sun/nio/fs/UnixException'> (0x00000007456069e0) thrown at [/tmp/buildd/openjdk-8-8u121-b13/src/hotspot/src/share/vm/prims/jni.cpp, line 709]
Event: 14.262 Thread 0x00007fe3d4007000 Implicit null exception at 0x00007fe4495fa0a0 to 0x00007fe4495fd0fd
Event: 14.297 Thread 0x00007fe3d4007000 Implicit null exception at 0x00007fe44946ee94 to 0x00007fe449471be4
Event: 14.297 Thread 0x00007fe3d4007000 Exception <a 'java/lang/NullPointerException'> (0x0000000749c1f0c8) thrown at [/tmp/buildd/openjdk-8-8u121-b13/src/hotspot/src/share/vm/runtime/sharedRuntime.cpp, line 605]
Event: 14.297 Thread 0x00007fe3d4007000 Implicit null exception at 0x00007fe44946ee94 to 0x00007fe449471be4
Event: 14.297 Thread 0x00007fe3d4007000 Exception <a 'java/lang/NullPointerException'> (0x0000000749c23d68) thrown at [/tmp/buildd/openjdk-8-8u121-b13/src/hotspot/src/share/vm/runtime/sharedRuntime.cpp, line 605]
Event: 15.805 Thread 0x00007fe3d4007000 Implicit null exception at 0x00007fe4499cdf2d to 0x00007fe4499ce079
Event: 18.435 Thread 0x00007fe3d8101800 Exception <a 'java/lang/InterruptedException': sleep interrupted> (0x000000074ca294f0) thrown at [/tmp/buildd/openjdk-8-8u121-b13/src/hotspot/src/share/vm/prims/jvm.cpp, line 3228]

Events (10 events):
Event: 18.569 Thread 0x00007fe3d8001800 Thread exited: 0x00007fe3d8001800
Event: 18.569 Thread 0x00007fe458905800 Thread exited: 0x00007fe458905800
Event: 18.569 Thread 0x00007fe3d4007000 Thread exited: 0x00007fe3d4007000
Event: 18.569 Thread 0x00007fe3dc036800 Thread exited: 0x00007fe3dc036800
Event: 18.577 Thread 0x00007fe458906800 Thread added: 0x00007fe458906800
Event: 18.577 Thread 0x00007fe458905800 Thread added: 0x00007fe458905800
Event: 18.578 Thread 0x00007fe45855f800 Thread added: 0x00007fe45855f800
Event: 18.578 Thread 0x00007fe458563000 Thread added: 0x00007fe458563000
Event: 18.578 Thread 0x00007fe45855c800 Thread added: 0x00007fe45855c800
Event: 18.578 Executing VM operation: ParallelGCFailedAllocation


Dynamic libraries:
00400000-00401000 r-xp 00000000 00:27 90                                 /usr/lib/jvm/java-8-openjdk-amd64/jre/bin/java
00600000-00601000 r--p 00000000 00:27 90                                 /usr/lib/jvm/java-8-openjdk-amd64/jre/bin/java
00601000-00602000 rw-p 00001000 00:27 90                                 /usr/lib/jvm/java-8-openjdk-amd64/jre/bin/java
01313000-01334000 rw-p 00000000 00:00 0                                  [heap]
5c8200000-5d3480000 rw-p 00000000 00:00 0 
5d3480000-718100000 ---p 00000000 00:00 0 
718100000-758b80000 rw-p 00000000 00:00 0 
772100000-7c0000000 ---p 00000000 00:00 0 
7c0000000-7c042c000 rw-p 00000000 00:00 0 
7c042c000-800000000 ---p 00000000 00:00 0 
7fe39c000000-7fe39c02c000 rw-p 00000000 00:00 0 
7fe39c02c000-7fe3a0000000 ---p 00000000 00:00 0 
7fe3a0000000-7fe3a0021000 rw-p 00000000 00:00 0 
7fe3a0021000-7fe3a4000000 ---p 00000000 00:00 0 
7fe3a4000000-7fe3a412b000 rw-p 00000000 00:00 0 
7fe3a412b000-7fe3a8000000 ---p 00000000 00:00 0 
7fe3ab5fe000-7fe3ab63e000 rw-p 00000000 00:00 0 
7fe3ab63e000-7fe3ab7fe000 ---p 00000000 00:00 0 
7fe3ab7fe000-7fe3ab801000 ---p 00000000 00:00 0 
7fe3ab801000-7fe3abaff000 rw-p 00000000 00:00 0                          [stack:12126]
7fe3abaff000-7fe3abcff000 rw-p 00000000 00:00 0 
7fe3abcff000-7fe3abd02000 ---p 00000000 00:00 0 
7fe3abd02000-7fe3ac000000 rw-p 00000000 00:00 0 
7fe3ac000000-7fe3ac021000 rw-p 00000000 00:00 0 
7fe3ac021000-7fe3b0000000 ---p 00000000 00:00 0 
7fe3b0000000-7fe3b0046000 rw-p 00000000 00:00 0 
7fe3b0046000-7fe3b4000000 ---p 00000000 00:00 0 
7fe3b4000000-7fe3b4021000 rw-p 00000000 00:00 0 
7fe3b4021000-7fe3b8000000 ---p 00000000 00:00 0 
7fe3b8000000-7fe3b8021000 rw-p 00000000 00:00 0 
7fe3b8021000-7fe3bc000000 ---p 00000000 00:00 0 
7fe3bc000000-7fe3bc033000 rw-p 00000000 00:00 0 
7fe3bc033000-7fe3c0000000 ---p 00000000 00:00 0 
7fe3c0000000-7fe3c0021000 rw-p 00000000 00:00 0 
7fe3c0021000-7fe3c4000000 ---p 00000000 00:00 0 
7fe3c4000000-7fe3c4021000 rw-p 00000000 00:00 0 
7fe3c4021000-7fe3c8000000 ---p 00000000 00:00 0 
7fe3c8000000-7fe3c8021000 rw-p 00000000 00:00 0 
7fe3c8021000-7fe3cc000000 ---p 00000000 00:00 0 
7fe3cc000000-7fe3cc1af000 rw-p 00000000 00:00 0 
7fe3cc1af000-7fe3d0000000 ---p 00000000 00:00 0 
7fe3d0000000-7fe3d0046000 rw-p 00000000 00:00 0 
7fe3d0046000-7fe3d4000000 ---p 00000000 00:00 0 
7fe3d4000000-7fe3d4027000 rw-p 00000000 00:00 0 
7fe3d4027000-7fe3d8000000 ---p 00000000 00:00 0 
7fe3d8000000-7fe3d81aa000 rw-p 00000000 00:00 0 
7fe3d81aa000-7fe3dc000000 ---p 00000000 00:00 0 
7fe3dc000000-7fe3dc054000 rw-p 00000000 00:00 0 
7fe3dc054000-7fe3e0000000 ---p 00000000 00:00 0 
7fe3e0000000-7fe3e0021000 rw-p 00000000 00:00 0 
7fe3e0021000-7fe3e4000000 ---p 00000000 00:00 0 
7fe3e4000000-7fe3e4021000 rw-p 00000000 00:00 0 
7fe3e4021000-7fe3e8000000 ---p 00000000 00:00 0 
7fe3e8000000-7fe3e8021000 rw-p 00000000 00:00 0 
7fe3e8021000-7fe3ec000000 ---p 00000000 00:00 0 
7fe3ec0f8000-7fe3ec2f8000 rw-p 00000000 00:00 0 
7fe3ec2f8000-7fe3ec4f8000 rw-p 00000000 00:00 0 
7fe3ec4f8000-7fe3ec4fb000 ---p 00000000 00:00 0 
7fe3ec4fb000-7fe3ec5f9000 rw-p 00000000 00:00 0 
7fe3ec5f9000-7fe3ec5fc000 ---p 00000000 00:00 0 
7fe3ec5fc000-7fe3ec6fa000 rw-p 00000000 00:00 0 
7fe3ec6fa000-7fe3ec6fd000 ---p 00000000 00:00 0 
7fe3ec6fd000-7fe3ec9fb000 rw-p 00000000 00:00 0                          [stack:11737]
7fe3ec9fb000-7fe3ec9fe000 ---p 00000000 00:00 0 
7fe3ec9fe000-7fe3ecafc000 rw-p 00000000 00:00 0                          [stack:12129]
7fe3ecafc000-7fe3ecaff000 ---p 00000000 00:00 0 
7fe3ecaff000-7fe3ecbfd000 rw-p 00000000 00:00 0 
7fe3ecbfd000-7fe3ecc00000 ---p 00000000 00:00 0 
7fe3ecc00000-7fe3eccfe000 rw-p 00000000 00:00 0 
7fe3eccfe000-7fe3ecd01000 ---p 00000000 00:00 0 
7fe3ecd01000-7fe3ecfff000 rw-p 00000000 00:00 0                          [stack:12121]
7fe3ecfff000-7fe3f0000000 rw-p 00000000 00:00 0 
7fe3f0000000-7fe3f0b4f000 rw-p 00000000 00:00 0 
7fe3f0b4f000-7fe3f4000000 ---p 00000000 00:00 0 
7fe3f4000000-7fe3f4021000 rw-p 00000000 00:00 0 
7fe3f4021000-7fe3f8000000 ---p 00000000 00:00 0 
7fe3f8000000-7fe3fa85d000 rw-p 00000000 00:00 0 
7fe3fa85d000-7fe3fc000000 ---p 00000000 00:00 0 
7fe3fc000000-7fe3fdb42000 rw-p 00000000 00:00 0 
7fe3fdb42000-7fe400000000 ---p 00000000 00:00 0 
7fe400000000-7fe400021000 rw-p 00000000 00:00 0 
7fe400021000-7fe404000000 ---p 00000000 00:00 0 
7fe404000000-7fe406072000 rw-p 00000000 00:00 0 
7fe406072000-7fe408000000 ---p 00000000 00:00 0 
7fe408000000-7fe408021000 rw-p 00000000 00:00 0 
7fe408021000-7fe40c000000 ---p 00000000 00:00 0 
7fe40c000000-7fe40c021000 rw-p 00000000 00:00 0 
7fe40c021000-7fe410000000 ---p 00000000 00:00 0 
7fe410000000-7fe410072000 rw-p 00000000 00:00 0 
7fe410072000-7fe414000000 ---p 00000000 00:00 0 
7fe41400c000-7fe41400f000 ---p 00000000 00:00 0 
7fe41400f000-7fe41410d000 rw-p 00000000 00:00 0                          [stack:12127]
7fe41410d000-7fe414110000 ---p 00000000 00:00 0 
7fe414110000-7fe41420e000 rw-p 00000000 00:00 0 
7fe41420e000-7fe414211000 ---p 00000000 00:00 0 
7fe414211000-7fe41430f000 rw-p 00000000 00:00 0 
7fe41430f000-7fe414312000 ---p 00000000 00:00 0 
7fe414312000-7fe424000000 rw-p 00000000 00:00 0                          [stack:12130]
7fe424000000-7fe424021000 rw-p 00000000 00:00 0 
7fe424021000-7fe428000000 ---p 00000000 00:00 0 
7fe428000000-7fe428021000 rw-p 00000000 00:00 0 
7fe428021000-7fe42c000000 ---p 00000000 00:00 0 
7fe42c000000-7fe42c021000 rw-p 00000000 00:00 0 
7fe42c021000-7fe430000000 ---p 00000000 00:00 0 
7fe430090000-7fe430091000 rw-p 00000000 00:00 0 
7fe430091000-7fe430094000 ---p 00000000 00:00 0 
7fe430094000-7fe430192000 rw-p 00000000 00:00 0                          [stack:12128]
7fe430192000-7fe430195000 ---p 00000000 00:00 0 
7fe430195000-7fe430293000 rw-p 00000000 00:00 0 
7fe430293000-7fe430296000 ---p 00000000 00:00 0 
7fe430296000-7fe430394000 rw-p 00000000 00:00 0 
7fe430394000-7fe430397000 ---p 00000000 00:00 0 
7fe430397000-7fe430495000 rw-p 00000000 00:00 0 
7fe430495000-7fe430498000 ---p 00000000 00:00 0 
7fe430498000-7fe430796000 rw-p 00000000 00:00 0 
7fe430796000-7fe4307ad000 r-xp 00000000 00:27 153                        /usr/lib/jvm/java-8-openjdk-amd64/jre/lib/amd64/libnet.so
7fe4307ad000-7fe4309ac000 ---p 00017000 00:27 153                        /usr/lib/jvm/java-8-openjdk-amd64/jre/lib/amd64/libnet.so
7fe4309ac000-7fe4309ad000 r--p 00016000 00:27 153                        /usr/lib/jvm/java-8-openjdk-amd64/jre/lib/amd64/libnet.so
7fe4309ad000-7fe4309ae000 rw-p 00017000 00:27 153                        /usr/lib/jvm/java-8-openjdk-amd64/jre/lib/amd64/libnet.so
7fe4309ae000-7fe4309bf000 r-xp 00000000 00:27 162                        /usr/lib/jvm/java-8-openjdk-amd64/jre/lib/amd64/libnio.so
7fe4309bf000-7fe430bbf000 ---p 00011000 00:27 162                        /usr/lib/jvm/java-8-openjdk-amd64/jre/lib/amd64/libnio.so
7fe430bbf000-7fe430bc0000 r--p 00011000 00:27 162                        /usr/lib/jvm/java-8-openjdk-amd64/jre/lib/amd64/libnio.so
7fe430bc0000-7fe430bc1000 rw-p 00012000 00:27 162                        /usr/lib/jvm/java-8-openjdk-amd64/jre/lib/amd64/libnio.so
7fe430bc1000-7fe430bd4000 r--s 00346000 00:27 118                        /usr/lib/jvm/java-8-openjdk-amd64/jre/lib/resources.jar
7fe430bd4000-7fe430bdd000 r-xp 00000000 00:27 161                        /usr/lib/jvm/java-8-openjdk-amd64/jre/lib/amd64/libmanagement.so
7fe430bdd000-7fe430ddc000 ---p 00009000 00:27 161                        /usr/lib/jvm/java-8-openjdk-amd64/jre/lib/amd64/libmanagement.so
7fe430ddc000-7fe430ddd000 r--p 00008000 00:27 161                        /usr/lib/jvm/java-8-openjdk-amd64/jre/lib/amd64/libmanagement.so
7fe430ddd000-7fe430dde000 rw-p 00009000 00:27 161                        /usr/lib/jvm/java-8-openjdk-amd64/jre/lib/amd64/libmanagement.so
7fe430dde000-7fe430fde000 rw-p 00000000 00:00 0 
7fe430fde000-7fe4311de000 rw-p 00000000 00:00 0 
7fe4311de000-7fe4311e3000 r--s 002f9000 00:27 122                        /usr/lib/jvm/java-8-openjdk-amd64/jre/lib/charsets.jar
7fe4311e3000-7fe4313e3000 rw-p 00000000 00:00 0 
7fe4313e3000-7fe4313e7000 r--s 0009a000 00:27 120                        /usr/lib/jvm/java-8-openjdk-amd64/jre/lib/jsse.jar
7fe4313e7000-7fe4313e9000 r--s 0000f000 00:27 7571                       /root/workspace/nutzam/nutz/266222033/.m2/org/apache/maven/surefire/surefire-junit4/2.18.1/surefire-junit4-2.18.1.jar
7fe4313e9000-7fe4313ee000 r--s 0002e000 00:27 3604                       /root/workspace/nutzam/nutz/266222033/.m2/org/apache/taglibs/taglibs-standard-impl/1.2.5/taglibs-standard-impl-1.2.5.jar
7fe4313ee000-7fe4313f0000 r--s 00008000 00:27 3600                       /root/workspace/nutzam/nutz/266222033/.m2/org/apache/taglibs/taglibs-standard-spec/1.2.5/taglibs-standard-spec-1.2.5.jar
7fe4313f0000-7fe4313f1000 r--s 00000000 00:27 3598                       /root/workspace/nutzam/nutz/266222033/.m2/org/eclipse/jetty/apache-jstl/9.4.3.v20170317/apache-jstl-9.4.3.v20170317.jar
7fe4313f1000-7fe431403000 r--s 00223000 00:27 3597                       /root/workspace/nutzam/nutz/266222033/.m2/org/eclipse/jdt/core/compiler/ecj/4.4.2/ecj-4.4.2.jar
7fe431403000-7fe431408000 r--s 00037000 00:27 3594                       /root/workspace/nutzam/nutz/266222033/.m2/org/mortbay/jasper/apache-el/8.5.9.1/apache-el-8.5.9.1.jar
7fe431408000-7fe431415000 r--s 000e1000 00:27 3593                       /root/workspace/nutzam/nutz/266222033/.m2/org/mortbay/jasper/apache-jsp/8.5.9.1/apache-jsp-8.5.9.1.jar
7fe431415000-7fe431417000 r--s 0002d000 00:27 3591                       /root/workspace/nutzam/nutz/266222033/.m2/org/eclipse/jetty/toolchain/jetty-schemas/3.1/jetty-schemas-3.1.jar
7fe431417000-7fe431418000 r--s 00002000 00:27 3568                       /root/workspace/nutzam/nutz/266222033/.m2/org/eclipse/jetty/apache-jsp/9.4.3.v20170317/apache-jsp-9.4.3.v20170317.jar
7fe431418000-7fe43141a000 r--s 00007000 00:27 3589                       /root/workspace/nutzam/nutz/266222033/.m2/javax/websocket/javax.websocket-api/1.0/javax.websocket-api-1.0.jar
7fe43141a000-7fe43141e000 r--s 00023000 00:27 3586                       /root/workspace/nutzam/nutz/266222033/.m2/org/eclipse/jetty/websocket/javax-websocket-client-impl/9.4.3.v20170317/javax-websocket-client-impl-9.4.3.v20170317.jar
7fe43141e000-7fe431420000 r--s 00006000 00:27 3583                       /root/workspace/nutzam/nutz/266222033/.m2/org/ow2/asm/asm-tree/5.1/asm-tree-5.1.jar
7fe431420000-7fe431422000 r--s 0000a000 00:27 3582                       /root/workspace/nutzam/nutz/266222033/.m2/org/ow2/asm/asm-commons/5.1/asm-commons-5.1.jar
7fe431422000-7fe431424000 r--s 0000c000 00:27 3580                       /root/workspace/nutzam/nutz/266222033/.m2/org/ow2/asm/asm/5.1/asm-5.1.jar
7fe431424000-7fe431426000 r--s 00005000 00:27 3577                       /root/workspace/nutzam/nutz/266222033/.m2/javax/annotation/javax.annotation-api/1.2/javax.annotation-api-1.2.jar
7fe431426000-7fe431428000 r--s 0000c000 00:27 3575                       /root/workspace/nutzam/nutz/266222033/.m2/org/eclipse/jetty/jetty-plus/9.4.3.v20170317/jetty-plus-9.4.3.v20170317.jar
7fe431428000-7fe43142a000 r--s 00011000 00:27 3576                       /root/workspace/nutzam/nutz/266222033/.m2/org/eclipse/jetty/jetty-annotations/9.4.3.v20170317/jetty-annotations-9.4.3.v20170317.jar
7fe43142a000-7fe43142c000 r--s 00007000 00:27 3571                       /root/workspace/nutzam/nutz/266222033/.m2/org/eclipse/jetty/websocket/javax-websocket-server-impl/9.4.3.v20170317/javax-websocket-server-impl-9.4.3.v20170317.jar
7fe43142c000-7fe43142e000 r--s 00004000 00:27 3517                       /root/workspace/nutzam/nutz/266222033/.m2/org/eclipse/jetty/websocket/websocket-servlet/9.4.3.v20170317/websocket-servlet-9.4.3.v20170317.jar
7fe43142e000-7fe431434000 r--s 0003b000 00:27 3569                       /root/workspace/nutzam/nutz/266222033/.m2/org/eclipse/jetty/jetty-client/9.4.3.v20170317/jetty-client-9.4.3.v20170317.jar
7fe431434000-7fe431435000 r--s 00007000 00:27 3567                       /root/workspace/nutzam/nutz/266222033/.m2/org/eclipse/jetty/websocket/websocket-client/9.4.3.v20170317/websocket-client-9.4.3.v20170317.jar
7fe431435000-7fe431438000 r--s 00008000 00:27 3563                       /root/workspace/nutzam/nutz/266222033/.m2/org/eclipse/jetty/websocket/websocket-api/9.4.3.v20170317/websocket-api-9.4.3.v20170317.jar
7fe431438000-7fe43143d000 r--s 0002c000 00:27 3561                       /root/workspace/nutzam/nutz/266222033/.m2/org/eclipse/jetty/websocket/websocket-common/9.4.3.v20170317/websocket-common-9.4.3.v20170317.jar
7fe43143d000-7fe43143f000 r--s 00007000 00:27 3559                       /root/workspace/nutzam/nutz/266222033/.m2/org/eclipse/jetty/websocket/websocket-server/9.4.3.v20170317/websocket-server-9.4.3.v20170317.jar
7fe43143f000-7fe431447000 r--s 00084000 00:27 3557                       /root/workspace/nutzam/nutz/266222033/.m2/org/eclipse/jetty/jetty-server/9.4.3.v20170317/jetty-server-9.4.3.v20170317.jar
7fe431447000-7fe43144a000 r--s 00014000 00:27 3554                       /root/workspace/nutzam/nutz/266222033/.m2/org/eclipse/jetty/jetty-security/9.4.3.v20170317/jetty-security-9.4.3.v20170317.jar
7fe43144a000-7fe43144c000 r--s 00019000 00:27 3521                       /root/workspace/nutzam/nutz/266222033/.m2/org/eclipse/jetty/jetty-servlet/9.4.3.v20170317/jetty-servlet-9.4.3.v20170317.jar
7fe43144c000-7fe43144e000 r--s 0000b000 00:27 3552                       /root/workspace/nutzam/nutz/266222033/.m2/org/eclipse/jetty/jetty-xml/9.4.3.v20170317/jetty-xml-9.4.3.v20170317.jar
7fe43144e000-7fe431450000 r--s 0001c000 00:27 3548                       /root/workspace/nutzam/nutz/266222033/.m2/org/eclipse/jetty/jetty-webapp/9.4.3.v20170317/jetty-webapp-9.4.3.v20170317.jar
7fe431450000-7fe431453000 r--s 0001d000 00:27 3547                       /root/workspace/nutzam/nutz/266222033/.m2/org/eclipse/jetty/jetty-io/9.4.3.v20170317/jetty-io-9.4.3.v20170317.jar
7fe431453000-7fe43145a000 r--s 00068000 00:27 3545                       /root/workspace/nutzam/nutz/266222033/.m2/org/eclipse/jetty/jetty-util/9.4.3.v20170317/jetty-util-9.4.3.v20170317.jar
7fe43145a000-7fe43145d000 r--s 00025000 00:27 3542                       /root/workspace/nutzam/nutz/266222033/.m2/org/eclipse/jetty/jetty-http/9.4.3.v20170317/jetty-http-9.4.3.v20170317.jar
7fe43145d000-7fe43145e000 r--s 00003000 00:27 3541                       /root/workspace/nutzam/nutz/266222033/.m2/org/eclipse/jetty/jetty-continuation/9.4.3.v20170317/jetty-continuation-9.4.3.v20170317.jar
7fe43145e000-7fe431460000 r--s 00014000 00:27 3539                       /root/workspace/nutzam/nutz/266222033/.m2/org/eclipse/jetty/jetty-servlets/9.4.3.v20170317/jetty-servlets-9.4.3.v20170317.jar
7fe431460000-7fe431462000 r--s 00009000 00:27 3537                       /root/workspace/nutzam/nutz/266222033/.m2/org/slf4j/slf4j-api/1.7.24/slf4j-api-1.7.24.jar
7fe431462000-7fe431467000 r--s 0054d000 00:27 3532                       /root/workspace/nutzam/nutz/266222033/.m2/org/xerial/sqlite-jdbc/3.8.11.2/sqlite-jdbc-3.8.11.2.jar
7fe431467000-7fe431489000 r--s 001e7000 00:27 3530                       /root/workspace/nutzam/nutz/266222033/.m2/com/alibaba/druid/1.0.27/druid-1.0.27.jar
7fe431489000-7fe431492000 r--s 000e9000 00:27 3529                       /root/workspace/nutzam/nutz/266222033/.m2/mysql/mysql-connector-java/5.1.40/mysql-connector-java-5.1.40.jar
7fe431492000-7fe431499000 r--s 0009a000 00:27 3524                       /root/workspace/nutzam/nutz/266222033/.m2/org/postgresql/postgresql/9.4-1206-jdbc41/postgresql-9.4-1206-jdbc41.jar
7fe431499000-7fe4314a8000 r--s 001ae000 00:27 3522                       /root/workspace/nutzam/nutz/266222033/.m2/com/h2database/h2/1.4.196/h2-1.4.196.jar
7fe4314a8000-7fe4314b1000 r--s 0006f000 00:27 3518                       /root/workspace/nutzam/nutz/266222033/.m2/log4j/log4j/1.2.17/log4j-1.2.17.jar
7fe4314b1000-7fe4314cc000 r--s 001d6000 00:27 135                        /usr/lib/jvm/java-8-openjdk-amd64/jre/lib/ext/nashorn.jar
7fe4314cc000-7fe4314e7000 r--s 00394000 00:27 130                        /usr/lib/jvm/java-8-openjdk-amd64/jre/lib/ext/cldrdata.jar
7fe4314e7000-7fe4314e8000 ---p 00000000 00:00 0 
7fe4314e8000-7fe4315e8000 rw-p 00000000 00:00 0                          [stack:11717]
7fe4315e8000-7fe4315eb000 ---p 00000000 00:00 0 
7fe4315eb000-7fe4316e9000 rw-p 00000000 00:00 0                          [stack:11716]
7fe4316e9000-7fe4316ec000 ---p 00000000 00:00 0 
7fe4316ec000-7fe4317ea000 rw-p 00000000 00:00 0                          [stack:11715]
7fe4317ea000-7fe4317ed000 ---p 00000000 00:00 0 
7fe4317ed000-7fe4318eb000 rw-p 00000000 00:00 0                          [stack:11714]
7fe4318eb000-7fe4318ee000 ---p 00000000 00:00 0 
7fe4318ee000-7fe4319ec000 rw-p 00000000 00:00 0                          [stack:11713]
7fe4319ec000-7fe4319ef000 ---p 00000000 00:00 0 
7fe4319ef000-7fe431aed000 rw-p 00000000 00:00 0                          [stack:11712]
7fe431aed000-7fe431af0000 ---p 00000000 00:00 0 
7fe431af0000-7fe431bee000 rw-p 00000000 00:00 0                          [stack:11711]
7fe431bee000-7fe431c14000 r--p 00000000 00:27 59                         /usr/lib/locale/C.UTF-8/LC_CTYPE
7fe431c14000-7fe431d83000 r--p 00000000 00:27 56                         /usr/lib/locale/C.UTF-8/LC_COLLATE
7fe431d83000-7fe431d86000 ---p 00000000 00:00 0 
7fe431d86000-7fe431e84000 rw-p 00000000 00:00 0                          [stack:11710]
7fe431e84000-7fe431e87000 ---p 00000000 00:00 0 
7fe431e87000-7fe431f85000 rw-p 00000000 00:00 0                          [stack:11709]
7fe431f85000-7fe431f86000 ---p 00000000 00:00 0 
7fe431f86000-7fe434000000 rw-p 00000000 00:00 0                          [stack:11708]
7fe434000000-7fe434021000 rw-p 00000000 00:00 0 
7fe434021000-7fe438000000 ---p 00000000 00:00 0 
7fe438000000-7fe438021000 rw-p 00000000 00:00 0 
7fe438021000-7fe43c000000 ---p 00000000 00:00 0 
7fe43c000000-7fe43c021000 rw-p 00000000 00:00 0 
7fe43c021000-7fe440000000 ---p 00000000 00:00 0 
7fe440000000-7fe440021000 rw-p 00000000 00:00 0 
7fe440021000-7fe444000000 ---p 00000000 00:00 0 
7fe444000000-7fe444021000 rw-p 00000000 00:00 0 
7fe444021000-7fe448000000 ---p 00000000 00:00 0 
7fe448000000-7fe448001000 r--s 00002000 00:27 3535                       /root/workspace/nutzam/nutz/266222033/.m2/org/slf4j/slf4j-log4j12/1.7.24/slf4j-log4j12-1.7.24.jar
7fe448001000-7fe448004000 r--s 00015000 00:27 3526                       /root/workspace/nutzam/nutz/266222033/.m2/javax/servlet/javax.servlet-api/3.1.0/javax.servlet-api-3.1.0.jar
7fe448004000-7fe44800a000 r--s 00034000 00:27 3520                       /root/workspace/nutzam/nutz/266222033/.m2/junit/junit/4.8.2/junit-4.8.2.jar
7fe44800a000-7fe44800f000 r--s 00020000 00:27 7438                       /root/workspace/nutzam/nutz/266222033/.m2/org/apache/maven/surefire/surefire-api/2.18.1/surefire-api-2.18.1.jar
7fe44800f000-7fe448011000 r--s 00008000 00:27 7395                       /root/workspace/nutzam/nutz/266222033/.m2/org/apache/maven/surefire/surefire-booter/2.18.1/surefire-booter-2.18.1.jar
7fe448011000-7fe448012000 r--s 00010000 00:27 137                        /usr/lib/jvm/java-8-openjdk-amd64/jre/lib/ext/zipfs.jar
7fe448012000-7fe448016000 r--s 00037000 00:27 133                        /usr/lib/jvm/java-8-openjdk-amd64/jre/lib/ext/sunpkcs11.jar
7fe448016000-7fe448020000 r--s 00116000 00:27 129                        /usr/lib/jvm/java-8-openjdk-amd64/jre/lib/ext/localedata.jar
7fe448020000-7fe449000000 rw-p 00000000 00:00 0 
7fe449000000-7fe449f50000 rwxp 00000000 00:00 0 
7fe449f50000-7fe458000000 ---p 00000000 00:00 0 
7fe458000000-7fe4589b8000 rw-p 00000000 00:00 0 
7fe4589b8000-7fe45c000000 ---p 00000000 00:00 0 
7fe45c000000-7fe45c002000 r--s 00008000 00:27 134                        /usr/lib/jvm/java-8-openjdk-amd64/jre/lib/ext/sunec.jar
7fe45c002000-7fe45c005000 r--s 0000f000 00:27 132                        /usr/lib/jvm/java-8-openjdk-amd64/jre/lib/ext/icedtea-sound.jar
7fe45c005000-7fe45c007000 r--s 00001000 00:27 131                        /usr/lib/jvm/java-8-openjdk-amd64/jre/lib/ext/dnsns.jar
7fe45c007000-7fe45c008000 r--s 0000a000 00:27 128                        /usr/lib/jvm/java-8-openjdk-amd64/jre/lib/ext/jaccess.jar
7fe45c008000-7fe45c00a000 r--s 00006000 00:27 139                        /usr/share/java/java-atk-wrapper.jar
7fe45c00a000-7fe45c00f000 r--s 0003b000 00:27 126                        /usr/lib/jvm/java-8-openjdk-amd64/jre/lib/ext/sunjce_provider.jar
7fe45c00f000-7fe45c010000 r--p 00000000 00:27 58                         /usr/lib/locale/C.UTF-8/LC_NUMERIC
7fe45c010000-7fe45c011000 r--p 00000000 00:27 57                         /usr/lib/locale/C.UTF-8/LC_TIME
7fe45c011000-7fe45c012000 r--p 00000000 00:27 55                         /usr/lib/locale/C.UTF-8/LC_MONETARY
7fe45c012000-7fe45c019000 r--s 00000000 00:27 47                         /usr/lib/x86_64-linux-gnu/gconv/gconv-modules.cache
7fe45c019000-7fe45c4ee000 rw-p 00000000 00:00 0 
7fe45c4ee000-7fe45c6bc000 r--s 03c06000 00:27 119                        /usr/lib/jvm/java-8-openjdk-amd64/jre/lib/rt.jar
7fe45c6bc000-7fe45c78d000 rw-p 00000000 00:00 0 
7fe45c78d000-7fe45c78e000 ---p 00000000 00:00 0 
7fe45c78e000-7fe45c88e000 rw-p 00000000 00:00 0                          [stack:11707]
7fe45c88e000-7fe45c88f000 ---p 00000000 00:00 0 
7fe45c88f000-7fe45c98f000 rw-p 00000000 00:00 0                          [stack:11706]
7fe45c98f000-7fe45c990000 ---p 00000000 00:00 0 
7fe45c990000-7fe45ca90000 rw-p 00000000 00:00 0                          [stack:11705]
7fe45ca90000-7fe45ca91000 ---p 00000000 00:00 0 
7fe45ca91000-7fe45cb91000 rw-p 00000000 00:00 0                          [stack:11704]
7fe45cb91000-7fe45cb92000 ---p 00000000 00:00 0 
7fe45cb92000-7fe45cc92000 rw-p 00000000 00:00 0                          [stack:11703]
7fe45cc92000-7fe45cc93000 ---p 00000000 00:00 0 
7fe45cc93000-7fe45cd93000 rw-p 00000000 00:00 0                          [stack:11702]
7fe45cd93000-7fe45cd94000 ---p 00000000 00:00 0 
7fe45cd94000-7fe45ce94000 rw-p 00000000 00:00 0                          [stack:11701]
7fe45ce94000-7fe45ce95000 ---p 00000000 00:00 0 
7fe45ce95000-7fe45cfef000 rw-p 00000000 00:00 0                          [stack:11700]
7fe45cfef000-7fe45da15000 ---p 00000000 00:00 0 
7fe45da15000-7fe45da6f000 rw-p 00000000 00:00 0 
7fe45da6f000-7fe45e494000 ---p 00000000 00:00 0 
7fe45e494000-7fe45e69a000 rw-p 00000000 00:00 0 
7fe45e69a000-7fe45e9d4000 ---p 00000000 00:00 0 
7fe45e9d4000-7fe45ea13000 rw-p 00000000 00:00 0 
7fe45ea13000-7fe45ed95000 ---p 00000000 00:00 0 
7fe45ed95000-7fe45ed9d000 r-xp 00000000 00:27 117                        /usr/lib/jvm/java-8-openjdk-amd64/jre/lib/amd64/libzip.so
7fe45ed9d000-7fe45ef9c000 ---p 00008000 00:27 117                        /usr/lib/jvm/java-8-openjdk-amd64/jre/lib/amd64/libzip.so
7fe45ef9c000-7fe45ef9d000 r--p 00007000 00:27 117                        /usr/lib/jvm/java-8-openjdk-amd64/jre/lib/amd64/libzip.so
7fe45ef9d000-7fe45ef9e000 rw-p 00008000 00:27 117                        /usr/lib/jvm/java-8-openjdk-amd64/jre/lib/amd64/libzip.so
7fe45ef9e000-7fe45efa9000 r-xp 00000000 00:27 82                         /lib/x86_64-linux-gnu/libnss_files-2.19.so
7fe45efa9000-7fe45f1a8000 ---p 0000b000 00:27 82                         /lib/x86_64-linux-gnu/libnss_files-2.19.so
7fe45f1a8000-7fe45f1a9000 r--p 0000a000 00:27 82                         /lib/x86_64-linux-gnu/libnss_files-2.19.so
7fe45f1a9000-7fe45f1aa000 rw-p 0000b000 00:27 82                         /lib/x86_64-linux-gnu/libnss_files-2.19.so
7fe45f1aa000-7fe45f1b4000 r-xp 00000000 00:27 80                         /lib/x86_64-linux-gnu/libnss_nis-2.19.so
7fe45f1b4000-7fe45f3b3000 ---p 0000a000 00:27 80                         /lib/x86_64-linux-gnu/libnss_nis-2.19.so
7fe45f3b3000-7fe45f3b4000 r--p 00009000 00:27 80                         /lib/x86_64-linux-gnu/libnss_nis-2.19.so
7fe45f3b4000-7fe45f3b5000 rw-p 0000a000 00:27 80                         /lib/x86_64-linux-gnu/libnss_nis-2.19.so
7fe45f3b5000-7fe45f3ca000 r-xp 00000000 00:27 78                         /lib/x86_64-linux-gnu/libnsl-2.19.so
7fe45f3ca000-7fe45f5c9000 ---p 00015000 00:27 78                         /lib/x86_64-linux-gnu/libnsl-2.19.so
7fe45f5c9000-7fe45f5ca000 r--p 00014000 00:27 78                         /lib/x86_64-linux-gnu/libnsl-2.19.so
7fe45f5ca000-7fe45f5cb000 rw-p 00015000 00:27 78                         /lib/x86_64-linux-gnu/libnsl-2.19.so
7fe45f5cb000-7fe45f5cd000 rw-p 00000000 00:00 0 
7fe45f5cd000-7fe45f5d4000 r-xp 00000000 00:27 76                         /lib/x86_64-linux-gnu/libnss_compat-2.19.so
7fe45f5d4000-7fe45f7d3000 ---p 00007000 00:27 76                         /lib/x86_64-linux-gnu/libnss_compat-2.19.so
7fe45f7d3000-7fe45f7d4000 r--p 00006000 00:27 76                         /lib/x86_64-linux-gnu/libnss_compat-2.19.so
7fe45f7d4000-7fe45f7d5000 rw-p 00007000 00:27 76                         /lib/x86_64-linux-gnu/libnss_compat-2.19.so
7fe45f7d5000-7fe45f803000 r-xp 00000000 00:27 99                         /usr/lib/jvm/java-8-openjdk-amd64/jre/lib/amd64/libjava.so
7fe45f803000-7fe45fa02000 ---p 0002e000 00:27 99                         /usr/lib/jvm/java-8-openjdk-amd64/jre/lib/amd64/libjava.so
7fe45fa02000-7fe45fa03000 r--p 0002d000 00:27 99                         /usr/lib/jvm/java-8-openjdk-amd64/jre/lib/amd64/libjava.so
7fe45fa03000-7fe45fa05000 rw-p 0002e000 00:27 99                         /usr/lib/jvm/java-8-openjdk-amd64/jre/lib/amd64/libjava.so
7fe45fa05000-7fe45fa14000 r-xp 00000000 00:27 112                        /usr/lib/jvm/java-8-openjdk-amd64/jre/lib/amd64/libverify.so
7fe45fa14000-7fe45fc14000 ---p 0000f000 00:27 112                        /usr/lib/jvm/java-8-openjdk-amd64/jre/lib/amd64/libverify.so
7fe45fc14000-7fe45fc17000 r--p 0000f000 00:27 112                        /usr/lib/jvm/java-8-openjdk-amd64/jre/lib/amd64/libverify.so
7fe45fc17000-7fe45fc18000 rw-p 00012000 00:27 112                        /usr/lib/jvm/java-8-openjdk-amd64/jre/lib/amd64/libverify.so
7fe45fc18000-7fe45fc1f000 r-xp 00000000 00:27 111                        /lib/x86_64-linux-gnu/librt-2.19.so
7fe45fc1f000-7fe45fe1e000 ---p 00007000 00:27 111                        /lib/x86_64-linux-gnu/librt-2.19.so
7fe45fe1e000-7fe45fe1f000 r--p 00006000 00:27 111                        /lib/x86_64-linux-gnu/librt-2.19.so
7fe45fe1f000-7fe45fe20000 rw-p 00007000 00:27 111                        /lib/x86_64-linux-gnu/librt-2.19.so
7fe45fe20000-7fe45fe36000 r-xp 00000000 00:27 109                        /lib/x86_64-linux-gnu/libgcc_s.so.1
7fe45fe36000-7fe460035000 ---p 00016000 00:27 109                        /lib/x86_64-linux-gnu/libgcc_s.so.1
7fe460035000-7fe460036000 rw-p 00015000 00:27 109                        /lib/x86_64-linux-gnu/libgcc_s.so.1
7fe460036000-7fe460136000 r-xp 00000000 00:27 108                        /lib/x86_64-linux-gnu/libm-2.19.so
7fe460136000-7fe460335000 ---p 00100000 00:27 108                        /lib/x86_64-linux-gnu/libm-2.19.so
7fe460335000-7fe460336000 r--p 000ff000 00:27 108                        /lib/x86_64-linux-gnu/libm-2.19.so
7fe460336000-7fe460337000 rw-p 00100000 00:27 108                        /lib/x86_64-linux-gnu/libm-2.19.so
7fe460337000-7fe460423000 r-xp 00000000 00:27 106                        /usr/lib/x86_64-linux-gnu/libstdc++.so.6.0.20
7fe460423000-7fe460623000 ---p 000ec000 00:27 106                        /usr/lib/x86_64-linux-gnu/libstdc++.so.6.0.20
7fe460623000-7fe46062b000 r--p 000ec000 00:27 106                        /usr/lib/x86_64-linux-gnu/libstdc++.so.6.0.20
7fe46062b000-7fe46062d000 rw-p 000f4000 00:27 106                        /usr/lib/x86_64-linux-gnu/libstdc++.so.6.0.20
7fe46062d000-7fe460642000 rw-p 00000000 00:00 0 
7fe460642000-7fe4612da000 r-xp 00000000 00:27 104                        /usr/lib/jvm/java-8-openjdk-amd64/jre/lib/amd64/server/libjvm.so
7fe4612da000-7fe4614da000 ---p 00c98000 00:27 104                        /usr/lib/jvm/java-8-openjdk-amd64/jre/lib/amd64/server/libjvm.so
7fe4614da000-7fe46157d000 r--p 00c98000 00:27 104                        /usr/lib/jvm/java-8-openjdk-amd64/jre/lib/amd64/server/libjvm.so
7fe46157d000-7fe4615a6000 rw-p 00d3b000 00:27 104                        /usr/lib/jvm/java-8-openjdk-amd64/jre/lib/amd64/server/libjvm.so
7fe4615a6000-7fe4615d7000 rw-p 00000000 00:00 0 
7fe4615d7000-7fe461778000 r-xp 00000000 00:27 34                         /lib/x86_64-linux-gnu/libc-2.19.so
7fe461778000-7fe461978000 ---p 001a1000 00:27 34                         /lib/x86_64-linux-gnu/libc-2.19.so
7fe461978000-7fe46197c000 r--p 001a1000 00:27 34                         /lib/x86_64-linux-gnu/libc-2.19.so
7fe46197c000-7fe46197e000 rw-p 001a5000 00:27 34                         /lib/x86_64-linux-gnu/libc-2.19.so
7fe46197e000-7fe461982000 rw-p 00000000 00:00 0 
7fe461982000-7fe461985000 r-xp 00000000 00:27 71                         /lib/x86_64-linux-gnu/libdl-2.19.so
7fe461985000-7fe461b84000 ---p 00003000 00:27 71                         /lib/x86_64-linux-gnu/libdl-2.19.so
7fe461b84000-7fe461b85000 r--p 00002000 00:27 71                         /lib/x86_64-linux-gnu/libdl-2.19.so
7fe461b85000-7fe461b86000 rw-p 00003000 00:27 71                         /lib/x86_64-linux-gnu/libdl-2.19.so
7fe461b86000-7fe461b94000 r-xp 00000000 00:27 98                         /usr/lib/jvm/java-8-openjdk-amd64/jre/lib/amd64/jli/libjli.so
7fe461b94000-7fe461d93000 ---p 0000e000 00:27 98                         /usr/lib/jvm/java-8-openjdk-amd64/jre/lib/amd64/jli/libjli.so
7fe461d93000-7fe461d94000 r--p 0000d000 00:27 98                         /usr/lib/jvm/java-8-openjdk-amd64/jre/lib/amd64/jli/libjli.so
7fe461d94000-7fe461d95000 rw-p 0000e000 00:27 98                         /usr/lib/jvm/java-8-openjdk-amd64/jre/lib/amd64/jli/libjli.so
7fe461d95000-7fe461daf000 r-xp 00000000 00:27 97                         /lib/x86_64-linux-gnu/libz.so.1.2.8
7fe461daf000-7fe461fae000 ---p 0001a000 00:27 97                         /lib/x86_64-linux-gnu/libz.so.1.2.8
7fe461fae000-7fe461faf000 r--p 00019000 00:27 97                         /lib/x86_64-linux-gnu/libz.so.1.2.8
7fe461faf000-7fe461fb0000 rw-p 0001a000 00:27 97                         /lib/x86_64-linux-gnu/libz.so.1.2.8
7fe461fb0000-7fe461fc8000 r-xp 00000000 00:27 95                         /lib/x86_64-linux-gnu/libpthread-2.19.so
7fe461fc8000-7fe4621c7000 ---p 00018000 00:27 95                         /lib/x86_64-linux-gnu/libpthread-2.19.so
7fe4621c7000-7fe4621c8000 r--p 00017000 00:27 95                         /lib/x86_64-linux-gnu/libpthread-2.19.so
7fe4621c8000-7fe4621c9000 rw-p 00018000 00:27 95                         /lib/x86_64-linux-gnu/libpthread-2.19.so
7fe4621c9000-7fe4621cd000 rw-p 00000000 00:00 0 
7fe4621cd000-7fe4621ed000 r-xp 00000000 00:27 31                         /lib/x86_64-linux-gnu/ld-2.19.so
7fe4621ed000-7fe4621ee000 r--p 00000000 00:27 54                         /usr/lib/locale/C.UTF-8/LC_MESSAGES/SYS_LC_MESSAGES
7fe4621ee000-7fe4621ef000 r--p 00000000 00:27 52                         /usr/lib/locale/C.UTF-8/LC_PAPER
7fe4621ef000-7fe4621f0000 r--p 00000000 00:27 51                         /usr/lib/locale/C.UTF-8/LC_NAME
7fe4621f0000-7fe4622d7000 rw-p 00000000 00:00 0 
7fe4622d7000-7fe4622df000 rw-s 00000000 00:27 22079                      /tmp/hsperfdata_root/1570
7fe4622df000-7fe4622e2000 ---p 00000000 00:00 0 
7fe4622e2000-7fe4623e5000 rw-p 00000000 00:00 0                          [stack:11697]
7fe4623e5000-7fe4623e6000 r--p 00000000 00:27 50                         /usr/lib/locale/C.UTF-8/LC_ADDRESS
7fe4623e6000-7fe4623e7000 r--p 00000000 00:27 49                         /usr/lib/locale/C.UTF-8/LC_TELEPHONE
7fe4623e7000-7fe4623e8000 r--p 00000000 00:27 48                         /usr/lib/locale/C.UTF-8/LC_MEASUREMENT
7fe4623e8000-7fe4623e9000 r--p 00000000 00:27 44                         /usr/lib/locale/C.UTF-8/LC_IDENTIFICATION
7fe4623e9000-7fe4623ea000 rw-p 00000000 00:00 0 
7fe4623ea000-7fe4623eb000 ---p 00000000 00:00 0 
7fe4623eb000-7fe4623ed000 rw-p 00000000 00:00 0 
7fe4623ed000-7fe4623ee000 r--p 00020000 00:27 31                         /lib/x86_64-linux-gnu/ld-2.19.so
7fe4623ee000-7fe4623ef000 rw-p 00021000 00:27 31                         /lib/x86_64-linux-gnu/ld-2.19.so
7fe4623ef000-7fe4623f0000 rw-p 00000000 00:00 0 
7ffdb800c000-7ffdb802e000 rw-p 00000000 00:00 0                          [stack]
7ffdb8042000-7ffdb8044000 r-xp 00000000 00:00 0                          [vdso]
7ffdb8044000-7ffdb8046000 r--p 00000000 00:00 0                          [vvar]
ffffffffff600000-ffffffffff601000 r-xp 00000000 00:00 0                  [vsyscall]

VM Arguments:
java_command: org.apache.maven.surefire.booter.ForkedBooter /root/workspace/nutzam/nutz/266222033/target/surefire/surefire174539661473047999tmp /root/workspace/nutzam/nutz/266222033/target/surefire/surefire_05868612353142079655tmp
java_class_path (initial): /root/./workspace/nutzam/nutz/266222033/.m2/org/apache/maven/surefire/surefire-booter/2.18.1/surefire-booter-2.18.1.jar:/root/./workspace/nutzam/nutz/266222033/.m2/org/apache/maven/surefire/surefire-api/2.18.1/surefire-api-2.18.1.jar:/root/workspace/nutzam/nutz/266222033/target/test-classes:/root/workspace/nutzam/nutz/266222033/target/classes:/root/./workspace/nutzam/nutz/266222033/.m2/junit/junit/4.8.2/junit-4.8.2.jar:/root/./workspace/nutzam/nutz/266222033/.m2/log4j/log4j/1.2.17/log4j-1.2.17.jar:/root/./workspace/nutzam/nutz/266222033/.m2/com/h2database/h2/1.4.196/h2-1.4.196.jar:/root/./workspace/nutzam/nutz/266222033/.m2/javax/servlet/javax.servlet-api/3.1.0/javax.servlet-api-3.1.0.jar:/root/./workspace/nutzam/nutz/266222033/.m2/org/postgresql/postgresql/9.4-1206-jdbc41/postgresql-9.4-1206-jdbc41.jar:/root/./workspace/nutzam/nutz/266222033/.m2/mysql/mysql-connector-java/5.1.40/mysql-connector-java-5.1.40.jar:/root/./workspace/nutzam/nutz/266222033/.m2/com/alibaba/druid/1.0.27/druid-1.0.27.jar:/root/./workspace/nutzam/nutz/266222033/.m2/org/xerial/sqlite-jdbc/3.8.11.2/sqlite-jdbc-3.8.11.2.jar:/root/./workspace/nutzam/nutz/266222033/.m2/org/slf4j/slf4j-log4j12/1.7.24/slf4j-log4j12-1.7.24.jar:/root/./workspace/nutzam/nutz/266222033/.m2/org/slf4j/slf4j-api/1.7.24/slf4j-api-1.7.24.jar:/root/./workspace/nutzam/nutz/266222033/.m2/org/eclipse/jetty/jetty-servlets/9.4.3.v20170317/jetty-servlets-9.4.3.v20170317.jar:/root/./workspace/nutzam/nutz/266222033/.m2/org/eclipse/jetty/jetty-continuation/9.4.3.v20170317/jetty-continuation-9.4.3.v20170317.jar:/root/./workspace/nutzam/nutz/266222033/.m2/org/eclipse/jetty/jetty-http/9.4.3.v20170317/jetty-http-9.4.3.v20170317.jar:/root/./workspace/nutzam/nutz/266222033/.m2/org/eclipse/jetty/jetty-util/9.4.3.v20170317/jetty-util-9.4.3.v20170317.jar:/root/./workspace/nutzam/nutz/266222033/.m2/org/eclipse/jetty/jetty-io/9.4.3.v20170317/jetty-io-9.4.3.v20170317.jar:/root/./workspace/nutzam/nutz/266222033/.m2/org
Launcher Type: SUN_STANDARD

Environment Variables:
JAVA_HOME=/usr/lib/jvm/java-8-openjdk-amd64
PATH=/usr/local/sbin:/usr/local/bin:/usr/sbin:/usr/bin:/sbin:/bin

Signal Handlers:
SIGSEGV: [libjvm.so+0xa97af0], sa_mask[0]=11111111011111111101111111111110, sa_flags=SA_RESTART|SA_SIGINFO
SIGBUS: [libjvm.so+0xa97af0], sa_mask[0]=11111111011111111101111111111110, sa_flags=SA_RESTART|SA_SIGINFO
SIGFPE: [libjvm.so+0x8de430], sa_mask[0]=11111111011111111101111111111110, sa_flags=SA_RESTART|SA_SIGINFO
SIGPIPE: [libjvm.so+0x8de430], sa_mask[0]=11111111011111111101111111111110, sa_flags=SA_RESTART|SA_SIGINFO
SIGXFSZ: [libjvm.so+0x8de430], sa_mask[0]=11111111011111111101111111111110, sa_flags=SA_RESTART|SA_SIGINFO
SIGILL: [libjvm.so+0x8de430], sa_mask[0]=11111111011111111101111111111110, sa_flags=SA_RESTART|SA_SIGINFO
SIGUSR1: SIG_DFL, sa_mask[0]=00000000000000000000000000000000, sa_flags=none
SIGUSR2: [libjvm.so+0x8de2e0], sa_mask[0]=00100000000000000000000000000000, sa_flags=SA_RESTART|SA_SIGINFO
SIGHUP: [libjvm.so+0x8de500], sa_mask[0]=11111111011111111101111111111110, sa_flags=SA_RESTART|SA_SIGINFO
SIGINT: [libjvm.so+0x8de500], sa_mask[0]=11111111011111111101111111111110, sa_flags=SA_RESTART|SA_SIGINFO
SIGTERM: [libjvm.so+0x8de500], sa_mask[0]=11111111011111111101111111111110, sa_flags=SA_RESTART|SA_SIGINFO
SIGQUIT: [libjvm.so+0x8de500], sa_mask[0]=11111111011111111101111111111110, sa_flags=SA_RESTART|SA_SIGINFO


---------------  S Y S T E M  ---------------

OS:PRETTY_NAME="Debian GNU/Linux 8 (jessie)"
NAME="Debian GNU/Linux"
VERSION_ID="8"
VERSION="8 (jessie)"
ID=debian
HOME_URL="http://www.debian.org/"
SUPPORT_URL="http://www.debian.org/support"
BUG_REPORT_URL="https://bugs.debian.org/"

uname:Linux 3.16.0-4-amd64 #1 SMP Debian 3.16.36-1+deb8u2 (2016-10-19) x86_64
libc:glibc 2.19 NPTL 2.19 
rlimit: STACK 8192k, CORE infinity, NPROC infinity, NOFILE 1048576, AS infinity
load average:5.51 4.99 5.73

/proc/meminfo:
MemTotal:       33018856 kB
MemFree:          236532 kB
MemAvailable:     283504 kB
Buffers:           19860 kB
Cached:            75288 kB
SwapCached:         5008 kB
Active:         30064632 kB
Inactive:        2293668 kB
Active(anon):   30036772 kB
Inactive(anon):  2273272 kB
Active(file):      27860 kB
Inactive(file):    20396 kB
Unevictable:           0 kB
Mlocked:               0 kB
SwapTotal:        731132 kB
SwapFree:              0 kB
Dirty:              1512 kB
Writeback:             0 kB
AnonPages:      32260076 kB
Mapped:            21532 kB
Shmem:             45656 kB
Slab:             249116 kB
SReclaimable:     191788 kB
SUnreclaim:        57328 kB
KernelStack:       15456 kB
PageTables:        75540 kB
NFS_Unstable:          0 kB
Bounce:                0 kB
WritebackTmp:          0 kB
CommitLimit:    17240560 kB
Committed_AS:   38183400 kB
VmallocTotal:   34359738367 kB
VmallocUsed:      198012 kB
VmallocChunk:   34359427480 kB
HardwareCorrupted:     0 kB
AnonHugePages:         0 kB
HugePages_Total:       0
HugePages_Free:        0
HugePages_Rsvd:        0
HugePages_Surp:        0
Hugepagesize:       2048 kB
DirectMap4k:      145280 kB
DirectMap2M:    33409024 kB


CPU:total 8 (1 cores per cpu, 1 threads per core) family 6 model 45 stepping 7, cmov, cx8, fxsr, mmx, sse, sse2, sse3, ssse3, sse4.1, sse4.2, popcnt, avx, aes, clmul, tsc, tscinvbit, tscinv

/proc/cpuinfo:
processor	: 0
vendor_id	: GenuineIntel
cpu family	: 6
model		: 45
model name	: Intel(R) Xeon(R) CPU E5-2650L 0 @ 1.80GHz
stepping	: 7
microcode	: 0x710
cpu MHz		: 1800.000
cache size	: 20480 KB
physical id	: 0
siblings	: 1
core id		: 0
cpu cores	: 1
apicid		: 0
initial apicid	: 0
fpu		: yes
fpu_exception	: yes
cpuid level	: 13
wp		: yes
flags		: fpu vme de pse tsc msr pae mce cx8 apic sep mtrr pge mca cmov pat pse36 clflush dts mmx fxsr sse sse2 ss syscall nx rdtscp lm constant_tsc arch_perfmon pebs bts nopl xtopology tsc_reliable nonstop_tsc aperfmperf pni pclmulqdq ssse3 cx16 pcid sse4_1 sse4_2 x2apic popcnt tsc_deadline_timer aes xsave avx hypervisor lahf_lm ida arat pln pts dtherm tsc_adjust
bogomips	: 3600.00
clflush size	: 64
cache_alignment	: 64
address sizes	: 42 bits physical, 48 bits virtual
power management:

processor	: 1
vendor_id	: GenuineIntel
cpu family	: 6
model		: 45
model name	: Intel(R) Xeon(R) CPU E5-2650L 0 @ 1.80GHz
stepping	: 7
microcode	: 0x710
cpu MHz		: 1800.000
cache size	: 20480 KB
physical id	: 2
siblings	: 1
core id		: 0
cpu cores	: 1
apicid		: 2
initial apicid	: 2
fpu		: yes
fpu_exception	: yes
cpuid level	: 13
wp		: yes
flags		: fpu vme de pse tsc msr pae mce cx8 apic sep mtrr pge mca cmov pat pse36 clflush dts mmx fxsr sse sse2 ss syscall nx rdtscp lm constant_tsc arch_perfmon pebs bts nopl xtopology tsc_reliable nonstop_tsc aperfmperf pni pclmulqdq ssse3 cx16 pcid sse4_1 sse4_2 x2apic popcnt tsc_deadline_timer aes xsave avx hypervisor lahf_lm ida arat pln pts dtherm tsc_adjust
bogomips	: 3600.00
clflush size	: 64
cache_alignment	: 64
address sizes	: 42 bits physical, 48 bits virtual
power management:

processor	: 2
vendor_id	: GenuineIntel
cpu family	: 6
model		: 45
model name	: Intel(R) Xeon(R) CPU E5-2650L 0 @ 1.80GHz
stepping	: 7
microcode	: 0x710
cpu MHz		: 1800.000
cache size	: 20480 KB
physical id	: 4
siblings	: 1
core id		: 0
cpu cores	: 1
apicid		: 4
initial apicid	: 4
fpu		: yes
fpu_exception	: yes
cpuid level	: 13
wp		: yes
flags		: fpu vme de pse tsc msr pae mce cx8 apic sep mtrr pge mca cmov pat pse36 clflush dts mmx fxsr sse sse2 ss syscall nx rdtscp lm constant_tsc arch_perfmon pebs bts nopl xtopology tsc_reliable nonstop_tsc aperfmperf pni pclmulqdq ssse3 cx16 pcid sse4_1 sse4_2 x2apic popcnt tsc_deadline_timer aes xsave avx hypervisor lahf_lm ida arat pln pts dtherm tsc_adjust
bogomips	: 3600.00
clflush size	: 64
cache_alignment	: 64
address sizes	: 42 bits physical, 48 bits virtual
power management:

processor	: 3
vendor_id	: GenuineIntel
cpu family	: 6
model		: 45
model name	: Intel(R) Xeon(R) CPU E5-2650L 0 @ 1.80GHz
stepping	: 7
microcode	: 0x710
cpu MHz		: 1800.000
cache size	: 20480 KB
physical id	: 6
siblings	: 1
core id		: 0
cpu cores	: 1
apicid		: 6
initial apicid	: 6
fpu		: yes
fpu_exception	: yes
cpuid level	: 13
wp		: yes
flags		: fpu vme de pse tsc msr pae mce cx8 apic sep mtrr pge mca cmov pat pse36 clflush dts mmx fxsr sse sse2 ss syscall nx rdtscp lm constant_tsc arch_perfmon pebs bts nopl xtopology tsc_reliable nonstop_tsc aperfmperf pni pclmulqdq ssse3 cx16 pcid sse4_1 sse4_2 x2apic popcnt tsc_deadline_timer aes xsave avx hypervisor lahf_lm ida arat pln pts dtherm tsc_adjust
bogomips	: 3600.00
clflush size	: 64
cache_alignment	: 64
address sizes	: 42 bits physical, 48 bits virtual
power management:

processor	: 4
vendor_id	: GenuineIntel
cpu family	: 6
model		: 45
model name	: Intel(R) Xeon(R) CPU E5-2650L 0 @ 1.80GHz
stepping	: 7
microcode	: 0x710
cpu MHz		: 1800.000
cache size	: 20480 KB
physical id	: 8
siblings	: 1
core id		: 0
cpu cores	: 1
apicid		: 8
initial apicid	: 8
fpu		: yes
fpu_exception	: yes
cpuid level	: 13
wp		: yes
flags		: fpu vme de pse tsc msr pae mce cx8 apic sep mtrr pge mca cmov pat pse36 clflush dts mmx fxsr sse sse2 ss syscall nx rdtscp lm constant_tsc arch_perfmon pebs bts nopl xtopology tsc_reliable nonstop_tsc aperfmperf pni pclmulqdq ssse3 cx16 pcid sse4_1 sse4_2 x2apic popcnt tsc_deadline_timer aes xsave avx hypervisor lahf_lm ida arat pln pts dtherm tsc_adjust
bogomips	: 3600.00
clflush size	: 64
cache_alignment	: 64
address sizes	: 42 bits physical, 48 bits virtual
power management:

processor	: 5
vendor_id	: GenuineIntel
cpu family	: 6
model		: 45
model name	: Intel(R) Xeon(R) CPU E5-2650L 0 @ 1.80GHz
stepping	: 7
microcode	: 0x710
cpu MHz		: 1800.000
cache size	: 20480 KB
physical id	: 10
siblings	: 1
core id		: 0
cpu cores	: 1
apicid		: 10
initial apicid	: 10
fpu		: yes
fpu_exception	: yes
cpuid level	: 13
wp		: yes
flags		: fpu vme de pse tsc msr pae mce cx8 apic sep mtrr pge mca cmov pat pse36 clflush dts mmx fxsr sse sse2 ss syscall nx rdtscp lm constant_tsc arch_perfmon pebs bts nopl xtopology tsc_reliable nonstop_tsc aperfmperf pni pclmulqdq ssse3 cx16 pcid sse4_1 sse4_2 x2apic popcnt tsc_deadline_timer aes xsave avx hypervisor lahf_lm ida arat pln pts dtherm tsc_adjust
bogomips	: 3600.00
clflush size	: 64
cache_alignment	: 64
address sizes	: 42 bits physical, 48 bits virtual
power management:

processor	: 6
vendor_id	: GenuineIntel
cpu family	: 6
model		: 45
model name	: Intel(R) Xeon(R) CPU E5-2650L 0 @ 1.80GHz
stepping	: 7
microcode	: 0x710
cpu MHz		: 1800.000
cache size	: 20480 KB
physical id	: 12
siblings	: 1
core id		: 0
cpu cores	: 1
apicid		: 12
initial apicid	: 12
fpu		: yes
fpu_exception	: yes
cpuid level	: 13
wp		: yes
flags		: fpu vme de pse tsc msr pae mce cx8 apic sep mtrr pge mca cmov pat pse36 clflush dts mmx fxsr sse sse2 ss syscall nx rdtscp lm constant_tsc arch_perfmon pebs bts nopl xtopology tsc_reliable nonstop_tsc aperfmperf pni pclmulqdq ssse3 cx16 pcid sse4_1 sse4_2 x2apic popcnt tsc_deadline_timer aes xsave avx hypervisor lahf_lm ida arat pln pts dtherm tsc_adjust
bogomips	: 3600.00
clflush size	: 64
cache_alignment	: 64
address sizes	: 42 bits physical, 48 bits virtual
power management:

processor	: 7
vendor_id	: GenuineIntel
cpu family	: 6
model		: 45
model name	: Intel(R) Xeon(R) CPU E5-2650L 0 @ 1.80GHz
stepping	: 7
microcode	: 0x710
cpu MHz		: 1800.000
cache size	: 20480 KB
physical id	: 14
siblings	: 1
core id		: 0
cpu cores	: 1
apicid		: 14
initial apicid	: 14
fpu		: yes
fpu_exception	: yes
cpuid level	: 13
wp		: yes
flags		: fpu vme de pse tsc msr pae mce cx8 apic sep mtrr pge mca cmov pat pse36 clflush dts mmx fxsr sse sse2 ss syscall nx rdtscp lm constant_tsc arch_perfmon pebs bts nopl xtopology tsc_reliable nonstop_tsc aperfmperf pni pclmulqdq ssse3 cx16 pcid sse4_1 sse4_2 x2apic popcnt tsc_deadline_timer aes xsave avx hypervisor lahf_lm ida arat pln pts dtherm tsc_adjust
bogomips	: 3600.00
clflush size	: 64
cache_alignment	: 64
address sizes	: 42 bits physical, 48 bits virtual
power management:



Memory: 4k page, physical 33018856k(236532k free), swap 731132k(0k free)

vm_info: OpenJDK 64-Bit Server VM (25.121-b13) for linux-amd64 JRE (1.8.0_121-8u121-b13-1~bpo8+1-b13), built on Jan 24 2017 09:37:46 by "pbuilder" with gcc 4.9.2

time: Sat Aug 19 13:23:25 2017
elapsed time: 19 seconds (0d 0h 0m 19s)

