#
# There is insufficient memory for the Java Runtime Environment to continue.
# Native memory allocation (mmap) failed to map 432537600 bytes for committing reserved memory.
# Possible reasons:
#   The system is out of physical RAM or swap space
#   In 32 bit mode, the process size limit was hit
# Possible solutions:
#   Reduce memory load on the system
#   Increase physical memory or swap space
#   Check if swap backing store is full
#   Use 64 bit Java on a 64 bit OS
#   Decrease Java heap size (-Xmx/-Xms)
#   Decrease number of Java threads
#   Decrease Java thread stack sizes (-Xss)
#   Set larger code cache with -XX:ReservedCodeCacheSize=
# This output file may be truncated or incomplete.
#
#  Out of Memory Error (os_linux.cpp:2630), pid=259, tid=0x00007feddcae0700
#
# JRE version: OpenJDK Runtime Environment (8.0_121-b13) (build 1.8.0_121-8u121-b13-1~bpo8+1-b13)
# Java VM: OpenJDK 64-Bit Server VM (25.121-b13 mixed mode linux-amd64 compressed oops)
# Core dump written. Default location: /root/workspace/INRIA/spoon/289108846/core or core.259
#

---------------  T H R E A D  ---------------

Current thread (0x00007fee001c8800):  VMThread [stack: 0x00007feddc9e0000,0x00007feddcae1000] [id=273]

Stack: [0x00007feddc9e0000,0x00007feddcae1000],  sp=0x00007feddcadf4c0,  free space=1021k
Native frames: (J=compiled Java code, j=interpreted, Vv=VM code, C=native code)
V  [libjvm.so+0xa9700d]
V  [libjvm.so+0x4ea26c]
V  [libjvm.so+0x8e2b90]
V  [libjvm.so+0x8dd27e]
V  [libjvm.so+0x95a25b]
V  [libjvm.so+0x95b5c3]
V  [libjvm.so+0x9580be]
V  [libjvm.so+0x9583ac]
V  [libjvm.so+0x908d43]
V  [libjvm.so+0xa98c42]
V  [libjvm.so+0xa9d7e7]
V  [libjvm.so+0xa9bb07]
V  [libjvm.so+0xa9c337]
V  [libjvm.so+0xa9c881]
V  [libjvm.so+0x8e0062]

VM_Operation (0x00007fee08b2cac0): ParallelGCFailedAllocation, mode: safepoint, requested by thread 0x00007fee0000b800


---------------  P R O C E S S  ---------------

Java Threads: ( => current thread )
  0x00007fee00497800 JavaThread "surefire-forkedjvm-command-thread" daemon [_thread_in_native, id=284, stack(0x00007fedac7f7000,0x00007fedac8f8000)]
  0x00007fee00497000 JavaThread "last-ditch-daemon-shutdown-thread-30sec" daemon [_thread_blocked, id=283, stack(0x00007fedac8f8000,0x00007fedac9f9000)]
  0x00007fee0044a000 JavaThread "Service Thread" daemon [_thread_blocked, id=281, stack(0x00007fedacafa000,0x00007fedacbfb000)]
  0x00007fee00487000 JavaThread "C1 CompilerThread3" daemon [_thread_blocked, id=280, stack(0x00007fedacbfb000,0x00007fedaccfc000)]
  0x00007fee00485800 JavaThread "C2 CompilerThread2" daemon [_thread_blocked, id=279, stack(0x00007fedaccfc000,0x00007fedacdfd000)]
  0x00007fee003b8000 JavaThread "C2 CompilerThread1" daemon [_thread_blocked, id=278, stack(0x00007fedacdfd000,0x00007fedacefe000)]
  0x00007fee00431800 JavaThread "C2 CompilerThread0" daemon [_thread_blocked, id=277, stack(0x00007fedacefe000,0x00007fedacfff000)]
  0x00007fee001fd800 JavaThread "Signal Dispatcher" daemon [_thread_blocked, id=276, stack(0x00007feddc56e000,0x00007feddc66f000)]
  0x00007fee001d4800 JavaThread "Finalizer" daemon [_thread_blocked, id=275, stack(0x00007feddc7de000,0x00007feddc8df000)]
  0x00007fee001d0000 JavaThread "Reference Handler" daemon [_thread_blocked, id=274, stack(0x00007feddc8df000,0x00007feddc9e0000)]
  0x00007fee0000b800 JavaThread "main" [_thread_blocked, id=261, stack(0x00007fee08a30000,0x00007fee08b31000)]

Other Threads:
=>0x00007fee001c8800 VMThread [stack: 0x00007feddc9e0000,0x00007feddcae1000] [id=273]
  0x00007fee004b7800 WatcherThread [stack: 0x00007fedac9f9000,0x00007fedacafa000] [id=282]

VM state:at safepoint (normal execution)

VM Mutex/Monitor currently owned by a thread:  ([mutex/lock_event])
[0x00007fee00008090] Threads_lock - owner thread: 0x00007fee001c8800
[0x00007fee00008590] Heap_lock - owner thread: 0x00007fee0000b800

Heap:
 PSYoungGen      total 1800192K, used 32K [0x0000000718100000, 0x000000078d280000, 0x00000007c0000000)
  eden space 1681920K, 0% used [0x0000000718100000,0x0000000718100000,0x000000077eb80000)
  from space 118272K, 0% used [0x000000077eb80000,0x000000077eb88000,0x0000000785f00000)
  to   space 70144K, 0% used [0x0000000788e00000,0x0000000788e00000,0x000000078d280000)
 ParOldGen       total 310272K, used 25602K [0x00000005c8200000, 0x00000005db100000, 0x0000000718100000)
  object space 310272K, 8% used [0x00000005c8200000,0x00000005c9b00918,0x00000005db100000)
 Metaspace       used 25578K, capacity 25844K, committed 26112K, reserved 1073152K
  class space    used 2130K, capacity 2224K, committed 2304K, reserved 1048576K

Card table byte_map: [0x00007fedf0040000,0x00007fedf1000000] byte_map_base: 0x00007feded1ff000

Marking Bits: (ParMarkBitMap*) 0x00007fee07d0b340
 Begin Bits: [0x00007fede004c000, 0x00007fede7e44000)
 End Bits:   [0x00007fede7e44000, 0x00007fedefc3c000)

Polling page: 0x00007fee08b3b000

CodeCache: size=245760Kb used=28299Kb max_used=28807Kb free=217460Kb
 bounds [0x00007fedf1000000, 0x00007fedf2c40000, 0x00007fee00000000]
 total_blobs=6201 nmethods=5804 adapters=307
 compilation: enabled

Compilation events (10 events):
Event: 34.760 Thread 0x00007fee00431800 7795       4       spoon.support.reflect.code.CtConditionalImpl::$jacocoInit (52 bytes)
Event: 34.760 Thread 0x00007fee00431800 nmethod 7795 0x00007fedf1da4d90 code [0x00007fedf1da4ee0, 0x00007fedf1da4f38]
Event: 34.763 Thread 0x00007fee00431800 7796       4       spoon.support.reflect.code.CtUnaryOperatorImpl::getOperand (13 bytes)
Event: 34.764 Thread 0x00007fee00431800 nmethod 7796 0x00007fedf2113dd0 code [0x00007fedf2113f20, 0x00007fedf2113f98]
Event: 34.811 Thread 0x00007fee00431800 7797       4       spoon.reflect.visitor.CtScanner::visitCtVariableWrite (91 bytes)
Event: 34.868 Thread 0x00007fee00431800 nmethod 7797 0x00007fedf1eb2bd0 code [0x00007fedf1eb3000, 0x00007fedf1eb4ec0]
Event: 35.212 Thread 0x00007fee003b8000 7798       4       spoon.reflect.visitor.CtScanner::visitCtInterface (107 bytes)
Event: 35.225 Thread 0x00007fee003b8000 nmethod 7798 0x00007fedf20d7e50 code [0x00007fedf20d8080, 0x00007fedf20d8900]
Event: 35.635 Thread 0x00007fee00487000 7799       3       spoon.reflect.ast.CloneTest$1::$jacocoInit (52 bytes)
Event: 35.635 Thread 0x00007fee00487000 nmethod 7799 0x00007fedf227ec50 code [0x00007fedf227edc0, 0x00007fedf227ef10]

GC Heap History (10 events):
Event: 31.065 GC heap after
Heap after GC invocations=12 (full 2):
 PSYoungGen      total 1074688K, used 64K [0x0000000718100000, 0x0000000761980000, 0x00000007c0000000)
  eden space 951808K, 0% used [0x0000000718100000,0x0000000718100000,0x0000000752280000)
  from space 122880K, 0% used [0x0000000759c00000,0x0000000759c10000,0x0000000761400000)
  to   space 124416K, 0% used [0x0000000752280000,0x0000000752280000,0x0000000759c00000)
 ParOldGen       total 310272K, used 25538K [0x00000005c8200000, 0x00000005db100000, 0x0000000718100000)
  object space 310272K, 8% used [0x00000005c8200000,0x00000005c9af0918,0x00000005db100000)
 Metaspace       used 25565K, capacity 25834K, committed 26112K, reserved 1073152K
  class space    used 2130K, capacity 2223K, committed 2304K, reserved 1048576K
}
Event: 31.750 GC heap before
{Heap before GC invocations=13 (full 2):
 PSYoungGen      total 1074688K, used 951872K [0x0000000718100000, 0x0000000761980000, 0x00000007c0000000)
  eden space 951808K, 100% used [0x0000000718100000,0x0000000752280000,0x0000000752280000)
  from space 122880K, 0% used [0x0000000759c00000,0x0000000759c10000,0x0000000761400000)
  to   space 124416K, 0% used [0x0000000752280000,0x0000000752280000,0x0000000759c00000)
 ParOldGen       total 310272K, used 25538K [0x00000005c8200000, 0x00000005db100000, 0x0000000718100000)
  object space 310272K, 8% used [0x00000005c8200000,0x00000005c9af0918,0x00000005db100000)
 Metaspace       used 25565K, capacity 25834K, committed 26112K, reserved 1073152K
  class space    used 2130K, capacity 2223K, committed 2304K, reserved 1048576K
Event: 31.757 GC heap after
Heap after GC invocations=13 (full 2):
 PSYoungGen      total 1076224K, used 32K [0x0000000718100000, 0x0000000778680000, 0x00000007c0000000)
  eden space 951808K, 0% used [0x0000000718100000,0x0000000718100000,0x0000000752280000)
  from space 124416K, 0% used [0x0000000752280000,0x0000000752288000,0x0000000759c00000)
  to   space 124416K, 0% used [0x0000000770d00000,0x0000000770d00000,0x0000000778680000)
 ParOldGen       total 310272K, used 25562K [0x00000005c8200000, 0x00000005db100000, 0x0000000718100000)
  object space 310272K, 8% used [0x00000005c8200000,0x00000005c9af6918,0x00000005db100000)
 Metaspace       used 25565K, capacity 25834K, committed 26112K, reserved 1073152K
  class space    used 2130K, capacity 2223K, committed 2304K, reserved 1048576K
}
Event: 32.343 GC heap before
{Heap before GC invocations=14 (full 2):
 PSYoungGen      total 1076224K, used 951840K [0x0000000718100000, 0x0000000778680000, 0x00000007c0000000)
  eden space 951808K, 100% used [0x0000000718100000,0x0000000752280000,0x0000000752280000)
  from space 124416K, 0% used [0x0000000752280000,0x0000000752288000,0x0000000759c00000)
  to   space 124416K, 0% used [0x0000000770d00000,0x0000000770d00000,0x0000000778680000)
 ParOldGen       total 310272K, used 25562K [0x00000005c8200000, 0x00000005db100000, 0x0000000718100000)
  object space 310272K, 8% used [0x00000005c8200000,0x00000005c9af6918,0x00000005db100000)
 Metaspace       used 25575K, capacity 25840K, committed 26112K, reserved 1073152K
  class space    used 2130K, capacity 2224K, committed 2304K, reserved 1048576K
Event: 32.346 GC heap after
Heap after GC invocations=14 (full 2):
 PSYoungGen      total 1392640K, used 32K [0x0000000718100000, 0x0000000776780000, 0x00000007c0000000)
  eden space 1299968K, 0% used [0x0000000718100000,0x0000000718100000,0x0000000767680000)
  from space 92672K, 0% used [0x0000000770d00000,0x0000000770d08000,0x0000000776780000)
  to   space 123392K, 0% used [0x0000000767680000,0x0000000767680000,0x000000076ef00000)
 ParOldGen       total 310272K, used 25570K [0x00000005c8200000, 0x00000005db100000, 0x0000000718100000)
  object space 310272K, 8% used [0x00000005c8200000,0x00000005c9af8918,0x00000005db100000)
 Metaspace       used 25575K, capacity 25840K, committed 26112K, reserved 1073152K
  class space    used 2130K, capacity 2224K, committed 2304K, reserved 1048576K
}
Event: 33.393 GC heap before
{Heap before GC invocations=15 (full 2):
 PSYoungGen      total 1392640K, used 1300000K [0x0000000718100000, 0x0000000776780000, 0x00000007c0000000)
  eden space 1299968K, 100% used [0x0000000718100000,0x0000000767680000,0x0000000767680000)
  from space 92672K, 0% used [0x0000000770d00000,0x0000000770d08000,0x0000000776780000)
  to   space 123392K, 0% used [0x0000000767680000,0x0000000767680000,0x000000076ef00000)
 ParOldGen       total 310272K, used 25570K [0x00000005c8200000, 0x00000005db100000, 0x0000000718100000)
  object space 310272K, 8% used [0x00000005c8200000,0x00000005c9af8918,0x00000005db100000)
 Metaspace       used 25576K, capacity 25840K, committed 26112K, reserved 1073152K
  class space    used 2130K, capacity 2224K, committed 2304K, reserved 1048576K
Event: 33.396 GC heap after
Heap after GC invocations=15 (full 2):
 PSYoungGen      total 1423360K, used 64K [0x0000000718100000, 0x0000000790480000, 0x00000007c0000000)
  eden space 1299968K, 0% used [0x0000000718100000,0x0000000718100000,0x0000000767680000)
  from space 123392K, 0% used [0x0000000767680000,0x0000000767690000,0x000000076ef00000)
  to   space 121344K, 0% used [0x0000000788e00000,0x0000000788e00000,0x0000000790480000)
 ParOldGen       total 310272K, used 25586K [0x00000005c8200000, 0x00000005db100000, 0x0000000718100000)
  object space 310272K, 8% used [0x00000005c8200000,0x00000005c9afc918,0x00000005db100000)
 Metaspace       used 25576K, capacity 25840K, committed 26112K, reserved 1073152K
  class space    used 2130K, capacity 2224K, committed 2304K, reserved 1048576K
}
Event: 34.187 GC heap before
{Heap before GC invocations=16 (full 2):
 PSYoungGen      total 1423360K, used 1300032K [0x0000000718100000, 0x0000000790480000, 0x00000007c0000000)
  eden space 1299968K, 100% used [0x0000000718100000,0x0000000767680000,0x0000000767680000)
  from space 123392K, 0% used [0x0000000767680000,0x0000000767690000,0x000000076ef00000)
  to   space 121344K, 0% used [0x0000000788e00000,0x0000000788e00000,0x0000000790480000)
 ParOldGen       total 310272K, used 25586K [0x00000005c8200000, 0x00000005db100000, 0x0000000718100000)
  object space 310272K, 8% used [0x00000005c8200000,0x00000005c9afc918,0x00000005db100000)
 Metaspace       used 25576K, capacity 25840K, committed 26112K, reserved 1073152K
  class space    used 2130K, capacity 2224K, committed 2304K, reserved 1048576K
Event: 34.189 GC heap after
Heap after GC invocations=16 (full 2):
 PSYoungGen      total 1752064K, used 32K [0x0000000718100000, 0x000000078d280000, 0x00000007c0000000)
  eden space 1681920K, 0% used [0x0000000718100000,0x0000000718100000,0x000000077eb80000)
  from space 70144K, 0% used [0x0000000788e00000,0x0000000788e08000,0x000000078d280000)
  to   space 118272K, 0% used [0x000000077eb80000,0x000000077eb80000,0x0000000785f00000)
 ParOldGen       total 310272K, used 25594K [0x00000005c8200000, 0x00000005db100000, 0x0000000718100000)
  object space 310272K, 8% used [0x00000005c8200000,0x00000005c9afe918,0x00000005db100000)
 Metaspace       used 25576K, capacity 25840K, committed 26112K, reserved 1073152K
  class space    used 2130K, capacity 2224K, committed 2304K, reserved 1048576K
}
Event: 36.123 GC heap before
{Heap before GC invocations=17 (full 2):
 PSYoungGen      total 1752064K, used 1681952K [0x0000000718100000, 0x000000078d280000, 0x00000007c0000000)
  eden space 1681920K, 100% used [0x0000000718100000,0x000000077eb80000,0x000000077eb80000)
  from space 70144K, 0% used [0x0000000788e00000,0x0000000788e08000,0x000000078d280000)
  to   space 118272K, 0% used [0x000000077eb80000,0x000000077eb80000,0x0000000785f00000)
 ParOldGen       total 310272K, used 25594K [0x00000005c8200000, 0x00000005db100000, 0x0000000718100000)
  object space 310272K, 8% used [0x00000005c8200000,0x00000005c9afe918,0x00000005db100000)
 Metaspace       used 25578K, capacity 25844K, committed 26112K, reserved 1073152K
  class space    used 2130K, capacity 2224K, committed 2304K, reserved 1048576K

Deoptimization events (10 events):
Event: 30.621 Thread 0x00007fee0000b800 Uncommon trap: reason=class_check action=maybe_recompile pc=0x00007fedf1eb06c4 method=java.util.RegularEnumSet.add(Ljava/lang/Object;)Z @ 2
Event: 30.621 Thread 0x00007fee0000b800 Uncommon trap: reason=class_check action=maybe_recompile pc=0x00007fedf1eb06c4 method=java.util.RegularEnumSet.add(Ljava/lang/Object;)Z @ 2
Event: 30.621 Thread 0x00007fee0000b800 Uncommon trap: reason=class_check action=maybe_recompile pc=0x00007fedf1eb06c4 method=java.util.RegularEnumSet.add(Ljava/lang/Object;)Z @ 2
Event: 30.621 Thread 0x00007fee0000b800 Uncommon trap: reason=class_check action=maybe_recompile pc=0x00007fedf1eb06c4 method=java.util.RegularEnumSet.add(Ljava/lang/Object;)Z @ 2
Event: 30.629 Thread 0x00007fee0000b800 Uncommon trap: reason=speculate_class_check action=maybe_recompile pc=0x00007fedf1b7b758 method=java.util.RegularEnumSet.contains(Ljava/lang/Object;)Z @ 38
Event: 30.632 Thread 0x00007fee0000b800 Uncommon trap: reason=speculate_class_check action=maybe_recompile pc=0x00007fedf1b7b758 method=java.util.RegularEnumSet.contains(Ljava/lang/Object;)Z @ 38
Event: 30.706 Thread 0x00007fee0000b800 Uncommon trap: reason=speculate_class_check action=maybe_recompile pc=0x00007fedf1b7b758 method=java.util.RegularEnumSet.contains(Ljava/lang/Object;)Z @ 38
Event: 30.707 Thread 0x00007fee0000b800 Uncommon trap: reason=speculate_class_check action=maybe_recompile pc=0x00007fedf1b7b758 method=java.util.RegularEnumSet.contains(Ljava/lang/Object;)Z @ 38
Event: 34.714 Thread 0x00007fee0000b800 Uncommon trap: reason=bimorphic action=maybe_recompile pc=0x00007fedf1d7648c method=spoon.reflect.visitor.CtScanner.visitCtConstructor(Lspoon/reflect/declaration/CtConstructor;)V @ 22
Event: 34.714 Thread 0x00007fee0000b800 Uncommon trap: reason=bimorphic action=maybe_recompile pc=0x00007fedf1d7648c method=spoon.reflect.visitor.CtScanner.visitCtConstructor(Lspoon/reflect/declaration/CtConstructor;)V @ 22

Internal exceptions (10 events):
Event: 29.955 Thread 0x00007fee0000b800 Exception <a 'java/lang/ClassCastException'> (0x0000000734c14f90) thrown at [/tmp/buildd/openjdk-8-8u121-b13/src/hotspot/src/share/vm/runtime/sharedRuntime.cpp, line 605]
Event: 29.956 Thread 0x00007fee0000b800 Exception <a 'java/lang/ClassCastException'> (0x0000000734c15510) thrown at [/tmp/buildd/openjdk-8-8u121-b13/src/hotspot/src/share/vm/runtime/sharedRuntime.cpp, line 605]
Event: 29.963 Thread 0x00007fee0000b800 Exception <a 'java/lang/ClassCastException'> (0x0000000734d95ee8) thrown at [/tmp/buildd/openjdk-8-8u121-b13/src/hotspot/src/share/vm/runtime/sharedRuntime.cpp, line 605]
Event: 29.963 Thread 0x00007fee0000b800 Exception <a 'java/lang/ClassCastException'> (0x0000000734d96468) thrown at [/tmp/buildd/openjdk-8-8u121-b13/src/hotspot/src/share/vm/runtime/sharedRuntime.cpp, line 605]
Event: 29.963 Thread 0x00007fee0000b800 Exception <a 'java/lang/ClassCastException'> (0x0000000734d969e8) thrown at [/tmp/buildd/openjdk-8-8u121-b13/src/hotspot/src/share/vm/runtime/sharedRuntime.cpp, line 605]
Event: 29.963 Thread 0x00007fee0000b800 Exception <a 'java/lang/ClassCastException'> (0x0000000734d96f68) thrown at [/tmp/buildd/openjdk-8-8u121-b13/src/hotspot/src/share/vm/runtime/sharedRuntime.cpp, line 605]
Event: 29.963 Thread 0x00007fee0000b800 Exception <a 'java/lang/ClassCastException'> (0x0000000734d974e8) thrown at [/tmp/buildd/openjdk-8-8u121-b13/src/hotspot/src/share/vm/runtime/sharedRuntime.cpp, line 605]
Event: 29.963 Thread 0x00007fee0000b800 Exception <a 'java/lang/ClassCastException'> (0x0000000734d97a68) thrown at [/tmp/buildd/openjdk-8-8u121-b13/src/hotspot/src/share/vm/runtime/sharedRuntime.cpp, line 605]
Event: 30.618 Thread 0x00007fee0000b800 Implicit null exception at 0x00007fedf12a5f70 to 0x00007fedf12a6761
Event: 30.619 Thread 0x00007fee0000b800 Exception <a 'java/lang/NullPointerException'> (0x0000000719762830) thrown at [/tmp/buildd/openjdk-8-8u121-b13/src/hotspot/src/share/vm/runtime/sharedRuntime.cpp, line 605]

Events (10 events):
Event: 33.396 Executing VM operation: ParallelGCFailedAllocation done
Event: 34.186 Executing VM operation: ParallelGCFailedAllocation
Event: 34.189 Executing VM operation: ParallelGCFailedAllocation done
Event: 34.714 Thread 0x00007fee0000b800 Uncommon trap: trap_request=0xffffffc6 fr.pc=0x00007fedf1d7648c
Event: 34.714 Thread 0x00007fee0000b800 DEOPT PACKING pc=0x00007fedf1d7648c sp=0x00007fee08b2e1a0
Event: 34.714 Thread 0x00007fee0000b800 DEOPT UNPACKING pc=0x00007fedf1004f69 sp=0x00007fee08b2e1b8 mode 2
Event: 34.714 Thread 0x00007fee0000b800 Uncommon trap: trap_request=0xffffffc6 fr.pc=0x00007fedf1d7648c
Event: 34.714 Thread 0x00007fee0000b800 DEOPT PACKING pc=0x00007fedf1d7648c sp=0x00007fee08b2e1b0
Event: 34.714 Thread 0x00007fee0000b800 DEOPT UNPACKING pc=0x00007fedf1004f69 sp=0x00007fee08b2e1c8 mode 2
Event: 36.123 Executing VM operation: ParallelGCFailedAllocation


Dynamic libraries:
00400000-00401000 r-xp 00000000 00:26 90                                 /usr/lib/jvm/java-8-openjdk-amd64/jre/bin/java
00600000-00601000 r--p 00000000 00:26 90                                 /usr/lib/jvm/java-8-openjdk-amd64/jre/bin/java
00601000-00602000 rw-p 00001000 00:26 90                                 /usr/lib/jvm/java-8-openjdk-amd64/jre/bin/java
018c4000-018e5000 rw-p 00000000 00:00 0                                  [heap]
5c8200000-5db100000 rw-p 00000000 00:00 0 
5db100000-718100000 ---p 00000000 00:00 0 
718100000-78d280000 rw-p 00000000 00:00 0 
7a6f00000-7c0000000 ---p 00000000 00:00 0 
7c0000000-7c0240000 rw-p 00000000 00:00 0 
7c0240000-800000000 ---p 00000000 00:00 0 
7fed84000000-7fed84021000 rw-p 00000000 00:00 0 
7fed84021000-7fed88000000 ---p 00000000 00:00 0 
7fed8b578000-7fed8b6b8000 rw-p 00000000 00:00 0 
7fed8b6b8000-7fed8b778000 ---p 00000000 00:00 0 
7fed8b778000-7fed8b978000 rw-p 00000000 00:00 0 
7fed8b978000-7fed8bb78000 rw-p 00000000 00:00 0 
7fed8bb78000-7fed8bd78000 rw-p 00000000 00:00 0 
7fed8be00000-7fed8c000000 rw-p 00000000 00:00 0 
7fed8c000000-7fed8c021000 rw-p 00000000 00:00 0 
7fed8c021000-7fed90000000 ---p 00000000 00:00 0 
7fed90000000-7fed90021000 rw-p 00000000 00:00 0 
7fed90021000-7fed94000000 ---p 00000000 00:00 0 
7fed94000000-7fed95233000 rw-p 00000000 00:00 0 
7fed95233000-7fed98000000 ---p 00000000 00:00 0 
7fed98000000-7fed98021000 rw-p 00000000 00:00 0 
7fed98021000-7fed9c000000 ---p 00000000 00:00 0 
7fed9c000000-7fed9d82d000 rw-p 00000000 00:00 0 
7fed9d82d000-7feda0000000 ---p 00000000 00:00 0 
7feda0000000-7feda1727000 rw-p 00000000 00:00 0 
7feda1727000-7feda4000000 ---p 00000000 00:00 0 
7feda4000000-7feda5c77000 rw-p 00000000 00:00 0 
7feda5c77000-7feda8000000 ---p 00000000 00:00 0 
7feda8000000-7feda8021000 rw-p 00000000 00:00 0 
7feda8021000-7fedac000000 ---p 00000000 00:00 0 
7fedac1f7000-7fedac3f7000 rw-p 00000000 00:00 0 
7fedac3f7000-7fedac5f7000 rw-p 00000000 00:00 0 
7fedac5f7000-7fedac7f7000 rw-p 00000000 00:00 0 
7fedac7f7000-7fedac7fa000 ---p 00000000 00:00 0 
7fedac7fa000-7fedac8f8000 rw-p 00000000 00:00 0                          [stack:6287]
7fedac8f8000-7fedac8fb000 ---p 00000000 00:00 0 
7fedac8fb000-7fedac9f9000 rw-p 00000000 00:00 0                          [stack:6286]
7fedac9f9000-7fedac9fa000 ---p 00000000 00:00 0 
7fedac9fa000-7fedacafa000 rw-p 00000000 00:00 0                          [stack:6285]
7fedacafa000-7fedacafd000 ---p 00000000 00:00 0 
7fedacafd000-7fedacbfb000 rw-p 00000000 00:00 0                          [stack:6284]
7fedacbfb000-7fedacbfe000 ---p 00000000 00:00 0 
7fedacbfe000-7fedaccfc000 rw-p 00000000 00:00 0                          [stack:6283]
7fedaccfc000-7fedaccff000 ---p 00000000 00:00 0 
7fedaccff000-7fedacdfd000 rw-p 00000000 00:00 0                          [stack:6282]
7fedacdfd000-7fedace00000 ---p 00000000 00:00 0 
7fedace00000-7fedacefe000 rw-p 00000000 00:00 0                          [stack:6280]
7fedacefe000-7fedacf01000 ---p 00000000 00:00 0 
7fedacf01000-7fedb0000000 rw-p 00000000 00:00 0                          [stack:6279]
7fedb0000000-7fedb0021000 rw-p 00000000 00:00 0 
7fedb0021000-7fedb4000000 ---p 00000000 00:00 0 
7fedb4000000-7fedb4021000 rw-p 00000000 00:00 0 
7fedb4021000-7fedb8000000 ---p 00000000 00:00 0 
7fedb8000000-7fedb8021000 rw-p 00000000 00:00 0 
7fedb8021000-7fedbc000000 ---p 00000000 00:00 0 
7fedbc000000-7fedbc021000 rw-p 00000000 00:00 0 
7fedbc021000-7fedc0000000 ---p 00000000 00:00 0 
7fedc0000000-7fedc0021000 rw-p 00000000 00:00 0 
7fedc0021000-7fedc4000000 ---p 00000000 00:00 0 
7fedc4000000-7fedc4021000 rw-p 00000000 00:00 0 
7fedc4021000-7fedc8000000 ---p 00000000 00:00 0 
7fedc8000000-7fedc8021000 rw-p 00000000 00:00 0 
7fedc8021000-7fedcc000000 ---p 00000000 00:00 0 
7fedcc000000-7fedcc021000 rw-p 00000000 00:00 0 
7fedcc021000-7fedd0000000 ---p 00000000 00:00 0 
7fedd0000000-7fedd0021000 rw-p 00000000 00:00 0 
7fedd0021000-7fedd4000000 ---p 00000000 00:00 0 
7fedd4000000-7fedd4021000 rw-p 00000000 00:00 0 
7fedd4021000-7fedd8000000 ---p 00000000 00:00 0 
7fedd8000000-7fedd8021000 rw-p 00000000 00:00 0 
7fedd8021000-7feddc000000 ---p 00000000 00:00 0 
7feddc0af000-7feddc0c0000 r-xp 00000000 00:26 162                        /usr/lib/jvm/java-8-openjdk-amd64/jre/lib/amd64/libnio.so
7feddc0c0000-7feddc2c0000 ---p 00011000 00:26 162                        /usr/lib/jvm/java-8-openjdk-amd64/jre/lib/amd64/libnio.so
7feddc2c0000-7feddc2c1000 r--p 00011000 00:26 162                        /usr/lib/jvm/java-8-openjdk-amd64/jre/lib/amd64/libnio.so
7feddc2c1000-7feddc2c2000 rw-p 00012000 00:26 162                        /usr/lib/jvm/java-8-openjdk-amd64/jre/lib/amd64/libnio.so
7feddc2c2000-7feddc2d9000 r-xp 00000000 00:26 153                        /usr/lib/jvm/java-8-openjdk-amd64/jre/lib/amd64/libnet.so
7feddc2d9000-7feddc4d8000 ---p 00017000 00:26 153                        /usr/lib/jvm/java-8-openjdk-amd64/jre/lib/amd64/libnet.so
7feddc4d8000-7feddc4d9000 r--p 00016000 00:26 153                        /usr/lib/jvm/java-8-openjdk-amd64/jre/lib/amd64/libnet.so
7feddc4d9000-7feddc4da000 rw-p 00017000 00:26 153                        /usr/lib/jvm/java-8-openjdk-amd64/jre/lib/amd64/libnet.so
7feddc4da000-7feddc4dd000 r--s 00015000 00:26 121                        /usr/lib/jvm/java-8-openjdk-amd64/jre/lib/jce.jar
7feddc4dd000-7feddc4e1000 r--s 0009a000 00:26 120                        /usr/lib/jvm/java-8-openjdk-amd64/jre/lib/jsse.jar
7feddc4e1000-7feddc4e7000 r--s 00041000 00:26 5414                       /root/workspace/INRIA/spoon/289108846/.m2/org/jacoco/org.jacoco.agent/0.7.5.201505241946/org.jacoco.agent-0.7.5.201505241946-runtime.jar
7feddc4e7000-7feddc4ea000 r--s 00010000 00:26 9056                       /root/workspace/INRIA/spoon/289108846/.m2/org/apache/maven/surefire/surefire-junit4/2.19.1/surefire-junit4-2.19.1.jar
7feddc4ea000-7feddc4f2000 r--s 0006e000 00:26 3891                       /root/workspace/INRIA/spoon/289108846/.m2/org/apache/commons/commons-lang3/3.5/commons-lang3-3.5.jar
7feddc4f2000-7feddc4f6000 r--s 00039000 00:26 2916                       /root/workspace/INRIA/spoon/289108846/.m2/org/codehaus/plexus/plexus-utils/3.0.24/plexus-utils-3.0.24.jar
7feddc4f6000-7feddc4f9000 r--s 00026000 00:26 3890                       /root/workspace/INRIA/spoon/289108846/.m2/org/apache/maven/maven-model/3.5.0/maven-model-3.5.0.jar
7feddc4f9000-7feddc4fd000 r--s 0002f000 00:26 3888                       /root/workspace/INRIA/spoon/289108846/.m2/commons-io/commons-io/2.5/commons-io-2.5.jar
7feddc4fd000-7feddc506000 r--s 0006f000 00:26 3917                       /root/workspace/INRIA/spoon/289108846/.m2/log4j/log4j/1.2.17/log4j-1.2.17.jar
7feddc506000-7feddc508000 r--s 0000f000 00:26 3919                       /root/workspace/INRIA/spoon/289108846/.m2/com/martiansoftware/jsap/2.1/jsap-2.1.jar
7feddc508000-7feddc526000 r--s 00110000 00:26 3915                       /root/workspace/INRIA/spoon/289108846/.m2/org/mockito/mockito-all/2.0.2-beta/mockito-all-2.0.2-beta.jar
7feddc526000-7feddc528000 r--s 00004000 00:26 3913                       /root/workspace/INRIA/spoon/289108846/.m2/com/github/stefanbirkner/system-rules/1.9.0/system-rules-1.9.0.jar
7feddc528000-7feddc52a000 r--s 00009000 00:26 2926                       /root/workspace/INRIA/spoon/289108846/.m2/org/hamcrest/hamcrest-core/1.3/hamcrest-core-1.3.jar
7feddc52a000-7feddc530000 r--s 00036000 00:26 2925                       /root/workspace/INRIA/spoon/289108846/.m2/junit/junit/4.11/junit-4.11.jar
7feddc530000-7feddc567000 r--s 005c6000 00:26 3911                       /root/workspace/INRIA/spoon/289108846/.m2/org/eclipse/tycho/org.eclipse.jdt.core/3.13.0.v20170516-1929/org.eclipse.jdt.core-3.13.0.v20170516-1929.jar
7feddc567000-7feddc56c000 r--s 0002b000 00:26 7938                       /root/workspace/INRIA/spoon/289108846/.m2/org/apache/maven/surefire/surefire-api/2.19.1/surefire-api-2.19.1.jar
7feddc56c000-7feddc56e000 r--s 0000a000 00:26 7930                       /root/workspace/INRIA/spoon/289108846/.m2/org/apache/maven/surefire/surefire-booter/2.19.1/surefire-booter-2.19.1.jar
7feddc56e000-7feddc571000 ---p 00000000 00:00 0 
7feddc571000-7feddc66f000 rw-p 00000000 00:00 0                          [stack:6268]
7feddc66f000-7feddc7de000 r--p 00000000 00:26 56                         /usr/lib/locale/C.UTF-8/LC_COLLATE
7feddc7de000-7feddc7e1000 ---p 00000000 00:00 0 
7feddc7e1000-7feddc8df000 rw-p 00000000 00:00 0                          [stack:6267]
7feddc8df000-7feddc8e2000 ---p 00000000 00:00 0 
7feddc8e2000-7feddc9e0000 rw-p 00000000 00:00 0                          [stack:6266]
7feddc9e0000-7feddc9e1000 ---p 00000000 00:00 0 
7feddc9e1000-7fedde649000 rw-p 00000000 00:00 0                          [stack:6265]
7fedde649000-7fedde817000 r--s 03c06000 00:26 119                        /usr/lib/jvm/java-8-openjdk-amd64/jre/lib/rt.jar
7fedde817000-7fedefc3c000 rw-p 00000000 00:00 0 
7fedefc3c000-7fedefc3d000 ---p 00000000 00:00 0 
7fedefc3d000-7fedefd3d000 rw-p 00000000 00:00 0                          [stack:6264]
7fedefd3d000-7fedefd3e000 ---p 00000000 00:00 0 
7fedefd3e000-7fedefe3e000 rw-p 00000000 00:00 0                          [stack:6261]
7fedefe3e000-7fedefe3f000 ---p 00000000 00:00 0 
7fedefe3f000-7fedeff3f000 rw-p 00000000 00:00 0                          [stack:6260]
7fedeff3f000-7fedeff40000 ---p 00000000 00:00 0 
7fedeff40000-7fedf00d8000 rw-p 00000000 00:00 0                          [stack:6259]
7fedf00d8000-7fedf0abf000 ---p 00000000 00:00 0 
7fedf0abf000-7fedf0e69000 rw-p 00000000 00:00 0 
7fedf0e69000-7fedf0fff000 ---p 00000000 00:00 0 
7fedf0fff000-7fedf1000000 rw-p 00000000 00:00 0 
7fedf1000000-7fedf2c40000 rwxp 00000000 00:00 0 
7fedf2c40000-7fee00000000 ---p 00000000 00:00 0 
7fee00000000-7fee00e45000 rw-p 00000000 00:00 0 
7fee00e45000-7fee04000000 ---p 00000000 00:00 0 
7fee04000000-7fee04001000 rw-p 00000000 00:00 0 
7fee04001000-7fee04002000 r--s 0000a000 00:26 137                        /usr/lib/jvm/java-8-openjdk-amd64/jre/lib/ext/jaccess.jar
7fee04002000-7fee04006000 r--s 00037000 00:26 135                        /usr/lib/jvm/java-8-openjdk-amd64/jre/lib/ext/sunpkcs11.jar
7fee04006000-7fee04021000 r--s 00394000 00:26 134                        /usr/lib/jvm/java-8-openjdk-amd64/jre/lib/ext/cldrdata.jar
7fee04021000-7fee0403c000 r--s 001d6000 00:26 126                        /usr/lib/jvm/java-8-openjdk-amd64/jre/lib/ext/nashorn.jar
7fee0403c000-7fee04097000 rw-p 00000000 00:00 0 
7fee04097000-7fee04098000 ---p 00000000 00:00 0 
7fee04098000-7fee04198000 rw-p 00000000 00:00 0                          [stack:6258]
7fee04198000-7fee04199000 ---p 00000000 00:00 0 
7fee04199000-7fee04299000 rw-p 00000000 00:00 0                          [stack:6257]
7fee04299000-7fee0429a000 ---p 00000000 00:00 0 
7fee0429a000-7fee0439a000 rw-p 00000000 00:00 0                          [stack:6256]
7fee0439a000-7fee0439b000 ---p 00000000 00:00 0 
7fee0439b000-7fee04533000 rw-p 00000000 00:00 0                          [stack:6255]
7fee04533000-7fee04f1b000 ---p 00000000 00:00 0 
7fee04f1b000-7fee04f8c000 rw-p 00000000 00:00 0 
7fee04f8c000-7fee052db000 ---p 00000000 00:00 0 
7fee052db000-7fee052e3000 r-xp 00000000 00:26 117                        /usr/lib/jvm/java-8-openjdk-amd64/jre/lib/amd64/libzip.so
7fee052e3000-7fee054e2000 ---p 00008000 00:26 117                        /usr/lib/jvm/java-8-openjdk-amd64/jre/lib/amd64/libzip.so
7fee054e2000-7fee054e3000 r--p 00007000 00:26 117                        /usr/lib/jvm/java-8-openjdk-amd64/jre/lib/amd64/libzip.so
7fee054e3000-7fee054e4000 rw-p 00008000 00:26 117                        /usr/lib/jvm/java-8-openjdk-amd64/jre/lib/amd64/libzip.so
7fee054e4000-7fee054ef000 r-xp 00000000 00:26 82                         /lib/x86_64-linux-gnu/libnss_files-2.19.so
7fee054ef000-7fee056ee000 ---p 0000b000 00:26 82                         /lib/x86_64-linux-gnu/libnss_files-2.19.so
7fee056ee000-7fee056ef000 r--p 0000a000 00:26 82                         /lib/x86_64-linux-gnu/libnss_files-2.19.so
7fee056ef000-7fee056f0000 rw-p 0000b000 00:26 82                         /lib/x86_64-linux-gnu/libnss_files-2.19.so
7fee056f0000-7fee056fa000 r-xp 00000000 00:26 80                         /lib/x86_64-linux-gnu/libnss_nis-2.19.so
7fee056fa000-7fee058f9000 ---p 0000a000 00:26 80                         /lib/x86_64-linux-gnu/libnss_nis-2.19.so
7fee058f9000-7fee058fa000 r--p 00009000 00:26 80                         /lib/x86_64-linux-gnu/libnss_nis-2.19.so
7fee058fa000-7fee058fb000 rw-p 0000a000 00:26 80                         /lib/x86_64-linux-gnu/libnss_nis-2.19.so
7fee058fb000-7fee05910000 r-xp 00000000 00:26 78                         /lib/x86_64-linux-gnu/libnsl-2.19.so
7fee05910000-7fee05b0f000 ---p 00015000 00:26 78                         /lib/x86_64-linux-gnu/libnsl-2.19.so
7fee05b0f000-7fee05b10000 r--p 00014000 00:26 78                         /lib/x86_64-linux-gnu/libnsl-2.19.so
7fee05b10000-7fee05b11000 rw-p 00015000 00:26 78                         /lib/x86_64-linux-gnu/libnsl-2.19.so
7fee05b11000-7fee05b13000 rw-p 00000000 00:00 0 
7fee05b13000-7fee05b1a000 r-xp 00000000 00:26 76                         /lib/x86_64-linux-gnu/libnss_compat-2.19.so
7fee05b1a000-7fee05d19000 ---p 00007000 00:26 76                         /lib/x86_64-linux-gnu/libnss_compat-2.19.so
7fee05d19000-7fee05d1a000 r--p 00006000 00:26 76                         /lib/x86_64-linux-gnu/libnss_compat-2.19.so
7fee05d1a000-7fee05d1b000 rw-p 00007000 00:26 76                         /lib/x86_64-linux-gnu/libnss_compat-2.19.so
7fee05d1b000-7fee05d25000 r-xp 00000000 00:26 9059                       /usr/lib/jvm/java-8-openjdk-amd64/jre/lib/amd64/libinstrument.so
7fee05d25000-7fee05f24000 ---p 0000a000 00:26 9059                       /usr/lib/jvm/java-8-openjdk-amd64/jre/lib/amd64/libinstrument.so
7fee05f24000-7fee05f25000 r--p 00009000 00:26 9059                       /usr/lib/jvm/java-8-openjdk-amd64/jre/lib/amd64/libinstrument.so
7fee05f25000-7fee05f26000 rw-p 0000a000 00:26 9059                       /usr/lib/jvm/java-8-openjdk-amd64/jre/lib/amd64/libinstrument.so
7fee05f26000-7fee05f54000 r-xp 00000000 00:26 99                         /usr/lib/jvm/java-8-openjdk-amd64/jre/lib/amd64/libjava.so
7fee05f54000-7fee06153000 ---p 0002e000 00:26 99                         /usr/lib/jvm/java-8-openjdk-amd64/jre/lib/amd64/libjava.so
7fee06153000-7fee06154000 r--p 0002d000 00:26 99                         /usr/lib/jvm/java-8-openjdk-amd64/jre/lib/amd64/libjava.so
7fee06154000-7fee06156000 rw-p 0002e000 00:26 99                         /usr/lib/jvm/java-8-openjdk-amd64/jre/lib/amd64/libjava.so
7fee06156000-7fee06165000 r-xp 00000000 00:26 112                        /usr/lib/jvm/java-8-openjdk-amd64/jre/lib/amd64/libverify.so
7fee06165000-7fee06365000 ---p 0000f000 00:26 112                        /usr/lib/jvm/java-8-openjdk-amd64/jre/lib/amd64/libverify.so
7fee06365000-7fee06368000 r--p 0000f000 00:26 112                        /usr/lib/jvm/java-8-openjdk-amd64/jre/lib/amd64/libverify.so
7fee06368000-7fee06369000 rw-p 00012000 00:26 112                        /usr/lib/jvm/java-8-openjdk-amd64/jre/lib/amd64/libverify.so
7fee06369000-7fee06370000 r-xp 00000000 00:26 111                        /lib/x86_64-linux-gnu/librt-2.19.so
7fee06370000-7fee0656f000 ---p 00007000 00:26 111                        /lib/x86_64-linux-gnu/librt-2.19.so
7fee0656f000-7fee06570000 r--p 00006000 00:26 111                        /lib/x86_64-linux-gnu/librt-2.19.so
7fee06570000-7fee06571000 rw-p 00007000 00:26 111                        /lib/x86_64-linux-gnu/librt-2.19.so
7fee06571000-7fee06587000 r-xp 00000000 00:26 109                        /lib/x86_64-linux-gnu/libgcc_s.so.1
7fee06587000-7fee06786000 ---p 00016000 00:26 109                        /lib/x86_64-linux-gnu/libgcc_s.so.1
7fee06786000-7fee06787000 rw-p 00015000 00:26 109                        /lib/x86_64-linux-gnu/libgcc_s.so.1
7fee06787000-7fee06887000 r-xp 00000000 00:26 108                        /lib/x86_64-linux-gnu/libm-2.19.so
7fee06887000-7fee06a86000 ---p 00100000 00:26 108                        /lib/x86_64-linux-gnu/libm-2.19.so
7fee06a86000-7fee06a87000 r--p 000ff000 00:26 108                        /lib/x86_64-linux-gnu/libm-2.19.so
7fee06a87000-7fee06a88000 rw-p 00100000 00:26 108                        /lib/x86_64-linux-gnu/libm-2.19.so
7fee06a88000-7fee06b74000 r-xp 00000000 00:26 106                        /usr/lib/x86_64-linux-gnu/libstdc++.so.6.0.20
7fee06b74000-7fee06d74000 ---p 000ec000 00:26 106                        /usr/lib/x86_64-linux-gnu/libstdc++.so.6.0.20
7fee06d74000-7fee06d7c000 r--p 000ec000 00:26 106                        /usr/lib/x86_64-linux-gnu/libstdc++.so.6.0.20
7fee06d7c000-7fee06d7e000 rw-p 000f4000 00:26 106                        /usr/lib/x86_64-linux-gnu/libstdc++.so.6.0.20
7fee06d7e000-7fee06d93000 rw-p 00000000 00:00 0 
7fee06d93000-7fee07a2b000 r-xp 00000000 00:26 104                        /usr/lib/jvm/java-8-openjdk-amd64/jre/lib/amd64/server/libjvm.so
7fee07a2b000-7fee07c2b000 ---p 00c98000 00:26 104                        /usr/lib/jvm/java-8-openjdk-amd64/jre/lib/amd64/server/libjvm.so
7fee07c2b000-7fee07cce000 r--p 00c98000 00:26 104                        /usr/lib/jvm/java-8-openjdk-amd64/jre/lib/amd64/server/libjvm.so
7fee07cce000-7fee07cf7000 rw-p 00d3b000 00:26 104                        /usr/lib/jvm/java-8-openjdk-amd64/jre/lib/amd64/server/libjvm.so
7fee07cf7000-7fee07d28000 rw-p 00000000 00:00 0 
7fee07d28000-7fee07ec9000 r-xp 00000000 00:26 34                         /lib/x86_64-linux-gnu/libc-2.19.so
7fee07ec9000-7fee080c9000 ---p 001a1000 00:26 34                         /lib/x86_64-linux-gnu/libc-2.19.so
7fee080c9000-7fee080cd000 r--p 001a1000 00:26 34                         /lib/x86_64-linux-gnu/libc-2.19.so
7fee080cd000-7fee080cf000 rw-p 001a5000 00:26 34                         /lib/x86_64-linux-gnu/libc-2.19.so
7fee080cf000-7fee080d3000 rw-p 00000000 00:00 0 
7fee080d3000-7fee080d6000 r-xp 00000000 00:26 71                         /lib/x86_64-linux-gnu/libdl-2.19.so
7fee080d6000-7fee082d5000 ---p 00003000 00:26 71                         /lib/x86_64-linux-gnu/libdl-2.19.so
7fee082d5000-7fee082d6000 r--p 00002000 00:26 71                         /lib/x86_64-linux-gnu/libdl-2.19.so
7fee082d6000-7fee082d7000 rw-p 00003000 00:26 71                         /lib/x86_64-linux-gnu/libdl-2.19.so
7fee082d7000-7fee082e5000 r-xp 00000000 00:26 98                         /usr/lib/jvm/java-8-openjdk-amd64/jre/lib/amd64/jli/libjli.so
7fee082e5000-7fee084e4000 ---p 0000e000 00:26 98                         /usr/lib/jvm/java-8-openjdk-amd64/jre/lib/amd64/jli/libjli.so
7fee084e4000-7fee084e5000 r--p 0000d000 00:26 98                         /usr/lib/jvm/java-8-openjdk-amd64/jre/lib/amd64/jli/libjli.so
7fee084e5000-7fee084e6000 rw-p 0000e000 00:26 98                         /usr/lib/jvm/java-8-openjdk-amd64/jre/lib/amd64/jli/libjli.so
7fee084e6000-7fee08500000 r-xp 00000000 00:26 97                         /lib/x86_64-linux-gnu/libz.so.1.2.8
7fee08500000-7fee086ff000 ---p 0001a000 00:26 97                         /lib/x86_64-linux-gnu/libz.so.1.2.8
7fee086ff000-7fee08700000 r--p 00019000 00:26 97                         /lib/x86_64-linux-gnu/libz.so.1.2.8
7fee08700000-7fee08701000 rw-p 0001a000 00:26 97                         /lib/x86_64-linux-gnu/libz.so.1.2.8
7fee08701000-7fee08719000 r-xp 00000000 00:26 95                         /lib/x86_64-linux-gnu/libpthread-2.19.so
7fee08719000-7fee08918000 ---p 00018000 00:26 95                         /lib/x86_64-linux-gnu/libpthread-2.19.so
7fee08918000-7fee08919000 r--p 00017000 00:26 95                         /lib/x86_64-linux-gnu/libpthread-2.19.so
7fee08919000-7fee0891a000 rw-p 00018000 00:26 95                         /lib/x86_64-linux-gnu/libpthread-2.19.so
7fee0891a000-7fee0891e000 rw-p 00000000 00:00 0 
7fee0891e000-7fee0893e000 r-xp 00000000 00:26 31                         /lib/x86_64-linux-gnu/ld-2.19.so
7fee0893e000-7fee08940000 r--s 00001000 00:26 136                        /usr/lib/jvm/java-8-openjdk-amd64/jre/lib/ext/dnsns.jar
7fee08940000-7fee08945000 r--s 0003b000 00:26 133                        /usr/lib/jvm/java-8-openjdk-amd64/jre/lib/ext/sunjce_provider.jar
7fee08945000-7fee08947000 r--s 00008000 00:26 132                        /usr/lib/jvm/java-8-openjdk-amd64/jre/lib/ext/sunec.jar
7fee08947000-7fee08948000 r--s 00010000 00:26 130                        /usr/lib/jvm/java-8-openjdk-amd64/jre/lib/ext/zipfs.jar
7fee08948000-7fee0894b000 r--s 0000f000 00:26 129                        /usr/lib/jvm/java-8-openjdk-amd64/jre/lib/ext/icedtea-sound.jar
7fee0894b000-7fee0894d000 r--s 00006000 00:26 139                        /usr/share/java/java-atk-wrapper.jar
7fee0894d000-7fee08957000 r--s 00116000 00:26 127                        /usr/lib/jvm/java-8-openjdk-amd64/jre/lib/ext/localedata.jar
7fee08957000-7fee0897d000 r--p 00000000 00:26 59                         /usr/lib/locale/C.UTF-8/LC_CTYPE
7fee0897d000-7fee0897e000 r--p 00000000 00:26 58                         /usr/lib/locale/C.UTF-8/LC_NUMERIC
7fee0897e000-7fee0897f000 r--p 00000000 00:26 57                         /usr/lib/locale/C.UTF-8/LC_TIME
7fee0897f000-7fee08980000 r--p 00000000 00:26 55                         /usr/lib/locale/C.UTF-8/LC_MONETARY
7fee08980000-7fee08981000 r--p 00000000 00:26 54                         /usr/lib/locale/C.UTF-8/LC_MESSAGES/SYS_LC_MESSAGES
7fee08981000-7fee08982000 r--p 00000000 00:26 52                         /usr/lib/locale/C.UTF-8/LC_PAPER
7fee08982000-7fee08983000 r--p 00000000 00:26 51                         /usr/lib/locale/C.UTF-8/LC_NAME
7fee08983000-7fee0898a000 r--s 00000000 00:26 47                         /usr/lib/x86_64-linux-gnu/gconv/gconv-modules.cache
7fee0898a000-7fee08a28000 rw-p 00000000 00:00 0 
7fee08a28000-7fee08a30000 rw-s 00000000 00:26 9060                       /tmp/hsperfdata_root/259
7fee08a30000-7fee08a33000 ---p 00000000 00:00 0 
7fee08a33000-7fee08b36000 rw-p 00000000 00:00 0                          [stack:6251]
7fee08b36000-7fee08b37000 r--p 00000000 00:26 50                         /usr/lib/locale/C.UTF-8/LC_ADDRESS
7fee08b37000-7fee08b38000 r--p 00000000 00:26 49                         /usr/lib/locale/C.UTF-8/LC_TELEPHONE
7fee08b38000-7fee08b39000 r--p 00000000 00:26 48                         /usr/lib/locale/C.UTF-8/LC_MEASUREMENT
7fee08b39000-7fee08b3a000 r--p 00000000 00:26 44                         /usr/lib/locale/C.UTF-8/LC_IDENTIFICATION
7fee08b3a000-7fee08b3b000 rw-p 00000000 00:00 0 
7fee08b3b000-7fee08b3c000 ---p 00000000 00:00 0 
7fee08b3c000-7fee08b3e000 rw-p 00000000 00:00 0 
7fee08b3e000-7fee08b3f000 r--p 00020000 00:26 31                         /lib/x86_64-linux-gnu/ld-2.19.so
7fee08b3f000-7fee08b40000 rw-p 00021000 00:26 31                         /lib/x86_64-linux-gnu/ld-2.19.so
7fee08b40000-7fee08b41000 rw-p 00000000 00:00 0 
7ffd3c142000-7ffd3c163000 rw-p 00000000 00:00 0                          [stack]
7ffd3c1c5000-7ffd3c1c7000 r-xp 00000000 00:00 0                          [vdso]
7ffd3c1c7000-7ffd3c1c9000 r--p 00000000 00:00 0                          [vvar]
ffffffffff600000-ffffffffff601000 r-xp 00000000 00:00 0                  [vsyscall]

VM Arguments:
jvm_args: -javaagent:/root/./workspace/INRIA/spoon/289108846/.m2/org/jacoco/org.jacoco.agent/0.7.5.201505241946/org.jacoco.agent-0.7.5.201505241946-runtime.jar=destfile=/root/workspace/INRIA/spoon/289108846/target/jacoco.exec 
java_command: org.apache.maven.surefire.booter.ForkedBooter /root/workspace/INRIA/spoon/289108846/target/surefire/surefire6969568787872731434tmp /root/workspace/INRIA/spoon/289108846/target/surefire/surefire_03532066579667841344tmp
java_class_path (initial): /root/./workspace/INRIA/spoon/289108846/.m2/org/apache/maven/surefire/surefire-booter/2.19.1/surefire-booter-2.19.1.jar:/root/./workspace/INRIA/spoon/289108846/.m2/org/apache/maven/surefire/surefire-api/2.19.1/surefire-api-2.19.1.jar:/root/workspace/INRIA/spoon/289108846/target/test-classes:/root/workspace/INRIA/spoon/289108846/target/classes:/root/./workspace/INRIA/spoon/289108846/.m2/org/eclipse/tycho/org.eclipse.jdt.core/3.13.0.v20170516-1929/org.eclipse.jdt.core-3.13.0.v20170516-1929.jar:/root/./workspace/INRIA/spoon/289108846/.m2/junit/junit/4.11/junit-4.11.jar:/root/./workspace/INRIA/spoon/289108846/.m2/org/hamcrest/hamcrest-core/1.3/hamcrest-core-1.3.jar:/root/./workspace/INRIA/spoon/289108846/.m2/com/github/stefanbirkner/system-rules/1.9.0/system-rules-1.9.0.jar:/root/./workspace/INRIA/spoon/289108846/.m2/org/mockito/mockito-all/2.0.2-beta/mockito-all-2.0.2-beta.jar:/root/./workspace/INRIA/spoon/289108846/.m2/com/martiansoftware/jsap/2.1/jsap-2.1.jar:/root/./workspace/INRIA/spoon/289108846/.m2/log4j/log4j/1.2.17/log4j-1.2.17.jar:/root/./workspace/INRIA/spoon/289108846/.m2/commons-io/commons-io/2.5/commons-io-2.5.jar:/root/./workspace/INRIA/spoon/289108846/.m2/org/apache/maven/maven-model/3.5.0/maven-model-3.5.0.jar:/root/./workspace/INRIA/spoon/289108846/.m2/org/codehaus/plexus/plexus-utils/3.0.24/plexus-utils-3.0.24.jar:/root/./workspace/INRIA/spoon/289108846/.m2/org/apache/commons/commons-lang3/3.5/commons-lang3-3.5.jar:/root/./workspace/INRIA/spoon/289108846/.m2/org/apache/maven/surefire/surefire-junit4/2.19.1/surefire-junit4-2.19.1.jar:/root/./workspace/INRIA/spoon/289108846/.m2/org/jacoco/org.jacoco.agent/0.7.5.201505241946/org.jacoco.agent-0.7.5.201505241946-runtime.jar
Launcher Type: SUN_STANDARD

Environment Variables:
JAVA_HOME=/usr/lib/jvm/java-8-openjdk-amd64
CLASSPATH=/root/./workspace/INRIA/spoon/289108846/.m2/org/apache/maven/surefire/surefire-booter/2.19.1/surefire-booter-2.19.1.jar:/root/./workspace/INRIA/spoon/289108846/.m2/org/apache/maven/surefire/surefire-api/2.19.1/surefire-api-2.19.1.jar:/root/workspace/INRIA/spoon/289108846/target/test-classes:/root/workspace/INRIA/spoon/289108846/target/classes:/root/./workspace/INRIA/spoon/289108846/.m2/org/eclipse/tycho/org.eclipse.jdt.core/3.13.0.v20170516-1929/org.eclipse.jdt.core-3.13.0.v20170516-1929.jar:/root/./workspace/INRIA/spoon/289108846/.m2/junit/junit/4.11/junit-4.11.jar:/root/./workspace/INRIA/spoon/289108846/.m2/org/hamcrest/hamcrest-core/1.3/hamcrest-core-1.3.jar:/root/./workspace/INRIA/spoon/289108846/.m2/com/github/stefanbirkner/system-rules/1.9.0/system-rules-1.9.0.jar:/root/./workspace/INRIA/spoon/289108846/.m2/org/mockito/mockito-all/2.0.2-beta/mockito-all-2.0.2-beta.jar:/root/./workspace/INRIA/spoon/289108846/.m2/com/martiansoftware/jsap/2.1/jsap-2.1.jar:/root/./workspace/INRIA/spoon/289108846/.m2/log4j/log4j/1.2.17/log4j-1.2.17.jar:/root/./workspace/INRIA/spoon/289108846/.m2/commons-io/commons-io/2.5/commons-io-2.5.jar:/root/./workspace/INRIA/spoon/289108846/.m2/org/apache/maven/maven-model/3.5.0/maven-model-3.5.0.jar:/root/./workspace/INRIA/spoon/289108846/.m2/org/codehaus/plexus/plexus-utils/3.0.24/plexus-utils-3.0.24.jar:/root/./workspace/INRIA/spoon/289108846/.m2/org/apache/commons/commons-lang3/3.5/commons-lang3-3.5.jar:/root/./workspace/INRIA/spoon/289108846/.m2/org/apache/maven/surefire/surefire-junit4/2.19.1/surefire-junit4-2.19.1.jar
PATH=/usr/local/sbin:/usr/local/bin:/usr/sbin:/usr/bin:/sbin:/bin

Signal Handlers:
SIGSEGV: [libjvm.so+0xa97af0], sa_mask[0]=11111111011111111101111111111110, sa_flags=SA_RESTART|SA_SIGINFO
SIGBUS: [libjvm.so+0xa97af0], sa_mask[0]=11111111011111111101111111111110, sa_flags=SA_RESTART|SA_SIGINFO
SIGFPE: [libjvm.so+0x8de430], sa_mask[0]=11111111011111111101111111111110, sa_flags=SA_RESTART|SA_SIGINFO
SIGPIPE: [libjvm.so+0x8de430], sa_mask[0]=11111111011111111101111111111110, sa_flags=SA_RESTART|SA_SIGINFO
SIGXFSZ: [libjvm.so+0x8de430], sa_mask[0]=11111111011111111101111111111110, sa_flags=SA_RESTART|SA_SIGINFO
SIGILL: [libjvm.so+0x8de430], sa_mask[0]=11111111011111111101111111111110, sa_flags=SA_RESTART|SA_SIGINFO
SIGUSR1: SIG_DFL, sa_mask[0]=00000000000000000000000000000000, sa_flags=none
SIGUSR2: [libjvm.so+0x8de2e0], sa_mask[0]=00100000000000000000000000000000, sa_flags=SA_RESTART|SA_SIGINFO
SIGHUP: [libjvm.so+0x8de500], sa_mask[0]=11111111011111111101111111111110, sa_flags=SA_RESTART|SA_SIGINFO
SIGINT: [libjvm.so+0x8de500], sa_mask[0]=11111111011111111101111111111110, sa_flags=SA_RESTART|SA_SIGINFO
SIGTERM: [libjvm.so+0x8de500], sa_mask[0]=11111111011111111101111111111110, sa_flags=SA_RESTART|SA_SIGINFO
SIGQUIT: [libjvm.so+0x8de500], sa_mask[0]=11111111011111111101111111111110, sa_flags=SA_RESTART|SA_SIGINFO


---------------  S Y S T E M  ---------------

OS:PRETTY_NAME="Debian GNU/Linux 8 (jessie)"
NAME="Debian GNU/Linux"
VERSION_ID="8"
VERSION="8 (jessie)"
ID=debian
HOME_URL="http://www.debian.org/"
SUPPORT_URL="http://www.debian.org/support"
BUG_REPORT_URL="https://bugs.debian.org/"

uname:Linux 3.16.0-4-amd64 #1 SMP Debian 3.16.43-2+deb8u2 (2017-06-26) x86_64
libc:glibc 2.19 NPTL 2.19 
rlimit: STACK 8192k, CORE infinity, NPROC infinity, NOFILE 1048576, AS infinity
load average:9.29 5.88 4.42

/proc/meminfo:
MemTotal:       33018848 kB
MemFree:          236916 kB
MemAvailable:     402372 kB
Buffers:           28912 kB
Cached:           190924 kB
SwapCached:        18292 kB
Active:         29759768 kB
Inactive:        2346412 kB
Active(anon):   29709984 kB
Inactive(anon):  2298632 kB
Active(file):      49784 kB
Inactive(file):    47780 kB
Unevictable:           0 kB
Mlocked:               0 kB
SwapTotal:      10484732 kB
SwapFree:              8 kB
Dirty:              6340 kB
Writeback:             0 kB
AnonPages:      31868236 kB
Mapped:            70692 kB
Shmem:            122284 kB
Slab:             414336 kB
SReclaimable:     285616 kB
SUnreclaim:       128720 kB
KernelStack:       46416 kB
PageTables:       115828 kB
NFS_Unstable:          0 kB
Bounce:                0 kB
WritebackTmp:          0 kB
CommitLimit:    26994156 kB
Committed_AS:   71995364 kB
VmallocTotal:   34359738367 kB
VmallocUsed:      202776 kB
VmallocChunk:   34359474424 kB
HardwareCorrupted:     0 kB
AnonHugePages:         0 kB
HugePages_Total:       0
HugePages_Free:        0
HugePages_Rsvd:        0
HugePages_Surp:        0
Hugepagesize:       2048 kB
DirectMap4k:       67456 kB
DirectMap2M:    33486848 kB


CPU:total 8 (1 cores per cpu, 1 threads per core) family 6 model 45 stepping 7, cmov, cx8, fxsr, mmx, sse, sse2, sse3, ssse3, sse4.1, sse4.2, popcnt, avx, aes, clmul, tsc, tscinvbit, tscinv

/proc/cpuinfo:
processor	: 0
vendor_id	: GenuineIntel
cpu family	: 6
model		: 45
model name	: Intel(R) Xeon(R) CPU E5-2650L 0 @ 1.80GHz
stepping	: 7
microcode	: 0x710
cpu MHz		: 1800.000
cache size	: 20480 KB
physical id	: 0
siblings	: 1
core id		: 0
cpu cores	: 1
apicid		: 0
initial apicid	: 0
fpu		: yes
fpu_exception	: yes
cpuid level	: 13
wp		: yes
flags		: fpu vme de pse tsc msr pae mce cx8 apic sep mtrr pge mca cmov pat pse36 clflush dts mmx fxsr sse sse2 ss syscall nx rdtscp lm constant_tsc arch_perfmon pebs bts nopl xtopology tsc_reliable nonstop_tsc aperfmperf pni pclmulqdq ssse3 cx16 pcid sse4_1 sse4_2 x2apic popcnt tsc_deadline_timer aes xsave avx hypervisor lahf_lm ida arat pln pts dtherm tsc_adjust
bogomips	: 3600.00
clflush size	: 64
cache_alignment	: 64
address sizes	: 42 bits physical, 48 bits virtual
power management:

processor	: 1
vendor_id	: GenuineIntel
cpu family	: 6
model		: 45
model name	: Intel(R) Xeon(R) CPU E5-2650L 0 @ 1.80GHz
stepping	: 7
microcode	: 0x710
cpu MHz		: 1800.000
cache size	: 20480 KB
physical id	: 2
siblings	: 1
core id		: 0
cpu cores	: 1
apicid		: 2
initial apicid	: 2
fpu		: yes
fpu_exception	: yes
cpuid level	: 13
wp		: yes
flags		: fpu vme de pse tsc msr pae mce cx8 apic sep mtrr pge mca cmov pat pse36 clflush dts mmx fxsr sse sse2 ss syscall nx rdtscp lm constant_tsc arch_perfmon pebs bts nopl xtopology tsc_reliable nonstop_tsc aperfmperf pni pclmulqdq ssse3 cx16 pcid sse4_1 sse4_2 x2apic popcnt tsc_deadline_timer aes xsave avx hypervisor lahf_lm ida arat pln pts dtherm tsc_adjust
bogomips	: 3600.00
clflush size	: 64
cache_alignment	: 64
address sizes	: 42 bits physical, 48 bits virtual
power management:

processor	: 2
vendor_id	: GenuineIntel
cpu family	: 6
model		: 45
model name	: Intel(R) Xeon(R) CPU E5-2650L 0 @ 1.80GHz
stepping	: 7
microcode	: 0x710
cpu MHz		: 1800.000
cache size	: 20480 KB
physical id	: 4
siblings	: 1
core id		: 0
cpu cores	: 1
apicid		: 4
initial apicid	: 4
fpu		: yes
fpu_exception	: yes
cpuid level	: 13
wp		: yes
flags		: fpu vme de pse tsc msr pae mce cx8 apic sep mtrr pge mca cmov pat pse36 clflush dts mmx fxsr sse sse2 ss syscall nx rdtscp lm constant_tsc arch_perfmon pebs bts nopl xtopology tsc_reliable nonstop_tsc aperfmperf pni pclmulqdq ssse3 cx16 pcid sse4_1 sse4_2 x2apic popcnt tsc_deadline_timer aes xsave avx hypervisor lahf_lm ida arat pln pts dtherm tsc_adjust
bogomips	: 3600.00
clflush size	: 64
cache_alignment	: 64
address sizes	: 42 bits physical, 48 bits virtual
power management:

processor	: 3
vendor_id	: GenuineIntel
cpu family	: 6
model		: 45
model name	: Intel(R) Xeon(R) CPU E5-2650L 0 @ 1.80GHz
stepping	: 7
microcode	: 0x710
cpu MHz		: 1800.000
cache size	: 20480 KB
physical id	: 6
siblings	: 1
core id		: 0
cpu cores	: 1
apicid		: 6
initial apicid	: 6
fpu		: yes
fpu_exception	: yes
cpuid level	: 13
wp		: yes
flags		: fpu vme de pse tsc msr pae mce cx8 apic sep mtrr pge mca cmov pat pse36 clflush dts mmx fxsr sse sse2 ss syscall nx rdtscp lm constant_tsc arch_perfmon pebs bts nopl xtopology tsc_reliable nonstop_tsc aperfmperf pni pclmulqdq ssse3 cx16 pcid sse4_1 sse4_2 x2apic popcnt tsc_deadline_timer aes xsave avx hypervisor lahf_lm ida arat pln pts dtherm tsc_adjust
bogomips	: 3600.00
clflush size	: 64
cache_alignment	: 64
address sizes	: 42 bits physical, 48 bits virtual
power management:

processor	: 4
vendor_id	: GenuineIntel
cpu family	: 6
model		: 45
model name	: Intel(R) Xeon(R) CPU E5-2650L 0 @ 1.80GHz
stepping	: 7
microcode	: 0x710
cpu MHz		: 1800.000
cache size	: 20480 KB
physical id	: 8
siblings	: 1
core id		: 0
cpu cores	: 1
apicid		: 8
initial apicid	: 8
fpu		: yes
fpu_exception	: yes
cpuid level	: 13
wp		: yes
flags		: fpu vme de pse tsc msr pae mce cx8 apic sep mtrr pge mca cmov pat pse36 clflush dts mmx fxsr sse sse2 ss syscall nx rdtscp lm constant_tsc arch_perfmon pebs bts nopl xtopology tsc_reliable nonstop_tsc aperfmperf pni pclmulqdq ssse3 cx16 pcid sse4_1 sse4_2 x2apic popcnt tsc_deadline_timer aes xsave avx hypervisor lahf_lm ida arat pln pts dtherm tsc_adjust
bogomips	: 3600.00
clflush size	: 64
cache_alignment	: 64
address sizes	: 42 bits physical, 48 bits virtual
power management:

processor	: 5
vendor_id	: GenuineIntel
cpu family	: 6
model		: 45
model name	: Intel(R) Xeon(R) CPU E5-2650L 0 @ 1.80GHz
stepping	: 7
microcode	: 0x710
cpu MHz		: 1800.000
cache size	: 20480 KB
physical id	: 10
siblings	: 1
core id		: 0
cpu cores	: 1
apicid		: 10
initial apicid	: 10
fpu		: yes
fpu_exception	: yes
cpuid level	: 13
wp		: yes
flags		: fpu vme de pse tsc msr pae mce cx8 apic sep mtrr pge mca cmov pat pse36 clflush dts mmx fxsr sse sse2 ss syscall nx rdtscp lm constant_tsc arch_perfmon pebs bts nopl xtopology tsc_reliable nonstop_tsc aperfmperf pni pclmulqdq ssse3 cx16 pcid sse4_1 sse4_2 x2apic popcnt tsc_deadline_timer aes xsave avx hypervisor lahf_lm ida arat pln pts dtherm tsc_adjust
bogomips	: 3600.00
clflush size	: 64
cache_alignment	: 64
address sizes	: 42 bits physical, 48 bits virtual
power management:

processor	: 6
vendor_id	: GenuineIntel
cpu family	: 6
model		: 45
model name	: Intel(R) Xeon(R) CPU E5-2650L 0 @ 1.80GHz
stepping	: 7
microcode	: 0x710
cpu MHz		: 1800.000
cache size	: 20480 KB
physical id	: 12
siblings	: 1
core id		: 0
cpu cores	: 1
apicid		: 12
initial apicid	: 12
fpu		: yes
fpu_exception	: yes
cpuid level	: 13
wp		: yes
flags		: fpu vme de pse tsc msr pae mce cx8 apic sep mtrr pge mca cmov pat pse36 clflush dts mmx fxsr sse sse2 ss syscall nx rdtscp lm constant_tsc arch_perfmon pebs bts nopl xtopology tsc_reliable nonstop_tsc aperfmperf pni pclmulqdq ssse3 cx16 pcid sse4_1 sse4_2 x2apic popcnt tsc_deadline_timer aes xsave avx hypervisor lahf_lm ida arat pln pts dtherm tsc_adjust
bogomips	: 3600.00
clflush size	: 64
cache_alignment	: 64
address sizes	: 42 bits physical, 48 bits virtual
power management:

processor	: 7
vendor_id	: GenuineIntel
cpu family	: 6
model		: 45
model name	: Intel(R) Xeon(R) CPU E5-2650L 0 @ 1.80GHz
stepping	: 7
microcode	: 0x710
cpu MHz		: 1800.000
cache size	: 20480 KB
physical id	: 14
siblings	: 1
core id		: 0
cpu cores	: 1
apicid		: 14
initial apicid	: 14
fpu		: yes
fpu_exception	: yes
cpuid level	: 13
wp		: yes
flags		: fpu vme de pse tsc msr pae mce cx8 apic sep mtrr pge mca cmov pat pse36 clflush dts mmx fxsr sse sse2 ss syscall nx rdtscp lm constant_tsc arch_perfmon pebs bts nopl xtopology tsc_reliable nonstop_tsc aperfmperf pni pclmulqdq ssse3 cx16 pcid sse4_1 sse4_2 x2apic popcnt tsc_deadline_timer aes xsave avx hypervisor lahf_lm ida arat pln pts dtherm tsc_adjust
bogomips	: 3600.00
clflush size	: 64
cache_alignment	: 64
address sizes	: 42 bits physical, 48 bits virtual
power management:



Memory: 4k page, physical 33018848k(236916k free), swap 10484732k(8k free)

vm_info: OpenJDK 64-Bit Server VM (25.121-b13) for linux-amd64 JRE (1.8.0_121-8u121-b13-1~bpo8+1-b13), built on Jan 24 2017 09:37:46 by "pbuilder" with gcc 4.9.2

time: Tue Oct 17 17:09:48 2017
elapsed time: 37 seconds (0d 0h 0m 37s)

