#
# There is insufficient memory for the Java Runtime Environment to continue.
# Native memory allocation (mmap) failed to map 265289728 bytes for committing reserved memory.
# Possible reasons:
#   The system is out of physical RAM or swap space
#   In 32 bit mode, the process size limit was hit
# Possible solutions:
#   Reduce memory load on the system
#   Increase physical memory or swap space
#   Check if swap backing store is full
#   Use 64 bit Java on a 64 bit OS
#   Decrease Java heap size (-Xmx/-Xms)
#   Decrease number of Java threads
#   Decrease Java thread stack sizes (-Xss)
#   Set larger code cache with -XX:ReservedCodeCacheSize=
# This output file may be truncated or incomplete.
#
#  Out of Memory Error (os_linux.cpp:2630), pid=1282, tid=0x00007f84478b6700
#
# JRE version: OpenJDK Runtime Environment (8.0_121-b13) (build 1.8.0_121-8u121-b13-1~bpo8+1-b13)
# Java VM: OpenJDK 64-Bit Server VM (25.121-b13 mixed mode linux-amd64 compressed oops)
# Core dump written. Default location: /root/workspace/pgjdbc/pgjdbc/256449789/core or core.1282
#

---------------  T H R E A D  ---------------

Current thread (0x00007f846c077800):  VMThread [stack: 0x00007f84477b6000,0x00007f84478b7000] [id=1300]

Stack: [0x00007f84477b6000,0x00007f84478b7000],  sp=0x00007f84478b54a0,  free space=1021k
Native frames: (J=compiled Java code, j=interpreted, Vv=VM code, C=native code)
V  [libjvm.so+0xa9700d]
V  [libjvm.so+0x4ea26c]
V  [libjvm.so+0x8e2b90]
V  [libjvm.so+0x8dd27e]
V  [libjvm.so+0x95a25b]
V  [libjvm.so+0x95b5c3]
V  [libjvm.so+0x9580be]
V  [libjvm.so+0x950809]
V  [libjvm.so+0x46b593]
V  [libjvm.so+0xa98529]
V  [libjvm.so+0xa9d7e7]
V  [libjvm.so+0xa9bb07]
V  [libjvm.so+0xa9c337]
V  [libjvm.so+0xa9c881]
V  [libjvm.so+0x8e0062]

VM_Operation (0x00007f84753cfd30): CollectForMetadataAllocation, mode: safepoint, requested by thread 0x00007f846c00a000


---------------  P R O C E S S  ---------------

Java Threads: ( => current thread )
  0x00007f846c0c2800 JavaThread "Service Thread" daemon [_thread_blocked, id=1307, stack(0x00007f8446f1a000,0x00007f844701b000)]
  0x00007f846c0b3800 JavaThread "C1 CompilerThread2" daemon [_thread_blocked, id=1306, stack(0x00007f844701b000,0x00007f844711c000)]
  0x00007f846c0b1800 JavaThread "C2 CompilerThread1" daemon [_thread_blocked, id=1305, stack(0x00007f844711c000,0x00007f844721d000)]
  0x00007f846c0ae800 JavaThread "C2 CompilerThread0" daemon [_thread_blocked, id=1304, stack(0x00007f844721d000,0x00007f844731e000)]
  0x00007f846c0ac800 JavaThread "Signal Dispatcher" daemon [_thread_blocked, id=1303, stack(0x00007f844731e000,0x00007f844741f000)]
  0x00007f846c083800 JavaThread "Finalizer" daemon [_thread_blocked, id=1302, stack(0x00007f84475b4000,0x00007f84476b5000)]
  0x00007f846c07f000 JavaThread "Reference Handler" daemon [_thread_blocked, id=1301, stack(0x00007f84476b5000,0x00007f84477b6000)]
  0x00007f846c00a000 JavaThread "main" [_thread_blocked, id=1295, stack(0x00007f84752d2000,0x00007f84753d3000)]

Other Threads:
=>0x00007f846c077800 VMThread [stack: 0x00007f84477b6000,0x00007f84478b7000] [id=1300]
  0x00007f846c0c5000 WatcherThread [stack: 0x00007f8446e19000,0x00007f8446f1a000] [id=1308]

VM state:at safepoint (normal execution)

VM Mutex/Monitor currently owned by a thread:  ([mutex/lock_event])
[0x00007f846c006630] Threads_lock - owner thread: 0x00007f846c077800
[0x00007f846c006b30] Heap_lock - owner thread: 0x00007f846c00a000

Heap:
 PSYoungGen      total 271872K, used 7270K [0x000000076c380000, 0x000000077da80000, 0x00000007c0000000)
  eden space 258048K, 0% used [0x000000076c380000,0x000000076c380000,0x000000077bf80000)
  from space 13824K, 52% used [0x000000077bf80000,0x000000077c699818,0x000000077cd00000)
  to   space 13312K, 0% used [0x000000077cd80000,0x000000077cd80000,0x000000077da80000)
 ParOldGen       total 172032K, used 10774K [0x00000006c4a00000, 0x00000006cf200000, 0x000000076c380000)
  object space 172032K, 6% used [0x00000006c4a00000,0x00000006c5485b20,0x00000006cf200000)
 Metaspace       used 20563K, capacity 21254K, committed 21296K, reserved 1069056K
  class space    used 2370K, capacity 2582K, committed 2608K, reserved 1048576K

Card table byte_map: [0x00007f84711ec000,0x00007f84719c8000] byte_map_base: 0x00007f846dbc7000

Marking Bits: (ParMarkBitMap*) 0x00007f84745ad340
 Begin Bits: [0x00007f8455250000, 0x00007f8459128000)
 End Bits:   [0x00007f8459128000, 0x00007f845d000000)

Polling page: 0x00007f84753dd000

CodeCache: size=245760Kb used=13792Kb max_used=13794Kb free=231967Kb
 bounds [0x00007f845d000000, 0x00007f845dd90000, 0x00007f846c000000]
 total_blobs=4270 nmethods=3922 adapters=262
 compilation: enabled

Compilation events (10 events):
Event: 14.446 Thread 0x00007f846c0ae800 3921       4       java.util.regex.Matcher::search (109 bytes)
Event: 14.446 Thread 0x00007f846c0b1800 3925       4       java.util.TreeMap$PrivateEntryIterator::nextEntry (54 bytes)
Event: 14.449 Thread 0x00007f846c0b1800 nmethod 3925 0x00007f845dd81150 code [0x00007f845dd812a0, 0x00007f845dd81418]
Event: 14.454 Thread 0x00007f846c0b1800 3931       4       java.util.regex.Pattern$Branch::match (66 bytes)
Event: 14.455 Thread 0x00007f846c0ae800 nmethod 3921 0x00007f845dd7ee10 code [0x00007f845dd7efc0, 0x00007f845dd7f638]
Event: 14.455 Thread 0x00007f846c0b3800 3932       3       java.util.regex.Pattern::newSingle (98 bytes)
Event: 14.456 Thread 0x00007f846c0b1800 nmethod 3931 0x00007f845dd81590 code [0x00007f845dd816e0, 0x00007f845dd81878]
Event: 14.457 Thread 0x00007f846c0b3800 nmethod 3932 0x00007f845dd83350 code [0x00007f845dd83600, 0x00007f845dd847a8]
Event: 14.457 Thread 0x00007f846c0b3800 3933       3       java.lang.AbstractStringBuilder::append (54 bytes)
Event: 14.457 Thread 0x00007f846c0b3800 nmethod 3933 0x00007f845dd80510 code [0x00007f845dd806e0, 0x00007f845dd80fe8]

GC Heap History (10 events):
Event: 6.010 GC heap after
Heap after GC invocations=2 (full 0):
 PSYoungGen      total 75264K, used 9707K [0x000000076c380000, 0x0000000775680000, 0x00000007c0000000)
  eden space 64512K, 0% used [0x000000076c380000,0x000000076c380000,0x0000000770280000)
  from space 10752K, 90% used [0x0000000770d00000,0x000000077167aec0,0x0000000771780000)
  to   space 10752K, 0% used [0x0000000770280000,0x0000000770280000,0x0000000770d00000)
 ParOldGen       total 172032K, used 24K [0x00000006c4a00000, 0x00000006cf200000, 0x000000076c380000)
  object space 172032K, 0% used [0x00000006c4a00000,0x00000006c4a06000,0x00000006cf200000)
 Metaspace       used 15263K, capacity 15514K, committed 15744K, reserved 1062912K
  class space    used 1805K, capacity 1915K, committed 1920K, reserved 1048576K
}
Event: 8.957 GC heap before
{Heap before GC invocations=3 (full 0):
 PSYoungGen      total 75264K, used 74219K [0x000000076c380000, 0x0000000775680000, 0x00000007c0000000)
  eden space 64512K, 100% used [0x000000076c380000,0x0000000770280000,0x0000000770280000)
  from space 10752K, 90% used [0x0000000770d00000,0x000000077167aec0,0x0000000771780000)
  to   space 10752K, 0% used [0x0000000770280000,0x0000000770280000,0x0000000770d00000)
 ParOldGen       total 172032K, used 24K [0x00000006c4a00000, 0x00000006cf200000, 0x000000076c380000)
  object space 172032K, 0% used [0x00000006c4a00000,0x00000006c4a06000,0x00000006cf200000)
 Metaspace       used 17538K, capacity 18044K, committed 18176K, reserved 1064960K
  class space    used 2095K, capacity 2264K, committed 2304K, reserved 1048576K
Event: 9.001 GC heap after
Heap after GC invocations=3 (full 0):
 PSYoungGen      total 75264K, used 10720K [0x000000076c380000, 0x0000000775680000, 0x00000007c0000000)
  eden space 64512K, 0% used [0x000000076c380000,0x000000076c380000,0x0000000770280000)
  from space 10752K, 99% used [0x0000000770280000,0x0000000770cf8020,0x0000000770d00000)
  to   space 10752K, 0% used [0x0000000774c00000,0x0000000774c00000,0x0000000775680000)
 ParOldGen       total 172032K, used 1929K [0x00000006c4a00000, 0x00000006cf200000, 0x000000076c380000)
  object space 172032K, 1% used [0x00000006c4a00000,0x00000006c4be2758,0x00000006cf200000)
 Metaspace       used 17538K, capacity 18044K, committed 18176K, reserved 1064960K
  class space    used 2095K, capacity 2264K, committed 2304K, reserved 1048576K
}
Event: 9.926 GC heap before
{Heap before GC invocations=4 (full 0):
 PSYoungGen      total 75264K, used 75232K [0x000000076c380000, 0x0000000775680000, 0x00000007c0000000)
  eden space 64512K, 100% used [0x000000076c380000,0x0000000770280000,0x0000000770280000)
  from space 10752K, 99% used [0x0000000770280000,0x0000000770cf8020,0x0000000770d00000)
  to   space 10752K, 0% used [0x0000000774c00000,0x0000000774c00000,0x0000000775680000)
 ParOldGen       total 172032K, used 1929K [0x00000006c4a00000, 0x00000006cf200000, 0x000000076c380000)
  object space 172032K, 1% used [0x00000006c4a00000,0x00000006c4be2758,0x00000006cf200000)
 Metaspace       used 18446K, capacity 18996K, committed 19072K, reserved 1067008K
  class space    used 2191K, capacity 2368K, committed 2432K, reserved 1048576K
Event: 9.958 GC heap after
Heap after GC invocations=4 (full 0):
 PSYoungGen      total 139776K, used 10749K [0x000000076c380000, 0x0000000775680000, 0x00000007c0000000)
  eden space 129024K, 0% used [0x000000076c380000,0x000000076c380000,0x0000000774180000)
  from space 10752K, 99% used [0x0000000774c00000,0x000000077567f548,0x0000000775680000)
  to   space 10752K, 0% used [0x0000000774180000,0x0000000774180000,0x0000000774c00000)
 ParOldGen       total 172032K, used 3699K [0x00000006c4a00000, 0x00000006cf200000, 0x000000076c380000)
  object space 172032K, 2% used [0x00000006c4a00000,0x00000006c4d9cf60,0x00000006cf200000)
 Metaspace       used 18446K, capacity 18996K, committed 19072K, reserved 1067008K
  class space    used 2191K, capacity 2368K, committed 2432K, reserved 1048576K
}
Event: 11.845 GC heap before
{Heap before GC invocations=5 (full 0):
 PSYoungGen      total 139776K, used 139773K [0x000000076c380000, 0x0000000775680000, 0x00000007c0000000)
  eden space 129024K, 100% used [0x000000076c380000,0x0000000774180000,0x0000000774180000)
  from space 10752K, 99% used [0x0000000774c00000,0x000000077567f548,0x0000000775680000)
  to   space 10752K, 0% used [0x0000000774180000,0x0000000774180000,0x0000000774c00000)
 ParOldGen       total 172032K, used 3699K [0x00000006c4a00000, 0x00000006cf200000, 0x000000076c380000)
  object space 172032K, 2% used [0x00000006c4a00000,0x00000006c4d9cf60,0x00000006cf200000)
 Metaspace       used 19214K, capacity 19822K, committed 19968K, reserved 1067008K
  class space    used 2252K, capacity 2451K, committed 2560K, reserved 1048576K
Event: 11.885 GC heap after
Heap after GC invocations=5 (full 0):
 PSYoungGen      total 139776K, used 10720K [0x000000076c380000, 0x000000077db80000, 0x00000007c0000000)
  eden space 129024K, 0% used [0x000000076c380000,0x000000076c380000,0x0000000774180000)
  from space 10752K, 99% used [0x0000000774180000,0x0000000774bf8020,0x0000000774c00000)
  to   space 14336K, 0% used [0x000000077cd80000,0x000000077cd80000,0x000000077db80000)
 ParOldGen       total 172032K, used 5236K [0x00000006c4a00000, 0x00000006cf200000, 0x000000076c380000)
  object space 172032K, 3% used [0x00000006c4a00000,0x00000006c4f1d270,0x00000006cf200000)
 Metaspace       used 19214K, capacity 19822K, committed 19968K, reserved 1067008K
  class space    used 2252K, capacity 2451K, committed 2560K, reserved 1048576K
}
Event: 13.552 GC heap before
{Heap before GC invocations=6 (full 0):
 PSYoungGen      total 139776K, used 139744K [0x000000076c380000, 0x000000077db80000, 0x00000007c0000000)
  eden space 129024K, 100% used [0x000000076c380000,0x0000000774180000,0x0000000774180000)
  from space 10752K, 99% used [0x0000000774180000,0x0000000774bf8020,0x0000000774c00000)
  to   space 14336K, 0% used [0x000000077cd80000,0x000000077cd80000,0x000000077db80000)
 ParOldGen       total 172032K, used 5236K [0x00000006c4a00000, 0x00000006cf200000, 0x000000076c380000)
  object space 172032K, 3% used [0x00000006c4a00000,0x00000006c4f1d270,0x00000006cf200000)
 Metaspace       used 19637K, capacity 20390K, committed 20480K, reserved 1067008K
  class space    used 2279K, capacity 2486K, committed 2560K, reserved 1048576K
Event: 13.619 GC heap after
Heap after GC invocations=6 (full 0):
 PSYoungGen      total 271360K, used 11726K [0x000000076c380000, 0x000000077da80000, 0x00000007c0000000)
  eden space 258048K, 0% used [0x000000076c380000,0x000000076c380000,0x000000077bf80000)
  from space 13312K, 88% used [0x000000077cd80000,0x000000077d8f3950,0x000000077da80000)
  to   space 13824K, 0% used [0x000000077bf80000,0x000000077bf80000,0x000000077cd00000)
 ParOldGen       total 172032K, used 5244K [0x00000006c4a00000, 0x00000006cf200000, 0x000000076c380000)
  object space 172032K, 3% used [0x00000006c4a00000,0x00000006c4f1f270,0x00000006cf200000)
 Metaspace       used 19637K, capacity 20390K, committed 20480K, reserved 1067008K
  class space    used 2279K, capacity 2486K, committed 2560K, reserved 1048576K
}
Event: 14.470 GC heap before
{Heap before GC invocations=7 (full 0):
 PSYoungGen      total 271360K, used 27446K [0x000000076c380000, 0x000000077da80000, 0x00000007c0000000)
  eden space 258048K, 6% used [0x000000076c380000,0x000000076d2d9ef0,0x000000077bf80000)
  from space 13312K, 88% used [0x000000077cd80000,0x000000077d8f3950,0x000000077da80000)
  to   space 13824K, 0% used [0x000000077bf80000,0x000000077bf80000,0x000000077cd00000)
 ParOldGen       total 172032K, used 5244K [0x00000006c4a00000, 0x00000006cf200000, 0x000000076c380000)
  object space 172032K, 3% used [0x00000006c4a00000,0x00000006c4f1f270,0x00000006cf200000)
 Metaspace       used 20563K, capacity 21254K, committed 21296K, reserved 1069056K
  class space    used 2370K, capacity 2582K, committed 2608K, reserved 1048576K

Deoptimization events (10 events):
Event: 14.055 Thread 0x00007f846c00a000 Uncommon trap: reason=bimorphic action=maybe_recompile pc=0x00007f845d8c2530 method=java.util.Hashtable.putAll(Ljava/util/Map;)V @ 1
Event: 14.056 Thread 0x00007f846c00a000 Uncommon trap: reason=bimorphic action=maybe_recompile pc=0x00007f845d8c2530 method=java.util.Hashtable.putAll(Ljava/util/Map;)V @ 1
Event: 14.091 Thread 0x00007f846c00a000 Uncommon trap: reason=bimorphic action=maybe_recompile pc=0x00007f845d8c2530 method=java.util.Hashtable.putAll(Ljava/util/Map;)V @ 1
Event: 14.176 Thread 0x00007f846c00a000 Uncommon trap: reason=unstable_if action=reinterpret pc=0x00007f845dcf0ebc method=java.io.UnixFileSystem.resolve(Ljava/lang/String;Ljava/lang/String;)Ljava/lang/String; @ 6
Event: 14.204 Thread 0x00007f846c00a000 Uncommon trap: reason=unstable_if action=reinterpret pc=0x00007f845dd2499c method=java.util.TreeMap.put(Ljava/lang/Object;Ljava/lang/Object;)Ljava/lang/Object; @ 55
Event: 14.283 Thread 0x00007f846c00a000 Uncommon trap: reason=unstable_if action=reinterpret pc=0x00007f845dbd4ce0 method=java.util.Properties$LineReader.readLine()I @ 37
Event: 14.388 Thread 0x00007f846c00a000 Uncommon trap: reason=bimorphic action=maybe_recompile pc=0x00007f845d57fbdc method=java.util.regex.Pattern$5.isSatisfiedBy(I)Z @ 5
Event: 14.388 Thread 0x00007f846c00a000 Uncommon trap: reason=bimorphic action=maybe_recompile pc=0x00007f845d57fbdc method=java.util.regex.Pattern$5.isSatisfiedBy(I)Z @ 5
Event: 14.388 Thread 0x00007f846c00a000 Uncommon trap: reason=bimorphic action=maybe_recompile pc=0x00007f845d57fbdc method=java.util.regex.Pattern$5.isSatisfiedBy(I)Z @ 5
Event: 14.388 Thread 0x00007f846c00a000 Uncommon trap: reason=bimorphic action=maybe_recompile pc=0x00007f845d57fbdc method=java.util.regex.Pattern$5.isSatisfiedBy(I)Z @ 5

Internal exceptions (10 events):
Event: 4.699 Thread 0x00007f846c00a000 Exception <a 'java/lang/NullPointerException'> (0x000000076cf51548) thrown at [/tmp/buildd/openjdk-8-8u121-b13/src/hotspot/src/share/vm/interpreter/linkResolver.cpp, line 1178]
Event: 4.699 Thread 0x00007f846c00a000 Exception <a 'java/lang/NullPointerException'> (0x000000076cf51760) thrown at [/tmp/buildd/openjdk-8-8u121-b13/src/hotspot/src/share/vm/interpreter/linkResolver.cpp, line 1178]
Event: 4.699 Thread 0x00007f846c00a000 Exception <a 'java/lang/NullPointerException'> (0x000000076cf51978) thrown at [/tmp/buildd/openjdk-8-8u121-b13/src/hotspot/src/share/vm/interpreter/linkResolver.cpp, line 1178]
Event: 5.179 Thread 0x00007f846c00a000 Implicit null exception at 0x00007f845d5d6943 to 0x00007f845d5d7335
Event: 6.389 Thread 0x00007f846c00a000 Exception <a 'java/lang/NoClassDefFoundError': org/sonatype/aether/version/VersionConstraint> (0x000000076ced2e30) thrown at [/tmp/buildd/openjdk-8-8u121-b13/src/hotspot/src/share/vm/classfile/systemDictionary.cpp, line 199]
Event: 6.569 Thread 0x00007f846c00a000 Implicit null exception at 0x00007f845d2a2df5 to 0x00007f845d2a3005
Event: 6.570 Thread 0x00007f846c00a000 Implicit null exception at 0x00007f845d2b432f to 0x00007f845d2b4399
Event: 7.900 Thread 0x00007f846c00a000 Exception <a 'java/lang/NoClassDefFoundError': org/sonatype/aether/version/VersionConstraint> (0x000000076f47b3e0) thrown at [/tmp/buildd/openjdk-8-8u121-b13/src/hotspot/src/share/vm/classfile/systemDictionary.cpp, line 199]
Event: 11.659 Thread 0x00007f846c00a000 Implicit null exception at 0x00007f845d843901 to 0x00007f845d844b71
Event: 14.283 Thread 0x00007f846c00a000 Implicit null exception at 0x00007f845dbd49ee to 0x00007f845dbd4cb5

Events (10 events):
Event: 14.452 loading class aQute/bnd/osgi/Clazz$Def done
Event: 14.452 loading class aQute/bnd/osgi/Clazz$MethodDef
Event: 14.452 loading class aQute/bnd/osgi/Clazz$MethodDef done
Event: 14.452 loading class aQute/bnd/osgi/Clazz$MethodDef
Event: 14.452 loading class aQute/bnd/osgi/Clazz$MethodDef done
Event: 14.453 loading class aQute/bnd/osgi/Clazz$QUERY
Event: 14.453 loading class aQute/bnd/osgi/Clazz$QUERY done
Event: 14.453 loading class aQute/bnd/osgi/Clazz$QUERY
Event: 14.453 loading class aQute/bnd/osgi/Clazz$QUERY done
Event: 14.470 Executing VM operation: CollectForMetadataAllocation


Dynamic libraries:
00400000-00401000 r-xp 00000000 00:23 90                                 /usr/lib/jvm/java-8-openjdk-amd64/jre/bin/java
00600000-00601000 r--p 00000000 00:23 90                                 /usr/lib/jvm/java-8-openjdk-amd64/jre/bin/java
00601000-00602000 rw-p 00001000 00:23 90                                 /usr/lib/jvm/java-8-openjdk-amd64/jre/bin/java
00669000-0068a000 rw-p 00000000 00:00 0                                  [heap]
6c4a00000-6cf200000 rw-p 00000000 00:00 0 
6cf200000-76c380000 ---p 00000000 00:00 0 
76c380000-77da80000 rw-p 00000000 00:00 0 
78d780000-7c0000000 ---p 00000000 00:00 0 
7c0000000-7c028c000 rw-p 00000000 00:00 0 
7c028c000-800000000 ---p 00000000 00:00 0 
7f8418000000-7f8418021000 rw-p 00000000 00:00 0 
7f8418021000-7f841c000000 ---p 00000000 00:00 0 
7f841cfff000-7f8420000000 rw-p 00000000 00:00 0 
7f8420000000-7f842128c000 rw-p 00000000 00:00 0 
7f842128c000-7f8424000000 ---p 00000000 00:00 0 
7f8424000000-7f8424021000 rw-p 00000000 00:00 0 
7f8424021000-7f8428000000 ---p 00000000 00:00 0 
7f8428000000-7f8429fc5000 rw-p 00000000 00:00 0 
7f8429fc5000-7f842c000000 ---p 00000000 00:00 0 
7f842c000000-7f842d908000 rw-p 00000000 00:00 0 
7f842d908000-7f8430000000 ---p 00000000 00:00 0 
7f8430000000-7f8430021000 rw-p 00000000 00:00 0 
7f8430021000-7f8434000000 ---p 00000000 00:00 0 
7f8434000000-7f8434021000 rw-p 00000000 00:00 0 
7f8434021000-7f8438000000 ---p 00000000 00:00 0 
7f8438000000-7f8438031000 rw-p 00000000 00:00 0 
7f8438031000-7f843c000000 ---p 00000000 00:00 0 
7f843c000000-7f843c021000 rw-p 00000000 00:00 0 
7f843c021000-7f8440000000 ---p 00000000 00:00 0 
7f8440000000-7f8440021000 rw-p 00000000 00:00 0 
7f8440021000-7f8444000000 ---p 00000000 00:00 0 
7f8445b59000-7f8445b9a000 rw-p 00000000 00:00 0 
7f8445b9a000-7f8445d5a000 ---p 00000000 00:00 0 
7f8445d5a000-7f8445d64000 r--s 0004d000 00:23 2644                       /root/workspace/pgjdbc/pgjdbc/256449789/.m2/org/osgi/org.osgi.enterprise/4.2.0/org.osgi.enterprise-4.2.0.jar
7f8445d64000-7f8445d66000 r--s 00003000 00:23 2627                       /root/workspace/pgjdbc/pgjdbc/256449789/.m2/org/slf4j/jcl-over-slf4j/1.7.12/jcl-over-slf4j-1.7.12.jar
7f8445d66000-7f8445d7b000 r--s 001b0000 00:23 2641                       /root/workspace/pgjdbc/pgjdbc/256449789/.m2/net/java/dev/jna/jna-platform/4.2.1/jna-platform-4.2.1.jar
7f8445d7b000-7f8445d7f000 r--s 00112000 00:23 2639                       /root/workspace/pgjdbc/pgjdbc/256449789/.m2/net/java/dev/jna/jna/4.2.1/jna-4.2.1.jar
7f8445d7f000-7f8445d81000 r--s 0000d000 00:23 2636                       /root/workspace/pgjdbc/pgjdbc/256449789/.m2/com/github/dblock/waffle/waffle-jna/1.7.5/waffle-jna-1.7.5.jar
7f8445d81000-7f8445d83000 r--s 00002000 00:23 4951                       /root/workspace/pgjdbc/pgjdbc/256449789/.m2/org/apache/maven/plugin-tools/maven-plugin-annotations/3.3/maven-plugin-annotations-3.3.jar
7f8445d83000-7f8445d88000 r--s 00020000 00:23 4947                       /root/workspace/pgjdbc/pgjdbc/256449789/.m2/org/apache/maven/surefire/surefire-api/2.18.1/surefire-api-2.18.1.jar
7f8445d88000-7f8445d8e000 r--s 00048000 00:23 4949                       /root/workspace/pgjdbc/pgjdbc/256449789/.m2/org/apache/commons/commons-lang3/3.1/commons-lang3-3.1.jar
7f8445d8e000-7f8445d8f000 r--s 00002000 00:23 3145                       /root/workspace/pgjdbc/pgjdbc/256449789/.m2/org/apache/maven/reporting/maven-reporting-api/3.0/maven-reporting-api-3.0.jar
7f8445d8f000-7f8445d91000 r--s 00008000 00:23 4944                       /root/workspace/pgjdbc/pgjdbc/256449789/.m2/org/apache/maven/surefire/surefire-booter/2.18.1/surefire-booter-2.18.1.jar
7f8445d91000-7f8445d97000 r--s 0003e000 00:23 4942                       /root/workspace/pgjdbc/pgjdbc/256449789/.m2/org/apache/maven/surefire/maven-surefire-common/2.18.1/maven-surefire-common-2.18.1.jar
7f8445d97000-7f8445d99000 r--s 00008000 00:23 2375                       /root/workspace/pgjdbc/pgjdbc/256449789/.m2/org/apache/maven/plugins/maven-surefire-plugin/2.18.1/maven-surefire-plugin-2.18.1.jar
7f8445d99000-7f8445d9c000 r--s 0001b000 00:23 4204                       /root/workspace/pgjdbc/pgjdbc/256449789/.m2/junit/junit/3.8.2/junit-3.8.2.jar
7f8445d9c000-7f8445daa000 r--s 0008f000 00:23 4202                       /root/workspace/pgjdbc/pgjdbc/256449789/.m2/com/google/collections/google-collections/1.0/google-collections-1.0.jar
7f8445daa000-7f8445dab000 r--s 0000a000 00:23 4200                       /root/workspace/pgjdbc/pgjdbc/256449789/.m2/commons-logging/commons-logging-api/1.1/commons-logging-api-1.1.jar
7f8445dab000-7f8445db2000 r--s 00051000 00:23 4197                       /root/workspace/pgjdbc/pgjdbc/256449789/.m2/log4j/log4j/1.2.12/log4j-1.2.12.jar
7f8445db2000-7f8445db6000 r--s 0001d000 00:23 4196                       /root/workspace/pgjdbc/pgjdbc/256449789/.m2/org/apache/xbean/xbean-reflect/3.4/xbean-reflect-3.4.jar
7f8445db6000-7f8445db7000 r--s 00004000 00:23 4190                       /root/workspace/pgjdbc/pgjdbc/256449789/.m2/org/codehaus/plexus/plexus-compiler-javac/2.5/plexus-compiler-javac-2.5.jar
7f8445db7000-7f8445db9000 r--s 00000000 00:23 4188                       /root/workspace/pgjdbc/pgjdbc/256449789/.m2/org/codehaus/plexus/plexus-compiler-manager/2.5/plexus-compiler-manager-2.5.jar
7f8445db9000-7f8445dbb000 r--s 00005000 00:23 4189                       /root/workspace/pgjdbc/pgjdbc/256449789/.m2/org/codehaus/plexus/plexus-compiler-api/2.5/plexus-compiler-api-2.5.jar
7f8445dbb000-7f8445dbd000 r--s 00002000 00:23 4185                       /root/workspace/pgjdbc/pgjdbc/256449789/.m2/org/apache/maven/shared/maven-shared-incremental/1.1/maven-shared-incremental-1.1.jar
7f8445dbd000-7f8445dbf000 r--s 00006000 00:23 4184                       /root/workspace/pgjdbc/pgjdbc/256449789/.m2/com/google/code/findbugs/jsr305/2.0.1/jsr305-2.0.1.jar
7f8445dbf000-7f8445dc3000 r--s 00026000 00:23 4182                       /root/workspace/pgjdbc/pgjdbc/256449789/.m2/org/apache/maven/shared/maven-shared-utils/0.7/maven-shared-utils-0.7.jar
7f8445dc3000-7f8445dcb000 r--s 00049000 00:23 4175                       /root/workspace/pgjdbc/pgjdbc/256449789/.m2/backport-util-concurrent/backport-util-concurrent/3.1/backport-util-concurrent-3.1.jar
7f8445dcb000-7f8445dcd000 r--s 00003000 00:23 4157                       /root/workspace/pgjdbc/pgjdbc/256449789/.m2/org/slf4j/jcl-over-slf4j/1.5.6/jcl-over-slf4j-1.5.6.jar
7f8445dcd000-7f8445dcf000 r--s 00001000 00:23 4140                       /root/workspace/pgjdbc/pgjdbc/256449789/.m2/org/slf4j/slf4j-jdk14/1.5.6/slf4j-jdk14-1.5.6.jar
7f8445dcf000-7f8445dd1000 r--s 0000b000 00:23 4147                       /root/workspace/pgjdbc/pgjdbc/256449789/.m2/org/codehaus/plexus/plexus-interpolation/1.11/plexus-interpolation-1.11.jar
7f8445dd1000-7f8445dd5000 r--s 00034000 00:23 4139                       /root/workspace/pgjdbc/pgjdbc/256449789/.m2/org/codehaus/plexus/plexus-utils/1.5.15/plexus-utils-1.5.15.jar
7f8445dd5000-7f8445dd7000 r--s 0000a000 00:23 2443                       /root/workspace/pgjdbc/pgjdbc/256449789/.m2/org/apache/maven/plugins/maven-compiler-plugin/3.3/maven-compiler-plugin-3.3.jar
7f8445dd7000-7f8445dd9000 r--s 0000d000 00:23 3939                       /root/workspace/pgjdbc/pgjdbc/256449789/.m2/org/codehaus/plexus/plexus-interpolation/1.13/plexus-interpolation-1.13.jar
7f8445dd9000-7f8445dda000 r--s 00001000 00:23 3936                       /root/workspace/pgjdbc/pgjdbc/256449789/.m2/org/sonatype/plexus/plexus-build-api/0.0.4/plexus-build-api-0.0.4.jar
7f8445dda000-7f8445ddc000 r--s 00009000 00:23 3935                       /root/workspace/pgjdbc/pgjdbc/256449789/.m2/org/apache/maven/shared/maven-filtering/1.1/maven-filtering-1.1.jar
7f8445ddc000-7f8445de0000 r--s 00033000 00:23 3925                       /root/workspace/pgjdbc/pgjdbc/256449789/.m2/org/codehaus/plexus/plexus-utils/2.0.5/plexus-utils-2.0.5.jar
7f8445de0000-7f8445de1000 r--s 00002000 00:23 3922                       /root/workspace/pgjdbc/pgjdbc/256449789/.m2/org/apache/maven/reporting/maven-reporting-api/2.0.6/maven-reporting-api-2.0.6.jar
7f8445de1000-7f8445de3000 r--s 00006000 00:23 2436                       /root/workspace/pgjdbc/pgjdbc/256449789/.m2/org/apache/maven/plugins/maven-resources-plugin/2.6/maven-resources-plugin-2.6.jar
7f8445de3000-7f8445fe3000 rw-p 00000000 00:00 0 
7f8445fe3000-7f8445fe5000 r--s 00008000 00:23 3165                       /root/workspace/pgjdbc/pgjdbc/256449789/.m2/org/apache/maven/shared/maven-shared-io/1.1/maven-shared-io-1.1.jar
7f8445fe5000-7f8445fe7000 r--s 00008000 00:23 3162                       /root/workspace/pgjdbc/pgjdbc/256449789/.m2/org/apache/maven/shared/file-management/1.2.1/file-management-1.2.1.jar
7f8445fe7000-7f8445fe9000 r--s 00002000 00:23 3637                       /root/workspace/pgjdbc/pgjdbc/256449789/.m2/org/apache/ant/ant-launcher/1.8.2/ant-launcher-1.8.2.jar
7f8445fe9000-7f8446007000 r--s 001bb000 00:23 3634                       /root/workspace/pgjdbc/pgjdbc/256449789/.m2/org/apache/ant/ant/1.8.2/ant-1.8.2.jar
7f8446007000-7f8446009000 r--s 00002000 00:23 3632                       /root/workspace/pgjdbc/pgjdbc/256449789/.m2/org/sonatype/plexus/plexus-cipher/1.4/plexus-cipher-1.4.jar
7f8446009000-7f844600a000 r--s 00006000 00:23 3630                       /root/workspace/pgjdbc/pgjdbc/256449789/.m2/org/sonatype/plexus/plexus-sec-dispatcher/1.3/plexus-sec-dispatcher-1.3.jar
7f844600a000-7f844600e000 r--s 00033000 00:23 3625                       /root/workspace/pgjdbc/pgjdbc/256449789/.m2/org/codehaus/plexus/plexus-utils/2.0.6/plexus-utils-2.0.6.jar
7f844600e000-7f8446010000 r--s 0000d000 00:23 3623                       /root/workspace/pgjdbc/pgjdbc/256449789/.m2/org/codehaus/plexus/plexus-interpolation/1.14/plexus-interpolation-1.14.jar
7f8446010000-7f8446014000 r--s 0001a000 00:23 3622                       /root/workspace/pgjdbc/pgjdbc/256449789/.m2/org/sonatype/aether/aether-util/1.11/aether-util-1.11.jar
7f8446014000-7f8446020000 r--s 0006b000 00:23 3601                       /root/workspace/pgjdbc/pgjdbc/256449789/.m2/org/sonatype/sisu/sisu-guice/2.9.4/sisu-guice-2.9.4-no_aop.jar
7f8446020000-7f8446026000 r--s 00033000 00:23 3598                       /root/workspace/pgjdbc/pgjdbc/256449789/.m2/org/sonatype/sisu/sisu-inject-bean/2.1.1/sisu-inject-bean-2.1.1.jar
7f8446026000-7f8446036000 r--s 000c5000 00:23 2354                       /root/workspace/pgjdbc/pgjdbc/256449789/.m2/com/igormaznitsa/jcp/6.0.1/jcp-6.0.1.jar
7f8446036000-7f844603b000 r--s 00039000 00:23 3405                       /root/workspace/pgjdbc/pgjdbc/256449789/.m2/org/codehaus/plexus/plexus-utils/1.5.6/plexus-utils-1.5.6.jar
7f844603b000-7f844603c000 r--s 00003000 00:23 2345                       /root/workspace/pgjdbc/pgjdbc/256449789/.m2/org/codehaus/mojo/properties-maven-plugin/1.0-alpha-2/properties-maven-plugin-1.0-alpha-2.jar
7f844603c000-7f844603d000 r--s 00001000 00:23 3369                       /root/workspace/pgjdbc/pgjdbc/256449789/.m2/org/apache/maven/doxia/doxia-sink-api/1.0-alpha-7/doxia-sink-api-1.0-alpha-7.jar
7f844603d000-7f844603f000 r--s 00000000 00:23 3365                       /root/workspace/pgjdbc/pgjdbc/256449789/.m2/org/apache/maven/reporting/maven-reporting-api/2.0.2/maven-reporting-api-2.0.2.jar
7f844603f000-7f8446040000 r--s 00005000 00:23 2320                       /root/workspace/pgjdbc/pgjdbc/256449789/.m2/org/codehaus/mojo/build-helper-maven-plugin/1.5/build-helper-maven-plugin-1.5.jar
7f8446040000-7f8446041000 r--s 00002000 00:23 3287                       /root/workspace/pgjdbc/pgjdbc/256449789/.m2/org/codehaus/plexus/plexus-i18n/1.0-beta-6/plexus-i18n-1.0-beta-6.jar
7f8446041000-7f8446046000 r--s 00040000 00:23 3286                       /root/workspace/pgjdbc/pgjdbc/256449789/.m2/org/beanshell/bsh/2.0b4/bsh-2.0b4.jar
7f8446046000-7f8446048000 r--s 00006000 00:23 3177                       /root/workspace/pgjdbc/pgjdbc/256449789/.m2/org/apache/maven/shared/maven-common-artifact-filters/1.4/maven-common-artifact-filters-1.4.jar
7f8446048000-7f844604b000 r--s 00013000 00:23 3282                       /root/workspace/pgjdbc/pgjdbc/256449789/.m2/org/apache/maven/enforcer/enforcer-rules/1.3.1/enforcer-rules-1.3.1.jar
7f844604b000-7f844604c000 r--s 00002000 00:23 3280                       /root/workspace/pgjdbc/pgjdbc/256449789/.m2/org/apache/maven/enforcer/enforcer-api/1.3.1/enforcer-api-1.3.1.jar
7f844604c000-7f8446050000 r--s 00038000 00:23 3278                       /root/workspace/pgjdbc/pgjdbc/256449789/.m2/commons-lang/commons-lang/2.3/commons-lang-2.3.jar
7f8446050000-7f8446055000 r--s 0003d000 00:23 3276                       /root/workspace/pgjdbc/pgjdbc/256449789/.m2/org/codehaus/plexus/plexus-utils/1.5.8/plexus-utils-1.5.8.jar
7f8446055000-7f8446056000 r--s 00002000 00:23 3274                       /root/workspace/pgjdbc/pgjdbc/256449789/.m2/org/apache/maven/doxia/doxia-sink-api/1.0-alpha-10/doxia-sink-api-1.0-alpha-10.jar
7f8446056000-7f8446057000 r--s 00002000 00:23 3272                       /root/workspace/pgjdbc/pgjdbc/256449789/.m2/org/apache/maven/reporting/maven-reporting-api/2.0.9/maven-reporting-api-2.0.9.jar
7f8446057000-7f8446059000 r--s 00005000 00:23 2334                       /root/workspace/pgjdbc/pgjdbc/256449789/.m2/org/apache/maven/plugins/maven-enforcer-plugin/1.3.1/maven-enforcer-plugin-1.3.1.jar
7f8446059000-7f8446259000 rw-p 00000000 00:00 0 
7f8446259000-7f844625b000 r--s 00004000 00:23 2309                       /root/workspace/pgjdbc/pgjdbc/256449789/.m2/org/apache/maven/doxia/doxia-module-xhtml/1.0/doxia-module-xhtml-1.0.jar
7f844625b000-7f844625c000 r--s 00006000 00:23 2305                       /root/workspace/pgjdbc/pgjdbc/256449789/.m2/org/apache/maven/doxia/doxia-module-xdoc/1.0/doxia-module-xdoc-1.0.jar
7f844625c000-7f844625d000 r--s 00004000 00:23 2304                       /root/workspace/pgjdbc/pgjdbc/256449789/.m2/org/apache/maven/doxia/doxia-module-fml/1.0/doxia-module-fml-1.0.jar
7f844625d000-7f844625f000 r--s 0000a000 00:23 2303                       /root/workspace/pgjdbc/pgjdbc/256449789/.m2/org/apache/maven/doxia/doxia-module-apt/1.0/doxia-module-apt-1.0.jar
7f844625f000-7f844626c000 r--s 0007f000 00:23 2299                       /root/workspace/pgjdbc/pgjdbc/256449789/.m2/commons-collections/commons-collections/3.2/commons-collections-3.2.jar
7f844626c000-7f844626d000 r--s 0000b000 00:23 2210                       /root/workspace/pgjdbc/pgjdbc/256449789/.m2/org/apache/maven/doxia/doxia-decoration-model/1.0/doxia-decoration-model-1.0.jar
7f844626d000-7f844626f000 r--s 0000e000 00:23 2297                       /root/workspace/pgjdbc/pgjdbc/256449789/.m2/oro/oro/2.0.8/oro-2.0.8.jar
7f844626f000-7f8446273000 r--s 0002f000 00:23 2296                       /root/workspace/pgjdbc/pgjdbc/256449789/.m2/commons-lang/commons-lang/2.1/commons-lang-2.1.jar
7f8446273000-7f844627b000 r--s 00058000 00:23 2293                       /root/workspace/pgjdbc/pgjdbc/256449789/.m2/org/apache/velocity/velocity/1.5/velocity-1.5.jar
7f844627b000-7f844627c000 r--s 00001000 00:23 2290                       /root/workspace/pgjdbc/pgjdbc/256449789/.m2/org/codehaus/plexus/plexus-velocity/1.1.7/plexus-velocity-1.1.7.jar
7f844627c000-7f844627d000 r--s 00002000 00:23 2289                       /root/workspace/pgjdbc/pgjdbc/256449789/.m2/org/codehaus/plexus/plexus-i18n/1.0-beta-7/plexus-i18n-1.0-beta-7.jar
7f844627d000-7f8446280000 r--s 0000b000 00:23 2285                       /root/workspace/pgjdbc/pgjdbc/256449789/.m2/org/apache/maven/doxia/doxia-core/1.0/doxia-core-1.0.jar
7f8446280000-7f8446282000 r--s 0000a000 00:23 2284                       /root/workspace/pgjdbc/pgjdbc/256449789/.m2/org/apache/maven/doxia/doxia-site-renderer/1.0/doxia-site-renderer-1.0.jar
7f8446282000-7f8446283000 r--s 00002000 00:23 2282                       /root/workspace/pgjdbc/pgjdbc/256449789/.m2/org/apache/maven/doxia/doxia-sink-api/1.0/doxia-sink-api-1.0.jar
7f8446283000-7f8446287000 r--s 00035000 00:23 2281                       /root/workspace/pgjdbc/pgjdbc/256449789/.m2/org/codehaus/plexus/plexus-utils/3.0.10/plexus-utils-3.0.10.jar
7f8446287000-7f844628b000 r--s 0001d000 00:23 2279                       /root/workspace/pgjdbc/pgjdbc/256449789/.m2/org/eclipse/aether/aether-util/0.9.0.M2/aether-util-0.9.0.M2.jar
7f844628b000-7f844628d000 r--s 00000000 00:23 2275                       /root/workspace/pgjdbc/pgjdbc/256449789/.m2/org/codehaus/plexus/plexus-component-annotations/1.5.5/plexus-component-annotations-1.5.5.jar
7f844628d000-7f8446290000 r--s 0000c000 00:23 2273                       /root/workspace/pgjdbc/pgjdbc/256449789/.m2/org/apache/maven/shared/maven-dependency-tree/2.1/maven-dependency-tree-2.1.jar
7f8446290000-7f8446292000 r--s 0000d000 00:23 2272                       /root/workspace/pgjdbc/pgjdbc/256449789/.m2/org/codehaus/plexus/plexus-interpolation/1.15/plexus-interpolation-1.15.jar
7f8446292000-7f8446295000 r--s 0000c000 00:23 2270                       /root/workspace/pgjdbc/pgjdbc/256449789/.m2/org/codehaus/plexus/plexus-io/2.0.2/plexus-io-2.0.2.jar
7f8446295000-7f844629a000 r--s 00029000 00:23 2269                       /root/workspace/pgjdbc/pgjdbc/256449789/.m2/org/codehaus/plexus/plexus-archiver/2.1/plexus-archiver-2.1.jar
7f844629a000-7f844629c000 r--s 00004000 00:23 2267                       /root/workspace/pgjdbc/pgjdbc/256449789/.m2/org/apache/maven/maven-archiver/2.5/maven-archiver-2.5.jar
7f844629c000-7f844629e000 r--s 00002000 00:23 2214                       /root/workspace/pgjdbc/pgjdbc/256449789/.m2/org/codehaus/plexus/plexus-interactivity-api/1.0-alpha-4/plexus-interactivity-api-1.0-alpha-4.jar
7f844629e000-7f84462a0000 r--s 00006000 00:23 2249                       /root/workspace/pgjdbc/pgjdbc/256449789/.m2/commons-cli/commons-cli/1.0/commons-cli-1.0.jar
7f84462a0000-7f84462a3000 r--s 0001b000 00:23 2225                       /root/workspace/pgjdbc/pgjdbc/256449789/.m2/junit/junit/3.8.1/junit-3.8.1.jar
7f84462a3000-7f84462a4000 r--s 00002000 00:23 2232                       /root/workspace/pgjdbc/pgjdbc/256449789/.m2/org/apache/maven/reporting/maven-reporting-api/2.0.7/maven-reporting-api-2.0.7.jar
7f84462a4000-7f84462b2000 r--s 00088000 00:23 2223                       /root/workspace/pgjdbc/pgjdbc/256449789/.m2/org/osgi/org.osgi.compendium/4.2.0/org.osgi.compendium-4.2.0.jar
7f84462b2000-7f84462b4000 r--s 0000f000 00:23 2221                       /root/workspace/pgjdbc/pgjdbc/256449789/.m2/org/apache/felix/org.apache.felix.utils/1.6.0/org.apache.felix.utils-1.6.0.jar
7f84462b4000-7f84462b6000 r--s 00012000 00:23 2219                       /root/workspace/pgjdbc/pgjdbc/256449789/.m2/org/easymock/easymock/2.4/easymock-2.4.jar
7f84462b6000-7f84462ba000 r--s 00026000 00:23 2217                       /root/workspace/pgjdbc/pgjdbc/256449789/.m2/org/apache/felix/org.apache.felix.bundlerepository/1.6.6/org.apache.felix.bundlerepository-1.6.6.jar
7f84462ba000-7f84462c1000 r--s 0004f000 00:23 2215                       /root/workspace/pgjdbc/pgjdbc/256449789/.m2/org/osgi/org.osgi.core/4.3.1/org.osgi.core-4.3.1.jar
7f84462c1000-7f84462e2000 r--s 001c3000 00:23 2213                       /root/workspace/pgjdbc/pgjdbc/256449789/.m2/biz/aQute/bnd/bndlib/2.4.0/bndlib-2.4.0.jar
7f84462e2000-7f84462e5000 r--s 00028000 00:23 2211                       /root/workspace/pgjdbc/pgjdbc/256449789/.m2/org/apache/felix/maven-bundle-plugin/2.5.3/maven-bundle-plugin-2.5.3.jar
7f84462e5000-7f84462f6000 r-xp 00000000 00:23 162                        /usr/lib/jvm/java-8-openjdk-amd64/jre/lib/amd64/libnio.so
7f84462f6000-7f84464f6000 ---p 00011000 00:23 162                        /usr/lib/jvm/java-8-openjdk-amd64/jre/lib/amd64/libnio.so
7f84464f6000-7f84464f7000 r--p 00011000 00:23 162                        /usr/lib/jvm/java-8-openjdk-amd64/jre/lib/amd64/libnio.so
7f84464f7000-7f84464f8000 rw-p 00012000 00:23 162                        /usr/lib/jvm/java-8-openjdk-amd64/jre/lib/amd64/libnio.so
7f84464f8000-7f844650f000 r-xp 00000000 00:23 153                        /usr/lib/jvm/java-8-openjdk-amd64/jre/lib/amd64/libnet.so
7f844650f000-7f844670e000 ---p 00017000 00:23 153                        /usr/lib/jvm/java-8-openjdk-amd64/jre/lib/amd64/libnet.so
7f844670e000-7f844670f000 r--p 00016000 00:23 153                        /usr/lib/jvm/java-8-openjdk-amd64/jre/lib/amd64/libnet.so
7f844670f000-7f8446710000 rw-p 00017000 00:23 153                        /usr/lib/jvm/java-8-openjdk-amd64/jre/lib/amd64/libnet.so
7f8446710000-7f8446910000 rw-p 00000000 00:00 0 
7f8446910000-7f8446914000 r--s 0009a000 00:23 120                        /usr/lib/jvm/java-8-openjdk-amd64/jre/lib/jsse.jar
7f8446914000-7f8446b14000 rw-p 00000000 00:00 0 
7f8446b14000-7f8446d14000 rw-p 00000000 00:00 0 
7f8446d14000-7f8446d15000 r--s 00002000 00:23 1575                       /usr/share/maven/lib/wagon-file-2.10.jar
7f8446d15000-7f8446d17000 r--s 00005000 00:23 1574                       /usr/share/maven/lib/aether-transport-wagon-1.0.2.v20150114.jar
7f8446d17000-7f8446d19000 r--s 0000c000 00:23 1573                       /usr/share/maven/lib/maven-artifact-3.3.9.jar
7f8446d19000-7f8446d1d000 r--s 00027000 00:23 1572                       /usr/share/maven/lib/commons-io-2.2.jar
7f8446d1d000-7f8446d23000 r--s 00042000 00:23 1568                       /usr/share/maven/lib/jsoup-1.7.2.jar
7f8446d23000-7f8446d51000 r--s 001fa000 00:23 1567                       /usr/share/maven/lib/wagon-http-2.10-shaded.jar
7f8446d51000-7f8446d55000 r--s 00038000 00:23 1565                       /usr/share/maven/lib/plexus-utils-3.0.22.jar
7f8446d55000-7f8446d57000 r--s 00009000 00:23 1564                       /usr/share/maven/lib/maven-settings-builder-3.3.9.jar
7f8446d57000-7f8446d5b000 r--s 00020000 00:23 1563                       /usr/share/maven/lib/aether-util-1.0.2.v20150114.jar
7f8446d5b000-7f8446d60000 r--s 0001d000 00:23 1561                       /usr/share/maven/lib/aether-api-1.0.2.v20150114.jar
7f8446d60000-7f8446d62000 r--s 00002000 00:23 1560                       /usr/share/maven/lib/plexus-cipher-1.7.jar
7f8446d62000-7f8446d6f000 r--s 0008f000 00:23 1559                       /usr/share/maven/lib/maven-core-3.3.9.jar
7f8446d6f000-7f8446d71000 r--s 00000000 00:23 1558                       /usr/share/maven/lib/aopalliance-1.0.jar
7f8446d71000-7f8446d76000 r--s 00041000 00:23 1557                       /usr/share/maven/lib/commons-lang-2.6.jar
7f8446d76000-7f8446d77000 r--s 00003000 00:23 1556                       /usr/share/maven/lib/maven-builder-support-3.3.9.jar
7f8446d77000-7f8446d79000 r--s 00009000 00:23 1554                       /usr/share/maven/lib/commons-cli-1.2.jar
7f8446d79000-7f8446d7c000 r--s 0000d000 00:23 1553                       /usr/share/maven/lib/plexus-interpolation-1.21.jar
7f8446d7c000-7f8446d7e000 r--s 00000000 00:23 1550                       /usr/share/maven/lib/plexus-component-annotations-1.6.jar
7f8446d7e000-7f8446d81000 r--s 00026000 00:23 1549                       /usr/share/maven/lib/maven-model-3.3.9.jar
7f8446d81000-7f8446d83000 r--s 00005000 00:23 1547                       /usr/share/maven/lib/slf4j-api-1.7.5.jar
7f8446d83000-7f8446d86000 r--s 00008000 00:23 1545                       /usr/share/maven/lib/cdi-api-1.0.jar
7f8446d86000-7f8446d87000 r--s 00002000 00:23 1544                       /usr/share/maven/lib/wagon-http-shared-2.10.jar
7f8446d87000-7f8446d8b000 r--s 00027000 00:23 1543                       /usr/share/maven/lib/aether-impl-1.0.2.v20150114.jar
7f8446d8b000-7f8446d8c000 r--s 00008000 00:23 1539                       /usr/share/maven/lib/aether-connector-basic-1.0.2.v20150114.jar
7f8446d8c000-7f8446d8e000 r--s 00006000 00:23 1538                       /usr/share/maven/lib/aether-spi-1.0.2.v20150114.jar
7f8446d8e000-7f8446d8f000 r--s 00006000 00:23 1533                       /usr/share/maven/lib/plexus-sec-dispatcher-1.3.jar
7f8446d8f000-7f8446d96000 r--s 00064000 00:23 1530                       /usr/share/maven/lib/commons-lang3-3.4.jar
7f8446d96000-7f8446d98000 r--s 0000f000 00:23 1529                       /usr/share/maven/lib/maven-aether-provider-3.3.9.jar
7f8446d98000-7f8446d9e000 r--s 0002d000 00:23 1528                       /usr/share/maven/lib/org.eclipse.sisu.plexus-0.3.2.jar
7f8446d9e000-7f8446d9f000 r--s 00000000 00:23 1526                       /usr/share/maven/lib/javax.inject-1.jar
7f8446d9f000-7f8446dca000 r--s 001fc000 00:23 1525                       /usr/share/maven/lib/guava-18.0.jar
7f8446dca000-7f8446dcb000 r--s 00006000 00:23 1523                       /usr/share/maven/lib/maven-repository-metadata-3.3.9.jar
7f8446dcb000-7f8446dd3000 r--s 00055000 00:23 1522                       /usr/share/maven/lib/org.eclipse.sisu.inject-0.3.2.jar
7f8446dd3000-7f8446dd9000 r--s 00041000 00:23 1519                       /usr/share/maven/lib/maven-compat-3.3.9.jar
7f8446dd9000-7f8446dda000 r--s 0000a000 00:23 1518                       /usr/share/maven/lib/maven-settings-3.3.9.jar
7f8446dda000-7f8446de3000 r--s 0005f000 00:23 1514                       /usr/share/maven/lib/guice-4.0-no_aop.jar
7f8446de3000-7f8446dfe000 r--s 001d6000 00:23 135                        /usr/lib/jvm/java-8-openjdk-amd64/jre/lib/ext/nashorn.jar
7f8446dfe000-7f8446e19000 r--s 00394000 00:23 126                        /usr/lib/jvm/java-8-openjdk-amd64/jre/lib/ext/cldrdata.jar
7f8446e19000-7f8446e1a000 ---p 00000000 00:00 0 
7f8446e1a000-7f8446f1a000 rw-p 00000000 00:00 0                          [stack:11512]
7f8446f1a000-7f8446f1d000 ---p 00000000 00:00 0 
7f8446f1d000-7f844701b000 rw-p 00000000 00:00 0                          [stack:11511]
7f844701b000-7f844701e000 ---p 00000000 00:00 0 
7f844701e000-7f844711c000 rw-p 00000000 00:00 0                          [stack:11510]
7f844711c000-7f844711f000 ---p 00000000 00:00 0 
7f844711f000-7f844721d000 rw-p 00000000 00:00 0                          [stack:11509]
7f844721d000-7f8447220000 ---p 00000000 00:00 0 
7f8447220000-7f844731e000 rw-p 00000000 00:00 0                          [stack:11508]
7f844731e000-7f8447321000 ---p 00000000 00:00 0 
7f8447321000-7f844741f000 rw-p 00000000 00:00 0                          [stack:11507]
7f844741f000-7f8447445000 r--p 00000000 00:23 59                         /usr/lib/locale/C.UTF-8/LC_CTYPE
7f8447445000-7f84475b4000 r--p 00000000 00:23 56                         /usr/lib/locale/C.UTF-8/LC_COLLATE
7f84475b4000-7f84475b7000 ---p 00000000 00:00 0 
7f84475b7000-7f84476b5000 rw-p 00000000 00:00 0                          [stack:11506]
7f84476b5000-7f84476b8000 ---p 00000000 00:00 0 
7f84476b8000-7f84477b6000 rw-p 00000000 00:00 0                          [stack:11505]
7f84477b6000-7f84477b7000 ---p 00000000 00:00 0 
7f84477b7000-7f8448000000 rw-p 00000000 00:00 0                          [stack:11504]
7f8448000000-7f8448021000 rw-p 00000000 00:00 0 
7f8448021000-7f844c000000 ---p 00000000 00:00 0 
7f844c000000-7f844c021000 rw-p 00000000 00:00 0 
7f844c021000-7f8450000000 ---p 00000000 00:00 0 
7f8450000000-7f8450021000 rw-p 00000000 00:00 0 
7f8450021000-7f8454000000 ---p 00000000 00:00 0 
7f8454000000-7f8454002000 r--s 0000a000 00:23 1512                       /usr/share/maven/lib/maven-plugin-api-3.3.9.jar
7f8454002000-7f8454005000 r--s 0000b000 00:23 1511                       /usr/share/maven/lib/wagon-provider-api-2.10.jar
7f8454005000-7f845400a000 r--s 00027000 00:23 1510                       /usr/share/maven/lib/maven-model-builder-3.3.9.jar
7f845400a000-7f845400d000 r--s 00013000 00:23 1508                       /usr/share/maven/lib/maven-embedder-3.3.9.jar
7f845400d000-7f8454017000 r--s 00116000 00:23 137                        /usr/lib/jvm/java-8-openjdk-amd64/jre/lib/ext/localedata.jar
7f8454017000-7f8454882000 rw-p 00000000 00:00 0 
7f8454882000-7f8454a50000 r--s 03c06000 00:23 119                        /usr/lib/jvm/java-8-openjdk-amd64/jre/lib/rt.jar
7f8454a50000-7f845d000000 rw-p 00000000 00:00 0 
7f845d000000-7f845dd90000 rwxp 00000000 00:00 0 
7f845dd90000-7f846c000000 ---p 00000000 00:00 0 
7f846c000000-7f846cdfe000 rw-p 00000000 00:00 0 
7f846cdfe000-7f8470000000 ---p 00000000 00:00 0 
7f8470000000-7f8470001000 r--s 00002000 00:23 1516                       /usr/share/maven/lib/slf4j-simple-1.7.5.jar
7f8470001000-7f8470002000 r--s 00001000 00:23 1509                       /usr/share/maven/lib/jsr250-api-1.0.jar
7f8470002000-7f8470004000 r--s 0000b000 00:23 1496                       /usr/share/maven/boot/plexus-classworlds-2.5.2.jar
7f8470004000-7f8470006000 r--s 00008000 00:23 136                        /usr/lib/jvm/java-8-openjdk-amd64/jre/lib/ext/sunec.jar
7f8470006000-7f8470009000 r--s 0000f000 00:23 134                        /usr/lib/jvm/java-8-openjdk-amd64/jre/lib/ext/icedtea-sound.jar
7f8470009000-7f847000d000 r--s 00037000 00:23 131                        /usr/lib/jvm/java-8-openjdk-amd64/jre/lib/ext/sunpkcs11.jar
7f847000d000-7f84708ab000 rw-p 00000000 00:00 0 
7f84708ab000-7f84708ac000 ---p 00000000 00:00 0 
7f84708ac000-7f84709ac000 rw-p 00000000 00:00 0                          [stack:11503]
7f84709ac000-7f84709ad000 ---p 00000000 00:00 0 
7f84709ad000-7f8470aad000 rw-p 00000000 00:00 0                          [stack:11502]
7f8470aad000-7f8470aae000 ---p 00000000 00:00 0 
7f8470aae000-7f8470bae000 rw-p 00000000 00:00 0                          [stack:11501]
7f8470bae000-7f8470baf000 ---p 00000000 00:00 0 
7f8470baf000-7f8470d03000 rw-p 00000000 00:00 0                          [stack:11500]
7f8470d03000-7f84711ec000 ---p 00000000 00:00 0 
7f84711ec000-7f8471240000 rw-p 00000000 00:00 0 
7f8471240000-7f8471728000 ---p 00000000 00:00 0 
7f8471728000-7f84717b5000 rw-p 00000000 00:00 0 
7f84717b5000-7f84719c7000 ---p 00000000 00:00 0 
7f84719c7000-7f84719ff000 rw-p 00000000 00:00 0 
7f84719ff000-7f8471d88000 ---p 00000000 00:00 0 
7f8471d88000-7f8471d90000 r-xp 00000000 00:23 117                        /usr/lib/jvm/java-8-openjdk-amd64/jre/lib/amd64/libzip.so
7f8471d90000-7f8471f8f000 ---p 00008000 00:23 117                        /usr/lib/jvm/java-8-openjdk-amd64/jre/lib/amd64/libzip.so
7f8471f8f000-7f8471f90000 r--p 00007000 00:23 117                        /usr/lib/jvm/java-8-openjdk-amd64/jre/lib/amd64/libzip.so
7f8471f90000-7f8471f91000 rw-p 00008000 00:23 117                        /usr/lib/jvm/java-8-openjdk-amd64/jre/lib/amd64/libzip.so
7f8471f91000-7f8471f9c000 r-xp 00000000 00:23 82                         /lib/x86_64-linux-gnu/libnss_files-2.19.so
7f8471f9c000-7f847219b000 ---p 0000b000 00:23 82                         /lib/x86_64-linux-gnu/libnss_files-2.19.so
7f847219b000-7f847219c000 r--p 0000a000 00:23 82                         /lib/x86_64-linux-gnu/libnss_files-2.19.so
7f847219c000-7f847219d000 rw-p 0000b000 00:23 82                         /lib/x86_64-linux-gnu/libnss_files-2.19.so
7f847219d000-7f84721a7000 r-xp 00000000 00:23 80                         /lib/x86_64-linux-gnu/libnss_nis-2.19.so
7f84721a7000-7f84723a6000 ---p 0000a000 00:23 80                         /lib/x86_64-linux-gnu/libnss_nis-2.19.so
7f84723a6000-7f84723a7000 r--p 00009000 00:23 80                         /lib/x86_64-linux-gnu/libnss_nis-2.19.so
7f84723a7000-7f84723a8000 rw-p 0000a000 00:23 80                         /lib/x86_64-linux-gnu/libnss_nis-2.19.so
7f84723a8000-7f84723bd000 r-xp 00000000 00:23 78                         /lib/x86_64-linux-gnu/libnsl-2.19.so
7f84723bd000-7f84725bc000 ---p 00015000 00:23 78                         /lib/x86_64-linux-gnu/libnsl-2.19.so
7f84725bc000-7f84725bd000 r--p 00014000 00:23 78                         /lib/x86_64-linux-gnu/libnsl-2.19.so
7f84725bd000-7f84725be000 rw-p 00015000 00:23 78                         /lib/x86_64-linux-gnu/libnsl-2.19.so
7f84725be000-7f84725c0000 rw-p 00000000 00:00 0 
7f84725c0000-7f84725c7000 r-xp 00000000 00:23 76                         /lib/x86_64-linux-gnu/libnss_compat-2.19.so
7f84725c7000-7f84727c6000 ---p 00007000 00:23 76                         /lib/x86_64-linux-gnu/libnss_compat-2.19.so
7f84727c6000-7f84727c7000 r--p 00006000 00:23 76                         /lib/x86_64-linux-gnu/libnss_compat-2.19.so
7f84727c7000-7f84727c8000 rw-p 00007000 00:23 76                         /lib/x86_64-linux-gnu/libnss_compat-2.19.so
7f84727c8000-7f84727f6000 r-xp 00000000 00:23 99                         /usr/lib/jvm/java-8-openjdk-amd64/jre/lib/amd64/libjava.so
7f84727f6000-7f84729f5000 ---p 0002e000 00:23 99                         /usr/lib/jvm/java-8-openjdk-amd64/jre/lib/amd64/libjava.so
7f84729f5000-7f84729f6000 r--p 0002d000 00:23 99                         /usr/lib/jvm/java-8-openjdk-amd64/jre/lib/amd64/libjava.so
7f84729f6000-7f84729f8000 rw-p 0002e000 00:23 99                         /usr/lib/jvm/java-8-openjdk-amd64/jre/lib/amd64/libjava.so
7f84729f8000-7f8472a07000 r-xp 00000000 00:23 112                        /usr/lib/jvm/java-8-openjdk-amd64/jre/lib/amd64/libverify.so
7f8472a07000-7f8472c07000 ---p 0000f000 00:23 112                        /usr/lib/jvm/java-8-openjdk-amd64/jre/lib/amd64/libverify.so
7f8472c07000-7f8472c0a000 r--p 0000f000 00:23 112                        /usr/lib/jvm/java-8-openjdk-amd64/jre/lib/amd64/libverify.so
7f8472c0a000-7f8472c0b000 rw-p 00012000 00:23 112                        /usr/lib/jvm/java-8-openjdk-amd64/jre/lib/amd64/libverify.so
7f8472c0b000-7f8472c12000 r-xp 00000000 00:23 111                        /lib/x86_64-linux-gnu/librt-2.19.so
7f8472c12000-7f8472e11000 ---p 00007000 00:23 111                        /lib/x86_64-linux-gnu/librt-2.19.so
7f8472e11000-7f8472e12000 r--p 00006000 00:23 111                        /lib/x86_64-linux-gnu/librt-2.19.so
7f8472e12000-7f8472e13000 rw-p 00007000 00:23 111                        /lib/x86_64-linux-gnu/librt-2.19.so
7f8472e13000-7f8472e29000 r-xp 00000000 00:23 109                        /lib/x86_64-linux-gnu/libgcc_s.so.1
7f8472e29000-7f8473028000 ---p 00016000 00:23 109                        /lib/x86_64-linux-gnu/libgcc_s.so.1
7f8473028000-7f8473029000 rw-p 00015000 00:23 109                        /lib/x86_64-linux-gnu/libgcc_s.so.1
7f8473029000-7f8473129000 r-xp 00000000 00:23 108                        /lib/x86_64-linux-gnu/libm-2.19.so
7f8473129000-7f8473328000 ---p 00100000 00:23 108                        /lib/x86_64-linux-gnu/libm-2.19.so
7f8473328000-7f8473329000 r--p 000ff000 00:23 108                        /lib/x86_64-linux-gnu/libm-2.19.so
7f8473329000-7f847332a000 rw-p 00100000 00:23 108                        /lib/x86_64-linux-gnu/libm-2.19.so
7f847332a000-7f8473416000 r-xp 00000000 00:23 106                        /usr/lib/x86_64-linux-gnu/libstdc++.so.6.0.20
7f8473416000-7f8473616000 ---p 000ec000 00:23 106                        /usr/lib/x86_64-linux-gnu/libstdc++.so.6.0.20
7f8473616000-7f847361e000 r--p 000ec000 00:23 106                        /usr/lib/x86_64-linux-gnu/libstdc++.so.6.0.20
7f847361e000-7f8473620000 rw-p 000f4000 00:23 106                        /usr/lib/x86_64-linux-gnu/libstdc++.so.6.0.20
7f8473620000-7f8473635000 rw-p 00000000 00:00 0 
7f8473635000-7f84742cd000 r-xp 00000000 00:23 104                        /usr/lib/jvm/java-8-openjdk-amd64/jre/lib/amd64/server/libjvm.so
7f84742cd000-7f84744cd000 ---p 00c98000 00:23 104                        /usr/lib/jvm/java-8-openjdk-amd64/jre/lib/amd64/server/libjvm.so
7f84744cd000-7f8474570000 r--p 00c98000 00:23 104                        /usr/lib/jvm/java-8-openjdk-amd64/jre/lib/amd64/server/libjvm.so
7f8474570000-7f8474599000 rw-p 00d3b000 00:23 104                        /usr/lib/jvm/java-8-openjdk-amd64/jre/lib/amd64/server/libjvm.so
7f8474599000-7f84745ca000 rw-p 00000000 00:00 0 
7f84745ca000-7f847476b000 r-xp 00000000 00:23 34                         /lib/x86_64-linux-gnu/libc-2.19.so
7f847476b000-7f847496b000 ---p 001a1000 00:23 34                         /lib/x86_64-linux-gnu/libc-2.19.so
7f847496b000-7f847496f000 r--p 001a1000 00:23 34                         /lib/x86_64-linux-gnu/libc-2.19.so
7f847496f000-7f8474971000 rw-p 001a5000 00:23 34                         /lib/x86_64-linux-gnu/libc-2.19.so
7f8474971000-7f8474975000 rw-p 00000000 00:00 0 
7f8474975000-7f8474978000 r-xp 00000000 00:23 71                         /lib/x86_64-linux-gnu/libdl-2.19.so
7f8474978000-7f8474b77000 ---p 00003000 00:23 71                         /lib/x86_64-linux-gnu/libdl-2.19.so
7f8474b77000-7f8474b78000 r--p 00002000 00:23 71                         /lib/x86_64-linux-gnu/libdl-2.19.so
7f8474b78000-7f8474b79000 rw-p 00003000 00:23 71                         /lib/x86_64-linux-gnu/libdl-2.19.so
7f8474b79000-7f8474b87000 r-xp 00000000 00:23 98                         /usr/lib/jvm/java-8-openjdk-amd64/jre/lib/amd64/jli/libjli.so
7f8474b87000-7f8474d86000 ---p 0000e000 00:23 98                         /usr/lib/jvm/java-8-openjdk-amd64/jre/lib/amd64/jli/libjli.so
7f8474d86000-7f8474d87000 r--p 0000d000 00:23 98                         /usr/lib/jvm/java-8-openjdk-amd64/jre/lib/amd64/jli/libjli.so
7f8474d87000-7f8474d88000 rw-p 0000e000 00:23 98                         /usr/lib/jvm/java-8-openjdk-amd64/jre/lib/amd64/jli/libjli.so
7f8474d88000-7f8474da2000 r-xp 00000000 00:23 97                         /lib/x86_64-linux-gnu/libz.so.1.2.8
7f8474da2000-7f8474fa1000 ---p 0001a000 00:23 97                         /lib/x86_64-linux-gnu/libz.so.1.2.8
7f8474fa1000-7f8474fa2000 r--p 00019000 00:23 97                         /lib/x86_64-linux-gnu/libz.so.1.2.8
7f8474fa2000-7f8474fa3000 rw-p 0001a000 00:23 97                         /lib/x86_64-linux-gnu/libz.so.1.2.8
7f8474fa3000-7f8474fbb000 r-xp 00000000 00:23 95                         /lib/x86_64-linux-gnu/libpthread-2.19.so
7f8474fbb000-7f84751ba000 ---p 00018000 00:23 95                         /lib/x86_64-linux-gnu/libpthread-2.19.so
7f84751ba000-7f84751bb000 r--p 00017000 00:23 95                         /lib/x86_64-linux-gnu/libpthread-2.19.so
7f84751bb000-7f84751bc000 rw-p 00018000 00:23 95                         /lib/x86_64-linux-gnu/libpthread-2.19.so
7f84751bc000-7f84751c0000 rw-p 00000000 00:00 0 
7f84751c0000-7f84751e0000 r-xp 00000000 00:23 31                         /lib/x86_64-linux-gnu/ld-2.19.so
7f84751e0000-7f84751e1000 r--s 00010000 00:23 133                        /usr/lib/jvm/java-8-openjdk-amd64/jre/lib/ext/zipfs.jar
7f84751e1000-7f84751e2000 r--s 0000a000 00:23 132                        /usr/lib/jvm/java-8-openjdk-amd64/jre/lib/ext/jaccess.jar
7f84751e2000-7f84751e4000 r--s 00001000 00:23 130                        /usr/lib/jvm/java-8-openjdk-amd64/jre/lib/ext/dnsns.jar
7f84751e4000-7f84751e6000 r--s 00006000 00:23 142                        /usr/share/java/java-atk-wrapper.jar
7f84751e6000-7f84751eb000 r--s 0003b000 00:23 127                        /usr/lib/jvm/java-8-openjdk-amd64/jre/lib/ext/sunjce_provider.jar
7f84751eb000-7f84751ec000 r--p 00000000 00:23 58                         /usr/lib/locale/C.UTF-8/LC_NUMERIC
7f84751ec000-7f84751ed000 r--p 00000000 00:23 57                         /usr/lib/locale/C.UTF-8/LC_TIME
7f84751ed000-7f84751ee000 r--p 00000000 00:23 55                         /usr/lib/locale/C.UTF-8/LC_MONETARY
7f84751ee000-7f84751ef000 r--p 00000000 00:23 54                         /usr/lib/locale/C.UTF-8/LC_MESSAGES/SYS_LC_MESSAGES
7f84751ef000-7f84751f0000 r--p 00000000 00:23 52                         /usr/lib/locale/C.UTF-8/LC_PAPER
7f84751f0000-7f84751f1000 r--p 00000000 00:23 51                         /usr/lib/locale/C.UTF-8/LC_NAME
7f84751f1000-7f84751f8000 r--s 00000000 00:23 47                         /usr/lib/x86_64-linux-gnu/gconv/gconv-modules.cache
7f84751f8000-7f84752ca000 rw-p 00000000 00:00 0 
7f84752ca000-7f84752d2000 rw-s 00000000 00:23 1248                       /tmp/hsperfdata_root/1282
7f84752d2000-7f84752d5000 ---p 00000000 00:00 0 
7f84752d5000-7f84753d8000 rw-p 00000000 00:00 0                          [stack:11499]
7f84753d8000-7f84753d9000 r--p 00000000 00:23 50                         /usr/lib/locale/C.UTF-8/LC_ADDRESS
7f84753d9000-7f84753da000 r--p 00000000 00:23 49                         /usr/lib/locale/C.UTF-8/LC_TELEPHONE
7f84753da000-7f84753db000 r--p 00000000 00:23 48                         /usr/lib/locale/C.UTF-8/LC_MEASUREMENT
7f84753db000-7f84753dc000 r--p 00000000 00:23 44                         /usr/lib/locale/C.UTF-8/LC_IDENTIFICATION
7f84753dc000-7f84753dd000 rw-p 00000000 00:00 0 
7f84753dd000-7f84753de000 ---p 00000000 00:00 0 
7f84753de000-7f84753e0000 rw-p 00000000 00:00 0 
7f84753e0000-7f84753e1000 r--p 00020000 00:23 31                         /lib/x86_64-linux-gnu/ld-2.19.so
7f84753e1000-7f84753e2000 rw-p 00021000 00:23 31                         /lib/x86_64-linux-gnu/ld-2.19.so
7f84753e2000-7f84753e3000 rw-p 00000000 00:00 0 
7ffe6e5b3000-7ffe6e5d4000 rw-p 00000000 00:00 0                          [stack]
7ffe6e5db000-7ffe6e5dd000 r-xp 00000000 00:00 0                          [vdso]
7ffe6e5dd000-7ffe6e5df000 r--p 00000000 00:00 0                          [vvar]
ffffffffff600000-ffffffffff601000 r-xp 00000000 00:00 0                  [vsyscall]

VM Arguments:
jvm_args: -Dclassworlds.conf=/usr/share/maven/bin/m2.conf -Dmaven.home=/usr/share/maven -Dmaven.multiModuleProjectDirectory=/root/workspace/pgjdbc/pgjdbc/256449789 
java_command: org.codehaus.plexus.classworlds.launcher.Launcher -B -D enforcer.skip=true -D skipITs=true -D cobertura.skip=true -D maven.repo.local=/root/./workspace/pgjdbc/pgjdbc/256449789/.m2 -D maven.test.skip.exec=true -D rat.skip=true -D findbugs.skip=true -D checkstyle.skip=true -D license.skip=true install
java_class_path (initial): /usr/share/maven/boot/plexus-classworlds-2.5.2.jar
Launcher Type: SUN_STANDARD

Environment Variables:
JAVA_HOME=/usr/lib/jvm/java-8-openjdk-amd64
PATH=/usr/local/sbin:/usr/local/bin:/usr/sbin:/usr/bin:/sbin:/bin

Signal Handlers:
SIGSEGV: [libjvm.so+0xa97af0], sa_mask[0]=11111111011111111101111111111110, sa_flags=SA_RESTART|SA_SIGINFO
SIGBUS: [libjvm.so+0xa97af0], sa_mask[0]=11111111011111111101111111111110, sa_flags=SA_RESTART|SA_SIGINFO
SIGFPE: [libjvm.so+0x8de430], sa_mask[0]=11111111011111111101111111111110, sa_flags=SA_RESTART|SA_SIGINFO
SIGPIPE: [libjvm.so+0x8de430], sa_mask[0]=11111111011111111101111111111110, sa_flags=SA_RESTART|SA_SIGINFO
SIGXFSZ: [libjvm.so+0x8de430], sa_mask[0]=11111111011111111101111111111110, sa_flags=SA_RESTART|SA_SIGINFO
SIGILL: [libjvm.so+0x8de430], sa_mask[0]=11111111011111111101111111111110, sa_flags=SA_RESTART|SA_SIGINFO
SIGUSR1: SIG_DFL, sa_mask[0]=00000000000000000000000000000000, sa_flags=none
SIGUSR2: [libjvm.so+0x8de2e0], sa_mask[0]=00100000000000000000000000000000, sa_flags=SA_RESTART|SA_SIGINFO
SIGHUP: [libjvm.so+0x8de500], sa_mask[0]=11111111011111111101111111111110, sa_flags=SA_RESTART|SA_SIGINFO
SIGINT: [libjvm.so+0x8de500], sa_mask[0]=11111111011111111101111111111110, sa_flags=SA_RESTART|SA_SIGINFO
SIGTERM: [libjvm.so+0x8de500], sa_mask[0]=11111111011111111101111111111110, sa_flags=SA_RESTART|SA_SIGINFO
SIGQUIT: [libjvm.so+0x8de500], sa_mask[0]=11111111011111111101111111111110, sa_flags=SA_RESTART|SA_SIGINFO


---------------  S Y S T E M  ---------------

OS:PRETTY_NAME="Debian GNU/Linux 8 (jessie)"
NAME="Debian GNU/Linux"
VERSION_ID="8"
VERSION="8 (jessie)"
ID=debian
HOME_URL="http://www.debian.org/"
SUPPORT_URL="http://www.debian.org/support"
BUG_REPORT_URL="https://bugs.debian.org/"

uname:Linux 3.16.0-4-amd64 #1 SMP Debian 3.16.43-2+deb8u2 (2017-06-26) x86_64
libc:glibc 2.19 NPTL 2.19 
rlimit: STACK 8192k, CORE infinity, NPROC 1048576, NOFILE 1048576, AS infinity
load average:4.06 3.75 3.83

/proc/meminfo:
MemTotal:       16471568 kB
MemFree:          162516 kB
MemAvailable:     199908 kB
Buffers:           14932 kB
Cached:            43432 kB
SwapCached:        12196 kB
Active:         14075980 kB
Inactive:        1773192 kB
Active(anon):   14051420 kB
Inactive(anon):  1749036 kB
Active(file):      24560 kB
Inactive(file):    24156 kB
Unevictable:           0 kB
Mlocked:               0 kB
SwapTotal:        731132 kB
SwapFree:              0 kB
Dirty:              1296 kB
Writeback:             0 kB
AnonPages:      15778748 kB
Mapped:            23220 kB
Shmem:              9580 kB
Slab:             356932 kB
SReclaimable:     181976 kB
SUnreclaim:       174956 kB
KernelStack:       11392 kB
PageTables:        40788 kB
NFS_Unstable:          0 kB
Bounce:                0 kB
WritebackTmp:          0 kB
CommitLimit:     8966916 kB
Committed_AS:   19514564 kB
VmallocTotal:   34359738367 kB
VmallocUsed:      171508 kB
VmallocChunk:   34359540204 kB
HardwareCorrupted:     0 kB
AnonHugePages:         0 kB
HugePages_Total:       0
HugePages_Free:        0
HugePages_Rsvd:        0
HugePages_Surp:        0
Hugepagesize:       2048 kB
DirectMap4k:       73664 kB
DirectMap2M:    16703488 kB


CPU:total 4 (1 cores per cpu, 1 threads per core) family 6 model 45 stepping 7, cmov, cx8, fxsr, mmx, sse, sse2, sse3, ssse3, sse4.1, sse4.2, popcnt, avx, aes, clmul, tsc, tscinvbit, tscinv

/proc/cpuinfo:
processor	: 0
vendor_id	: GenuineIntel
cpu family	: 6
model		: 45
model name	: Intel(R) Xeon(R) CPU E5-2650L 0 @ 1.80GHz
stepping	: 7
microcode	: 0x70d
cpu MHz		: 1800.000
cache size	: 20480 KB
physical id	: 0
siblings	: 1
core id		: 0
cpu cores	: 1
apicid		: 0
initial apicid	: 0
fpu		: yes
fpu_exception	: yes
cpuid level	: 13
wp		: yes
flags		: fpu vme de pse tsc msr pae mce cx8 apic sep mtrr pge mca cmov pat pse36 clflush dts mmx fxsr sse sse2 ss syscall nx rdtscp lm constant_tsc arch_perfmon pebs bts nopl xtopology tsc_reliable nonstop_tsc aperfmperf pni pclmulqdq ssse3 cx16 pcid sse4_1 sse4_2 x2apic popcnt tsc_deadline_timer aes xsave avx hypervisor lahf_lm ida arat pln pts dtherm tsc_adjust
bogomips	: 3600.00
clflush size	: 64
cache_alignment	: 64
address sizes	: 42 bits physical, 48 bits virtual
power management:

processor	: 1
vendor_id	: GenuineIntel
cpu family	: 6
model		: 45
model name	: Intel(R) Xeon(R) CPU E5-2650L 0 @ 1.80GHz
stepping	: 7
microcode	: 0x70d
cpu MHz		: 1800.000
cache size	: 20480 KB
physical id	: 2
siblings	: 1
core id		: 0
cpu cores	: 1
apicid		: 2
initial apicid	: 2
fpu		: yes
fpu_exception	: yes
cpuid level	: 13
wp		: yes
flags		: fpu vme de pse tsc msr pae mce cx8 apic sep mtrr pge mca cmov pat pse36 clflush dts mmx fxsr sse sse2 ss syscall nx rdtscp lm constant_tsc arch_perfmon pebs bts nopl xtopology tsc_reliable nonstop_tsc aperfmperf pni pclmulqdq ssse3 cx16 pcid sse4_1 sse4_2 x2apic popcnt tsc_deadline_timer aes xsave avx hypervisor lahf_lm ida arat pln pts dtherm tsc_adjust
bogomips	: 3600.00
clflush size	: 64
cache_alignment	: 64
address sizes	: 42 bits physical, 48 bits virtual
power management:

processor	: 2
vendor_id	: GenuineIntel
cpu family	: 6
model		: 45
model name	: Intel(R) Xeon(R) CPU E5-2650L 0 @ 1.80GHz
stepping	: 7
microcode	: 0x70d
cpu MHz		: 1800.000
cache size	: 20480 KB
physical id	: 4
siblings	: 1
core id		: 0
cpu cores	: 1
apicid		: 4
initial apicid	: 4
fpu		: yes
fpu_exception	: yes
cpuid level	: 13
wp		: yes
flags		: fpu vme de pse tsc msr pae mce cx8 apic sep mtrr pge mca cmov pat pse36 clflush dts mmx fxsr sse sse2 ss syscall nx rdtscp lm constant_tsc arch_perfmon pebs bts nopl xtopology tsc_reliable nonstop_tsc aperfmperf pni pclmulqdq ssse3 cx16 pcid sse4_1 sse4_2 x2apic popcnt tsc_deadline_timer aes xsave avx hypervisor lahf_lm ida arat pln pts dtherm tsc_adjust
bogomips	: 3600.00
clflush size	: 64
cache_alignment	: 64
address sizes	: 42 bits physical, 48 bits virtual
power management:

processor	: 3
vendor_id	: GenuineIntel
cpu family	: 6
model		: 45
model name	: Intel(R) Xeon(R) CPU E5-2650L 0 @ 1.80GHz
stepping	: 7
microcode	: 0x70d
cpu MHz		: 1800.000
cache size	: 20480 KB
physical id	: 6
siblings	: 1
core id		: 0
cpu cores	: 1
apicid		: 6
initial apicid	: 6
fpu		: yes
fpu_exception	: yes
cpuid level	: 13
wp		: yes
flags		: fpu vme de pse tsc msr pae mce cx8 apic sep mtrr pge mca cmov pat pse36 clflush dts mmx fxsr sse sse2 ss syscall nx rdtscp lm constant_tsc arch_perfmon pebs bts nopl xtopology tsc_reliable nonstop_tsc aperfmperf pni pclmulqdq ssse3 cx16 pcid sse4_1 sse4_2 x2apic popcnt tsc_deadline_timer aes xsave avx hypervisor lahf_lm ida arat pln pts dtherm tsc_adjust
bogomips	: 3600.00
clflush size	: 64
cache_alignment	: 64
address sizes	: 42 bits physical, 48 bits virtual
power management:



Memory: 4k page, physical 16471568k(162516k free), swap 731132k(0k free)

vm_info: OpenJDK 64-Bit Server VM (25.121-b13) for linux-amd64 JRE (1.8.0_121-8u121-b13-1~bpo8+1-b13), built on Jan 24 2017 09:37:46 by "pbuilder" with gcc 4.9.2

time: Wed Aug  9 14:54:15 2017
elapsed time: 14 seconds (0d 0h 0m 14s)

