#
# There is insufficient memory for the Java Runtime Environment to continue.
# Native memory allocation (mmap) failed to map 344981504 bytes for committing reserved memory.
# Possible reasons:
#   The system is out of physical RAM or swap space
#   In 32 bit mode, the process size limit was hit
# Possible solutions:
#   Reduce memory load on the system
#   Increase physical memory or swap space
#   Check if swap backing store is full
#   Use 64 bit Java on a 64 bit OS
#   Decrease Java heap size (-Xmx/-Xms)
#   Decrease number of Java threads
#   Decrease Java thread stack sizes (-Xss)
#   Set larger code cache with -XX:ReservedCodeCacheSize=
# This output file may be truncated or incomplete.
#
#  Out of Memory Error (os_linux.cpp:2630), pid=1395, tid=0x00007fa565d95700
#
# JRE version: OpenJDK Runtime Environment (8.0_121-b13) (build 1.8.0_121-8u121-b13-1~bpo8+1-b13)
# Java VM: OpenJDK 64-Bit Server VM (25.121-b13 mixed mode linux-amd64 compressed oops)
# Core dump written. Default location: /root/workspace/alibaba/fastjson/284701376/core or core.1395
#

---------------  T H R E A D  ---------------

Current thread (0x00007fa5881ce800):  VMThread [stack: 0x00007fa565c95000,0x00007fa565d96000] [id=1405]

Stack: [0x00007fa565c95000,0x00007fa565d96000],  sp=0x00007fa565d944c0,  free space=1021k
Native frames: (J=compiled Java code, j=interpreted, Vv=VM code, C=native code)
V  [libjvm.so+0xa9700d]
V  [libjvm.so+0x4ea26c]
V  [libjvm.so+0x8e2b90]
V  [libjvm.so+0x8dd27e]
V  [libjvm.so+0x95a25b]
V  [libjvm.so+0x95b5c3]
V  [libjvm.so+0x9580be]
V  [libjvm.so+0x9583ac]
V  [libjvm.so+0x908d43]
V  [libjvm.so+0xa98c42]
V  [libjvm.so+0xa9d7e7]
V  [libjvm.so+0xa9bb07]
V  [libjvm.so+0xa9c337]
V  [libjvm.so+0xa9c881]
V  [libjvm.so+0x8e0062]

VM_Operation (0x00007fa591dabab0): ParallelGCFailedAllocation, mode: safepoint, requested by thread 0x00007fa588011800


---------------  P R O C E S S  ---------------

Java Threads: ( => current thread )
  0x00007fa588fa0800 JavaThread "qtp1262854901-21" [_thread_blocked, id=1428, stack(0x00007fa4fbeff000,0x00007fa4fc000000)]
  0x00007fa588f9e800 JavaThread "qtp1262854901-20" [_thread_blocked, id=1427, stack(0x00007fa51c0ca000,0x00007fa51c1cb000)]
  0x00007fa588f9d000 JavaThread "qtp1262854901-19" [_thread_blocked, id=1426, stack(0x00007fa51c1cb000,0x00007fa51c2cc000)]
  0x00007fa588f9b800 JavaThread "qtp1262854901-18 Acceptor1 SelectChannelConnector@0.0.0.0:8088" [_thread_blocked, id=1425, stack(0x00007fa51c2cc000,0x00007fa51c3cd000)]
  0x00007fa588f99800 JavaThread "qtp1262854901-17 Acceptor0 SelectChannelConnector@0.0.0.0:8088" [_thread_in_native, id=1424, stack(0x00007fa51c3cd000,0x00007fa51c4ce000)]
  0x00007fa588f98000 JavaThread "qtp1262854901-16 Selector1" [_thread_in_native, id=1423, stack(0x00007fa51c4ce000,0x00007fa51c5cf000)]
  0x00007fa588f96000 JavaThread "qtp1262854901-15" [_thread_blocked, id=1422, stack(0x00007fa51c5cf000,0x00007fa51c6d0000)]
  0x00007fa588f94800 JavaThread "qtp1262854901-14 Selector0" [_thread_in_native, id=1421, stack(0x00007fa51c6d0000,0x00007fa51c7d1000)]
  0x00007fa5888c5000 JavaThread "GC Daemon" daemon [_thread_blocked, id=1419, stack(0x00007fa564840000,0x00007fa564941000)]
  0x00007fa5888bf800 JavaThread "RMI RenewClean-[172.17.0.18:37841]" daemon [_thread_blocked, id=1418, stack(0x00007fa564941000,0x00007fa564a42000)]
  0x00007fa5888bd800 JavaThread "RMI Scheduler(0)" daemon [_thread_blocked, id=1417, stack(0x00007fa564a42000,0x00007fa564b43000)]
  0x00007fa5887e6800 JavaThread "Service Thread" daemon [_thread_blocked, id=1413, stack(0x00007fa564e60000,0x00007fa564f61000)]
  0x00007fa5887e3800 JavaThread "C1 CompilerThread3" daemon [_thread_blocked, id=1412, stack(0x00007fa564f61000,0x00007fa565062000)]
  0x00007fa5887e2000 JavaThread "C2 CompilerThread2" daemon [_thread_blocked, id=1411, stack(0x00007fa565062000,0x00007fa565163000)]
  0x00007fa5887df800 JavaThread "C2 CompilerThread1" daemon [_thread_blocked, id=1410, stack(0x00007fa565163000,0x00007fa565264000)]
  0x00007fa5887de000 JavaThread "C2 CompilerThread0" daemon [_thread_blocked, id=1409, stack(0x00007fa565264000,0x00007fa565365000)]
  0x00007fa588203000 JavaThread "Signal Dispatcher" daemon [_thread_blocked, id=1408, stack(0x00007fa565823000,0x00007fa565924000)]
  0x00007fa5881da800 JavaThread "Finalizer" daemon [_thread_blocked, id=1407, stack(0x00007fa565a93000,0x00007fa565b94000)]
  0x00007fa5881d6000 JavaThread "Reference Handler" daemon [_thread_blocked, id=1406, stack(0x00007fa565b94000,0x00007fa565c95000)]
  0x00007fa588011800 JavaThread "main" [_thread_blocked, id=1396, stack(0x00007fa591cad000,0x00007fa591dae000)]

Other Threads:
=>0x00007fa5881ce800 VMThread [stack: 0x00007fa565c95000,0x00007fa565d96000] [id=1405]
  0x00007fa5887e9000 WatcherThread [stack: 0x00007fa564d5f000,0x00007fa564e60000] [id=1414]

VM state:at safepoint (normal execution)

VM Mutex/Monitor currently owned by a thread:  ([mutex/lock_event])
[0x00007fa5880096c0] Threads_lock - owner thread: 0x00007fa5881ce800
[0x00007fa588009bc0] Heap_lock - owner thread: 0x00007fa588011800

Heap:
 PSYoungGen      total 847872K, used 37067K [0x0000000718100000, 0x0000000751980000, 0x00000007c0000000)
  eden space 792576K, 0% used [0x0000000718100000,0x0000000718100000,0x0000000748700000)
  from space 55296K, 67% used [0x0000000748700000,0x000000074ab32ee8,0x000000074bd00000)
  to   space 55296K, 0% used [0x000000074bd00000,0x000000074bd00000,0x000000074f300000)
 ParOldGen       total 309760K, used 62478K [0x00000005c8200000, 0x00000005db080000, 0x0000000718100000)
  object space 309760K, 20% used [0x00000005c8200000,0x00000005cbf03ac8,0x00000005db080000)
 Metaspace       used 41259K, capacity 41990K, committed 42280K, reserved 1087488K
  class space    used 4374K, capacity 4612K, committed 4656K, reserved 1048576K

Card table byte_map: [0x00007fa58d1d8000,0x00007fa58e198000] byte_map_base: 0x00007fa58a397000

Marking Bits: (ParMarkBitMap*) 0x00007fa590f88340
 Begin Bits: [0x00007fa56930f000, 0x00007fa571107000)
 End Bits:   [0x00007fa571107000, 0x00007fa578eff000)

Polling page: 0x00007fa591db8000

CodeCache: size=245760Kb used=18323Kb max_used=18323Kb free=227437Kb
 bounds [0x00007fa579000000, 0x00007fa57a200000, 0x00007fa588000000]
 total_blobs=5174 nmethods=4714 adapters=374
 compilation: enabled

Compilation events (10 events):
Event: 35.177 Thread 0x00007fa5887e3800 5512       3       java.util.concurrent.ConcurrentLinkedQueue::size (41 bytes)
Event: 35.178 Thread 0x00007fa5887e3800 nmethod 5512 0x00007fa57a1f3790 code [0x00007fa57a1f3920, 0x00007fa57a1f3d48]
Event: 35.178 Thread 0x00007fa5887e3800 5513   !   3       sun.nio.ch.SelectorImpl::lockAndDoSelect (72 bytes)
Event: 35.178 Thread 0x00007fa5887e3800 nmethod 5513 0x00007fa57a1db610 code [0x00007fa57a1db7e0, 0x00007fa57a1dc218]
Event: 35.542 Thread 0x00007fa5887e3800 5515       3       sun.nio.ch.EPollSelectorImpl::updateSelectedKeys (150 bytes)
Event: 35.544 Thread 0x00007fa5887e3800 nmethod 5515 0x00007fa57a1f82d0 code [0x00007fa57a1f8520, 0x00007fa57a1f9388]
Event: 35.544 Thread 0x00007fa5887e3800 5516       3       org.eclipse.jetty.io.nio.SelectorManager::access$300 (14 bytes)
Event: 35.544 Thread 0x00007fa5887e3800 nmethod 5516 0x00007fa57a1efbd0 code [0x00007fa57a1efd40, 0x00007fa57a1efeb0]
Event: 35.544 Thread 0x00007fa5887e3800 5514       3       java.nio.channels.spi.AbstractSelector::end (5 bytes)
Event: 35.544 Thread 0x00007fa5887e3800 nmethod 5514 0x00007fa57a1f2dd0 code [0x00007fa57a1f2f60, 0x00007fa57a1f34f0]

GC Heap History (10 events):
Event: 9.610 GC heap after
Heap after GC invocations=7 (full 2):
 PSYoungGen      total 279552K, used 0K [0x0000000718100000, 0x000000073a300000, 0x00000007c0000000)
  eden space 258048K, 0% used [0x0000000718100000,0x0000000718100000,0x0000000727d00000)
  from space 21504K, 0% used [0x0000000727d00000,0x0000000727d00000,0x0000000729200000)
  to   space 21504K, 0% used [0x0000000738e00000,0x0000000738e00000,0x000000073a300000)
 ParOldGen       total 183808K, used 20363K [0x00000005c8200000, 0x00000005d3580000, 0x0000000718100000)
  object space 183808K, 11% used [0x00000005c8200000,0x00000005c95e2c68,0x00000005d3580000)
 Metaspace       used 20759K, capacity 21120K, committed 21296K, reserved 1069056K
  class space    used 2216K, capacity 2335K, committed 2352K, reserved 1048576K
}
Event: 13.114 GC heap before
{Heap before GC invocations=8 (full 2):
 PSYoungGen      total 279552K, used 258048K [0x0000000718100000, 0x000000073a300000, 0x00000007c0000000)
  eden space 258048K, 100% used [0x0000000718100000,0x0000000727d00000,0x0000000727d00000)
  from space 21504K, 0% used [0x0000000727d00000,0x0000000727d00000,0x0000000729200000)
  to   space 21504K, 0% used [0x0000000738e00000,0x0000000738e00000,0x000000073a300000)
 ParOldGen       total 183808K, used 20363K [0x00000005c8200000, 0x00000005d3580000, 0x0000000718100000)
  object space 183808K, 11% used [0x00000005c8200000,0x00000005c95e2c68,0x00000005d3580000)
 Metaspace       used 27655K, capacity 28062K, committed 28464K, reserved 1075200K
  class space    used 2944K, capacity 3083K, committed 3120K, reserved 1048576K
Event: 13.181 GC heap after
Heap after GC invocations=8 (full 2):
 PSYoungGen      total 475648K, used 21499K [0x0000000718100000, 0x000000073a300000, 0x00000007c0000000)
  eden space 454144K, 0% used [0x0000000718100000,0x0000000718100000,0x0000000733c80000)
  from space 21504K, 99% used [0x0000000738e00000,0x000000073a2fef28,0x000000073a300000)
  to   space 42496K, 0% used [0x0000000735000000,0x0000000735000000,0x0000000737980000)
 ParOldGen       total 183808K, used 38422K [0x00000005c8200000, 0x00000005d3580000, 0x0000000718100000)
  object space 183808K, 20% used [0x00000005c8200000,0x00000005ca785810,0x00000005d3580000)
 Metaspace       used 27655K, capacity 28062K, committed 28464K, reserved 1075200K
  class space    used 2944K, capacity 3083K, committed 3120K, reserved 1048576K
}
Event: 17.944 GC heap before
{Heap before GC invocations=9 (full 2):
 PSYoungGen      total 475648K, used 475643K [0x0000000718100000, 0x000000073a300000, 0x00000007c0000000)
  eden space 454144K, 100% used [0x0000000718100000,0x0000000733c80000,0x0000000733c80000)
  from space 21504K, 99% used [0x0000000738e00000,0x000000073a2fef28,0x000000073a300000)
  to   space 42496K, 0% used [0x0000000735000000,0x0000000735000000,0x0000000737980000)
 ParOldGen       total 183808K, used 38422K [0x00000005c8200000, 0x00000005d3580000, 0x0000000718100000)
  object space 183808K, 20% used [0x00000005c8200000,0x00000005ca785810,0x00000005d3580000)
 Metaspace       used 33935K, capacity 34280K, committed 34736K, reserved 1081344K
  class space    used 3524K, capacity 3663K, committed 3760K, reserved 1048576K
Event: 18.048 GC heap after
Heap after GC invocations=9 (full 2):
 PSYoungGen      total 516608K, used 42466K [0x0000000718100000, 0x000000074f300000, 0x00000007c0000000)
  eden space 474112K, 0% used [0x0000000718100000,0x0000000718100000,0x0000000735000000)
  from space 42496K, 99% used [0x0000000735000000,0x0000000737978b48,0x0000000737980000)
  to   space 55296K, 0% used [0x000000074bd00000,0x000000074bd00000,0x000000074f300000)
 ParOldGen       total 183808K, used 48505K [0x00000005c8200000, 0x00000005d3580000, 0x0000000718100000)
  object space 183808K, 26% used [0x00000005c8200000,0x00000005cb15e430,0x00000005d3580000)
 Metaspace       used 33935K, capacity 34280K, committed 34736K, reserved 1081344K
  class space    used 3524K, capacity 3663K, committed 3760K, reserved 1048576K
}
Event: 19.037 GC heap before
{Heap before GC invocations=10 (full 2):
 PSYoungGen      total 516608K, used 126805K [0x0000000718100000, 0x000000074f300000, 0x00000007c0000000)
  eden space 474112K, 17% used [0x0000000718100000,0x000000071d35c8b8,0x0000000735000000)
  from space 42496K, 99% used [0x0000000735000000,0x0000000737978b48,0x0000000737980000)
  to   space 55296K, 0% used [0x000000074bd00000,0x000000074bd00000,0x000000074f300000)
 ParOldGen       total 183808K, used 48505K [0x00000005c8200000, 0x00000005d3580000, 0x0000000718100000)
  object space 183808K, 26% used [0x00000005c8200000,0x00000005cb15e430,0x00000005d3580000)
 Metaspace       used 34691K, capacity 35080K, committed 35496K, reserved 1081344K
  class space    used 3603K, capacity 3759K, committed 3760K, reserved 1048576K
Event: 19.072 GC heap after
Heap after GC invocations=10 (full 2):
 PSYoungGen      total 847872K, used 33888K [0x0000000718100000, 0x0000000751980000, 0x00000007c0000000)
  eden space 792576K, 0% used [0x0000000718100000,0x0000000718100000,0x0000000748700000)
  from space 55296K, 61% used [0x000000074bd00000,0x000000074de18050,0x000000074f300000)
  to   space 55296K, 0% used [0x0000000748700000,0x0000000748700000,0x000000074bd00000)
 ParOldGen       total 183808K, used 48513K [0x00000005c8200000, 0x00000005d3580000, 0x0000000718100000)
  object space 183808K, 26% used [0x00000005c8200000,0x00000005cb160430,0x00000005d3580000)
 Metaspace       used 34691K, capacity 35080K, committed 35496K, reserved 1081344K
  class space    used 3603K, capacity 3759K, committed 3760K, reserved 1048576K
}
Event: 19.072 GC heap before
{Heap before GC invocations=11 (full 3):
 PSYoungGen      total 847872K, used 33888K [0x0000000718100000, 0x0000000751980000, 0x00000007c0000000)
  eden space 792576K, 0% used [0x0000000718100000,0x0000000718100000,0x0000000748700000)
  from space 55296K, 61% used [0x000000074bd00000,0x000000074de18050,0x000000074f300000)
  to   space 55296K, 0% used [0x0000000748700000,0x0000000748700000,0x000000074bd00000)
 ParOldGen       total 183808K, used 48513K [0x00000005c8200000, 0x00000005d3580000, 0x0000000718100000)
  object space 183808K, 26% used [0x00000005c8200000,0x00000005cb160430,0x00000005d3580000)
 Metaspace       used 34691K, capacity 35080K, committed 35496K, reserved 1081344K
  class space    used 3603K, capacity 3759K, committed 3760K, reserved 1048576K
Event: 19.471 GC heap after
Heap after GC invocations=11 (full 3):
 PSYoungGen      total 847872K, used 0K [0x0000000718100000, 0x0000000751980000, 0x00000007c0000000)
  eden space 792576K, 0% used [0x0000000718100000,0x0000000718100000,0x0000000748700000)
  from space 55296K, 0% used [0x000000074bd00000,0x000000074bd00000,0x000000074f300000)
  to   space 55296K, 0% used [0x0000000748700000,0x0000000748700000,0x000000074bd00000)
 ParOldGen       total 309760K, used 62470K [0x00000005c8200000, 0x00000005db080000, 0x0000000718100000)
  object space 309760K, 20% used [0x00000005c8200000,0x00000005cbf01ac8,0x00000005db080000)
 Metaspace       used 34691K, capacity 35080K, committed 35496K, reserved 1081344K
  class space    used 3603K, capacity 3759K, committed 3760K, reserved 1048576K
}
Event: 36.441 GC heap before
{Heap before GC invocations=12 (full 3):
 PSYoungGen      total 847872K, used 792576K [0x0000000718100000, 0x0000000751980000, 0x00000007c0000000)
  eden space 792576K, 100% used [0x0000000718100000,0x0000000748700000,0x0000000748700000)
  from space 55296K, 0% used [0x000000074bd00000,0x000000074bd00000,0x000000074f300000)
  to   space 55296K, 0% used [0x0000000748700000,0x0000000748700000,0x000000074bd00000)
 ParOldGen       total 309760K, used 62470K [0x00000005c8200000, 0x00000005db080000, 0x0000000718100000)
  object space 309760K, 20% used [0x00000005c8200000,0x00000005cbf01ac8,0x00000005db080000)
 Metaspace       used 41259K, capacity 41990K, committed 42280K, reserved 1087488K
  class space    used 4374K, capacity 4612K, committed 4656K, reserved 1048576K

Deoptimization events (10 events):
Event: 20.895 Thread 0x00007fa588011800 Uncommon trap: reason=unstable_if action=reinterpret pc=0x00007fa579d2e8bc method=org.springframework.util.ConcurrentReferenceHashMap$Segment.findInChain(Lorg/springframework/util/ConcurrentReferenceHashMap$Reference;Ljava/lang/Object;I)Lorg/springframewo
Event: 20.904 Thread 0x00007fa588011800 Uncommon trap: reason=class_check action=maybe_recompile pc=0x00007fa57978f7b8 method=java.util.concurrent.ConcurrentHashMap.putVal(Ljava/lang/Object;Ljava/lang/Object;Z)Ljava/lang/Object; @ 192
Event: 21.077 Thread 0x00007fa588011800 Uncommon trap: reason=predicate action=maybe_recompile pc=0x00007fa579e2ec98 method=java.util.AbstractCollection.toArray([Ljava/lang/Object;)[Ljava/lang/Object; @ 49
Event: 21.103 Thread 0x00007fa588011800 Uncommon trap: reason=array_check action=maybe_recompile pc=0x00007fa579e23c98 method=java.util.AbstractCollection.toArray([Ljava/lang/Object;)[Ljava/lang/Object; @ 119
Event: 21.103 Thread 0x00007fa588011800 Uncommon trap: reason=array_check action=maybe_recompile pc=0x00007fa579e23c98 method=java.util.AbstractCollection.toArray([Ljava/lang/Object;)[Ljava/lang/Object; @ 119
Event: 21.104 Thread 0x00007fa588011800 Uncommon trap: reason=array_check action=maybe_recompile pc=0x00007fa579e23c98 method=java.util.AbstractCollection.toArray([Ljava/lang/Object;)[Ljava/lang/Object; @ 119
Event: 21.104 Thread 0x00007fa588011800 Uncommon trap: reason=array_check action=maybe_recompile pc=0x00007fa579e23c98 method=java.util.AbstractCollection.toArray([Ljava/lang/Object;)[Ljava/lang/Object; @ 119
Event: 22.934 Thread 0x00007fa588011800 Uncommon trap: reason=unstable_if action=reinterpret pc=0x00007fa579b8eaac method=java.io.ByteArrayInputStream.read()I @ 8
Event: 23.199 Thread 0x00007fa588011800 Uncommon trap: reason=unstable_if action=reinterpret pc=0x00007fa579294260 method=java.util.regex.Pattern$Curly.match0(Ljava/util/regex/Matcher;IILjava/lang/CharSequence;)Z @ 130
Event: 23.887 Thread 0x00007fa588011800 Uncommon trap: reason=unstable_if action=reinterpret pc=0x00007fa579cca400 method=com.alibaba.fastjson.util.IdentityHashMap.get(Ljava/lang/Object;)Ljava/lang/Object; @ 67

Internal exceptions (10 events):
Event: 21.945 Thread 0x00007fa588011800 Exception <a 'java/lang/ClassNotFoundException': org/springframework/web/servlet/theme/FixedThemeResolverCustomizer> (0x0000000721c10538) thrown at [/tmp/buildd/openjdk-8-8u121-b13/src/hotspot/src/share/vm/classfile/systemDictionary.cpp, line 210]
Event: 21.946 Thread 0x00007fa588011800 Exception <a 'java/lang/ClassNotFoundException': org/springframework/web/servlet/ThemeResolverCustomizer> (0x0000000721c34110) thrown at [/tmp/buildd/openjdk-8-8u121-b13/src/hotspot/src/share/vm/classfile/systemDictionary.cpp, line 210]
Event: 21.960 Thread 0x00007fa588011800 Exception <a 'java/lang/ClassNotFoundException': org/springframework/web/servlet/view/DefaultRequestToViewNameTranslatorBeanInfo> (0x0000000721cdc5c8) thrown at [/tmp/buildd/openjdk-8-8u121-b13/src/hotspot/src/share/vm/classfile/systemDictionary.cpp, line
Event: 21.961 Thread 0x00007fa588011800 Exception <a 'java/lang/ClassNotFoundException': org/springframework/web/servlet/view/DefaultRequestToViewNameTranslatorCustomizer> (0x0000000721d06d38) thrown at [/tmp/buildd/openjdk-8-8u121-b13/src/hotspot/src/share/vm/classfile/systemDictionary.cpp, li
Event: 21.962 Thread 0x00007fa588011800 Exception <a 'java/lang/ClassNotFoundException': org/springframework/web/servlet/RequestToViewNameTranslatorCustomizer> (0x0000000721d3ec30) thrown at [/tmp/buildd/openjdk-8-8u121-b13/src/hotspot/src/share/vm/classfile/systemDictionary.cpp, line 210]
Event: 21.970 Thread 0x00007fa588011800 Exception <a 'java/lang/ClassNotFoundException': org/springframework/web/servlet/support/SessionFlashMapManagerBeanInfo> (0x0000000721e65550) thrown at [/tmp/buildd/openjdk-8-8u121-b13/src/hotspot/src/share/vm/classfile/systemDictionary.cpp, line 210]
Event: 21.971 Thread 0x00007fa588011800 Exception <a 'java/lang/ClassNotFoundException': org/springframework/web/servlet/support/AbstractFlashMapManagerBeanInfo> (0x0000000721e8c6d0) thrown at [/tmp/buildd/openjdk-8-8u121-b13/src/hotspot/src/share/vm/classfile/systemDictionary.cpp, line 210]
Event: 21.971 Thread 0x00007fa588011800 Exception <a 'java/lang/ClassNotFoundException': org/springframework/web/servlet/support/AbstractFlashMapManagerCustomizer> (0x0000000721eb3f50) thrown at [/tmp/buildd/openjdk-8-8u121-b13/src/hotspot/src/share/vm/classfile/systemDictionary.cpp, line 210]
Event: 21.972 Thread 0x00007fa588011800 Exception <a 'java/lang/ClassNotFoundException': org/springframework/web/servlet/support/SessionFlashMapManagerCustomizer> (0x0000000721ee2f20) thrown at [/tmp/buildd/openjdk-8-8u121-b13/src/hotspot/src/share/vm/classfile/systemDictionary.cpp, line 210]
Event: 21.973 Thread 0x00007fa588011800 Exception <a 'java/lang/ClassNotFoundException': org/springframework/web/servlet/FlashMapManagerCustomizer> (0x0000000721f06d90) thrown at [/tmp/buildd/openjdk-8-8u121-b13/src/hotspot/src/share/vm/classfile/systemDictionary.cpp, line 210]

Events (10 events):
Event: 31.759 Thread 0x00007fa588011800 DEOPT UNPACKING pc=0x00007fa579047373 sp=0x00007fa591dab668 mode 0
Event: 31.767 Thread 0x00007fa588011800 DEOPT PACKING pc=0x00007fa57a113c82 sp=0x00007fa591dab8f0
Event: 31.767 Thread 0x00007fa588011800 DEOPT UNPACKING pc=0x00007fa579047373 sp=0x00007fa591dab668 mode 0
Event: 32.118 loading class com/fasterxml/jackson/core/json/DupDetector
Event: 32.118 loading class com/fasterxml/jackson/core/json/DupDetector done
Event: 32.512 loading class com/fasterxml/jackson/databind/InjectableValues
Event: 32.512 loading class com/fasterxml/jackson/databind/InjectableValues done
Event: 32.799 Thread 0x00007fa588011800 DEOPT PACKING pc=0x00007fa57a0c3c97 sp=0x00007fa591dabbc0
Event: 32.799 Thread 0x00007fa588011800 DEOPT UNPACKING pc=0x00007fa579047373 sp=0x00007fa591dab9c0 mode 0
Event: 36.308 Executing VM operation: ParallelGCFailedAllocation


Dynamic libraries:
00400000-00401000 r-xp 00000000 00:51 90                                 /usr/lib/jvm/java-8-openjdk-amd64/jre/bin/java
00600000-00601000 r--p 00000000 00:51 90                                 /usr/lib/jvm/java-8-openjdk-amd64/jre/bin/java
00601000-00602000 rw-p 00001000 00:51 90                                 /usr/lib/jvm/java-8-openjdk-amd64/jre/bin/java
0170a000-0172b000 rw-p 00000000 00:00 0                                  [heap]
5c8200000-5db080000 rw-p 00000000 00:00 0 
5db080000-718100000 ---p 00000000 00:00 0 
718100000-751980000 rw-p 00000000 00:00 0 
766280000-7c0000000 ---p 00000000 00:00 0 
7c0000000-7c048c000 rw-p 00000000 00:00 0 
7c048c000-800000000 ---p 00000000 00:00 0 
7fa4e0000000-7fa4e0021000 rw-p 00000000 00:00 0 
7fa4e0021000-7fa4e4000000 ---p 00000000 00:00 0 
7fa4e8000000-7fa4e8035000 rw-p 00000000 00:00 0 
7fa4e8035000-7fa4ec000000 ---p 00000000 00:00 0 
7fa4ec000000-7fa4ec021000 rw-p 00000000 00:00 0 
7fa4ec021000-7fa4f0000000 ---p 00000000 00:00 0 
7fa4f0000000-7fa4f0021000 rw-p 00000000 00:00 0 
7fa4f0021000-7fa4f4000000 ---p 00000000 00:00 0 
7fa4f4000000-7fa4f4021000 rw-p 00000000 00:00 0 
7fa4f4021000-7fa4f8000000 ---p 00000000 00:00 0 
7fa4fabeb000-7fa4facab000 rw-p 00000000 00:00 0 
7fa4facab000-7fa4fadeb000 ---p 00000000 00:00 0 
7fa4fadeb000-7fa4fafeb000 rw-p 00000000 00:00 0 
7fa4fafeb000-7fa4fb1eb000 rw-p 00000000 00:00 0 
7fa4fb1eb000-7fa4fb3e9000 rw-p 00000000 00:00 0 
7fa4fb3e9000-7fa4fb3eb000 ---p 00000000 00:00 0 
7fa4fb3eb000-7fa4fb5eb000 rw-p 00000000 00:00 0 
7fa4fb5eb000-7fa4fb7eb000 rw-p 00000000 00:00 0 
7fa4fb7eb000-7fa4fb7ee000 ---p 00000000 00:00 0 
7fa4fb7ee000-7fa4fbaec000 rw-p 00000000 00:00 0 
7fa4fbaec000-7fa4fbafd000 r-xp 00000000 00:51 162                        /usr/lib/jvm/java-8-openjdk-amd64/jre/lib/amd64/libnio.so
7fa4fbafd000-7fa4fbcfd000 ---p 00011000 00:51 162                        /usr/lib/jvm/java-8-openjdk-amd64/jre/lib/amd64/libnio.so
7fa4fbcfd000-7fa4fbcfe000 r--p 00011000 00:51 162                        /usr/lib/jvm/java-8-openjdk-amd64/jre/lib/amd64/libnio.so
7fa4fbcfe000-7fa4fbcff000 rw-p 00012000 00:51 162                        /usr/lib/jvm/java-8-openjdk-amd64/jre/lib/amd64/libnio.so
7fa4fbcff000-7fa4fbeff000 rw-p 00000000 00:00 0 
7fa4fbeff000-7fa4fbf02000 ---p 00000000 00:00 0 
7fa4fbf02000-7fa4fc000000 rw-p 00000000 00:00 0                          [stack:3686]
7fa4fc000000-7fa4fc021000 rw-p 00000000 00:00 0 
7fa4fc021000-7fa500000000 ---p 00000000 00:00 0 
7fa500000000-7fa500021000 rw-p 00000000 00:00 0 
7fa500021000-7fa504000000 ---p 00000000 00:00 0 
7fa504000000-7fa50403e000 rw-p 00000000 00:00 0 
7fa50403e000-7fa508000000 ---p 00000000 00:00 0 
7fa508000000-7fa508021000 rw-p 00000000 00:00 0 
7fa508021000-7fa50c000000 ---p 00000000 00:00 0 
7fa50c000000-7fa50c021000 rw-p 00000000 00:00 0 
7fa50c021000-7fa510000000 ---p 00000000 00:00 0 
7fa510000000-7fa510021000 rw-p 00000000 00:00 0 
7fa510021000-7fa514000000 ---p 00000000 00:00 0 
7fa514000000-7fa514021000 rw-p 00000000 00:00 0 
7fa514021000-7fa518000000 ---p 00000000 00:00 0 
7fa518000000-7fa518021000 rw-p 00000000 00:00 0 
7fa518021000-7fa51c000000 ---p 00000000 00:00 0 
7fa51c0ca000-7fa51c0cd000 ---p 00000000 00:00 0 
7fa51c0cd000-7fa51c1cb000 rw-p 00000000 00:00 0                          [stack:3685]
7fa51c1cb000-7fa51c1ce000 ---p 00000000 00:00 0 
7fa51c1ce000-7fa51c2cc000 rw-p 00000000 00:00 0                          [stack:3684]
7fa51c2cc000-7fa51c2cf000 ---p 00000000 00:00 0 
7fa51c2cf000-7fa51c3cd000 rw-p 00000000 00:00 0                          [stack:3683]
7fa51c3cd000-7fa51c3d0000 ---p 00000000 00:00 0 
7fa51c3d0000-7fa51c4ce000 rw-p 00000000 00:00 0                          [stack:3682]
7fa51c4ce000-7fa51c4d1000 ---p 00000000 00:00 0 
7fa51c4d1000-7fa51c5cf000 rw-p 00000000 00:00 0                          [stack:3681]
7fa51c5cf000-7fa51c5d2000 ---p 00000000 00:00 0 
7fa51c5d2000-7fa51c6d0000 rw-p 00000000 00:00 0                          [stack:3680]
7fa51c6d0000-7fa51c6d3000 ---p 00000000 00:00 0 
7fa51c6d3000-7fa51c9d1000 rw-p 00000000 00:00 0                          [stack:3679]
7fa51c9d1000-7fa51cbd1000 rw-p 00000000 00:00 0 
7fa51cbd1000-7fa51cdd1000 rw-p 00000000 00:00 0 
7fa51cdd1000-7fa51cdf9000 r-xp 00000000 00:51 169                        /usr/lib/jvm/java-8-openjdk-amd64/jre/lib/amd64/libsunec.so
7fa51cdf9000-7fa51cff9000 ---p 00028000 00:51 169                        /usr/lib/jvm/java-8-openjdk-amd64/jre/lib/amd64/libsunec.so
7fa51cff9000-7fa51cffd000 r--p 00028000 00:51 169                        /usr/lib/jvm/java-8-openjdk-amd64/jre/lib/amd64/libsunec.so
7fa51cffd000-7fa51cfff000 rw-p 0002c000 00:51 169                        /usr/lib/jvm/java-8-openjdk-amd64/jre/lib/amd64/libsunec.so
7fa51cfff000-7fa520000000 rw-p 00000000 00:00 0 
7fa520000000-7fa520ccb000 rw-p 00000000 00:00 0 
7fa520ccb000-7fa524000000 ---p 00000000 00:00 0 
7fa524000000-7fa524021000 rw-p 00000000 00:00 0 
7fa524021000-7fa528000000 ---p 00000000 00:00 0 
7fa528000000-7fa5296f1000 rw-p 00000000 00:00 0 
7fa5296f1000-7fa52c000000 ---p 00000000 00:00 0 
7fa52c000000-7fa52db24000 rw-p 00000000 00:00 0 
7fa52db24000-7fa530000000 ---p 00000000 00:00 0 
7fa530000000-7fa530021000 rw-p 00000000 00:00 0 
7fa530021000-7fa534000000 ---p 00000000 00:00 0 
7fa534000000-7fa535786000 rw-p 00000000 00:00 0 
7fa535786000-7fa538000000 ---p 00000000 00:00 0 
7fa538000000-7fa538021000 rw-p 00000000 00:00 0 
7fa538021000-7fa53c000000 ---p 00000000 00:00 0 
7fa53c000000-7fa53c021000 rw-p 00000000 00:00 0 
7fa53c021000-7fa540000000 ---p 00000000 00:00 0 
7fa540000000-7fa540021000 rw-p 00000000 00:00 0 
7fa540021000-7fa544000000 ---p 00000000 00:00 0 
7fa544000000-7fa544032000 rw-p 00000000 00:00 0 
7fa544032000-7fa548000000 ---p 00000000 00:00 0 
7fa548000000-7fa548021000 rw-p 00000000 00:00 0 
7fa548021000-7fa54c000000 ---p 00000000 00:00 0 
7fa54c000000-7fa54c021000 rw-p 00000000 00:00 0 
7fa54c021000-7fa550000000 ---p 00000000 00:00 0 
7fa550000000-7fa550021000 rw-p 00000000 00:00 0 
7fa550021000-7fa554000000 ---p 00000000 00:00 0 
7fa554000000-7fa554021000 rw-p 00000000 00:00 0 
7fa554021000-7fa558000000 ---p 00000000 00:00 0 
7fa558000000-7fa558021000 rw-p 00000000 00:00 0 
7fa558021000-7fa55c000000 ---p 00000000 00:00 0 
7fa55c000000-7fa55c021000 rw-p 00000000 00:00 0 
7fa55c021000-7fa560000000 ---p 00000000 00:00 0 
7fa560000000-7fa560021000 rw-p 00000000 00:00 0 
7fa560021000-7fa564000000 ---p 00000000 00:00 0 
7fa564024000-7fa564025000 rw-p 00000000 00:00 0 
7fa564025000-7fa56402a000 r--s 002f9000 00:51 122                        /usr/lib/jvm/java-8-openjdk-amd64/jre/lib/charsets.jar
7fa56402a000-7fa56422a000 rw-p 00000000 00:00 0 
7fa56422a000-7fa56442a000 rw-p 00000000 00:00 0 
7fa56442a000-7fa56442d000 r--s 00015000 00:51 121                        /usr/lib/jvm/java-8-openjdk-amd64/jre/lib/jce.jar
7fa56442d000-7fa56462d000 rw-p 00000000 00:00 0 
7fa56462d000-7fa56482d000 rw-p 00000000 00:00 0 
7fa56482d000-7fa564840000 r--s 00346000 00:51 118                        /usr/lib/jvm/java-8-openjdk-amd64/jre/lib/resources.jar
7fa564840000-7fa564843000 ---p 00000000 00:00 0 
7fa564843000-7fa564941000 rw-p 00000000 00:00 0                          [stack:3608]
7fa564941000-7fa564944000 ---p 00000000 00:00 0 
7fa564944000-7fa564a42000 rw-p 00000000 00:00 0                          [stack:3607]
7fa564a42000-7fa564a45000 ---p 00000000 00:00 0 
7fa564a45000-7fa564b43000 rw-p 00000000 00:00 0                          [stack:3606]
7fa564b43000-7fa564b47000 r--s 0009a000 00:51 120                        /usr/lib/jvm/java-8-openjdk-amd64/jre/lib/jsse.jar
7fa564b47000-7fa564b5e000 r-xp 00000000 00:51 153                        /usr/lib/jvm/java-8-openjdk-amd64/jre/lib/amd64/libnet.so
7fa564b5e000-7fa564d5d000 ---p 00017000 00:51 153                        /usr/lib/jvm/java-8-openjdk-amd64/jre/lib/amd64/libnet.so
7fa564d5d000-7fa564d5e000 r--p 00016000 00:51 153                        /usr/lib/jvm/java-8-openjdk-amd64/jre/lib/amd64/libnet.so
7fa564d5e000-7fa564d5f000 rw-p 00017000 00:51 153                        /usr/lib/jvm/java-8-openjdk-amd64/jre/lib/amd64/libnet.so
7fa564d5f000-7fa564d60000 ---p 00000000 00:00 0 
7fa564d60000-7fa564e60000 rw-p 00000000 00:00 0                          [stack:3603]
7fa564e60000-7fa564e63000 ---p 00000000 00:00 0 
7fa564e63000-7fa564f61000 rw-p 00000000 00:00 0                          [stack:3602]
7fa564f61000-7fa564f64000 ---p 00000000 00:00 0 
7fa564f64000-7fa565062000 rw-p 00000000 00:00 0                          [stack:3601]
7fa565062000-7fa565065000 ---p 00000000 00:00 0 
7fa565065000-7fa565163000 rw-p 00000000 00:00 0                          [stack:3600]
7fa565163000-7fa565166000 ---p 00000000 00:00 0 
7fa565166000-7fa565264000 rw-p 00000000 00:00 0                          [stack:3599]
7fa565264000-7fa565267000 ---p 00000000 00:00 0 
7fa565267000-7fa565365000 rw-p 00000000 00:00 0                          [stack:3598]
7fa565365000-7fa565397000 r--s 00233000 00:51 86081                      /tmp/gzoltar.agent3558542059484926010.jar
7fa565397000-7fa56539c000 r--s 0003c000 00:51 5271                       /root/workspace/alibaba/fastjson/284701376/.m2/org/springframework/spring-expression/4.3.7.RELEASE/spring-expression-4.3.7.RELEASE.jar
7fa56539c000-7fa56539f000 r--s 00015000 00:51 5337                       /root/workspace/alibaba/fastjson/284701376/.m2/org/eclipse/jetty/jetty-http/8.1.8.v20121106/jetty-http-8.1.8.v20121106.jar
7fa56539f000-7fa5653a6000 r--s 00064000 00:51 5445                       /root/workspace/alibaba/fastjson/284701376/.m2/org/apache/commons/commons-lang3/3.4/commons-lang3-3.4.jar
7fa5653a6000-7fa5653a8000 r--s 00016000 00:51 5347                       /root/workspace/alibaba/fastjson/284701376/.m2/org/eclipse/jetty/jetty-servlet/8.1.8.v20121106/jetty-servlet-8.1.8.v20121106.jar
7fa5653a8000-7fa5653c2000 r--s 000fd000 00:51 5131                       /root/workspace/alibaba/fastjson/284701376/.m2/org/springframework/spring-context/4.3.7.RELEASE/spring-context-4.3.7.RELEASE.jar
7fa5653c2000-7fa5653c8000 r--s 00051000 00:51 5294                       /root/workspace/alibaba/fastjson/284701376/.m2/com/squareup/okhttp3/okhttp/3.6.0/okhttp-3.6.0.jar
7fa5653c8000-7fa5653ca000 r--s 0000a000 00:51 5405                       /root/workspace/alibaba/fastjson/284701376/.m2/org/ow2/asm/asm/4.0/asm-4.0.jar
7fa5653ca000-7fa5653cc000 r--s 00008000 00:51 5406                       /root/workspace/alibaba/fastjson/284701376/.m2/org/ow2/asm/asm-util/4.0/asm-util-4.0.jar
7fa5653cc000-7fa5653d6000 r--s 000a5000 00:51 5348                       /root/workspace/alibaba/fastjson/284701376/.m2/org/javassist/javassist/3.18.0-GA/javassist-3.18.0-GA.jar
7fa5653d6000-7fa5653dd000 r--s 0008f000 00:51 5310                       /root/workspace/alibaba/fastjson/284701376/.m2/io/javaslang/javaslang/2.0.6/javaslang-2.0.6.jar
7fa5653dd000-7fa5653f4000 r--s 00131000 00:51 5259                       /root/workspace/alibaba/fastjson/284701376/.m2/org/apache/cxf/cxf-core/3.1.2/cxf-core-3.1.2.jar
7fa5653f4000-7fa5653f7000 r--s 00013000 00:51 5291                       /root/workspace/alibaba/fastjson/284701376/.m2/com/squareup/retrofit2/retrofit/2.1.0/retrofit-2.1.0.jar
7fa5653f7000-7fa565408000 r--s 000cf000 00:51 5266                       /root/workspace/alibaba/fastjson/284701376/.m2/org/springframework/spring-webmvc/4.3.7.RELEASE/spring-webmvc-4.3.7.RELEASE.jar
7fa565408000-7fa56540d000 r--s 00040000 00:51 5382                       /root/workspace/alibaba/fastjson/284701376/.m2/commons-lang/commons-lang/2.5/commons-lang-2.5.jar
7fa56540d000-7fa565412000 r--s 00048000 00:51 5457                       /root/workspace/alibaba/fastjson/284701376/.m2/dom4j/dom4j/1.6.1/dom4j-1.6.1.jar
7fa565412000-7fa565414000 r--s 00014000 00:51 5252                       /root/workspace/alibaba/fastjson/284701376/.m2/org/eclipse/jetty/jetty-security/8.1.8.v20121106/jetty-security-8.1.8.v20121106.jar
7fa565414000-7fa565417000 r--s 00017000 00:51 5338                       /root/workspace/alibaba/fastjson/284701376/.m2/org/eclipse/jetty/jetty-io/8.1.8.v20121106/jetty-io-8.1.8.v20121106.jar
7fa565417000-7fa56541a000 r--s 00015000 00:51 5253                       /root/workspace/alibaba/fastjson/284701376/.m2/javax/servlet/javax.servlet-api/3.1.0/javax.servlet-api-3.1.0.jar
7fa56541a000-7fa565420000 r--s 00031000 00:51 5459                       /root/workspace/alibaba/fastjson/284701376/.m2/com/jayway/jsonpath/json-path/2.3.0/json-path-2.3.0.jar
7fa565420000-7fa565422000 r--s 00012000 00:51 5393                       /root/workspace/alibaba/fastjson/284701376/.m2/net/minidev/accessors-smart/1.1/accessors-smart-1.1.jar
7fa565422000-7fa565424000 r--s 0000e000 00:51 5300                       /root/workspace/alibaba/fastjson/284701376/.m2/com/fasterxml/classmate/1.3.1/classmate-1.3.1.jar
7fa565424000-7fa565429000 r--s 00021000 00:51 5296                       /root/workspace/alibaba/fastjson/284701376/.m2/io/springfox/springfox-spring-web/2.6.1/springfox-spring-web-2.6.1.jar
7fa565429000-7fa56542c000 r--s 0000a000 00:51 5307                       /root/workspace/alibaba/fastjson/284701376/.m2/io/springfox/springfox-spi/2.6.1/springfox-spi-2.6.1.jar
7fa56542c000-7fa565430000 r--s 00024000 00:51 5121                       /root/workspace/alibaba/fastjson/284701376/.m2/org/codehaus/woodstox/stax2-api/3.1.4/stax2-api-3.1.4.jar
7fa565430000-7fa565446000 r--s 000d3000 00:51 5422                       /root/workspace/alibaba/fastjson/284701376/.m2/org/glassfish/jersey/core/jersey-server/2.23.2/jersey-server-2.23.2.jar
7fa565446000-7fa565447000 r--s 00005000 00:51 5373                       /root/workspace/alibaba/fastjson/284701376/.m2/com/googlecode/json-simple/json-simple/1.1.1/json-simple-1.1.1.jar
7fa565447000-7fa56544c000 r--s 00027000 00:51 5318                       /root/workspace/alibaba/fastjson/284701376/.m2/org/glassfish/hk2/hk2-api/2.5.0-b05/hk2-api-2.5.0-b05.jar
7fa56544c000-7fa565451000 r--s 0004e000 00:51 5330                       /root/workspace/alibaba/fastjson/284701376/.m2/org/eclipse/jetty/jetty-server/8.1.8.v20121106/jetty-server-8.1.8.v20121106.jar
7fa565451000-7fa565453000 r--s 00009000 00:51 5353                       /root/workspace/alibaba/fastjson/284701376/.m2/org/hamcrest/hamcrest-core/1.3/hamcrest-core-1.3.jar
7fa565453000-7fa565458000 r--s 00068000 00:51 5399                       /root/workspace/alibaba/fastjson/284701376/.m2/antlr/antlr/2.7.7/antlr-2.7.7.jar
7fa565458000-7fa56545e000 r--s 0004a000 00:51 5363                       /root/workspace/alibaba/fastjson/284701376/.m2/cglib/cglib-nodep/2.2.2/cglib-nodep-2.2.2.jar
7fa56545e000-7fa565475000 r--s 000fb000 00:51 5134                       /root/workspace/alibaba/fastjson/284701376/.m2/org/springframework/spring-core/4.3.7.RELEASE/spring-core-4.3.7.RELEASE.jar
7fa565475000-7fa565478000 r--s 0002b000 00:51 5454                       /root/workspace/alibaba/fastjson/284701376/.m2/org/jboss/jandex/2.0.3.Final/jandex-2.0.3.Final.jar
7fa565478000-7fa5654b7000 r--s 0032d000 00:51 5394                       /root/workspace/alibaba/fastjson/284701376/.m2/org/clojure/clojure/1.5.1/clojure-1.5.1.jar
7fa5654b7000-7fa5654b8000 r--s 00003000 00:51 5366                       /root/workspace/alibaba/fastjson/284701376/.m2/com/fasterxml/jackson/jaxrs/jackson-jaxrs-json-provider/2.8.7/jackson-jaxrs-json-provider-2.8.7.jar
7fa5654b8000-7fa5654bb000 r--s 00015000 00:51 5308                       /root/workspace/alibaba/fastjson/284701376/.m2/io/springfox/springfox-core/2.6.1/springfox-core-2.6.1.jar
7fa5654bb000-7fa5654bc000 r--s 00009000 00:51 5345                       /root/workspace/alibaba/fastjson/284701376/.m2/org/eclipse/jetty/jetty-xml/8.1.8.v20121106/jetty-xml-8.1.8.v20121106.jar
7fa5654bc000-7fa5654bf000 r--s 00024000 00:51 5375                       /root/workspace/alibaba/fastjson/284701376/.m2/net/sf/json-lib/json-lib/2.4/json-lib-2.4-jdk15.jar
7fa5654bf000-7fa5654c3000 r--s 0004b000 00:51 5357                       /root/workspace/alibaba/fastjson/284701376/.m2/com/fasterxml/jackson/core/jackson-core/2.9.0/jackson-core-2.9.0.jar
7fa5654c3000-7fa5654c9000 r--s 00033000 00:51 5389                       /root/workspace/alibaba/fastjson/284701376/.m2/com/google/code/gson/gson/2.6.2/gson-2.6.2.jar
7fa5654c9000-7fa5654f4000 r--s 001fc000 00:51 5299                       /root/workspace/alibaba/fastjson/284701376/.m2/com/google/guava/guava/18.0/guava-18.0.jar
7fa5654f4000-7fa56556f000 r--s 005d5000 00:51 5446                       /root/workspace/alibaba/fastjson/284701376/.m2/org/hibernate/hibernate-core/5.2.10.Final/hibernate-core-5.2.10.Final.jar
7fa56556f000-7fa565572000 r--s 00013000 00:51 5386                       /root/workspace/alibaba/fastjson/284701376/.m2/net/sf/ezmorph/ezmorph/1.0.6/ezmorph-1.0.6.jar
7fa565572000-7fa56557b000 r--s 00054000 00:51 5267                       /root/workspace/alibaba/fastjson/284701376/.m2/org/springframework/spring-aop/4.3.7.RELEASE/spring-aop-4.3.7.RELEASE.jar
7fa56557b000-7fa565580000 r--s 00034000 00:51 5378                       /root/workspace/alibaba/fastjson/284701376/.m2/commons-beanutils/commons-beanutils/1.8.0/commons-beanutils-1.8.0.jar
7fa565580000-7fa565583000 r--s 0001b000 00:51 5391                       /root/workspace/alibaba/fastjson/284701376/.m2/net/minidev/json-smart/2.2.1/json-smart-2.2.1.jar
7fa565583000-7fa565585000 r--s 00004000 00:51 5438                       /root/workspace/alibaba/fastjson/284701376/.m2/org/glassfish/jersey/media/jersey-media-json-jackson/2.23.2/jersey-media-json-jackson-2.23.2.jar
7fa565585000-7fa565587000 r--s 0000f000 00:51 5447                       /root/workspace/alibaba/fastjson/284701376/.m2/org/jboss/logging/jboss-logging/3.3.0.Final/jboss-logging-3.3.0.Final.jar
7fa565587000-7fa5655a2000 r--s 00111000 00:51 5273                       /root/workspace/alibaba/fastjson/284701376/.m2/org/springframework/data/spring-data-redis/1.8.6.RELEASE/spring-data-redis-1.8.6.RELEASE.jar
7fa5655a2000-7fa5655a4000 r--s 00012000 00:51 5295                       /root/workspace/alibaba/fastjson/284701376/.m2/com/squareup/okio/okio/1.11.0/okio-1.11.0.jar
7fa5655a4000-7fa5655ad000 r--s 00067000 00:51 5130                       /root/workspace/alibaba/fastjson/284701376/.m2/org/springframework/spring-websocket/4.3.7.RELEASE/spring-websocket-4.3.7.RELEASE.jar
7fa5655ad000-7fa5655b2000 r--s 00029000 00:51 5284                       /root/workspace/alibaba/fastjson/284701376/.m2/org/springframework/spring-context-support/4.3.10.RELEASE/spring-context-support-4.3.10.RELEASE.jar
7fa5655b2000-7fa5655b8000 r--s 0003f000 00:51 5444                       /root/workspace/alibaba/fastjson/284701376/.m2/com/jsoniter/jsoniter/0.9.8/jsoniter-0.9.8.jar
7fa5655b8000-7fa5655bb000 r--s 0000e000 00:51 5355                       /root/workspace/alibaba/fastjson/284701376/.m2/com/fasterxml/jackson/core/jackson-annotations/2.9.0/jackson-annotations-2.9.0.jar
7fa5655bb000-7fa5655bd000 r--s 00007000 00:51 5371                       /root/workspace/alibaba/fastjson/284701376/.m2/com/fasterxml/jackson/module/jackson-module-jaxb-annotations/2.8.7/jackson-module-jaxb-annotations-2.8.7.jar
7fa5655bd000-7fa5655be000 r--s 00006000 00:51 5451                       /root/workspace/alibaba/fastjson/284701376/.m2/org/jboss/spec/javax/transaction/jboss-transaction-api_1.2_spec/1.0.1.Final/jboss-transaction-api_1.2_spec-1.0.1.Final.jar
7fa5655be000-7fa5655cd000 r--s 000a0000 00:51 5313                       /root/workspace/alibaba/fastjson/284701376/.m2/org/glassfish/jersey/core/jersey-common/2.23.2/jersey-common-2.23.2.jar
7fa5655cd000-7fa5655cf000 r--s 00000000 00:51 5469                       /root/workspace/alibaba/fastjson/284701376/.m2/aopalliance/aopalliance/1.0/aopalliance-1.0.jar
7fa5655cf000-7fa565601000 r--s 0021b000 00:51 5465                       /root/workspace/alibaba/fastjson/284701376/.m2/org/jetbrains/kotlin/kotlin-reflect/1.1.3-2/kotlin-reflect-1.1.3-2.jar
7fa565601000-7fa56560f000 r--s 0007f000 00:51 5379                       /root/workspace/alibaba/fastjson/284701376/.m2/commons-collections/commons-collections/3.2.1/commons-collections-3.2.1.jar
7fa56560f000-7fa56561e000 r--s 00084000 00:51 5412                       /root/workspace/alibaba/fastjson/284701376/.m2/org/springframework/spring-test/4.3.7.RELEASE/spring-test-4.3.7.RELEASE.jar
7fa56561e000-7fa565620000 r--s 00009000 00:51 5285                       /root/workspace/alibaba/fastjson/284701376/.m2/org/slf4j/slf4j-api/1.7.25/slf4j-api-1.7.25.jar
7fa565620000-7fa565622000 r--s 00005000 00:51 5312                       /root/workspace/alibaba/fastjson/284701376/.m2/io/javaslang/javaslang-match/2.0.6/javaslang-match-2.0.6.jar
7fa565622000-7fa565624000 r--s 00004000 00:51 5433                       /root/workspace/alibaba/fastjson/284701376/.m2/org/glassfish/jersey/containers/jersey-container-jdk-http/2.23.2/jersey-container-jdk-http-2.23.2.jar
7fa565624000-7fa565625000 r--s 00001000 00:51 5324                       /root/workspace/alibaba/fastjson/284701376/.m2/org/glassfish/hk2/external/javax.inject/2.5.0-b05/javax.inject-2.5.0-b05.jar
7fa565625000-7fa565627000 r--s 00019000 00:51 5339                       /root/workspace/alibaba/fastjson/284701376/.m2/org/eclipse/jetty/jetty-webapp/8.1.8.v20121106/jetty-webapp-8.1.8.v20121106.jar
7fa565627000-7fa565633000 r--s 00056000 00:51 5471                       /root/workspace/alibaba/fastjson/284701376/.m2/org/springframework/security/spring-security-core/4.2.3.RELEASE/spring-security-core-4.2.3.RELEASE.jar
7fa565633000-7fa56564b000 r--s 000d6000 00:51 5315                       /root/workspace/alibaba/fastjson/284701376/.m2/org/glassfish/jersey/bundles/repackaged/jersey-guava/2.23.2/jersey-guava-2.23.2.jar
7fa56564b000-7fa565653000 r--s 0003a000 00:51 5415                       /root/workspace/alibaba/fastjson/284701376/.m2/org/springframework/data/spring-data-commons-core/1.4.1.RELEASE/spring-data-commons-core-1.4.1.RELEASE.jar
7fa565653000-7fa565654000 r--s 00001000 00:51 5430                       /root/workspace/alibaba/fastjson/284701376/.m2/org/glassfish/jersey/test-framework/providers/jersey-test-framework-provider-jdk-http/2.23.2/jersey-test-framework-provider-jdk-http-2.23.2.jar
7fa565654000-7fa565657000 r--s 00021000 00:51 5361                       /root/workspace/alibaba/fastjson/284701376/.m2/com/fasterxml/jackson/module/jackson-module-afterburner/2.9.0/jackson-module-afterburner-2.9.0.jar
7fa565657000-7fa56565a000 r--s 0002e000 00:51 5331                       /root/workspace/alibaba/fastjson/284701376/.m2/org/eclipse/jetty/orbit/javax.servlet/3.0.0.v201112011016/javax.servlet-3.0.0.v201112011016.jar
7fa56565a000-7fa56565b000 r--s 00004000 00:51 5301                       /root/workspace/alibaba/fastjson/284701376/.m2/org/springframework/plugin/spring-plugin-core/1.2.0.RELEASE/spring-plugin-core-1.2.0.RELEASE.jar
7fa56565b000-7fa56565f000 r--s 0000c000 00:51 5425                       /root/workspace/alibaba/fastjson/284701376/.m2/javax/validation/validation-api/1.1.0.Final/validation-api-1.1.0.Final.jar
7fa56565f000-7fa565661000 r--s 00003000 00:51 5418                       /root/workspace/alibaba/fastjson/284701376/.m2/org/glassfish/jersey/containers/jersey-container-servlet/2.23.2/jersey-container-servlet-2.23.2.jar
7fa565661000-7fa565664000 r--s 00018000 00:51 5356                       /root/workspace/alibaba/fastjson/284701376/.m2/commons-io/commons-io/1.4/commons-io-1.4.jar
7fa565664000-7fa565669000 r--s 00058000 00:51 5437                       /root/workspace/alibaba/fastjson/284701376/.m2/org/ow2/asm/asm-debug-all/5.0.4/asm-debug-all-5.0.4.jar
7fa565669000-7fa56566e000 r--s 00025000 00:51 5428                       /root/workspace/alibaba/fastjson/284701376/.m2/org/glassfish/jersey/core/jersey-client/2.23.2/jersey-client-2.23.2.jar
7fa56566e000-7fa56567f000 r--s 000b7000 00:51 5254                       /root/workspace/alibaba/fastjson/284701376/.m2/org/springframework/spring-web/4.3.7.RELEASE/spring-web-4.3.7.RELEASE.jar
7fa56567f000-7fa565687000 r--s 0003a000 00:51 5281                       /root/workspace/alibaba/fastjson/284701376/.m2/org/springframework/spring-tx/4.3.10.RELEASE/spring-tx-4.3.10.RELEASE.jar
7fa565687000-7fa565689000 r--s 00003000 00:51 5464                       /root/workspace/alibaba/fastjson/284701376/.m2/org/jetbrains/annotations/13.0/annotations-13.0.jar
7fa565689000-7fa56568e000 r--s 00017000 00:51 5450                       /root/workspace/alibaba/fastjson/284701376/.m2/org/hibernate/javax/persistence/hibernate-jpa-2.1-api/1.0.0.Final/hibernate-jpa-2.1-api-1.0.0.Final.jar
7fa56568e000-7fa565693000 r--s 00040000 00:51 5346                       /root/workspace/alibaba/fastjson/284701376/.m2/org/eclipse/jetty/jetty-util/8.1.8.v20121106/jetty-util-8.1.8.v20121106.jar
7fa565693000-7fa565695000 r--s 00008000 00:51 5401                       /root/workspace/alibaba/fastjson/284701376/.m2/org/ow2/asm/asm-commons/4.0/asm-commons-4.0.jar
7fa565695000-7fa565699000 r--s 0001a000 00:51 5319                       /root/workspace/alibaba/fastjson/284701376/.m2/org/glassfish/hk2/hk2-utils/2.5.0-b05/hk2-utils-2.5.0-b05.jar
7fa565699000-7fa56569d000 r--s 00019000 00:51 5257                       /root/workspace/alibaba/fastjson/284701376/.m2/javax/ws/rs/javax.ws.rs-api/2.0.1/javax.ws.rs-api-2.0.1.jar
7fa56569d000-7fa5656b0000 r--s 00132000 00:51 5256                       /root/workspace/alibaba/fastjson/284701376/.m2/com/fasterxml/jackson/core/jackson-databind/2.9.0/jackson-databind-2.9.0.jar
7fa5656b0000-7fa5656bb000 r--s 00053000 00:51 5468                       /root/workspace/alibaba/fastjson/284701376/.m2/org/springframework/security/spring-security-web/4.2.3.RELEASE/spring-security-web-4.2.3.RELEASE.jar
7fa5656bb000-7fa5656ca000 r--s 000c8000 00:51 5374                       /root/workspace/alibaba/fastjson/284701376/.m2/org/jetbrains/kotlin/kotlin-stdlib/1.1.3-2/kotlin-stdlib-1.1.3-2.jar
7fa5656ca000-7fa565708000 r--s 00302000 00:51 5396                       /root/workspace/alibaba/fastjson/284701376/.m2/org/codehaus/groovy/groovy/2.1.5/groovy-2.1.5.jar
7fa565708000-7fa565709000 r--s 00004000 00:51 5407                       /root/workspace/alibaba/fastjson/284701376/.m2/org/ow2/asm/asm-analysis/4.0/asm-analysis-4.0.jar
7fa565709000-7fa56570c000 r--s 00017000 00:51 5276                       /root/workspace/alibaba/fastjson/284701376/.m2/org/springframework/data/spring-data-keyvalue/1.2.6.RELEASE/spring-data-keyvalue-1.2.6.RELEASE.jar
7fa56570c000-7fa56570d000 r--s 00004000 00:51 5328                       /root/workspace/alibaba/fastjson/284701376/.m2/org/glassfish/hk2/osgi-resource-locator/1.0.1/osgi-resource-locator-1.0.1.jar
7fa56570d000-7fa56570f000 r--s 00013000 00:51 5282                       /root/workspace/alibaba/fastjson/284701376/.m2/org/springframework/spring-oxm/4.3.10.RELEASE/spring-oxm-4.3.10.RELEASE.jar
7fa56570f000-7fa565721000 r--s 000ad000 00:51 5277                       /root/workspace/alibaba/fastjson/284701376/.m2/org/springframework/data/spring-data-commons/1.13.6.RELEASE/spring-data-commons-1.13.6.RELEASE.jar
7fa565721000-7fa565723000 r--s 00000000 00:51 5306                       /root/workspace/alibaba/fastjson/284701376/.m2/org/springframework/plugin/spring-plugin-metadata/1.2.0.RELEASE/spring-plugin-metadata-1.2.0.RELEASE.jar
7fa565723000-7fa565725000 r--s 0000d000 00:51 5383                       /root/workspace/alibaba/fastjson/284701376/.m2/commons-logging/commons-logging/1.1.1/commons-logging-1.1.1.jar
7fa565725000-7fa565727000 r--s 00004000 00:51 5336                       /root/workspace/alibaba/fastjson/284701376/.m2/org/eclipse/jetty/jetty-continuation/8.1.8.v20121106/jetty-continuation-8.1.8.v20121106.jar
7fa565727000-7fa56572d000 r--s 00049000 00:51 5255                       /root/workspace/alibaba/fastjson/284701376/.m2/org/apache/cxf/cxf-rt-transports-http/3.1.2/cxf-rt-transports-http-3.1.2.jar
7fa56572d000-7fa565735000 r--s 00045000 00:51 5349                       /root/workspace/alibaba/fastjson/284701376/.m2/junit/junit/4.12/junit-4.12.jar
7fa565735000-7fa565738000 r--s 0000f000 00:51 5439                       /root/workspace/alibaba/fastjson/284701376/.m2/org/glassfish/jersey/ext/jersey-entity-filtering/2.23.2/jersey-entity-filtering-2.23.2.jar
7fa565738000-7fa565739000 r--s 00007000 00:51 5368                       /root/workspace/alibaba/fastjson/284701376/.m2/com/fasterxml/jackson/jaxrs/jackson-jaxrs-base/2.8.7/jackson-jaxrs-base-2.8.7.jar
7fa565739000-7fa56573c000 r--s 0002a000 00:51 5326                       /root/workspace/alibaba/fastjson/284701376/.m2/org/glassfish/hk2/hk2-locator/2.5.0-b05/hk2-locator-2.5.0-b05.jar
7fa56573c000-7fa56573e000 r--s 00002000 00:51 5323                       /root/workspace/alibaba/fastjson/284701376/.m2/org/glassfish/hk2/external/aopalliance-repackaged/2.5.0-b05/aopalliance-repackaged-2.5.0-b05.jar
7fa56573e000-7fa565741000 r--s 0000e000 00:51 5420                       /root/workspace/alibaba/fastjson/284701376/.m2/org/glassfish/jersey/containers/jersey-container-servlet-core/2.23.2/jersey-container-servlet-core-2.23.2.jar
7fa565741000-7fa565745000 r--s 00026000 00:51 5124                       /root/workspace/alibaba/fastjson/284701376/.m2/org/apache/ws/xmlschema/xmlschema-core/2.2.1/xmlschema-core-2.2.1.jar
7fa565745000-7fa565747000 r--s 00004000 00:51 5400                       /root/workspace/alibaba/fastjson/284701376/.m2/org/ow2/asm/asm-tree/4.0/asm-tree-4.0.jar
7fa565747000-7fa565755000 r--s 000ad000 00:51 5270                       /root/workspace/alibaba/fastjson/284701376/.m2/org/springframework/spring-beans/4.3.7.RELEASE/spring-beans-4.3.7.RELEASE.jar
7fa565755000-7fa56575d000 r--s 0008b000 00:51 5125                       /root/workspace/alibaba/fastjson/284701376/.m2/org/apache/cxf/cxf-rt-frontend-jaxrs/3.1.2/cxf-rt-frontend-jaxrs-3.1.2.jar
7fa56575d000-7fa56575f000 r--s 00006000 00:51 5432                       /root/workspace/alibaba/fastjson/284701376/.m2/org/glassfish/jersey/test-framework/jersey-test-framework-core/2.23.2/jersey-test-framework-core-2.23.2.jar
7fa56575f000-7fa565762000 r--s 00023000 00:51 5413                       /root/workspace/alibaba/fastjson/284701376/.m2/org/apache/cxf/cxf-rt-rs-client/3.1.2/cxf-rt-rs-client-3.1.2.jar
7fa565762000-7fa565765000 r--s 00010000 00:51 5431                       /root/workspace/alibaba/fastjson/284701376/.m2/org/hibernate/common/hibernate-commons-annotations/5.0.1.Final/hibernate-commons-annotations-5.0.1.Final.jar
7fa565765000-7fa565767000 r--s 00003000 00:51 5287                       /root/workspace/alibaba/fastjson/284701376/.m2/org/slf4j/jcl-over-slf4j/1.7.25/jcl-over-slf4j-1.7.25.jar
7fa565767000-7fa565769000 r--s 0000a000 00:51 5362                       /root/workspace/alibaba/fastjson/284701376/.m2/com/fasterxml/jackson/module/jackson-module-kotlin/2.9.0/jackson-module-kotlin-2.9.0.jar
7fa565769000-7fa56576f000 r--s 00071000 00:51 5261                       /root/workspace/alibaba/fastjson/284701376/.m2/org/codehaus/woodstox/woodstox-core-asl/4.4.1/woodstox-core-asl-4.4.1.jar
7fa56576f000-7fa565771000 r--s 00005000 00:51 5129                       /root/workspace/alibaba/fastjson/284701376/.m2/javax/annotation/javax.annotation-api/1.2/javax.annotation-api-1.2.jar
7fa565771000-7fa565773000 r--s 00010000 00:51 5424                       /root/workspace/alibaba/fastjson/284701376/.m2/org/glassfish/jersey/media/jersey-media-jaxb/2.23.2/jersey-media-jaxb-2.23.2.jar
7fa565773000-7fa5657ec000 r--s 010fd000 00:51 144                        /usr/lib/jvm/java-8-openjdk-amd64/lib/tools.jar
7fa5657ec000-7fa5657ed000 r--s 0000a000 00:51 137                        /usr/lib/jvm/java-8-openjdk-amd64/jre/lib/ext/jaccess.jar
7fa5657ed000-7fa565808000 r--s 00394000 00:51 134                        /usr/lib/jvm/java-8-openjdk-amd64/jre/lib/ext/cldrdata.jar
7fa565808000-7fa565823000 r--s 001d6000 00:51 126                        /usr/lib/jvm/java-8-openjdk-amd64/jre/lib/ext/nashorn.jar
7fa565823000-7fa565826000 ---p 00000000 00:00 0 
7fa565826000-7fa565924000 rw-p 00000000 00:00 0                          [stack:3597]
7fa565924000-7fa565a93000 r--p 00000000 00:51 56                         /usr/lib/locale/C.UTF-8/LC_COLLATE
7fa565a93000-7fa565a96000 ---p 00000000 00:00 0 
7fa565a96000-7fa565b94000 rw-p 00000000 00:00 0                          [stack:3596]
7fa565b94000-7fa565b97000 ---p 00000000 00:00 0 
7fa565b97000-7fa565c95000 rw-p 00000000 00:00 0                          [stack:3595]
7fa565c95000-7fa565c96000 ---p 00000000 00:00 0 
7fa565c96000-7fa5678b1000 rw-p 00000000 00:00 0                          [stack:3594]
7fa5678b1000-7fa567a7f000 r--s 03c06000 00:51 119                        /usr/lib/jvm/java-8-openjdk-amd64/jre/lib/rt.jar
7fa567a7f000-7fa568350000 rw-p 00000000 00:00 0 
7fa568350000-7fa578eff000 rw-p 00000000 00:00 0 
7fa578eff000-7fa578f00000 ---p 00000000 00:00 0 
7fa578f00000-7fa579000000 rw-p 00000000 00:00 0                          [stack:3593]
7fa579000000-7fa57a200000 rwxp 00000000 00:00 0 
7fa57a200000-7fa588000000 ---p 00000000 00:00 0 
7fa588000000-7fa589717000 rw-p 00000000 00:00 0 
7fa589717000-7fa58c000000 ---p 00000000 00:00 0 
7fa58c000000-7fa58c004000 r--s 00037000 00:51 135                        /usr/lib/jvm/java-8-openjdk-amd64/jre/lib/ext/sunpkcs11.jar
7fa58c004000-7fa58c051000 rw-p 00000000 00:00 0 
7fa58c051000-7fa58c052000 ---p 00000000 00:00 0 
7fa58c052000-7fa58c152000 rw-p 00000000 00:00 0                          [stack:3592]
7fa58c152000-7fa58c153000 ---p 00000000 00:00 0 
7fa58c153000-7fa58c253000 rw-p 00000000 00:00 0                          [stack:3591]
7fa58c253000-7fa58c254000 ---p 00000000 00:00 0 
7fa58c254000-7fa58c354000 rw-p 00000000 00:00 0                          [stack:3590]
7fa58c354000-7fa58c355000 ---p 00000000 00:00 0 
7fa58c355000-7fa58c455000 rw-p 00000000 00:00 0                          [stack:3589]
7fa58c455000-7fa58c456000 ---p 00000000 00:00 0 
7fa58c456000-7fa58c556000 rw-p 00000000 00:00 0                          [stack:3588]
7fa58c556000-7fa58c557000 ---p 00000000 00:00 0 
7fa58c557000-7fa58c657000 rw-p 00000000 00:00 0                          [stack:3587]
7fa58c657000-7fa58c658000 ---p 00000000 00:00 0 
7fa58c658000-7fa58c7f0000 rw-p 00000000 00:00 0                          [stack:3586]
7fa58c7f0000-7fa58d1d8000 ---p 00000000 00:00 0 
7fa58d1d8000-7fa58d270000 rw-p 00000000 00:00 0 
7fa58d270000-7fa58dc57000 ---p 00000000 00:00 0 
7fa58dc57000-7fa58de24000 rw-p 00000000 00:00 0 
7fa58de24000-7fa58e197000 ---p 00000000 00:00 0 
7fa58e197000-7fa58e1e0000 rw-p 00000000 00:00 0 
7fa58e1e0000-7fa58e558000 ---p 00000000 00:00 0 
7fa58e558000-7fa58e560000 r-xp 00000000 00:51 117                        /usr/lib/jvm/java-8-openjdk-amd64/jre/lib/amd64/libzip.so
7fa58e560000-7fa58e75f000 ---p 00008000 00:51 117                        /usr/lib/jvm/java-8-openjdk-amd64/jre/lib/amd64/libzip.so
7fa58e75f000-7fa58e760000 r--p 00007000 00:51 117                        /usr/lib/jvm/java-8-openjdk-amd64/jre/lib/amd64/libzip.so
7fa58e760000-7fa58e761000 rw-p 00008000 00:51 117                        /usr/lib/jvm/java-8-openjdk-amd64/jre/lib/amd64/libzip.so
7fa58e761000-7fa58e76c000 r-xp 00000000 00:51 82                         /lib/x86_64-linux-gnu/libnss_files-2.19.so
7fa58e76c000-7fa58e96b000 ---p 0000b000 00:51 82                         /lib/x86_64-linux-gnu/libnss_files-2.19.so
7fa58e96b000-7fa58e96c000 r--p 0000a000 00:51 82                         /lib/x86_64-linux-gnu/libnss_files-2.19.so
7fa58e96c000-7fa58e96d000 rw-p 0000b000 00:51 82                         /lib/x86_64-linux-gnu/libnss_files-2.19.so
7fa58e96d000-7fa58e977000 r-xp 00000000 00:51 80                         /lib/x86_64-linux-gnu/libnss_nis-2.19.so
7fa58e977000-7fa58eb76000 ---p 0000a000 00:51 80                         /lib/x86_64-linux-gnu/libnss_nis-2.19.so
7fa58eb76000-7fa58eb77000 r--p 00009000 00:51 80                         /lib/x86_64-linux-gnu/libnss_nis-2.19.so
7fa58eb77000-7fa58eb78000 rw-p 0000a000 00:51 80                         /lib/x86_64-linux-gnu/libnss_nis-2.19.so
7fa58eb78000-7fa58eb8d000 r-xp 00000000 00:51 78                         /lib/x86_64-linux-gnu/libnsl-2.19.so
7fa58eb8d000-7fa58ed8c000 ---p 00015000 00:51 78                         /lib/x86_64-linux-gnu/libnsl-2.19.so
7fa58ed8c000-7fa58ed8d000 r--p 00014000 00:51 78                         /lib/x86_64-linux-gnu/libnsl-2.19.so
7fa58ed8d000-7fa58ed8e000 rw-p 00015000 00:51 78                         /lib/x86_64-linux-gnu/libnsl-2.19.so
7fa58ed8e000-7fa58ed90000 rw-p 00000000 00:00 0 
7fa58ed90000-7fa58ed97000 r-xp 00000000 00:51 76                         /lib/x86_64-linux-gnu/libnss_compat-2.19.so
7fa58ed97000-7fa58ef96000 ---p 00007000 00:51 76                         /lib/x86_64-linux-gnu/libnss_compat-2.19.so
7fa58ef96000-7fa58ef97000 r--p 00006000 00:51 76                         /lib/x86_64-linux-gnu/libnss_compat-2.19.so
7fa58ef97000-7fa58ef98000 rw-p 00007000 00:51 76                         /lib/x86_64-linux-gnu/libnss_compat-2.19.so
7fa58ef98000-7fa58efa2000 r-xp 00000000 00:51 86082                      /usr/lib/jvm/java-8-openjdk-amd64/jre/lib/amd64/libinstrument.so
7fa58efa2000-7fa58f1a1000 ---p 0000a000 00:51 86082                      /usr/lib/jvm/java-8-openjdk-amd64/jre/lib/amd64/libinstrument.so
7fa58f1a1000-7fa58f1a2000 r--p 00009000 00:51 86082                      /usr/lib/jvm/java-8-openjdk-amd64/jre/lib/amd64/libinstrument.so
7fa58f1a2000-7fa58f1a3000 rw-p 0000a000 00:51 86082                      /usr/lib/jvm/java-8-openjdk-amd64/jre/lib/amd64/libinstrument.so
7fa58f1a3000-7fa58f1d1000 r-xp 00000000 00:51 99                         /usr/lib/jvm/java-8-openjdk-amd64/jre/lib/amd64/libjava.so
7fa58f1d1000-7fa58f3d0000 ---p 0002e000 00:51 99                         /usr/lib/jvm/java-8-openjdk-amd64/jre/lib/amd64/libjava.so
7fa58f3d0000-7fa58f3d1000 r--p 0002d000 00:51 99                         /usr/lib/jvm/java-8-openjdk-amd64/jre/lib/amd64/libjava.so
7fa58f3d1000-7fa58f3d3000 rw-p 0002e000 00:51 99                         /usr/lib/jvm/java-8-openjdk-amd64/jre/lib/amd64/libjava.so
7fa58f3d3000-7fa58f3e2000 r-xp 00000000 00:51 112                        /usr/lib/jvm/java-8-openjdk-amd64/jre/lib/amd64/libverify.so
7fa58f3e2000-7fa58f5e2000 ---p 0000f000 00:51 112                        /usr/lib/jvm/java-8-openjdk-amd64/jre/lib/amd64/libverify.so
7fa58f5e2000-7fa58f5e5000 r--p 0000f000 00:51 112                        /usr/lib/jvm/java-8-openjdk-amd64/jre/lib/amd64/libverify.so
7fa58f5e5000-7fa58f5e6000 rw-p 00012000 00:51 112                        /usr/lib/jvm/java-8-openjdk-amd64/jre/lib/amd64/libverify.so
7fa58f5e6000-7fa58f5ed000 r-xp 00000000 00:51 111                        /lib/x86_64-linux-gnu/librt-2.19.so
7fa58f5ed000-7fa58f7ec000 ---p 00007000 00:51 111                        /lib/x86_64-linux-gnu/librt-2.19.so
7fa58f7ec000-7fa58f7ed000 r--p 00006000 00:51 111                        /lib/x86_64-linux-gnu/librt-2.19.so
7fa58f7ed000-7fa58f7ee000 rw-p 00007000 00:51 111                        /lib/x86_64-linux-gnu/librt-2.19.so
7fa58f7ee000-7fa58f804000 r-xp 00000000 00:51 109                        /lib/x86_64-linux-gnu/libgcc_s.so.1
7fa58f804000-7fa58fa03000 ---p 00016000 00:51 109                        /lib/x86_64-linux-gnu/libgcc_s.so.1
7fa58fa03000-7fa58fa04000 rw-p 00015000 00:51 109                        /lib/x86_64-linux-gnu/libgcc_s.so.1
7fa58fa04000-7fa58fb04000 r-xp 00000000 00:51 108                        /lib/x86_64-linux-gnu/libm-2.19.so
7fa58fb04000-7fa58fd03000 ---p 00100000 00:51 108                        /lib/x86_64-linux-gnu/libm-2.19.so
7fa58fd03000-7fa58fd04000 r--p 000ff000 00:51 108                        /lib/x86_64-linux-gnu/libm-2.19.so
7fa58fd04000-7fa58fd05000 rw-p 00100000 00:51 108                        /lib/x86_64-linux-gnu/libm-2.19.so
7fa58fd05000-7fa58fdf1000 r-xp 00000000 00:51 106                        /usr/lib/x86_64-linux-gnu/libstdc++.so.6.0.20
7fa58fdf1000-7fa58fff1000 ---p 000ec000 00:51 106                        /usr/lib/x86_64-linux-gnu/libstdc++.so.6.0.20
7fa58fff1000-7fa58fff9000 r--p 000ec000 00:51 106                        /usr/lib/x86_64-linux-gnu/libstdc++.so.6.0.20
7fa58fff9000-7fa58fffb000 rw-p 000f4000 00:51 106                        /usr/lib/x86_64-linux-gnu/libstdc++.so.6.0.20
7fa58fffb000-7fa590010000 rw-p 00000000 00:00 0 
7fa590010000-7fa590ca8000 r-xp 00000000 00:51 104                        /usr/lib/jvm/java-8-openjdk-amd64/jre/lib/amd64/server/libjvm.so
7fa590ca8000-7fa590ea8000 ---p 00c98000 00:51 104                        /usr/lib/jvm/java-8-openjdk-amd64/jre/lib/amd64/server/libjvm.so
7fa590ea8000-7fa590f4b000 r--p 00c98000 00:51 104                        /usr/lib/jvm/java-8-openjdk-amd64/jre/lib/amd64/server/libjvm.so
7fa590f4b000-7fa590f74000 rw-p 00d3b000 00:51 104                        /usr/lib/jvm/java-8-openjdk-amd64/jre/lib/amd64/server/libjvm.so
7fa590f74000-7fa590fa5000 rw-p 00000000 00:00 0 
7fa590fa5000-7fa591146000 r-xp 00000000 00:51 34                         /lib/x86_64-linux-gnu/libc-2.19.so
7fa591146000-7fa591346000 ---p 001a1000 00:51 34                         /lib/x86_64-linux-gnu/libc-2.19.so
7fa591346000-7fa59134a000 r--p 001a1000 00:51 34                         /lib/x86_64-linux-gnu/libc-2.19.so
7fa59134a000-7fa59134c000 rw-p 001a5000 00:51 34                         /lib/x86_64-linux-gnu/libc-2.19.so
7fa59134c000-7fa591350000 rw-p 00000000 00:00 0 
7fa591350000-7fa591353000 r-xp 00000000 00:51 71                         /lib/x86_64-linux-gnu/libdl-2.19.so
7fa591353000-7fa591552000 ---p 00003000 00:51 71                         /lib/x86_64-linux-gnu/libdl-2.19.so
7fa591552000-7fa591553000 r--p 00002000 00:51 71                         /lib/x86_64-linux-gnu/libdl-2.19.so
7fa591553000-7fa591554000 rw-p 00003000 00:51 71                         /lib/x86_64-linux-gnu/libdl-2.19.so
7fa591554000-7fa591562000 r-xp 00000000 00:51 98                         /usr/lib/jvm/java-8-openjdk-amd64/jre/lib/amd64/jli/libjli.so
7fa591562000-7fa591761000 ---p 0000e000 00:51 98                         /usr/lib/jvm/java-8-openjdk-amd64/jre/lib/amd64/jli/libjli.so
7fa591761000-7fa591762000 r--p 0000d000 00:51 98                         /usr/lib/jvm/java-8-openjdk-amd64/jre/lib/amd64/jli/libjli.so
7fa591762000-7fa591763000 rw-p 0000e000 00:51 98                         /usr/lib/jvm/java-8-openjdk-amd64/jre/lib/amd64/jli/libjli.so
7fa591763000-7fa59177d000 r-xp 00000000 00:51 97                         /lib/x86_64-linux-gnu/libz.so.1.2.8
7fa59177d000-7fa59197c000 ---p 0001a000 00:51 97                         /lib/x86_64-linux-gnu/libz.so.1.2.8
7fa59197c000-7fa59197d000 r--p 00019000 00:51 97                         /lib/x86_64-linux-gnu/libz.so.1.2.8
7fa59197d000-7fa59197e000 rw-p 0001a000 00:51 97                         /lib/x86_64-linux-gnu/libz.so.1.2.8
7fa59197e000-7fa591996000 r-xp 00000000 00:51 95                         /lib/x86_64-linux-gnu/libpthread-2.19.so
7fa591996000-7fa591b95000 ---p 00018000 00:51 95                         /lib/x86_64-linux-gnu/libpthread-2.19.so
7fa591b95000-7fa591b96000 r--p 00017000 00:51 95                         /lib/x86_64-linux-gnu/libpthread-2.19.so
7fa591b96000-7fa591b97000 rw-p 00018000 00:51 95                         /lib/x86_64-linux-gnu/libpthread-2.19.so
7fa591b97000-7fa591b9b000 rw-p 00000000 00:00 0 
7fa591b9b000-7fa591bbb000 r-xp 00000000 00:51 31                         /lib/x86_64-linux-gnu/ld-2.19.so
7fa591bbb000-7fa591bbd000 r--s 00001000 00:51 136                        /usr/lib/jvm/java-8-openjdk-amd64/jre/lib/ext/dnsns.jar
7fa591bbd000-7fa591bc2000 r--s 0003b000 00:51 133                        /usr/lib/jvm/java-8-openjdk-amd64/jre/lib/ext/sunjce_provider.jar
7fa591bc2000-7fa591bc4000 r--s 00008000 00:51 132                        /usr/lib/jvm/java-8-openjdk-amd64/jre/lib/ext/sunec.jar
7fa591bc4000-7fa591bc5000 r--s 00010000 00:51 130                        /usr/lib/jvm/java-8-openjdk-amd64/jre/lib/ext/zipfs.jar
7fa591bc5000-7fa591bc8000 r--s 0000f000 00:51 129                        /usr/lib/jvm/java-8-openjdk-amd64/jre/lib/ext/icedtea-sound.jar
7fa591bc8000-7fa591bca000 r--s 00006000 00:51 139                        /usr/share/java/java-atk-wrapper.jar
7fa591bca000-7fa591bd4000 r--s 00116000 00:51 127                        /usr/lib/jvm/java-8-openjdk-amd64/jre/lib/ext/localedata.jar
7fa591bd4000-7fa591bfa000 r--p 00000000 00:51 59                         /usr/lib/locale/C.UTF-8/LC_CTYPE
7fa591bfa000-7fa591bfb000 r--p 00000000 00:51 58                         /usr/lib/locale/C.UTF-8/LC_NUMERIC
7fa591bfb000-7fa591bfc000 r--p 00000000 00:51 57                         /usr/lib/locale/C.UTF-8/LC_TIME
7fa591bfc000-7fa591bfd000 r--p 00000000 00:51 55                         /usr/lib/locale/C.UTF-8/LC_MONETARY
7fa591bfd000-7fa591bfe000 r--p 00000000 00:51 54                         /usr/lib/locale/C.UTF-8/LC_MESSAGES/SYS_LC_MESSAGES
7fa591bfe000-7fa591bff000 r--p 00000000 00:51 52                         /usr/lib/locale/C.UTF-8/LC_PAPER
7fa591bff000-7fa591c00000 r--p 00000000 00:51 51                         /usr/lib/locale/C.UTF-8/LC_NAME
7fa591c00000-7fa591c07000 r--s 00000000 00:51 47                         /usr/lib/x86_64-linux-gnu/gconv/gconv-modules.cache
7fa591c07000-7fa591ca5000 rw-p 00000000 00:00 0 
7fa591ca5000-7fa591cad000 rw-s 00000000 00:51 86083                      /tmp/hsperfdata_root/1395
7fa591cad000-7fa591cb0000 ---p 00000000 00:00 0 
7fa591cb0000-7fa591db3000 rw-p 00000000 00:00 0                          [stack:3585]
7fa591db3000-7fa591db4000 r--p 00000000 00:51 50                         /usr/lib/locale/C.UTF-8/LC_ADDRESS
7fa591db4000-7fa591db5000 r--p 00000000 00:51 49                         /usr/lib/locale/C.UTF-8/LC_TELEPHONE
7fa591db5000-7fa591db6000 r--p 00000000 00:51 48                         /usr/lib/locale/C.UTF-8/LC_MEASUREMENT
7fa591db6000-7fa591db7000 r--p 00000000 00:51 44                         /usr/lib/locale/C.UTF-8/LC_IDENTIFICATION
7fa591db7000-7fa591db8000 rw-p 00000000 00:00 0 
7fa591db8000-7fa591db9000 ---p 00000000 00:00 0 
7fa591db9000-7fa591dbb000 rw-p 00000000 00:00 0 
7fa591dbb000-7fa591dbc000 r--p 00020000 00:51 31                         /lib/x86_64-linux-gnu/ld-2.19.so
7fa591dbc000-7fa591dbd000 rw-p 00021000 00:51 31                         /lib/x86_64-linux-gnu/ld-2.19.so
7fa591dbd000-7fa591dbe000 rw-p 00000000 00:00 0 
7ffefacd5000-7ffefacf9000 rw-p 00000000 00:00 0                          [stack]
7ffefadd5000-7ffefadd7000 r-xp 00000000 00:00 0                          [vdso]
7ffefadd7000-7ffefadd9000 r--p 00000000 00:00 0                          [vvar]
ffffffffff600000-ffffffffff601000 r-xp 00000000 00:00 0                  [vsyscall]

VM Arguments:
jvm_args: -javaagent:/tmp/gzoltar.agent3558542059484926010.jar 
java_command: com.gzoltar.core.instr.Runner 5000 95d67c1b-06fb-46d6-a698-90366edb7d4e
java_class_path (initial): /usr/lib/jvm/java-8-openjdk-amd64/lib/tools.jar:repairnator-pipeline.jar:/root/workspace/alibaba/fastjson/284701376:/root/./workspace/alibaba/fastjson/284701376/.m2/org/glassfish/jersey/media/jersey-media-jaxb/2.23.2/jersey-media-jaxb-2.23.2.jar:/root/./workspace/alibaba/fastjson/284701376/.m2/javax/annotation/javax.annotation-api/1.2/javax.annotation-api-1.2.jar:/root/./workspace/alibaba/fastjson/284701376/.m2/org/codehaus/woodstox/woodstox-core-asl/4.4.1/woodstox-core-asl-4.4.1.jar:/root/./workspace/alibaba/fastjson/284701376/.m2/com/fasterxml/jackson/module/jackson-module-kotlin/2.9.0/jackson-module-kotlin-2.9.0.jar:/root/./workspace/alibaba/fastjson/284701376/.m2/org/slf4j/jcl-over-slf4j/1.7.25/jcl-over-slf4j-1.7.25.jar:/root/./workspace/alibaba/fastjson/284701376/.m2/org/hibernate/common/hibernate-commons-annotations/5.0.1.Final/hibernate-commons-annotations-5.0.1.Final.jar:/root/./workspace/alibaba/fastjson/284701376/.m2/org/apache/cxf/cxf-rt-rs-client/3.1.2/cxf-rt-rs-client-3.1.2.jar:/root/./workspace/alibaba/fastjson/284701376/.m2/org/glassfish/jersey/test-framework/jersey-test-framework-core/2.23.2/jersey-test-framework-core-2.23.2.jar:/root/./workspace/alibaba/fastjson/284701376/.m2/org/apache/cxf/cxf-rt-frontend-jaxrs/3.1.2/cxf-rt-frontend-jaxrs-3.1.2.jar:/root/./workspace/alibaba/fastjson/284701376/.m2/org/springframework/spring-beans/4.3.7.RELEASE/spring-beans-4.3.7.RELEASE.jar:/root/./workspace/alibaba/fastjson/284701376/.m2/org/ow2/asm/asm-tree/4.0/asm-tree-4.0.jar:/root/./workspace/alibaba/fastjson/284701376/.m2/org/apache/ws/xmlschema/xmlschema-core/2.2.1/xmlschema-core-2.2.1.jar:/root/./workspace/alibaba/fastjson/284701376/.m2/org/glassfish/jersey/containers/jersey-container-servlet-core/2.23.2/jersey-container-servlet-core-2.23.2.jar:/root/./workspace/alibaba/fastjson/284701376/.m2/org/glassfish/hk2/external/aopalliance-repackaged/2.5.0-b05/aopalliance-repackaged-2.5.0-b05.jar:/root/./workspace/alibaba/fastjson/2847013
Launcher Type: SUN_STANDARD

Environment Variables:
JAVA_HOME=/usr/lib/jvm/java-8-openjdk-amd64
PATH=/usr/local/sbin:/usr/local/bin:/usr/sbin:/usr/bin:/sbin:/bin

Signal Handlers:
SIGSEGV: [libjvm.so+0xa97af0], sa_mask[0]=11111111011111111101111111111110, sa_flags=SA_RESTART|SA_SIGINFO
SIGBUS: [libjvm.so+0xa97af0], sa_mask[0]=11111111011111111101111111111110, sa_flags=SA_RESTART|SA_SIGINFO
SIGFPE: [libjvm.so+0x8de430], sa_mask[0]=11111111011111111101111111111110, sa_flags=SA_RESTART|SA_SIGINFO
SIGPIPE: [libjvm.so+0x8de430], sa_mask[0]=11111111011111111101111111111110, sa_flags=SA_RESTART|SA_SIGINFO
SIGXFSZ: [libjvm.so+0x8de430], sa_mask[0]=11111111011111111101111111111110, sa_flags=SA_RESTART|SA_SIGINFO
SIGILL: [libjvm.so+0x8de430], sa_mask[0]=11111111011111111101111111111110, sa_flags=SA_RESTART|SA_SIGINFO
SIGUSR1: SIG_DFL, sa_mask[0]=00000000000000000000000000000000, sa_flags=none
SIGUSR2: [libjvm.so+0x8de2e0], sa_mask[0]=00100000000000000000000000000000, sa_flags=SA_RESTART|SA_SIGINFO
SIGHUP: [libjvm.so+0x8de500], sa_mask[0]=11111111011111111101111111111110, sa_flags=SA_RESTART|SA_SIGINFO
SIGINT: [libjvm.so+0x8de500], sa_mask[0]=11111111011111111101111111111110, sa_flags=SA_RESTART|SA_SIGINFO
SIGTERM: [libjvm.so+0x8de500], sa_mask[0]=11111111011111111101111111111110, sa_flags=SA_RESTART|SA_SIGINFO
SIGQUIT: [libjvm.so+0x8de500], sa_mask[0]=11111111011111111101111111111110, sa_flags=SA_RESTART|SA_SIGINFO


---------------  S Y S T E M  ---------------

OS:PRETTY_NAME="Debian GNU/Linux 8 (jessie)"
NAME="Debian GNU/Linux"
VERSION_ID="8"
VERSION="8 (jessie)"
ID=debian
HOME_URL="http://www.debian.org/"
SUPPORT_URL="http://www.debian.org/support"
BUG_REPORT_URL="https://bugs.debian.org/"

uname:Linux 3.16.0-4-amd64 #1 SMP Debian 3.16.43-2+deb8u2 (2017-06-26) x86_64
libc:glibc 2.19 NPTL 2.19 
rlimit: STACK 8192k, CORE infinity, NPROC infinity, NOFILE 1048576, AS infinity
load average:14.20 10.64 6.10

/proc/meminfo:
MemTotal:       33018848 kB
MemFree:          248364 kB
MemAvailable:     351072 kB
Buffers:            9748 kB
Cached:           115200 kB
SwapCached:        27256 kB
Active:         29814476 kB
Inactive:        2325704 kB
Active(anon):   29789348 kB
Inactive(anon):  2301904 kB
Active(file):      25128 kB
Inactive(file):    23800 kB
Unevictable:           0 kB
Mlocked:               0 kB
SwapTotal:      10484732 kB
SwapFree:              0 kB
Dirty:              3884 kB
Writeback:           172 kB
AnonPages:      31988748 kB
Mapped:            48408 kB
Shmem:             75420 kB
Slab:             371600 kB
SReclaimable:     247188 kB
SUnreclaim:       124412 kB
KernelStack:       45360 kB
PageTables:       117412 kB
NFS_Unstable:          0 kB
Bounce:                0 kB
WritebackTmp:          0 kB
CommitLimit:    26994156 kB
Committed_AS:   73032860 kB
VmallocTotal:   34359738367 kB
VmallocUsed:      202792 kB
VmallocChunk:   34359474424 kB
HardwareCorrupted:     0 kB
AnonHugePages:         0 kB
HugePages_Total:       0
HugePages_Free:        0
HugePages_Rsvd:        0
HugePages_Surp:        0
Hugepagesize:       2048 kB
DirectMap4k:       67456 kB
DirectMap2M:    33486848 kB


CPU:total 8 (1 cores per cpu, 1 threads per core) family 6 model 45 stepping 7, cmov, cx8, fxsr, mmx, sse, sse2, sse3, ssse3, sse4.1, sse4.2, popcnt, avx, aes, clmul, tsc, tscinvbit, tscinv

/proc/cpuinfo:
processor	: 0
vendor_id	: GenuineIntel
cpu family	: 6
model		: 45
model name	: Intel(R) Xeon(R) CPU E5-2650L 0 @ 1.80GHz
stepping	: 7
microcode	: 0x710
cpu MHz		: 1800.000
cache size	: 20480 KB
physical id	: 0
siblings	: 1
core id		: 0
cpu cores	: 1
apicid		: 0
initial apicid	: 0
fpu		: yes
fpu_exception	: yes
cpuid level	: 13
wp		: yes
flags		: fpu vme de pse tsc msr pae mce cx8 apic sep mtrr pge mca cmov pat pse36 clflush dts mmx fxsr sse sse2 ss syscall nx rdtscp lm constant_tsc arch_perfmon pebs bts nopl xtopology tsc_reliable nonstop_tsc aperfmperf pni pclmulqdq ssse3 cx16 pcid sse4_1 sse4_2 x2apic popcnt tsc_deadline_timer aes xsave avx hypervisor lahf_lm ida arat pln pts dtherm tsc_adjust
bogomips	: 3600.00
clflush size	: 64
cache_alignment	: 64
address sizes	: 42 bits physical, 48 bits virtual
power management:

processor	: 1
vendor_id	: GenuineIntel
cpu family	: 6
model		: 45
model name	: Intel(R) Xeon(R) CPU E5-2650L 0 @ 1.80GHz
stepping	: 7
microcode	: 0x710
cpu MHz		: 1800.000
cache size	: 20480 KB
physical id	: 2
siblings	: 1
core id		: 0
cpu cores	: 1
apicid		: 2
initial apicid	: 2
fpu		: yes
fpu_exception	: yes
cpuid level	: 13
wp		: yes
flags		: fpu vme de pse tsc msr pae mce cx8 apic sep mtrr pge mca cmov pat pse36 clflush dts mmx fxsr sse sse2 ss syscall nx rdtscp lm constant_tsc arch_perfmon pebs bts nopl xtopology tsc_reliable nonstop_tsc aperfmperf pni pclmulqdq ssse3 cx16 pcid sse4_1 sse4_2 x2apic popcnt tsc_deadline_timer aes xsave avx hypervisor lahf_lm ida arat pln pts dtherm tsc_adjust
bogomips	: 3600.00
clflush size	: 64
cache_alignment	: 64
address sizes	: 42 bits physical, 48 bits virtual
power management:

processor	: 2
vendor_id	: GenuineIntel
cpu family	: 6
model		: 45
model name	: Intel(R) Xeon(R) CPU E5-2650L 0 @ 1.80GHz
stepping	: 7
microcode	: 0x710
cpu MHz		: 1800.000
cache size	: 20480 KB
physical id	: 4
siblings	: 1
core id		: 0
cpu cores	: 1
apicid		: 4
initial apicid	: 4
fpu		: yes
fpu_exception	: yes
cpuid level	: 13
wp		: yes
flags		: fpu vme de pse tsc msr pae mce cx8 apic sep mtrr pge mca cmov pat pse36 clflush dts mmx fxsr sse sse2 ss syscall nx rdtscp lm constant_tsc arch_perfmon pebs bts nopl xtopology tsc_reliable nonstop_tsc aperfmperf pni pclmulqdq ssse3 cx16 pcid sse4_1 sse4_2 x2apic popcnt tsc_deadline_timer aes xsave avx hypervisor lahf_lm ida arat pln pts dtherm tsc_adjust
bogomips	: 3600.00
clflush size	: 64
cache_alignment	: 64
address sizes	: 42 bits physical, 48 bits virtual
power management:

processor	: 3
vendor_id	: GenuineIntel
cpu family	: 6
model		: 45
model name	: Intel(R) Xeon(R) CPU E5-2650L 0 @ 1.80GHz
stepping	: 7
microcode	: 0x710
cpu MHz		: 1800.000
cache size	: 20480 KB
physical id	: 6
siblings	: 1
core id		: 0
cpu cores	: 1
apicid		: 6
initial apicid	: 6
fpu		: yes
fpu_exception	: yes
cpuid level	: 13
wp		: yes
flags		: fpu vme de pse tsc msr pae mce cx8 apic sep mtrr pge mca cmov pat pse36 clflush dts mmx fxsr sse sse2 ss syscall nx rdtscp lm constant_tsc arch_perfmon pebs bts nopl xtopology tsc_reliable nonstop_tsc aperfmperf pni pclmulqdq ssse3 cx16 pcid sse4_1 sse4_2 x2apic popcnt tsc_deadline_timer aes xsave avx hypervisor lahf_lm ida arat pln pts dtherm tsc_adjust
bogomips	: 3600.00
clflush size	: 64
cache_alignment	: 64
address sizes	: 42 bits physical, 48 bits virtual
power management:

processor	: 4
vendor_id	: GenuineIntel
cpu family	: 6
model		: 45
model name	: Intel(R) Xeon(R) CPU E5-2650L 0 @ 1.80GHz
stepping	: 7
microcode	: 0x710
cpu MHz		: 1800.000
cache size	: 20480 KB
physical id	: 8
siblings	: 1
core id		: 0
cpu cores	: 1
apicid		: 8
initial apicid	: 8
fpu		: yes
fpu_exception	: yes
cpuid level	: 13
wp		: yes
flags		: fpu vme de pse tsc msr pae mce cx8 apic sep mtrr pge mca cmov pat pse36 clflush dts mmx fxsr sse sse2 ss syscall nx rdtscp lm constant_tsc arch_perfmon pebs bts nopl xtopology tsc_reliable nonstop_tsc aperfmperf pni pclmulqdq ssse3 cx16 pcid sse4_1 sse4_2 x2apic popcnt tsc_deadline_timer aes xsave avx hypervisor lahf_lm ida arat pln pts dtherm tsc_adjust
bogomips	: 3600.00
clflush size	: 64
cache_alignment	: 64
address sizes	: 42 bits physical, 48 bits virtual
power management:

processor	: 5
vendor_id	: GenuineIntel
cpu family	: 6
model		: 45
model name	: Intel(R) Xeon(R) CPU E5-2650L 0 @ 1.80GHz
stepping	: 7
microcode	: 0x710
cpu MHz		: 1800.000
cache size	: 20480 KB
physical id	: 10
siblings	: 1
core id		: 0
cpu cores	: 1
apicid		: 10
initial apicid	: 10
fpu		: yes
fpu_exception	: yes
cpuid level	: 13
wp		: yes
flags		: fpu vme de pse tsc msr pae mce cx8 apic sep mtrr pge mca cmov pat pse36 clflush dts mmx fxsr sse sse2 ss syscall nx rdtscp lm constant_tsc arch_perfmon pebs bts nopl xtopology tsc_reliable nonstop_tsc aperfmperf pni pclmulqdq ssse3 cx16 pcid sse4_1 sse4_2 x2apic popcnt tsc_deadline_timer aes xsave avx hypervisor lahf_lm ida arat pln pts dtherm tsc_adjust
bogomips	: 3600.00
clflush size	: 64
cache_alignment	: 64
address sizes	: 42 bits physical, 48 bits virtual
power management:

processor	: 6
vendor_id	: GenuineIntel
cpu family	: 6
model		: 45
model name	: Intel(R) Xeon(R) CPU E5-2650L 0 @ 1.80GHz
stepping	: 7
microcode	: 0x710
cpu MHz		: 1800.000
cache size	: 20480 KB
physical id	: 12
siblings	: 1
core id		: 0
cpu cores	: 1
apicid		: 12
initial apicid	: 12
fpu		: yes
fpu_exception	: yes
cpuid level	: 13
wp		: yes
flags		: fpu vme de pse tsc msr pae mce cx8 apic sep mtrr pge mca cmov pat pse36 clflush dts mmx fxsr sse sse2 ss syscall nx rdtscp lm constant_tsc arch_perfmon pebs bts nopl xtopology tsc_reliable nonstop_tsc aperfmperf pni pclmulqdq ssse3 cx16 pcid sse4_1 sse4_2 x2apic popcnt tsc_deadline_timer aes xsave avx hypervisor lahf_lm ida arat pln pts dtherm tsc_adjust
bogomips	: 3600.00
clflush size	: 64
cache_alignment	: 64
address sizes	: 42 bits physical, 48 bits virtual
power management:

processor	: 7
vendor_id	: GenuineIntel
cpu family	: 6
model		: 45
model name	: Intel(R) Xeon(R) CPU E5-2650L 0 @ 1.80GHz
stepping	: 7
microcode	: 0x710
cpu MHz		: 1800.000
cache size	: 20480 KB
physical id	: 14
siblings	: 1
core id		: 0
cpu cores	: 1
apicid		: 14
initial apicid	: 14
fpu		: yes
fpu_exception	: yes
cpuid level	: 13
wp		: yes
flags		: fpu vme de pse tsc msr pae mce cx8 apic sep mtrr pge mca cmov pat pse36 clflush dts mmx fxsr sse sse2 ss syscall nx rdtscp lm constant_tsc arch_perfmon pebs bts nopl xtopology tsc_reliable nonstop_tsc aperfmperf pni pclmulqdq ssse3 cx16 pcid sse4_1 sse4_2 x2apic popcnt tsc_deadline_timer aes xsave avx hypervisor lahf_lm ida arat pln pts dtherm tsc_adjust
bogomips	: 3600.00
clflush size	: 64
cache_alignment	: 64
address sizes	: 42 bits physical, 48 bits virtual
power management:



Memory: 4k page, physical 33018848k(248364k free), swap 10484732k(0k free)

vm_info: OpenJDK 64-Bit Server VM (25.121-b13) for linux-amd64 JRE (1.8.0_121-8u121-b13-1~bpo8+1-b13), built on Jan 24 2017 09:37:46 by "pbuilder" with gcc 4.9.2

time: Sat Oct  7 16:12:03 2017
elapsed time: 37 seconds (0d 0h 0m 37s)

