#
# There is insufficient memory for the Java Runtime Environment to continue.
# Native memory allocation (mmap) failed to map 352321536 bytes for committing reserved memory.
# Possible reasons:
#   The system is out of physical RAM or swap space
#   In 32 bit mode, the process size limit was hit
# Possible solutions:
#   Reduce memory load on the system
#   Increase physical memory or swap space
#   Check if swap backing store is full
#   Use 64 bit Java on a 64 bit OS
#   Decrease Java heap size (-Xmx/-Xms)
#   Decrease number of Java threads
#   Decrease Java thread stack sizes (-Xss)
#   Set larger code cache with -XX:ReservedCodeCacheSize=
# This output file may be truncated or incomplete.
#
#  Out of Memory Error (os_linux.cpp:2630), pid=1362, tid=0x00007f55027f6700
#
# JRE version:  (8.0_121-b13) (build )
# Java VM: OpenJDK 64-Bit Server VM (25.121-b13 mixed mode linux-amd64 compressed oops)
# Core dump written. Default location: /root/workspace/alibaba/fastjson/284321766/core or core.1362
#

---------------  T H R E A D  ---------------

Current thread (0x00007f54fc00a000):  JavaThread "Unknown thread" [_thread_in_vm, id=1376, stack(0x00007f55026f6000,0x00007f55027f7000)]

Stack: [0x00007f55026f6000,0x00007f55027f7000],  sp=0x00007f55027f5620,  free space=1021k
Native frames: (J=compiled Java code, j=interpreted, Vv=VM code, C=native code)
V  [libjvm.so+0xa9700d]
V  [libjvm.so+0x4ea26c]
V  [libjvm.so+0x8e2b90]
V  [libjvm.so+0x8dd27e]
V  [libjvm.so+0x95a25b]
V  [libjvm.so+0x94ac13]
V  [libjvm.so+0x2ca571]
V  [libjvm.so+0x9097ab]
V  [libjvm.so+0xa5ad19]
V  [libjvm.so+0xa5af32]
V  [libjvm.so+0x6372ef]
V  [libjvm.so+0xa3dc3a]
V  [libjvm.so+0x6ad815]  JNI_CreateJavaVM+0x65
C  [libjli.so+0x2f6e]
C  [libjli.so+0x74bd]
C  [libpthread.so.0+0x8064]  start_thread+0xc4


---------------  P R O C E S S  ---------------

Java Threads: ( => current thread )

Other Threads:

=>0x00007f54fc00a000 (exited) JavaThread "Unknown thread" [_thread_in_vm, id=1376, stack(0x00007f55026f6000,0x00007f55027f7000)]

VM state:not at safepoint (not fully initialized)

VM Mutex/Monitor currently owned by a thread: None

GC Heap History (0 events):
No events

Deoptimization events (0 events):
No events

Internal exceptions (0 events):
No events

Events (0 events):
No events


Dynamic libraries:
00400000-00401000 r-xp 00000000 00:8c 90                                 /usr/lib/jvm/java-8-openjdk-amd64/jre/bin/java
00600000-00601000 r--p 00000000 00:8c 90                                 /usr/lib/jvm/java-8-openjdk-amd64/jre/bin/java
00601000-00602000 rw-p 00001000 00:8c 90                                 /usr/lib/jvm/java-8-openjdk-amd64/jre/bin/java
00a71000-00a92000 rw-p 00000000 00:00 0                                  [heap]
5dd200000-718100000 ---p 00000000 00:00 0 
718100000-722900000 rw-p 00000000 00:00 0 
722900000-7c0000000 ---p 00000000 00:00 0 
7f54eadfd000-7f54eb87c000 ---p 00000000 00:00 0 
7f54eb87c000-7f54eb8d1000 rw-p 00000000 00:00 0 
7f54eb8d1000-7f54ebdbc000 ---p 00000000 00:00 0 
7f54ebdbc000-7f54ebdc7000 rw-p 00000000 00:00 0 
7f54ebdc7000-7f54ec17d000 ---p 00000000 00:00 0 
7f54ec17d000-7f54ec3ed000 rwxp 00000000 00:00 0 
7f54ec3ed000-7f54fb17d000 ---p 00000000 00:00 0 
7f54fb17d000-7f54fb185000 r-xp 00000000 00:8c 117                        /usr/lib/jvm/java-8-openjdk-amd64/jre/lib/amd64/libzip.so
7f54fb185000-7f54fb384000 ---p 00008000 00:8c 117                        /usr/lib/jvm/java-8-openjdk-amd64/jre/lib/amd64/libzip.so
7f54fb384000-7f54fb385000 r--p 00007000 00:8c 117                        /usr/lib/jvm/java-8-openjdk-amd64/jre/lib/amd64/libzip.so
7f54fb385000-7f54fb386000 rw-p 00008000 00:8c 117                        /usr/lib/jvm/java-8-openjdk-amd64/jre/lib/amd64/libzip.so
7f54fb386000-7f54fb391000 r-xp 00000000 00:8c 82                         /lib/x86_64-linux-gnu/libnss_files-2.19.so
7f54fb391000-7f54fb590000 ---p 0000b000 00:8c 82                         /lib/x86_64-linux-gnu/libnss_files-2.19.so
7f54fb590000-7f54fb591000 r--p 0000a000 00:8c 82                         /lib/x86_64-linux-gnu/libnss_files-2.19.so
7f54fb591000-7f54fb592000 rw-p 0000b000 00:8c 82                         /lib/x86_64-linux-gnu/libnss_files-2.19.so
7f54fb592000-7f54fb59c000 r-xp 00000000 00:8c 80                         /lib/x86_64-linux-gnu/libnss_nis-2.19.so
7f54fb59c000-7f54fb79b000 ---p 0000a000 00:8c 80                         /lib/x86_64-linux-gnu/libnss_nis-2.19.so
7f54fb79b000-7f54fb79c000 r--p 00009000 00:8c 80                         /lib/x86_64-linux-gnu/libnss_nis-2.19.so
7f54fb79c000-7f54fb79d000 rw-p 0000a000 00:8c 80                         /lib/x86_64-linux-gnu/libnss_nis-2.19.so
7f54fb79d000-7f54fb7b2000 r-xp 00000000 00:8c 78                         /lib/x86_64-linux-gnu/libnsl-2.19.so
7f54fb7b2000-7f54fb9b1000 ---p 00015000 00:8c 78                         /lib/x86_64-linux-gnu/libnsl-2.19.so
7f54fb9b1000-7f54fb9b2000 r--p 00014000 00:8c 78                         /lib/x86_64-linux-gnu/libnsl-2.19.so
7f54fb9b2000-7f54fb9b3000 rw-p 00015000 00:8c 78                         /lib/x86_64-linux-gnu/libnsl-2.19.so
7f54fb9b3000-7f54fb9b5000 rw-p 00000000 00:00 0 
7f54fb9b5000-7f54fb9bc000 r-xp 00000000 00:8c 76                         /lib/x86_64-linux-gnu/libnss_compat-2.19.so
7f54fb9bc000-7f54fbbbb000 ---p 00007000 00:8c 76                         /lib/x86_64-linux-gnu/libnss_compat-2.19.so
7f54fbbbb000-7f54fbbbc000 r--p 00006000 00:8c 76                         /lib/x86_64-linux-gnu/libnss_compat-2.19.so
7f54fbbbc000-7f54fbbbd000 rw-p 00007000 00:8c 76                         /lib/x86_64-linux-gnu/libnss_compat-2.19.so
7f54fbbbd000-7f54fbbeb000 r-xp 00000000 00:8c 99                         /usr/lib/jvm/java-8-openjdk-amd64/jre/lib/amd64/libjava.so
7f54fbbeb000-7f54fbdea000 ---p 0002e000 00:8c 99                         /usr/lib/jvm/java-8-openjdk-amd64/jre/lib/amd64/libjava.so
7f54fbdea000-7f54fbdeb000 r--p 0002d000 00:8c 99                         /usr/lib/jvm/java-8-openjdk-amd64/jre/lib/amd64/libjava.so
7f54fbdeb000-7f54fbded000 rw-p 0002e000 00:8c 99                         /usr/lib/jvm/java-8-openjdk-amd64/jre/lib/amd64/libjava.so
7f54fbded000-7f54fbdfc000 r-xp 00000000 00:8c 112                        /usr/lib/jvm/java-8-openjdk-amd64/jre/lib/amd64/libverify.so
7f54fbdfc000-7f54fbffc000 ---p 0000f000 00:8c 112                        /usr/lib/jvm/java-8-openjdk-amd64/jre/lib/amd64/libverify.so
7f54fbffc000-7f54fbfff000 r--p 0000f000 00:8c 112                        /usr/lib/jvm/java-8-openjdk-amd64/jre/lib/amd64/libverify.so
7f54fbfff000-7f54fc000000 rw-p 00012000 00:8c 112                        /usr/lib/jvm/java-8-openjdk-amd64/jre/lib/amd64/libverify.so
7f54fc000000-7f54fc02f000 rw-p 00000000 00:00 0 
7f54fc02f000-7f5500000000 ---p 00000000 00:00 0 
7f550002f000-7f5500036000 r-xp 00000000 00:8c 111                        /lib/x86_64-linux-gnu/librt-2.19.so
7f5500036000-7f5500235000 ---p 00007000 00:8c 111                        /lib/x86_64-linux-gnu/librt-2.19.so
7f5500235000-7f5500236000 r--p 00006000 00:8c 111                        /lib/x86_64-linux-gnu/librt-2.19.so
7f5500236000-7f5500237000 rw-p 00007000 00:8c 111                        /lib/x86_64-linux-gnu/librt-2.19.so
7f5500237000-7f550024d000 r-xp 00000000 00:8c 109                        /lib/x86_64-linux-gnu/libgcc_s.so.1
7f550024d000-7f550044c000 ---p 00016000 00:8c 109                        /lib/x86_64-linux-gnu/libgcc_s.so.1
7f550044c000-7f550044d000 rw-p 00015000 00:8c 109                        /lib/x86_64-linux-gnu/libgcc_s.so.1
7f550044d000-7f550054d000 r-xp 00000000 00:8c 108                        /lib/x86_64-linux-gnu/libm-2.19.so
7f550054d000-7f550074c000 ---p 00100000 00:8c 108                        /lib/x86_64-linux-gnu/libm-2.19.so
7f550074c000-7f550074d000 r--p 000ff000 00:8c 108                        /lib/x86_64-linux-gnu/libm-2.19.so
7f550074d000-7f550074e000 rw-p 00100000 00:8c 108                        /lib/x86_64-linux-gnu/libm-2.19.so
7f550074e000-7f550083a000 r-xp 00000000 00:8c 106                        /usr/lib/x86_64-linux-gnu/libstdc++.so.6.0.20
7f550083a000-7f5500a3a000 ---p 000ec000 00:8c 106                        /usr/lib/x86_64-linux-gnu/libstdc++.so.6.0.20
7f5500a3a000-7f5500a42000 r--p 000ec000 00:8c 106                        /usr/lib/x86_64-linux-gnu/libstdc++.so.6.0.20
7f5500a42000-7f5500a44000 rw-p 000f4000 00:8c 106                        /usr/lib/x86_64-linux-gnu/libstdc++.so.6.0.20
7f5500a44000-7f5500a59000 rw-p 00000000 00:00 0 
7f5500a59000-7f55016f1000 r-xp 00000000 00:8c 104                        /usr/lib/jvm/java-8-openjdk-amd64/jre/lib/amd64/server/libjvm.so
7f55016f1000-7f55018f1000 ---p 00c98000 00:8c 104                        /usr/lib/jvm/java-8-openjdk-amd64/jre/lib/amd64/server/libjvm.so
7f55018f1000-7f5501994000 r--p 00c98000 00:8c 104                        /usr/lib/jvm/java-8-openjdk-amd64/jre/lib/amd64/server/libjvm.so
7f5501994000-7f55019bd000 rw-p 00d3b000 00:8c 104                        /usr/lib/jvm/java-8-openjdk-amd64/jre/lib/amd64/server/libjvm.so
7f55019bd000-7f55019ee000 rw-p 00000000 00:00 0 
7f55019ee000-7f5501b8f000 r-xp 00000000 00:8c 34                         /lib/x86_64-linux-gnu/libc-2.19.so
7f5501b8f000-7f5501d8f000 ---p 001a1000 00:8c 34                         /lib/x86_64-linux-gnu/libc-2.19.so
7f5501d8f000-7f5501d93000 r--p 001a1000 00:8c 34                         /lib/x86_64-linux-gnu/libc-2.19.so
7f5501d93000-7f5501d95000 rw-p 001a5000 00:8c 34                         /lib/x86_64-linux-gnu/libc-2.19.so
7f5501d95000-7f5501d99000 rw-p 00000000 00:00 0 
7f5501d99000-7f5501d9c000 r-xp 00000000 00:8c 71                         /lib/x86_64-linux-gnu/libdl-2.19.so
7f5501d9c000-7f5501f9b000 ---p 00003000 00:8c 71                         /lib/x86_64-linux-gnu/libdl-2.19.so
7f5501f9b000-7f5501f9c000 r--p 00002000 00:8c 71                         /lib/x86_64-linux-gnu/libdl-2.19.so
7f5501f9c000-7f5501f9d000 rw-p 00003000 00:8c 71                         /lib/x86_64-linux-gnu/libdl-2.19.so
7f5501f9d000-7f5501fab000 r-xp 00000000 00:8c 98                         /usr/lib/jvm/java-8-openjdk-amd64/jre/lib/amd64/jli/libjli.so
7f5501fab000-7f55021aa000 ---p 0000e000 00:8c 98                         /usr/lib/jvm/java-8-openjdk-amd64/jre/lib/amd64/jli/libjli.so
7f55021aa000-7f55021ab000 r--p 0000d000 00:8c 98                         /usr/lib/jvm/java-8-openjdk-amd64/jre/lib/amd64/jli/libjli.so
7f55021ab000-7f55021ac000 rw-p 0000e000 00:8c 98                         /usr/lib/jvm/java-8-openjdk-amd64/jre/lib/amd64/jli/libjli.so
7f55021ac000-7f55021c6000 r-xp 00000000 00:8c 97                         /lib/x86_64-linux-gnu/libz.so.1.2.8
7f55021c6000-7f55023c5000 ---p 0001a000 00:8c 97                         /lib/x86_64-linux-gnu/libz.so.1.2.8
7f55023c5000-7f55023c6000 r--p 00019000 00:8c 97                         /lib/x86_64-linux-gnu/libz.so.1.2.8
7f55023c6000-7f55023c7000 rw-p 0001a000 00:8c 97                         /lib/x86_64-linux-gnu/libz.so.1.2.8
7f55023c7000-7f55023df000 r-xp 00000000 00:8c 95                         /lib/x86_64-linux-gnu/libpthread-2.19.so
7f55023df000-7f55025de000 ---p 00018000 00:8c 95                         /lib/x86_64-linux-gnu/libpthread-2.19.so
7f55025de000-7f55025df000 r--p 00017000 00:8c 95                         /lib/x86_64-linux-gnu/libpthread-2.19.so
7f55025df000-7f55025e0000 rw-p 00018000 00:8c 95                         /lib/x86_64-linux-gnu/libpthread-2.19.so
7f55025e0000-7f55025e4000 rw-p 00000000 00:00 0 
7f55025e4000-7f5502604000 r-xp 00000000 00:8c 31                         /lib/x86_64-linux-gnu/ld-2.19.so
7f55026ee000-7f55026f6000 rw-s 00000000 00:8c 17424                      /tmp/hsperfdata_root/1362
7f55026f6000-7f55026f9000 ---p 00000000 00:00 0 
7f55026f9000-7f55027fc000 rw-p 00000000 00:00 0                          [stack:1818]
7f55027fd000-7f5502801000 rw-p 00000000 00:00 0 
7f5502801000-7f5502802000 r--p 00000000 00:00 0 
7f5502802000-7f5502804000 rw-p 00000000 00:00 0 
7f5502804000-7f5502805000 r--p 00020000 00:8c 31                         /lib/x86_64-linux-gnu/ld-2.19.so
7f5502805000-7f5502806000 rw-p 00021000 00:8c 31                         /lib/x86_64-linux-gnu/ld-2.19.so
7f5502806000-7f5502807000 rw-p 00000000 00:00 0 
7ffdbceee000-7ffdbcf0f000 rw-p 00000000 00:00 0                          [stack]
7ffdbcfdd000-7ffdbcfdf000 r-xp 00000000 00:00 0                          [vdso]
7ffdbcfdf000-7ffdbcfe1000 r--p 00000000 00:00 0                          [vvar]
ffffffffff600000-ffffffffff601000 r-xp 00000000 00:00 0                  [vsyscall]

VM Arguments:
jvm_args: -Dclassworlds.conf=/usr/share/maven/bin/m2.conf -Dmaven.home=/usr/share/maven -Dmaven.multiModuleProjectDirectory=/root/workspace/alibaba/fastjson/284321766 
java_command: org.codehaus.plexus.classworlds.launcher.Launcher -B -D enforcer.skip=true -D mdep.outputFile=classpath.info -D skipITs=true -D cobertura.skip=true -D maven.repo.local=/root/./workspace/alibaba/fastjson/284321766/.m2 -D rat.skip=true -D findbugs.skip=true -D gpg.skip=true -D checkstyle.skip=true -D license.skip=true dependency:build-classpath
java_class_path (initial): /usr/share/maven/boot/plexus-classworlds-2.5.2.jar
Launcher Type: SUN_STANDARD

Environment Variables:
JAVA_HOME=/usr/lib/jvm/java-8-openjdk-amd64
PATH=/usr/local/sbin:/usr/local/bin:/usr/sbin:/usr/bin:/sbin:/bin

Signal Handlers:
SIGSEGV: [libjvm.so+0xa97af0], sa_mask[0]=11111111011111111101111111111110, sa_flags=SA_RESTART|SA_SIGINFO
SIGBUS: [libjvm.so+0xa97af0], sa_mask[0]=11111111011111111101111111111110, sa_flags=SA_RESTART|SA_SIGINFO
SIGFPE: [libjvm.so+0x8de430], sa_mask[0]=11111111011111111101111111111110, sa_flags=SA_RESTART|SA_SIGINFO
SIGPIPE: [libjvm.so+0x8de430], sa_mask[0]=11111111011111111101111111111110, sa_flags=SA_RESTART|SA_SIGINFO
SIGXFSZ: [libjvm.so+0x8de430], sa_mask[0]=11111111011111111101111111111110, sa_flags=SA_RESTART|SA_SIGINFO
SIGILL: [libjvm.so+0x8de430], sa_mask[0]=11111111011111111101111111111110, sa_flags=SA_RESTART|SA_SIGINFO
SIGUSR1: SIG_DFL, sa_mask[0]=00000000000000000000000000000000, sa_flags=none
SIGUSR2: [libjvm.so+0x8de2e0], sa_mask[0]=00100000000000000000000000000000, sa_flags=SA_RESTART|SA_SIGINFO
SIGHUP: SIG_DFL, sa_mask[0]=00000000000000000000000000000000, sa_flags=none
SIGINT: SIG_DFL, sa_mask[0]=00000000000000000000000000000000, sa_flags=none
SIGTERM: SIG_DFL, sa_mask[0]=00000000000000000000000000000000, sa_flags=none
SIGQUIT: SIG_DFL, sa_mask[0]=00000000000000000000000000000000, sa_flags=none


---------------  S Y S T E M  ---------------

OS:PRETTY_NAME="Debian GNU/Linux 8 (jessie)"
NAME="Debian GNU/Linux"
VERSION_ID="8"
VERSION="8 (jessie)"
ID=debian
HOME_URL="http://www.debian.org/"
SUPPORT_URL="http://www.debian.org/support"
BUG_REPORT_URL="https://bugs.debian.org/"

uname:Linux 3.16.0-4-amd64 #1 SMP Debian 3.16.43-2+deb8u2 (2017-06-26) x86_64
libc:glibc 2.19 NPTL 2.19 
rlimit: STACK 8192k, CORE infinity, NPROC infinity, NOFILE 1048576, AS infinity
load average:26.43 29.73 39.59

/proc/meminfo:
MemTotal:       33018848 kB
MemFree:          238424 kB
MemAvailable:     278440 kB
Buffers:            3280 kB
Cached:            84484 kB
SwapCached:         3072 kB
Active:         29888932 kB
Inactive:        2305504 kB
Active(anon):   29880812 kB
Inactive(anon):  2296152 kB
Active(file):       8120 kB
Inactive(file):     9352 kB
Unevictable:           0 kB
Mlocked:               0 kB
SwapTotal:      10484732 kB
SwapFree:              0 kB
Dirty:               284 kB
Writeback:            32 kB
AnonPages:      32105440 kB
Mapped:            23684 kB
Shmem:             68528 kB
Slab:             324848 kB
SReclaimable:     200224 kB
SUnreclaim:       124624 kB
KernelStack:       45904 kB
PageTables:       119420 kB
NFS_Unstable:          0 kB
Bounce:                0 kB
WritebackTmp:          0 kB
CommitLimit:    26994156 kB
Committed_AS:   72136444 kB
VmallocTotal:   34359738367 kB
VmallocUsed:      202792 kB
VmallocChunk:   34359405568 kB
HardwareCorrupted:     0 kB
AnonHugePages:         0 kB
HugePages_Total:       0
HugePages_Free:        0
HugePages_Rsvd:        0
HugePages_Surp:        0
Hugepagesize:       2048 kB
DirectMap4k:       67456 kB
DirectMap2M:    33486848 kB


CPU:total 8 (1 cores per cpu, 1 threads per core) family 6 model 45 stepping 7, cmov, cx8, fxsr, mmx, sse, sse2, sse3, ssse3, sse4.1, sse4.2, popcnt, avx, aes, clmul, tsc, tscinvbit, tscinv

/proc/cpuinfo:
processor	: 0
vendor_id	: GenuineIntel
cpu family	: 6
model		: 45
model name	: Intel(R) Xeon(R) CPU E5-2650L 0 @ 1.80GHz
stepping	: 7
microcode	: 0x710
cpu MHz		: 1800.000
cache size	: 20480 KB
physical id	: 0
siblings	: 1
core id		: 0
cpu cores	: 1
apicid		: 0
initial apicid	: 0
fpu		: yes
fpu_exception	: yes
cpuid level	: 13
wp		: yes
flags		: fpu vme de pse tsc msr pae mce cx8 apic sep mtrr pge mca cmov pat pse36 clflush dts mmx fxsr sse sse2 ss syscall nx rdtscp lm constant_tsc arch_perfmon pebs bts nopl xtopology tsc_reliable nonstop_tsc aperfmperf pni pclmulqdq ssse3 cx16 pcid sse4_1 sse4_2 x2apic popcnt tsc_deadline_timer aes xsave avx hypervisor lahf_lm ida arat pln pts dtherm tsc_adjust
bogomips	: 3600.00
clflush size	: 64
cache_alignment	: 64
address sizes	: 42 bits physical, 48 bits virtual
power management:

processor	: 1
vendor_id	: GenuineIntel
cpu family	: 6
model		: 45
model name	: Intel(R) Xeon(R) CPU E5-2650L 0 @ 1.80GHz
stepping	: 7
microcode	: 0x710
cpu MHz		: 1800.000
cache size	: 20480 KB
physical id	: 2
siblings	: 1
core id		: 0
cpu cores	: 1
apicid		: 2
initial apicid	: 2
fpu		: yes
fpu_exception	: yes
cpuid level	: 13
wp		: yes
flags		: fpu vme de pse tsc msr pae mce cx8 apic sep mtrr pge mca cmov pat pse36 clflush dts mmx fxsr sse sse2 ss syscall nx rdtscp lm constant_tsc arch_perfmon pebs bts nopl xtopology tsc_reliable nonstop_tsc aperfmperf pni pclmulqdq ssse3 cx16 pcid sse4_1 sse4_2 x2apic popcnt tsc_deadline_timer aes xsave avx hypervisor lahf_lm ida arat pln pts dtherm tsc_adjust
bogomips	: 3600.00
clflush size	: 64
cache_alignment	: 64
address sizes	: 42 bits physical, 48 bits virtual
power management:

processor	: 2
vendor_id	: GenuineIntel
cpu family	: 6
model		: 45
model name	: Intel(R) Xeon(R) CPU E5-2650L 0 @ 1.80GHz
stepping	: 7
microcode	: 0x710
cpu MHz		: 1800.000
cache size	: 20480 KB
physical id	: 4
siblings	: 1
core id		: 0
cpu cores	: 1
apicid		: 4
initial apicid	: 4
fpu		: yes
fpu_exception	: yes
cpuid level	: 13
wp		: yes
flags		: fpu vme de pse tsc msr pae mce cx8 apic sep mtrr pge mca cmov pat pse36 clflush dts mmx fxsr sse sse2 ss syscall nx rdtscp lm constant_tsc arch_perfmon pebs bts nopl xtopology tsc_reliable nonstop_tsc aperfmperf pni pclmulqdq ssse3 cx16 pcid sse4_1 sse4_2 x2apic popcnt tsc_deadline_timer aes xsave avx hypervisor lahf_lm ida arat pln pts dtherm tsc_adjust
bogomips	: 3600.00
clflush size	: 64
cache_alignment	: 64
address sizes	: 42 bits physical, 48 bits virtual
power management:

processor	: 3
vendor_id	: GenuineIntel
cpu family	: 6
model		: 45
model name	: Intel(R) Xeon(R) CPU E5-2650L 0 @ 1.80GHz
stepping	: 7
microcode	: 0x710
cpu MHz		: 1800.000
cache size	: 20480 KB
physical id	: 6
siblings	: 1
core id		: 0
cpu cores	: 1
apicid		: 6
initial apicid	: 6
fpu		: yes
fpu_exception	: yes
cpuid level	: 13
wp		: yes
flags		: fpu vme de pse tsc msr pae mce cx8 apic sep mtrr pge mca cmov pat pse36 clflush dts mmx fxsr sse sse2 ss syscall nx rdtscp lm constant_tsc arch_perfmon pebs bts nopl xtopology tsc_reliable nonstop_tsc aperfmperf pni pclmulqdq ssse3 cx16 pcid sse4_1 sse4_2 x2apic popcnt tsc_deadline_timer aes xsave avx hypervisor lahf_lm ida arat pln pts dtherm tsc_adjust
bogomips	: 3600.00
clflush size	: 64
cache_alignment	: 64
address sizes	: 42 bits physical, 48 bits virtual
power management:

processor	: 4
vendor_id	: GenuineIntel
cpu family	: 6
model		: 45
model name	: Intel(R) Xeon(R) CPU E5-2650L 0 @ 1.80GHz
stepping	: 7
microcode	: 0x710
cpu MHz		: 1800.000
cache size	: 20480 KB
physical id	: 8
siblings	: 1
core id		: 0
cpu cores	: 1
apicid		: 8
initial apicid	: 8
fpu		: yes
fpu_exception	: yes
cpuid level	: 13
wp		: yes
flags		: fpu vme de pse tsc msr pae mce cx8 apic sep mtrr pge mca cmov pat pse36 clflush dts mmx fxsr sse sse2 ss syscall nx rdtscp lm constant_tsc arch_perfmon pebs bts nopl xtopology tsc_reliable nonstop_tsc aperfmperf pni pclmulqdq ssse3 cx16 pcid sse4_1 sse4_2 x2apic popcnt tsc_deadline_timer aes xsave avx hypervisor lahf_lm ida arat pln pts dtherm tsc_adjust
bogomips	: 3600.00
clflush size	: 64
cache_alignment	: 64
address sizes	: 42 bits physical, 48 bits virtual
power management:

processor	: 5
vendor_id	: GenuineIntel
cpu family	: 6
model		: 45
model name	: Intel(R) Xeon(R) CPU E5-2650L 0 @ 1.80GHz
stepping	: 7
microcode	: 0x710
cpu MHz		: 1800.000
cache size	: 20480 KB
physical id	: 10
siblings	: 1
core id		: 0
cpu cores	: 1
apicid		: 10
initial apicid	: 10
fpu		: yes
fpu_exception	: yes
cpuid level	: 13
wp		: yes
flags		: fpu vme de pse tsc msr pae mce cx8 apic sep mtrr pge mca cmov pat pse36 clflush dts mmx fxsr sse sse2 ss syscall nx rdtscp lm constant_tsc arch_perfmon pebs bts nopl xtopology tsc_reliable nonstop_tsc aperfmperf pni pclmulqdq ssse3 cx16 pcid sse4_1 sse4_2 x2apic popcnt tsc_deadline_timer aes xsave avx hypervisor lahf_lm ida arat pln pts dtherm tsc_adjust
bogomips	: 3600.00
clflush size	: 64
cache_alignment	: 64
address sizes	: 42 bits physical, 48 bits virtual
power management:

processor	: 6
vendor_id	: GenuineIntel
cpu family	: 6
model		: 45
model name	: Intel(R) Xeon(R) CPU E5-2650L 0 @ 1.80GHz
stepping	: 7
microcode	: 0x710
cpu MHz		: 1800.000
cache size	: 20480 KB
physical id	: 12
siblings	: 1
core id		: 0
cpu cores	: 1
apicid		: 12
initial apicid	: 12
fpu		: yes
fpu_exception	: yes
cpuid level	: 13
wp		: yes
flags		: fpu vme de pse tsc msr pae mce cx8 apic sep mtrr pge mca cmov pat pse36 clflush dts mmx fxsr sse sse2 ss syscall nx rdtscp lm constant_tsc arch_perfmon pebs bts nopl xtopology tsc_reliable nonstop_tsc aperfmperf pni pclmulqdq ssse3 cx16 pcid sse4_1 sse4_2 x2apic popcnt tsc_deadline_timer aes xsave avx hypervisor lahf_lm ida arat pln pts dtherm tsc_adjust
bogomips	: 3600.00
clflush size	: 64
cache_alignment	: 64
address sizes	: 42 bits physical, 48 bits virtual
power management:

processor	: 7
vendor_id	: GenuineIntel
cpu family	: 6
model		: 45
model name	: Intel(R) Xeon(R) CPU E5-2650L 0 @ 1.80GHz
stepping	: 7
microcode	: 0x710
cpu MHz		: 1800.000
cache size	: 20480 KB
physical id	: 14
siblings	: 1
core id		: 0
cpu cores	: 1
apicid		: 14
initial apicid	: 14
fpu		: yes
fpu_exception	: yes
cpuid level	: 13
wp		: yes
flags		: fpu vme de pse tsc msr pae mce cx8 apic sep mtrr pge mca cmov pat pse36 clflush dts mmx fxsr sse sse2 ss syscall nx rdtscp lm constant_tsc arch_perfmon pebs bts nopl xtopology tsc_reliable nonstop_tsc aperfmperf pni pclmulqdq ssse3 cx16 pcid sse4_1 sse4_2 x2apic popcnt tsc_deadline_timer aes xsave avx hypervisor lahf_lm ida arat pln pts dtherm tsc_adjust
bogomips	: 3600.00
clflush size	: 64
cache_alignment	: 64
address sizes	: 42 bits physical, 48 bits virtual
power management:



Memory: 4k page, physical 33018848k(238052k free), swap 10484732k(0k free)

vm_info: OpenJDK 64-Bit Server VM (25.121-b13) for linux-amd64 JRE (1.8.0_121-8u121-b13-1~bpo8+1-b13), built on Jan 24 2017 09:37:46 by "pbuilder" with gcc 4.9.2

time: Fri Oct  6 18:35:31 2017
elapsed time: 7 seconds (0d 0h 0m 7s)

