#
# There is insufficient memory for the Java Runtime Environment to continue.
# Native memory allocation (mmap) failed to map 423100416 bytes for committing reserved memory.
# Possible reasons:
#   The system is out of physical RAM or swap space
#   In 32 bit mode, the process size limit was hit
# Possible solutions:
#   Reduce memory load on the system
#   Increase physical memory or swap space
#   Check if swap backing store is full
#   Use 64 bit Java on a 64 bit OS
#   Decrease Java heap size (-Xmx/-Xms)
#   Decrease number of Java threads
#   Decrease Java thread stack sizes (-Xss)
#   Set larger code cache with -XX:ReservedCodeCacheSize=
# This output file may be truncated or incomplete.
#
#  Out of Memory Error (os_linux.cpp:2630), pid=423, tid=0x00007f18c20e8700
#
# JRE version: OpenJDK Runtime Environment (8.0_121-b13) (build 1.8.0_121-8u121-b13-1~bpo8+1-b13)
# Java VM: OpenJDK 64-Bit Server VM (25.121-b13 mixed mode linux-amd64 compressed oops)
# Core dump written. Default location: /root/workspace/INRIA/spoon/281427911/core or core.423
#

---------------  T H R E A D  ---------------

Current thread (0x00007f19001c8800):  VMThread [stack: 0x00007f18c1fe8000,0x00007f18c20e9000] [id=437]

Stack: [0x00007f18c1fe8000,0x00007f18c20e9000],  sp=0x00007f18c20e74c0,  free space=1021k
Native frames: (J=compiled Java code, j=interpreted, Vv=VM code, C=native code)
V  [libjvm.so+0xa9700d]
V  [libjvm.so+0x4ea26c]
V  [libjvm.so+0x8e2b90]
V  [libjvm.so+0x8dd27e]
V  [libjvm.so+0x95a25b]
V  [libjvm.so+0x95b5c3]
V  [libjvm.so+0x9580be]
V  [libjvm.so+0x9583ac]
V  [libjvm.so+0x908d43]
V  [libjvm.so+0xa98c42]
V  [libjvm.so+0xa9d7e7]
V  [libjvm.so+0xa9bb07]
V  [libjvm.so+0xa9c337]
V  [libjvm.so+0xa9c881]
V  [libjvm.so+0x8e0062]

VM_Operation (0x00007f190a1ca240): ParallelGCFailedAllocation, mode: safepoint, requested by thread 0x00007f190000b800


---------------  P R O C E S S  ---------------

Java Threads: ( => current thread )
  0x00007f19003c6000 JavaThread "surefire-forkedjvm-command-thread" daemon [_thread_in_native, id=448, stack(0x00007f18c0f43000,0x00007f18c1044000)]
  0x00007f19004bd000 JavaThread "last-ditch-daemon-shutdown-thread-30sec" daemon [_thread_blocked, id=447, stack(0x00007f18c1044000,0x00007f18c1145000)]
  0x00007f190044a000 JavaThread "Service Thread" daemon [_thread_blocked, id=445, stack(0x00007f18c1246000,0x00007f18c1347000)]
  0x00007f1900487000 JavaThread "C1 CompilerThread3" daemon [_thread_blocked, id=444, stack(0x00007f18c1347000,0x00007f18c1448000)]
  0x00007f1900485800 JavaThread "C2 CompilerThread2" daemon [_thread_blocked, id=443, stack(0x00007f18c1448000,0x00007f18c1549000)]
  0x00007f19003b8000 JavaThread "C2 CompilerThread1" daemon [_thread_blocked, id=442, stack(0x00007f18c1549000,0x00007f18c164a000)]
  0x00007f1900431800 JavaThread "C2 CompilerThread0" daemon [_thread_blocked, id=441, stack(0x00007f18c164a000,0x00007f18c174b000)]
  0x00007f19001fd800 JavaThread "Signal Dispatcher" daemon [_thread_blocked, id=440, stack(0x00007f18c1b76000,0x00007f18c1c77000)]
  0x00007f19001d4800 JavaThread "Finalizer" daemon [_thread_blocked, id=439, stack(0x00007f18c1de6000,0x00007f18c1ee7000)]
  0x00007f19001d0000 JavaThread "Reference Handler" daemon [_thread_blocked, id=438, stack(0x00007f18c1ee7000,0x00007f18c1fe8000)]
  0x00007f190000b800 JavaThread "main" [_thread_blocked, id=425, stack(0x00007f190a0cd000,0x00007f190a1ce000)]

Other Threads:
=>0x00007f19001c8800 VMThread [stack: 0x00007f18c1fe8000,0x00007f18c20e9000] [id=437]
  0x00007f19004b7800 WatcherThread [stack: 0x00007f18c1145000,0x00007f18c1246000] [id=446]

VM state:at safepoint (normal execution)

VM Mutex/Monitor currently owned by a thread:  ([mutex/lock_event])
[0x00007f1900008090] Threads_lock - owner thread: 0x00007f19001c8800
[0x00007f1900008590] Heap_lock - owner thread: 0x00007f190000b800

Heap:
 PSYoungGen      total 2023424K, used 64K [0x0000000718100000, 0x000000079c500000, 0x00000007c0000000)
  eden space 1880064K, 0% used [0x0000000718100000,0x0000000718100000,0x000000078ad00000)
  from space 143360K, 0% used [0x000000078ad00000,0x000000078ad10000,0x0000000793900000)
  to   space 88576K, 0% used [0x0000000796e80000,0x0000000796e80000,0x000000079c500000)
 ParOldGen       total 326656K, used 19768K [0x00000005c8200000, 0x00000005dc100000, 0x0000000718100000)
  object space 326656K, 6% used [0x00000005c8200000,0x00000005c954e3f8,0x00000005dc100000)
 Metaspace       used 25525K, capacity 25772K, committed 26112K, reserved 1073152K
  class space    used 2130K, capacity 2222K, committed 2304K, reserved 1048576K

Card table byte_map: [0x00007f19055f8000,0x00007f19065b8000] byte_map_base: 0x00007f19027b7000

Marking Bits: (ParMarkBitMap*) 0x00007f19093a8340
 Begin Bits: [0x00007f18e1410000, 0x00007f18e9208000)
 End Bits:   [0x00007f18e9208000, 0x00007f18f1000000)

Polling page: 0x00007f190a1d8000

CodeCache: size=245760Kb used=24728Kb max_used=27029Kb free=221031Kb
 bounds [0x00007f18f1000000, 0x00007f18f2aa0000, 0x00007f1900000000]
 total_blobs=5766 nmethods=5368 adapters=307
 compilation: enabled

Compilation events (10 events):
Event: 32.824 Thread 0x00007f1900485800 7585       4       spoon.reflect.visitor.CtScanner::visitCtInterface (107 bytes)
Event: 32.839 Thread 0x00007f1900485800 nmethod 7585 0x00007f18f12c4ad0 code [0x00007f18f12c4d00, 0x00007f18f12c5580]
Event: 32.884 Thread 0x00007f1900487000 7586       3       spoon.reflect.ast.CloneTest$1::$jacocoInit (52 bytes)
Event: 32.884 Thread 0x00007f1900487000 nmethod 7586 0x00007f18f276d0d0 code [0x00007f18f276d240, 0x00007f18f276d390]
Event: 33.125 Thread 0x00007f1900487000 7587       1       java.util.ArrayList$ArrayListSpliterator::characteristics (4 bytes)
Event: 33.125 Thread 0x00007f1900487000 nmethod 7587 0x00007f18f18e2450 code [0x00007f18f18e25a0, 0x00007f18f18e26b0]
Event: 33.125 Thread 0x00007f1900487000 7588       1       java.util.stream.Collectors$CollectorImpl::characteristics (5 bytes)
Event: 33.125 Thread 0x00007f1900487000 nmethod 7588 0x00007f18f20fe850 code [0x00007f18f20fe9a0, 0x00007f18f20feab0]
Event: 33.915 Thread 0x00007f1900487000 7589       3       spoon.support.reflect.declaration.CtTypeImpl::getMethodsByName (149 bytes)
Event: 33.917 Thread 0x00007f1900487000 nmethod 7589 0x00007f18f2a09510 code [0x00007f18f2a09780, 0x00007f18f2a0a858]

GC Heap History (10 events):
Event: 29.222 GC heap after
Heap after GC invocations=14 (full 2):
 PSYoungGen      total 1094656K, used 0K [0x0000000718100000, 0x0000000764380000, 0x00000007c0000000)
  eden space 944640K, 0% used [0x0000000718100000,0x0000000718100000,0x0000000751b80000)
  from space 150016K, 0% used [0x000000075ae00000,0x000000075ae00000,0x0000000764080000)
  to   space 150016K, 0% used [0x0000000751b80000,0x0000000751b80000,0x000000075ae00000)
 ParOldGen       total 326656K, used 19744K [0x00000005c8200000, 0x00000005dc100000, 0x0000000718100000)
  object space 326656K, 6% used [0x00000005c8200000,0x00000005c95483f8,0x00000005dc100000)
 Metaspace       used 25520K, capacity 25762K, committed 26112K, reserved 1073152K
  class space    used 2130K, capacity 2221K, committed 2304K, reserved 1048576K
}
Event: 30.018 GC heap before
{Heap before GC invocations=15 (full 2):
 PSYoungGen      total 1094656K, used 944640K [0x0000000718100000, 0x0000000764380000, 0x00000007c0000000)
  eden space 944640K, 100% used [0x0000000718100000,0x0000000751b80000,0x0000000751b80000)
  from space 150016K, 0% used [0x000000075ae00000,0x000000075ae00000,0x0000000764080000)
  to   space 150016K, 0% used [0x0000000751b80000,0x0000000751b80000,0x000000075ae00000)
 ParOldGen       total 326656K, used 19744K [0x00000005c8200000, 0x00000005dc100000, 0x0000000718100000)
  object space 326656K, 6% used [0x00000005c8200000,0x00000005c95483f8,0x00000005dc100000)
 Metaspace       used 25523K, capacity 25768K, committed 26112K, reserved 1073152K
  class space    used 2130K, capacity 2222K, committed 2304K, reserved 1048576K
Event: 30.045 GC heap after
Heap after GC invocations=15 (full 2):
 PSYoungGen      total 1094656K, used 32K [0x0000000718100000, 0x000000077f300000, 0x00000007c0000000)
  eden space 944640K, 0% used [0x0000000718100000,0x0000000718100000,0x0000000751b80000)
  from space 150016K, 0% used [0x0000000751b80000,0x0000000751b88000,0x000000075ae00000)
  to   space 150528K, 0% used [0x0000000776000000,0x0000000776000000,0x000000077f300000)
 ParOldGen       total 326656K, used 19744K [0x00000005c8200000, 0x00000005dc100000, 0x0000000718100000)
  object space 326656K, 6% used [0x00000005c8200000,0x00000005c95483f8,0x00000005dc100000)
 Metaspace       used 25523K, capacity 25768K, committed 26112K, reserved 1073152K
  class space    used 2130K, capacity 2222K, committed 2304K, reserved 1048576K
}
Event: 30.603 GC heap before
{Heap before GC invocations=16 (full 2):
 PSYoungGen      total 1094656K, used 944672K [0x0000000718100000, 0x000000077f300000, 0x00000007c0000000)
  eden space 944640K, 100% used [0x0000000718100000,0x0000000751b80000,0x0000000751b80000)
  from space 150016K, 0% used [0x0000000751b80000,0x0000000751b88000,0x000000075ae00000)
  to   space 150528K, 0% used [0x0000000776000000,0x0000000776000000,0x000000077f300000)
 ParOldGen       total 326656K, used 19744K [0x00000005c8200000, 0x00000005dc100000, 0x0000000718100000)
  object space 326656K, 6% used [0x00000005c8200000,0x00000005c95483f8,0x00000005dc100000)
 Metaspace       used 25523K, capacity 25768K, committed 26112K, reserved 1073152K
  class space    used 2130K, capacity 2222K, committed 2304K, reserved 1048576K
Event: 30.613 GC heap after
Heap after GC invocations=16 (full 2):
 PSYoungGen      total 1491968K, used 96K [0x0000000718100000, 0x000000077da80000, 0x00000007c0000000)
  eden space 1366528K, 0% used [0x0000000718100000,0x0000000718100000,0x000000076b780000)
  from space 125440K, 0% used [0x0000000776000000,0x0000000776018000,0x000000077da80000)
  to   space 148992K, 0% used [0x000000076b780000,0x000000076b780000,0x0000000774900000)
 ParOldGen       total 326656K, used 19744K [0x00000005c8200000, 0x00000005dc100000, 0x0000000718100000)
  object space 326656K, 6% used [0x00000005c8200000,0x00000005c95483f8,0x00000005dc100000)
 Metaspace       used 25523K, capacity 25768K, committed 26112K, reserved 1073152K
  class space    used 2130K, capacity 2222K, committed 2304K, reserved 1048576K
}
Event: 31.703 GC heap before
{Heap before GC invocations=17 (full 2):
 PSYoungGen      total 1491968K, used 1366624K [0x0000000718100000, 0x000000077da80000, 0x00000007c0000000)
  eden space 1366528K, 100% used [0x0000000718100000,0x000000076b780000,0x000000076b780000)
  from space 125440K, 0% used [0x0000000776000000,0x0000000776018000,0x000000077da80000)
  to   space 148992K, 0% used [0x000000076b780000,0x000000076b780000,0x0000000774900000)
 ParOldGen       total 326656K, used 19744K [0x00000005c8200000, 0x00000005dc100000, 0x0000000718100000)
  object space 326656K, 6% used [0x00000005c8200000,0x00000005c95483f8,0x00000005dc100000)
 Metaspace       used 25523K, capacity 25768K, committed 26112K, reserved 1073152K
  class space    used 2130K, capacity 2222K, committed 2304K, reserved 1048576K
Event: 31.707 GC heap after
Heap after GC invocations=17 (full 2):
 PSYoungGen      total 1515520K, used 32K [0x0000000718100000, 0x000000079fe00000, 0x00000007c0000000)
  eden space 1366528K, 0% used [0x0000000718100000,0x0000000718100000,0x000000076b780000)
  from space 148992K, 0% used [0x000000076b780000,0x000000076b788000,0x0000000774900000)
  to   space 146944K, 0% used [0x0000000796e80000,0x0000000796e80000,0x000000079fe00000)
 ParOldGen       total 326656K, used 19752K [0x00000005c8200000, 0x00000005dc100000, 0x0000000718100000)
  object space 326656K, 6% used [0x00000005c8200000,0x00000005c954a3f8,0x00000005dc100000)
 Metaspace       used 25523K, capacity 25768K, committed 26112K, reserved 1073152K
  class space    used 2130K, capacity 2222K, committed 2304K, reserved 1048576K
}
Event: 32.517 GC heap before
{Heap before GC invocations=18 (full 2):
 PSYoungGen      total 1515520K, used 1366560K [0x0000000718100000, 0x000000079fe00000, 0x00000007c0000000)
  eden space 1366528K, 100% used [0x0000000718100000,0x000000076b780000,0x000000076b780000)
  from space 148992K, 0% used [0x000000076b780000,0x000000076b788000,0x0000000774900000)
  to   space 146944K, 0% used [0x0000000796e80000,0x0000000796e80000,0x000000079fe00000)
 ParOldGen       total 326656K, used 19752K [0x00000005c8200000, 0x00000005dc100000, 0x0000000718100000)
  object space 326656K, 6% used [0x00000005c8200000,0x00000005c954a3f8,0x00000005dc100000)
 Metaspace       used 25525K, capacity 25772K, committed 26112K, reserved 1073152K
  class space    used 2130K, capacity 2222K, committed 2304K, reserved 1048576K
Event: 32.519 GC heap after
Heap after GC invocations=18 (full 2):
 PSYoungGen      total 1968640K, used 96K [0x0000000718100000, 0x000000079c500000, 0x00000007c0000000)
  eden space 1880064K, 0% used [0x0000000718100000,0x0000000718100000,0x000000078ad00000)
  from space 88576K, 0% used [0x0000000796e80000,0x0000000796e98000,0x000000079c500000)
  to   space 143360K, 0% used [0x000000078ad00000,0x000000078ad00000,0x0000000793900000)
 ParOldGen       total 326656K, used 19760K [0x00000005c8200000, 0x00000005dc100000, 0x0000000718100000)
  object space 326656K, 6% used [0x00000005c8200000,0x00000005c954c3f8,0x00000005dc100000)
 Metaspace       used 25525K, capacity 25772K, committed 26112K, reserved 1073152K
  class space    used 2130K, capacity 2222K, committed 2304K, reserved 1048576K
}
Event: 33.928 GC heap before
{Heap before GC invocations=19 (full 2):
 PSYoungGen      total 1968640K, used 1880160K [0x0000000718100000, 0x000000079c500000, 0x00000007c0000000)
  eden space 1880064K, 100% used [0x0000000718100000,0x000000078ad00000,0x000000078ad00000)
  from space 88576K, 0% used [0x0000000796e80000,0x0000000796e98000,0x000000079c500000)
  to   space 143360K, 0% used [0x000000078ad00000,0x000000078ad00000,0x0000000793900000)
 ParOldGen       total 326656K, used 19760K [0x00000005c8200000, 0x00000005dc100000, 0x0000000718100000)
  object space 326656K, 6% used [0x00000005c8200000,0x00000005c954c3f8,0x00000005dc100000)
 Metaspace       used 25525K, capacity 25772K, committed 26112K, reserved 1073152K
  class space    used 2130K, capacity 2222K, committed 2304K, reserved 1048576K

Deoptimization events (10 events):
Event: 27.794 Thread 0x00007f190000b800 Uncommon trap: reason=speculate_class_check action=maybe_recompile pc=0x00007f18f274a198 method=java.util.RegularEnumSet.contains(Ljava/lang/Object;)Z @ 38
Event: 27.794 Thread 0x00007f190000b800 Uncommon trap: reason=speculate_class_check action=maybe_recompile pc=0x00007f18f274a198 method=java.util.RegularEnumSet.contains(Ljava/lang/Object;)Z @ 38
Event: 28.051 Thread 0x00007f190000b800 Uncommon trap: reason=class_check action=maybe_recompile pc=0x00007f18f271571c method=spoon.reflect.visitor.chain.CtQueryImpl$3.apply(Ljava/lang/Object;)Ljava/lang/Object; @ 6
Event: 28.052 Thread 0x00007f190000b800 Uncommon trap: reason=class_check action=maybe_recompile pc=0x00007f18f271571c method=spoon.reflect.visitor.chain.CtQueryImpl$3.apply(Ljava/lang/Object;)Ljava/lang/Object; @ 6
Event: 28.053 Thread 0x00007f190000b800 Uncommon trap: reason=class_check action=maybe_recompile pc=0x00007f18f271571c method=spoon.reflect.visitor.chain.CtQueryImpl$3.apply(Ljava/lang/Object;)Ljava/lang/Object; @ 6
Event: 28.054 Thread 0x00007f190000b800 Uncommon trap: reason=class_check action=maybe_recompile pc=0x00007f18f271571c method=spoon.reflect.visitor.chain.CtQueryImpl$3.apply(Ljava/lang/Object;)Ljava/lang/Object; @ 6
Event: 28.158 Thread 0x00007f190000b800 Uncommon trap: reason=bimorphic action=maybe_recompile pc=0x00007f18f2717684 method=spoon.reflect.visitor.chain.CtQueryImpl$3.apply(Lspoon/reflect/declaration/CtElement;)Ljava/lang/Boolean; @ 9
Event: 28.159 Thread 0x00007f190000b800 Uncommon trap: reason=bimorphic action=maybe_recompile pc=0x00007f18f2717684 method=spoon.reflect.visitor.chain.CtQueryImpl$3.apply(Lspoon/reflect/declaration/CtElement;)Ljava/lang/Boolean; @ 9
Event: 28.161 Thread 0x00007f190000b800 Uncommon trap: reason=bimorphic action=maybe_recompile pc=0x00007f18f2717684 method=spoon.reflect.visitor.chain.CtQueryImpl$3.apply(Lspoon/reflect/declaration/CtElement;)Ljava/lang/Boolean; @ 9
Event: 28.161 Thread 0x00007f190000b800 Uncommon trap: reason=bimorphic action=maybe_recompile pc=0x00007f18f2717684 method=spoon.reflect.visitor.chain.CtQueryImpl$3.apply(Lspoon/reflect/declaration/CtElement;)Ljava/lang/Boolean; @ 9

Internal exceptions (10 events):
Event: 27.487 Thread 0x00007f190000b800 Exception <a 'java/lang/ClassCastException'> (0x000000071d227c68) thrown at [/tmp/buildd/openjdk-8-8u121-b13/src/hotspot/src/share/vm/runtime/sharedRuntime.cpp, line 605]
Event: 27.491 Thread 0x00007f190000b800 Exception <a 'java/lang/ClassCastException'> (0x000000071d2cfcf0) thrown at [/tmp/buildd/openjdk-8-8u121-b13/src/hotspot/src/share/vm/runtime/sharedRuntime.cpp, line 605]
Event: 27.491 Thread 0x00007f190000b800 Exception <a 'java/lang/ClassCastException'> (0x000000071d2d0270) thrown at [/tmp/buildd/openjdk-8-8u121-b13/src/hotspot/src/share/vm/runtime/sharedRuntime.cpp, line 605]
Event: 27.492 Thread 0x00007f190000b800 Exception <a 'java/lang/ClassCastException'> (0x000000071d2fbcf8) thrown at [/tmp/buildd/openjdk-8-8u121-b13/src/hotspot/src/share/vm/runtime/sharedRuntime.cpp, line 605]
Event: 27.492 Thread 0x00007f190000b800 Exception <a 'java/lang/ClassCastException'> (0x000000071d313458) thrown at [/tmp/buildd/openjdk-8-8u121-b13/src/hotspot/src/share/vm/runtime/sharedRuntime.cpp, line 605]
Event: 27.494 Thread 0x00007f190000b800 Exception <a 'java/lang/ClassCastException'> (0x000000071d35d930) thrown at [/tmp/buildd/openjdk-8-8u121-b13/src/hotspot/src/share/vm/runtime/sharedRuntime.cpp, line 605]
Event: 27.494 Thread 0x00007f190000b800 Exception <a 'java/lang/ClassCastException'> (0x000000071d35deb0) thrown at [/tmp/buildd/openjdk-8-8u121-b13/src/hotspot/src/share/vm/runtime/sharedRuntime.cpp, line 605]
Event: 27.497 Thread 0x00007f190000b800 Exception <a 'java/lang/ClassCastException'> (0x000000071d3f9608) thrown at [/tmp/buildd/openjdk-8-8u121-b13/src/hotspot/src/share/vm/runtime/sharedRuntime.cpp, line 605]
Event: 27.703 Thread 0x00007f190000b800 Implicit null exception at 0x00007f18f1388980 to 0x00007f18f1389151
Event: 27.703 Thread 0x00007f190000b800 Exception <a 'java/lang/NullPointerException'> (0x000000072a95c1b0) thrown at [/tmp/buildd/openjdk-8-8u121-b13/src/hotspot/src/share/vm/runtime/sharedRuntime.cpp, line 605]

Events (10 events):
Event: 29.222 Executing VM operation: ParallelGCFailedAllocation done
Event: 30.018 Executing VM operation: ParallelGCFailedAllocation
Event: 30.045 Executing VM operation: ParallelGCFailedAllocation done
Event: 30.603 Executing VM operation: ParallelGCFailedAllocation
Event: 30.613 Executing VM operation: ParallelGCFailedAllocation done
Event: 31.703 Executing VM operation: ParallelGCFailedAllocation
Event: 31.707 Executing VM operation: ParallelGCFailedAllocation done
Event: 32.517 Executing VM operation: ParallelGCFailedAllocation
Event: 32.519 Executing VM operation: ParallelGCFailedAllocation done
Event: 33.928 Executing VM operation: ParallelGCFailedAllocation


Dynamic libraries:
00400000-00401000 r-xp 00000000 00:40 90                                 /usr/lib/jvm/java-8-openjdk-amd64/jre/bin/java
00600000-00601000 r--p 00000000 00:40 90                                 /usr/lib/jvm/java-8-openjdk-amd64/jre/bin/java
00601000-00602000 rw-p 00001000 00:40 90                                 /usr/lib/jvm/java-8-openjdk-amd64/jre/bin/java
02259000-0227a000 rw-p 00000000 00:00 0                                  [heap]
5c8200000-5dc100000 rw-p 00000000 00:00 0 
5dc100000-718100000 ---p 00000000 00:00 0 
718100000-79c500000 rw-p 00000000 00:00 0 
7b5880000-7c0000000 ---p 00000000 00:00 0 
7c0000000-7c0240000 rw-p 00000000 00:00 0 
7c0240000-800000000 ---p 00000000 00:00 0 
7f1884000000-7f188404d000 rw-p 00000000 00:00 0 
7f188404d000-7f1888000000 ---p 00000000 00:00 0 
7f188c000000-7f188c021000 rw-p 00000000 00:00 0 
7f188c021000-7f1890000000 ---p 00000000 00:00 0 
7f1890000000-7f1890021000 rw-p 00000000 00:00 0 
7f1890021000-7f1894000000 ---p 00000000 00:00 0 
7f1894000000-7f1894e05000 rw-p 00000000 00:00 0 
7f1894e05000-7f1898000000 ---p 00000000 00:00 0 
7f1898000000-7f1898021000 rw-p 00000000 00:00 0 
7f1898021000-7f189c000000 ---p 00000000 00:00 0 
7f189c000000-7f189d030000 rw-p 00000000 00:00 0 
7f189d030000-7f18a0000000 ---p 00000000 00:00 0 
7f18a0000000-7f18a133c000 rw-p 00000000 00:00 0 
7f18a133c000-7f18a4000000 ---p 00000000 00:00 0 
7f18a4000000-7f18a547f000 rw-p 00000000 00:00 0 
7f18a547f000-7f18a8000000 ---p 00000000 00:00 0 
7f18a8bff000-7f18a8d3f000 rw-p 00000000 00:00 0 
7f18a8d3f000-7f18a8dff000 ---p 00000000 00:00 0 
7f18a8dff000-7f18a8fff000 rw-p 00000000 00:00 0 
7f18a8fff000-7f18ac000000 rw-p 00000000 00:00 0 
7f18ac000000-7f18ac021000 rw-p 00000000 00:00 0 
7f18ac021000-7f18b0000000 ---p 00000000 00:00 0 
7f18b0000000-7f18b0021000 rw-p 00000000 00:00 0 
7f18b0021000-7f18b4000000 ---p 00000000 00:00 0 
7f18b4000000-7f18b4021000 rw-p 00000000 00:00 0 
7f18b4021000-7f18b8000000 ---p 00000000 00:00 0 
7f18b8000000-7f18b8021000 rw-p 00000000 00:00 0 
7f18b8021000-7f18bc000000 ---p 00000000 00:00 0 
7f18bc000000-7f18bc021000 rw-p 00000000 00:00 0 
7f18bc021000-7f18c0000000 ---p 00000000 00:00 0 
7f18c01d8000-7f18c03d8000 rw-p 00000000 00:00 0 
7f18c03d8000-7f18c05d8000 rw-p 00000000 00:00 0 
7f18c05d8000-7f18c07d8000 rw-p 00000000 00:00 0 
7f18c07d8000-7f18c09d8000 rw-p 00000000 00:00 0 
7f18c09d8000-7f18c0bd8000 rw-p 00000000 00:00 0 
7f18c0d43000-7f18c0f43000 rw-p 00000000 00:00 0 
7f18c0f43000-7f18c0f46000 ---p 00000000 00:00 0 
7f18c0f46000-7f18c1044000 rw-p 00000000 00:00 0                          [stack:7781]
7f18c1044000-7f18c1047000 ---p 00000000 00:00 0 
7f18c1047000-7f18c1145000 rw-p 00000000 00:00 0                          [stack:7780]
7f18c1145000-7f18c1146000 ---p 00000000 00:00 0 
7f18c1146000-7f18c1246000 rw-p 00000000 00:00 0                          [stack:7779]
7f18c1246000-7f18c1249000 ---p 00000000 00:00 0 
7f18c1249000-7f18c1347000 rw-p 00000000 00:00 0                          [stack:7778]
7f18c1347000-7f18c134a000 ---p 00000000 00:00 0 
7f18c134a000-7f18c1448000 rw-p 00000000 00:00 0                          [stack:7777]
7f18c1448000-7f18c144b000 ---p 00000000 00:00 0 
7f18c144b000-7f18c1549000 rw-p 00000000 00:00 0                          [stack:7776]
7f18c1549000-7f18c154c000 ---p 00000000 00:00 0 
7f18c154c000-7f18c164a000 rw-p 00000000 00:00 0                          [stack:7775]
7f18c164a000-7f18c164d000 ---p 00000000 00:00 0 
7f18c164d000-7f18c174b000 rw-p 00000000 00:00 0                          [stack:7774]
7f18c174b000-7f18c175c000 r-xp 00000000 00:40 162                        /usr/lib/jvm/java-8-openjdk-amd64/jre/lib/amd64/libnio.so
7f18c175c000-7f18c195c000 ---p 00011000 00:40 162                        /usr/lib/jvm/java-8-openjdk-amd64/jre/lib/amd64/libnio.so
7f18c195c000-7f18c195d000 r--p 00011000 00:40 162                        /usr/lib/jvm/java-8-openjdk-amd64/jre/lib/amd64/libnio.so
7f18c195d000-7f18c195e000 rw-p 00012000 00:40 162                        /usr/lib/jvm/java-8-openjdk-amd64/jre/lib/amd64/libnio.so
7f18c195e000-7f18c1975000 r-xp 00000000 00:40 153                        /usr/lib/jvm/java-8-openjdk-amd64/jre/lib/amd64/libnet.so
7f18c1975000-7f18c1b74000 ---p 00017000 00:40 153                        /usr/lib/jvm/java-8-openjdk-amd64/jre/lib/amd64/libnet.so
7f18c1b74000-7f18c1b75000 r--p 00016000 00:40 153                        /usr/lib/jvm/java-8-openjdk-amd64/jre/lib/amd64/libnet.so
7f18c1b75000-7f18c1b76000 rw-p 00017000 00:40 153                        /usr/lib/jvm/java-8-openjdk-amd64/jre/lib/amd64/libnet.so
7f18c1b76000-7f18c1b79000 ---p 00000000 00:00 0 
7f18c1b79000-7f18c1c77000 rw-p 00000000 00:00 0                          [stack:7771]
7f18c1c77000-7f18c1de6000 r--p 00000000 00:40 56                         /usr/lib/locale/C.UTF-8/LC_COLLATE
7f18c1de6000-7f18c1de9000 ---p 00000000 00:00 0 
7f18c1de9000-7f18c1ee7000 rw-p 00000000 00:00 0                          [stack:7770]
7f18c1ee7000-7f18c1eea000 ---p 00000000 00:00 0 
7f18c1eea000-7f18c1fe8000 rw-p 00000000 00:00 0                          [stack:7769]
7f18c1fe8000-7f18c1fe9000 ---p 00000000 00:00 0 
7f18c1fe9000-7f18c4000000 rw-p 00000000 00:00 0                          [stack:7768]
7f18c4000000-7f18c4021000 rw-p 00000000 00:00 0 
7f18c4021000-7f18c8000000 ---p 00000000 00:00 0 
7f18c8000000-7f18c8021000 rw-p 00000000 00:00 0 
7f18c8021000-7f18cc000000 ---p 00000000 00:00 0 
7f18cc000000-7f18cc021000 rw-p 00000000 00:00 0 
7f18cc021000-7f18d0000000 ---p 00000000 00:00 0 
7f18d0000000-7f18d0021000 rw-p 00000000 00:00 0 
7f18d0021000-7f18d4000000 ---p 00000000 00:00 0 
7f18d4000000-7f18d4021000 rw-p 00000000 00:00 0 
7f18d4021000-7f18d8000000 ---p 00000000 00:00 0 
7f18d8000000-7f18d8021000 rw-p 00000000 00:00 0 
7f18d8021000-7f18dc000000 ---p 00000000 00:00 0 
7f18dc000000-7f18dc021000 rw-p 00000000 00:00 0 
7f18dc021000-7f18e0000000 ---p 00000000 00:00 0 
7f18e0001000-7f18e0004000 r--s 00015000 00:40 121                        /usr/lib/jvm/java-8-openjdk-amd64/jre/lib/jce.jar
7f18e0004000-7f18e0008000 r--s 0009a000 00:40 120                        /usr/lib/jvm/java-8-openjdk-amd64/jre/lib/jsse.jar
7f18e0008000-7f18e000e000 r--s 00041000 00:40 5401                       /root/workspace/INRIA/spoon/281427911/.m2/org/jacoco/org.jacoco.agent/0.7.5.201505241946/org.jacoco.agent-0.7.5.201505241946-runtime.jar
7f18e000e000-7f18e0011000 r--s 00010000 00:40 9048                       /root/workspace/INRIA/spoon/281427911/.m2/org/apache/maven/surefire/surefire-junit4/2.19.1/surefire-junit4-2.19.1.jar
7f18e0011000-7f18e0019000 r--s 0006e000 00:40 3877                       /root/workspace/INRIA/spoon/281427911/.m2/org/apache/commons/commons-lang3/3.5/commons-lang3-3.5.jar
7f18e0019000-7f18e001d000 r--s 00039000 00:40 2903                       /root/workspace/INRIA/spoon/281427911/.m2/org/codehaus/plexus/plexus-utils/3.0.24/plexus-utils-3.0.24.jar
7f18e001d000-7f18e0020000 r--s 00026000 00:40 3874                       /root/workspace/INRIA/spoon/281427911/.m2/org/apache/maven/maven-model/3.5.0/maven-model-3.5.0.jar
7f18e0020000-7f18e0024000 r--s 0002f000 00:40 3873                       /root/workspace/INRIA/spoon/281427911/.m2/commons-io/commons-io/2.5/commons-io-2.5.jar
7f18e0024000-7f18e002d000 r--s 0006f000 00:40 3898                       /root/workspace/INRIA/spoon/281427911/.m2/log4j/log4j/1.2.17/log4j-1.2.17.jar
7f18e002d000-7f18e002f000 r--s 0000f000 00:40 3895                       /root/workspace/INRIA/spoon/281427911/.m2/com/martiansoftware/jsap/2.1/jsap-2.1.jar
7f18e002f000-7f18e004d000 r--s 00110000 00:40 3890                       /root/workspace/INRIA/spoon/281427911/.m2/org/mockito/mockito-all/2.0.2-beta/mockito-all-2.0.2-beta.jar
7f18e004d000-7f18f1000000 rw-p 00000000 00:00 0 
7f18f1000000-7f18f2aa0000 rwxp 00000000 00:00 0 
7f18f2aa0000-7f1900000000 ---p 00000000 00:00 0 
7f1900000000-7f1900bd3000 rw-p 00000000 00:00 0 
7f1900bd3000-7f1904000000 ---p 00000000 00:00 0 
7f1904000000-7f1904001000 rw-p 00000000 00:00 0 
7f1904001000-7f1904003000 r--s 00004000 00:40 3892                       /root/workspace/INRIA/spoon/281427911/.m2/com/github/stefanbirkner/system-rules/1.9.0/system-rules-1.9.0.jar
7f1904003000-7f1904005000 r--s 00009000 00:40 2911                       /root/workspace/INRIA/spoon/281427911/.m2/org/hamcrest/hamcrest-core/1.3/hamcrest-core-1.3.jar
7f1904005000-7f190400b000 r--s 00036000 00:40 2909                       /root/workspace/INRIA/spoon/281427911/.m2/junit/junit/4.11/junit-4.11.jar
7f190400b000-7f1904042000 r--s 005c6000 00:40 3896                       /root/workspace/INRIA/spoon/281427911/.m2/org/eclipse/tycho/org.eclipse.jdt.core/3.13.0.v20170516-1929/org.eclipse.jdt.core-3.13.0.v20170516-1929.jar
7f1904042000-7f1904047000 r--s 0002b000 00:40 7927                       /root/workspace/INRIA/spoon/281427911/.m2/org/apache/maven/surefire/surefire-api/2.19.1/surefire-api-2.19.1.jar
7f1904047000-7f1904049000 r--s 0000a000 00:40 7922                       /root/workspace/INRIA/spoon/281427911/.m2/org/apache/maven/surefire/surefire-booter/2.19.1/surefire-booter-2.19.1.jar
7f1904049000-7f190404a000 r--s 0000a000 00:40 137                        /usr/lib/jvm/java-8-openjdk-amd64/jre/lib/ext/jaccess.jar
7f190404a000-7f190404e000 r--s 00037000 00:40 135                        /usr/lib/jvm/java-8-openjdk-amd64/jre/lib/ext/sunpkcs11.jar
7f190404e000-7f1904069000 r--s 00394000 00:40 134                        /usr/lib/jvm/java-8-openjdk-amd64/jre/lib/ext/cldrdata.jar
7f1904069000-7f1904084000 r--s 001d6000 00:40 126                        /usr/lib/jvm/java-8-openjdk-amd64/jre/lib/ext/nashorn.jar
7f1904084000-7f19040d1000 rw-p 00000000 00:00 0 
7f19040d1000-7f190429f000 r--s 03c06000 00:40 119                        /usr/lib/jvm/java-8-openjdk-amd64/jre/lib/rt.jar
7f190429f000-7f1904370000 rw-p 00000000 00:00 0 
7f1904370000-7f1904371000 ---p 00000000 00:00 0 
7f1904371000-7f1904471000 rw-p 00000000 00:00 0                          [stack:7767]
7f1904471000-7f1904472000 ---p 00000000 00:00 0 
7f1904472000-7f1904572000 rw-p 00000000 00:00 0                          [stack:7766]
7f1904572000-7f1904573000 ---p 00000000 00:00 0 
7f1904573000-7f1904673000 rw-p 00000000 00:00 0                          [stack:7765]
7f1904673000-7f1904674000 ---p 00000000 00:00 0 
7f1904674000-7f1904774000 rw-p 00000000 00:00 0                          [stack:7764]
7f1904774000-7f1904775000 ---p 00000000 00:00 0 
7f1904775000-7f1904875000 rw-p 00000000 00:00 0                          [stack:7763]
7f1904875000-7f1904876000 ---p 00000000 00:00 0 
7f1904876000-7f1904976000 rw-p 00000000 00:00 0                          [stack:7762]
7f1904976000-7f1904977000 ---p 00000000 00:00 0 
7f1904977000-7f1904a77000 rw-p 00000000 00:00 0                          [stack:7761]
7f1904a77000-7f1904a78000 ---p 00000000 00:00 0 
7f1904a78000-7f1904c18000 rw-p 00000000 00:00 0                          [stack:7760]
7f1904c18000-7f19055f8000 ---p 00000000 00:00 0 
7f19055f8000-7f1905698000 rw-p 00000000 00:00 0 
7f1905698000-7f1906077000 ---p 00000000 00:00 0 
7f1906077000-7f190649a000 rw-p 00000000 00:00 0 
7f190649a000-7f19065b7000 ---p 00000000 00:00 0 
7f19065b7000-7f1906623000 rw-p 00000000 00:00 0 
7f1906623000-7f1906978000 ---p 00000000 00:00 0 
7f1906978000-7f1906980000 r-xp 00000000 00:40 117                        /usr/lib/jvm/java-8-openjdk-amd64/jre/lib/amd64/libzip.so
7f1906980000-7f1906b7f000 ---p 00008000 00:40 117                        /usr/lib/jvm/java-8-openjdk-amd64/jre/lib/amd64/libzip.so
7f1906b7f000-7f1906b80000 r--p 00007000 00:40 117                        /usr/lib/jvm/java-8-openjdk-amd64/jre/lib/amd64/libzip.so
7f1906b80000-7f1906b81000 rw-p 00008000 00:40 117                        /usr/lib/jvm/java-8-openjdk-amd64/jre/lib/amd64/libzip.so
7f1906b81000-7f1906b8c000 r-xp 00000000 00:40 82                         /lib/x86_64-linux-gnu/libnss_files-2.19.so
7f1906b8c000-7f1906d8b000 ---p 0000b000 00:40 82                         /lib/x86_64-linux-gnu/libnss_files-2.19.so
7f1906d8b000-7f1906d8c000 r--p 0000a000 00:40 82                         /lib/x86_64-linux-gnu/libnss_files-2.19.so
7f1906d8c000-7f1906d8d000 rw-p 0000b000 00:40 82                         /lib/x86_64-linux-gnu/libnss_files-2.19.so
7f1906d8d000-7f1906d97000 r-xp 00000000 00:40 80                         /lib/x86_64-linux-gnu/libnss_nis-2.19.so
7f1906d97000-7f1906f96000 ---p 0000a000 00:40 80                         /lib/x86_64-linux-gnu/libnss_nis-2.19.so
7f1906f96000-7f1906f97000 r--p 00009000 00:40 80                         /lib/x86_64-linux-gnu/libnss_nis-2.19.so
7f1906f97000-7f1906f98000 rw-p 0000a000 00:40 80                         /lib/x86_64-linux-gnu/libnss_nis-2.19.so
7f1906f98000-7f1906fad000 r-xp 00000000 00:40 78                         /lib/x86_64-linux-gnu/libnsl-2.19.so
7f1906fad000-7f19071ac000 ---p 00015000 00:40 78                         /lib/x86_64-linux-gnu/libnsl-2.19.so
7f19071ac000-7f19071ad000 r--p 00014000 00:40 78                         /lib/x86_64-linux-gnu/libnsl-2.19.so
7f19071ad000-7f19071ae000 rw-p 00015000 00:40 78                         /lib/x86_64-linux-gnu/libnsl-2.19.so
7f19071ae000-7f19071b0000 rw-p 00000000 00:00 0 
7f19071b0000-7f19071b7000 r-xp 00000000 00:40 76                         /lib/x86_64-linux-gnu/libnss_compat-2.19.so
7f19071b7000-7f19073b6000 ---p 00007000 00:40 76                         /lib/x86_64-linux-gnu/libnss_compat-2.19.so
7f19073b6000-7f19073b7000 r--p 00006000 00:40 76                         /lib/x86_64-linux-gnu/libnss_compat-2.19.so
7f19073b7000-7f19073b8000 rw-p 00007000 00:40 76                         /lib/x86_64-linux-gnu/libnss_compat-2.19.so
7f19073b8000-7f19073c2000 r-xp 00000000 00:40 9051                       /usr/lib/jvm/java-8-openjdk-amd64/jre/lib/amd64/libinstrument.so
7f19073c2000-7f19075c1000 ---p 0000a000 00:40 9051                       /usr/lib/jvm/java-8-openjdk-amd64/jre/lib/amd64/libinstrument.so
7f19075c1000-7f19075c2000 r--p 00009000 00:40 9051                       /usr/lib/jvm/java-8-openjdk-amd64/jre/lib/amd64/libinstrument.so
7f19075c2000-7f19075c3000 rw-p 0000a000 00:40 9051                       /usr/lib/jvm/java-8-openjdk-amd64/jre/lib/amd64/libinstrument.so
7f19075c3000-7f19075f1000 r-xp 00000000 00:40 99                         /usr/lib/jvm/java-8-openjdk-amd64/jre/lib/amd64/libjava.so
7f19075f1000-7f19077f0000 ---p 0002e000 00:40 99                         /usr/lib/jvm/java-8-openjdk-amd64/jre/lib/amd64/libjava.so
7f19077f0000-7f19077f1000 r--p 0002d000 00:40 99                         /usr/lib/jvm/java-8-openjdk-amd64/jre/lib/amd64/libjava.so
7f19077f1000-7f19077f3000 rw-p 0002e000 00:40 99                         /usr/lib/jvm/java-8-openjdk-amd64/jre/lib/amd64/libjava.so
7f19077f3000-7f1907802000 r-xp 00000000 00:40 112                        /usr/lib/jvm/java-8-openjdk-amd64/jre/lib/amd64/libverify.so
7f1907802000-7f1907a02000 ---p 0000f000 00:40 112                        /usr/lib/jvm/java-8-openjdk-amd64/jre/lib/amd64/libverify.so
7f1907a02000-7f1907a05000 r--p 0000f000 00:40 112                        /usr/lib/jvm/java-8-openjdk-amd64/jre/lib/amd64/libverify.so
7f1907a05000-7f1907a06000 rw-p 00012000 00:40 112                        /usr/lib/jvm/java-8-openjdk-amd64/jre/lib/amd64/libverify.so
7f1907a06000-7f1907a0d000 r-xp 00000000 00:40 111                        /lib/x86_64-linux-gnu/librt-2.19.so
7f1907a0d000-7f1907c0c000 ---p 00007000 00:40 111                        /lib/x86_64-linux-gnu/librt-2.19.so
7f1907c0c000-7f1907c0d000 r--p 00006000 00:40 111                        /lib/x86_64-linux-gnu/librt-2.19.so
7f1907c0d000-7f1907c0e000 rw-p 00007000 00:40 111                        /lib/x86_64-linux-gnu/librt-2.19.so
7f1907c0e000-7f1907c24000 r-xp 00000000 00:40 109                        /lib/x86_64-linux-gnu/libgcc_s.so.1
7f1907c24000-7f1907e23000 ---p 00016000 00:40 109                        /lib/x86_64-linux-gnu/libgcc_s.so.1
7f1907e23000-7f1907e24000 rw-p 00015000 00:40 109                        /lib/x86_64-linux-gnu/libgcc_s.so.1
7f1907e24000-7f1907f24000 r-xp 00000000 00:40 108                        /lib/x86_64-linux-gnu/libm-2.19.so
7f1907f24000-7f1908123000 ---p 00100000 00:40 108                        /lib/x86_64-linux-gnu/libm-2.19.so
7f1908123000-7f1908124000 r--p 000ff000 00:40 108                        /lib/x86_64-linux-gnu/libm-2.19.so
7f1908124000-7f1908125000 rw-p 00100000 00:40 108                        /lib/x86_64-linux-gnu/libm-2.19.so
7f1908125000-7f1908211000 r-xp 00000000 00:40 106                        /usr/lib/x86_64-linux-gnu/libstdc++.so.6.0.20
7f1908211000-7f1908411000 ---p 000ec000 00:40 106                        /usr/lib/x86_64-linux-gnu/libstdc++.so.6.0.20
7f1908411000-7f1908419000 r--p 000ec000 00:40 106                        /usr/lib/x86_64-linux-gnu/libstdc++.so.6.0.20
7f1908419000-7f190841b000 rw-p 000f4000 00:40 106                        /usr/lib/x86_64-linux-gnu/libstdc++.so.6.0.20
7f190841b000-7f1908430000 rw-p 00000000 00:00 0 
7f1908430000-7f19090c8000 r-xp 00000000 00:40 104                        /usr/lib/jvm/java-8-openjdk-amd64/jre/lib/amd64/server/libjvm.so
7f19090c8000-7f19092c8000 ---p 00c98000 00:40 104                        /usr/lib/jvm/java-8-openjdk-amd64/jre/lib/amd64/server/libjvm.so
7f19092c8000-7f190936b000 r--p 00c98000 00:40 104                        /usr/lib/jvm/java-8-openjdk-amd64/jre/lib/amd64/server/libjvm.so
7f190936b000-7f1909394000 rw-p 00d3b000 00:40 104                        /usr/lib/jvm/java-8-openjdk-amd64/jre/lib/amd64/server/libjvm.so
7f1909394000-7f19093c5000 rw-p 00000000 00:00 0 
7f19093c5000-7f1909566000 r-xp 00000000 00:40 34                         /lib/x86_64-linux-gnu/libc-2.19.so
7f1909566000-7f1909766000 ---p 001a1000 00:40 34                         /lib/x86_64-linux-gnu/libc-2.19.so
7f1909766000-7f190976a000 r--p 001a1000 00:40 34                         /lib/x86_64-linux-gnu/libc-2.19.so
7f190976a000-7f190976c000 rw-p 001a5000 00:40 34                         /lib/x86_64-linux-gnu/libc-2.19.so
7f190976c000-7f1909770000 rw-p 00000000 00:00 0 
7f1909770000-7f1909773000 r-xp 00000000 00:40 71                         /lib/x86_64-linux-gnu/libdl-2.19.so
7f1909773000-7f1909972000 ---p 00003000 00:40 71                         /lib/x86_64-linux-gnu/libdl-2.19.so
7f1909972000-7f1909973000 r--p 00002000 00:40 71                         /lib/x86_64-linux-gnu/libdl-2.19.so
7f1909973000-7f1909974000 rw-p 00003000 00:40 71                         /lib/x86_64-linux-gnu/libdl-2.19.so
7f1909974000-7f1909982000 r-xp 00000000 00:40 98                         /usr/lib/jvm/java-8-openjdk-amd64/jre/lib/amd64/jli/libjli.so
7f1909982000-7f1909b81000 ---p 0000e000 00:40 98                         /usr/lib/jvm/java-8-openjdk-amd64/jre/lib/amd64/jli/libjli.so
7f1909b81000-7f1909b82000 r--p 0000d000 00:40 98                         /usr/lib/jvm/java-8-openjdk-amd64/jre/lib/amd64/jli/libjli.so
7f1909b82000-7f1909b83000 rw-p 0000e000 00:40 98                         /usr/lib/jvm/java-8-openjdk-amd64/jre/lib/amd64/jli/libjli.so
7f1909b83000-7f1909b9d000 r-xp 00000000 00:40 97                         /lib/x86_64-linux-gnu/libz.so.1.2.8
7f1909b9d000-7f1909d9c000 ---p 0001a000 00:40 97                         /lib/x86_64-linux-gnu/libz.so.1.2.8
7f1909d9c000-7f1909d9d000 r--p 00019000 00:40 97                         /lib/x86_64-linux-gnu/libz.so.1.2.8
7f1909d9d000-7f1909d9e000 rw-p 0001a000 00:40 97                         /lib/x86_64-linux-gnu/libz.so.1.2.8
7f1909d9e000-7f1909db6000 r-xp 00000000 00:40 95                         /lib/x86_64-linux-gnu/libpthread-2.19.so
7f1909db6000-7f1909fb5000 ---p 00018000 00:40 95                         /lib/x86_64-linux-gnu/libpthread-2.19.so
7f1909fb5000-7f1909fb6000 r--p 00017000 00:40 95                         /lib/x86_64-linux-gnu/libpthread-2.19.so
7f1909fb6000-7f1909fb7000 rw-p 00018000 00:40 95                         /lib/x86_64-linux-gnu/libpthread-2.19.so
7f1909fb7000-7f1909fbb000 rw-p 00000000 00:00 0 
7f1909fbb000-7f1909fdb000 r-xp 00000000 00:40 31                         /lib/x86_64-linux-gnu/ld-2.19.so
7f1909fdb000-7f1909fdd000 r--s 00001000 00:40 136                        /usr/lib/jvm/java-8-openjdk-amd64/jre/lib/ext/dnsns.jar
7f1909fdd000-7f1909fe2000 r--s 0003b000 00:40 133                        /usr/lib/jvm/java-8-openjdk-amd64/jre/lib/ext/sunjce_provider.jar
7f1909fe2000-7f1909fe4000 r--s 00008000 00:40 132                        /usr/lib/jvm/java-8-openjdk-amd64/jre/lib/ext/sunec.jar
7f1909fe4000-7f1909fe5000 r--s 00010000 00:40 130                        /usr/lib/jvm/java-8-openjdk-amd64/jre/lib/ext/zipfs.jar
7f1909fe5000-7f1909fe8000 r--s 0000f000 00:40 129                        /usr/lib/jvm/java-8-openjdk-amd64/jre/lib/ext/icedtea-sound.jar
7f1909fe8000-7f1909fea000 r--s 00006000 00:40 139                        /usr/share/java/java-atk-wrapper.jar
7f1909fea000-7f1909ff4000 r--s 00116000 00:40 127                        /usr/lib/jvm/java-8-openjdk-amd64/jre/lib/ext/localedata.jar
7f1909ff4000-7f190a01a000 r--p 00000000 00:40 59                         /usr/lib/locale/C.UTF-8/LC_CTYPE
7f190a01a000-7f190a01b000 r--p 00000000 00:40 58                         /usr/lib/locale/C.UTF-8/LC_NUMERIC
7f190a01b000-7f190a01c000 r--p 00000000 00:40 57                         /usr/lib/locale/C.UTF-8/LC_TIME
7f190a01c000-7f190a01d000 r--p 00000000 00:40 55                         /usr/lib/locale/C.UTF-8/LC_MONETARY
7f190a01d000-7f190a01e000 r--p 00000000 00:40 54                         /usr/lib/locale/C.UTF-8/LC_MESSAGES/SYS_LC_MESSAGES
7f190a01e000-7f190a01f000 r--p 00000000 00:40 52                         /usr/lib/locale/C.UTF-8/LC_PAPER
7f190a01f000-7f190a020000 r--p 00000000 00:40 51                         /usr/lib/locale/C.UTF-8/LC_NAME
7f190a020000-7f190a027000 r--s 00000000 00:40 47                         /usr/lib/x86_64-linux-gnu/gconv/gconv-modules.cache
7f190a027000-7f190a0c5000 rw-p 00000000 00:00 0 
7f190a0c5000-7f190a0cd000 rw-s 00000000 00:40 29952                      /tmp/hsperfdata_root/423
7f190a0cd000-7f190a0d0000 ---p 00000000 00:00 0 
7f190a0d0000-7f190a1d3000 rw-p 00000000 00:00 0                          [stack:7756]
7f190a1d3000-7f190a1d4000 r--p 00000000 00:40 50                         /usr/lib/locale/C.UTF-8/LC_ADDRESS
7f190a1d4000-7f190a1d5000 r--p 00000000 00:40 49                         /usr/lib/locale/C.UTF-8/LC_TELEPHONE
7f190a1d5000-7f190a1d6000 r--p 00000000 00:40 48                         /usr/lib/locale/C.UTF-8/LC_MEASUREMENT
7f190a1d6000-7f190a1d7000 r--p 00000000 00:40 44                         /usr/lib/locale/C.UTF-8/LC_IDENTIFICATION
7f190a1d7000-7f190a1d8000 rw-p 00000000 00:00 0 
7f190a1d8000-7f190a1d9000 ---p 00000000 00:00 0 
7f190a1d9000-7f190a1db000 rw-p 00000000 00:00 0 
7f190a1db000-7f190a1dc000 r--p 00020000 00:40 31                         /lib/x86_64-linux-gnu/ld-2.19.so
7f190a1dc000-7f190a1dd000 rw-p 00021000 00:40 31                         /lib/x86_64-linux-gnu/ld-2.19.so
7f190a1dd000-7f190a1de000 rw-p 00000000 00:00 0 
7ffd7fc6e000-7ffd7fc8f000 rw-p 00000000 00:00 0                          [stack]
7ffd7fcc0000-7ffd7fcc2000 r-xp 00000000 00:00 0                          [vdso]
7ffd7fcc2000-7ffd7fcc4000 r--p 00000000 00:00 0                          [vvar]
ffffffffff600000-ffffffffff601000 r-xp 00000000 00:00 0                  [vsyscall]

VM Arguments:
jvm_args: -javaagent:/root/./workspace/INRIA/spoon/281427911/.m2/org/jacoco/org.jacoco.agent/0.7.5.201505241946/org.jacoco.agent-0.7.5.201505241946-runtime.jar=destfile=/root/workspace/INRIA/spoon/281427911/target/jacoco.exec 
java_command: org.apache.maven.surefire.booter.ForkedBooter /root/workspace/INRIA/spoon/281427911/target/surefire/surefire6199923547380629951tmp /root/workspace/INRIA/spoon/281427911/target/surefire/surefire_02280792556078034314tmp
java_class_path (initial): /root/./workspace/INRIA/spoon/281427911/.m2/org/apache/maven/surefire/surefire-booter/2.19.1/surefire-booter-2.19.1.jar:/root/./workspace/INRIA/spoon/281427911/.m2/org/apache/maven/surefire/surefire-api/2.19.1/surefire-api-2.19.1.jar:/root/workspace/INRIA/spoon/281427911/target/test-classes:/root/workspace/INRIA/spoon/281427911/target/classes:/root/./workspace/INRIA/spoon/281427911/.m2/org/eclipse/tycho/org.eclipse.jdt.core/3.13.0.v20170516-1929/org.eclipse.jdt.core-3.13.0.v20170516-1929.jar:/root/./workspace/INRIA/spoon/281427911/.m2/junit/junit/4.11/junit-4.11.jar:/root/./workspace/INRIA/spoon/281427911/.m2/org/hamcrest/hamcrest-core/1.3/hamcrest-core-1.3.jar:/root/./workspace/INRIA/spoon/281427911/.m2/com/github/stefanbirkner/system-rules/1.9.0/system-rules-1.9.0.jar:/root/./workspace/INRIA/spoon/281427911/.m2/org/mockito/mockito-all/2.0.2-beta/mockito-all-2.0.2-beta.jar:/root/./workspace/INRIA/spoon/281427911/.m2/com/martiansoftware/jsap/2.1/jsap-2.1.jar:/root/./workspace/INRIA/spoon/281427911/.m2/log4j/log4j/1.2.17/log4j-1.2.17.jar:/root/./workspace/INRIA/spoon/281427911/.m2/commons-io/commons-io/2.5/commons-io-2.5.jar:/root/./workspace/INRIA/spoon/281427911/.m2/org/apache/maven/maven-model/3.5.0/maven-model-3.5.0.jar:/root/./workspace/INRIA/spoon/281427911/.m2/org/codehaus/plexus/plexus-utils/3.0.24/plexus-utils-3.0.24.jar:/root/./workspace/INRIA/spoon/281427911/.m2/org/apache/commons/commons-lang3/3.5/commons-lang3-3.5.jar:/root/./workspace/INRIA/spoon/281427911/.m2/org/apache/maven/surefire/surefire-junit4/2.19.1/surefire-junit4-2.19.1.jar:/root/./workspace/INRIA/spoon/281427911/.m2/org/jacoco/org.jacoco.agent/0.7.5.201505241946/org.jacoco.agent-0.7.5.201505241946-runtime.jar
Launcher Type: SUN_STANDARD

Environment Variables:
JAVA_HOME=/usr/lib/jvm/java-8-openjdk-amd64
CLASSPATH=/root/./workspace/INRIA/spoon/281427911/.m2/org/apache/maven/surefire/surefire-booter/2.19.1/surefire-booter-2.19.1.jar:/root/./workspace/INRIA/spoon/281427911/.m2/org/apache/maven/surefire/surefire-api/2.19.1/surefire-api-2.19.1.jar:/root/workspace/INRIA/spoon/281427911/target/test-classes:/root/workspace/INRIA/spoon/281427911/target/classes:/root/./workspace/INRIA/spoon/281427911/.m2/org/eclipse/tycho/org.eclipse.jdt.core/3.13.0.v20170516-1929/org.eclipse.jdt.core-3.13.0.v20170516-1929.jar:/root/./workspace/INRIA/spoon/281427911/.m2/junit/junit/4.11/junit-4.11.jar:/root/./workspace/INRIA/spoon/281427911/.m2/org/hamcrest/hamcrest-core/1.3/hamcrest-core-1.3.jar:/root/./workspace/INRIA/spoon/281427911/.m2/com/github/stefanbirkner/system-rules/1.9.0/system-rules-1.9.0.jar:/root/./workspace/INRIA/spoon/281427911/.m2/org/mockito/mockito-all/2.0.2-beta/mockito-all-2.0.2-beta.jar:/root/./workspace/INRIA/spoon/281427911/.m2/com/martiansoftware/jsap/2.1/jsap-2.1.jar:/root/./workspace/INRIA/spoon/281427911/.m2/log4j/log4j/1.2.17/log4j-1.2.17.jar:/root/./workspace/INRIA/spoon/281427911/.m2/commons-io/commons-io/2.5/commons-io-2.5.jar:/root/./workspace/INRIA/spoon/281427911/.m2/org/apache/maven/maven-model/3.5.0/maven-model-3.5.0.jar:/root/./workspace/INRIA/spoon/281427911/.m2/org/codehaus/plexus/plexus-utils/3.0.24/plexus-utils-3.0.24.jar:/root/./workspace/INRIA/spoon/281427911/.m2/org/apache/commons/commons-lang3/3.5/commons-lang3-3.5.jar:/root/./workspace/INRIA/spoon/281427911/.m2/org/apache/maven/surefire/surefire-junit4/2.19.1/surefire-junit4-2.19.1.jar
PATH=/usr/local/sbin:/usr/local/bin:/usr/sbin:/usr/bin:/sbin:/bin

Signal Handlers:
SIGSEGV: [libjvm.so+0xa97af0], sa_mask[0]=11111111011111111101111111111110, sa_flags=SA_RESTART|SA_SIGINFO
SIGBUS: [libjvm.so+0xa97af0], sa_mask[0]=11111111011111111101111111111110, sa_flags=SA_RESTART|SA_SIGINFO
SIGFPE: [libjvm.so+0x8de430], sa_mask[0]=11111111011111111101111111111110, sa_flags=SA_RESTART|SA_SIGINFO
SIGPIPE: [libjvm.so+0x8de430], sa_mask[0]=11111111011111111101111111111110, sa_flags=SA_RESTART|SA_SIGINFO
SIGXFSZ: [libjvm.so+0x8de430], sa_mask[0]=11111111011111111101111111111110, sa_flags=SA_RESTART|SA_SIGINFO
SIGILL: [libjvm.so+0x8de430], sa_mask[0]=11111111011111111101111111111110, sa_flags=SA_RESTART|SA_SIGINFO
SIGUSR1: SIG_DFL, sa_mask[0]=00000000000000000000000000000000, sa_flags=none
SIGUSR2: [libjvm.so+0x8de2e0], sa_mask[0]=00100000000000000000000000000000, sa_flags=SA_RESTART|SA_SIGINFO
SIGHUP: [libjvm.so+0x8de500], sa_mask[0]=11111111011111111101111111111110, sa_flags=SA_RESTART|SA_SIGINFO
SIGINT: [libjvm.so+0x8de500], sa_mask[0]=11111111011111111101111111111110, sa_flags=SA_RESTART|SA_SIGINFO
SIGTERM: [libjvm.so+0x8de500], sa_mask[0]=11111111011111111101111111111110, sa_flags=SA_RESTART|SA_SIGINFO
SIGQUIT: [libjvm.so+0x8de500], sa_mask[0]=11111111011111111101111111111110, sa_flags=SA_RESTART|SA_SIGINFO


---------------  S Y S T E M  ---------------

OS:PRETTY_NAME="Debian GNU/Linux 8 (jessie)"
NAME="Debian GNU/Linux"
VERSION_ID="8"
VERSION="8 (jessie)"
ID=debian
HOME_URL="http://www.debian.org/"
SUPPORT_URL="http://www.debian.org/support"
BUG_REPORT_URL="https://bugs.debian.org/"

uname:Linux 3.16.0-4-amd64 #1 SMP Debian 3.16.43-2+deb8u2 (2017-06-26) x86_64
libc:glibc 2.19 NPTL 2.19 
rlimit: STACK 8192k, CORE infinity, NPROC infinity, NOFILE 1048576, AS infinity
load average:10.24 9.28 6.14

/proc/meminfo:
MemTotal:       33018848 kB
MemFree:          235268 kB
MemAvailable:     376992 kB
Buffers:            4284 kB
Cached:           160032 kB
SwapCached:        12976 kB
Active:         29803036 kB
Inactive:        2342752 kB
Active(anon):   29731228 kB
Inactive(anon):  2298968 kB
Active(file):      71808 kB
Inactive(file):    43784 kB
Unevictable:           0 kB
Mlocked:               0 kB
SwapTotal:      10484732 kB
SwapFree:              0 kB
Dirty:              4268 kB
Writeback:             0 kB
AnonPages:      31969364 kB
Mapped:            68284 kB
Shmem:             48040 kB
Slab:             373768 kB
SReclaimable:     252872 kB
SUnreclaim:       120896 kB
KernelStack:       53952 kB
PageTables:       111688 kB
NFS_Unstable:          0 kB
Bounce:                0 kB
WritebackTmp:          0 kB
CommitLimit:    26994156 kB
Committed_AS:   65097836 kB
VmallocTotal:   34359738367 kB
VmallocUsed:      202792 kB
VmallocChunk:   34359474424 kB
HardwareCorrupted:     0 kB
AnonHugePages:         0 kB
HugePages_Total:       0
HugePages_Free:        0
HugePages_Rsvd:        0
HugePages_Surp:        0
Hugepagesize:       2048 kB
DirectMap4k:       67456 kB
DirectMap2M:    33486848 kB


CPU:total 8 (1 cores per cpu, 1 threads per core) family 6 model 45 stepping 7, cmov, cx8, fxsr, mmx, sse, sse2, sse3, ssse3, sse4.1, sse4.2, popcnt, avx, aes, clmul, tsc, tscinvbit, tscinv

/proc/cpuinfo:
processor	: 0
vendor_id	: GenuineIntel
cpu family	: 6
model		: 45
model name	: Intel(R) Xeon(R) CPU E5-2650L 0 @ 1.80GHz
stepping	: 7
microcode	: 0x710
cpu MHz		: 1800.000
cache size	: 20480 KB
physical id	: 0
siblings	: 1
core id		: 0
cpu cores	: 1
apicid		: 0
initial apicid	: 0
fpu		: yes
fpu_exception	: yes
cpuid level	: 13
wp		: yes
flags		: fpu vme de pse tsc msr pae mce cx8 apic sep mtrr pge mca cmov pat pse36 clflush dts mmx fxsr sse sse2 ss syscall nx rdtscp lm constant_tsc arch_perfmon pebs bts nopl xtopology tsc_reliable nonstop_tsc aperfmperf pni pclmulqdq ssse3 cx16 pcid sse4_1 sse4_2 x2apic popcnt tsc_deadline_timer aes xsave avx hypervisor lahf_lm ida arat pln pts dtherm tsc_adjust
bogomips	: 3600.00
clflush size	: 64
cache_alignment	: 64
address sizes	: 42 bits physical, 48 bits virtual
power management:

processor	: 1
vendor_id	: GenuineIntel
cpu family	: 6
model		: 45
model name	: Intel(R) Xeon(R) CPU E5-2650L 0 @ 1.80GHz
stepping	: 7
microcode	: 0x710
cpu MHz		: 1800.000
cache size	: 20480 KB
physical id	: 2
siblings	: 1
core id		: 0
cpu cores	: 1
apicid		: 2
initial apicid	: 2
fpu		: yes
fpu_exception	: yes
cpuid level	: 13
wp		: yes
flags		: fpu vme de pse tsc msr pae mce cx8 apic sep mtrr pge mca cmov pat pse36 clflush dts mmx fxsr sse sse2 ss syscall nx rdtscp lm constant_tsc arch_perfmon pebs bts nopl xtopology tsc_reliable nonstop_tsc aperfmperf pni pclmulqdq ssse3 cx16 pcid sse4_1 sse4_2 x2apic popcnt tsc_deadline_timer aes xsave avx hypervisor lahf_lm ida arat pln pts dtherm tsc_adjust
bogomips	: 3600.00
clflush size	: 64
cache_alignment	: 64
address sizes	: 42 bits physical, 48 bits virtual
power management:

processor	: 2
vendor_id	: GenuineIntel
cpu family	: 6
model		: 45
model name	: Intel(R) Xeon(R) CPU E5-2650L 0 @ 1.80GHz
stepping	: 7
microcode	: 0x710
cpu MHz		: 1800.000
cache size	: 20480 KB
physical id	: 4
siblings	: 1
core id		: 0
cpu cores	: 1
apicid		: 4
initial apicid	: 4
fpu		: yes
fpu_exception	: yes
cpuid level	: 13
wp		: yes
flags		: fpu vme de pse tsc msr pae mce cx8 apic sep mtrr pge mca cmov pat pse36 clflush dts mmx fxsr sse sse2 ss syscall nx rdtscp lm constant_tsc arch_perfmon pebs bts nopl xtopology tsc_reliable nonstop_tsc aperfmperf pni pclmulqdq ssse3 cx16 pcid sse4_1 sse4_2 x2apic popcnt tsc_deadline_timer aes xsave avx hypervisor lahf_lm ida arat pln pts dtherm tsc_adjust
bogomips	: 3600.00
clflush size	: 64
cache_alignment	: 64
address sizes	: 42 bits physical, 48 bits virtual
power management:

processor	: 3
vendor_id	: GenuineIntel
cpu family	: 6
model		: 45
model name	: Intel(R) Xeon(R) CPU E5-2650L 0 @ 1.80GHz
stepping	: 7
microcode	: 0x710
cpu MHz		: 1800.000
cache size	: 20480 KB
physical id	: 6
siblings	: 1
core id		: 0
cpu cores	: 1
apicid		: 6
initial apicid	: 6
fpu		: yes
fpu_exception	: yes
cpuid level	: 13
wp		: yes
flags		: fpu vme de pse tsc msr pae mce cx8 apic sep mtrr pge mca cmov pat pse36 clflush dts mmx fxsr sse sse2 ss syscall nx rdtscp lm constant_tsc arch_perfmon pebs bts nopl xtopology tsc_reliable nonstop_tsc aperfmperf pni pclmulqdq ssse3 cx16 pcid sse4_1 sse4_2 x2apic popcnt tsc_deadline_timer aes xsave avx hypervisor lahf_lm ida arat pln pts dtherm tsc_adjust
bogomips	: 3600.00
clflush size	: 64
cache_alignment	: 64
address sizes	: 42 bits physical, 48 bits virtual
power management:

processor	: 4
vendor_id	: GenuineIntel
cpu family	: 6
model		: 45
model name	: Intel(R) Xeon(R) CPU E5-2650L 0 @ 1.80GHz
stepping	: 7
microcode	: 0x710
cpu MHz		: 1800.000
cache size	: 20480 KB
physical id	: 8
siblings	: 1
core id		: 0
cpu cores	: 1
apicid		: 8
initial apicid	: 8
fpu		: yes
fpu_exception	: yes
cpuid level	: 13
wp		: yes
flags		: fpu vme de pse tsc msr pae mce cx8 apic sep mtrr pge mca cmov pat pse36 clflush dts mmx fxsr sse sse2 ss syscall nx rdtscp lm constant_tsc arch_perfmon pebs bts nopl xtopology tsc_reliable nonstop_tsc aperfmperf pni pclmulqdq ssse3 cx16 pcid sse4_1 sse4_2 x2apic popcnt tsc_deadline_timer aes xsave avx hypervisor lahf_lm ida arat pln pts dtherm tsc_adjust
bogomips	: 3600.00
clflush size	: 64
cache_alignment	: 64
address sizes	: 42 bits physical, 48 bits virtual
power management:

processor	: 5
vendor_id	: GenuineIntel
cpu family	: 6
model		: 45
model name	: Intel(R) Xeon(R) CPU E5-2650L 0 @ 1.80GHz
stepping	: 7
microcode	: 0x710
cpu MHz		: 1800.000
cache size	: 20480 KB
physical id	: 10
siblings	: 1
core id		: 0
cpu cores	: 1
apicid		: 10
initial apicid	: 10
fpu		: yes
fpu_exception	: yes
cpuid level	: 13
wp		: yes
flags		: fpu vme de pse tsc msr pae mce cx8 apic sep mtrr pge mca cmov pat pse36 clflush dts mmx fxsr sse sse2 ss syscall nx rdtscp lm constant_tsc arch_perfmon pebs bts nopl xtopology tsc_reliable nonstop_tsc aperfmperf pni pclmulqdq ssse3 cx16 pcid sse4_1 sse4_2 x2apic popcnt tsc_deadline_timer aes xsave avx hypervisor lahf_lm ida arat pln pts dtherm tsc_adjust
bogomips	: 3600.00
clflush size	: 64
cache_alignment	: 64
address sizes	: 42 bits physical, 48 bits virtual
power management:

processor	: 6
vendor_id	: GenuineIntel
cpu family	: 6
model		: 45
model name	: Intel(R) Xeon(R) CPU E5-2650L 0 @ 1.80GHz
stepping	: 7
microcode	: 0x710
cpu MHz		: 1800.000
cache size	: 20480 KB
physical id	: 12
siblings	: 1
core id		: 0
cpu cores	: 1
apicid		: 12
initial apicid	: 12
fpu		: yes
fpu_exception	: yes
cpuid level	: 13
wp		: yes
flags		: fpu vme de pse tsc msr pae mce cx8 apic sep mtrr pge mca cmov pat pse36 clflush dts mmx fxsr sse sse2 ss syscall nx rdtscp lm constant_tsc arch_perfmon pebs bts nopl xtopology tsc_reliable nonstop_tsc aperfmperf pni pclmulqdq ssse3 cx16 pcid sse4_1 sse4_2 x2apic popcnt tsc_deadline_timer aes xsave avx hypervisor lahf_lm ida arat pln pts dtherm tsc_adjust
bogomips	: 3600.00
clflush size	: 64
cache_alignment	: 64
address sizes	: 42 bits physical, 48 bits virtual
power management:

processor	: 7
vendor_id	: GenuineIntel
cpu family	: 6
model		: 45
model name	: Intel(R) Xeon(R) CPU E5-2650L 0 @ 1.80GHz
stepping	: 7
microcode	: 0x710
cpu MHz		: 1800.000
cache size	: 20480 KB
physical id	: 14
siblings	: 1
core id		: 0
cpu cores	: 1
apicid		: 14
initial apicid	: 14
fpu		: yes
fpu_exception	: yes
cpuid level	: 13
wp		: yes
flags		: fpu vme de pse tsc msr pae mce cx8 apic sep mtrr pge mca cmov pat pse36 clflush dts mmx fxsr sse sse2 ss syscall nx rdtscp lm constant_tsc arch_perfmon pebs bts nopl xtopology tsc_reliable nonstop_tsc aperfmperf pni pclmulqdq ssse3 cx16 pcid sse4_1 sse4_2 x2apic popcnt tsc_deadline_timer aes xsave avx hypervisor lahf_lm ida arat pln pts dtherm tsc_adjust
bogomips	: 3600.00
clflush size	: 64
cache_alignment	: 64
address sizes	: 42 bits physical, 48 bits virtual
power management:



Memory: 4k page, physical 33018848k(235268k free), swap 10484732k(0k free)

vm_info: OpenJDK 64-Bit Server VM (25.121-b13) for linux-amd64 JRE (1.8.0_121-8u121-b13-1~bpo8+1-b13), built on Jan 24 2017 09:37:46 by "pbuilder" with gcc 4.9.2

time: Fri Sep 29 20:18:36 2017
elapsed time: 34 seconds (0d 0h 0m 34s)

