2018-03-09 11:08:12  INFO [main] (PropertyLoader.java:46) - Start reading list of schemes...
2018-03-09 11:08:12  INFO [main] (PropertyLoader.java:70) - Finish reading list of schemes

2018-03-09 11:08:12  INFO [main] (PropertyLoader.java:83) - Start reading list of group types...
2018-03-09 11:08:12  INFO [main] (PropertyLoader.java:103) - Finish reading list of group types

2018-03-09 11:08:12  INFO [main] (SearchRuleBuildersFactory.java:33) - Start creating map with builders...
2018-03-09 11:08:12  INFO [main] (SearchRuleBuildersFactory.java:51) - Finish creating map with builders

2018-03-09 11:08:13  INFO [main] (PageObjectsGenerator.java:116) - Start creating list of RawSearchRules...
2018-03-09 11:08:13  INFO [main] (PageObjectsGenerator.java:118) - Finish creating list of RawSearchRules

2018-03-09 11:08:13  INFO [main] (PageObjectsGenerator.java:139) - Start validation RawSearchRules with using Json Schema...
2018-03-09 11:08:13  INFO [main] (PageObjectsGenerator.java:141) - Finish validation

2018-03-09 11:08:13  INFO [main] (PageObjectsGenerator.java:131) - Start transforming RawSearchRules in SearchRules...
2018-03-09 11:08:13  INFO [main] (PageObjectsGenerator.java:134) - Finish transforming RawSearchRules in SearchRules

2018-03-09 11:08:13  INFO [main] (PageObjectsGenerator.java:123) - Start Json validation...

2018-03-09 11:08:13  INFO [main] (JsonValidators.java:52) - DuplicateTitleInnerSearchRuleValidator starts validation...
2018-03-09 11:08:13  INFO [main] (JsonValidators.java:56) - DuplicateTitleInnerSearchRuleValidator finished validation

2018-03-09 11:08:13  INFO [main] (JsonValidators.java:52) - RootExistenceValidator starts validation...
2018-03-09 11:08:13  INFO [main] (JsonValidators.java:56) - RootExistenceValidator finished validation

2018-03-09 11:08:13  INFO [main] (JsonValidators.java:52) - TitleOfComplexElementValidator starts validation...
2018-03-09 11:08:13  INFO [main] (JsonValidators.java:56) - TitleOfComplexElementValidator finished validation

2018-03-09 11:08:13  INFO [main] (PageObjectsGenerator.java:125) - Finish Json validation

2018-03-09 11:08:13  INFO [main] (PageObjectsGenerator.java:147) - Start creating web pages...
2018-03-09 11:08:13  INFO [main] (PageObjectsGenerator.java:149) - Finish creating web pages

2018-03-09 11:08:13  INFO [main] (PageObjectsGenerator.java:167) - Start creating JavaClassBuildables...
2018-03-09 11:08:13  INFO [main] (PageObjectsGenerator.java:181) - Finish creating JavaClassBuildables

2018-03-09 11:08:13  INFO [main] (PageObjectsGenerator.java:157) - Start creating JavaClasses...
2018-03-09 11:08:13  INFO [main] (PageObjectsGenerator.java:161) - Finish creating JavaClasses

2018-03-09 11:08:13  INFO [main] (PageObjectsGenerator.java:110) - Start generating JavaClasses...
2018-03-09 11:08:13  INFO [main] (PageObjectsGenerator.java:112) - Finish generating JavaClasses
2018-03-09 11:08:13  INFO [main] (PropertyLoader.java:46) - Start reading list of schemes...
2018-03-09 11:08:13  INFO [main] (PropertyLoader.java:70) - Finish reading list of schemes

2018-03-09 11:08:13  INFO [main] (PropertyLoader.java:83) - Start reading list of group types...
2018-03-09 11:08:13  INFO [main] (PropertyLoader.java:103) - Finish reading list of group types

2018-03-09 11:08:13  INFO [main] (SearchRuleBuildersFactory.java:33) - Start creating map with builders...
2018-03-09 11:08:13  INFO [main] (SearchRuleBuildersFactory.java:51) - Finish creating map with builders

2018-03-09 11:08:13  INFO [main] (PageObjectsGenerator.java:116) - Start creating list of RawSearchRules...
2018-03-09 11:08:13  INFO [main] (PageObjectsGenerator.java:118) - Finish creating list of RawSearchRules

2018-03-09 11:08:13  INFO [main] (PageObjectsGenerator.java:139) - Start validation RawSearchRules with using Json Schema...
2018-03-09 11:08:13  INFO [main] (PageObjectsGenerator.java:141) - Finish validation

2018-03-09 11:08:13  INFO [main] (PageObjectsGenerator.java:131) - Start transforming RawSearchRules in SearchRules...
2018-03-09 11:08:13  INFO [main] (PageObjectsGenerator.java:134) - Finish transforming RawSearchRules in SearchRules

2018-03-09 11:08:13  INFO [main] (PageObjectsGenerator.java:123) - Start Json validation...

2018-03-09 11:08:13  INFO [main] (JsonValidators.java:52) - DuplicateTitleInnerSearchRuleValidator starts validation...
2018-03-09 11:08:13  INFO [main] (JsonValidators.java:56) - DuplicateTitleInnerSearchRuleValidator finished validation

2018-03-09 11:08:13  INFO [main] (JsonValidators.java:52) - RootExistenceValidator starts validation...
2018-03-09 11:08:13  INFO [main] (JsonValidators.java:56) - RootExistenceValidator finished validation

2018-03-09 11:08:13  INFO [main] (JsonValidators.java:52) - TitleOfComplexElementValidator starts validation...
2018-03-09 11:08:13  INFO [main] (JsonValidators.java:56) - TitleOfComplexElementValidator finished validation

2018-03-09 11:08:13  INFO [main] (PageObjectsGenerator.java:125) - Finish Json validation

2018-03-09 11:08:13  INFO [main] (PageObjectsGenerator.java:147) - Start creating web pages...
2018-03-09 11:08:13  INFO [main] (PageObjectsGenerator.java:149) - Finish creating web pages

2018-03-09 11:08:13  INFO [main] (PageObjectsGenerator.java:167) - Start creating JavaClassBuildables...
2018-03-09 11:08:13  INFO [main] (PageObjectsGenerator.java:181) - Finish creating JavaClassBuildables

2018-03-09 11:08:13  INFO [main] (PageObjectsGenerator.java:157) - Start creating JavaClasses...
2018-03-09 11:08:13  INFO [main] (PageObjectsGenerator.java:161) - Finish creating JavaClasses

2018-03-09 11:08:13  INFO [main] (PageObjectsGenerator.java:110) - Start generating JavaClasses...
2018-03-09 11:08:13  INFO [main] (PageObjectsGenerator.java:112) - Finish generating JavaClasses
2018-03-09 11:08:13  INFO [main] (PropertyLoader.java:46) - Start reading list of schemes...
2018-03-09 11:08:13  INFO [main] (PropertyLoader.java:70) - Finish reading list of schemes

2018-03-09 11:08:13  INFO [main] (PropertyLoader.java:83) - Start reading list of group types...
2018-03-09 11:08:13  INFO [main] (PropertyLoader.java:103) - Finish reading list of group types

2018-03-09 11:08:13  INFO [main] (SearchRuleBuildersFactory.java:33) - Start creating map with builders...
2018-03-09 11:08:13  INFO [main] (SearchRuleBuildersFactory.java:51) - Finish creating map with builders

2018-03-09 11:08:13  INFO [main] (PageObjectsGenerator.java:116) - Start creating list of RawSearchRules...
2018-03-09 11:08:13  INFO [main] (PageObjectsGenerator.java:118) - Finish creating list of RawSearchRules

2018-03-09 11:08:13  INFO [main] (PageObjectsGenerator.java:139) - Start validation RawSearchRules with using Json Schema...
2018-03-09 11:08:13  INFO [main] (PageObjectsGenerator.java:141) - Finish validation

2018-03-09 11:08:13  INFO [main] (PageObjectsGenerator.java:131) - Start transforming RawSearchRules in SearchRules...
2018-03-09 11:08:13  INFO [main] (PageObjectsGenerator.java:134) - Finish transforming RawSearchRules in SearchRules

2018-03-09 11:08:13  INFO [main] (PageObjectsGenerator.java:123) - Start Json validation...

2018-03-09 11:08:13  INFO [main] (JsonValidators.java:52) - DuplicateTitleInnerSearchRuleValidator starts validation...
2018-03-09 11:08:13  INFO [main] (JsonValidators.java:56) - DuplicateTitleInnerSearchRuleValidator finished validation

2018-03-09 11:08:13  INFO [main] (JsonValidators.java:52) - RootExistenceValidator starts validation...
2018-03-09 11:08:13  INFO [main] (JsonValidators.java:56) - RootExistenceValidator finished validation

2018-03-09 11:08:13  INFO [main] (JsonValidators.java:52) - TitleOfComplexElementValidator starts validation...
2018-03-09 11:08:13  INFO [main] (JsonValidators.java:56) - TitleOfComplexElementValidator finished validation

2018-03-09 11:08:13  INFO [main] (PageObjectsGenerator.java:125) - Finish Json validation

2018-03-09 11:08:13  INFO [main] (PageObjectsGenerator.java:147) - Start creating web pages...
2018-03-09 11:08:13  INFO [main] (PageObjectsGenerator.java:149) - Finish creating web pages

2018-03-09 11:08:13  INFO [main] (PageObjectsGenerator.java:167) - Start creating JavaClassBuildables...
2018-03-09 11:08:13  INFO [main] (PageObjectsGenerator.java:181) - Finish creating JavaClassBuildables

2018-03-09 11:08:13  INFO [main] (PageObjectsGenerator.java:157) - Start creating JavaClasses...
2018-03-09 11:08:13  INFO [main] (PageObjectsGenerator.java:161) - Finish creating JavaClasses

2018-03-09 11:08:13  INFO [main] (PageObjectsGenerator.java:110) - Start generating JavaClasses...
2018-03-09 11:08:13  INFO [main] (PageObjectsGenerator.java:112) - Finish generating JavaClasses
2018-03-09 11:08:13  INFO [main] (PropertyLoader.java:46) - Start reading list of schemes...
2018-03-09 11:08:13  INFO [main] (PropertyLoader.java:70) - Finish reading list of schemes

2018-03-09 11:08:13  INFO [main] (PropertyLoader.java:83) - Start reading list of group types...
2018-03-09 11:08:13  INFO [main] (PropertyLoader.java:103) - Finish reading list of group types

2018-03-09 11:08:13  INFO [main] (PropertyLoader.java:46) - Start reading list of schemes...
2018-03-09 11:08:13  INFO [main] (PropertyLoader.java:70) - Finish reading list of schemes

2018-03-09 11:08:13  INFO [main] (PropertyLoader.java:83) - Start reading list of group types...
2018-03-09 11:08:13  INFO [main] (PropertyLoader.java:103) - Finish reading list of group types

2018-03-09 11:08:13  INFO [main] (SearchRuleBuildersFactory.java:33) - Start creating map with builders...
2018-03-09 11:08:13  INFO [main] (SearchRuleBuildersFactory.java:51) - Finish creating map with builders

2018-03-09 11:08:14  INFO [main] (PropertyLoader.java:46) - Start reading list of schemes...
2018-03-09 11:08:14  INFO [main] (PropertyLoader.java:70) - Finish reading list of schemes

2018-03-09 11:08:14  INFO [main] (PropertyLoader.java:83) - Start reading list of group types...
2018-03-09 11:08:14  INFO [main] (PropertyLoader.java:103) - Finish reading list of group types

2018-03-09 11:08:15  WARN [main] (SearchRuleExtractor.java:66) - Incorrect search rule: {uniqueness='null', title='value', selector={type='xpath', value='//test'}}
2018-03-09 11:08:15  WARN [main] (SearchRuleExtractor.java:66) - Incorrect search rule: {uniqueness='null', title='value', selector={type='xpath', value='//test'}}
2018-03-09 11:08:15  INFO [main] (PropertyLoader.java:83) - Start reading list of group types...
2018-03-09 11:08:15  INFO [main] (PropertyLoader.java:103) - Finish reading list of group types

2018-03-09 11:08:15  INFO [main] (PropertyLoader.java:46) - Start reading list of schemes...
2018-03-09 11:08:15  INFO [main] (PropertyLoader.java:70) - Finish reading list of schemes

2018-03-09 11:08:15  INFO [main] (PropertyLoader.java:46) - Start reading list of schemes...
2018-03-09 11:08:15  INFO [main] (PropertyLoader.java:70) - Finish reading list of schemes

2018-03-09 11:08:15  INFO [main] (PropertyLoader.java:83) - Start reading list of group types...
2018-03-09 11:08:15  INFO [main] (PropertyLoader.java:103) - Finish reading list of group types

2018-03-09 11:08:15  INFO [main] (PropertyLoader.java:46) - Start reading list of schemes...
2018-03-09 11:08:15  INFO [main] (PropertyLoader.java:70) - Finish reading list of schemes

2018-03-09 11:08:15  INFO [main] (PropertyLoader.java:83) - Start reading list of group types...
2018-03-09 11:08:15  INFO [main] (PropertyLoader.java:103) - Finish reading list of group types

2018-03-09 11:08:15  INFO [main] (PropertyLoader.java:46) - Start reading list of schemes...
2018-03-09 11:08:15  INFO [main] (PropertyLoader.java:70) - Finish reading list of schemes

2018-03-09 11:08:15  INFO [main] (PropertyLoader.java:83) - Start reading list of group types...
2018-03-09 11:08:15  INFO [main] (PropertyLoader.java:103) - Finish reading list of group types

2018-03-09 11:08:15  INFO [main] (PropertyLoader.java:46) - Start reading list of schemes...
2018-03-09 11:08:15  INFO [main] (PropertyLoader.java:70) - Finish reading list of schemes

2018-03-09 11:08:15  INFO [main] (PropertyLoader.java:83) - Start reading list of group types...
2018-03-09 11:08:15  INFO [main] (PropertyLoader.java:103) - Finish reading list of group types

2018-03-09 11:08:15  INFO [main] (PropertyLoader.java:46) - Start reading list of schemes...
2018-03-09 11:08:15  INFO [main] (PropertyLoader.java:70) - Finish reading list of schemes

2018-03-09 11:08:15  INFO [main] (PropertyLoader.java:83) - Start reading list of group types...
2018-03-09 11:08:15  INFO [main] (PropertyLoader.java:103) - Finish reading list of group types

2018-03-09 11:08:15  INFO [main] (PropertyLoader.java:46) - Start reading list of schemes...
2018-03-09 11:08:15  INFO [main] (PropertyLoader.java:70) - Finish reading list of schemes

2018-03-09 11:08:15  INFO [main] (PropertyLoader.java:83) - Start reading list of group types...
2018-03-09 11:08:15  INFO [main] (PropertyLoader.java:103) - Finish reading list of group types

2018-03-09 11:08:15  WARN [main] (JsonSchemaValidator.java:43) - SearchRule{{"uniqueness":"text","selector":{"type":"type","value":"input[type=submit]"},"type":"button"}} is invalid:
2018-03-09 11:08:15  WARN [main] (JsonSchemaValidator.java:43) - SearchRule{{"uniqueness":"text","selector":{"type":"type","value":"input[type=submit]"},"type":"selenide_element"}} is invalid:
2018-03-09 11:08:15  WARN [main] (DuplicateTitleInnerSearchRuleValidator.java:29) - Title = 'root' is duplicated!
2018-03-09 11:08:15  WARN [main] (DuplicateTitleInnerSearchRuleValidator.java:30) - Invalid SearchRule{type='DROPDOWN', complexInnerSearchRules=[{uniqueness='text', title='root', selector={type='css', value='.myClass'}}, {uniqueness='text', title='root', selector={type='css', value='.myClass'}}]}

2018-03-09 11:08:15  WARN [main] (DuplicateTitleInnerSearchRuleValidator.java:29) - Title = 'list' is duplicated!
2018-03-09 11:08:15  WARN [main] (DuplicateTitleInnerSearchRuleValidator.java:30) - Invalid SearchRule{type='DROPDOWN', complexInnerSearchRules=[{uniqueness='null', title='list', selector={type='xpath', value='//div'}}, {uniqueness='null', title='list', selector={type='xpath', value='//div'}}]}

2018-03-09 11:08:15  WARN [main] (RootExistenceValidator.java:23) - 'root' title is absent in SearchRule{type='DROPDOWN', complexInnerSearchRules=[{uniqueness='null', title='list', selector={type='xpath', value='//div'}}]}
2018-03-09 11:08:15  WARN [main] (RootExistenceValidator.java:24) - Invalid SearchRule{type='DROPDOWN', complexInnerSearchRules=[{uniqueness='null', title='list', selector={type='xpath', value='//div'}}]}

2018-03-09 11:08:15  WARN [main] (TitleOfComplexElementValidator.java:39) - Title = 'wrongTitle'  is not valid for Type: DROPDOWN
2018-03-09 11:08:15  WARN [main] (TitleOfComplexElementValidator.java:42) - Invalid SearchRule{type='DROPDOWN', complexInnerSearchRules=[{uniqueness='null', title='list', selector=null}, {uniqueness='null', title='wrongTitle', selector=null}]}

2018-03-09 11:08:15  WARN [main] (TitleOfComplexElementValidator.java:39) - Title = 'wrongTitle'  is not valid for Type: DROPDOWN
2018-03-09 11:08:15  WARN [main] (TitleOfComplexElementValidator.java:42) - Invalid SearchRule{type='DROPDOWN', complexInnerSearchRules=[{uniqueness='null', title='wrongTitle', selector=null}]}

2018-03-09 11:08:15  INFO [main] (PropertyLoader.java:46) - Start reading list of schemes...
2018-03-09 11:08:15  INFO [main] (PropertyLoader.java:70) - Finish reading list of schemes

2018-03-09 11:08:15  INFO [main] (PropertyLoader.java:83) - Start reading list of group types...
2018-03-09 11:08:15  INFO [main] (PropertyLoader.java:103) - Finish reading list of group types

2018-03-09 11:08:15  INFO [main] (JsonValidators.java:52) - DuplicateTitleInnerSearchRuleValidator starts validation...
2018-03-09 11:08:15  WARN [main] (DuplicateTitleInnerSearchRuleValidator.java:29) - Title = 'list' is duplicated!
2018-03-09 11:08:15  WARN [main] (DuplicateTitleInnerSearchRuleValidator.java:30) - Invalid SearchRule{type='DROPDOWN', complexInnerSearchRules=[{uniqueness='text', title='root', selector={type='xpath', value='//button[@class='dropbtn']'}}, {uniqueness='null', title='list', selector={type='xpath', value='//button[@class='dropbtn']'}}, {uniqueness='null', title='list', selector={type='xpath', value='//button[@class='dropbtn']'}}]}

2018-03-09 11:08:15  INFO [main] (JsonValidators.java:56) - DuplicateTitleInnerSearchRuleValidator finished validation

2018-03-09 11:08:15  INFO [main] (JsonValidators.java:52) - RootExistenceValidator starts validation...
2018-03-09 11:08:15  INFO [main] (JsonValidators.java:56) - RootExistenceValidator finished validation

2018-03-09 11:08:15  INFO [main] (JsonValidators.java:52) - TitleOfComplexElementValidator starts validation...
2018-03-09 11:08:15  INFO [main] (JsonValidators.java:56) - TitleOfComplexElementValidator finished validation

2018-03-09 11:08:15  INFO [main] (PropertyLoader.java:46) - Start reading list of schemes...
2018-03-09 11:08:15  INFO [main] (PropertyLoader.java:70) - Finish reading list of schemes

2018-03-09 11:08:15  INFO [main] (PropertyLoader.java:83) - Start reading list of group types...
2018-03-09 11:08:15  INFO [main] (PropertyLoader.java:103) - Finish reading list of group types

2018-03-09 11:08:15  INFO [main] (SearchRuleBuildersFactory.java:33) - Start creating map with builders...
2018-03-09 11:08:15  INFO [main] (SearchRuleBuildersFactory.java:51) - Finish creating map with builders

2018-03-09 11:08:15  INFO [main] (PageObjectsGenerator.java:116) - Start creating list of RawSearchRules...
2018-03-09 11:08:15  INFO [main] (PageObjectsGenerator.java:118) - Finish creating list of RawSearchRules

2018-03-09 11:08:15  INFO [main] (PageObjectsGenerator.java:139) - Start validation RawSearchRules with using Json Schema...
2018-03-09 11:08:15  INFO [main] (PageObjectsGenerator.java:141) - Finish validation

2018-03-09 11:08:15  INFO [main] (PageObjectsGenerator.java:131) - Start transforming RawSearchRules in SearchRules...
2018-03-09 11:08:15  INFO [main] (PageObjectsGenerator.java:134) - Finish transforming RawSearchRules in SearchRules

2018-03-09 11:08:15  INFO [main] (PageObjectsGenerator.java:123) - Start Json validation...

2018-03-09 11:08:15  INFO [main] (JsonValidators.java:52) - DuplicateTitleInnerSearchRuleValidator starts validation...
2018-03-09 11:08:15  INFO [main] (JsonValidators.java:56) - DuplicateTitleInnerSearchRuleValidator finished validation

2018-03-09 11:08:15  INFO [main] (JsonValidators.java:52) - RootExistenceValidator starts validation...
2018-03-09 11:08:15  INFO [main] (JsonValidators.java:56) - RootExistenceValidator finished validation

2018-03-09 11:08:15  INFO [main] (JsonValidators.java:52) - TitleOfComplexElementValidator starts validation...
2018-03-09 11:08:15  INFO [main] (JsonValidators.java:56) - TitleOfComplexElementValidator finished validation

2018-03-09 11:08:15  INFO [main] (PageObjectsGenerator.java:125) - Finish Json validation

2018-03-09 11:08:15  INFO [main] (PageObjectsGenerator.java:147) - Start creating web pages...
2018-03-09 11:08:15  INFO [main] (PageObjectsGenerator.java:149) - Finish creating web pages

2018-03-09 11:08:15  INFO [main] (PageObjectsGenerator.java:167) - Start creating JavaClassBuildables...
2018-03-09 11:08:15  INFO [main] (PageObjectsGenerator.java:181) - Finish creating JavaClassBuildables

2018-03-09 11:08:15  INFO [main] (PageObjectsGenerator.java:157) - Start creating JavaClasses...
2018-03-09 11:08:15  INFO [main] (PageObjectsGenerator.java:161) - Finish creating JavaClasses

2018-03-09 11:08:15  INFO [main] (PageObjectsGenerator.java:110) - Start generating JavaClasses...
2018-03-09 11:08:15  INFO [main] (PageObjectsGenerator.java:112) - Finish generating JavaClasses
2018-03-09 11:08:15  INFO [main] (PropertyLoader.java:46) - Start reading list of schemes...
2018-03-09 11:08:15  INFO [main] (PropertyLoader.java:70) - Finish reading list of schemes

2018-03-09 11:08:15  INFO [main] (PropertyLoader.java:83) - Start reading list of group types...
2018-03-09 11:08:15  INFO [main] (PropertyLoader.java:103) - Finish reading list of group types

2018-03-09 11:08:15  INFO [main] (SearchRuleBuildersFactory.java:33) - Start creating map with builders...
2018-03-09 11:08:15  INFO [main] (SearchRuleBuildersFactory.java:51) - Finish creating map with builders

2018-03-09 11:08:15  INFO [main] (PageObjectsGenerator.java:116) - Start creating list of RawSearchRules...
2018-03-09 11:08:15  INFO [main] (PageObjectsGenerator.java:118) - Finish creating list of RawSearchRules

2018-03-09 11:08:15  INFO [main] (PageObjectsGenerator.java:139) - Start validation RawSearchRules with using Json Schema...
2018-03-09 11:08:15  INFO [main] (PageObjectsGenerator.java:141) - Finish validation

2018-03-09 11:08:15  INFO [main] (PageObjectsGenerator.java:131) - Start transforming RawSearchRules in SearchRules...
2018-03-09 11:08:15  INFO [main] (PageObjectsGenerator.java:134) - Finish transforming RawSearchRules in SearchRules

2018-03-09 11:08:15  INFO [main] (PageObjectsGenerator.java:123) - Start Json validation...

2018-03-09 11:08:15  INFO [main] (JsonValidators.java:52) - DuplicateTitleInnerSearchRuleValidator starts validation...
2018-03-09 11:08:15  INFO [main] (JsonValidators.java:56) - DuplicateTitleInnerSearchRuleValidator finished validation

2018-03-09 11:08:15  INFO [main] (JsonValidators.java:52) - RootExistenceValidator starts validation...
2018-03-09 11:08:15  INFO [main] (JsonValidators.java:56) - RootExistenceValidator finished validation

2018-03-09 11:08:15  INFO [main] (JsonValidators.java:52) - TitleOfComplexElementValidator starts validation...
2018-03-09 11:08:15  INFO [main] (JsonValidators.java:56) - TitleOfComplexElementValidator finished validation

2018-03-09 11:08:15  INFO [main] (PageObjectsGenerator.java:125) - Finish Json validation

2018-03-09 11:08:15  INFO [main] (PageObjectsGenerator.java:147) - Start creating web pages...
2018-03-09 11:08:15  INFO [main] (PageObjectsGenerator.java:149) - Finish creating web pages

2018-03-09 11:08:15  INFO [main] (PageObjectsGenerator.java:167) - Start creating JavaClassBuildables...
2018-03-09 11:08:15  INFO [main] (PageObjectsGenerator.java:181) - Finish creating JavaClassBuildables

2018-03-09 11:08:15  INFO [main] (PageObjectsGenerator.java:157) - Start creating JavaClasses...
2018-03-09 11:08:15  INFO [main] (PageObjectsGenerator.java:161) - Finish creating JavaClasses

2018-03-09 11:08:15  INFO [main] (PageObjectsGenerator.java:110) - Start generating JavaClasses...
2018-03-09 11:08:15  INFO [main] (PageObjectsGenerator.java:112) - Finish generating JavaClasses
2018-03-09 11:08:15  INFO [main] (PropertyLoader.java:46) - Start reading list of schemes...
2018-03-09 11:08:15  INFO [main] (PropertyLoader.java:70) - Finish reading list of schemes

2018-03-09 11:08:15  INFO [main] (PropertyLoader.java:83) - Start reading list of group types...
2018-03-09 11:08:15  INFO [main] (PropertyLoader.java:103) - Finish reading list of group types

2018-03-09 11:08:15  INFO [main] (SearchRuleBuildersFactory.java:33) - Start creating map with builders...
2018-03-09 11:08:15  INFO [main] (SearchRuleBuildersFactory.java:51) - Finish creating map with builders

2018-03-09 11:08:15  INFO [main] (PageObjectsGenerator.java:116) - Start creating list of RawSearchRules...
2018-03-09 11:08:15  INFO [main] (PropertyLoader.java:46) - Start reading list of schemes...
2018-03-09 11:08:15  INFO [main] (PropertyLoader.java:70) - Finish reading list of schemes

2018-03-09 11:08:15  INFO [main] (PropertyLoader.java:83) - Start reading list of group types...
2018-03-09 11:08:15  INFO [main] (PropertyLoader.java:103) - Finish reading list of group types

2018-03-09 11:08:15  INFO [main] (SearchRuleBuildersFactory.java:33) - Start creating map with builders...
2018-03-09 11:08:15  INFO [main] (SearchRuleBuildersFactory.java:51) - Finish creating map with builders

2018-03-09 11:08:15  INFO [main] (PageObjectsGenerator.java:116) - Start creating list of RawSearchRules...
2018-03-09 11:08:15  INFO [main] (PageObjectsGenerator.java:118) - Finish creating list of RawSearchRules

2018-03-09 11:08:15  INFO [main] (PageObjectsGenerator.java:139) - Start validation RawSearchRules with using Json Schema...
2018-03-09 11:08:15  INFO [main] (PageObjectsGenerator.java:141) - Finish validation

2018-03-09 11:08:15  INFO [main] (PageObjectsGenerator.java:131) - Start transforming RawSearchRules in SearchRules...
2018-03-09 11:08:15  INFO [main] (PageObjectsGenerator.java:134) - Finish transforming RawSearchRules in SearchRules

2018-03-09 11:08:15  INFO [main] (PageObjectsGenerator.java:123) - Start Json validation...

2018-03-09 11:08:15  INFO [main] (JsonValidators.java:52) - DuplicateTitleInnerSearchRuleValidator starts validation...
2018-03-09 11:08:15  INFO [main] (JsonValidators.java:56) - DuplicateTitleInnerSearchRuleValidator finished validation

2018-03-09 11:08:15  INFO [main] (JsonValidators.java:52) - RootExistenceValidator starts validation...
2018-03-09 11:08:15  INFO [main] (JsonValidators.java:56) - RootExistenceValidator finished validation

2018-03-09 11:08:15  INFO [main] (JsonValidators.java:52) - TitleOfComplexElementValidator starts validation...
2018-03-09 11:08:15  INFO [main] (JsonValidators.java:56) - TitleOfComplexElementValidator finished validation

2018-03-09 11:08:15  INFO [main] (PageObjectsGenerator.java:125) - Finish Json validation

2018-03-09 11:08:15  INFO [main] (PageObjectsGenerator.java:147) - Start creating web pages...
2018-03-09 11:08:15  INFO [main] (PageObjectsGenerator.java:149) - Finish creating web pages

2018-03-09 11:08:15  WARN [main] (SearchRuleExtractor.java:66) - Incorrect search rule: {uniqueness='null', title='value', selector={type='css', value='test'}}
2018-03-09 11:08:15  INFO [main] (PageObjectsGenerator.java:167) - Start creating JavaClassBuildables...
2018-03-09 11:08:15  INFO [main] (PageObjectsGenerator.java:181) - Finish creating JavaClassBuildables

2018-03-09 11:08:15  INFO [main] (PageObjectsGenerator.java:157) - Start creating JavaClasses...
2018-03-09 11:08:15  INFO [main] (PageObjectsGenerator.java:161) - Finish creating JavaClasses

2018-03-09 11:08:15  INFO [main] (PageObjectsGenerator.java:110) - Start generating JavaClasses...
2018-03-09 11:08:15  INFO [main] (PageObjectsGenerator.java:112) - Finish generating JavaClasses
2018-03-09 11:08:15  INFO [main] (PropertyLoader.java:46) - Start reading list of schemes...
2018-03-09 11:08:15  INFO [main] (PropertyLoader.java:70) - Finish reading list of schemes

2018-03-09 11:08:15  INFO [main] (PropertyLoader.java:83) - Start reading list of group types...
2018-03-09 11:08:15  INFO [main] (PropertyLoader.java:103) - Finish reading list of group types

2018-03-09 11:08:15  INFO [main] (SearchRuleBuildersFactory.java:33) - Start creating map with builders...
2018-03-09 11:08:15  INFO [main] (SearchRuleBuildersFactory.java:51) - Finish creating map with builders

2018-03-09 11:08:15  INFO [main] (PageObjectsGenerator.java:116) - Start creating list of RawSearchRules...
2018-03-09 11:08:15  INFO [main] (PageObjectsGenerator.java:118) - Finish creating list of RawSearchRules

2018-03-09 11:08:15  INFO [main] (PageObjectsGenerator.java:139) - Start validation RawSearchRules with using Json Schema...
2018-03-09 11:08:15  INFO [main] (PageObjectsGenerator.java:141) - Finish validation

2018-03-09 11:08:15  INFO [main] (PageObjectsGenerator.java:131) - Start transforming RawSearchRules in SearchRules...
2018-03-09 11:08:15  INFO [main] (PageObjectsGenerator.java:134) - Finish transforming RawSearchRules in SearchRules

2018-03-09 11:08:15  INFO [main] (PageObjectsGenerator.java:123) - Start Json validation...

2018-03-09 11:08:15  INFO [main] (JsonValidators.java:52) - DuplicateTitleInnerSearchRuleValidator starts validation...
2018-03-09 11:08:15  INFO [main] (JsonValidators.java:56) - DuplicateTitleInnerSearchRuleValidator finished validation

2018-03-09 11:08:15  INFO [main] (JsonValidators.java:52) - RootExistenceValidator starts validation...
2018-03-09 11:08:15  INFO [main] (JsonValidators.java:56) - RootExistenceValidator finished validation

2018-03-09 11:08:15  INFO [main] (JsonValidators.java:52) - TitleOfComplexElementValidator starts validation...
2018-03-09 11:08:15  INFO [main] (JsonValidators.java:56) - TitleOfComplexElementValidator finished validation

2018-03-09 11:08:15  INFO [main] (PageObjectsGenerator.java:125) - Finish Json validation

2018-03-09 11:08:15  INFO [main] (PageObjectsGenerator.java:147) - Start creating web pages...
2018-03-09 11:08:15  INFO [main] (PageObjectsGenerator.java:149) - Finish creating web pages

2018-03-09 11:08:15  INFO [main] (PageObjectsGenerator.java:167) - Start creating JavaClassBuildables...
2018-03-09 11:08:15  INFO [main] (PageObjectsGenerator.java:181) - Finish creating JavaClassBuildables

2018-03-09 11:08:15  INFO [main] (PageObjectsGenerator.java:157) - Start creating JavaClasses...
2018-03-09 11:08:15  INFO [main] (PageObjectsGenerator.java:161) - Finish creating JavaClasses

2018-03-09 11:08:15  INFO [main] (PageObjectsGenerator.java:110) - Start generating JavaClasses...
2018-03-09 11:08:15  INFO [main] (PageObjectsGenerator.java:112) - Finish generating JavaClasses
2018-03-09 11:08:15  INFO [main] (PropertyLoader.java:46) - Start reading list of schemes...
2018-03-09 11:08:15  INFO [main] (PropertyLoader.java:70) - Finish reading list of schemes

2018-03-09 11:08:15  INFO [main] (PropertyLoader.java:83) - Start reading list of group types...
2018-03-09 11:08:15  INFO [main] (PropertyLoader.java:103) - Finish reading list of group types

2018-03-09 11:08:15  INFO [main] (SearchRuleBuildersFactory.java:33) - Start creating map with builders...
2018-03-09 11:08:15  INFO [main] (SearchRuleBuildersFactory.java:51) - Finish creating map with builders

2018-03-09 11:08:15  INFO [main] (PageObjectsGenerator.java:116) - Start creating list of RawSearchRules...
2018-03-09 11:08:15  INFO [main] (PageObjectsGenerator.java:118) - Finish creating list of RawSearchRules

2018-03-09 11:08:15  INFO [main] (PageObjectsGenerator.java:139) - Start validation RawSearchRules with using Json Schema...
2018-03-09 11:08:15  INFO [main] (PageObjectsGenerator.java:141) - Finish validation

2018-03-09 11:08:15  INFO [main] (PageObjectsGenerator.java:131) - Start transforming RawSearchRules in SearchRules...
2018-03-09 11:08:15  INFO [main] (PageObjectsGenerator.java:134) - Finish transforming RawSearchRules in SearchRules

2018-03-09 11:08:15  INFO [main] (PageObjectsGenerator.java:123) - Start Json validation...

2018-03-09 11:08:15  INFO [main] (JsonValidators.java:52) - DuplicateTitleInnerSearchRuleValidator starts validation...
2018-03-09 11:08:15  INFO [main] (JsonValidators.java:56) - DuplicateTitleInnerSearchRuleValidator finished validation

2018-03-09 11:08:15  INFO [main] (JsonValidators.java:52) - RootExistenceValidator starts validation...
2018-03-09 11:08:15  INFO [main] (JsonValidators.java:56) - RootExistenceValidator finished validation

2018-03-09 11:08:15  INFO [main] (JsonValidators.java:52) - TitleOfComplexElementValidator starts validation...
2018-03-09 11:08:15  INFO [main] (JsonValidators.java:56) - TitleOfComplexElementValidator finished validation

2018-03-09 11:08:15  INFO [main] (PageObjectsGenerator.java:125) - Finish Json validation

2018-03-09 11:08:15  INFO [main] (PageObjectsGenerator.java:147) - Start creating web pages...
2018-03-09 11:08:15  INFO [main] (PageObjectsGenerator.java:149) - Finish creating web pages

2018-03-09 11:08:15  INFO [main] (PageObjectsGenerator.java:167) - Start creating JavaClassBuildables...
2018-03-09 11:08:15  INFO [main] (PageObjectsGenerator.java:181) - Finish creating JavaClassBuildables

2018-03-09 11:08:15  INFO [main] (PageObjectsGenerator.java:157) - Start creating JavaClasses...
2018-03-09 11:08:15  INFO [main] (PageObjectsGenerator.java:161) - Finish creating JavaClasses

2018-03-09 11:08:15  INFO [main] (PageObjectsGenerator.java:110) - Start generating JavaClasses...
2018-03-09 11:08:15  INFO [main] (PageObjectsGenerator.java:112) - Finish generating JavaClasses
2018-03-09 11:08:16 ERROR [main] (CommonSearchRule.java:83) - Failed transforming selector = '{type='xpath', value='Invalid_XPATH'}
com.epam.page.object.generator.error.XpathToCssTransformerException: Failed to transform Xpath to Css locator in this selector:{type='xpath', value='Invalid_XPATH'}
	at com.epam.page.object.generator.util.XpathToCssTransformer.getCssSelector(XpathToCssTransformer.java:38)
	at com.epam.page.object.generator.model.searchrule.CommonSearchRule.getTransformedSelector(CommonSearchRule.java:81)
	at com.epam.page.object.generator.model.searchrule.CommonSearchRuleTest.build_CommonSearchRuleWithInvalidXpathSelector_Valid(CommonSearchRuleTest.java:69)
	at sun.reflect.NativeMethodAccessorImpl.invoke0(Native Method)
	at sun.reflect.NativeMethodAccessorImpl.invoke(NativeMethodAccessorImpl.java:62)
	at sun.reflect.DelegatingMethodAccessorImpl.invoke(DelegatingMethodAccessorImpl.java:43)
	at java.lang.reflect.Method.invoke(Method.java:498)
	at org.junit.runners.model.FrameworkMethod$1.runReflectiveCall(FrameworkMethod.java:50)
	at org.junit.internal.runners.model.ReflectiveCallable.run(ReflectiveCallable.java:12)
	at org.junit.runners.model.FrameworkMethod.invokeExplosively(FrameworkMethod.java:47)
	at org.junit.internal.runners.statements.InvokeMethod.evaluate(InvokeMethod.java:17)
	at org.junit.runners.ParentRunner.runLeaf(ParentRunner.java:325)
	at org.junit.runners.BlockJUnit4ClassRunner.runChild(BlockJUnit4ClassRunner.java:78)
	at org.junit.runners.BlockJUnit4ClassRunner.runChild(BlockJUnit4ClassRunner.java:57)
	at org.junit.runners.ParentRunner$3.run(ParentRunner.java:290)
	at org.junit.runners.ParentRunner$1.schedule(ParentRunner.java:71)
	at org.junit.runners.ParentRunner.runChildren(ParentRunner.java:288)
	at org.junit.runners.ParentRunner.access$000(ParentRunner.java:58)
	at org.junit.runners.ParentRunner$2.evaluate(ParentRunner.java:268)
	at org.junit.runners.ParentRunner.run(ParentRunner.java:363)
	at org.apache.maven.surefire.junit4.JUnit4Provider.execute(JUnit4Provider.java:252)
	at org.apache.maven.surefire.junit4.JUnit4Provider.executeTestSet(JUnit4Provider.java:141)
	at org.apache.maven.surefire.junit4.JUnit4Provider.invoke(JUnit4Provider.java:112)
	at sun.reflect.NativeMethodAccessorImpl.invoke0(Native Method)
	at sun.reflect.NativeMethodAccessorImpl.invoke(NativeMethodAccessorImpl.java:62)
	at sun.reflect.DelegatingMethodAccessorImpl.invoke(DelegatingMethodAccessorImpl.java:43)
	at java.lang.reflect.Method.invoke(Method.java:498)
	at org.apache.maven.surefire.util.ReflectionUtils.invokeMethodWithArray(ReflectionUtils.java:189)
	at org.apache.maven.surefire.booter.ProviderFactory$ProviderProxy.invoke(ProviderFactory.java:165)
	at org.apache.maven.surefire.booter.ProviderFactory.invokeProvider(ProviderFactory.java:85)
	at org.apache.maven.surefire.booter.ForkedBooter.runSuitesInProcess(ForkedBooter.java:115)
	at org.apache.maven.surefire.booter.ForkedBooter.main(ForkedBooter.java:75)
