23:28:32.195 [main] INFO  i.g.o.y2018.j_voting.ReadProfile - StrictPreference constructor

23:28:32.198 [main] DEBUG i.g.o.y2018.j_voting.ReadProfile - parameter : preferences = [1, 2, 3]

23:28:32.199 [main] DEBUG i.g.o.y2018.j_voting.ReadProfile - List of preferences : [1, 2, 3]

23:28:32.199 [main] INFO  i.g.o.y2018.j_voting.ReadProfile - StrictPreference constructor

23:28:32.199 [main] DEBUG i.g.o.y2018.j_voting.ReadProfile - parameter : preferences = [3, 2, 1]

23:28:32.199 [main] DEBUG i.g.o.y2018.j_voting.ReadProfile - List of preferences : [3, 2, 1]

23:28:32.199 [main] INFO  i.g.o.y2018.j_voting.ReadProfile - addProfile

23:28:32.199 [main] DEBUG i.g.o.y2018.j_voting.ReadProfile - parameters : voterId = 1, preferences = [1, 2, 3]
23:28:32.199 [main] INFO  i.g.o.y2018.j_voting.ReadProfile - addProfile

23:28:32.200 [main] DEBUG i.g.o.y2018.j_voting.ReadProfile - parameters : voterId = 2, preferences = [1, 2, 3]
23:28:32.200 [main] INFO  i.g.o.y2018.j_voting.ReadProfile - addProfile

23:28:32.200 [main] DEBUG i.g.o.y2018.j_voting.ReadProfile - parameters : voterId = 3, preferences = [1, 2, 3]
23:28:32.200 [main] INFO  i.g.o.y2018.j_voting.ReadProfile - addProfile

23:28:32.200 [main] DEBUG i.g.o.y2018.j_voting.ReadProfile - parameters : voterId = 4, preferences = [1, 2, 3]
23:28:32.200 [main] INFO  i.g.o.y2018.j_voting.ReadProfile - addProfile

23:28:32.200 [main] DEBUG i.g.o.y2018.j_voting.ReadProfile - parameters : voterId = 5, preferences = [3, 2, 1]
23:28:32.200 [main] INFO  i.g.o.y2018.j_voting.ReadProfile - addProfile

23:28:32.200 [main] DEBUG i.g.o.y2018.j_voting.ReadProfile - parameters : voterId = 6, preferences = [3, 2, 1]
23:28:32.200 [main] INFO  i.g.o.y2018.j_voting.ReadProfile - isComplete

23:28:32.200 [main] DEBUG i.g.o.y2018.j_voting.ReadProfile - first preferences :[3, 2, 1]

23:28:32.201 [main] DEBUG i.g.o.y2018.j_voting.ReadProfile - next preferences : [1, 2, 3]

23:28:32.201 [main] INFO  i.g.o.y2018.j_voting.ReadProfile - hasSameAlternatives

23:28:32.201 [main] DEBUG i.g.o.y2018.j_voting.ReadProfile - calling preferences : [3, 2, 1], parameter preferences : [1, 2, 3]

23:28:32.201 [main] INFO  i.g.o.y2018.j_voting.ReadProfile - isIncludedIn

23:28:32.201 [main] DEBUG i.g.o.y2018.j_voting.ReadProfile - calling preferences : [3, 2, 1], parameter preferences : [1, 2, 3]

23:28:32.201 [main] INFO  i.g.o.y2018.j_voting.ReadProfile - isIncludedIn

23:28:32.201 [main] DEBUG i.g.o.y2018.j_voting.ReadProfile - calling preferences : [1, 2, 3], parameter preferences : [3, 2, 1]

23:28:32.201 [main] DEBUG i.g.o.y2018.j_voting.ReadProfile - next preferences : [1, 2, 3]

23:28:32.201 [main] INFO  i.g.o.y2018.j_voting.ReadProfile - hasSameAlternatives

23:28:32.201 [main] DEBUG i.g.o.y2018.j_voting.ReadProfile - calling preferences : [3, 2, 1], parameter preferences : [1, 2, 3]

23:28:32.201 [main] INFO  i.g.o.y2018.j_voting.ReadProfile - isIncludedIn

23:28:32.201 [main] DEBUG i.g.o.y2018.j_voting.ReadProfile - calling preferences : [3, 2, 1], parameter preferences : [1, 2, 3]

23:28:32.202 [main] INFO  i.g.o.y2018.j_voting.ReadProfile - isIncludedIn

23:28:32.202 [main] DEBUG i.g.o.y2018.j_voting.ReadProfile - calling preferences : [1, 2, 3], parameter preferences : [3, 2, 1]

23:28:32.202 [main] DEBUG i.g.o.y2018.j_voting.ReadProfile - next preferences : [3, 2, 1]

23:28:32.202 [main] INFO  i.g.o.y2018.j_voting.ReadProfile - hasSameAlternatives

23:28:32.202 [main] DEBUG i.g.o.y2018.j_voting.ReadProfile - calling preferences : [3, 2, 1], parameter preferences : [3, 2, 1]

23:28:32.202 [main] INFO  i.g.o.y2018.j_voting.ReadProfile - isIncludedIn

23:28:32.202 [main] DEBUG i.g.o.y2018.j_voting.ReadProfile - calling preferences : [3, 2, 1], parameter preferences : [3, 2, 1]

23:28:32.202 [main] INFO  i.g.o.y2018.j_voting.ReadProfile - isIncludedIn

23:28:32.202 [main] DEBUG i.g.o.y2018.j_voting.ReadProfile - calling preferences : [3, 2, 1], parameter preferences : [3, 2, 1]

23:28:32.202 [main] DEBUG i.g.o.y2018.j_voting.ReadProfile - next preferences : [1, 2, 3]

23:28:32.202 [main] INFO  i.g.o.y2018.j_voting.ReadProfile - hasSameAlternatives

23:28:32.202 [main] DEBUG i.g.o.y2018.j_voting.ReadProfile - calling preferences : [3, 2, 1], parameter preferences : [1, 2, 3]

23:28:32.202 [main] INFO  i.g.o.y2018.j_voting.ReadProfile - isIncludedIn

23:28:32.203 [main] DEBUG i.g.o.y2018.j_voting.ReadProfile - calling preferences : [3, 2, 1], parameter preferences : [1, 2, 3]

23:28:32.203 [main] INFO  i.g.o.y2018.j_voting.ReadProfile - isIncludedIn

23:28:32.203 [main] DEBUG i.g.o.y2018.j_voting.ReadProfile - calling preferences : [1, 2, 3], parameter preferences : [3, 2, 1]

23:28:32.203 [main] DEBUG i.g.o.y2018.j_voting.ReadProfile - next preferences : [1, 2, 3]

23:28:32.203 [main] INFO  i.g.o.y2018.j_voting.ReadProfile - hasSameAlternatives

23:28:32.204 [main] DEBUG i.g.o.y2018.j_voting.ReadProfile - calling preferences : [3, 2, 1], parameter preferences : [1, 2, 3]

23:28:32.204 [main] INFO  i.g.o.y2018.j_voting.ReadProfile - isIncludedIn

23:28:32.204 [main] DEBUG i.g.o.y2018.j_voting.ReadProfile - calling preferences : [3, 2, 1], parameter preferences : [1, 2, 3]

23:28:32.204 [main] INFO  i.g.o.y2018.j_voting.ReadProfile - isIncludedIn

23:28:32.204 [main] DEBUG i.g.o.y2018.j_voting.ReadProfile - calling preferences : [1, 2, 3], parameter preferences : [3, 2, 1]

23:28:32.204 [main] DEBUG i.g.o.y2018.j_voting.ReadProfile - Profile is complete.

23:28:32.205 [main] INFO  i.g.o.y2018.j_voting.ReadProfile - StrictPreference constructor

23:28:32.205 [main] DEBUG i.g.o.y2018.j_voting.ReadProfile - parameter : preferences = [1, 2, 3]

23:28:32.205 [main] DEBUG i.g.o.y2018.j_voting.ReadProfile - List of preferences : [1, 2, 3]

23:28:32.205 [main] INFO  i.g.o.y2018.j_voting.ReadProfile - StrictPreference constructor

23:28:32.205 [main] DEBUG i.g.o.y2018.j_voting.ReadProfile - parameter : preferences = [3, 2, 1]

23:28:32.205 [main] DEBUG i.g.o.y2018.j_voting.ReadProfile - List of preferences : [3, 2, 1]

23:28:32.205 [main] INFO  i.g.o.y2018.j_voting.ReadProfile - addProfile

23:28:32.206 [main] DEBUG i.g.o.y2018.j_voting.ReadProfile - parameters : voterId = 1, preferences = [1, 2, 3]
23:28:32.206 [main] INFO  i.g.o.y2018.j_voting.ReadProfile - addProfile

23:28:32.206 [main] DEBUG i.g.o.y2018.j_voting.ReadProfile - parameters : voterId = 2, preferences = [1, 2, 3]
23:28:32.206 [main] INFO  i.g.o.y2018.j_voting.ReadProfile - addProfile

23:28:32.206 [main] DEBUG i.g.o.y2018.j_voting.ReadProfile - parameters : voterId = 3, preferences = [1, 2, 3]
23:28:32.206 [main] INFO  i.g.o.y2018.j_voting.ReadProfile - addProfile

23:28:32.206 [main] DEBUG i.g.o.y2018.j_voting.ReadProfile - parameters : voterId = 4, preferences = [1, 2, 3]
23:28:32.206 [main] INFO  i.g.o.y2018.j_voting.ReadProfile - addProfile

23:28:32.206 [main] DEBUG i.g.o.y2018.j_voting.ReadProfile - parameters : voterId = 5, preferences = [3, 2, 1]
23:28:32.206 [main] INFO  i.g.o.y2018.j_voting.ReadProfile - addProfile

23:28:32.206 [main] DEBUG i.g.o.y2018.j_voting.ReadProfile - parameters : voterId = 6, preferences = [3, 2, 1]
23:28:32.206 [main] INFO  i.g.o.y2018.j_voting.ReadProfile - getNbAlternativesComplete

23:28:32.207 [main] INFO  i.g.o.y2018.j_voting.ReadProfile - isComplete

23:28:32.207 [main] DEBUG i.g.o.y2018.j_voting.ReadProfile - first preferences :[1, 2, 3]

23:28:32.207 [main] DEBUG i.g.o.y2018.j_voting.ReadProfile - next preferences : [3, 2, 1]

23:28:32.207 [main] INFO  i.g.o.y2018.j_voting.ReadProfile - hasSameAlternatives

23:28:32.207 [main] DEBUG i.g.o.y2018.j_voting.ReadProfile - calling preferences : [1, 2, 3], parameter preferences : [3, 2, 1]

23:28:32.207 [main] INFO  i.g.o.y2018.j_voting.ReadProfile - isIncludedIn

23:28:32.207 [main] DEBUG i.g.o.y2018.j_voting.ReadProfile - calling preferences : [1, 2, 3], parameter preferences : [3, 2, 1]

23:28:32.207 [main] INFO  i.g.o.y2018.j_voting.ReadProfile - isIncludedIn

23:28:32.207 [main] DEBUG i.g.o.y2018.j_voting.ReadProfile - calling preferences : [3, 2, 1], parameter preferences : [1, 2, 3]

23:28:32.207 [main] DEBUG i.g.o.y2018.j_voting.ReadProfile - next preferences : [3, 2, 1]

23:28:32.208 [main] INFO  i.g.o.y2018.j_voting.ReadProfile - hasSameAlternatives

23:28:32.208 [main] DEBUG i.g.o.y2018.j_voting.ReadProfile - calling preferences : [1, 2, 3], parameter preferences : [3, 2, 1]

23:28:32.208 [main] INFO  i.g.o.y2018.j_voting.ReadProfile - isIncludedIn

23:28:32.208 [main] DEBUG i.g.o.y2018.j_voting.ReadProfile - calling preferences : [1, 2, 3], parameter preferences : [3, 2, 1]

23:28:32.208 [main] INFO  i.g.o.y2018.j_voting.ReadProfile - isIncludedIn

23:28:32.208 [main] DEBUG i.g.o.y2018.j_voting.ReadProfile - calling preferences : [3, 2, 1], parameter preferences : [1, 2, 3]

23:28:32.208 [main] DEBUG i.g.o.y2018.j_voting.ReadProfile - next preferences : [1, 2, 3]

23:28:32.209 [main] INFO  i.g.o.y2018.j_voting.ReadProfile - hasSameAlternatives

23:28:32.209 [main] DEBUG i.g.o.y2018.j_voting.ReadProfile - calling preferences : [1, 2, 3], parameter preferences : [1, 2, 3]

23:28:32.209 [main] INFO  i.g.o.y2018.j_voting.ReadProfile - isIncludedIn

23:28:32.209 [main] DEBUG i.g.o.y2018.j_voting.ReadProfile - calling preferences : [1, 2, 3], parameter preferences : [1, 2, 3]

23:28:32.209 [main] INFO  i.g.o.y2018.j_voting.ReadProfile - isIncludedIn

23:28:32.209 [main] DEBUG i.g.o.y2018.j_voting.ReadProfile - calling preferences : [1, 2, 3], parameter preferences : [1, 2, 3]

23:28:32.209 [main] DEBUG i.g.o.y2018.j_voting.ReadProfile - next preferences : [1, 2, 3]

23:28:32.209 [main] INFO  i.g.o.y2018.j_voting.ReadProfile - hasSameAlternatives

23:28:32.209 [main] DEBUG i.g.o.y2018.j_voting.ReadProfile - calling preferences : [1, 2, 3], parameter preferences : [1, 2, 3]

23:28:32.209 [main] INFO  i.g.o.y2018.j_voting.ReadProfile - isIncludedIn

23:28:32.209 [main] DEBUG i.g.o.y2018.j_voting.ReadProfile - calling preferences : [1, 2, 3], parameter preferences : [1, 2, 3]

23:28:32.210 [main] INFO  i.g.o.y2018.j_voting.ReadProfile - isIncludedIn

23:28:32.210 [main] DEBUG i.g.o.y2018.j_voting.ReadProfile - calling preferences : [1, 2, 3], parameter preferences : [1, 2, 3]

23:28:32.210 [main] DEBUG i.g.o.y2018.j_voting.ReadProfile - next preferences : [1, 2, 3]

23:28:32.210 [main] INFO  i.g.o.y2018.j_voting.ReadProfile - hasSameAlternatives

23:28:32.210 [main] DEBUG i.g.o.y2018.j_voting.ReadProfile - calling preferences : [1, 2, 3], parameter preferences : [1, 2, 3]

23:28:32.210 [main] INFO  i.g.o.y2018.j_voting.ReadProfile - isIncludedIn

23:28:32.210 [main] DEBUG i.g.o.y2018.j_voting.ReadProfile - calling preferences : [1, 2, 3], parameter preferences : [1, 2, 3]

23:28:32.210 [main] INFO  i.g.o.y2018.j_voting.ReadProfile - isIncludedIn

23:28:32.210 [main] DEBUG i.g.o.y2018.j_voting.ReadProfile - calling preferences : [1, 2, 3], parameter preferences : [1, 2, 3]

23:28:32.210 [main] DEBUG i.g.o.y2018.j_voting.ReadProfile - Profile is complete.

23:28:32.211 [main] INFO  i.g.o.y2018.j_voting.ReadProfile - StrictPreference constructor

23:28:32.211 [main] DEBUG i.g.o.y2018.j_voting.ReadProfile - parameter : preferences = [1, 2, 3]

23:28:32.211 [main] DEBUG i.g.o.y2018.j_voting.ReadProfile - List of preferences : [1, 2, 3]

23:28:32.211 [main] INFO  i.g.o.y2018.j_voting.ReadProfile - StrictPreference constructor

23:28:32.211 [main] DEBUG i.g.o.y2018.j_voting.ReadProfile - parameter : preferences = [3, 2, 1]

23:28:32.211 [main] DEBUG i.g.o.y2018.j_voting.ReadProfile - List of preferences : [3, 2, 1]

23:28:32.211 [main] INFO  i.g.o.y2018.j_voting.ReadProfile - addProfile

23:28:32.211 [main] DEBUG i.g.o.y2018.j_voting.ReadProfile - parameters : voterId = 1, preferences = [1, 2, 3]
23:28:32.211 [main] INFO  i.g.o.y2018.j_voting.ReadProfile - addProfile

23:28:32.211 [main] DEBUG i.g.o.y2018.j_voting.ReadProfile - parameters : voterId = 2, preferences = [1, 2, 3]
23:28:32.211 [main] INFO  i.g.o.y2018.j_voting.ReadProfile - addProfile

23:28:32.211 [main] DEBUG i.g.o.y2018.j_voting.ReadProfile - parameters : voterId = 3, preferences = [1, 2, 3]
23:28:32.211 [main] INFO  i.g.o.y2018.j_voting.ReadProfile - addProfile

23:28:32.211 [main] DEBUG i.g.o.y2018.j_voting.ReadProfile - parameters : voterId = 4, preferences = [1, 2, 3]
23:28:32.212 [main] INFO  i.g.o.y2018.j_voting.ReadProfile - addProfile

23:28:32.212 [main] DEBUG i.g.o.y2018.j_voting.ReadProfile - parameters : voterId = 5, preferences = [3, 2, 1]
23:28:32.212 [main] INFO  i.g.o.y2018.j_voting.ReadProfile - addProfile

23:28:32.212 [main] DEBUG i.g.o.y2018.j_voting.ReadProfile - parameters : voterId = 6, preferences = [3, 2, 1]
23:28:32.212 [main] INFO  i.g.o.y2018.j_voting.ReadProfile - toSOC

23:28:32.212 [main] INFO  i.g.o.y2018.j_voting.ReadProfile - getNbAlternativesComplete

23:28:32.212 [main] INFO  i.g.o.y2018.j_voting.ReadProfile - isComplete

23:28:32.212 [main] DEBUG i.g.o.y2018.j_voting.ReadProfile - first preferences :[3, 2, 1]

23:28:32.212 [main] DEBUG i.g.o.y2018.j_voting.ReadProfile - next preferences : [3, 2, 1]

23:28:32.212 [main] INFO  i.g.o.y2018.j_voting.ReadProfile - hasSameAlternatives

23:28:32.212 [main] DEBUG i.g.o.y2018.j_voting.ReadProfile - calling preferences : [3, 2, 1], parameter preferences : [3, 2, 1]

23:28:32.212 [main] INFO  i.g.o.y2018.j_voting.ReadProfile - isIncludedIn

23:28:32.212 [main] DEBUG i.g.o.y2018.j_voting.ReadProfile - calling preferences : [3, 2, 1], parameter preferences : [3, 2, 1]

23:28:32.213 [main] INFO  i.g.o.y2018.j_voting.ReadProfile - isIncludedIn

23:28:32.213 [main] DEBUG i.g.o.y2018.j_voting.ReadProfile - calling preferences : [3, 2, 1], parameter preferences : [3, 2, 1]

23:28:32.213 [main] DEBUG i.g.o.y2018.j_voting.ReadProfile - next preferences : [1, 2, 3]

23:28:32.213 [main] INFO  i.g.o.y2018.j_voting.ReadProfile - hasSameAlternatives

23:28:32.213 [main] DEBUG i.g.o.y2018.j_voting.ReadProfile - calling preferences : [3, 2, 1], parameter preferences : [1, 2, 3]

23:28:32.213 [main] INFO  i.g.o.y2018.j_voting.ReadProfile - isIncludedIn

23:28:32.213 [main] DEBUG i.g.o.y2018.j_voting.ReadProfile - calling preferences : [3, 2, 1], parameter preferences : [1, 2, 3]

23:28:32.213 [main] INFO  i.g.o.y2018.j_voting.ReadProfile - isIncludedIn

23:28:32.214 [main] DEBUG i.g.o.y2018.j_voting.ReadProfile - calling preferences : [1, 2, 3], parameter preferences : [3, 2, 1]

23:28:32.214 [main] DEBUG i.g.o.y2018.j_voting.ReadProfile - next preferences : [1, 2, 3]

23:28:32.214 [main] INFO  i.g.o.y2018.j_voting.ReadProfile - hasSameAlternatives

23:28:32.214 [main] DEBUG i.g.o.y2018.j_voting.ReadProfile - calling preferences : [3, 2, 1], parameter preferences : [1, 2, 3]

23:28:32.214 [main] INFO  i.g.o.y2018.j_voting.ReadProfile - isIncludedIn

23:28:32.214 [main] DEBUG i.g.o.y2018.j_voting.ReadProfile - calling preferences : [3, 2, 1], parameter preferences : [1, 2, 3]

23:28:32.214 [main] INFO  i.g.o.y2018.j_voting.ReadProfile - isIncludedIn

23:28:32.214 [main] DEBUG i.g.o.y2018.j_voting.ReadProfile - calling preferences : [1, 2, 3], parameter preferences : [3, 2, 1]

23:28:32.214 [main] DEBUG i.g.o.y2018.j_voting.ReadProfile - next preferences : [1, 2, 3]

23:28:32.214 [main] INFO  i.g.o.y2018.j_voting.ReadProfile - hasSameAlternatives

23:28:32.214 [main] DEBUG i.g.o.y2018.j_voting.ReadProfile - calling preferences : [3, 2, 1], parameter preferences : [1, 2, 3]

23:28:32.214 [main] INFO  i.g.o.y2018.j_voting.ReadProfile - isIncludedIn

23:28:32.214 [main] DEBUG i.g.o.y2018.j_voting.ReadProfile - calling preferences : [3, 2, 1], parameter preferences : [1, 2, 3]

23:28:32.214 [main] INFO  i.g.o.y2018.j_voting.ReadProfile - isIncludedIn

23:28:32.214 [main] DEBUG i.g.o.y2018.j_voting.ReadProfile - calling preferences : [1, 2, 3], parameter preferences : [3, 2, 1]

23:28:32.215 [main] DEBUG i.g.o.y2018.j_voting.ReadProfile - next preferences : [1, 2, 3]

23:28:32.215 [main] INFO  i.g.o.y2018.j_voting.ReadProfile - hasSameAlternatives

23:28:32.215 [main] DEBUG i.g.o.y2018.j_voting.ReadProfile - calling preferences : [3, 2, 1], parameter preferences : [1, 2, 3]

23:28:32.215 [main] INFO  i.g.o.y2018.j_voting.ReadProfile - isIncludedIn

23:28:32.215 [main] DEBUG i.g.o.y2018.j_voting.ReadProfile - calling preferences : [3, 2, 1], parameter preferences : [1, 2, 3]

23:28:32.215 [main] INFO  i.g.o.y2018.j_voting.ReadProfile - isIncludedIn

23:28:32.215 [main] DEBUG i.g.o.y2018.j_voting.ReadProfile - calling preferences : [1, 2, 3], parameter preferences : [3, 2, 1]

23:28:32.215 [main] DEBUG i.g.o.y2018.j_voting.ReadProfile - Profile is complete.

23:28:32.215 [main] INFO  i.g.o.y2018.j_voting.ReadProfile - getAlternativesComplete

23:28:32.215 [main] INFO  i.g.o.y2018.j_voting.ReadProfile - isComplete

23:28:32.215 [main] DEBUG i.g.o.y2018.j_voting.ReadProfile - first preferences :[3, 2, 1]

23:28:32.215 [main] DEBUG i.g.o.y2018.j_voting.ReadProfile - next preferences : [3, 2, 1]

23:28:32.215 [main] INFO  i.g.o.y2018.j_voting.ReadProfile - hasSameAlternatives

23:28:32.216 [main] DEBUG i.g.o.y2018.j_voting.ReadProfile - calling preferences : [3, 2, 1], parameter preferences : [3, 2, 1]

23:28:32.216 [main] INFO  i.g.o.y2018.j_voting.ReadProfile - isIncludedIn

23:28:32.217 [main] DEBUG i.g.o.y2018.j_voting.ReadProfile - calling preferences : [3, 2, 1], parameter preferences : [3, 2, 1]

23:28:32.217 [main] INFO  i.g.o.y2018.j_voting.ReadProfile - isIncludedIn

23:28:32.217 [main] DEBUG i.g.o.y2018.j_voting.ReadProfile - calling preferences : [3, 2, 1], parameter preferences : [3, 2, 1]

23:28:32.217 [main] DEBUG i.g.o.y2018.j_voting.ReadProfile - next preferences : [1, 2, 3]

23:28:32.217 [main] INFO  i.g.o.y2018.j_voting.ReadProfile - hasSameAlternatives

23:28:32.217 [main] DEBUG i.g.o.y2018.j_voting.ReadProfile - calling preferences : [3, 2, 1], parameter preferences : [1, 2, 3]

23:28:32.217 [main] INFO  i.g.o.y2018.j_voting.ReadProfile - isIncludedIn

23:28:32.217 [main] DEBUG i.g.o.y2018.j_voting.ReadProfile - calling preferences : [3, 2, 1], parameter preferences : [1, 2, 3]

23:28:32.217 [main] INFO  i.g.o.y2018.j_voting.ReadProfile - isIncludedIn

23:28:32.217 [main] DEBUG i.g.o.y2018.j_voting.ReadProfile - calling preferences : [1, 2, 3], parameter preferences : [3, 2, 1]

23:28:32.217 [main] DEBUG i.g.o.y2018.j_voting.ReadProfile - next preferences : [1, 2, 3]

23:28:32.217 [main] INFO  i.g.o.y2018.j_voting.ReadProfile - hasSameAlternatives

23:28:32.217 [main] DEBUG i.g.o.y2018.j_voting.ReadProfile - calling preferences : [3, 2, 1], parameter preferences : [1, 2, 3]

23:28:32.217 [main] INFO  i.g.o.y2018.j_voting.ReadProfile - isIncludedIn

23:28:32.217 [main] DEBUG i.g.o.y2018.j_voting.ReadProfile - calling preferences : [3, 2, 1], parameter preferences : [1, 2, 3]

23:28:32.218 [main] INFO  i.g.o.y2018.j_voting.ReadProfile - isIncludedIn

23:28:32.218 [main] DEBUG i.g.o.y2018.j_voting.ReadProfile - calling preferences : [1, 2, 3], parameter preferences : [3, 2, 1]

23:28:32.218 [main] DEBUG i.g.o.y2018.j_voting.ReadProfile - next preferences : [1, 2, 3]

23:28:32.218 [main] INFO  i.g.o.y2018.j_voting.ReadProfile - hasSameAlternatives

23:28:32.218 [main] DEBUG i.g.o.y2018.j_voting.ReadProfile - calling preferences : [3, 2, 1], parameter preferences : [1, 2, 3]

23:28:32.218 [main] INFO  i.g.o.y2018.j_voting.ReadProfile - isIncludedIn

23:28:32.218 [main] DEBUG i.g.o.y2018.j_voting.ReadProfile - calling preferences : [3, 2, 1], parameter preferences : [1, 2, 3]

23:28:32.218 [main] INFO  i.g.o.y2018.j_voting.ReadProfile - isIncludedIn

23:28:32.218 [main] DEBUG i.g.o.y2018.j_voting.ReadProfile - calling preferences : [1, 2, 3], parameter preferences : [3, 2, 1]

23:28:32.218 [main] DEBUG i.g.o.y2018.j_voting.ReadProfile - next preferences : [1, 2, 3]

23:28:32.218 [main] INFO  i.g.o.y2018.j_voting.ReadProfile - hasSameAlternatives

23:28:32.218 [main] DEBUG i.g.o.y2018.j_voting.ReadProfile - calling preferences : [3, 2, 1], parameter preferences : [1, 2, 3]

23:28:32.218 [main] INFO  i.g.o.y2018.j_voting.ReadProfile - isIncludedIn

23:28:32.218 [main] DEBUG i.g.o.y2018.j_voting.ReadProfile - calling preferences : [3, 2, 1], parameter preferences : [1, 2, 3]

23:28:32.218 [main] INFO  i.g.o.y2018.j_voting.ReadProfile - isIncludedIn

23:28:32.218 [main] DEBUG i.g.o.y2018.j_voting.ReadProfile - calling preferences : [1, 2, 3], parameter preferences : [3, 2, 1]

23:28:32.218 [main] DEBUG i.g.o.y2018.j_voting.ReadProfile - Profile is complete.

23:28:32.219 [main] INFO  i.g.o.y2018.j_voting.ReadProfile - getnbUniquePreference

23:28:32.219 [main] INFO  i.g.o.y2018.j_voting.ReadProfile - getUniquePreferences

23:28:32.219 [main] DEBUG i.g.o.y2018.j_voting.ReadProfile - next preference : [3, 2, 1]

23:28:32.219 [main] DEBUG i.g.o.y2018.j_voting.ReadProfile - next preference : [3, 2, 1]

23:28:32.219 [main] INFO  i.g.o.y2018.j_voting.ReadProfile - equals

23:28:32.219 [main] DEBUG i.g.o.y2018.j_voting.ReadProfile - calling preferences : [3, 2, 1], parameter preferences : [3, 2, 1]

23:28:32.219 [main] DEBUG i.g.o.y2018.j_voting.ReadProfile - [3, 2, 1] already in the list

23:28:32.219 [main] DEBUG i.g.o.y2018.j_voting.ReadProfile - next preference : [1, 2, 3]

23:28:32.219 [main] INFO  i.g.o.y2018.j_voting.ReadProfile - equals

23:28:32.219 [main] DEBUG i.g.o.y2018.j_voting.ReadProfile - calling preferences : [1, 2, 3], parameter preferences : [3, 2, 1]

23:28:32.220 [main] DEBUG i.g.o.y2018.j_voting.ReadProfile - next preference : [1, 2, 3]

23:28:32.220 [main] INFO  i.g.o.y2018.j_voting.ReadProfile - equals

23:28:32.220 [main] DEBUG i.g.o.y2018.j_voting.ReadProfile - calling preferences : [1, 2, 3], parameter preferences : [3, 2, 1]

23:28:32.220 [main] DEBUG i.g.o.y2018.j_voting.ReadProfile - next preference : [1, 2, 3]

23:28:32.220 [main] INFO  i.g.o.y2018.j_voting.ReadProfile - equals

23:28:32.220 [main] DEBUG i.g.o.y2018.j_voting.ReadProfile - calling preferences : [1, 2, 3], parameter preferences : [3, 2, 1]

23:28:32.220 [main] DEBUG i.g.o.y2018.j_voting.ReadProfile - next preference : [1, 2, 3]

23:28:32.220 [main] INFO  i.g.o.y2018.j_voting.ReadProfile - equals

23:28:32.220 [main] DEBUG i.g.o.y2018.j_voting.ReadProfile - calling preferences : [1, 2, 3], parameter preferences : [3, 2, 1]

23:28:32.220 [main] INFO  i.g.o.y2018.j_voting.ReadProfile - getUniquePreferences

23:28:32.220 [main] DEBUG i.g.o.y2018.j_voting.ReadProfile - next preference : [3, 2, 1]

23:28:32.220 [main] DEBUG i.g.o.y2018.j_voting.ReadProfile - next preference : [3, 2, 1]

23:28:32.220 [main] INFO  i.g.o.y2018.j_voting.ReadProfile - equals

23:28:32.220 [main] DEBUG i.g.o.y2018.j_voting.ReadProfile - calling preferences : [3, 2, 1], parameter preferences : [3, 2, 1]

23:28:32.220 [main] DEBUG i.g.o.y2018.j_voting.ReadProfile - [3, 2, 1] already in the list

23:28:32.220 [main] DEBUG i.g.o.y2018.j_voting.ReadProfile - next preference : [1, 2, 3]

23:28:32.220 [main] INFO  i.g.o.y2018.j_voting.ReadProfile - equals

23:28:32.220 [main] DEBUG i.g.o.y2018.j_voting.ReadProfile - calling preferences : [1, 2, 3], parameter preferences : [3, 2, 1]

23:28:32.220 [main] DEBUG i.g.o.y2018.j_voting.ReadProfile - next preference : [1, 2, 3]

23:28:32.220 [main] INFO  i.g.o.y2018.j_voting.ReadProfile - equals

23:28:32.221 [main] DEBUG i.g.o.y2018.j_voting.ReadProfile - calling preferences : [1, 2, 3], parameter preferences : [3, 2, 1]

23:28:32.221 [main] DEBUG i.g.o.y2018.j_voting.ReadProfile - next preference : [1, 2, 3]

23:28:32.221 [main] INFO  i.g.o.y2018.j_voting.ReadProfile - equals

23:28:32.221 [main] DEBUG i.g.o.y2018.j_voting.ReadProfile - calling preferences : [1, 2, 3], parameter preferences : [3, 2, 1]

23:28:32.221 [main] DEBUG i.g.o.y2018.j_voting.ReadProfile - next preference : [1, 2, 3]

23:28:32.221 [main] INFO  i.g.o.y2018.j_voting.ReadProfile - equals

23:28:32.221 [main] DEBUG i.g.o.y2018.j_voting.ReadProfile - calling preferences : [1, 2, 3], parameter preferences : [3, 2, 1]

23:28:32.221 [main] INFO  i.g.o.y2018.j_voting.ReadProfile - getNbVoterByPreference

23:28:32.221 [main] DEBUG i.g.o.y2018.j_voting.ReadProfile - parameter preferences : [3, 2, 1]

23:28:32.221 [main] DEBUG i.g.o.y2018.j_voting.ReadProfile - Voter with id = 6 voted for : [3, 2, 1]

23:28:32.221 [main] INFO  i.g.o.y2018.j_voting.ReadProfile - equals

23:28:32.221 [main] DEBUG i.g.o.y2018.j_voting.ReadProfile - calling preferences : [3, 2, 1], parameter preferences : [3, 2, 1]

23:28:32.221 [main] DEBUG i.g.o.y2018.j_voting.ReadProfile - Voter with id = 5 voted for : [3, 2, 1]

23:28:32.221 [main] INFO  i.g.o.y2018.j_voting.ReadProfile - equals

23:28:32.221 [main] DEBUG i.g.o.y2018.j_voting.ReadProfile - calling preferences : [3, 2, 1], parameter preferences : [3, 2, 1]

23:28:32.221 [main] DEBUG i.g.o.y2018.j_voting.ReadProfile - Voter with id = 4 voted for : [1, 2, 3]

23:28:32.221 [main] INFO  i.g.o.y2018.j_voting.ReadProfile - equals

23:28:32.221 [main] DEBUG i.g.o.y2018.j_voting.ReadProfile - calling preferences : [1, 2, 3], parameter preferences : [3, 2, 1]

23:28:32.221 [main] DEBUG i.g.o.y2018.j_voting.ReadProfile - Voter with id = 2 voted for : [1, 2, 3]

23:28:32.222 [main] INFO  i.g.o.y2018.j_voting.ReadProfile - equals

23:28:32.222 [main] DEBUG i.g.o.y2018.j_voting.ReadProfile - calling preferences : [1, 2, 3], parameter preferences : [3, 2, 1]

23:28:32.222 [main] DEBUG i.g.o.y2018.j_voting.ReadProfile - Voter with id = 3 voted for : [1, 2, 3]

23:28:32.222 [main] INFO  i.g.o.y2018.j_voting.ReadProfile - equals

23:28:32.222 [main] DEBUG i.g.o.y2018.j_voting.ReadProfile - calling preferences : [1, 2, 3], parameter preferences : [3, 2, 1]

23:28:32.222 [main] DEBUG i.g.o.y2018.j_voting.ReadProfile - Voter with id = 1 voted for : [1, 2, 3]

23:28:32.222 [main] INFO  i.g.o.y2018.j_voting.ReadProfile - equals

23:28:32.222 [main] DEBUG i.g.o.y2018.j_voting.ReadProfile - calling preferences : [1, 2, 3], parameter preferences : [3, 2, 1]

23:28:32.222 [main] DEBUG i.g.o.y2018.j_voting.ReadProfile - number of votes for [3, 2, 1] is 2

23:28:32.226 [main] INFO  i.g.o.y2018.j_voting.ReadProfile - StrictPreference constructor

23:28:32.227 [main] DEBUG i.g.o.y2018.j_voting.ReadProfile - parameter : preferences = [1, 2, 3]

23:28:32.227 [main] DEBUG i.g.o.y2018.j_voting.ReadProfile - List of preferences : [1, 2, 3]

23:28:32.227 [main] INFO  i.g.o.y2018.j_voting.ReadProfile - StrictPreference constructor

23:28:32.227 [main] DEBUG i.g.o.y2018.j_voting.ReadProfile - parameter : preferences = [3, 2, 1]

23:28:32.227 [main] DEBUG i.g.o.y2018.j_voting.ReadProfile - List of preferences : [3, 2, 1]

23:28:32.227 [main] INFO  i.g.o.y2018.j_voting.ReadProfile - addProfile

23:28:32.227 [main] DEBUG i.g.o.y2018.j_voting.ReadProfile - parameters : voterId = 1, preferences = [1, 2, 3]
23:28:32.227 [main] INFO  i.g.o.y2018.j_voting.ReadProfile - addProfile

23:28:32.227 [main] DEBUG i.g.o.y2018.j_voting.ReadProfile - parameters : voterId = 2, preferences = [1, 2, 3]
23:28:32.227 [main] INFO  i.g.o.y2018.j_voting.ReadProfile - addProfile

23:28:32.227 [main] DEBUG i.g.o.y2018.j_voting.ReadProfile - parameters : voterId = 3, preferences = [1, 2, 3]
23:28:32.227 [main] INFO  i.g.o.y2018.j_voting.ReadProfile - addProfile

23:28:32.227 [main] DEBUG i.g.o.y2018.j_voting.ReadProfile - parameters : voterId = 4, preferences = [1, 2, 3]
23:28:32.227 [main] INFO  i.g.o.y2018.j_voting.ReadProfile - addProfile

23:28:32.227 [main] DEBUG i.g.o.y2018.j_voting.ReadProfile - parameters : voterId = 5, preferences = [3, 2, 1]
23:28:32.227 [main] INFO  i.g.o.y2018.j_voting.ReadProfile - addProfile

23:28:32.227 [main] DEBUG i.g.o.y2018.j_voting.ReadProfile - parameters : voterId = 6, preferences = [3, 2, 1]
23:28:32.228 [main] INFO  i.g.o.y2018.j_voting.ReadProfile - StrictPreference constructor

23:28:32.228 [main] DEBUG i.g.o.y2018.j_voting.ReadProfile - parameter : preferences = [1, 2, 3]

23:28:32.228 [main] DEBUG i.g.o.y2018.j_voting.ReadProfile - List of preferences : [1, 2, 3]

23:28:32.229 [main] INFO  i.g.o.y2018.j_voting.ReadProfile - StrictPreference constructor

23:28:32.229 [main] DEBUG i.g.o.y2018.j_voting.ReadProfile - parameter : preferences = [1, 2, 3]

23:28:32.229 [main] DEBUG i.g.o.y2018.j_voting.ReadProfile - List of preferences : [1, 2, 3]

23:28:32.229 [main] INFO  i.g.o.y2018.j_voting.ReadProfile - StrictPreference constructor

23:28:32.229 [main] DEBUG i.g.o.y2018.j_voting.ReadProfile - parameter : preferences = [3, 2, 1]

23:28:32.229 [main] DEBUG i.g.o.y2018.j_voting.ReadProfile - List of preferences : [3, 2, 1]

23:28:32.229 [main] INFO  i.g.o.y2018.j_voting.ReadProfile - addProfile

23:28:32.229 [main] DEBUG i.g.o.y2018.j_voting.ReadProfile - parameters : voterId = 1, preferences = [1, 2, 3]
23:28:32.229 [main] INFO  i.g.o.y2018.j_voting.ReadProfile - addProfile

23:28:32.229 [main] DEBUG i.g.o.y2018.j_voting.ReadProfile - parameters : voterId = 2, preferences = [1, 2, 3]
23:28:32.229 [main] INFO  i.g.o.y2018.j_voting.ReadProfile - addProfile

23:28:32.229 [main] DEBUG i.g.o.y2018.j_voting.ReadProfile - parameters : voterId = 3, preferences = [1, 2, 3]
23:28:32.229 [main] INFO  i.g.o.y2018.j_voting.ReadProfile - addProfile

23:28:32.229 [main] DEBUG i.g.o.y2018.j_voting.ReadProfile - parameters : voterId = 4, preferences = [1, 2, 3]
23:28:32.229 [main] INFO  i.g.o.y2018.j_voting.ReadProfile - addProfile

23:28:32.229 [main] DEBUG i.g.o.y2018.j_voting.ReadProfile - parameters : voterId = 5, preferences = [3, 2, 1]
23:28:32.229 [main] INFO  i.g.o.y2018.j_voting.ReadProfile - addProfile

23:28:32.229 [main] DEBUG i.g.o.y2018.j_voting.ReadProfile - parameters : voterId = 6, preferences = [3, 2, 1]
23:28:32.229 [main] INFO  i.g.o.y2018.j_voting.ReadProfile - getPreference

23:28:32.229 [main] DEBUG i.g.o.y2018.j_voting.ReadProfile - parameter : voterId = 1

23:28:32.230 [main] INFO  i.g.o.y2018.j_voting.ReadProfile - StrictPreference constructor

23:28:32.230 [main] DEBUG i.g.o.y2018.j_voting.ReadProfile - parameter : preferences = [1, 2, 3]

23:28:32.230 [main] DEBUG i.g.o.y2018.j_voting.ReadProfile - List of preferences : [1, 2, 3]

23:28:32.230 [main] INFO  i.g.o.y2018.j_voting.ReadProfile - StrictPreference constructor

23:28:32.230 [main] DEBUG i.g.o.y2018.j_voting.ReadProfile - parameter : preferences = [3, 2, 1]

23:28:32.230 [main] DEBUG i.g.o.y2018.j_voting.ReadProfile - List of preferences : [3, 2, 1]

23:28:32.230 [main] INFO  i.g.o.y2018.j_voting.ReadProfile - addProfile

23:28:32.230 [main] DEBUG i.g.o.y2018.j_voting.ReadProfile - parameters : voterId = 1, preferences = [1, 2, 3]
23:28:32.230 [main] INFO  i.g.o.y2018.j_voting.ReadProfile - addProfile

23:28:32.231 [main] DEBUG i.g.o.y2018.j_voting.ReadProfile - parameters : voterId = 2, preferences = [1, 2, 3]
23:28:32.231 [main] INFO  i.g.o.y2018.j_voting.ReadProfile - addProfile

23:28:32.231 [main] DEBUG i.g.o.y2018.j_voting.ReadProfile - parameters : voterId = 3, preferences = [1, 2, 3]
23:28:32.231 [main] INFO  i.g.o.y2018.j_voting.ReadProfile - addProfile

23:28:32.231 [main] DEBUG i.g.o.y2018.j_voting.ReadProfile - parameters : voterId = 4, preferences = [1, 2, 3]
23:28:32.231 [main] INFO  i.g.o.y2018.j_voting.ReadProfile - addProfile

23:28:32.231 [main] DEBUG i.g.o.y2018.j_voting.ReadProfile - parameters : voterId = 5, preferences = [3, 2, 1]
23:28:32.231 [main] INFO  i.g.o.y2018.j_voting.ReadProfile - addProfile

23:28:32.231 [main] DEBUG i.g.o.y2018.j_voting.ReadProfile - parameters : voterId = 6, preferences = [3, 2, 1]
23:28:32.231 [main] INFO  i.g.o.y2018.j_voting.ReadProfile - getnbUniquePreference

23:28:32.231 [main] INFO  i.g.o.y2018.j_voting.ReadProfile - getUniquePreferences

23:28:32.231 [main] DEBUG i.g.o.y2018.j_voting.ReadProfile - next preference : [1, 2, 3]

23:28:32.231 [main] DEBUG i.g.o.y2018.j_voting.ReadProfile - next preference : [3, 2, 1]

23:28:32.231 [main] INFO  i.g.o.y2018.j_voting.ReadProfile - equals

23:28:32.231 [main] DEBUG i.g.o.y2018.j_voting.ReadProfile - calling preferences : [3, 2, 1], parameter preferences : [1, 2, 3]

23:28:32.231 [main] DEBUG i.g.o.y2018.j_voting.ReadProfile - next preference : [3, 2, 1]

23:28:32.231 [main] INFO  i.g.o.y2018.j_voting.ReadProfile - equals

23:28:32.231 [main] DEBUG i.g.o.y2018.j_voting.ReadProfile - calling preferences : [3, 2, 1], parameter preferences : [1, 2, 3]

23:28:32.231 [main] INFO  i.g.o.y2018.j_voting.ReadProfile - equals

23:28:32.231 [main] DEBUG i.g.o.y2018.j_voting.ReadProfile - calling preferences : [3, 2, 1], parameter preferences : [3, 2, 1]

23:28:32.231 [main] DEBUG i.g.o.y2018.j_voting.ReadProfile - [3, 2, 1] already in the list

23:28:32.231 [main] DEBUG i.g.o.y2018.j_voting.ReadProfile - next preference : [1, 2, 3]

23:28:32.231 [main] INFO  i.g.o.y2018.j_voting.ReadProfile - equals

23:28:32.231 [main] DEBUG i.g.o.y2018.j_voting.ReadProfile - calling preferences : [1, 2, 3], parameter preferences : [1, 2, 3]

23:28:32.231 [main] DEBUG i.g.o.y2018.j_voting.ReadProfile - [1, 2, 3] already in the list

23:28:32.231 [main] INFO  i.g.o.y2018.j_voting.ReadProfile - equals

23:28:32.232 [main] DEBUG i.g.o.y2018.j_voting.ReadProfile - calling preferences : [1, 2, 3], parameter preferences : [3, 2, 1]

23:28:32.232 [main] DEBUG i.g.o.y2018.j_voting.ReadProfile - next preference : [1, 2, 3]

23:28:32.232 [main] INFO  i.g.o.y2018.j_voting.ReadProfile - equals

23:28:32.232 [main] DEBUG i.g.o.y2018.j_voting.ReadProfile - calling preferences : [1, 2, 3], parameter preferences : [1, 2, 3]

23:28:32.232 [main] DEBUG i.g.o.y2018.j_voting.ReadProfile - [1, 2, 3] already in the list

23:28:32.232 [main] INFO  i.g.o.y2018.j_voting.ReadProfile - equals

23:28:32.232 [main] DEBUG i.g.o.y2018.j_voting.ReadProfile - calling preferences : [1, 2, 3], parameter preferences : [3, 2, 1]

23:28:32.232 [main] DEBUG i.g.o.y2018.j_voting.ReadProfile - next preference : [1, 2, 3]

23:28:32.232 [main] INFO  i.g.o.y2018.j_voting.ReadProfile - equals

23:28:32.232 [main] DEBUG i.g.o.y2018.j_voting.ReadProfile - calling preferences : [1, 2, 3], parameter preferences : [1, 2, 3]

23:28:32.232 [main] DEBUG i.g.o.y2018.j_voting.ReadProfile - [1, 2, 3] already in the list

23:28:32.232 [main] INFO  i.g.o.y2018.j_voting.ReadProfile - equals

23:28:32.232 [main] DEBUG i.g.o.y2018.j_voting.ReadProfile - calling preferences : [1, 2, 3], parameter preferences : [3, 2, 1]

23:28:32.232 [main] INFO  i.g.o.y2018.j_voting.ReadProfile - StrictPreference constructor

23:28:32.232 [main] DEBUG i.g.o.y2018.j_voting.ReadProfile - parameter : preferences = [1, 2, 3]

23:28:32.233 [main] DEBUG i.g.o.y2018.j_voting.ReadProfile - List of preferences : [1, 2, 3]

23:28:32.233 [main] INFO  i.g.o.y2018.j_voting.ReadProfile - StrictPreference constructor

23:28:32.233 [main] DEBUG i.g.o.y2018.j_voting.ReadProfile - parameter : preferences = [3, 2, 1]

23:28:32.233 [main] DEBUG i.g.o.y2018.j_voting.ReadProfile - List of preferences : [3, 2, 1]

23:28:32.233 [main] INFO  i.g.o.y2018.j_voting.ReadProfile - addProfile

23:28:32.233 [main] DEBUG i.g.o.y2018.j_voting.ReadProfile - parameters : voterId = 1, preferences = [1, 2, 3]
23:28:32.233 [main] INFO  i.g.o.y2018.j_voting.ReadProfile - addProfile

23:28:32.233 [main] DEBUG i.g.o.y2018.j_voting.ReadProfile - parameters : voterId = 2, preferences = [1, 2, 3]
23:28:32.233 [main] INFO  i.g.o.y2018.j_voting.ReadProfile - addProfile

23:28:32.233 [main] DEBUG i.g.o.y2018.j_voting.ReadProfile - parameters : voterId = 3, preferences = [1, 2, 3]
23:28:32.233 [main] INFO  i.g.o.y2018.j_voting.ReadProfile - addProfile

23:28:32.233 [main] DEBUG i.g.o.y2018.j_voting.ReadProfile - parameters : voterId = 4, preferences = [1, 2, 3]
23:28:32.233 [main] INFO  i.g.o.y2018.j_voting.ReadProfile - addProfile

23:28:32.233 [main] DEBUG i.g.o.y2018.j_voting.ReadProfile - parameters : voterId = 5, preferences = [3, 2, 1]
23:28:32.233 [main] INFO  i.g.o.y2018.j_voting.ReadProfile - addProfile

23:28:32.233 [main] DEBUG i.g.o.y2018.j_voting.ReadProfile - parameters : voterId = 6, preferences = [3, 2, 1]
23:28:32.234 [main] INFO  i.g.o.y2018.j_voting.ReadProfile - StrictPreference constructor

23:28:32.234 [main] DEBUG i.g.o.y2018.j_voting.ReadProfile - parameter : preferences = [3, 1, 2]

23:28:32.234 [main] DEBUG i.g.o.y2018.j_voting.ReadProfile - List of preferences : [3, 1, 2]

23:28:32.234 [main] INFO  i.g.o.y2018.j_voting.ReadProfile - StrictPreference constructor

23:28:32.235 [main] DEBUG i.g.o.y2018.j_voting.ReadProfile - parameter : preferences = [1, 2, 3]

23:28:32.235 [main] DEBUG i.g.o.y2018.j_voting.ReadProfile - List of preferences : [1, 2, 3]

23:28:32.235 [main] INFO  i.g.o.y2018.j_voting.ReadProfile - StrictPreference constructor

23:28:32.235 [main] DEBUG i.g.o.y2018.j_voting.ReadProfile - parameter : preferences = [3, 2, 1]

23:28:32.235 [main] DEBUG i.g.o.y2018.j_voting.ReadProfile - List of preferences : [3, 2, 1]

23:28:32.235 [main] INFO  i.g.o.y2018.j_voting.ReadProfile - addProfile

23:28:32.235 [main] DEBUG i.g.o.y2018.j_voting.ReadProfile - parameters : voterId = 1, preferences = [1, 2, 3]
23:28:32.235 [main] INFO  i.g.o.y2018.j_voting.ReadProfile - addProfile

23:28:32.235 [main] DEBUG i.g.o.y2018.j_voting.ReadProfile - parameters : voterId = 2, preferences = [1, 2, 3]
23:28:32.235 [main] INFO  i.g.o.y2018.j_voting.ReadProfile - addProfile

23:28:32.235 [main] DEBUG i.g.o.y2018.j_voting.ReadProfile - parameters : voterId = 3, preferences = [1, 2, 3]
23:28:32.235 [main] INFO  i.g.o.y2018.j_voting.ReadProfile - addProfile

23:28:32.235 [main] DEBUG i.g.o.y2018.j_voting.ReadProfile - parameters : voterId = 4, preferences = [1, 2, 3]
23:28:32.235 [main] INFO  i.g.o.y2018.j_voting.ReadProfile - addProfile

23:28:32.235 [main] DEBUG i.g.o.y2018.j_voting.ReadProfile - parameters : voterId = 5, preferences = [3, 2, 1]
23:28:32.235 [main] INFO  i.g.o.y2018.j_voting.ReadProfile - addProfile

23:28:32.235 [main] DEBUG i.g.o.y2018.j_voting.ReadProfile - parameters : voterId = 6, preferences = [3, 2, 1]
23:28:32.235 [main] INFO  i.g.o.y2018.j_voting.ReadProfile - addProfile

23:28:32.235 [main] DEBUG i.g.o.y2018.j_voting.ReadProfile - parameters : voterId = 7, preferences = [3, 1, 2]
23:28:32.235 [main] INFO  i.g.o.y2018.j_voting.ReadProfile - getPreference

23:28:32.235 [main] DEBUG i.g.o.y2018.j_voting.ReadProfile - parameter : voterId = 7

23:28:32.235 [main] DEBUG i.g.o.y2018.j_voting.ReadProfile - returns voter's preference = [3, 1, 2]

23:28:32.236 [main] INFO  i.g.o.y2018.j_voting.ReadProfile - StrictPreference constructor

23:28:32.236 [main] DEBUG i.g.o.y2018.j_voting.ReadProfile - parameter : preferences = [1, 2, 3]

23:28:32.236 [main] DEBUG i.g.o.y2018.j_voting.ReadProfile - List of preferences : [1, 2, 3]

23:28:32.236 [main] INFO  i.g.o.y2018.j_voting.ReadProfile - StrictPreference constructor

23:28:32.236 [main] DEBUG i.g.o.y2018.j_voting.ReadProfile - parameter : preferences = [3, 2, 1]

23:28:32.236 [main] DEBUG i.g.o.y2018.j_voting.ReadProfile - List of preferences : [3, 2, 1]

23:28:32.236 [main] INFO  i.g.o.y2018.j_voting.ReadProfile - StrictPreference constructor

23:28:32.236 [main] DEBUG i.g.o.y2018.j_voting.ReadProfile - parameter : preferences = [1, 2, 3]

23:28:32.236 [main] DEBUG i.g.o.y2018.j_voting.ReadProfile - List of preferences : [1, 2, 3]

23:28:32.236 [main] INFO  i.g.o.y2018.j_voting.ReadProfile - StrictPreference constructor

23:28:32.236 [main] DEBUG i.g.o.y2018.j_voting.ReadProfile - parameter : preferences = [3, 2, 1]

23:28:32.236 [main] DEBUG i.g.o.y2018.j_voting.ReadProfile - List of preferences : [3, 2, 1]

23:28:32.236 [main] INFO  i.g.o.y2018.j_voting.ReadProfile - addProfile

23:28:32.236 [main] DEBUG i.g.o.y2018.j_voting.ReadProfile - parameters : voterId = 1, preferences = [1, 2, 3]
23:28:32.236 [main] INFO  i.g.o.y2018.j_voting.ReadProfile - addProfile

23:28:32.236 [main] DEBUG i.g.o.y2018.j_voting.ReadProfile - parameters : voterId = 2, preferences = [1, 2, 3]
23:28:32.236 [main] INFO  i.g.o.y2018.j_voting.ReadProfile - addProfile

23:28:32.236 [main] DEBUG i.g.o.y2018.j_voting.ReadProfile - parameters : voterId = 3, preferences = [1, 2, 3]
23:28:32.236 [main] INFO  i.g.o.y2018.j_voting.ReadProfile - addProfile

23:28:32.236 [main] DEBUG i.g.o.y2018.j_voting.ReadProfile - parameters : voterId = 4, preferences = [1, 2, 3]
23:28:32.236 [main] INFO  i.g.o.y2018.j_voting.ReadProfile - addProfile

23:28:32.236 [main] DEBUG i.g.o.y2018.j_voting.ReadProfile - parameters : voterId = 5, preferences = [3, 2, 1]
23:28:32.236 [main] INFO  i.g.o.y2018.j_voting.ReadProfile - addProfile

23:28:32.236 [main] DEBUG i.g.o.y2018.j_voting.ReadProfile - parameters : voterId = 6, preferences = [3, 2, 1]
23:28:32.237 [main] INFO  i.g.o.y2018.j_voting.ReadProfile - getUniquePreferences

23:28:32.237 [main] DEBUG i.g.o.y2018.j_voting.ReadProfile - next preference : [1, 2, 3]

23:28:32.237 [main] DEBUG i.g.o.y2018.j_voting.ReadProfile - next preference : [3, 2, 1]

23:28:32.237 [main] INFO  i.g.o.y2018.j_voting.ReadProfile - equals

23:28:32.237 [main] DEBUG i.g.o.y2018.j_voting.ReadProfile - calling preferences : [3, 2, 1], parameter preferences : [1, 2, 3]

23:28:32.237 [main] DEBUG i.g.o.y2018.j_voting.ReadProfile - next preference : [1, 2, 3]

23:28:32.237 [main] INFO  i.g.o.y2018.j_voting.ReadProfile - equals

23:28:32.237 [main] DEBUG i.g.o.y2018.j_voting.ReadProfile - calling preferences : [1, 2, 3], parameter preferences : [1, 2, 3]

23:28:32.237 [main] DEBUG i.g.o.y2018.j_voting.ReadProfile - [1, 2, 3] already in the list

23:28:32.237 [main] INFO  i.g.o.y2018.j_voting.ReadProfile - equals

23:28:32.237 [main] DEBUG i.g.o.y2018.j_voting.ReadProfile - calling preferences : [1, 2, 3], parameter preferences : [3, 2, 1]

23:28:32.237 [main] DEBUG i.g.o.y2018.j_voting.ReadProfile - next preference : [3, 2, 1]

23:28:32.237 [main] INFO  i.g.o.y2018.j_voting.ReadProfile - equals

23:28:32.237 [main] DEBUG i.g.o.y2018.j_voting.ReadProfile - calling preferences : [3, 2, 1], parameter preferences : [1, 2, 3]

23:28:32.237 [main] INFO  i.g.o.y2018.j_voting.ReadProfile - equals

23:28:32.237 [main] DEBUG i.g.o.y2018.j_voting.ReadProfile - calling preferences : [3, 2, 1], parameter preferences : [3, 2, 1]

23:28:32.237 [main] DEBUG i.g.o.y2018.j_voting.ReadProfile - [3, 2, 1] already in the list

23:28:32.237 [main] DEBUG i.g.o.y2018.j_voting.ReadProfile - next preference : [1, 2, 3]

23:28:32.237 [main] INFO  i.g.o.y2018.j_voting.ReadProfile - equals

23:28:32.238 [main] DEBUG i.g.o.y2018.j_voting.ReadProfile - calling preferences : [1, 2, 3], parameter preferences : [1, 2, 3]

23:28:32.238 [main] DEBUG i.g.o.y2018.j_voting.ReadProfile - [1, 2, 3] already in the list

23:28:32.238 [main] INFO  i.g.o.y2018.j_voting.ReadProfile - equals

23:28:32.238 [main] DEBUG i.g.o.y2018.j_voting.ReadProfile - calling preferences : [1, 2, 3], parameter preferences : [3, 2, 1]

23:28:32.238 [main] DEBUG i.g.o.y2018.j_voting.ReadProfile - next preference : [1, 2, 3]

23:28:32.238 [main] INFO  i.g.o.y2018.j_voting.ReadProfile - equals

23:28:32.238 [main] DEBUG i.g.o.y2018.j_voting.ReadProfile - calling preferences : [1, 2, 3], parameter preferences : [1, 2, 3]

23:28:32.238 [main] DEBUG i.g.o.y2018.j_voting.ReadProfile - [1, 2, 3] already in the list

23:28:32.238 [main] INFO  i.g.o.y2018.j_voting.ReadProfile - equals

23:28:32.238 [main] DEBUG i.g.o.y2018.j_voting.ReadProfile - calling preferences : [1, 2, 3], parameter preferences : [3, 2, 1]

23:28:32.239 [main] INFO  i.g.o.y2018.j_voting.ReadProfile - StrictPreference constructor

23:28:32.239 [main] DEBUG i.g.o.y2018.j_voting.ReadProfile - parameter : preferences = [1, 2, 3]

23:28:32.239 [main] DEBUG i.g.o.y2018.j_voting.ReadProfile - List of preferences : [1, 2, 3]

23:28:32.239 [main] INFO  i.g.o.y2018.j_voting.ReadProfile - StrictPreference constructor

23:28:32.239 [main] DEBUG i.g.o.y2018.j_voting.ReadProfile - parameter : preferences = [3, 2, 1]

23:28:32.239 [main] DEBUG i.g.o.y2018.j_voting.ReadProfile - List of preferences : [3, 2, 1]

23:28:32.239 [main] INFO  i.g.o.y2018.j_voting.ReadProfile - addProfile

23:28:32.239 [main] DEBUG i.g.o.y2018.j_voting.ReadProfile - parameters : voterId = 1, preferences = [1, 2, 3]
23:28:32.239 [main] INFO  i.g.o.y2018.j_voting.ReadProfile - addProfile

23:28:32.239 [main] DEBUG i.g.o.y2018.j_voting.ReadProfile - parameters : voterId = 2, preferences = [1, 2, 3]
23:28:32.239 [main] INFO  i.g.o.y2018.j_voting.ReadProfile - addProfile

23:28:32.239 [main] DEBUG i.g.o.y2018.j_voting.ReadProfile - parameters : voterId = 3, preferences = [1, 2, 3]
23:28:32.239 [main] INFO  i.g.o.y2018.j_voting.ReadProfile - addProfile

23:28:32.239 [main] DEBUG i.g.o.y2018.j_voting.ReadProfile - parameters : voterId = 4, preferences = [1, 2, 3]
23:28:32.239 [main] INFO  i.g.o.y2018.j_voting.ReadProfile - addProfile

23:28:32.239 [main] DEBUG i.g.o.y2018.j_voting.ReadProfile - parameters : voterId = 5, preferences = [3, 2, 1]
23:28:32.239 [main] INFO  i.g.o.y2018.j_voting.ReadProfile - addProfile

23:28:32.239 [main] DEBUG i.g.o.y2018.j_voting.ReadProfile - parameters : voterId = 6, preferences = [3, 2, 1]
23:28:32.240 [main] INFO  i.g.o.y2018.j_voting.ReadProfile - StrictPreference constructor

23:28:32.240 [main] DEBUG i.g.o.y2018.j_voting.ReadProfile - parameter : preferences = [3, 2, 1]

23:28:32.240 [main] DEBUG i.g.o.y2018.j_voting.ReadProfile - List of preferences : [3, 2, 1]

23:28:32.240 [main] INFO  i.g.o.y2018.j_voting.ReadProfile - StrictPreference constructor

23:28:32.240 [main] DEBUG i.g.o.y2018.j_voting.ReadProfile - parameter : preferences = [1, 2, 3]

23:28:32.240 [main] DEBUG i.g.o.y2018.j_voting.ReadProfile - List of preferences : [1, 2, 3]

23:28:32.240 [main] INFO  i.g.o.y2018.j_voting.ReadProfile - StrictPreference constructor

23:28:32.240 [main] DEBUG i.g.o.y2018.j_voting.ReadProfile - parameter : preferences = [3, 2, 1]

23:28:32.240 [main] DEBUG i.g.o.y2018.j_voting.ReadProfile - List of preferences : [3, 2, 1]

23:28:32.240 [main] INFO  i.g.o.y2018.j_voting.ReadProfile - addProfile

23:28:32.240 [main] DEBUG i.g.o.y2018.j_voting.ReadProfile - parameters : voterId = 1, preferences = [1, 2, 3]
23:28:32.240 [main] INFO  i.g.o.y2018.j_voting.ReadProfile - addProfile

23:28:32.240 [main] DEBUG i.g.o.y2018.j_voting.ReadProfile - parameters : voterId = 2, preferences = [1, 2, 3]
23:28:32.240 [main] INFO  i.g.o.y2018.j_voting.ReadProfile - addProfile

23:28:32.240 [main] DEBUG i.g.o.y2018.j_voting.ReadProfile - parameters : voterId = 3, preferences = [1, 2, 3]
23:28:32.240 [main] INFO  i.g.o.y2018.j_voting.ReadProfile - addProfile

23:28:32.240 [main] DEBUG i.g.o.y2018.j_voting.ReadProfile - parameters : voterId = 4, preferences = [1, 2, 3]
23:28:32.240 [main] INFO  i.g.o.y2018.j_voting.ReadProfile - addProfile

23:28:32.240 [main] DEBUG i.g.o.y2018.j_voting.ReadProfile - parameters : voterId = 5, preferences = [3, 2, 1]
23:28:32.240 [main] INFO  i.g.o.y2018.j_voting.ReadProfile - addProfile

23:28:32.240 [main] DEBUG i.g.o.y2018.j_voting.ReadProfile - parameters : voterId = 6, preferences = [3, 2, 1]
23:28:32.240 [main] INFO  i.g.o.y2018.j_voting.ReadProfile - getNbVoterByPreference

23:28:32.240 [main] DEBUG i.g.o.y2018.j_voting.ReadProfile - parameter preferences : [3, 2, 1]

23:28:32.240 [main] DEBUG i.g.o.y2018.j_voting.ReadProfile - Voter with id = 6 voted for : [3, 2, 1]

23:28:32.240 [main] INFO  i.g.o.y2018.j_voting.ReadProfile - equals

23:28:32.240 [main] DEBUG i.g.o.y2018.j_voting.ReadProfile - calling preferences : [3, 2, 1], parameter preferences : [3, 2, 1]

23:28:32.240 [main] DEBUG i.g.o.y2018.j_voting.ReadProfile - Voter with id = 1 voted for : [1, 2, 3]

23:28:32.240 [main] INFO  i.g.o.y2018.j_voting.ReadProfile - equals

23:28:32.240 [main] DEBUG i.g.o.y2018.j_voting.ReadProfile - calling preferences : [1, 2, 3], parameter preferences : [3, 2, 1]

23:28:32.240 [main] DEBUG i.g.o.y2018.j_voting.ReadProfile - Voter with id = 3 voted for : [1, 2, 3]

23:28:32.240 [main] INFO  i.g.o.y2018.j_voting.ReadProfile - equals

23:28:32.240 [main] DEBUG i.g.o.y2018.j_voting.ReadProfile - calling preferences : [1, 2, 3], parameter preferences : [3, 2, 1]

23:28:32.240 [main] DEBUG i.g.o.y2018.j_voting.ReadProfile - Voter with id = 5 voted for : [3, 2, 1]

23:28:32.240 [main] INFO  i.g.o.y2018.j_voting.ReadProfile - equals

23:28:32.240 [main] DEBUG i.g.o.y2018.j_voting.ReadProfile - calling preferences : [3, 2, 1], parameter preferences : [3, 2, 1]

23:28:32.240 [main] DEBUG i.g.o.y2018.j_voting.ReadProfile - Voter with id = 2 voted for : [1, 2, 3]

23:28:32.241 [main] INFO  i.g.o.y2018.j_voting.ReadProfile - equals

23:28:32.241 [main] DEBUG i.g.o.y2018.j_voting.ReadProfile - calling preferences : [1, 2, 3], parameter preferences : [3, 2, 1]

23:28:32.241 [main] DEBUG i.g.o.y2018.j_voting.ReadProfile - Voter with id = 4 voted for : [1, 2, 3]

23:28:32.241 [main] INFO  i.g.o.y2018.j_voting.ReadProfile - equals

23:28:32.241 [main] DEBUG i.g.o.y2018.j_voting.ReadProfile - calling preferences : [1, 2, 3], parameter preferences : [3, 2, 1]

23:28:32.241 [main] DEBUG i.g.o.y2018.j_voting.ReadProfile - number of votes for [3, 2, 1] is 0

23:28:32.242 [main] INFO  i.g.o.y2018.j_voting.ReadProfile - StrictPreference constructor

23:28:32.242 [main] DEBUG i.g.o.y2018.j_voting.ReadProfile - parameter : preferences = [1, 2, 3]

23:28:32.242 [main] DEBUG i.g.o.y2018.j_voting.ReadProfile - List of preferences : [1, 2, 3]

23:28:32.242 [main] INFO  i.g.o.y2018.j_voting.ReadProfile - StrictPreference constructor

23:28:32.242 [main] DEBUG i.g.o.y2018.j_voting.ReadProfile - parameter : preferences = [1, 2, 3]

23:28:32.242 [main] DEBUG i.g.o.y2018.j_voting.ReadProfile - List of preferences : [1, 2, 3]

23:28:32.242 [main] INFO  i.g.o.y2018.j_voting.ReadProfile - StrictPreference constructor

23:28:32.242 [main] DEBUG i.g.o.y2018.j_voting.ReadProfile - parameter : preferences = [3, 2, 1]

23:28:32.242 [main] DEBUG i.g.o.y2018.j_voting.ReadProfile - List of preferences : [3, 2, 1]

23:28:32.242 [main] INFO  i.g.o.y2018.j_voting.ReadProfile - addProfile

23:28:32.242 [main] DEBUG i.g.o.y2018.j_voting.ReadProfile - parameters : voterId = 1, preferences = [1, 2, 3]
23:28:32.242 [main] INFO  i.g.o.y2018.j_voting.ReadProfile - addProfile

23:28:32.242 [main] DEBUG i.g.o.y2018.j_voting.ReadProfile - parameters : voterId = 2, preferences = [1, 2, 3]
23:28:32.242 [main] INFO  i.g.o.y2018.j_voting.ReadProfile - addProfile

23:28:32.242 [main] DEBUG i.g.o.y2018.j_voting.ReadProfile - parameters : voterId = 3, preferences = [1, 2, 3]
23:28:32.242 [main] INFO  i.g.o.y2018.j_voting.ReadProfile - addProfile

23:28:32.242 [main] DEBUG i.g.o.y2018.j_voting.ReadProfile - parameters : voterId = 4, preferences = [1, 2, 3]
23:28:32.242 [main] INFO  i.g.o.y2018.j_voting.ReadProfile - addProfile

23:28:32.242 [main] DEBUG i.g.o.y2018.j_voting.ReadProfile - parameters : voterId = 5, preferences = [3, 2, 1]
23:28:32.242 [main] INFO  i.g.o.y2018.j_voting.ReadProfile - addProfile

23:28:32.242 [main] DEBUG i.g.o.y2018.j_voting.ReadProfile - parameters : voterId = 6, preferences = [3, 2, 1]
23:28:32.242 [main] INFO  i.g.o.y2018.j_voting.ReadProfile - getAlternativesComplete

23:28:32.242 [main] INFO  i.g.o.y2018.j_voting.ReadProfile - isComplete

23:28:32.242 [main] DEBUG i.g.o.y2018.j_voting.ReadProfile - first preferences :[1, 2, 3]

23:28:32.242 [main] DEBUG i.g.o.y2018.j_voting.ReadProfile - next preferences : [3, 2, 1]

23:28:32.242 [main] INFO  i.g.o.y2018.j_voting.ReadProfile - hasSameAlternatives

23:28:32.242 [main] DEBUG i.g.o.y2018.j_voting.ReadProfile - calling preferences : [1, 2, 3], parameter preferences : [3, 2, 1]

23:28:32.242 [main] INFO  i.g.o.y2018.j_voting.ReadProfile - isIncludedIn

23:28:32.242 [main] DEBUG i.g.o.y2018.j_voting.ReadProfile - calling preferences : [1, 2, 3], parameter preferences : [3, 2, 1]

23:28:32.242 [main] INFO  i.g.o.y2018.j_voting.ReadProfile - isIncludedIn

23:28:32.242 [main] DEBUG i.g.o.y2018.j_voting.ReadProfile - calling preferences : [3, 2, 1], parameter preferences : [1, 2, 3]

23:28:32.242 [main] DEBUG i.g.o.y2018.j_voting.ReadProfile - next preferences : [3, 2, 1]

23:28:32.243 [main] INFO  i.g.o.y2018.j_voting.ReadProfile - hasSameAlternatives

23:28:32.243 [main] DEBUG i.g.o.y2018.j_voting.ReadProfile - calling preferences : [1, 2, 3], parameter preferences : [3, 2, 1]

23:28:32.243 [main] INFO  i.g.o.y2018.j_voting.ReadProfile - isIncludedIn

23:28:32.243 [main] DEBUG i.g.o.y2018.j_voting.ReadProfile - calling preferences : [1, 2, 3], parameter preferences : [3, 2, 1]

23:28:32.243 [main] INFO  i.g.o.y2018.j_voting.ReadProfile - isIncludedIn

23:28:32.243 [main] DEBUG i.g.o.y2018.j_voting.ReadProfile - calling preferences : [3, 2, 1], parameter preferences : [1, 2, 3]

23:28:32.243 [main] DEBUG i.g.o.y2018.j_voting.ReadProfile - next preferences : [1, 2, 3]

23:28:32.243 [main] INFO  i.g.o.y2018.j_voting.ReadProfile - hasSameAlternatives

23:28:32.243 [main] DEBUG i.g.o.y2018.j_voting.ReadProfile - calling preferences : [1, 2, 3], parameter preferences : [1, 2, 3]

23:28:32.243 [main] INFO  i.g.o.y2018.j_voting.ReadProfile - isIncludedIn

23:28:32.243 [main] DEBUG i.g.o.y2018.j_voting.ReadProfile - calling preferences : [1, 2, 3], parameter preferences : [1, 2, 3]

23:28:32.243 [main] INFO  i.g.o.y2018.j_voting.ReadProfile - isIncludedIn

23:28:32.243 [main] DEBUG i.g.o.y2018.j_voting.ReadProfile - calling preferences : [1, 2, 3], parameter preferences : [1, 2, 3]

23:28:32.243 [main] DEBUG i.g.o.y2018.j_voting.ReadProfile - next preferences : [1, 2, 3]

23:28:32.243 [main] INFO  i.g.o.y2018.j_voting.ReadProfile - hasSameAlternatives

23:28:32.243 [main] DEBUG i.g.o.y2018.j_voting.ReadProfile - calling preferences : [1, 2, 3], parameter preferences : [1, 2, 3]

23:28:32.243 [main] INFO  i.g.o.y2018.j_voting.ReadProfile - isIncludedIn

23:28:32.243 [main] DEBUG i.g.o.y2018.j_voting.ReadProfile - calling preferences : [1, 2, 3], parameter preferences : [1, 2, 3]

23:28:32.243 [main] INFO  i.g.o.y2018.j_voting.ReadProfile - isIncludedIn

23:28:32.243 [main] DEBUG i.g.o.y2018.j_voting.ReadProfile - calling preferences : [1, 2, 3], parameter preferences : [1, 2, 3]

23:28:32.243 [main] DEBUG i.g.o.y2018.j_voting.ReadProfile - next preferences : [1, 2, 3]

23:28:32.243 [main] INFO  i.g.o.y2018.j_voting.ReadProfile - hasSameAlternatives

23:28:32.243 [main] DEBUG i.g.o.y2018.j_voting.ReadProfile - calling preferences : [1, 2, 3], parameter preferences : [1, 2, 3]

23:28:32.243 [main] INFO  i.g.o.y2018.j_voting.ReadProfile - isIncludedIn

23:28:32.243 [main] DEBUG i.g.o.y2018.j_voting.ReadProfile - calling preferences : [1, 2, 3], parameter preferences : [1, 2, 3]

23:28:32.243 [main] INFO  i.g.o.y2018.j_voting.ReadProfile - isIncludedIn

23:28:32.243 [main] DEBUG i.g.o.y2018.j_voting.ReadProfile - calling preferences : [1, 2, 3], parameter preferences : [1, 2, 3]

23:28:32.243 [main] DEBUG i.g.o.y2018.j_voting.ReadProfile - Profile is complete.

23:28:32.247 [main] INFO  i.g.o.y2018.j_voting.ReadProfile - StrictPreference constructor

23:28:32.247 [main] DEBUG i.g.o.y2018.j_voting.ReadProfile - parameter : preferences = [1, 2, 3, 4, 5]

23:28:32.247 [main] DEBUG i.g.o.y2018.j_voting.ReadProfile - List of preferences : [1, 2, 3, 4, 5]

23:28:32.248 [main] INFO  i.g.o.y2018.j_voting.ReadProfile - StrictPreference constructor

23:28:32.248 [main] DEBUG i.g.o.y2018.j_voting.ReadProfile - parameter : preferences = [1, 2, 3, 4, 5]

23:28:32.248 [main] DEBUG i.g.o.y2018.j_voting.ReadProfile - List of preferences : [1, 2, 3, 4, 5]

23:28:32.248 [main] INFO  i.g.o.y2018.j_voting.ReadProfile - StrictPreference constructor

23:28:32.248 [main] DEBUG i.g.o.y2018.j_voting.ReadProfile - parameter : preferences = [1, 3, 2, 5, 4]

23:28:32.248 [main] DEBUG i.g.o.y2018.j_voting.ReadProfile - List of preferences : [1, 3, 2, 5, 4]

23:28:32.248 [main] INFO  i.g.o.y2018.j_voting.ReadProfile - StrictPreference constructor

23:28:32.248 [main] DEBUG i.g.o.y2018.j_voting.ReadProfile - parameter : preferences = [1, 2, 3, 4, 5]

23:28:32.248 [main] DEBUG i.g.o.y2018.j_voting.ReadProfile - List of preferences : [1, 2, 3, 4, 5]

23:28:32.248 [main] INFO  i.g.o.y2018.j_voting.ReadProfile - hasSameAlternatives

23:28:32.248 [main] DEBUG i.g.o.y2018.j_voting.ReadProfile - calling preferences : [1, 3, 2, 5, 4], parameter preferences : [1, 2, 3, 4, 5]

23:28:32.248 [main] INFO  i.g.o.y2018.j_voting.ReadProfile - isIncludedIn

23:28:32.248 [main] DEBUG i.g.o.y2018.j_voting.ReadProfile - calling preferences : [1, 3, 2, 5, 4], parameter preferences : [1, 2, 3, 4, 5]

23:28:32.249 [main] INFO  i.g.o.y2018.j_voting.ReadProfile - StrictPreference constructor

23:28:32.249 [main] DEBUG i.g.o.y2018.j_voting.ReadProfile - parameter : preferences = [3, 1, 2]

23:28:32.249 [main] DEBUG i.g.o.y2018.j_voting.ReadProfile - List of preferences : [3, 1, 2]

23:28:32.249 [main] INFO  i.g.o.y2018.j_voting.ReadProfile - StrictPreference constructor

23:28:32.249 [main] DEBUG i.g.o.y2018.j_voting.ReadProfile - parameter : preferences = [1, 2, 3, 4, 5]

23:28:32.249 [main] DEBUG i.g.o.y2018.j_voting.ReadProfile - List of preferences : [1, 2, 3, 4, 5]

23:28:32.250 [main] INFO  i.g.o.y2018.j_voting.ReadProfile - isIncludedIn

23:28:32.250 [main] DEBUG i.g.o.y2018.j_voting.ReadProfile - calling preferences : [3, 1, 2], parameter preferences : [1, 2, 3, 4, 5]

23:28:32.250 [main] INFO  i.g.o.y2018.j_voting.ReadProfile - StrictPreference constructor

23:28:32.251 [main] DEBUG i.g.o.y2018.j_voting.ReadProfile - parameter : preferences = [1, 2, 3, 4, 5]

23:28:32.251 [main] DEBUG i.g.o.y2018.j_voting.ReadProfile - List of preferences : [1, 2, 3, 4, 5]

23:28:32.251 [main] INFO  i.g.o.y2018.j_voting.ReadProfile - StrictPreference constructor

23:28:32.251 [main] DEBUG i.g.o.y2018.j_voting.ReadProfile - parameter : preferences = [1, 2, 3, 4, 5]

23:28:32.251 [main] DEBUG i.g.o.y2018.j_voting.ReadProfile - List of preferences : [1, 2, 3, 4, 5]

23:28:32.252 [main] INFO  i.g.o.y2018.j_voting.ReadProfile - StrictPreference constructor

23:28:32.252 [main] DEBUG i.g.o.y2018.j_voting.ReadProfile - parameter : preferences = [1, 2, 3, 4, 5]

23:28:32.252 [main] DEBUG i.g.o.y2018.j_voting.ReadProfile - List of preferences : [1, 2, 3, 4, 5]

23:28:32.252 [main] INFO  i.g.o.y2018.j_voting.ReadProfile - equals

23:28:32.252 [main] DEBUG i.g.o.y2018.j_voting.ReadProfile - calling preferences : [1, 2, 3, 4, 5], parameter preferences : [1, 2, 3, 4, 5]

23:28:32.254 [main] INFO  i.g.o.y2018.j_voting.ReadProfile - equals

23:28:32.254 [main] DEBUG i.g.o.y2018.j_voting.ReadProfile - id of calling alternative : 7 , id of alternative parameter : 7

23:28:32.254 [main] DEBUG i.g.o.y2018.j_voting.ReadProfile - returns true
