[INFO ] fr.inria.main.evolution.AstorMain.setupLogging(AstorMain.java:273) - Log file at: ./workspace/zeebe-io/zeebe/389083388/repairnator.astor.mutation.log
[INFO ] fr.inria.main.AbstractMain.determineSourceFolders(AbstractMain.java:810) - Source folders: [/root/workspace/zeebe-io/zeebe/389083388/broker-core/src/main/java]
[INFO ] fr.inria.main.AbstractMain.determineSourceFolders(AbstractMain.java:829) - Source Test folders: [/root/workspace/zeebe-io/zeebe/389083388/broker-core/src/test/java]
[INFO ] fr.inria.astor.core.faultlocalization.gzoltar.GZoltarFaultLocalization.calculateSuspicious(GZoltarFaultLocalization.java:74) - -Executing Gzoltar classpath: /root/./output_astor/AstorMain-broker-core//bin//default from 37 classes with test cases
[INFO ] fr.inria.astor.core.faultlocalization.gzoltar.GZoltarFaultLocalization.searchSuspicious(GZoltarFaultLocalization.java:148) - Gzoltar fault localization: min susp value parameter: 0.1
[INFO ] fr.inria.astor.core.faultlocalization.gzoltar.GZoltarFaultLocalization.searchSuspicious(GZoltarFaultLocalization.java:168) - -gz-Adding classpath: [/root/./workspace/zeebe-io/zeebe/389083388/.m2/org/assertj/assertj-core/3.8.0/assertj-core-3.8.0.jar, /root/./workspace/zeebe-io/zeebe/389083388/.m2/io/zeebe/zb-service-container/0.11.0-SNAPSHOT/zb-service-container-0.11.0-SNAPSHOT.jar, /root/./workspace/zeebe-io/zeebe/389083388/.m2/org/slf4j/slf4j-api/1.7.23/slf4j-api-1.7.23.jar, /root/./workspace/zeebe-io/zeebe/389083388/.m2/org/openjdk/jmh/jmh-core/1.11.2/jmh-core-1.11.2.jar, /root/./workspace/zeebe-io/zeebe/389083388/.m2/org/apache/logging/log4j/log4j-slf4j-impl/2.8.1/log4j-slf4j-impl-2.8.1.jar, /root/./workspace/zeebe-io/zeebe/389083388/.m2/com/moandjiezana/toml/toml4j/0.5.1/toml4j-0.5.1.jar, /root/./workspace/zeebe-io/zeebe/389083388/.m2/org/msgpack/msgpack-core/0.8.16/msgpack-core-0.8.16.jar, /root/./workspace/zeebe-io/zeebe/389083388/.m2/io/zeebe/zb-map/0.11.0-SNAPSHOT/zb-map-0.11.0-SNAPSHOT.jar, /root/./workspace/zeebe-io/zeebe/389083388/.m2/io/zeebe/zb-gossip/0.11.0-SNAPSHOT/zb-gossip-0.11.0-SNAPSHOT.jar, /root/./workspace/zeebe-io/zeebe/389083388/.m2/org/apache/commons/commons-math3/3.2/commons-math3-3.2.jar, /root/./workspace/zeebe-io/zeebe/389083388/.m2/one/util/streamex/0.6.6/streamex-0.6.6.jar, /root/./workspace/zeebe-io/zeebe/389083388/.m2/io/zeebe/zb-msgpack-json-path/0.11.0-SNAPSHOT/zb-msgpack-json-path-0.11.0-SNAPSHOT.jar, /root/./workspace/zeebe-io/zeebe/389083388/.m2/io/zeebe/zb-msgpack-value/0.11.0-SNAPSHOT/zb-msgpack-value-0.11.0-SNAPSHOT.jar, /root/./workspace/zeebe-io/zeebe/389083388/.m2/io/zeebe/zb-dispatcher/0.11.0-SNAPSHOT/zb-dispatcher-0.11.0-SNAPSHOT.jar, /root/./workspace/zeebe-io/zeebe/389083388/.m2/io/zeebe/zb-util/0.11.0-SNAPSHOT/zb-util-0.11.0-SNAPSHOT.jar, /root/./workspace/zeebe-io/zeebe/389083388/.m2/io/zeebe/zb-bpmn-model/0.11.0-SNAPSHOT/zb-bpmn-model-0.11.0-SNAPSHOT.jar, /root/./workspace/zeebe-io/zeebe/389083388/.m2/org/agrona/agrona/0.9.13/agrona-0.9.13.jar, /root/./workspace/zeebe-io/zeebe/389083388/.m2/org/openjdk/jmh/jmh-generator-annprocess/1.11.2/jmh-generator-annprocess-1.11.2.jar, /root/./workspace/zeebe-io/zeebe/389083388/.m2/io/zeebe/zb-msgpack-core/0.11.0-SNAPSHOT/zb-msgpack-core-0.11.0-SNAPSHOT.jar, /root/./workspace/zeebe-io/zeebe/389083388/.m2/io/zeebe/zb-msgpack-json-el/0.11.0-SNAPSHOT/zb-msgpack-json-el-0.11.0-SNAPSHOT.jar, /root/./workspace/zeebe-io/zeebe/389083388/.m2/org/yaml/snakeyaml/1.18/snakeyaml-1.18.jar, /root/./output_astor/AstorMain-broker-core//bin//default, /root/./workspace/zeebe-io/zeebe/389083388/.m2/org/mockito/mockito-core/2.13.0/mockito-core-2.13.0.jar, /root/./workspace/zeebe-io/zeebe/389083388/.m2/org/apache/logging/log4j/log4j-core/2.8.1/log4j-core-2.8.1.jar, /root/./workspace/zeebe-io/zeebe/389083388/.m2/org/scala-lang/scala-library/2.12.2/scala-library-2.12.2.jar, /root/./workspace/zeebe-io/zeebe/389083388/.m2/org/scala-lang/modules/scala-parser-combinators_2.12/1.0.6/scala-parser-combinators_2.12-1.0.6.jar, /root/./workspace/zeebe-io/zeebe/389083388/.m2/net/sf/jopt-simple/jopt-simple/4.6/jopt-simple-4.6.jar, /root/./workspace/zeebe-io/zeebe/389083388/.m2/org/objenesis/objenesis/2.6/objenesis-2.6.jar, /root/./workspace/zeebe-io/zeebe/389083388/.m2/io/zeebe/zb-logstreams/0.11.0-SNAPSHOT/zb-logstreams-0.11.0-SNAPSHOT.jar, /root/./workspace/zeebe-io/zeebe/389083388/.m2/junit/junit/4.12/junit-4.12.jar, /root/./workspace/zeebe-io/zeebe/389083388/.m2/com/fasterxml/jackson/core/jackson-core/2.9.5/jackson-core-2.9.5.jar, /root/./workspace/zeebe-io/zeebe/389083388/.m2/com/fasterxml/jackson/dataformat/jackson-dataformat-yaml/2.9.5/jackson-dataformat-yaml-2.9.5.jar, /root/./workspace/zeebe-io/zeebe/389083388/.m2/net/bytebuddy/byte-buddy/1.7.9/byte-buddy-1.7.9.jar, /root/./workspace/zeebe-io/zeebe/389083388/.m2/io/zeebe/zb-test-util/0.11.0-SNAPSHOT/zb-test-util-0.11.0-SNAPSHOT.jar, /root/./workspace/zeebe-io/zeebe/389083388/.m2/org/msgpack/jackson-dataformat-msgpack/0.8.16/jackson-dataformat-msgpack-0.8.16.jar, /root/./workspace/zeebe-io/zeebe/389083388/.m2/com/google/code/gson/gson/2.3.1/gson-2.3.1.jar, /root/./workspace/zeebe-io/zeebe/389083388/.m2/io/zeebe/zeebe-protocol-test-util/0.11.0-SNAPSHOT/zeebe-protocol-test-util-0.11.0-SNAPSHOT.jar, /root/./workspace/zeebe-io/zeebe/389083388/.m2/net/bytebuddy/byte-buddy-agent/1.7.9/byte-buddy-agent-1.7.9.jar, /root/./workspace/zeebe-io/zeebe/389083388/.m2/io/zeebe/zb-protocol/0.11.0-SNAPSHOT/zb-protocol-0.11.0-SNAPSHOT.jar, /root/./workspace/zeebe-io/zeebe/389083388/.m2/io/zeebe/zb-raft/0.11.0-SNAPSHOT/zb-raft-0.11.0-SNAPSHOT.jar, /root/./workspace/zeebe-io/zeebe/389083388/.m2/com/fasterxml/jackson/core/jackson-annotations/2.9.0/jackson-annotations-2.9.0.jar, /root/./workspace/zeebe-io/zeebe/389083388/.m2/com/fasterxml/jackson/core/jackson-databind/2.9.5/jackson-databind-2.9.5.jar, /root/./workspace/zeebe-io/zeebe/389083388/.m2/io/zeebe/zb-transport/0.11.0-SNAPSHOT/zb-transport-0.11.0-SNAPSHOT.jar, /root/./workspace/zeebe-io/zeebe/389083388/.m2/org/hamcrest/hamcrest-core/1.3/hamcrest-core-1.3.jar, /root/./workspace/zeebe-io/zeebe/389083388/.m2/org/hamcrest/hamcrest-library/1.3/hamcrest-library-1.3.jar, /root/./workspace/zeebe-io/zeebe/389083388/.m2/org/apache/logging/log4j/log4j-api/2.8.1/log4j-api-2.8.1.jar, /root/./workspace/zeebe-io/zeebe/389083388/.m2/uk/co/real-logic/sbe-tool/1.5.6/sbe-tool-1.5.6.jar]
[INFO ] fr.inria.astor.core.faultlocalization.gzoltar.GZoltarFaultLocalization.searchSuspicious(GZoltarFaultLocalization.java:205) - Test failt: io.zeebe.broker.job.CompleteJobTest#shouldRejectCompletionIfJobNotFound
[INFO ] fr.inria.astor.core.faultlocalization.gzoltar.GZoltarFaultLocalization.searchSuspicious(GZoltarFaultLocalization.java:205) - Test failt: io.zeebe.broker.job.CompleteJobTest#shouldCompleteIfNotWorker
[INFO ] fr.inria.astor.core.faultlocalization.gzoltar.GZoltarFaultLocalization.searchSuspicious(GZoltarFaultLocalization.java:205) - Test failt: io.zeebe.broker.job.CompleteJobTest#shouldRejectCompletionIfJobNotActivated
[INFO ] fr.inria.astor.core.faultlocalization.gzoltar.GZoltarFaultLocalization.searchSuspicious(GZoltarFaultLocalization.java:205) - Test failt: io.zeebe.broker.job.CompleteJobTest#shouldRejectCompletionIfPayloadIsInvalid
[INFO ] fr.inria.astor.core.faultlocalization.gzoltar.GZoltarFaultLocalization.searchSuspicious(GZoltarFaultLocalization.java:205) - Test failt: io.zeebe.broker.job.CompleteJobTest#shouldCompleteJob
[INFO ] fr.inria.astor.core.faultlocalization.gzoltar.GZoltarFaultLocalization.searchSuspicious(GZoltarFaultLocalization.java:205) - Test failt: io.zeebe.broker.job.CompleteJobTest#shouldRejectCompletionIfJobIsCompleted
[INFO ] fr.inria.astor.core.faultlocalization.gzoltar.GZoltarFaultLocalization.searchSuspicious(GZoltarFaultLocalization.java:205) - Test failt: io.zeebe.broker.topic.RequestPartitionsTest#shouldReturnCreatedPartitionsAfterRestart
[INFO ] fr.inria.astor.core.faultlocalization.gzoltar.GZoltarFaultLocalization.searchSuspicious(GZoltarFaultLocalization.java:205) - Test failt: io.zeebe.broker.topic.RequestPartitionsTest#shouldReturnCreatedPartitions
[INFO ] fr.inria.astor.core.faultlocalization.gzoltar.GZoltarFaultLocalization.searchSuspicious(GZoltarFaultLocalization.java:205) - Test failt: io.zeebe.broker.topic.RequestPartitionsTest#shouldRespondWithErrorWhenRequestAddressesNonSystemPartition
[INFO ] fr.inria.astor.core.faultlocalization.gzoltar.GZoltarFaultLocalization.searchSuspicious(GZoltarFaultLocalization.java:205) - Test failt: io.zeebe.broker.workflow.CreateWorkflowInstanceTest#shouldCreateWorkflowInstanceOnAllPartitions
[INFO ] fr.inria.astor.core.faultlocalization.gzoltar.GZoltarFaultLocalization.searchSuspicious(GZoltarFaultLocalization.java:205) - Test failt: io.zeebe.broker.workflow.CreateWorkflowInstanceTest#shouldCreateWorkflowInstanceByWorkflowKeyAndPreviousVersion
[INFO ] fr.inria.astor.core.faultlocalization.gzoltar.GZoltarFaultLocalization.searchSuspicious(GZoltarFaultLocalization.java:205) - Test failt: io.zeebe.broker.workflow.CreateWorkflowInstanceTest#shouldCreateMultipleWorkflowInstancesForDifferentBpmnProcessIds
[INFO ] fr.inria.astor.core.faultlocalization.gzoltar.GZoltarFaultLocalization.searchSuspicious(GZoltarFaultLocalization.java:205) - Test failt: io.zeebe.broker.workflow.CreateWorkflowInstanceTest#shouldRejectWorkflowInstanceCreation
[INFO ] fr.inria.astor.core.faultlocalization.gzoltar.GZoltarFaultLocalization.searchSuspicious(GZoltarFaultLocalization.java:205) - Test failt: io.zeebe.broker.workflow.CreateWorkflowInstanceTest#shouldCreateWorkflowInstanceByBpmnProcessIdAndPreviosuVersion
[INFO ] fr.inria.astor.core.faultlocalization.gzoltar.GZoltarFaultLocalization.searchSuspicious(GZoltarFaultLocalization.java:205) - Test failt: io.zeebe.broker.workflow.CreateWorkflowInstanceTest#shouldCreateInstanceOfYamlWorkflow
[INFO ] fr.inria.astor.core.faultlocalization.gzoltar.GZoltarFaultLocalization.searchSuspicious(GZoltarFaultLocalization.java:205) - Test failt: io.zeebe.broker.workflow.CreateWorkflowInstanceTest#shouldCreateWorkflowInstanceOfCollaboration
[INFO ] fr.inria.astor.core.faultlocalization.gzoltar.GZoltarFaultLocalization.searchSuspicious(GZoltarFaultLocalization.java:205) - Test failt: io.zeebe.broker.workflow.CreateWorkflowInstanceTest#shouldCreateWorkflowInstanceByWorkflowKeyAndLatestVersion
[INFO ] fr.inria.astor.core.faultlocalization.gzoltar.GZoltarFaultLocalization.searchSuspicious(GZoltarFaultLocalization.java:205) - Test failt: io.zeebe.broker.workflow.CreateWorkflowInstanceTest#shouldCreateWorkflowInstanceByBpmnProcessIdAndLatestVersion
[INFO ] fr.inria.astor.core.faultlocalization.gzoltar.GZoltarFaultLocalization.searchSuspicious(GZoltarFaultLocalization.java:205) - Test failt: io.zeebe.broker.workflow.CreateWorkflowInstanceTest#shouldCreateWorkflowInstanceWithPayload
[INFO ] fr.inria.astor.core.faultlocalization.gzoltar.GZoltarFaultLocalization.searchSuspicious(GZoltarFaultLocalization.java:205) - Test failt: io.zeebe.broker.workflow.CreateWorkflowInstanceTest#shouldCreateWorkflowInstanceByBpmnProcessId
[INFO ] fr.inria.astor.core.faultlocalization.gzoltar.GZoltarFaultLocalization.searchSuspicious(GZoltarFaultLocalization.java:205) - Test failt: io.zeebe.broker.workflow.CreateWorkflowInstanceTest#shouldCreateMultipleWorkflowInstancesForDifferentVersionsAfterTimeout
[INFO ] fr.inria.astor.core.faultlocalization.gzoltar.GZoltarFaultLocalization.searchSuspicious(GZoltarFaultLocalization.java:205) - Test failt: io.zeebe.broker.workflow.CreateWorkflowInstanceTest#shouldRejectWorkflowInstanceWithInvalidPayload
[INFO ] fr.inria.astor.core.faultlocalization.gzoltar.GZoltarFaultLocalization.searchSuspicious(GZoltarFaultLocalization.java:205) - Test failt: io.zeebe.broker.workflow.CreateWorkflowInstanceTest#shouldCreateMultipleWorkflowInstancesForDifferentVersionsOnForceRefresh
[INFO ] fr.inria.astor.core.faultlocalization.gzoltar.GZoltarFaultLocalization.searchSuspicious(GZoltarFaultLocalization.java:205) - Test failt: io.zeebe.broker.workflow.WorkflowInstanceFunctionalTest#shouldCompleteWorkflowInstance
[INFO ] fr.inria.astor.core.faultlocalization.gzoltar.GZoltarFaultLocalization.searchSuspicious(GZoltarFaultLocalization.java:205) - Test failt: io.zeebe.broker.workflow.WorkflowInstanceFunctionalTest#shouldCreateJobWithWorkflowInstanceAndCustomHeaders
[INFO ] fr.inria.astor.core.faultlocalization.gzoltar.GZoltarFaultLocalization.searchSuspicious(GZoltarFaultLocalization.java:205) - Test failt: io.zeebe.broker.workflow.WorkflowInstanceFunctionalTest#shouldActivateServiceTask
[INFO ] fr.inria.astor.core.faultlocalization.gzoltar.GZoltarFaultLocalization.searchSuspicious(GZoltarFaultLocalization.java:205) - Test failt: io.zeebe.broker.workflow.WorkflowInstanceFunctionalTest#shouldConsumeTokenIfEventHasNoOutgoingSequenceflow
[INFO ] fr.inria.astor.core.faultlocalization.gzoltar.GZoltarFaultLocalization.searchSuspicious(GZoltarFaultLocalization.java:205) - Test failt: io.zeebe.broker.workflow.WorkflowInstanceFunctionalTest#shouldOccureEndEvent
[INFO ] fr.inria.astor.core.faultlocalization.gzoltar.GZoltarFaultLocalization.searchSuspicious(GZoltarFaultLocalization.java:205) - Test failt: io.zeebe.broker.workflow.WorkflowInstanceFunctionalTest#shouldSpitOnExclusiveGateway
[INFO ] fr.inria.astor.core.faultlocalization.gzoltar.GZoltarFaultLocalization.searchSuspicious(GZoltarFaultLocalization.java:205) - Test failt: io.zeebe.broker.workflow.WorkflowInstanceFunctionalTest#shouldCompleteServiceTaskWhenTaskIsCompleted
[INFO ] fr.inria.astor.core.faultlocalization.gzoltar.GZoltarFaultLocalization.searchSuspicious(GZoltarFaultLocalization.java:205) - Test failt: io.zeebe.broker.workflow.WorkflowInstanceFunctionalTest#shouldCreateTaskWhenServiceTaskIsActivated
[INFO ] fr.inria.astor.core.faultlocalization.gzoltar.GZoltarFaultLocalization.searchSuspicious(GZoltarFaultLocalization.java:205) - Test failt: io.zeebe.broker.workflow.WorkflowInstanceFunctionalTest#shouldConsumeTokenIfActivityHasNoOutgoingSequenceflow
[INFO ] fr.inria.astor.core.faultlocalization.gzoltar.GZoltarFaultLocalization.searchSuspicious(GZoltarFaultLocalization.java:205) - Test failt: io.zeebe.broker.workflow.WorkflowInstanceFunctionalTest#shouldTakeSequenceFlowFromStartEvent
[INFO ] fr.inria.astor.core.faultlocalization.gzoltar.GZoltarFaultLocalization.searchSuspicious(GZoltarFaultLocalization.java:205) - Test failt: io.zeebe.broker.workflow.WorkflowInstanceFunctionalTest#shouldJoinOnExclusiveGateway
[INFO ] fr.inria.astor.core.faultlocalization.gzoltar.GZoltarFaultLocalization.searchSuspicious(GZoltarFaultLocalization.java:205) - Test failt: io.zeebe.broker.workflow.WorkflowInstanceFunctionalTest#shouldCreateAndCompleteInstanceOfYamlWorkflow
[INFO ] fr.inria.astor.core.faultlocalization.gzoltar.GZoltarFaultLocalization.searchSuspicious(GZoltarFaultLocalization.java:205) - Test failt: io.zeebe.broker.workflow.WorkflowInstanceFunctionalTest#testWorkflowInstanceStatesWithExclusiveGateway
[INFO ] fr.inria.astor.core.faultlocalization.gzoltar.GZoltarFaultLocalization.searchSuspicious(GZoltarFaultLocalization.java:205) - Test failt: io.zeebe.broker.workflow.WorkflowInstanceFunctionalTest#shouldStartWorkflowInstanceAtNoneStartEvent
[INFO ] fr.inria.astor.core.faultlocalization.gzoltar.GZoltarFaultLocalization.searchSuspicious(GZoltarFaultLocalization.java:205) - Test failt: io.zeebe.broker.workflow.WorkflowInstanceFunctionalTest#testWorkflowInstanceStatesWithServiceTask
[INFO ] fr.inria.astor.core.faultlocalization.gzoltar.GZoltarFaultLocalization.searchSuspicious(GZoltarFaultLocalization.java:205) - Test failt: io.zeebe.broker.job.JobSubscriptionTest#shouldNotPublishJobOfDifferentType
[INFO ] fr.inria.astor.core.faultlocalization.gzoltar.GZoltarFaultLocalization.searchSuspicious(GZoltarFaultLocalization.java:205) - Test failt: io.zeebe.broker.job.JobSubscriptionTest#shouldRejectSubscriptionWithoutWorker
[INFO ] fr.inria.astor.core.faultlocalization.gzoltar.GZoltarFaultLocalization.searchSuspicious(GZoltarFaultLocalization.java:205) - Test failt: io.zeebe.broker.job.JobSubscriptionTest#shouldCloseSubscriptionOnTransportChannelClose
[INFO ] fr.inria.astor.core.faultlocalization.gzoltar.GZoltarFaultLocalization.searchSuspicious(GZoltarFaultLocalization.java:205) - Test failt: io.zeebe.broker.job.JobSubscriptionTest#shouldIgnoreCreditsRequestIfSubscriptionDoesNotExist
[INFO ] fr.inria.astor.core.faultlocalization.gzoltar.GZoltarFaultLocalization.searchSuspicious(GZoltarFaultLocalization.java:205) - Test failt: io.zeebe.broker.job.JobSubscriptionTest#shouldRemoveJobSubscription
[INFO ] fr.inria.astor.core.faultlocalization.gzoltar.GZoltarFaultLocalization.searchSuspicious(GZoltarFaultLocalization.java:205) - Test failt: io.zeebe.broker.job.JobSubscriptionTest#shouldPublishJobsToSecondSubscription
[INFO ] fr.inria.astor.core.faultlocalization.gzoltar.GZoltarFaultLocalization.searchSuspicious(GZoltarFaultLocalization.java:205) - Test failt: io.zeebe.broker.job.JobSubscriptionTest#shouldRejectSubscriptionWithZeroCredits
[INFO ] fr.inria.astor.core.faultlocalization.gzoltar.GZoltarFaultLocalization.searchSuspicious(GZoltarFaultLocalization.java:205) - Test failt: io.zeebe.broker.job.JobSubscriptionTest#shouldActivateJobsUntilCreditsAreExhausted
[INFO ] fr.inria.astor.core.faultlocalization.gzoltar.GZoltarFaultLocalization.searchSuspicious(GZoltarFaultLocalization.java:205) - Test failt: io.zeebe.broker.job.JobSubscriptionTest#shouldDistributeJobsInRoundRobinFashion
[INFO ] fr.inria.astor.core.faultlocalization.gzoltar.GZoltarFaultLocalization.searchSuspicious(GZoltarFaultLocalization.java:205) - Test failt: io.zeebe.broker.job.JobSubscriptionTest#shouldOpenSubscriptionConcurrentWithRemoval
[INFO ] fr.inria.astor.core.faultlocalization.gzoltar.GZoltarFaultLocalization.searchSuspicious(GZoltarFaultLocalization.java:205) - Test failt: io.zeebe.broker.job.JobSubscriptionTest#shouldRejectSubscriptionWithNegativeCredits
[INFO ] fr.inria.astor.core.faultlocalization.gzoltar.GZoltarFaultLocalization.searchSuspicious(GZoltarFaultLocalization.java:205) - Test failt: io.zeebe.broker.job.JobSubscriptionTest#shouldContinueRoundRobinJobDistributionAfterClientChannelClose
[INFO ] fr.inria.astor.core.faultlocalization.gzoltar.GZoltarFaultLocalization.searchSuspicious(GZoltarFaultLocalization.java:205) - Test failt: io.zeebe.broker.job.JobSubscriptionTest#shouldIncreaseSubscriptionCredits
[INFO ] fr.inria.astor.core.faultlocalization.gzoltar.GZoltarFaultLocalization.searchSuspicious(GZoltarFaultLocalization.java:205) - Test failt: io.zeebe.broker.job.JobSubscriptionTest#shouldNotPublishJobWithoutRetries
[INFO ] fr.inria.astor.core.faultlocalization.gzoltar.GZoltarFaultLocalization.searchSuspicious(GZoltarFaultLocalization.java:205) - Test failt: io.zeebe.broker.job.JobSubscriptionTest#shouldRejectSubscriptionWithExcessiveWorkerName
[INFO ] fr.inria.astor.core.faultlocalization.gzoltar.GZoltarFaultLocalization.searchSuspicious(GZoltarFaultLocalization.java:205) - Test failt: io.zeebe.broker.job.JobSubscriptionTest#shouldRejectSubscriptionWithZeroTimeout
[INFO ] fr.inria.astor.core.faultlocalization.gzoltar.GZoltarFaultLocalization.searchSuspicious(GZoltarFaultLocalization.java:205) - Test failt: io.zeebe.broker.job.JobSubscriptionTest#shouldRejectCreditsEqualToZero
[INFO ] fr.inria.astor.core.faultlocalization.gzoltar.GZoltarFaultLocalization.searchSuspicious(GZoltarFaultLocalization.java:205) - Test failt: io.zeebe.broker.job.JobSubscriptionTest#shouldRejectSubscriptionWithNegativeTimeout
[INFO ] fr.inria.astor.core.faultlocalization.gzoltar.GZoltarFaultLocalization.searchSuspicious(GZoltarFaultLocalization.java:205) - Test failt: io.zeebe.broker.job.JobSubscriptionTest#shouldAddJobSubscription
[INFO ] fr.inria.astor.core.faultlocalization.gzoltar.GZoltarFaultLocalization.searchSuspicious(GZoltarFaultLocalization.java:205) - Test failt: io.zeebe.broker.job.JobSubscriptionTest#shouldRejectNegativeCredits
[INFO ] fr.inria.astor.core.faultlocalization.gzoltar.GZoltarFaultLocalization.searchSuspicious(GZoltarFaultLocalization.java:205) - Test failt: io.zeebe.broker.job.JobSubscriptionTest#shouldNoLongerActivateJobsAfterRemoval
[INFO ] fr.inria.astor.core.faultlocalization.gzoltar.GZoltarFaultLocalization.searchSuspicious(GZoltarFaultLocalization.java:205) - Test failt: io.zeebe.broker.job.JobSubscriptionTest#shouldAddJobSubscriptionsForDifferentTypes
[INFO ] fr.inria.astor.core.faultlocalization.gzoltar.GZoltarFaultLocalization.searchSuspicious(GZoltarFaultLocalization.java:205) - Test failt: io.zeebe.broker.clustering.management.state.KnownTopicsTest#shouldContainSystemTopic
[INFO ] fr.inria.astor.core.faultlocalization.gzoltar.GZoltarFaultLocalization.searchSuspicious(GZoltarFaultLocalization.java:205) - Test failt: io.zeebe.broker.clustering.management.state.KnownTopicsTest#shouldContainSystemTopicAfterRestart
[INFO ] fr.inria.astor.core.faultlocalization.gzoltar.GZoltarFaultLocalization.searchSuspicious(GZoltarFaultLocalization.java:205) - Test failt: io.zeebe.broker.workflow.WorkflowRepositoryClientApiTest#shouldRequestWorkflowByKey
[INFO ] fr.inria.astor.core.faultlocalization.gzoltar.GZoltarFaultLocalization.searchSuspicious(GZoltarFaultLocalization.java:205) - Test failt: io.zeebe.broker.workflow.WorkflowRepositoryClientApiTest#shouldRequestLatestWorkflowBpmnProcessId
[INFO ] fr.inria.astor.core.faultlocalization.gzoltar.GZoltarFaultLocalization.searchSuspicious(GZoltarFaultLocalization.java:205) - Test failt: io.zeebe.broker.workflow.WorkflowRepositoryClientApiTest#shouldNotGetWorkflowByExistingBpmnProcessKeyAndNonExistingVersion
[INFO ] fr.inria.astor.core.faultlocalization.gzoltar.GZoltarFaultLocalization.searchSuspicious(GZoltarFaultLocalization.java:205) - Test failt: io.zeebe.broker.workflow.WorkflowRepositoryClientApiTest#shouldListWorkflowByTopic
[INFO ] fr.inria.astor.core.faultlocalization.gzoltar.GZoltarFaultLocalization.searchSuspicious(GZoltarFaultLocalization.java:205) - Test failt: io.zeebe.broker.workflow.WorkflowRepositoryClientApiTest#shouldListMultipleWorkflowsByTopic
[INFO ] fr.inria.astor.core.faultlocalization.gzoltar.GZoltarFaultLocalization.searchSuspicious(GZoltarFaultLocalization.java:205) - Test failt: io.zeebe.broker.workflow.WorkflowRepositoryClientApiTest#shouldListWorkflowsByTopicAndBpmnProcessIdIfNothingDeployed
[INFO ] fr.inria.astor.core.faultlocalization.gzoltar.GZoltarFaultLocalization.searchSuspicious(GZoltarFaultLocalization.java:205) - Test failt: io.zeebe.broker.workflow.WorkflowRepositoryClientApiTest#shouldNotGetWorkflowByNonExistingBpmnProcessKeyAndVersion
[INFO ] fr.inria.astor.core.faultlocalization.gzoltar.GZoltarFaultLocalization.searchSuspicious(GZoltarFaultLocalization.java:205) - Test failt: io.zeebe.broker.workflow.WorkflowRepositoryClientApiTest#shouldGetWorkflowVersionBpmnProcessId
[INFO ] fr.inria.astor.core.faultlocalization.gzoltar.GZoltarFaultLocalization.searchSuspicious(GZoltarFaultLocalization.java:205) - Test failt: io.zeebe.broker.workflow.WorkflowRepositoryClientApiTest#shouldListWorkflowsByTopicAndBpmnProcessId
[INFO ] fr.inria.astor.core.faultlocalization.gzoltar.GZoltarFaultLocalization.searchSuspicious(GZoltarFaultLocalization.java:205) - Test failt: io.zeebe.broker.workflow.WorkflowRepositoryClientApiTest#shouldNotGetWorkflowByNonExistingBpmnProcessKey
[INFO ] fr.inria.astor.core.faultlocalization.gzoltar.GZoltarFaultLocalization.searchSuspicious(GZoltarFaultLocalization.java:205) - Test failt: io.zeebe.broker.workflow.WorkflowRepositoryClientApiTest#shouldNotGetWorkflowByNonExistingKey
[INFO ] fr.inria.astor.core.faultlocalization.gzoltar.GZoltarFaultLocalization.searchSuspicious(GZoltarFaultLocalization.java:205) - Test failt: io.zeebe.broker.workflow.WorkflowRepositoryClientApiTest#shouldListWorkflowsByTopicAndBpmnProcessIdNonExisting
[INFO ] fr.inria.astor.core.faultlocalization.gzoltar.GZoltarFaultLocalization.searchSuspicious(GZoltarFaultLocalization.java:205) - Test failt: io.zeebe.broker.workflow.WorkflowRepositoryClientApiTest#shouldListWorkflowsByTopicIfNothingDeployed
[INFO ] fr.inria.astor.core.faultlocalization.gzoltar.GZoltarFaultLocalization.searchSuspicious(GZoltarFaultLocalization.java:205) - Test failt: io.zeebe.broker.clustering.raft.RaftPersistentConfigurationTest#shouldPersistConfigurationAsJSON
[INFO ] fr.inria.astor.core.faultlocalization.gzoltar.GZoltarFaultLocalization.searchSuspicious(GZoltarFaultLocalization.java:205) - Test failt: io.zeebe.broker.job.JobUpdateRetriesTest#shouldUpdateRetries
[INFO ] fr.inria.astor.core.faultlocalization.gzoltar.GZoltarFaultLocalization.searchSuspicious(GZoltarFaultLocalization.java:205) - Test failt: io.zeebe.broker.job.JobUpdateRetriesTest#shouldRejectUpdateRetriesIfRetriesLessThanZero
[INFO ] fr.inria.astor.core.faultlocalization.gzoltar.GZoltarFaultLocalization.searchSuspicious(GZoltarFaultLocalization.java:205) - Test failt: io.zeebe.broker.job.JobUpdateRetriesTest#shouldRejectUpdateRetriesIfJobCompleted
[INFO ] fr.inria.astor.core.faultlocalization.gzoltar.GZoltarFaultLocalization.searchSuspicious(GZoltarFaultLocalization.java:205) - Test failt: io.zeebe.broker.job.JobUpdateRetriesTest#shouldRejectUpdateRetriesIfRetriesZero
[INFO ] fr.inria.astor.core.faultlocalization.gzoltar.GZoltarFaultLocalization.searchSuspicious(GZoltarFaultLocalization.java:205) - Test failt: io.zeebe.broker.job.JobUpdateRetriesTest#shouldRejectUpdateRetriesIfJobActivated
[INFO ] fr.inria.astor.core.faultlocalization.gzoltar.GZoltarFaultLocalization.searchSuspicious(GZoltarFaultLocalization.java:205) - Test failt: io.zeebe.broker.job.JobUpdateRetriesTest#shouldRejectUpdateRetriesIfJobNotFound
[INFO ] fr.inria.astor.core.faultlocalization.gzoltar.GZoltarFaultLocalization.searchSuspicious(GZoltarFaultLocalization.java:205) - Test failt: io.zeebe.broker.job.CreateJobTest#shouldCreateJob
[INFO ] fr.inria.astor.core.faultlocalization.gzoltar.GZoltarFaultLocalization.searchSuspicious(GZoltarFaultLocalization.java:205) - Test failt: io.zeebe.broker.workflow.CreateDeploymentTest#shouldRejectDeploymentIfOneResourceIsNotValid
[INFO ] fr.inria.astor.core.faultlocalization.gzoltar.GZoltarFaultLocalization.searchSuspicious(GZoltarFaultLocalization.java:205) - Test failt: io.zeebe.broker.workflow.CreateDeploymentTest#shouldRejectDeploymentIfNoResources
[INFO ] fr.inria.astor.core.faultlocalization.gzoltar.GZoltarFaultLocalization.searchSuspicious(GZoltarFaultLocalization.java:205) - Test failt: io.zeebe.broker.workflow.CreateDeploymentTest#shouldAssignWorkflowVersionsPerTopic
[INFO ] fr.inria.astor.core.faultlocalization.gzoltar.GZoltarFaultLocalization.searchSuspicious(GZoltarFaultLocalization.java:205) - Test failt: io.zeebe.broker.workflow.CreateDeploymentTest#shouldRejectDeploymentIfConditionIsInvalid
[INFO ] fr.inria.astor.core.faultlocalization.gzoltar.GZoltarFaultLocalization.searchSuspicious(GZoltarFaultLocalization.java:205) - Test failt: io.zeebe.broker.workflow.CreateDeploymentTest#shouldCreateDeploymentWithBpmnXml
[INFO ] fr.inria.astor.core.faultlocalization.gzoltar.GZoltarFaultLocalization.searchSuspicious(GZoltarFaultLocalization.java:205) - Test failt: io.zeebe.broker.workflow.CreateDeploymentTest#shouldRejectDeploymentIfNotValid
[INFO ] fr.inria.astor.core.faultlocalization.gzoltar.GZoltarFaultLocalization.searchSuspicious(GZoltarFaultLocalization.java:205) - Test failt: io.zeebe.broker.workflow.CreateDeploymentTest#shouldRejectDeploymentIfTopicNotExists
[INFO ] fr.inria.astor.core.faultlocalization.gzoltar.GZoltarFaultLocalization.searchSuspicious(GZoltarFaultLocalization.java:205) - Test failt: io.zeebe.broker.workflow.CreateDeploymentTest#shouldCreateDeploymentResourceWithMultipleWorkflows
[INFO ] fr.inria.astor.core.faultlocalization.gzoltar.GZoltarFaultLocalization.searchSuspicious(GZoltarFaultLocalization.java:205) - Test failt: io.zeebe.broker.workflow.CreateDeploymentTest#shouldRejectDeploymentIfNotParsable
[INFO ] fr.inria.astor.core.faultlocalization.gzoltar.GZoltarFaultLocalization.searchSuspicious(GZoltarFaultLocalization.java:205) - Test failt: io.zeebe.broker.workflow.CreateDeploymentTest#shouldReturnDeployedWorkflowDefinitions
[INFO ] fr.inria.astor.core.faultlocalization.gzoltar.GZoltarFaultLocalization.searchSuspicious(GZoltarFaultLocalization.java:205) - Test failt: io.zeebe.broker.workflow.CreateDeploymentTest#shouldCreateDeploymentWithYamlWorfklow
[INFO ] fr.inria.astor.core.faultlocalization.gzoltar.GZoltarFaultLocalization.searchSuspicious(GZoltarFaultLocalization.java:205) - Test failt: io.zeebe.broker.event.TopicSubscriptionTest#shouldCloseSubscriptionOnTransportChannelClose
[INFO ] fr.inria.astor.core.faultlocalization.gzoltar.GZoltarFaultLocalization.searchSuspicious(GZoltarFaultLocalization.java:205) - Test failt: io.zeebe.broker.event.TopicSubscriptionTest#shouldPushRejection
[INFO ] fr.inria.astor.core.faultlocalization.gzoltar.GZoltarFaultLocalization.searchSuspicious(GZoltarFaultLocalization.java:205) - Test failt: io.zeebe.broker.event.TopicSubscriptionTest#shouldPersistStartPositionOnOpen
[INFO ] fr.inria.astor.core.faultlocalization.gzoltar.GZoltarFaultLocalization.searchSuspicious(GZoltarFaultLocalization.java:205) - Test failt: io.zeebe.broker.event.TopicSubscriptionTest#shouldCloseSubscription
[INFO ] fr.inria.astor.core.faultlocalization.gzoltar.GZoltarFaultLocalization.searchSuspicious(GZoltarFaultLocalization.java:205) - Test failt: io.zeebe.broker.event.TopicSubscriptionTest#shouldCloseSubscriptionNonExistingSubscription
[INFO ] fr.inria.astor.core.faultlocalization.gzoltar.GZoltarFaultLocalization.searchSuspicious(GZoltarFaultLocalization.java:205) - Test failt: io.zeebe.broker.event.TopicSubscriptionTest#shouldPushEvents
[INFO ] fr.inria.astor.core.faultlocalization.gzoltar.GZoltarFaultLocalization.searchSuspicious(GZoltarFaultLocalization.java:205) - Test failt: io.zeebe.broker.event.TopicSubscriptionTest#shouldOpenSubscriptionAndForceStartPosition
[INFO ] fr.inria.astor.core.faultlocalization.gzoltar.GZoltarFaultLocalization.searchSuspicious(GZoltarFaultLocalization.java:205) - Test failt: io.zeebe.broker.event.TopicSubscriptionTest#shouldNotOpenSubscriptionForNonExistingPartition
[INFO ] fr.inria.astor.core.faultlocalization.gzoltar.GZoltarFaultLocalization.searchSuspicious(GZoltarFaultLocalization.java:205) - Test failt: io.zeebe.broker.event.TopicSubscriptionTest#shouldOpenSubscriptionWithMaximumNameLength
[INFO ] fr.inria.astor.core.faultlocalization.gzoltar.GZoltarFaultLocalization.searchSuspicious(GZoltarFaultLocalization.java:205) - Test failt: io.zeebe.broker.event.TopicSubscriptionTest#shouldNotCloseSubscriptionForNonExistingPartition
[INFO ] fr.inria.astor.core.faultlocalization.gzoltar.GZoltarFaultLocalization.searchSuspicious(GZoltarFaultLocalization.java:205) - Test failt: io.zeebe.broker.event.TopicSubscriptionTest#shouldNotOpenSubscriptionWithMissingBufferSize
[INFO ] fr.inria.astor.core.faultlocalization.gzoltar.GZoltarFaultLocalization.searchSuspicious(GZoltarFaultLocalization.java:205) - Test failt: io.zeebe.broker.event.TopicSubscriptionTest#shouldOpenSubscription
[INFO ] fr.inria.astor.core.faultlocalization.gzoltar.GZoltarFaultLocalization.searchSuspicious(GZoltarFaultLocalization.java:205) - Test failt: io.zeebe.broker.event.TopicSubscriptionTest#shouldNotOpenSubscriptionWithNegativeBufferSize
[INFO ] fr.inria.astor.core.faultlocalization.gzoltar.GZoltarFaultLocalization.searchSuspicious(GZoltarFaultLocalization.java:205) - Test failt: io.zeebe.broker.event.TopicSubscriptionTest#shouldNotPushEventsBeforeSubscriptionResponse
[INFO ] fr.inria.astor.core.faultlocalization.gzoltar.GZoltarFaultLocalization.searchSuspicious(GZoltarFaultLocalization.java:205) - Test failt: io.zeebe.broker.event.TopicSubscriptionTest#shouldNotOpenSubscriptionWithOverlongName
[INFO ] fr.inria.astor.core.faultlocalization.gzoltar.GZoltarFaultLocalization.searchSuspicious(GZoltarFaultLocalization.java:205) - Test failt: io.zeebe.broker.event.TopicSubscriptionTest#shouldReturnStartPositionOnOpen
[INFO ] fr.inria.astor.core.faultlocalization.gzoltar.GZoltarFaultLocalization.searchSuspicious(GZoltarFaultLocalization.java:205) - Test failt: io.zeebe.broker.event.TopicSubscriptionTest#shouldNotPushEventsAfterClose
[INFO ] fr.inria.astor.core.faultlocalization.gzoltar.GZoltarFaultLocalization.searchSuspicious(GZoltarFaultLocalization.java:205) - Test failt: io.zeebe.broker.incident.IncidentTest#shouldResolveIncidentForInvalidResultOnOutputMapping
[INFO ] fr.inria.astor.core.faultlocalization.gzoltar.GZoltarFaultLocalization.searchSuspicious(GZoltarFaultLocalization.java:205) - Test failt: io.zeebe.broker.incident.IncidentTest#shouldCreateIncidentForOutputMappingFailure
[INFO ] fr.inria.astor.core.faultlocalization.gzoltar.GZoltarFaultLocalization.searchSuspicious(GZoltarFaultLocalization.java:205) - Test failt: io.zeebe.broker.incident.IncidentTest#shouldCreateIncidentForInAndOutputMappingAndNoTaskCompletePayload
[INFO ] fr.inria.astor.core.faultlocalization.gzoltar.GZoltarFaultLocalization.searchSuspicious(GZoltarFaultLocalization.java:205) - Test failt: io.zeebe.broker.incident.IncidentTest#shouldResolveIncidentForFailedCondition
[INFO ] fr.inria.astor.core.faultlocalization.gzoltar.GZoltarFaultLocalization.searchSuspicious(GZoltarFaultLocalization.java:205) - Test failt: io.zeebe.broker.incident.IncidentTest#shouldDeleteIncidentIfJobIsCanceled
[INFO ] fr.inria.astor.core.faultlocalization.gzoltar.GZoltarFaultLocalization.searchSuspicious(GZoltarFaultLocalization.java:205) - Test failt: io.zeebe.broker.incident.IncidentTest#shouldResolveIncidentAfterPreviousResolvingFailed
[INFO ] fr.inria.astor.core.faultlocalization.gzoltar.GZoltarFaultLocalization.searchSuspicious(GZoltarFaultLocalization.java:205) - Test failt: io.zeebe.broker.incident.IncidentTest#shouldFailToResolveIncident
[INFO ] fr.inria.astor.core.faultlocalization.gzoltar.GZoltarFaultLocalization.searchSuspicious(GZoltarFaultLocalization.java:205) - Test failt: io.zeebe.broker.incident.IncidentTest#shouldDeleteIncidentIfActivityTerminated
[INFO ] fr.inria.astor.core.faultlocalization.gzoltar.GZoltarFaultLocalization.searchSuspicious(GZoltarFaultLocalization.java:205) - Test failt: io.zeebe.broker.incident.IncidentTest#shouldProcessIncidentsAfterMultipleTerminations
[INFO ] fr.inria.astor.core.faultlocalization.gzoltar.GZoltarFaultLocalization.searchSuspicious(GZoltarFaultLocalization.java:205) - Test failt: io.zeebe.broker.incident.IncidentTest#shouldResolveIncidentForOutputMappingAndNoTaskCompletePayload
[INFO ] fr.inria.astor.core.faultlocalization.gzoltar.GZoltarFaultLocalization.searchSuspicious(GZoltarFaultLocalization.java:205) - Test failt: io.zeebe.broker.incident.IncidentTest#shouldCreateIncidentIfConditionFailsToEvaluate
[INFO ] fr.inria.astor.core.faultlocalization.gzoltar.GZoltarFaultLocalization.searchSuspicious(GZoltarFaultLocalization.java:205) - Test failt: io.zeebe.broker.incident.IncidentTest#shouldCreateIncidentForInvalidResultOnInputMapping
[INFO ] fr.inria.astor.core.faultlocalization.gzoltar.GZoltarFaultLocalization.searchSuspicious(GZoltarFaultLocalization.java:205) - Test failt: io.zeebe.broker.incident.IncidentTest#shouldCreateIncidentIfExclusiveGatewayHasNoMatchingCondition
[INFO ] fr.inria.astor.core.faultlocalization.gzoltar.GZoltarFaultLocalization.searchSuspicious(GZoltarFaultLocalization.java:205) - Test failt: io.zeebe.broker.incident.IncidentTest#shouldResolveIncidentForFailedConditionAfterUploadingWrongPayload
[INFO ] fr.inria.astor.core.faultlocalization.gzoltar.GZoltarFaultLocalization.searchSuspicious(GZoltarFaultLocalization.java:205) - Test failt: io.zeebe.broker.incident.IncidentTest#shouldCreateIncidentIfStandaloneJobHasNoRetriesLeft
[INFO ] fr.inria.astor.core.faultlocalization.gzoltar.GZoltarFaultLocalization.searchSuspicious(GZoltarFaultLocalization.java:205) - Test failt: io.zeebe.broker.incident.IncidentTest#shouldResolveMultipleIncidents
[INFO ] fr.inria.astor.core.faultlocalization.gzoltar.GZoltarFaultLocalization.searchSuspicious(GZoltarFaultLocalization.java:205) - Test failt: io.zeebe.broker.incident.IncidentTest#shouldResolveIncidentForInputMappingFailure
[INFO ] fr.inria.astor.core.faultlocalization.gzoltar.GZoltarFaultLocalization.searchSuspicious(GZoltarFaultLocalization.java:205) - Test failt: io.zeebe.broker.incident.IncidentTest#shouldResolveIncidentForExclusiveGatewayWithoutMatchingCondition
[INFO ] fr.inria.astor.core.faultlocalization.gzoltar.GZoltarFaultLocalization.searchSuspicious(GZoltarFaultLocalization.java:205) - Test failt: io.zeebe.broker.incident.IncidentTest#shouldResolveIncidentForInvalidResultOnInputMapping
[INFO ] fr.inria.astor.core.faultlocalization.gzoltar.GZoltarFaultLocalization.searchSuspicious(GZoltarFaultLocalization.java:205) - Test failt: io.zeebe.broker.incident.IncidentTest#shouldCreateIncidentForInvalidResultOnOutputMapping
[INFO ] fr.inria.astor.core.faultlocalization.gzoltar.GZoltarFaultLocalization.searchSuspicious(GZoltarFaultLocalization.java:205) - Test failt: io.zeebe.broker.incident.IncidentTest#shouldResolveIncidentForOutputMappingFailure
[INFO ] fr.inria.astor.core.faultlocalization.gzoltar.GZoltarFaultLocalization.searchSuspicious(GZoltarFaultLocalization.java:205) - Test failt: io.zeebe.broker.incident.IncidentTest#shouldResolveIncidentForInAndOutputMappingAndNoTaskCompletePayload
[INFO ] fr.inria.astor.core.faultlocalization.gzoltar.GZoltarFaultLocalization.searchSuspicious(GZoltarFaultLocalization.java:205) - Test failt: io.zeebe.broker.incident.IncidentTest#shouldCreateIncidentForOutputMappingAndNoTaskCompletePayload
[INFO ] fr.inria.astor.core.faultlocalization.gzoltar.GZoltarFaultLocalization.searchSuspicious(GZoltarFaultLocalization.java:205) - Test failt: io.zeebe.broker.incident.IncidentTest#shouldDeleteStandaloneIncidentIfJobRetriesIncreased
[INFO ] fr.inria.astor.core.faultlocalization.gzoltar.GZoltarFaultLocalization.searchSuspicious(GZoltarFaultLocalization.java:205) - Test failt: io.zeebe.broker.incident.IncidentTest#shouldCreateIncidentIfJobHasNoRetriesLeft
[INFO ] fr.inria.astor.core.faultlocalization.gzoltar.GZoltarFaultLocalization.searchSuspicious(GZoltarFaultLocalization.java:205) - Test failt: io.zeebe.broker.incident.IncidentTest#shouldCreateIncidentForInputMappingFailure
[INFO ] fr.inria.astor.core.faultlocalization.gzoltar.GZoltarFaultLocalization.searchSuspicious(GZoltarFaultLocalization.java:205) - Test failt: io.zeebe.broker.incident.IncidentTest#shouldDeleteIncidentIfJobRetriesIncreased
[INFO ] fr.inria.astor.core.faultlocalization.gzoltar.GZoltarFaultLocalization.searchSuspicious(GZoltarFaultLocalization.java:205) - Test failt: io.zeebe.broker.event.SystemTopicSubscriptionTest#shouldPushTopicEvents
[INFO ] fr.inria.astor.core.faultlocalization.gzoltar.GZoltarFaultLocalization.searchSuspicious(GZoltarFaultLocalization.java:205) - Test failt: io.zeebe.broker.event.SystemTopicSubscriptionTest#shouldCloseSubscription
[INFO ] fr.inria.astor.core.faultlocalization.gzoltar.GZoltarFaultLocalization.searchSuspicious(GZoltarFaultLocalization.java:205) - Test failt: io.zeebe.broker.event.SystemTopicSubscriptionTest#shouldPushDeploymentEvents
[INFO ] fr.inria.astor.core.faultlocalization.gzoltar.GZoltarFaultLocalization.searchSuspicious(GZoltarFaultLocalization.java:205) - Test failt: io.zeebe.broker.event.SystemTopicSubscriptionTest#shouldOpenSubscription
[INFO ] fr.inria.astor.core.faultlocalization.gzoltar.GZoltarFaultLocalization.searchSuspicious(GZoltarFaultLocalization.java:205) - Test failt: io.zeebe.broker.clustering.management.id.IdGeneratorTest#shouldGenerateNewIdsAfterRestart
[INFO ] fr.inria.astor.core.faultlocalization.gzoltar.GZoltarFaultLocalization.searchSuspicious(GZoltarFaultLocalization.java:205) - Test failt: io.zeebe.broker.clustering.management.id.IdGeneratorTest#shouldGenerateNewIds
[INFO ] fr.inria.astor.core.faultlocalization.gzoltar.GZoltarFaultLocalization.searchSuspicious(GZoltarFaultLocalization.java:205) - Test failt: io.zeebe.broker.workflow.CancelWorkflowInstanceTest#shouldRejectCancelCompletedWorkflowInstance
[INFO ] fr.inria.astor.core.faultlocalization.gzoltar.GZoltarFaultLocalization.searchSuspicious(GZoltarFaultLocalization.java:205) - Test failt: io.zeebe.broker.workflow.CancelWorkflowInstanceTest#shouldRejectCancelNonExistingWorkflowInstance
[INFO ] fr.inria.astor.core.faultlocalization.gzoltar.GZoltarFaultLocalization.searchSuspicious(GZoltarFaultLocalization.java:205) - Test failt: io.zeebe.broker.workflow.CancelWorkflowInstanceTest#shouldCancelActivityInstance
[INFO ] fr.inria.astor.core.faultlocalization.gzoltar.GZoltarFaultLocalization.searchSuspicious(GZoltarFaultLocalization.java:205) - Test failt: io.zeebe.broker.workflow.CancelWorkflowInstanceTest#shouldCancelWorkflowInstance
[INFO ] fr.inria.astor.core.faultlocalization.gzoltar.GZoltarFaultLocalization.searchSuspicious(GZoltarFaultLocalization.java:205) - Test failt: io.zeebe.broker.workflow.CancelWorkflowInstanceTest#shouldCancelJobForActivity
[INFO ] fr.inria.astor.core.faultlocalization.gzoltar.GZoltarFaultLocalization.searchSuspicious(GZoltarFaultLocalization.java:205) - Test failt: io.zeebe.broker.workflow.WorkflowTaskIOMappingTest#shouldUseWFPayloadIfCompleteWithNoPayload
[INFO ] fr.inria.astor.core.faultlocalization.gzoltar.GZoltarFaultLocalization.searchSuspicious(GZoltarFaultLocalization.java:205) - Test failt: io.zeebe.broker.workflow.WorkflowTaskIOMappingTest#shouldUseDefaultOutputMappingWithNoCreatedPayload
[INFO ] fr.inria.astor.core.faultlocalization.gzoltar.GZoltarFaultLocalization.searchSuspicious(GZoltarFaultLocalization.java:205) - Test failt: io.zeebe.broker.workflow.WorkflowTaskIOMappingTest#shouldNotMapPayloadToWorkflowIfOutMappingMapsRootAndOtherPath
[INFO ] fr.inria.astor.core.faultlocalization.gzoltar.GZoltarFaultLocalization.searchSuspicious(GZoltarFaultLocalization.java:205) - Test failt: io.zeebe.broker.workflow.WorkflowTaskIOMappingTest#shouldCreateIncidentForNoMatchOnInputMapping
[INFO ] fr.inria.astor.core.faultlocalization.gzoltar.GZoltarFaultLocalization.searchSuspicious(GZoltarFaultLocalization.java:205) - Test failt: io.zeebe.broker.workflow.WorkflowTaskIOMappingTest#shouldUseDefaultOutputMappingWithNoCompletePayload
[INFO ] fr.inria.astor.core.faultlocalization.gzoltar.GZoltarFaultLocalization.searchSuspicious(GZoltarFaultLocalization.java:205) - Test failt: io.zeebe.broker.workflow.WorkflowTaskIOMappingTest#shouldUseDefaultInputMappingIfNoMappingIsSpecified
[INFO ] fr.inria.astor.core.faultlocalization.gzoltar.GZoltarFaultLocalization.searchSuspicious(GZoltarFaultLocalization.java:205) - Test failt: io.zeebe.broker.workflow.WorkflowTaskIOMappingTest#shouldNotSeePayloadOfWorkflowInstanceBefore
[INFO ] fr.inria.astor.core.faultlocalization.gzoltar.GZoltarFaultLocalization.searchSuspicious(GZoltarFaultLocalization.java:205) - Test failt: io.zeebe.broker.workflow.WorkflowTaskIOMappingTest#shouldNotDeployIfInputMappingIsNotValid
[INFO ] fr.inria.astor.core.faultlocalization.gzoltar.GZoltarFaultLocalization.searchSuspicious(GZoltarFaultLocalization.java:205) - Test failt: io.zeebe.broker.workflow.WorkflowTaskIOMappingTest#shouldCreateTwoNewObjectsViaInputMapping
[INFO ] fr.inria.astor.core.faultlocalization.gzoltar.GZoltarFaultLocalization.searchSuspicious(GZoltarFaultLocalization.java:205) - Test failt: io.zeebe.broker.workflow.WorkflowTaskIOMappingTest#shouldUseDefaultOutputMapping
[INFO ] fr.inria.astor.core.faultlocalization.gzoltar.GZoltarFaultLocalization.searchSuspicious(GZoltarFaultLocalization.java:205) - Test failt: io.zeebe.broker.workflow.WorkflowTaskIOMappingTest#shouldUseNILIfCreatedWithNoPayload
[INFO ] fr.inria.astor.core.faultlocalization.gzoltar.GZoltarFaultLocalization.searchSuspicious(GZoltarFaultLocalization.java:205) - Test failt: io.zeebe.broker.workflow.WorkflowTaskIOMappingTest#shouldCreateIncidentForNonMatchingAndMatchingValueOnInputMapping
[INFO ] fr.inria.astor.core.faultlocalization.gzoltar.GZoltarFaultLocalization.searchSuspicious(GZoltarFaultLocalization.java:205) - Test failt: io.zeebe.broker.workflow.WorkflowTaskIOMappingTest#shouldUseDefaultOutputMappingIfOnlyInputMappingSpecified
[INFO ] fr.inria.astor.core.faultlocalization.gzoltar.GZoltarFaultLocalization.searchSuspicious(GZoltarFaultLocalization.java:205) - Test failt: io.zeebe.broker.workflow.WorkflowTaskIOMappingTest#shouldUseInOutMapping
[INFO ] fr.inria.astor.core.faultlocalization.gzoltar.GZoltarFaultLocalization.searchSuspicious(GZoltarFaultLocalization.java:205) - Test failt: io.zeebe.broker.workflow.WorkflowTaskIOMappingTest#shouldNotDeployIfInputMappingMapsRootAndOtherObject
[INFO ] fr.inria.astor.core.faultlocalization.gzoltar.GZoltarFaultLocalization.searchSuspicious(GZoltarFaultLocalization.java:205) - Test failt: io.zeebe.broker.workflow.WorkflowTaskIOMappingTest#shouldCreateIncidentForNotMatchingOnOutputMapping
[INFO ] fr.inria.astor.core.faultlocalization.gzoltar.GZoltarFaultLocalization.searchSuspicious(GZoltarFaultLocalization.java:205) - Test failt: io.zeebe.broker.workflow.WorkflowTaskIOMappingTest#shouldNotSeePayloadOfWorkflowInstanceBeforeOnOutputMapping
[INFO ] fr.inria.astor.core.faultlocalization.gzoltar.GZoltarFaultLocalization.searchSuspicious(GZoltarFaultLocalization.java:205) - Test failt: io.zeebe.broker.workflow.WorkflowTaskIOMappingTest#shouldUseOutputMappingToAddObjectsToWorkflowPayload
[INFO ] fr.inria.astor.core.faultlocalization.gzoltar.GZoltarFaultLocalization.searchSuspicious(GZoltarFaultLocalization.java:205) - Test failt: io.zeebe.broker.workflow.WorkflowTaskIOMappingTest#shouldNotDeployIfOutputMappingIsNotValid
[INFO ] fr.inria.astor.core.faultlocalization.gzoltar.GZoltarFaultLocalization.searchSuspicious(GZoltarFaultLocalization.java:205) - Test failt: io.zeebe.broker.event.TopicSubscriptionThrottlingTest#shouldPushMoreAfterAck
[INFO ] fr.inria.astor.core.faultlocalization.gzoltar.GZoltarFaultLocalization.searchSuspicious(GZoltarFaultLocalization.java:205) - Test failt: io.zeebe.broker.event.TopicSubscriptionThrottlingTest#shouldNotPushMoreThanBufferSize
[INFO ] fr.inria.astor.core.faultlocalization.gzoltar.GZoltarFaultLocalization.searchSuspicious(GZoltarFaultLocalization.java:205) - Test failt: io.zeebe.broker.topic.CreateTopicTest#shouldRejectPartitionCreationAndNotBreak
[INFO ] fr.inria.astor.core.faultlocalization.gzoltar.GZoltarFaultLocalization.searchSuspicious(GZoltarFaultLocalization.java:205) - Test failt: io.zeebe.broker.topic.CreateTopicTest#shouldNotCreateTopicWithNegativePartitions
[INFO ] fr.inria.astor.core.faultlocalization.gzoltar.GZoltarFaultLocalization.searchSuspicious(GZoltarFaultLocalization.java:205) - Test failt: io.zeebe.broker.topic.CreateTopicTest#shouldNotCreateExistingTopic
[INFO ] fr.inria.astor.core.faultlocalization.gzoltar.GZoltarFaultLocalization.searchSuspicious(GZoltarFaultLocalization.java:205) - Test failt: io.zeebe.broker.topic.CreateTopicTest#shouldNotCreateTopicWithZeroPartitions
[INFO ] fr.inria.astor.core.faultlocalization.gzoltar.GZoltarFaultLocalization.searchSuspicious(GZoltarFaultLocalization.java:205) - Test failt: io.zeebe.broker.topic.CreateTopicTest#shouldNotCreateSystemTopic
[INFO ] fr.inria.astor.core.faultlocalization.gzoltar.GZoltarFaultLocalization.searchSuspicious(GZoltarFaultLocalization.java:205) - Test failt: io.zeebe.broker.topic.CreateTopicTest#shouldCreateTopic
[INFO ] fr.inria.astor.core.faultlocalization.gzoltar.GZoltarFaultLocalization.searchSuspicious(GZoltarFaultLocalization.java:205) - Test failt: io.zeebe.broker.topic.CreateTopicTest#shouldNotCreateTopicWithNegativeReplicationFactor
[INFO ] fr.inria.astor.core.faultlocalization.gzoltar.GZoltarFaultLocalization.searchSuspicious(GZoltarFaultLocalization.java:205) - Test failt: io.zeebe.broker.topic.CreateTopicTest#shouldNotCreateTopicWithZeroReplicationFactor
[INFO ] fr.inria.astor.core.faultlocalization.gzoltar.GZoltarFaultLocalization.searchSuspicious(GZoltarFaultLocalization.java:205) - Test failt: io.zeebe.broker.topic.CreateTopicTest#shouldCreateTopicAfterRejection
[INFO ] fr.inria.astor.core.faultlocalization.gzoltar.GZoltarFaultLocalization.searchSuspicious(GZoltarFaultLocalization.java:205) - Test failt: io.zeebe.broker.job.FailJobTest#shouldFailIfNotWorker
[INFO ] fr.inria.astor.core.faultlocalization.gzoltar.GZoltarFaultLocalization.searchSuspicious(GZoltarFaultLocalization.java:205) - Test failt: io.zeebe.broker.job.FailJobTest#shouldFailJob
[INFO ] fr.inria.astor.core.faultlocalization.gzoltar.GZoltarFaultLocalization.searchSuspicious(GZoltarFaultLocalization.java:205) - Test failt: io.zeebe.broker.job.FailJobTest#shouldRejectFailIfJobCompleted
[INFO ] fr.inria.astor.core.faultlocalization.gzoltar.GZoltarFaultLocalization.searchSuspicious(GZoltarFaultLocalization.java:205) - Test failt: io.zeebe.broker.job.FailJobTest#shouldRejectFailIfJobNotFound
[INFO ] fr.inria.astor.core.faultlocalization.gzoltar.GZoltarFaultLocalization.searchSuspicious(GZoltarFaultLocalization.java:205) - Test failt: io.zeebe.broker.job.FailJobTest#shouldRejectFailIfJobAlreadyFailed
[INFO ] fr.inria.astor.core.faultlocalization.gzoltar.GZoltarFaultLocalization.searchSuspicious(GZoltarFaultLocalization.java:205) - Test failt: io.zeebe.broker.job.FailJobTest#shouldRejectFailIfJobCreated
[INFO ] fr.inria.astor.core.faultlocalization.gzoltar.GZoltarFaultLocalization.searchSuspicious(GZoltarFaultLocalization.java:205) - Test failt: io.zeebe.broker.event.TopicSubscriptionAcknowledgementTest#shouldResumeAtTailOnLongMaxAckPosition
[INFO ] fr.inria.astor.core.faultlocalization.gzoltar.GZoltarFaultLocalization.searchSuspicious(GZoltarFaultLocalization.java:205) - Test failt: io.zeebe.broker.event.TopicSubscriptionAcknowledgementTest#shouldAcknowledgePosition
[INFO ] fr.inria.astor.core.faultlocalization.gzoltar.GZoltarFaultLocalization.searchSuspicious(GZoltarFaultLocalization.java:205) - Test failt: io.zeebe.broker.event.TopicSubscriptionAcknowledgementTest#shouldPersistStartPosition
[INFO ] fr.inria.astor.core.faultlocalization.gzoltar.GZoltarFaultLocalization.searchSuspicious(GZoltarFaultLocalization.java:205) - Test failt: io.zeebe.broker.event.TopicSubscriptionAcknowledgementTest#shouldResumeAfterAcknowledgedPosition
[INFO ] fr.inria.astor.core.faultlocalization.gzoltar.GZoltarFaultLocalization.searchSuspicious(GZoltarFaultLocalization.java:205) - Test failt: io.zeebe.broker.job.processor.JobTimeOutTest#shouldTimeOutJob
[INFO ] fr.inria.astor.core.faultlocalization.gzoltar.GZoltarFaultLocalization.searchSuspicious(GZoltarFaultLocalization.java:205) - Test failt: io.zeebe.broker.job.processor.JobTimeOutTest#shouldExpireMultipleActivatedJobsAtOnce
[INFO ] fr.inria.astor.core.faultlocalization.gzoltar.GZoltarFaultLocalization.searchSuspicious(GZoltarFaultLocalization.java:205) - Test failt: io.zeebe.broker.job.processor.JobTimeOutTest#shouldNotTimeOutIfJobCompleted
[INFO ] fr.inria.astor.core.faultlocalization.gzoltar.GZoltarFaultLocalization.searchSuspicious(GZoltarFaultLocalization.java:205) - Test failt: io.zeebe.broker.job.processor.JobTimeOutTest#shouldNotTimeOutIfJobFailed
[INFO ] fr.inria.astor.core.faultlocalization.gzoltar.GZoltarFaultLocalization.searchSuspicious(GZoltarFaultLocalization.java:205) - Test failt: io.zeebe.broker.job.processor.JobTimeOutTest#shouldNotTimeOutIfDeadlineNotExceeded
[INFO ] fr.inria.astor.core.faultlocalization.gzoltar.GZoltarFaultLocalization.searchSuspicious(GZoltarFaultLocalization.java:205) - Test failt: io.zeebe.broker.workflow.UpdatePayloadTest#shouldRejectUpdateForCompletedWorkflowInstance
[INFO ] fr.inria.astor.core.faultlocalization.gzoltar.GZoltarFaultLocalization.searchSuspicious(GZoltarFaultLocalization.java:205) - Test failt: io.zeebe.broker.workflow.UpdatePayloadTest#shouldUpdatePayload
[INFO ] fr.inria.astor.core.faultlocalization.gzoltar.GZoltarFaultLocalization.searchSuspicious(GZoltarFaultLocalization.java:205) - Test failt: io.zeebe.broker.workflow.UpdatePayloadTest#shouldRejectUpdateForInvalidPayload
[INFO ] fr.inria.astor.core.faultlocalization.gzoltar.GZoltarFaultLocalization.searchSuspicious(GZoltarFaultLocalization.java:205) - Test failt: io.zeebe.broker.workflow.UpdatePayloadTest#shouldRejectUpdateForNonExistingWorkflowInstance
[INFO ] fr.inria.astor.core.faultlocalization.gzoltar.GZoltarFaultLocalization.searchSuspicious(GZoltarFaultLocalization.java:205) - Test failt: io.zeebe.broker.workflow.UpdatePayloadTest#shouldUpdatePayloadWhenActivityActivated
[INFO ] fr.inria.astor.core.faultlocalization.gzoltar.GZoltarFaultLocalization.searchSuspicious(GZoltarFaultLocalization.java:217) - Gzoltar Test Result Total:249, fails: 199, GZoltar suspicious 0, with positive susp 0
[INFO ] fr.inria.astor.core.faultlocalization.gzoltar.GZoltarFaultLocalization.searchSuspicious(GZoltarFaultLocalization.java:265) - Gzoltar found: 0 with susp > 0.1, we consider: 0
