[INFO] Scanning for projects...
[INFO] Inspecting build with total of 1 modules...
[INFO] Installing Nexus Staging features:
[INFO]   ... total of 1 executions of maven-deploy-plugin replaced with nexus-staging-maven-plugin
[INFO] Downloading: http://repo1.maven.org/maven2/fr/inria/gforge/spirals/npefix-maven/1.3/npefix-maven-1.3.pom
[INFO] Downloaded: http://repo1.maven.org/maven2/fr/inria/gforge/spirals/npefix-maven/1.3/npefix-maven-1.3.pom (7 KB at 37.9 KB/sec)
[INFO] Downloading: http://repo1.maven.org/maven2/fr/inria/gforge/spirals/npefix-maven/1.3/npefix-maven-1.3.jar
[INFO] Downloaded: http://repo1.maven.org/maven2/fr/inria/gforge/spirals/npefix-maven/1.3/npefix-maven-1.3.jar (22 KB at 775.5 KB/sec)
[INFO]                                                                         
[INFO] ------------------------------------------------------------------------
[INFO] Building java-util 1.29.0
[INFO] ------------------------------------------------------------------------
[INFO] 
[INFO] --- npefix-maven:1.3:npefix (default-cli) @ java-util ---
[INFO] Downloading: http://repo1.maven.org/maven2/org/apache/maven/maven-plugin-api/3.5.0/maven-plugin-api-3.5.0.pom
[INFO] Downloaded: http://repo1.maven.org/maven2/org/apache/maven/maven-plugin-api/3.5.0/maven-plugin-api-3.5.0.pom (3 KB at 114.2 KB/sec)
[INFO] Downloading: http://repo1.maven.org/maven2/org/apache/maven/maven/3.5.0/maven-3.5.0.pom
[INFO] Downloaded: http://repo1.maven.org/maven2/org/apache/maven/maven/3.5.0/maven-3.5.0.pom (25 KB at 1099.8 KB/sec)
[INFO] Downloading: http://repo1.maven.org/maven2/org/apache/maven/maven-model/3.5.0/maven-model-3.5.0.pom
[INFO] Downloaded: http://repo1.maven.org/maven2/org/apache/maven/maven-model/3.5.0/maven-model-3.5.0.pom (4 KB at 179.0 KB/sec)
[INFO] Downloading: http://repo1.maven.org/maven2/org/codehaus/plexus/plexus-utils/3.0.24/plexus-utils-3.0.24.pom
[INFO] Downloaded: http://repo1.maven.org/maven2/org/codehaus/plexus/plexus-utils/3.0.24/plexus-utils-3.0.24.pom (5 KB at 175.2 KB/sec)
[INFO] Downloading: http://repo1.maven.org/maven2/org/apache/commons/commons-lang3/3.5/commons-lang3-3.5.pom
[INFO] Downloaded: http://repo1.maven.org/maven2/org/apache/commons/commons-lang3/3.5/commons-lang3-3.5.pom (23 KB at 712.5 KB/sec)
[INFO] Downloading: http://repo1.maven.org/maven2/org/apache/commons/commons-parent/41/commons-parent-41.pom
[INFO] Downloaded: http://repo1.maven.org/maven2/org/apache/commons/commons-parent/41/commons-parent-41.pom (64 KB at 2042.5 KB/sec)
[INFO] Downloading: http://repo1.maven.org/maven2/org/apache/apache/18/apache-18.pom
[INFO] Downloaded: http://repo1.maven.org/maven2/org/apache/apache/18/apache-18.pom (16 KB at 382.5 KB/sec)
[INFO] Downloading: http://repo1.maven.org/maven2/org/apache/maven/maven-artifact/3.5.0/maven-artifact-3.5.0.pom
[INFO] Downloaded: http://repo1.maven.org/maven2/org/apache/maven/maven-artifact/3.5.0/maven-artifact-3.5.0.pom (3 KB at 39.7 KB/sec)
[INFO] Downloading: http://repo1.maven.org/maven2/org/eclipse/sisu/org.eclipse.sisu.plexus/0.3.3/org.eclipse.sisu.plexus-0.3.3.pom
[INFO] Downloaded: http://repo1.maven.org/maven2/org/eclipse/sisu/org.eclipse.sisu.plexus/0.3.3/org.eclipse.sisu.plexus-0.3.3.pom (5 KB at 101.8 KB/sec)
[INFO] Downloading: http://repo1.maven.org/maven2/org/eclipse/sisu/sisu-plexus/0.3.3/sisu-plexus-0.3.3.pom
[INFO] Downloaded: http://repo1.maven.org/maven2/org/eclipse/sisu/sisu-plexus/0.3.3/sisu-plexus-0.3.3.pom (14 KB at 291.4 KB/sec)
[INFO] Downloading: http://repo1.maven.org/maven2/javax/enterprise/cdi-api/1.0/cdi-api-1.0.pom
[INFO] Downloaded: http://repo1.maven.org/maven2/javax/enterprise/cdi-api/1.0/cdi-api-1.0.pom (2 KB at 48.3 KB/sec)
[INFO] Downloading: http://repo1.maven.org/maven2/org/jboss/weld/weld-api-parent/1.0/weld-api-parent-1.0.pom
[INFO] Downloaded: http://repo1.maven.org/maven2/org/jboss/weld/weld-api-parent/1.0/weld-api-parent-1.0.pom (3 KB at 85.2 KB/sec)
[INFO] Downloading: http://repo1.maven.org/maven2/org/jboss/weld/weld-api-bom/1.0/weld-api-bom-1.0.pom
[INFO] Downloaded: http://repo1.maven.org/maven2/org/jboss/weld/weld-api-bom/1.0/weld-api-bom-1.0.pom (8 KB at 335.7 KB/sec)
[INFO] Downloading: http://repo1.maven.org/maven2/org/jboss/weld/weld-parent/6/weld-parent-6.pom
[INFO] Downloaded: http://repo1.maven.org/maven2/org/jboss/weld/weld-parent/6/weld-parent-6.pom (21 KB at 673.6 KB/sec)
[INFO] Downloading: http://repo1.maven.org/maven2/javax/annotation/jsr250-api/1.0/jsr250-api-1.0.pom
[INFO] Downloaded: http://repo1.maven.org/maven2/javax/annotation/jsr250-api/1.0/jsr250-api-1.0.pom (1023 B at 16.1 KB/sec)
[INFO] Downloading: http://repo1.maven.org/maven2/org/eclipse/sisu/org.eclipse.sisu.inject/0.3.3/org.eclipse.sisu.inject-0.3.3.pom
[INFO] Downloaded: http://repo1.maven.org/maven2/org/eclipse/sisu/org.eclipse.sisu.inject/0.3.3/org.eclipse.sisu.inject-0.3.3.pom (3 KB at 134.9 KB/sec)
[INFO] Downloading: http://repo1.maven.org/maven2/org/eclipse/sisu/sisu-inject/0.3.3/sisu-inject-0.3.3.pom
[INFO] Downloaded: http://repo1.maven.org/maven2/org/eclipse/sisu/sisu-inject/0.3.3/sisu-inject-0.3.3.pom (15 KB at 426.3 KB/sec)
[INFO] Downloading: http://repo1.maven.org/maven2/org/codehaus/plexus/plexus-classworlds/2.5.2/plexus-classworlds-2.5.2.pom
[INFO] Downloaded: http://repo1.maven.org/maven2/org/codehaus/plexus/plexus-classworlds/2.5.2/plexus-classworlds-2.5.2.pom (8 KB at 274.4 KB/sec)
[INFO] Downloading: http://repo1.maven.org/maven2/org/codehaus/plexus/plexus-utils/3.0.17/plexus-utils-3.0.17.pom
[INFO] Downloaded: http://repo1.maven.org/maven2/org/codehaus/plexus/plexus-utils/3.0.17/plexus-utils-3.0.17.pom (4 KB at 132.6 KB/sec)
[INFO] Downloading: http://repo1.maven.org/maven2/org/apache/maven/surefire/surefire-report-parser/2.20/surefire-report-parser-2.20.pom
[INFO] Downloaded: http://repo1.maven.org/maven2/org/apache/maven/surefire/surefire-report-parser/2.20/surefire-report-parser-2.20.pom (4 KB at 193.0 KB/sec)
[INFO] Downloading: http://repo1.maven.org/maven2/org/apache/maven/surefire/surefire/2.20/surefire-2.20.pom
[INFO] Downloaded: http://repo1.maven.org/maven2/org/apache/maven/surefire/surefire/2.20/surefire-2.20.pom (21 KB at 1015.7 KB/sec)
[INFO] Downloading: http://repo1.maven.org/maven2/org/apache/maven/surefire/surefire-logger-api/2.20/surefire-logger-api-2.20.pom
[INFO] Downloaded: http://repo1.maven.org/maven2/org/apache/maven/surefire/surefire-logger-api/2.20/surefire-logger-api-2.20.pom (2 KB at 95.6 KB/sec)
[INFO] Downloading: http://repo1.maven.org/maven2/fr/inria/spirals/npefix/0.5/npefix-0.5.pom
[INFO] Downloading: https://tdurieux.github.io/maven-repository/snapshots/fr/inria/spirals/npefix/0.5/npefix-0.5.pom
[INFO] Downloading: https://tdurieux.github.io/maven-repository/releases/fr/inria/spirals/npefix/0.5/npefix-0.5.pom
[INFO] Downloaded: https://tdurieux.github.io/maven-repository/releases/fr/inria/spirals/npefix/0.5/npefix-0.5.pom (10 KB at 21.1 KB/sec)
[INFO] Downloading: http://repo1.maven.org/maven2/junit/junit/4.11/junit-4.11.pom
[INFO] Downloaded: http://repo1.maven.org/maven2/junit/junit/4.11/junit-4.11.pom (3 KB at 95.4 KB/sec)
[INFO] Downloading: http://repo1.maven.org/maven2/org/json/json/20160212/json-20160212.pom
[INFO] Downloaded: http://repo1.maven.org/maven2/org/json/json/20160212/json-20160212.pom (6 KB at 276.9 KB/sec)
[INFO] Downloading: http://repo1.maven.org/maven2/fr/inria/gforge/spoon/spoon-core/5.8.0/spoon-core-5.8.0.pom
[INFO] Downloaded: http://repo1.maven.org/maven2/fr/inria/gforge/spoon/spoon-core/5.8.0/spoon-core-5.8.0.pom (23 KB at 923.3 KB/sec)
[INFO] Downloading: http://repo1.maven.org/maven2/org/eclipse/tycho/org.eclipse.jdt.core/3.12.0.v20160516-2131/org.eclipse.jdt.core-3.12.0.v20160516-2131.pom
[INFO] Downloaded: http://repo1.maven.org/maven2/org/eclipse/tycho/org.eclipse.jdt.core/3.12.0.v20160516-2131/org.eclipse.jdt.core-3.12.0.v20160516-2131.pom (2 KB at 44.1 KB/sec)
[INFO] Downloading: http://repo1.maven.org/maven2/com/martiansoftware/jsap/2.1/jsap-2.1.pom
[INFO] Downloaded: http://repo1.maven.org/maven2/com/martiansoftware/jsap/2.1/jsap-2.1.pom (815 B at 39.8 KB/sec)
[INFO] Downloading: http://repo1.maven.org/maven2/log4j/log4j/1.2.17/log4j-1.2.17.pom
[INFO] Downloaded: http://repo1.maven.org/maven2/log4j/log4j/1.2.17/log4j-1.2.17.pom (22 KB at 1061.8 KB/sec)
[INFO] Downloading: http://repo1.maven.org/maven2/org/slf4j/slf4j-simple/1.7.6/slf4j-simple-1.7.6.pom
[INFO] Downloaded: http://repo1.maven.org/maven2/org/slf4j/slf4j-simple/1.7.6/slf4j-simple-1.7.6.pom (2 KB at 65.3 KB/sec)
[INFO] Downloading: http://repo1.maven.org/maven2/org/slf4j/slf4j-parent/1.7.6/slf4j-parent-1.7.6.pom
[INFO] Downloaded: http://repo1.maven.org/maven2/org/slf4j/slf4j-parent/1.7.6/slf4j-parent-1.7.6.pom (12 KB at 581.4 KB/sec)
[INFO] Downloading: http://repo1.maven.org/maven2/org/slf4j/slf4j-api/1.7.6/slf4j-api-1.7.6.pom
[INFO] Downloaded: http://repo1.maven.org/maven2/org/slf4j/slf4j-api/1.7.6/slf4j-api-1.7.6.pom (3 KB at 125.0 KB/sec)
[INFO] Downloading: http://repo1.maven.org/maven2/com/cloudbees/diff4j/1.2/diff4j-1.2.pom
[INFO] Downloaded: http://repo1.maven.org/maven2/com/cloudbees/diff4j/1.2/diff4j-1.2.pom (4 KB at 125.5 KB/sec)
[INFO] Downloading: http://repo1.maven.org/maven2/com/cloudbees/cloudbees-oss-parent/4/cloudbees-oss-parent-4.pom
[INFO] Downloaded: http://repo1.maven.org/maven2/com/cloudbees/cloudbees-oss-parent/4/cloudbees-oss-parent-4.pom (9 KB at 267.5 KB/sec)
[INFO] Downloading: http://repo1.maven.org/maven2/org/jvnet/localizer/localizer/1.12/localizer-1.12.pom
[INFO] Downloaded: http://repo1.maven.org/maven2/org/jvnet/localizer/localizer/1.12/localizer-1.12.pom (690 B at 25.0 KB/sec)
[INFO] Downloading: http://repo1.maven.org/maven2/org/jvnet/localizer/localizer-parent/1.12/localizer-parent-1.12.pom
[INFO] Downloaded: http://repo1.maven.org/maven2/org/jvnet/localizer/localizer-parent/1.12/localizer-parent-1.12.pom (2 KB at 72.5 KB/sec)
[INFO] Downloading: http://repo1.maven.org/maven2/org/eclipse/core/org.eclipse.core.runtime/3.6.0.v20100505/org.eclipse.core.runtime-3.6.0.v20100505.pom
[INFO] Downloaded: http://repo1.maven.org/maven2/org/eclipse/core/org.eclipse.core.runtime/3.6.0.v20100505/org.eclipse.core.runtime-3.6.0.v20100505.pom (3 KB at 93.6 KB/sec)
[INFO] Downloading: http://repo1.maven.org/maven2/org/eclipse/org.eclipse.eclipse/3.6.0.v20100505/org.eclipse.eclipse-3.6.0.v20100505.pom
[INFO] Downloaded: http://repo1.maven.org/maven2/org/eclipse/org.eclipse.eclipse/3.6.0.v20100505/org.eclipse.eclipse-3.6.0.v20100505.pom (5 KB at 182.3 KB/sec)
[INFO] Downloading: http://repo1.maven.org/maven2/org/eclipse/core/org.eclipse.core.contenttype/3.4.100.v20100505-1235/org.eclipse.core.contenttype-3.4.100.v20100505-1235.pom
[INFO] Downloaded: http://repo1.maven.org/maven2/org/eclipse/core/org.eclipse.core.contenttype/3.4.100.v20100505-1235/org.eclipse.core.contenttype-3.4.100.v20100505-1235.pom (2 KB at 11.8 KB/sec)
[INFO] Downloading: http://repo1.maven.org/maven2/org/eclipse/equinox/org.eclipse.equinox.preferences/3.3.0.v20100503/org.eclipse.equinox.preferences-3.3.0.v20100503.pom
[INFO] Downloaded: http://repo1.maven.org/maven2/org/eclipse/equinox/org.eclipse.equinox.preferences/3.3.0.v20100503/org.eclipse.equinox.preferences-3.3.0.v20100503.pom (2 KB at 55.7 KB/sec)
[INFO] Downloading: http://repo1.maven.org/maven2/org/eclipse/equinox/org.eclipse.equinox.registry/3.5.0.v20100503/org.eclipse.equinox.registry-3.5.0.v20100503.pom
[INFO] Downloaded: http://repo1.maven.org/maven2/org/eclipse/equinox/org.eclipse.equinox.registry/3.5.0.v20100503/org.eclipse.equinox.registry-3.5.0.v20100503.pom (2 KB at 11.4 KB/sec)
[INFO] Downloading: http://repo1.maven.org/maven2/org/eclipse/core/org.eclipse.core.jobs/3.5.0.v20100515/org.eclipse.core.jobs-3.5.0.v20100515.pom
[INFO] Downloaded: http://repo1.maven.org/maven2/org/eclipse/core/org.eclipse.core.jobs/3.5.0.v20100515/org.eclipse.core.jobs-3.5.0.v20100515.pom (2 KB at 47.9 KB/sec)
[INFO] Downloading: http://repo1.maven.org/maven2/org/eclipse/equinox/org.eclipse.equinox.common/3.6.0.v20100503/org.eclipse.equinox.common-3.6.0.v20100503.pom
[INFO] Downloaded: http://repo1.maven.org/maven2/org/eclipse/equinox/org.eclipse.equinox.common/3.6.0.v20100503/org.eclipse.equinox.common-3.6.0.v20100503.pom (903 B at 33.9 KB/sec)
[INFO] Downloading: http://repo1.maven.org/maven2/org/eclipse/osgi/org.eclipse.osgi/3.6.0.v20100517/org.eclipse.osgi-3.6.0.v20100517.pom
[INFO] Downloaded: http://repo1.maven.org/maven2/org/eclipse/osgi/org.eclipse.osgi/3.6.0.v20100517/org.eclipse.osgi-3.6.0.v20100517.pom (699 B at 32.5 KB/sec)
[INFO] Downloading: http://repo1.maven.org/maven2/org/eclipse/equinox/org.eclipse.equinox.app/1.3.0.v20100512/org.eclipse.equinox.app-1.3.0.v20100512.pom
[INFO] Downloaded: http://repo1.maven.org/maven2/org/eclipse/equinox/org.eclipse.equinox.app/1.3.0.v20100512/org.eclipse.equinox.app-1.3.0.v20100512.pom (2 KB at 72.1 KB/sec)
[INFO] Downloading: http://repo1.maven.org/maven2/org/eclipse/osgi/org.eclipse.osgi.services/3.2.100.v20100503/org.eclipse.osgi.services-3.2.100.v20100503.pom
[INFO] Downloaded: http://repo1.maven.org/maven2/org/eclipse/osgi/org.eclipse.osgi.services/3.2.100.v20100503/org.eclipse.osgi.services-3.2.100.v20100503.pom (2 KB at 11.1 KB/sec)
[INFO] Downloading: http://repo1.maven.org/maven2/javax/servlet/servlet-api/2.5/servlet-api-2.5.pom
[INFO] Downloaded: http://repo1.maven.org/maven2/javax/servlet/servlet-api/2.5/servlet-api-2.5.pom (157 B at 7.7 KB/sec)
[INFO] Downloading: http://repo1.maven.org/maven2/org/apache/felix/org.osgi.foundation/1.2.0/org.osgi.foundation-1.2.0.pom
[INFO] Downloaded: http://repo1.maven.org/maven2/org/apache/felix/org.osgi.foundation/1.2.0/org.osgi.foundation-1.2.0.pom (2 KB at 82.4 KB/sec)
[INFO] Downloading: http://repo1.maven.org/maven2/org/apache/felix/felix/1.0.2/felix-1.0.2.pom
[INFO] Downloaded: http://repo1.maven.org/maven2/org/apache/felix/felix/1.0.2/felix-1.0.2.pom (14 KB at 607.5 KB/sec)
[INFO] Downloading: http://repo1.maven.org/maven2/org/eclipse/core/org.eclipse.core.resources/3.6.0.v20100526-0737/org.eclipse.core.resources-3.6.0.v20100526-0737.pom
[INFO] Downloaded: http://repo1.maven.org/maven2/org/eclipse/core/org.eclipse.core.resources/3.6.0.v20100526-0737/org.eclipse.core.resources-3.6.0.v20100526-0737.pom (3 KB at 118.9 KB/sec)
[INFO] Downloading: http://repo1.maven.org/maven2/org/eclipse/core/org.eclipse.core.expressions/3.4.200.v20100505/org.eclipse.core.expressions-3.4.200.v20100505.pom
[INFO] Downloaded: http://repo1.maven.org/maven2/org/eclipse/core/org.eclipse.core.expressions/3.4.200.v20100505/org.eclipse.core.expressions-3.4.200.v20100505.pom (2 KB at 13.3 KB/sec)
[INFO] Downloading: http://repo1.maven.org/maven2/org/eclipse/core/org.eclipse.core.filesystem/1.3.0.v20100526-0737/org.eclipse.core.filesystem-1.3.0.v20100526-0737.pom
[INFO] Downloaded: http://repo1.maven.org/maven2/org/eclipse/core/org.eclipse.core.filesystem/1.3.0.v20100526-0737/org.eclipse.core.filesystem-1.3.0.v20100526-0737.pom (2 KB at 10.9 KB/sec)
[INFO] Downloading: http://repo1.maven.org/maven2/org/glassfish/tyrus/bundles/tyrus-standalone-client/1.13.1/tyrus-standalone-client-1.13.1.pom
[INFO] Downloaded: http://repo1.maven.org/maven2/org/glassfish/tyrus/bundles/tyrus-standalone-client/1.13.1/tyrus-standalone-client-1.13.1.pom (7 KB at 285.1 KB/sec)
[INFO] Downloading: http://repo1.maven.org/maven2/org/glassfish/tyrus/bundles/tyrus-bundles/1.13.1/tyrus-bundles-1.13.1.pom
[INFO] Downloaded: http://repo1.maven.org/maven2/org/glassfish/tyrus/bundles/tyrus-bundles/1.13.1/tyrus-bundles-1.13.1.pom (4 KB at 150.4 KB/sec)
[INFO] Downloading: http://repo1.maven.org/maven2/org/glassfish/tyrus/tyrus-project/1.13.1/tyrus-project-1.13.1.pom
[INFO] Downloaded: http://repo1.maven.org/maven2/org/glassfish/tyrus/tyrus-project/1.13.1/tyrus-project-1.13.1.pom (29 KB at 986.5 KB/sec)
[INFO] Downloading: http://repo1.maven.org/maven2/net/java/jvnet-parent/5/jvnet-parent-5.pom
[INFO] Downloaded: http://repo1.maven.org/maven2/net/java/jvnet-parent/5/jvnet-parent-5.pom (9 KB at 455.5 KB/sec)
[INFO] Downloading: http://repo1.maven.org/maven2/org/apache/maven/maven-plugin-api/3.5.0/maven-plugin-api-3.5.0.jar
[INFO] Downloading: http://repo1.maven.org/maven2/org/eclipse/sisu/org.eclipse.sisu.plexus/0.3.3/org.eclipse.sisu.plexus-0.3.3.jar
[INFO] Downloading: http://repo1.maven.org/maven2/javax/enterprise/cdi-api/1.0/cdi-api-1.0.jar
[INFO] Downloading: http://repo1.maven.org/maven2/javax/annotation/jsr250-api/1.0/jsr250-api-1.0.jar
[INFO] Downloading: http://repo1.maven.org/maven2/org/eclipse/sisu/org.eclipse.sisu.inject/0.3.3/org.eclipse.sisu.inject-0.3.3.jar
[INFO] Downloaded: http://repo1.maven.org/maven2/javax/annotation/jsr250-api/1.0/jsr250-api-1.0.jar (6 KB at 96.8 KB/sec)
[INFO] Downloading: http://repo1.maven.org/maven2/org/codehaus/plexus/plexus-classworlds/2.5.2/plexus-classworlds-2.5.2.jar
[INFO] Downloaded: http://repo1.maven.org/maven2/javax/enterprise/cdi-api/1.0/cdi-api-1.0.jar (44 KB at 617.7 KB/sec)
[INFO] Downloading: http://repo1.maven.org/maven2/org/apache/maven/surefire/surefire-report-parser/2.20/surefire-report-parser-2.20.jar
[INFO] Downloaded: http://repo1.maven.org/maven2/org/apache/maven/maven-plugin-api/3.5.0/maven-plugin-api-3.5.0.jar (47 KB at 536.2 KB/sec)
[INFO] Downloading: http://repo1.maven.org/maven2/org/apache/maven/surefire/surefire-logger-api/2.20/surefire-logger-api-2.20.jar
[INFO] Downloaded: http://repo1.maven.org/maven2/org/eclipse/sisu/org.eclipse.sisu.plexus/0.3.3/org.eclipse.sisu.plexus-0.3.3.jar (201 KB at 2005.0 KB/sec)
[INFO] Downloading: http://repo1.maven.org/maven2/fr/inria/spirals/npefix/0.5/npefix-0.5.jar
[INFO] Downloading: http://repo1.maven.org/maven2/junit/junit/4.11/junit-4.11.jar
[INFO] Downloaded: http://repo1.maven.org/maven2/org/apache/maven/surefire/surefire-report-parser/2.20/surefire-report-parser-2.20.jar (62 KB at 562.9 KB/sec)
[INFO] Downloading: http://repo1.maven.org/maven2/org/json/json/20160212/json-20160212.jar
[INFO] Downloaded: http://repo1.maven.org/maven2/org/eclipse/sisu/org.eclipse.sisu.inject/0.3.3/org.eclipse.sisu.inject-0.3.3.jar (371 KB at 3164.9 KB/sec)
[INFO] Downloading: http://repo1.maven.org/maven2/fr/inria/gforge/spoon/spoon-core/5.8.0/spoon-core-5.8.0.jar
[INFO] Downloaded: http://repo1.maven.org/maven2/org/codehaus/plexus/plexus-classworlds/2.5.2/plexus-classworlds-2.5.2.jar (52 KB at 378.3 KB/sec)
[INFO] Downloading: http://repo1.maven.org/maven2/org/eclipse/tycho/org.eclipse.jdt.core/3.12.0.v20160516-2131/org.eclipse.jdt.core-3.12.0.v20160516-2131.jar
[INFO] Downloaded: http://repo1.maven.org/maven2/org/json/json/20160212/json-20160212.jar (49 KB at 335.8 KB/sec)
[INFO] Downloading: http://repo1.maven.org/maven2/com/martiansoftware/jsap/2.1/jsap-2.1.jar
[INFO] Downloaded: http://repo1.maven.org/maven2/org/apache/maven/surefire/surefire-logger-api/2.20/surefire-logger-api-2.20.jar (13 KB at 86.0 KB/sec)
[INFO] Downloading: http://repo1.maven.org/maven2/org/slf4j/slf4j-simple/1.7.6/slf4j-simple-1.7.6.jar
[INFO] Downloaded: http://repo1.maven.org/maven2/junit/junit/4.11/junit-4.11.jar (240 KB at 1627.9 KB/sec)
[INFO] Downloading: http://repo1.maven.org/maven2/org/slf4j/slf4j-api/1.7.6/slf4j-api-1.7.6.jar
[INFO] Downloaded: http://repo1.maven.org/maven2/org/slf4j/slf4j-simple/1.7.6/slf4j-simple-1.7.6.jar (11 KB at 63.6 KB/sec)
[INFO] Downloading: http://repo1.maven.org/maven2/log4j/log4j/1.2.17/log4j-1.2.17.jar
[INFO] Downloaded: http://repo1.maven.org/maven2/org/slf4j/slf4j-api/1.7.6/slf4j-api-1.7.6.jar (29 KB at 168.8 KB/sec)
[INFO] Downloading: http://repo1.maven.org/maven2/com/cloudbees/diff4j/1.2/diff4j-1.2.jar
[INFO] Downloaded: http://repo1.maven.org/maven2/com/martiansoftware/jsap/2.1/jsap-2.1.jar (68 KB at 387.0 KB/sec)
[INFO] Downloading: http://repo1.maven.org/maven2/org/jvnet/localizer/localizer/1.12/localizer-1.12.jar
[INFO] Downloaded: http://repo1.maven.org/maven2/com/cloudbees/diff4j/1.2/diff4j-1.2.jar (52 KB at 265.8 KB/sec)
[INFO] Downloading: http://repo1.maven.org/maven2/org/eclipse/core/org.eclipse.core.runtime/3.6.0.v20100505/org.eclipse.core.runtime-3.6.0.v20100505.jar
[INFO] Downloaded: http://repo1.maven.org/maven2/org/jvnet/localizer/localizer/1.12/localizer-1.12.jar (7 KB at 33.7 KB/sec)
[INFO] Downloading: http://repo1.maven.org/maven2/org/eclipse/core/org.eclipse.core.contenttype/3.4.100.v20100505-1235/org.eclipse.core.contenttype-3.4.100.v20100505-1235.jar
[INFO] Downloaded: http://repo1.maven.org/maven2/log4j/log4j/1.2.17/log4j-1.2.17.jar (479 KB at 2155.0 KB/sec)
[INFO] Downloading: http://repo1.maven.org/maven2/org/eclipse/equinox/org.eclipse.equinox.preferences/3.3.0.v20100503/org.eclipse.equinox.preferences-3.3.0.v20100503.jar
[INFO] Downloaded: http://repo1.maven.org/maven2/org/eclipse/core/org.eclipse.core.contenttype/3.4.100.v20100505-1235/org.eclipse.core.contenttype-3.4.100.v20100505-1235.jar (90 KB at 399.0 KB/sec)
[INFO] Downloading: http://repo1.maven.org/maven2/org/eclipse/equinox/org.eclipse.equinox.registry/3.5.0.v20100503/org.eclipse.equinox.registry-3.5.0.v20100503.jar
[INFO] Downloaded: http://repo1.maven.org/maven2/org/eclipse/equinox/org.eclipse.equinox.registry/3.5.0.v20100503/org.eclipse.equinox.registry-3.5.0.v20100503.jar (179 KB at 675.4 KB/sec)
[INFO] Downloading: http://repo1.maven.org/maven2/org/eclipse/core/org.eclipse.core.jobs/3.5.0.v20100515/org.eclipse.core.jobs-3.5.0.v20100515.jar
[INFO] Downloaded: http://repo1.maven.org/maven2/org/eclipse/core/org.eclipse.core.runtime/3.6.0.v20100505/org.eclipse.core.runtime-3.6.0.v20100505.jar (70 KB at 218.5 KB/sec)
[INFO] Downloading: http://repo1.maven.org/maven2/org/eclipse/equinox/org.eclipse.equinox.common/3.6.0.v20100503/org.eclipse.equinox.common-3.6.0.v20100503.jar
[INFO] Downloaded: http://repo1.maven.org/maven2/fr/inria/gforge/spoon/spoon-core/5.8.0/spoon-core-5.8.0.jar (1110 KB at 3444.2 KB/sec)
[INFO] Downloading: http://repo1.maven.org/maven2/org/eclipse/equinox/org.eclipse.equinox.app/1.3.0.v20100512/org.eclipse.equinox.app-1.3.0.v20100512.jar
[INFO] Downloaded: http://repo1.maven.org/maven2/org/eclipse/equinox/org.eclipse.equinox.app/1.3.0.v20100512/org.eclipse.equinox.app-1.3.0.v20100512.jar (82 KB at 239.3 KB/sec)
[INFO] Downloading: http://repo1.maven.org/maven2/org/eclipse/osgi/org.eclipse.osgi.services/3.2.100.v20100503/org.eclipse.osgi.services-3.2.100.v20100503.jar
[INFO] Downloaded: http://repo1.maven.org/maven2/org/eclipse/equinox/org.eclipse.equinox.common/3.6.0.v20100503/org.eclipse.equinox.common-3.6.0.v20100503.jar (100 KB at 286.1 KB/sec)
[INFO] Downloading: http://repo1.maven.org/maven2/org/eclipse/osgi/org.eclipse.osgi/3.6.0.v20100517/org.eclipse.osgi-3.6.0.v20100517.jar
[INFO] Downloaded: http://repo1.maven.org/maven2/org/eclipse/osgi/org.eclipse.osgi.services/3.2.100.v20100503/org.eclipse.osgi.services-3.2.100.v20100503.jar (66 KB at 178.5 KB/sec)
[INFO] Downloading: http://repo1.maven.org/maven2/javax/servlet/servlet-api/2.5/servlet-api-2.5.jar
[INFO] Downloaded: http://repo1.maven.org/maven2/org/eclipse/equinox/org.eclipse.equinox.preferences/3.3.0.v20100503/org.eclipse.equinox.preferences-3.3.0.v20100503.jar (109 KB at 282.5 KB/sec)
[INFO] Downloading: http://repo1.maven.org/maven2/org/apache/felix/org.osgi.foundation/1.2.0/org.osgi.foundation-1.2.0.jar
[INFO] Downloaded: http://repo1.maven.org/maven2/org/eclipse/core/org.eclipse.core.jobs/3.5.0.v20100515/org.eclipse.core.jobs-3.5.0.v20100515.jar (89 KB at 226.9 KB/sec)
[INFO] Downloading: http://repo1.maven.org/maven2/org/eclipse/core/org.eclipse.core.resources/3.6.0.v20100526-0737/org.eclipse.core.resources-3.6.0.v20100526-0737.jar
[INFO] Downloaded: http://repo1.maven.org/maven2/javax/servlet/servlet-api/2.5/servlet-api-2.5.jar (103 KB at 250.4 KB/sec)
[INFO] Downloading: http://repo1.maven.org/maven2/org/eclipse/core/org.eclipse.core.expressions/3.4.200.v20100505/org.eclipse.core.expressions-3.4.200.v20100505.jar
[INFO] Downloaded: http://repo1.maven.org/maven2/org/apache/felix/org.osgi.foundation/1.2.0/org.osgi.foundation-1.2.0.jar (254 KB at 568.2 KB/sec)
[INFO] Downloading: http://repo1.maven.org/maven2/org/eclipse/core/org.eclipse.core.filesystem/1.3.0.v20100526-0737/org.eclipse.core.filesystem-1.3.0.v20100526-0737.jar
[INFO] Downloaded: http://repo1.maven.org/maven2/org/eclipse/core/org.eclipse.core.expressions/3.4.200.v20100505/org.eclipse.core.expressions-3.4.200.v20100505.jar (85 KB at 188.4 KB/sec)
[INFO] Downloading: http://repo1.maven.org/maven2/org/glassfish/tyrus/bundles/tyrus-standalone-client/1.13.1/tyrus-standalone-client-1.13.1.jar
[INFO] Downloaded: http://repo1.maven.org/maven2/org/eclipse/tycho/org.eclipse.jdt.core/3.12.0.v20160516-2131/org.eclipse.jdt.core-3.12.0.v20160516-2131.jar (5684 KB at 12491.5 KB/sec)
[INFO] Downloaded: http://repo1.maven.org/maven2/org/eclipse/core/org.eclipse.core.resources/3.6.0.v20100526-0737/org.eclipse.core.resources-3.6.0.v20100526-0737.jar (752 KB at 1638.0 KB/sec)
[INFO] Downloaded: http://repo1.maven.org/maven2/org/eclipse/core/org.eclipse.core.filesystem/1.3.0.v20100526-0737/org.eclipse.core.filesystem-1.3.0.v20100526-0737.jar (52 KB at 109.3 KB/sec)
[INFO] Downloaded: http://repo1.maven.org/maven2/org/eclipse/osgi/org.eclipse.osgi/3.6.0.v20100517/org.eclipse.osgi-3.6.0.v20100517.jar (1121 KB at 2267.9 KB/sec)
[INFO] Downloaded: http://repo1.maven.org/maven2/org/glassfish/tyrus/bundles/tyrus-standalone-client/1.13.1/tyrus-standalone-client-1.13.1.jar (2028 KB at 3483.9 KB/sec)
[INFO] Downloading: https://tdurieux.github.io/maven-repository/snapshots/fr/inria/spirals/npefix/0.5/npefix-0.5.jar
[INFO] Downloading: https://tdurieux.github.io/maven-repository/releases/fr/inria/spirals/npefix/0.5/npefix-0.5.jar
[INFO] Downloaded: https://tdurieux.github.io/maven-repository/releases/fr/inria/spirals/npefix/0.5/npefix-0.5.jar (364 KB at 616.3 KB/sec)
/root/workspace/jdereg/java-util/270628663/target/test-classes:/root/workspace/jdereg/java-util/270628663/target/classes:/root/./workspace/jdereg/java-util/270628663/.m2/org/apache/logging/log4j/log4j-api/2.5/log4j-api-2.5.jar:/root/./workspace/jdereg/java-util/270628663/.m2/org/apache/logging/log4j/log4j-core/2.5/log4j-core-2.5.jar:/root/./workspace/jdereg/java-util/270628663/.m2/junit/junit/4.12/junit-4.12.jar:/root/./workspace/jdereg/java-util/270628663/.m2/org/hamcrest/hamcrest-core/1.3/hamcrest-core-1.3.jar:/root/./workspace/jdereg/java-util/270628663/.m2/org/mockito/mockito-all/1.10.19/mockito-all-1.10.19.jar:/root/./workspace/jdereg/java-util/270628663/.m2/org/powermock/powermock-module-junit4/1.6.4/powermock-module-junit4-1.6.4.jar:/root/./workspace/jdereg/java-util/270628663/.m2/org/powermock/powermock-module-junit4-common/1.6.4/powermock-module-junit4-common-1.6.4.jar:/root/./workspace/jdereg/java-util/270628663/.m2/org/powermock/powermock-core/1.6.4/powermock-core-1.6.4.jar:/root/./workspace/jdereg/java-util/270628663/.m2/org/javassist/javassist/3.20.0-GA/javassist-3.20.0-GA.jar:/root/./workspace/jdereg/java-util/270628663/.m2/org/powermock/powermock-reflect/1.6.4/powermock-reflect-1.6.4.jar:/root/./workspace/jdereg/java-util/270628663/.m2/org/powermock/powermock-api-mockito/1.6.4/powermock-api-mockito-1.6.4.jar:/root/./workspace/jdereg/java-util/270628663/.m2/org/mockito/mockito-core/1.10.19/mockito-core-1.10.19.jar:/root/./workspace/jdereg/java-util/270628663/.m2/org/objenesis/objenesis/2.1/objenesis-2.1.jar:/root/./workspace/jdereg/java-util/270628663/.m2/org/powermock/powermock-api-support/1.6.4/powermock-api-support-1.6.4.jar:/root/./workspace/jdereg/java-util/270628663/.m2/com/cedarsoftware/json-io/4.10.0/json-io-4.10.0.jar:/root/./workspace/jdereg/java-util/270628663/.m2/fr/inria/spirals/npefix/0.5/npefix-0.5.jar
[INFO] ------------------------------------------------------------------------
[INFO] BUILD FAILURE
[INFO] ------------------------------------------------------------------------
[INFO] Total time: 8.059 s
[INFO] Finished at: 2017-09-01T04:33:35+02:00
[INFO] Final Memory: 22M/483M
[INFO] ------------------------------------------------------------------------
[ERROR] Failed to execute goal fr.inria.gforge.spirals:npefix-maven:1.3:npefix (default-cli) on project java-util: Execution default-cli of goal fr.inria.gforge.spirals:npefix-maven:1.3:npefix failed: No failing test with NullPointerException or the NPE occurred outside the source. -> [Help 1]
[ERROR] 
[ERROR] To see the full stack trace of the errors, re-run Maven with the -e switch.
[ERROR] Re-run Maven using the -X switch to enable full debug logging.
[ERROR] 
[ERROR] For more information about the errors and possible solutions, please read the following articles:
[ERROR] [Help 1] http://cwiki.apache.org/confluence/display/MAVEN/PluginExecutionException
