[INFO] Scanning for projects...
[INFO] Downloading: https://repo.maven.apache.org/maven2/fr/inria/gforge/spirals/npefix-maven/1.3/npefix-maven-1.3.pom
[INFO] Downloaded: https://repo.maven.apache.org/maven2/fr/inria/gforge/spirals/npefix-maven/1.3/npefix-maven-1.3.pom (7 KB at 19.6 KB/sec)
[INFO] Downloading: https://repo.maven.apache.org/maven2/fr/inria/gforge/spirals/npefix-maven/1.3/npefix-maven-1.3.jar
[INFO] Downloaded: https://repo.maven.apache.org/maven2/fr/inria/gforge/spirals/npefix-maven/1.3/npefix-maven-1.3.jar (22 KB at 748.8 KB/sec)
[INFO]                                                                         
[INFO] ------------------------------------------------------------------------
[INFO] Building BSkyBlock alpha-0.0.1
[INFO] ------------------------------------------------------------------------
[INFO] 
[INFO] --- npefix-maven:1.3:npefix (default-cli) @ bskyblock ---
[INFO] Downloading: https://repo.maven.apache.org/maven2/org/apache/maven/maven-plugin-api/3.5.0/maven-plugin-api-3.5.0.pom
[INFO] Downloaded: https://repo.maven.apache.org/maven2/org/apache/maven/maven-plugin-api/3.5.0/maven-plugin-api-3.5.0.pom (3 KB at 145.9 KB/sec)
[INFO] Downloading: https://repo.maven.apache.org/maven2/org/apache/maven/maven/3.5.0/maven-3.5.0.pom
[INFO] Downloaded: https://repo.maven.apache.org/maven2/org/apache/maven/maven/3.5.0/maven-3.5.0.pom (25 KB at 896.1 KB/sec)
[INFO] Downloading: https://repo.maven.apache.org/maven2/org/apache/maven/maven-model/3.5.0/maven-model-3.5.0.pom
[INFO] Downloaded: https://repo.maven.apache.org/maven2/org/apache/maven/maven-model/3.5.0/maven-model-3.5.0.pom (4 KB at 207.3 KB/sec)
[INFO] Downloading: https://repo.maven.apache.org/maven2/org/apache/commons/commons-lang3/3.5/commons-lang3-3.5.pom
[INFO] Downloaded: https://repo.maven.apache.org/maven2/org/apache/commons/commons-lang3/3.5/commons-lang3-3.5.pom (23 KB at 991.3 KB/sec)
[INFO] Downloading: https://repo.maven.apache.org/maven2/org/apache/commons/commons-parent/41/commons-parent-41.pom
[INFO] Downloaded: https://repo.maven.apache.org/maven2/org/apache/commons/commons-parent/41/commons-parent-41.pom (64 KB at 2110.6 KB/sec)
[INFO] Downloading: https://repo.maven.apache.org/maven2/org/apache/maven/maven-artifact/3.5.0/maven-artifact-3.5.0.pom
[INFO] Downloaded: https://repo.maven.apache.org/maven2/org/apache/maven/maven-artifact/3.5.0/maven-artifact-3.5.0.pom (3 KB at 121.3 KB/sec)
[INFO] Downloading: https://repo.maven.apache.org/maven2/org/eclipse/sisu/org.eclipse.sisu.plexus/0.3.3/org.eclipse.sisu.plexus-0.3.3.pom
[INFO] Downloaded: https://repo.maven.apache.org/maven2/org/eclipse/sisu/org.eclipse.sisu.plexus/0.3.3/org.eclipse.sisu.plexus-0.3.3.pom (5 KB at 226.2 KB/sec)
[INFO] Downloading: https://repo.maven.apache.org/maven2/org/eclipse/sisu/sisu-plexus/0.3.3/sisu-plexus-0.3.3.pom
[INFO] Downloaded: https://repo.maven.apache.org/maven2/org/eclipse/sisu/sisu-plexus/0.3.3/sisu-plexus-0.3.3.pom (14 KB at 670.2 KB/sec)
[INFO] Downloading: https://repo.maven.apache.org/maven2/org/sonatype/oss/oss-parent/9/oss-parent-9.pom
[INFO] Downloaded: https://repo.maven.apache.org/maven2/org/sonatype/oss/oss-parent/9/oss-parent-9.pom (7 KB at 377.4 KB/sec)
[INFO] Downloading: https://repo.maven.apache.org/maven2/javax/enterprise/cdi-api/1.0/cdi-api-1.0.pom
[INFO] Downloaded: https://repo.maven.apache.org/maven2/javax/enterprise/cdi-api/1.0/cdi-api-1.0.pom (2 KB at 82.4 KB/sec)
[INFO] Downloading: https://repo.maven.apache.org/maven2/org/jboss/weld/weld-api-parent/1.0/weld-api-parent-1.0.pom
[INFO] Downloaded: https://repo.maven.apache.org/maven2/org/jboss/weld/weld-api-parent/1.0/weld-api-parent-1.0.pom (3 KB at 127.8 KB/sec)
[INFO] Downloading: https://repo.maven.apache.org/maven2/org/jboss/weld/weld-api-bom/1.0/weld-api-bom-1.0.pom
[INFO] Downloaded: https://repo.maven.apache.org/maven2/org/jboss/weld/weld-api-bom/1.0/weld-api-bom-1.0.pom (8 KB at 454.2 KB/sec)
[INFO] Downloading: https://repo.maven.apache.org/maven2/org/jboss/weld/weld-parent/6/weld-parent-6.pom
[INFO] Downloaded: https://repo.maven.apache.org/maven2/org/jboss/weld/weld-parent/6/weld-parent-6.pom (21 KB at 160.4 KB/sec)
[INFO] Downloading: https://repo.maven.apache.org/maven2/javax/annotation/jsr250-api/1.0/jsr250-api-1.0.pom
[INFO] Downloaded: https://repo.maven.apache.org/maven2/javax/annotation/jsr250-api/1.0/jsr250-api-1.0.pom (1023 B at 52.6 KB/sec)
[INFO] Downloading: https://repo.maven.apache.org/maven2/javax/inject/javax.inject/1/javax.inject-1.pom
[INFO] Downloaded: https://repo.maven.apache.org/maven2/javax/inject/javax.inject/1/javax.inject-1.pom (612 B at 33.2 KB/sec)
[INFO] Downloading: https://repo.maven.apache.org/maven2/org/eclipse/sisu/org.eclipse.sisu.inject/0.3.3/org.eclipse.sisu.inject-0.3.3.pom
[INFO] Downloaded: https://repo.maven.apache.org/maven2/org/eclipse/sisu/org.eclipse.sisu.inject/0.3.3/org.eclipse.sisu.inject-0.3.3.pom (3 KB at 150.8 KB/sec)
[INFO] Downloading: https://repo.maven.apache.org/maven2/org/eclipse/sisu/sisu-inject/0.3.3/sisu-inject-0.3.3.pom
[INFO] Downloaded: https://repo.maven.apache.org/maven2/org/eclipse/sisu/sisu-inject/0.3.3/sisu-inject-0.3.3.pom (15 KB at 670.0 KB/sec)
[INFO] Downloading: https://repo.maven.apache.org/maven2/org/codehaus/plexus/plexus-classworlds/2.5.2/plexus-classworlds-2.5.2.pom
[INFO] Downloaded: https://repo.maven.apache.org/maven2/org/codehaus/plexus/plexus-classworlds/2.5.2/plexus-classworlds-2.5.2.pom (8 KB at 396.3 KB/sec)
[INFO] Downloading: https://repo.maven.apache.org/maven2/org/codehaus/plexus/plexus-utils/3.0.17/plexus-utils-3.0.17.pom
[INFO] Downloaded: https://repo.maven.apache.org/maven2/org/codehaus/plexus/plexus-utils/3.0.17/plexus-utils-3.0.17.pom (4 KB at 184.2 KB/sec)
[INFO] Downloading: https://repo.maven.apache.org/maven2/org/apache/maven/surefire/surefire-report-parser/2.20/surefire-report-parser-2.20.pom
[INFO] Downloaded: https://repo.maven.apache.org/maven2/org/apache/maven/surefire/surefire-report-parser/2.20/surefire-report-parser-2.20.pom (4 KB at 193.0 KB/sec)
[INFO] Downloading: https://repo.maven.apache.org/maven2/org/apache/maven/surefire/surefire/2.20/surefire-2.20.pom
[INFO] Downloaded: https://repo.maven.apache.org/maven2/org/apache/maven/surefire/surefire/2.20/surefire-2.20.pom (21 KB at 967.4 KB/sec)
[INFO] Downloading: https://repo.maven.apache.org/maven2/org/apache/maven/maven-parent/26/maven-parent-26.pom
[INFO] Downloaded: https://repo.maven.apache.org/maven2/org/apache/maven/maven-parent/26/maven-parent-26.pom (39 KB at 1618.9 KB/sec)
[INFO] Downloading: https://repo.maven.apache.org/maven2/org/apache/maven/surefire/surefire-logger-api/2.20/surefire-logger-api-2.20.pom
[INFO] Downloaded: https://repo.maven.apache.org/maven2/org/apache/maven/surefire/surefire-logger-api/2.20/surefire-logger-api-2.20.pom (2 KB at 95.6 KB/sec)
[INFO] Downloading: https://repo.maven.apache.org/maven2/fr/inria/spirals/npefix/0.5/npefix-0.5.pom
[INFO] Downloading: https://tdurieux.github.io/maven-repository/snapshots/fr/inria/spirals/npefix/0.5/npefix-0.5.pom
[INFO] Downloading: https://tdurieux.github.io/maven-repository/releases/fr/inria/spirals/npefix/0.5/npefix-0.5.pom
[INFO] Downloaded: https://tdurieux.github.io/maven-repository/releases/fr/inria/spirals/npefix/0.5/npefix-0.5.pom (10 KB at 21.7 KB/sec)
[INFO] Downloading: https://repo.maven.apache.org/maven2/junit/junit/4.11/junit-4.11.pom
[INFO] Downloaded: https://repo.maven.apache.org/maven2/junit/junit/4.11/junit-4.11.pom (3 KB at 73.8 KB/sec)
[INFO] Downloading: https://repo.maven.apache.org/maven2/org/json/json/20160212/json-20160212.pom
[INFO] Downloaded: https://repo.maven.apache.org/maven2/org/json/json/20160212/json-20160212.pom (6 KB at 263.7 KB/sec)
[INFO] Downloading: https://repo.maven.apache.org/maven2/fr/inria/gforge/spoon/spoon-core/5.8.0/spoon-core-5.8.0.pom
[INFO] Downloaded: https://repo.maven.apache.org/maven2/fr/inria/gforge/spoon/spoon-core/5.8.0/spoon-core-5.8.0.pom (23 KB at 791.4 KB/sec)
[INFO] Downloading: https://repo.maven.apache.org/maven2/org/eclipse/tycho/org.eclipse.jdt.core/3.12.0.v20160516-2131/org.eclipse.jdt.core-3.12.0.v20160516-2131.pom
[INFO] Downloaded: https://repo.maven.apache.org/maven2/org/eclipse/tycho/org.eclipse.jdt.core/3.12.0.v20160516-2131/org.eclipse.jdt.core-3.12.0.v20160516-2131.pom (2 KB at 50.7 KB/sec)
[INFO] Downloading: https://repo.maven.apache.org/maven2/com/martiansoftware/jsap/2.1/jsap-2.1.pom
[INFO] Downloaded: https://repo.maven.apache.org/maven2/com/martiansoftware/jsap/2.1/jsap-2.1.pom (815 B at 41.9 KB/sec)
[INFO] Downloading: https://repo.maven.apache.org/maven2/log4j/log4j/1.2.17/log4j-1.2.17.pom
[INFO] Downloaded: https://repo.maven.apache.org/maven2/log4j/log4j/1.2.17/log4j-1.2.17.pom (22 KB at 758.4 KB/sec)
[INFO] Downloading: https://repo.maven.apache.org/maven2/org/slf4j/slf4j-simple/1.7.6/slf4j-simple-1.7.6.pom
[INFO] Downloaded: https://repo.maven.apache.org/maven2/org/slf4j/slf4j-simple/1.7.6/slf4j-simple-1.7.6.pom (2 KB at 71.9 KB/sec)
[INFO] Downloading: https://repo.maven.apache.org/maven2/org/slf4j/slf4j-parent/1.7.6/slf4j-parent-1.7.6.pom
[INFO] Downloaded: https://repo.maven.apache.org/maven2/org/slf4j/slf4j-parent/1.7.6/slf4j-parent-1.7.6.pom (12 KB at 553.7 KB/sec)
[INFO] Downloading: https://repo.maven.apache.org/maven2/org/slf4j/slf4j-api/1.7.6/slf4j-api-1.7.6.pom
[INFO] Downloaded: https://repo.maven.apache.org/maven2/org/slf4j/slf4j-api/1.7.6/slf4j-api-1.7.6.pom (3 KB at 138.2 KB/sec)
[INFO] Downloading: https://repo.maven.apache.org/maven2/com/cloudbees/diff4j/1.2/diff4j-1.2.pom
[INFO] Downloaded: https://repo.maven.apache.org/maven2/com/cloudbees/diff4j/1.2/diff4j-1.2.pom (4 KB at 174.3 KB/sec)
[INFO] Downloading: https://repo.maven.apache.org/maven2/com/cloudbees/cloudbees-oss-parent/4/cloudbees-oss-parent-4.pom
[INFO] Downloaded: https://repo.maven.apache.org/maven2/com/cloudbees/cloudbees-oss-parent/4/cloudbees-oss-parent-4.pom (9 KB at 401.2 KB/sec)
[INFO] Downloading: https://repo.maven.apache.org/maven2/org/jvnet/localizer/localizer/1.12/localizer-1.12.pom
[INFO] Downloaded: https://repo.maven.apache.org/maven2/org/jvnet/localizer/localizer/1.12/localizer-1.12.pom (690 B at 33.7 KB/sec)
[INFO] Downloading: https://repo.maven.apache.org/maven2/org/jvnet/localizer/localizer-parent/1.12/localizer-parent-1.12.pom
[INFO] Downloaded: https://repo.maven.apache.org/maven2/org/jvnet/localizer/localizer-parent/1.12/localizer-parent-1.12.pom (2 KB at 87.7 KB/sec)
[INFO] Downloading: https://repo.maven.apache.org/maven2/org/eclipse/core/org.eclipse.core.runtime/3.6.0.v20100505/org.eclipse.core.runtime-3.6.0.v20100505.pom
[INFO] Downloaded: https://repo.maven.apache.org/maven2/org/eclipse/core/org.eclipse.core.runtime/3.6.0.v20100505/org.eclipse.core.runtime-3.6.0.v20100505.pom (3 KB at 107.6 KB/sec)
[INFO] Downloading: https://repo.maven.apache.org/maven2/org/eclipse/org.eclipse.eclipse/3.6.0.v20100505/org.eclipse.eclipse-3.6.0.v20100505.pom
[INFO] Downloaded: https://repo.maven.apache.org/maven2/org/eclipse/org.eclipse.eclipse/3.6.0.v20100505/org.eclipse.eclipse-3.6.0.v20100505.pom (5 KB at 211.0 KB/sec)
[INFO] Downloading: https://repo.maven.apache.org/maven2/org/eclipse/core/org.eclipse.core.contenttype/3.4.100.v20100505-1235/org.eclipse.core.contenttype-3.4.100.v20100505-1235.pom
[INFO] Downloaded: https://repo.maven.apache.org/maven2/org/eclipse/core/org.eclipse.core.contenttype/3.4.100.v20100505-1235/org.eclipse.core.contenttype-3.4.100.v20100505-1235.pom (2 KB at 75.1 KB/sec)
[INFO] Downloading: https://repo.maven.apache.org/maven2/org/eclipse/equinox/org.eclipse.equinox.preferences/3.3.0.v20100503/org.eclipse.equinox.preferences-3.3.0.v20100503.pom
[INFO] Downloaded: https://repo.maven.apache.org/maven2/org/eclipse/equinox/org.eclipse.equinox.preferences/3.3.0.v20100503/org.eclipse.equinox.preferences-3.3.0.v20100503.pom (2 KB at 71.2 KB/sec)
[INFO] Downloading: https://repo.maven.apache.org/maven2/org/eclipse/equinox/org.eclipse.equinox.registry/3.5.0.v20100503/org.eclipse.equinox.registry-3.5.0.v20100503.pom
[INFO] Downloaded: https://repo.maven.apache.org/maven2/org/eclipse/equinox/org.eclipse.equinox.registry/3.5.0.v20100503/org.eclipse.equinox.registry-3.5.0.v20100503.pom (2 KB at 65.0 KB/sec)
[INFO] Downloading: https://repo.maven.apache.org/maven2/org/eclipse/core/org.eclipse.core.jobs/3.5.0.v20100515/org.eclipse.core.jobs-3.5.0.v20100515.pom
[INFO] Downloaded: https://repo.maven.apache.org/maven2/org/eclipse/core/org.eclipse.core.jobs/3.5.0.v20100515/org.eclipse.core.jobs-3.5.0.v20100515.pom (2 KB at 55.5 KB/sec)
[INFO] Downloading: https://repo.maven.apache.org/maven2/org/eclipse/equinox/org.eclipse.equinox.common/3.6.0.v20100503/org.eclipse.equinox.common-3.6.0.v20100503.pom
[INFO] Downloaded: https://repo.maven.apache.org/maven2/org/eclipse/equinox/org.eclipse.equinox.common/3.6.0.v20100503/org.eclipse.equinox.common-3.6.0.v20100503.pom (903 B at 51.9 KB/sec)
[INFO] Downloading: https://repo.maven.apache.org/maven2/org/eclipse/osgi/org.eclipse.osgi/3.6.0.v20100517/org.eclipse.osgi-3.6.0.v20100517.pom
[INFO] Downloaded: https://repo.maven.apache.org/maven2/org/eclipse/osgi/org.eclipse.osgi/3.6.0.v20100517/org.eclipse.osgi-3.6.0.v20100517.pom (699 B at 40.2 KB/sec)
[INFO] Downloading: https://repo.maven.apache.org/maven2/org/eclipse/equinox/org.eclipse.equinox.app/1.3.0.v20100512/org.eclipse.equinox.app-1.3.0.v20100512.pom
[INFO] Downloaded: https://repo.maven.apache.org/maven2/org/eclipse/equinox/org.eclipse.equinox.app/1.3.0.v20100512/org.eclipse.equinox.app-1.3.0.v20100512.pom (2 KB at 99.2 KB/sec)
[INFO] Downloading: https://repo.maven.apache.org/maven2/org/eclipse/osgi/org.eclipse.osgi.services/3.2.100.v20100503/org.eclipse.osgi.services-3.2.100.v20100503.pom
[INFO] Downloaded: https://repo.maven.apache.org/maven2/org/eclipse/osgi/org.eclipse.osgi.services/3.2.100.v20100503/org.eclipse.osgi.services-3.2.100.v20100503.pom (2 KB at 78.0 KB/sec)
[INFO] Downloading: https://repo.maven.apache.org/maven2/javax/servlet/servlet-api/2.5/servlet-api-2.5.pom
[INFO] Downloaded: https://repo.maven.apache.org/maven2/javax/servlet/servlet-api/2.5/servlet-api-2.5.pom (157 B at 9.6 KB/sec)
[INFO] Downloading: https://repo.maven.apache.org/maven2/org/apache/felix/org.osgi.foundation/1.2.0/org.osgi.foundation-1.2.0.pom
[INFO] Downloaded: https://repo.maven.apache.org/maven2/org/apache/felix/org.osgi.foundation/1.2.0/org.osgi.foundation-1.2.0.pom (2 KB at 101.8 KB/sec)
[INFO] Downloading: https://repo.maven.apache.org/maven2/org/apache/felix/felix/1.0.2/felix-1.0.2.pom
[INFO] Downloaded: https://repo.maven.apache.org/maven2/org/apache/felix/felix/1.0.2/felix-1.0.2.pom (14 KB at 822.0 KB/sec)
[INFO] Downloading: https://repo.maven.apache.org/maven2/org/eclipse/core/org.eclipse.core.resources/3.6.0.v20100526-0737/org.eclipse.core.resources-3.6.0.v20100526-0737.pom
[INFO] Downloaded: https://repo.maven.apache.org/maven2/org/eclipse/core/org.eclipse.core.resources/3.6.0.v20100526-0737/org.eclipse.core.resources-3.6.0.v20100526-0737.pom (3 KB at 146.8 KB/sec)
[INFO] Downloading: https://repo.maven.apache.org/maven2/org/eclipse/core/org.eclipse.core.expressions/3.4.200.v20100505/org.eclipse.core.expressions-3.4.200.v20100505.pom
[INFO] Downloaded: https://repo.maven.apache.org/maven2/org/eclipse/core/org.eclipse.core.expressions/3.4.200.v20100505/org.eclipse.core.expressions-3.4.200.v20100505.pom (2 KB at 82.7 KB/sec)
[INFO] Downloading: https://repo.maven.apache.org/maven2/org/eclipse/core/org.eclipse.core.filesystem/1.3.0.v20100526-0737/org.eclipse.core.filesystem-1.3.0.v20100526-0737.pom
[INFO] Downloaded: https://repo.maven.apache.org/maven2/org/eclipse/core/org.eclipse.core.filesystem/1.3.0.v20100526-0737/org.eclipse.core.filesystem-1.3.0.v20100526-0737.pom (2 KB at 72.7 KB/sec)
[INFO] Downloading: https://repo.maven.apache.org/maven2/org/glassfish/tyrus/bundles/tyrus-standalone-client/1.13.1/tyrus-standalone-client-1.13.1.pom
[INFO] Downloaded: https://repo.maven.apache.org/maven2/org/glassfish/tyrus/bundles/tyrus-standalone-client/1.13.1/tyrus-standalone-client-1.13.1.pom (7 KB at 330.1 KB/sec)
[INFO] Downloading: https://repo.maven.apache.org/maven2/org/glassfish/tyrus/bundles/tyrus-bundles/1.13.1/tyrus-bundles-1.13.1.pom
[INFO] Downloaded: https://repo.maven.apache.org/maven2/org/glassfish/tyrus/bundles/tyrus-bundles/1.13.1/tyrus-bundles-1.13.1.pom (4 KB at 158.0 KB/sec)
[INFO] Downloading: https://repo.maven.apache.org/maven2/org/glassfish/tyrus/tyrus-project/1.13.1/tyrus-project-1.13.1.pom
[INFO] Downloaded: https://repo.maven.apache.org/maven2/org/glassfish/tyrus/tyrus-project/1.13.1/tyrus-project-1.13.1.pom (29 KB at 1430.5 KB/sec)
[INFO] Downloading: https://repo.maven.apache.org/maven2/net/java/jvnet-parent/5/jvnet-parent-5.pom
[INFO] Downloaded: https://repo.maven.apache.org/maven2/net/java/jvnet-parent/5/jvnet-parent-5.pom (9 KB at 393.4 KB/sec)
[INFO] Downloading: https://repo.maven.apache.org/maven2/org/apache/maven/maven-project/2.2.1/maven-project-2.2.1.jar
[INFO] Downloading: https://repo.maven.apache.org/maven2/org/apache/maven/maven-settings/2.2.1/maven-settings-2.2.1.jar
[INFO] Downloading: https://repo.maven.apache.org/maven2/org/apache/maven/maven-profile/2.2.1/maven-profile-2.2.1.jar
[INFO] Downloading: https://repo.maven.apache.org/maven2/org/apache/maven/maven-model/2.2.1/maven-model-2.2.1.jar
[INFO] Downloading: https://repo.maven.apache.org/maven2/org/apache/maven/maven-artifact-manager/2.2.1/maven-artifact-manager-2.2.1.jar
[INFO] Downloaded: https://repo.maven.apache.org/maven2/org/apache/maven/maven-profile/2.2.1/maven-profile-2.2.1.jar (35 KB at 1644.4 KB/sec)
[INFO] Downloading: https://repo.maven.apache.org/maven2/org/apache/maven/maven-repository-metadata/2.2.1/maven-repository-metadata-2.2.1.jar
[INFO] Downloaded: https://repo.maven.apache.org/maven2/org/apache/maven/maven-repository-metadata/2.2.1/maven-repository-metadata-2.2.1.jar (26 KB at 582.7 KB/sec)
[INFO] Downloading: https://repo.maven.apache.org/maven2/backport-util-concurrent/backport-util-concurrent/3.1/backport-util-concurrent-3.1.jar
[INFO] Downloaded: https://repo.maven.apache.org/maven2/org/apache/maven/maven-settings/2.2.1/maven-settings-2.2.1.jar (48 KB at 939.1 KB/sec)
[INFO] Downloading: https://repo.maven.apache.org/maven2/org/apache/maven/maven-plugin-registry/2.2.1/maven-plugin-registry-2.2.1.jar
[INFO] Downloaded: https://repo.maven.apache.org/maven2/org/apache/maven/maven-artifact-manager/2.2.1/maven-artifact-manager-2.2.1.jar (66 KB at 1178.4 KB/sec)
[INFO] Downloading: https://repo.maven.apache.org/maven2/org/codehaus/plexus/plexus-interpolation/1.11/plexus-interpolation-1.11.jar
[INFO] Downloaded: https://repo.maven.apache.org/maven2/org/apache/maven/maven-model/2.2.1/maven-model-2.2.1.jar (86 KB at 1402.2 KB/sec)
[INFO] Downloading: https://repo.maven.apache.org/maven2/org/apache/maven/maven-artifact/2.2.1/maven-artifact-2.2.1.jar
[INFO] Downloaded: https://repo.maven.apache.org/maven2/org/apache/maven/maven-project/2.2.1/maven-project-2.2.1.jar (153 KB at 2090.7 KB/sec)
[INFO] Downloading: https://repo.maven.apache.org/maven2/org/apache/maven/maven-plugin-api/3.5.0/maven-plugin-api-3.5.0.jar
[INFO] Downloaded: https://repo.maven.apache.org/maven2/org/apache/maven/maven-plugin-registry/2.2.1/maven-plugin-registry-2.2.1.jar (30 KB at 397.4 KB/sec)
[INFO] Downloading: https://repo.maven.apache.org/maven2/org/eclipse/sisu/org.eclipse.sisu.plexus/0.3.3/org.eclipse.sisu.plexus-0.3.3.jar
[INFO] Downloaded: https://repo.maven.apache.org/maven2/org/codehaus/plexus/plexus-interpolation/1.11/plexus-interpolation-1.11.jar (50 KB at 585.2 KB/sec)
[INFO] Downloading: https://repo.maven.apache.org/maven2/javax/enterprise/cdi-api/1.0/cdi-api-1.0.jar
[INFO] Downloaded: https://repo.maven.apache.org/maven2/org/apache/maven/maven-artifact/2.2.1/maven-artifact-2.2.1.jar (79 KB at 862.0 KB/sec)
[INFO] Downloading: https://repo.maven.apache.org/maven2/javax/annotation/jsr250-api/1.0/jsr250-api-1.0.jar
[INFO] Downloaded: https://repo.maven.apache.org/maven2/org/apache/maven/maven-plugin-api/3.5.0/maven-plugin-api-3.5.0.jar (47 KB at 496.3 KB/sec)
[INFO] Downloading: https://repo.maven.apache.org/maven2/javax/inject/javax.inject/1/javax.inject-1.jar
[INFO] Downloaded: https://repo.maven.apache.org/maven2/backport-util-concurrent/backport-util-concurrent/3.1/backport-util-concurrent-3.1.jar (324 KB at 3272.1 KB/sec)
[INFO] Downloading: https://repo.maven.apache.org/maven2/org/eclipse/sisu/org.eclipse.sisu.inject/0.3.3/org.eclipse.sisu.inject-0.3.3.jar
[INFO] Downloaded: https://repo.maven.apache.org/maven2/javax/annotation/jsr250-api/1.0/jsr250-api-1.0.jar (6 KB at 52.4 KB/sec)
[INFO] Downloading: https://repo.maven.apache.org/maven2/org/codehaus/plexus/plexus-classworlds/2.5.2/plexus-classworlds-2.5.2.jar
[INFO] Downloaded: https://repo.maven.apache.org/maven2/javax/enterprise/cdi-api/1.0/cdi-api-1.0.jar (44 KB at 395.1 KB/sec)
[INFO] Downloading: https://repo.maven.apache.org/maven2/org/apache/maven/surefire/surefire-report-parser/2.20/surefire-report-parser-2.20.jar
[INFO] Downloaded: https://repo.maven.apache.org/maven2/javax/inject/javax.inject/1/javax.inject-1.jar (3 KB at 22.0 KB/sec)
[INFO] Downloading: https://repo.maven.apache.org/maven2/org/apache/maven/surefire/surefire-logger-api/2.20/surefire-logger-api-2.20.jar
[INFO] Downloaded: https://repo.maven.apache.org/maven2/org/eclipse/sisu/org.eclipse.sisu.plexus/0.3.3/org.eclipse.sisu.plexus-0.3.3.jar (201 KB at 1758.7 KB/sec)
[INFO] Downloading: https://repo.maven.apache.org/maven2/fr/inria/spirals/npefix/0.5/npefix-0.5.jar
[INFO] Downloading: https://repo.maven.apache.org/maven2/junit/junit/4.11/junit-4.11.jar
[INFO] Downloaded: https://repo.maven.apache.org/maven2/org/apache/maven/surefire/surefire-logger-api/2.20/surefire-logger-api-2.20.jar (13 KB at 98.9 KB/sec)
[INFO] Downloading: https://repo.maven.apache.org/maven2/org/json/json/20160212/json-20160212.jar
[INFO] Downloaded: https://repo.maven.apache.org/maven2/org/codehaus/plexus/plexus-classworlds/2.5.2/plexus-classworlds-2.5.2.jar (52 KB at 395.8 KB/sec)
[INFO] Downloading: https://repo.maven.apache.org/maven2/fr/inria/gforge/spoon/spoon-core/5.8.0/spoon-core-5.8.0.jar
[INFO] Downloaded: https://repo.maven.apache.org/maven2/org/apache/maven/surefire/surefire-report-parser/2.20/surefire-report-parser-2.20.jar (62 KB at 465.6 KB/sec)
[INFO] Downloading: https://repo.maven.apache.org/maven2/org/eclipse/tycho/org.eclipse.jdt.core/3.12.0.v20160516-2131/org.eclipse.jdt.core-3.12.0.v20160516-2131.jar
[INFO] Downloaded: https://repo.maven.apache.org/maven2/org/json/json/20160212/json-20160212.jar (49 KB at 328.9 KB/sec)
[INFO] Downloading: https://repo.maven.apache.org/maven2/com/martiansoftware/jsap/2.1/jsap-2.1.jar
[INFO] Downloaded: https://repo.maven.apache.org/maven2/org/eclipse/sisu/org.eclipse.sisu.inject/0.3.3/org.eclipse.sisu.inject-0.3.3.jar (371 KB at 2328.9 KB/sec)
[INFO] Downloading: https://repo.maven.apache.org/maven2/org/slf4j/slf4j-simple/1.7.6/slf4j-simple-1.7.6.jar
[INFO] Downloaded: https://repo.maven.apache.org/maven2/com/martiansoftware/jsap/2.1/jsap-2.1.jar (68 KB at 405.5 KB/sec)
[INFO] Downloading: https://repo.maven.apache.org/maven2/org/slf4j/slf4j-api/1.7.6/slf4j-api-1.7.6.jar
[INFO] Downloaded: https://repo.maven.apache.org/maven2/org/slf4j/slf4j-simple/1.7.6/slf4j-simple-1.7.6.jar (11 KB at 60.3 KB/sec)
[INFO] Downloading: https://repo.maven.apache.org/maven2/log4j/log4j/1.2.17/log4j-1.2.17.jar
[INFO] Downloaded: https://repo.maven.apache.org/maven2/junit/junit/4.11/junit-4.11.jar (240 KB at 1322.1 KB/sec)
[INFO] Downloading: https://repo.maven.apache.org/maven2/com/cloudbees/diff4j/1.2/diff4j-1.2.jar
[INFO] Downloaded: https://repo.maven.apache.org/maven2/org/slf4j/slf4j-api/1.7.6/slf4j-api-1.7.6.jar (29 KB at 152.3 KB/sec)
[INFO] Downloading: https://repo.maven.apache.org/maven2/org/jvnet/localizer/localizer/1.12/localizer-1.12.jar
[INFO] Downloaded: https://repo.maven.apache.org/maven2/org/jvnet/localizer/localizer/1.12/localizer-1.12.jar (7 KB at 33.2 KB/sec)
[INFO] Downloading: https://repo.maven.apache.org/maven2/org/eclipse/core/org.eclipse.core.runtime/3.6.0.v20100505/org.eclipse.core.runtime-3.6.0.v20100505.jar
[INFO] Downloaded: https://repo.maven.apache.org/maven2/com/cloudbees/diff4j/1.2/diff4j-1.2.jar (52 KB at 257.9 KB/sec)
[INFO] Downloading: https://repo.maven.apache.org/maven2/org/eclipse/core/org.eclipse.core.contenttype/3.4.100.v20100505-1235/org.eclipse.core.contenttype-3.4.100.v20100505-1235.jar
[INFO] Downloaded: https://repo.maven.apache.org/maven2/org/eclipse/core/org.eclipse.core.runtime/3.6.0.v20100505/org.eclipse.core.runtime-3.6.0.v20100505.jar (70 KB at 313.4 KB/sec)
[INFO] Downloading: https://repo.maven.apache.org/maven2/org/eclipse/equinox/org.eclipse.equinox.preferences/3.3.0.v20100503/org.eclipse.equinox.preferences-3.3.0.v20100503.jar
[INFO] Downloaded: https://repo.maven.apache.org/maven2/log4j/log4j/1.2.17/log4j-1.2.17.jar (479 KB at 2145.3 KB/sec)
[INFO] Downloading: https://repo.maven.apache.org/maven2/org/eclipse/equinox/org.eclipse.equinox.registry/3.5.0.v20100503/org.eclipse.equinox.registry-3.5.0.v20100503.jar
[INFO] Downloaded: https://repo.maven.apache.org/maven2/org/eclipse/core/org.eclipse.core.contenttype/3.4.100.v20100505-1235/org.eclipse.core.contenttype-3.4.100.v20100505-1235.jar (90 KB at 400.8 KB/sec)
[INFO] Downloading: https://repo.maven.apache.org/maven2/org/eclipse/core/org.eclipse.core.jobs/3.5.0.v20100515/org.eclipse.core.jobs-3.5.0.v20100515.jar
[INFO] Downloaded: https://repo.maven.apache.org/maven2/fr/inria/gforge/spoon/spoon-core/5.8.0/spoon-core-5.8.0.jar (1110 KB at 4801.0 KB/sec)
[INFO] Downloading: https://repo.maven.apache.org/maven2/org/eclipse/equinox/org.eclipse.equinox.common/3.6.0.v20100503/org.eclipse.equinox.common-3.6.0.v20100503.jar
[INFO] Downloaded: https://repo.maven.apache.org/maven2/org/eclipse/equinox/org.eclipse.equinox.preferences/3.3.0.v20100503/org.eclipse.equinox.preferences-3.3.0.v20100503.jar (109 KB at 441.0 KB/sec)
[INFO] Downloading: https://repo.maven.apache.org/maven2/org/eclipse/equinox/org.eclipse.equinox.app/1.3.0.v20100512/org.eclipse.equinox.app-1.3.0.v20100512.jar
[INFO] Downloaded: https://repo.maven.apache.org/maven2/org/eclipse/core/org.eclipse.core.jobs/3.5.0.v20100515/org.eclipse.core.jobs-3.5.0.v20100515.jar (89 KB at 360.6 KB/sec)
[INFO] Downloading: https://repo.maven.apache.org/maven2/org/eclipse/osgi/org.eclipse.osgi.services/3.2.100.v20100503/org.eclipse.osgi.services-3.2.100.v20100503.jar
[INFO] Downloaded: https://repo.maven.apache.org/maven2/org/eclipse/equinox/org.eclipse.equinox.registry/3.5.0.v20100503/org.eclipse.equinox.registry-3.5.0.v20100503.jar (179 KB at 716.1 KB/sec)
[INFO] Downloading: https://repo.maven.apache.org/maven2/org/eclipse/osgi/org.eclipse.osgi/3.6.0.v20100517/org.eclipse.osgi-3.6.0.v20100517.jar
[INFO] Downloaded: https://repo.maven.apache.org/maven2/org/eclipse/equinox/org.eclipse.equinox.common/3.6.0.v20100503/org.eclipse.equinox.common-3.6.0.v20100503.jar (100 KB at 395.1 KB/sec)
[INFO] Downloading: https://repo.maven.apache.org/maven2/javax/servlet/servlet-api/2.5/servlet-api-2.5.jar
[INFO] Downloaded: https://repo.maven.apache.org/maven2/org/eclipse/osgi/org.eclipse.osgi.services/3.2.100.v20100503/org.eclipse.osgi.services-3.2.100.v20100503.jar (66 KB at 244.8 KB/sec)
[INFO] Downloading: https://repo.maven.apache.org/maven2/org/apache/felix/org.osgi.foundation/1.2.0/org.osgi.foundation-1.2.0.jar
[INFO] Downloaded: https://repo.maven.apache.org/maven2/javax/servlet/servlet-api/2.5/servlet-api-2.5.jar (103 KB at 377.4 KB/sec)
[INFO] Downloading: https://repo.maven.apache.org/maven2/org/eclipse/core/org.eclipse.core.resources/3.6.0.v20100526-0737/org.eclipse.core.resources-3.6.0.v20100526-0737.jar
[INFO] Downloaded: https://repo.maven.apache.org/maven2/org/eclipse/equinox/org.eclipse.equinox.app/1.3.0.v20100512/org.eclipse.equinox.app-1.3.0.v20100512.jar (82 KB at 299.8 KB/sec)
[INFO] Downloading: https://repo.maven.apache.org/maven2/org/eclipse/core/org.eclipse.core.expressions/3.4.200.v20100505/org.eclipse.core.expressions-3.4.200.v20100505.jar
[INFO] Downloaded: https://repo.maven.apache.org/maven2/org/eclipse/core/org.eclipse.core.expressions/3.4.200.v20100505/org.eclipse.core.expressions-3.4.200.v20100505.jar (85 KB at 286.0 KB/sec)
[INFO] Downloading: https://repo.maven.apache.org/maven2/org/eclipse/core/org.eclipse.core.filesystem/1.3.0.v20100526-0737/org.eclipse.core.filesystem-1.3.0.v20100526-0737.jar
[INFO] Downloaded: https://repo.maven.apache.org/maven2/org/apache/felix/org.osgi.foundation/1.2.0/org.osgi.foundation-1.2.0.jar (254 KB at 850.4 KB/sec)
[INFO] Downloading: https://repo.maven.apache.org/maven2/org/glassfish/tyrus/bundles/tyrus-standalone-client/1.13.1/tyrus-standalone-client-1.13.1.jar
[INFO] Downloaded: https://repo.maven.apache.org/maven2/org/eclipse/core/org.eclipse.core.filesystem/1.3.0.v20100526-0737/org.eclipse.core.filesystem-1.3.0.v20100526-0737.jar (52 KB at 162.4 KB/sec)
[INFO] Downloaded: https://repo.maven.apache.org/maven2/org/eclipse/core/org.eclipse.core.resources/3.6.0.v20100526-0737/org.eclipse.core.resources-3.6.0.v20100526-0737.jar (752 KB at 2306.3 KB/sec)
[INFO] Downloaded: https://repo.maven.apache.org/maven2/org/eclipse/osgi/org.eclipse.osgi/3.6.0.v20100517/org.eclipse.osgi-3.6.0.v20100517.jar (1121 KB at 3374.5 KB/sec)
[INFO] Downloaded: https://repo.maven.apache.org/maven2/org/eclipse/tycho/org.eclipse.jdt.core/3.12.0.v20160516-2131/org.eclipse.jdt.core-3.12.0.v20160516-2131.jar (5684 KB at 13404.8 KB/sec)
[INFO] Downloaded: https://repo.maven.apache.org/maven2/org/glassfish/tyrus/bundles/tyrus-standalone-client/1.13.1/tyrus-standalone-client-1.13.1.jar (2028 KB at 4737.4 KB/sec)
[INFO] Downloading: https://tdurieux.github.io/maven-repository/snapshots/fr/inria/spirals/npefix/0.5/npefix-0.5.jar
[INFO] Downloading: https://tdurieux.github.io/maven-repository/releases/fr/inria/spirals/npefix/0.5/npefix-0.5.jar
[INFO] Downloaded: https://tdurieux.github.io/maven-repository/releases/fr/inria/spirals/npefix/0.5/npefix-0.5.jar (364 KB at 883.3 KB/sec)
/root/workspace/tastybento/bskyblock/393263858/target/test-classes:/root/workspace/tastybento/bskyblock/393263858/target/classes:/root/./workspace/tastybento/bskyblock/393263858/.m2/org/bukkit/bukkit/1.12.2-R0.1-SNAPSHOT/bukkit-1.12.2-R0.1-SNAPSHOT.jar:/root/./workspace/tastybento/bskyblock/393263858/.m2/commons-lang/commons-lang/2.6/commons-lang-2.6.jar:/root/./workspace/tastybento/bskyblock/393263858/.m2/com/googlecode/json-simple/json-simple/1.1.1/json-simple-1.1.1.jar:/root/./workspace/tastybento/bskyblock/393263858/.m2/com/google/guava/guava/21.0/guava-21.0.jar:/root/./workspace/tastybento/bskyblock/393263858/.m2/com/google/code/gson/gson/2.8.0/gson-2.8.0.jar:/root/./workspace/tastybento/bskyblock/393263858/.m2/org/yaml/snakeyaml/1.19/snakeyaml-1.19.jar:/root/./workspace/tastybento/bskyblock/393263858/.m2/org/mockito/mockito-all/1.10.19/mockito-all-1.10.19.jar:/root/./workspace/tastybento/bskyblock/393263858/.m2/org/powermock/powermock-module-junit4/1.7.4/powermock-module-junit4-1.7.4.jar:/root/./workspace/tastybento/bskyblock/393263858/.m2/org/powermock/powermock-module-junit4-common/1.7.4/powermock-module-junit4-common-1.7.4.jar:/root/./workspace/tastybento/bskyblock/393263858/.m2/org/powermock/powermock-reflect/1.7.4/powermock-reflect-1.7.4.jar:/root/./workspace/tastybento/bskyblock/393263858/.m2/org/powermock/powermock-core/1.7.4/powermock-core-1.7.4.jar:/root/./workspace/tastybento/bskyblock/393263858/.m2/org/javassist/javassist/3.21.0-GA/javassist-3.21.0-GA.jar:/root/./workspace/tastybento/bskyblock/393263858/.m2/junit/junit/4.12/junit-4.12.jar:/root/./workspace/tastybento/bskyblock/393263858/.m2/org/hamcrest/hamcrest-core/1.3/hamcrest-core-1.3.jar:/root/./workspace/tastybento/bskyblock/393263858/.m2/org/powermock/powermock-api-mockito/1.7.4/powermock-api-mockito-1.7.4.jar:/root/./workspace/tastybento/bskyblock/393263858/.m2/org/powermock/powermock-api-mockito-common/1.7.4/powermock-api-mockito-common-1.7.4.jar:/root/./workspace/tastybento/bskyblock/393263858/.m2/org/powermock/powermock-api-support/1.7.4/powermock-api-support-1.7.4.jar:/root/./workspace/tastybento/bskyblock/393263858/.m2/org/mockito/mockito-core/1.10.19/mockito-core-1.10.19.jar:/root/./workspace/tastybento/bskyblock/393263858/.m2/org/objenesis/objenesis/2.1/objenesis-2.1.jar:/root/./workspace/tastybento/bskyblock/393263858/.m2/org/mongodb/mongodb-driver/3.6.3/mongodb-driver-3.6.3.jar:/root/./workspace/tastybento/bskyblock/393263858/.m2/org/mongodb/bson/3.6.3/bson-3.6.3.jar:/root/./workspace/tastybento/bskyblock/393263858/.m2/org/mongodb/mongodb-driver-core/3.6.3/mongodb-driver-core-3.6.3.jar:/root/./workspace/tastybento/bskyblock/393263858/.m2/fr/inria/spirals/npefix/0.5/npefix-0.5.jar
Source: /root/workspace/tastybento/bskyblock/393263858/src/main/java/us/tastybento/bskyblock/listeners/flags/AbstractFlagListener.java
Source: /root/workspace/tastybento/bskyblock/393263858/src/main/java/us/tastybento/bskyblock/listeners/flags/AbstractFlagListener.java
Source: /root/workspace/tastybento/bskyblock/393263858/src/main/java/us/tastybento/bskyblock/listeners/flags/AbstractFlagListener.java
Source: /root/workspace/tastybento/bskyblock/393263858/src/main/java/us/tastybento/bskyblock/listeners/flags/AbstractFlagListener.java
Source: /root/workspace/tastybento/bskyblock/393263858/src/main/java/us/tastybento/bskyblock/listeners/flags/AbstractFlagListener.java
Source: /root/workspace/tastybento/bskyblock/393263858/src/main/java/us/tastybento/bskyblock/listeners/flags/AbstractFlagListener.java
Source: /root/workspace/tastybento/bskyblock/393263858/src/main/java/us/tastybento/bskyblock/listeners/flags/AbstractFlagListener.java
Source: /root/workspace/tastybento/bskyblock/393263858/src/main/java/us/tastybento/bskyblock/listeners/flags/AbstractFlagListener.java
Source: /root/workspace/tastybento/bskyblock/393263858/src/main/java/us/tastybento/bskyblock/listeners/flags/AbstractFlagListener.java
Source: /root/workspace/tastybento/bskyblock/393263858/src/main/java/us/tastybento/bskyblock/listeners/flags/AbstractFlagListener.java
Source: /root/workspace/tastybento/bskyblock/393263858/src/main/java/us/tastybento/bskyblock/listeners/flags/AbstractFlagListener.java
ComplianceLevel: 8
/root/workspace/tastybento/bskyblock/393263858/target/test-classes:/root/workspace/tastybento/bskyblock/393263858/target/classes:/root/./workspace/tastybento/bskyblock/393263858/.m2/org/bukkit/bukkit/1.12.2-R0.1-SNAPSHOT/bukkit-1.12.2-R0.1-SNAPSHOT.jar:/root/./workspace/tastybento/bskyblock/393263858/.m2/commons-lang/commons-lang/2.6/commons-lang-2.6.jar:/root/./workspace/tastybento/bskyblock/393263858/.m2/com/googlecode/json-simple/json-simple/1.1.1/json-simple-1.1.1.jar:/root/./workspace/tastybento/bskyblock/393263858/.m2/com/google/guava/guava/21.0/guava-21.0.jar:/root/./workspace/tastybento/bskyblock/393263858/.m2/com/google/code/gson/gson/2.8.0/gson-2.8.0.jar:/root/./workspace/tastybento/bskyblock/393263858/.m2/org/yaml/snakeyaml/1.19/snakeyaml-1.19.jar:/root/./workspace/tastybento/bskyblock/393263858/.m2/org/mockito/mockito-all/1.10.19/mockito-all-1.10.19.jar:/root/./workspace/tastybento/bskyblock/393263858/.m2/org/powermock/powermock-module-junit4/1.7.4/powermock-module-junit4-1.7.4.jar:/root/./workspace/tastybento/bskyblock/393263858/.m2/org/powermock/powermock-module-junit4-common/1.7.4/powermock-module-junit4-common-1.7.4.jar:/root/./workspace/tastybento/bskyblock/393263858/.m2/org/powermock/powermock-reflect/1.7.4/powermock-reflect-1.7.4.jar:/root/./workspace/tastybento/bskyblock/393263858/.m2/org/powermock/powermock-core/1.7.4/powermock-core-1.7.4.jar:/root/./workspace/tastybento/bskyblock/393263858/.m2/org/javassist/javassist/3.21.0-GA/javassist-3.21.0-GA.jar:/root/./workspace/tastybento/bskyblock/393263858/.m2/junit/junit/4.12/junit-4.12.jar:/root/./workspace/tastybento/bskyblock/393263858/.m2/org/hamcrest/hamcrest-core/1.3/hamcrest-core-1.3.jar:/root/./workspace/tastybento/bskyblock/393263858/.m2/org/powermock/powermock-api-mockito/1.7.4/powermock-api-mockito-1.7.4.jar:/root/./workspace/tastybento/bskyblock/393263858/.m2/org/powermock/powermock-api-mockito-common/1.7.4/powermock-api-mockito-common-1.7.4.jar:/root/./workspace/tastybento/bskyblock/393263858/.m2/org/powermock/powermock-api-support/1.7.4/powermock-api-support-1.7.4.jar:/root/./workspace/tastybento/bskyblock/393263858/.m2/org/mockito/mockito-core/1.10.19/mockito-core-1.10.19.jar:/root/./workspace/tastybento/bskyblock/393263858/.m2/org/objenesis/objenesis/2.1/objenesis-2.1.jar:/root/./workspace/tastybento/bskyblock/393263858/.m2/org/mongodb/mongodb-driver/3.6.3/mongodb-driver-3.6.3.jar:/root/./workspace/tastybento/bskyblock/393263858/.m2/org/mongodb/bson/3.6.3/bson-3.6.3.jar:/root/./workspace/tastybento/bskyblock/393263858/.m2/org/mongodb/mongodb-driver-core/3.6.3/mongodb-driver-core-3.6.3.jar:/root/workspace/tastybento/bskyblock/393263858/target/npefix/npefix-bin:/root/./workspace/tastybento/bskyblock/393263858/.m2/fr/inria/spirals/npefix/0.5/npefix-0.5.jar
TernarySplitter  in 3ms
CheckNotNull  in 94ms
ForceNullInit in 1ms
AddImplicitCastChecker --> 1 in 18ms
BeforeDeref --> 28 (failed:0) in 94ms
target--> 37 (failed:0) in 64ms
TryRegister # Try: 1 in 4ms
Assign --> 8 (failed: 0) in 17ms
VarInit --> 0 in 3ms
MethodEncapsulation # Method: 11 in 18ms
ConstructorEncapsulation # Constructor: 0 in 5ms
VariableFor in 3ms
[INFO] ------------------------------------------------------------------------
[INFO] BUILD FAILURE
[INFO] ------------------------------------------------------------------------
[INFO] Total time: 5.928 s
[INFO] Finished at: 2018-06-17T11:43:15+02:00
[INFO] Final Memory: 20M/752M
[INFO] ------------------------------------------------------------------------
[ERROR] Failed to execute goal fr.inria.gforge.spirals:npefix-maven:1.3:npefix (default-cli) on project bskyblock: Execution default-cli of goal fr.inria.gforge.spirals:npefix-maven:1.3:npefix failed: Local variable flag defined in an enclosing scope must be final or effectively final at /root/workspace/tastybento/bskyblock/393263858/AbstractFlagListener.java:234 -> [Help 1]
[ERROR] 
[ERROR] To see the full stack trace of the errors, re-run Maven with the -e switch.
[ERROR] Re-run Maven using the -X switch to enable full debug logging.
[ERROR] 
[ERROR] For more information about the errors and possible solutions, please read the following articles:
[ERROR] [Help 1] http://cwiki.apache.org/confluence/display/MAVEN/PluginExecutionException
