[INFO ] fr.inria.main.evolution.AstorMain.setupLogging(AstorMain.java:327) - Log file at: ./workspace/binaryoverload/JSON-Config/357118325/repairnator.astor.log
[INFO ] fr.inria.main.AbstractMain.determineSourceFolders(AbstractMain.java:803) - Source folders: [/root/workspace/binaryoverload/JSON-Config/357118325/src/main/java]
[INFO ] fr.inria.main.AbstractMain.determineSourceFolders(AbstractMain.java:822) - Source Test folders: [/root/workspace/binaryoverload/JSON-Config/357118325/src/test/java]
[INFO ] fr.inria.astor.core.faultlocalization.gzoltar.GZoltarFaultLocalization.calculateSuspicious(GZoltarFaultLocalization.java:74) - -Executing Gzoltar classpath: /root/./output_astor/AstorMain-357118325//bin//default from 2 classes with test cases
[INFO ] fr.inria.astor.core.faultlocalization.gzoltar.GZoltarFaultLocalization.searchSuspicious(GZoltarFaultLocalization.java:148) - Gzoltar fault localization: min susp value parameter: 0.1
[INFO ] fr.inria.astor.core.faultlocalization.gzoltar.GZoltarFaultLocalization.searchSuspicious(GZoltarFaultLocalization.java:168) - -gz-Adding classpath: [/root/./workspace/binaryoverload/JSON-Config/357118325/.m2/org/hamcrest/hamcrest-core/1.3/hamcrest-core-1.3.jar, /root/./workspace/binaryoverload/JSON-Config/357118325/.m2/junit/junit/4.12/junit-4.12.jar, /root/./output_astor/AstorMain-357118325//bin//default, /root/./workspace/binaryoverload/JSON-Config/357118325/.m2/com/google/code/gson/gson/2.8.1/gson-2.8.1.jar]
[INFO ] fr.inria.astor.core.faultlocalization.gzoltar.GZoltarFaultLocalization.searchSuspicious(GZoltarFaultLocalization.java:187) - Test failt: io.github.binaryoverload.JSONConfigTest#testGetPositive
[INFO ] fr.inria.astor.core.faultlocalization.gzoltar.GZoltarFaultLocalization.searchSuspicious(GZoltarFaultLocalization.java:187) - Test failt: io.github.binaryoverload.JSONConfigTest#testRemovePositive
[INFO ] fr.inria.astor.core.faultlocalization.gzoltar.GZoltarFaultLocalization.searchSuspicious(GZoltarFaultLocalization.java:187) - Test failt: io.github.binaryoverload.JSONConfigTest#testReloadFile
[INFO ] fr.inria.astor.core.faultlocalization.gzoltar.GZoltarFaultLocalization.searchSuspicious(GZoltarFaultLocalization.java:187) - Test failt: io.github.binaryoverload.JSONConfigTest#testRemoveNegative
[INFO ] fr.inria.astor.core.faultlocalization.gzoltar.GZoltarFaultLocalization.searchSuspicious(GZoltarFaultLocalization.java:187) - Test failt: io.github.binaryoverload.JSONConfigTest#testGetBooleanPositive
[INFO ] fr.inria.astor.core.faultlocalization.gzoltar.GZoltarFaultLocalization.searchSuspicious(GZoltarFaultLocalization.java:187) - Test failt: io.github.binaryoverload.JSONConfigTest#testGetBooleanNegative
[INFO ] fr.inria.astor.core.faultlocalization.gzoltar.GZoltarFaultLocalization.searchSuspicious(GZoltarFaultLocalization.java:187) - Test failt: io.github.binaryoverload.JSONConfigTest#testGetLongPositive
[INFO ] fr.inria.astor.core.faultlocalization.gzoltar.GZoltarFaultLocalization.searchSuspicious(GZoltarFaultLocalization.java:187) - Test failt: io.github.binaryoverload.JSONConfigTest#testGetLongNegative
[INFO ] fr.inria.astor.core.faultlocalization.gzoltar.GZoltarFaultLocalization.searchSuspicious(GZoltarFaultLocalization.java:187) - Test failt: io.github.binaryoverload.JSONConfigTest#testGetIntegerPositive
[INFO ] fr.inria.astor.core.faultlocalization.gzoltar.GZoltarFaultLocalization.searchSuspicious(GZoltarFaultLocalization.java:187) - Test failt: io.github.binaryoverload.JSONConfigTest#testGetIntegerNegative
[INFO ] fr.inria.astor.core.faultlocalization.gzoltar.GZoltarFaultLocalization.searchSuspicious(GZoltarFaultLocalization.java:187) - Test failt: io.github.binaryoverload.JSONConfigTest#testGetStringPositive
[INFO ] fr.inria.astor.core.faultlocalization.gzoltar.GZoltarFaultLocalization.searchSuspicious(GZoltarFaultLocalization.java:187) - Test failt: io.github.binaryoverload.JSONConfigTest#testGetStringNegative
[INFO ] fr.inria.astor.core.faultlocalization.gzoltar.GZoltarFaultLocalization.searchSuspicious(GZoltarFaultLocalization.java:187) - Test failt: io.github.binaryoverload.JSONConfigTest#testGetDoublePositive
[INFO ] fr.inria.astor.core.faultlocalization.gzoltar.GZoltarFaultLocalization.searchSuspicious(GZoltarFaultLocalization.java:187) - Test failt: io.github.binaryoverload.JSONConfigTest#testGetDoubleNegative
[INFO ] fr.inria.astor.core.faultlocalization.gzoltar.GZoltarFaultLocalization.searchSuspicious(GZoltarFaultLocalization.java:187) - Test failt: io.github.binaryoverload.JSONConfigTest#testSubConfigPositive
[INFO ] fr.inria.astor.core.faultlocalization.gzoltar.GZoltarFaultLocalization.searchSuspicious(GZoltarFaultLocalization.java:187) - Test failt: io.github.binaryoverload.JSONConfigTest#testGetArrayPositive
[INFO ] fr.inria.astor.core.faultlocalization.gzoltar.GZoltarFaultLocalization.searchSuspicious(GZoltarFaultLocalization.java:187) - Test failt: io.github.binaryoverload.JSONConfigTest#testSubConfigNegative
[INFO ] fr.inria.astor.core.faultlocalization.gzoltar.GZoltarFaultLocalization.searchSuspicious(GZoltarFaultLocalization.java:187) - Test failt: io.github.binaryoverload.JSONConfigTest#testGetArrayNegative
[INFO ] fr.inria.astor.core.faultlocalization.gzoltar.GZoltarFaultLocalization.searchSuspicious(GZoltarFaultLocalization.java:187) - Test failt: io.github.binaryoverload.JSONConfigTest#testSetPositive
[INFO ] fr.inria.astor.core.faultlocalization.gzoltar.GZoltarFaultLocalization.searchSuspicious(GZoltarFaultLocalization.java:195) - Gzoltar Test Result Total:30, fails: 19, GZoltar suspicious 0, with positive susp 0
[INFO ] fr.inria.astor.core.faultlocalization.gzoltar.GZoltarFaultLocalization.searchSuspicious(GZoltarFaultLocalization.java:243) - Gzoltar found: 0 with susp > 0.1, we consider: 0
