2018-03-14 18:56:02,512 - Log4JLogChute initialized using file 'velocity.log'
2018-03-14 18:56:02,512 - Initializing Velocity, Calling init()...
2018-03-14 18:56:02,513 - Starting Apache Velocity v1.7 (compiled: 2010-11-19 12:14:37)
2018-03-14 18:56:02,513 - Default Properties File: org/apache/velocity/runtime/defaults/velocity.properties
2018-03-14 18:56:02,513 - Trying to use logger class org.apache.velocity.runtime.log.AvalonLogChute
2018-03-14 18:56:02,513 - Target log system for org.apache.velocity.runtime.log.AvalonLogChute is not available (java.lang.NoClassDefFoundError: org/apache/log/format/Formatter).  Falling back to next log system...
2018-03-14 18:56:02,513 - Trying to use logger class org.apache.velocity.runtime.log.Log4JLogChute
2018-03-14 18:56:02,513 - Using logger class org.apache.velocity.runtime.log.Log4JLogChute
2018-03-14 18:56:02,516 - ResourceLoader instantiated: org.apache.velocity.runtime.resource.loader.StringResourceLoader
2018-03-14 18:56:02,517 - Creating string repository using class org.apache.velocity.runtime.resource.util.StringResourceRepositoryImpl...
2018-03-14 18:56:02,517 - Default repository encoding is UTF-8
2018-03-14 18:56:02,527 - ResourceCache: initialized (class org.apache.velocity.runtime.resource.ResourceCacheImpl) with class java.util.Collections$SynchronizedMap cache map.
2018-03-14 18:56:02,528 - Loaded System Directive: org.apache.velocity.runtime.directive.Stop
2018-03-14 18:56:02,529 - Loaded System Directive: org.apache.velocity.runtime.directive.Define
2018-03-14 18:56:02,530 - Loaded System Directive: org.apache.velocity.runtime.directive.Break
2018-03-14 18:56:02,530 - Loaded System Directive: org.apache.velocity.runtime.directive.Evaluate
2018-03-14 18:56:02,531 - Loaded System Directive: org.apache.velocity.runtime.directive.Literal
2018-03-14 18:56:02,532 - Loaded System Directive: org.apache.velocity.runtime.directive.Macro
2018-03-14 18:56:02,533 - Loaded System Directive: org.apache.velocity.runtime.directive.Parse
2018-03-14 18:56:02,534 - Loaded System Directive: org.apache.velocity.runtime.directive.Include
2018-03-14 18:56:02,535 - Loaded System Directive: org.apache.velocity.runtime.directive.Foreach
2018-03-14 18:56:02,561 - Created '20' parsers.
2018-03-14 18:56:02,566 - Velocimacro : "velocimacro.library" is not set.  Trying default library: VM_global_library.vm
2018-03-14 18:56:02,566 - Velocimacro : Default library not found.
2018-03-14 18:56:02,566 - Velocimacro : allowInline = true : VMs can be defined inline in templates
2018-03-14 18:56:02,566 - Velocimacro : allowInlineToOverride = false : VMs defined inline may NOT replace previous VM definitions
2018-03-14 18:56:02,566 - Velocimacro : allowInlineLocal = false : VMs defined inline will be global in scope if allowed.
2018-03-14 18:56:02,566 - Velocimacro : autoload off : VM system will not automatically reload global library macros
2018-03-14 18:56:02,572 - Log4JLogChute initialized using file 'velocity.log'
2018-03-14 18:56:02,572 - Log4JLogChute initialized using file 'velocity.log'
2018-03-14 18:56:02,572 - Initializing Velocity, Calling init()...
2018-03-14 18:56:02,572 - Initializing Velocity, Calling init()...
2018-03-14 18:56:02,572 - Starting Apache Velocity v1.7 (compiled: 2010-11-19 12:14:37)
2018-03-14 18:56:02,572 - Starting Apache Velocity v1.7 (compiled: 2010-11-19 12:14:37)
2018-03-14 18:56:02,572 - Default Properties File: org/apache/velocity/runtime/defaults/velocity.properties
2018-03-14 18:56:02,572 - Default Properties File: org/apache/velocity/runtime/defaults/velocity.properties
2018-03-14 18:56:02,572 - Trying to use logger class org.apache.velocity.runtime.log.AvalonLogChute
2018-03-14 18:56:02,572 - Trying to use logger class org.apache.velocity.runtime.log.AvalonLogChute
2018-03-14 18:56:02,572 - Target log system for org.apache.velocity.runtime.log.AvalonLogChute is not available (java.lang.NoClassDefFoundError: org/apache/log/format/Formatter).  Falling back to next log system...
2018-03-14 18:56:02,572 - Target log system for org.apache.velocity.runtime.log.AvalonLogChute is not available (java.lang.NoClassDefFoundError: org/apache/log/format/Formatter).  Falling back to next log system...
2018-03-14 18:56:02,572 - Trying to use logger class org.apache.velocity.runtime.log.Log4JLogChute
2018-03-14 18:56:02,572 - Trying to use logger class org.apache.velocity.runtime.log.Log4JLogChute
2018-03-14 18:56:02,572 - Using logger class org.apache.velocity.runtime.log.Log4JLogChute
2018-03-14 18:56:02,572 - Using logger class org.apache.velocity.runtime.log.Log4JLogChute
2018-03-14 18:56:02,573 - ResourceLoader instantiated: org.apache.velocity.runtime.resource.loader.StringResourceLoader
2018-03-14 18:56:02,573 - ResourceLoader instantiated: org.apache.velocity.runtime.resource.loader.StringResourceLoader
2018-03-14 18:56:02,573 - Loaded repository 'org.apache.velocity.runtime.resource.util.StringResourceRepository' from static repo store
2018-03-14 18:56:02,573 - Loaded repository 'org.apache.velocity.runtime.resource.util.StringResourceRepository' from static repo store
2018-03-14 18:56:02,573 - ResourceCache: initialized (class org.apache.velocity.runtime.resource.ResourceCacheImpl) with class java.util.Collections$SynchronizedMap cache map.
2018-03-14 18:56:02,573 - ResourceCache: initialized (class org.apache.velocity.runtime.resource.ResourceCacheImpl) with class java.util.Collections$SynchronizedMap cache map.
2018-03-14 18:56:02,574 - Loaded System Directive: org.apache.velocity.runtime.directive.Stop
2018-03-14 18:56:02,574 - Loaded System Directive: org.apache.velocity.runtime.directive.Stop
2018-03-14 18:56:02,574 - Loaded System Directive: org.apache.velocity.runtime.directive.Define
2018-03-14 18:56:02,574 - Loaded System Directive: org.apache.velocity.runtime.directive.Define
2018-03-14 18:56:02,574 - Loaded System Directive: org.apache.velocity.runtime.directive.Break
2018-03-14 18:56:02,574 - Loaded System Directive: org.apache.velocity.runtime.directive.Break
2018-03-14 18:56:02,574 - Loaded System Directive: org.apache.velocity.runtime.directive.Evaluate
2018-03-14 18:56:02,574 - Loaded System Directive: org.apache.velocity.runtime.directive.Evaluate
2018-03-14 18:56:02,574 - Loaded System Directive: org.apache.velocity.runtime.directive.Literal
2018-03-14 18:56:02,574 - Loaded System Directive: org.apache.velocity.runtime.directive.Literal
2018-03-14 18:56:02,575 - Loaded System Directive: org.apache.velocity.runtime.directive.Macro
2018-03-14 18:56:02,575 - Loaded System Directive: org.apache.velocity.runtime.directive.Macro
2018-03-14 18:56:02,575 - Loaded System Directive: org.apache.velocity.runtime.directive.Parse
2018-03-14 18:56:02,575 - Loaded System Directive: org.apache.velocity.runtime.directive.Parse
2018-03-14 18:56:02,575 - Loaded System Directive: org.apache.velocity.runtime.directive.Include
2018-03-14 18:56:02,575 - Loaded System Directive: org.apache.velocity.runtime.directive.Include
2018-03-14 18:56:02,575 - Loaded System Directive: org.apache.velocity.runtime.directive.Foreach
2018-03-14 18:56:02,575 - Loaded System Directive: org.apache.velocity.runtime.directive.Foreach
2018-03-14 18:56:02,576 - Created '20' parsers.
2018-03-14 18:56:02,576 - Created '20' parsers.
2018-03-14 18:56:02,577 - Velocimacro : "velocimacro.library" is not set.  Trying default library: VM_global_library.vm
2018-03-14 18:56:02,577 - Velocimacro : "velocimacro.library" is not set.  Trying default library: VM_global_library.vm
2018-03-14 18:56:02,577 - Velocimacro : Default library not found.
2018-03-14 18:56:02,577 - Velocimacro : Default library not found.
2018-03-14 18:56:02,577 - Velocimacro : allowInline = true : VMs can be defined inline in templates
2018-03-14 18:56:02,577 - Velocimacro : allowInline = true : VMs can be defined inline in templates
2018-03-14 18:56:02,577 - Velocimacro : allowInlineToOverride = false : VMs defined inline may NOT replace previous VM definitions
2018-03-14 18:56:02,577 - Velocimacro : allowInlineToOverride = false : VMs defined inline may NOT replace previous VM definitions
2018-03-14 18:56:02,577 - Velocimacro : allowInlineLocal = false : VMs defined inline will be global in scope if allowed.
2018-03-14 18:56:02,577 - Velocimacro : allowInlineLocal = false : VMs defined inline will be global in scope if allowed.
2018-03-14 18:56:02,577 - Velocimacro : autoload off : VM system will not automatically reload global library macros
2018-03-14 18:56:02,577 - Velocimacro : autoload off : VM system will not automatically reload global library macros
