16:02:38.653 [main] INFO  i.g.o.y.t.odf.ODSReader - ODSReader initialized with actual sheet
16:02:40.087 [main] INFO  i.g.o.y.t.odf.ODSReader - ODSReader initialized with actual sheet
16:02:41.081 [main] INFO  i.g.o.y.t.odf.ODSReader - ODSReader initialized without actual sheet
16:02:42.122 [main] INFO  i.g.o.y.t.odf.ODSReader - ODSReader initialized without actual sheet
16:02:42.129 [main] INFO  i.g.o.y.t.o.TeachSpreadsheetDocument - File Saisie_voeux_dauphine.ods has been loaded.
16:02:43.285 [main] INFO  i.g.o.y.t.o.TeachSpreadsheetDocument - File Saisie_voeux_dauphine.ods has been opened.
16:02:43.287 [main] ERROR i.g.o.y.t.o.TeachSpreadsheetDocument - Table notExists not found
16:02:43.287 [main] ERROR i.g.o.y.t.o.TeachSpreadsheetDocument - File notFound.ods not found.
16:02:43.291 [main] INFO  i.g.o.y.t.o.TeachSpreadsheetDocument - File Saisie_voeux_dauphine.ods has been loaded.
16:02:44.581 [main] INFO  i.g.o.y.t.o.TeachSpreadsheetDocument - File Saisie_voeux_dauphine.ods has been opened.
16:02:44.585 [main] INFO  i.g.o.y.t.o.TeachSpreadsheetDocument - Cellule found, text in it is : Pré-rentrée : Mise à niveau Probabilités
16:02:44.585 [main] INFO  i.g.o.y.t.o.TeachSpreadsheetDocument - File Saisie_voeux_dauphine.ods has been closed.
16:02:45.839 [main] INFO  i.g.o.y.t.odf.ODSReader - ODSReader initialized with actual sheet
16:02:46.969 [main] INFO  i.g.o.y.t.odf.ODSReader - ODSReader initialized with actual sheet
16:02:47.042 [main] INFO  i.g.o.y.t.csv.CsvFileWriter - File src/test/resources/oneCourseWritten.csv is ready to be writen
16:02:47.043 [main] INFO  i.g.o.y.t.csv.CsvFileWriter - File src/test/resources/oneCourseWritten.csv is ready to be writen with CSVPrinter
16:02:47.043 [main] INFO  i.g.o.y.t.csv.CsvFileWriter - 
Your courses have been successfully exported into a CSV File named src/test/resources/oneCourseWritten.csv in /root/workspace/LosProfesoresDeDauphine/Teach-spreadsheets/378369123 !
16:02:47.044 [main] INFO  i.g.o.y.t.csv.CsvFileReader - File src/test/resources/oneCourseWritten.csv has been correctly read
16:02:47.047 [main] INFO  i.g.o.y.t.csv.CsvFileReader - File src/test/resources/oneCourseWritten.csv has been correctly parsed
16:02:47.049 [main] INFO  i.g.o.y.t.csv.CsvFileReader - The Course list has been updated successfully with the CSV file : src/test/resources/oneCourseWritten.csv
16:02:47.055 [main] INFO  i.g.o.y.t.csv.CsvFileReader - File src/test/resources/oneCourseTest.csv has been correctly read
16:02:47.056 [main] INFO  i.g.o.y.t.csv.CsvFileReader - File src/test/resources/oneCourseTest.csv has been correctly parsed
16:02:59.992 [main] INFO  i.g.o.y.t.o.TeachSpreadsheetDocument - File Saisie_voeux_dauphine.ods has been loaded.
16:03:02.115 [main] INFO  i.g.o.y.t.o.TeachSpreadsheetDocument - File Saisie_voeux_dauphine.ods has been opened.
16:03:02.123 [main] ERROR i.g.o.y.t.o.TeachSpreadsheetDocument - Table notExists not found
16:03:02.125 [main] ERROR i.g.o.y.t.o.TeachSpreadsheetDocument - File notFound.ods not found.
16:03:02.128 [main] INFO  i.g.o.y.t.o.TeachSpreadsheetDocument - File Saisie_voeux_dauphine.ods has been loaded.
16:03:03.162 [main] INFO  i.g.o.y.t.o.TeachSpreadsheetDocument - File Saisie_voeux_dauphine.ods has been opened.
16:03:03.348 [main] INFO  i.g.o.y.t.o.TeachSpreadsheetDocument - Cellule found, text in it is : Pré-rentrée : Mise à niveau Probabilités
16:03:03.348 [main] INFO  i.g.o.y.t.o.TeachSpreadsheetDocument - File Saisie_voeux_dauphine.ods has been closed.
16:03:03.358 [main] INFO  i.g.o.y.t.csv.CsvFileWriter - File src/test/resources/oneCourseWritten.csv is ready to be writen
16:03:03.359 [main] INFO  i.g.o.y.t.csv.CsvFileWriter - File src/test/resources/oneCourseWritten.csv is ready to be writen with CSVPrinter
16:03:03.360 [main] INFO  i.g.o.y.t.csv.CsvFileWriter - 
Your courses have been successfully exported into a CSV File named src/test/resources/oneCourseWritten.csv in /root/workspace/LosProfesoresDeDauphine/Teach-spreadsheets/378369123 !
16:03:03.360 [main] INFO  i.g.o.y.t.csv.CsvFileReader - File src/test/resources/oneCourseWritten.csv has been correctly read
16:03:03.363 [main] INFO  i.g.o.y.t.csv.CsvFileReader - File src/test/resources/oneCourseWritten.csv has been correctly parsed
16:03:03.365 [main] INFO  i.g.o.y.t.csv.CsvFileReader - The Course list has been updated successfully with the CSV file : src/test/resources/oneCourseWritten.csv
16:03:04.522 [main] INFO  i.g.o.y.t.odf.ODSReader - ODSReader initialized with actual sheet
16:03:05.434 [main] INFO  i.g.o.y.t.odf.ODSReader - ODSReader initialized with actual sheet
16:03:05.468 [main] INFO  i.g.o.y.t.csv.CsvFileReader - File src/test/resources/oneCourseTest.csv has been correctly read
16:03:05.468 [main] INFO  i.g.o.y.t.csv.CsvFileReader - File src/test/resources/oneCourseTest.csv has been correctly parsed
16:03:06.322 [main] INFO  i.g.o.y.t.odf.ODSReader - ODSReader initialized with actual sheet
16:03:07.336 [main] INFO  i.g.o.y.t.odf.ODSReader - ODSReader initialized with actual sheet
16:03:08.144 [main] INFO  i.g.o.y.t.odf.ODSReader - ODSReader initialized without actual sheet
16:03:08.995 [main] INFO  i.g.o.y.t.odf.ODSReader - ODSReader initialized without actual sheet
