#
# There is insufficient memory for the Java Runtime Environment to continue.
# Native memory allocation (mmap) failed to map 487063552 bytes for committing reserved memory.
# Possible reasons:
#   The system is out of physical RAM or swap space
#   In 32 bit mode, the process size limit was hit
# Possible solutions:
#   Reduce memory load on the system
#   Increase physical memory or swap space
#   Check if swap backing store is full
#   Use 64 bit Java on a 64 bit OS
#   Decrease Java heap size (-Xmx/-Xms)
#   Decrease number of Java threads
#   Decrease Java thread stack sizes (-Xss)
#   Set larger code cache with -XX:ReservedCodeCacheSize=
# This output file may be truncated or incomplete.
#
#  Out of Memory Error (os_linux.cpp:2630), pid=976, tid=0x00007fd0a69e9700
#
# JRE version: OpenJDK Runtime Environment (8.0_121-b13) (build 1.8.0_121-8u121-b13-1~bpo8+1-b13)
# Java VM: OpenJDK 64-Bit Server VM (25.121-b13 mixed mode linux-amd64 compressed oops)
# Core dump written. Default location: /root/workspace/apache/struts/315793682/core/core or core.976
#

---------------  T H R E A D  ---------------

Current thread (0x00007fd0d01ca800):  VMThread [stack: 0x00007fd0a68e9000,0x00007fd0a69ea000] [id=986]

Stack: [0x00007fd0a68e9000,0x00007fd0a69ea000],  sp=0x00007fd0a69e84c0,  free space=1021k
Native frames: (J=compiled Java code, j=interpreted, Vv=VM code, C=native code)
V  [libjvm.so+0xa9700d]
V  [libjvm.so+0x4ea26c]
V  [libjvm.so+0x8e2b90]
V  [libjvm.so+0x8dd27e]
V  [libjvm.so+0x95a25b]
V  [libjvm.so+0x95b5c3]
V  [libjvm.so+0x9580be]
V  [libjvm.so+0x9583ac]
V  [libjvm.so+0x908d43]
V  [libjvm.so+0xa98c42]
V  [libjvm.so+0xa9d7e7]
V  [libjvm.so+0xa9bb07]
V  [libjvm.so+0xa9c337]
V  [libjvm.so+0xa9c881]
V  [libjvm.so+0x8e0062]

VM_Operation (0x00007fd0d6e2f240): ParallelGCFailedAllocation, mode: safepoint, requested by thread 0x00007fd0d000e000


---------------  P R O C E S S  ---------------

Java Threads: ( => current thread )
  0x00007fd0d0634800 JavaThread "GC Daemon" daemon [_thread_blocked, id=1000, stack(0x00007fd0a56de000,0x00007fd0a57df000)]
  0x00007fd0d0632000 JavaThread "RMI RenewClean-[172.17.0.68:56934]" daemon [_thread_blocked, id=999, stack(0x00007fd0a57df000,0x00007fd0a58e0000)]
  0x00007fd0d062d000 JavaThread "RMI Scheduler(0)" daemon [_thread_blocked, id=998, stack(0x00007fd0a58e0000,0x00007fd0a59e1000)]
  0x00007fd0d0569800 JavaThread "Service Thread" daemon [_thread_blocked, id=994, stack(0x00007fd0a5cfe000,0x00007fd0a5dff000)]
  0x00007fd0d054c000 JavaThread "C1 CompilerThread3" daemon [_thread_blocked, id=993, stack(0x00007fd0a5dff000,0x00007fd0a5f00000)]
  0x00007fd0d054a000 JavaThread "C2 CompilerThread2" daemon [_thread_blocked, id=992, stack(0x00007fd0a5f00000,0x00007fd0a6001000)]
  0x00007fd0d0548000 JavaThread "C2 CompilerThread1" daemon [_thread_blocked, id=991, stack(0x00007fd0a6001000,0x00007fd0a6102000)]
  0x00007fd0d0546800 JavaThread "C2 CompilerThread0" daemon [_thread_blocked, id=990, stack(0x00007fd0a6102000,0x00007fd0a6203000)]
  0x00007fd0d01ff800 JavaThread "Signal Dispatcher" daemon [_thread_blocked, id=989, stack(0x00007fd0a6477000,0x00007fd0a6578000)]
  0x00007fd0d01d7000 JavaThread "Finalizer" daemon [_thread_blocked, id=988, stack(0x00007fd0a66e7000,0x00007fd0a67e8000)]
  0x00007fd0d01d2000 JavaThread "Reference Handler" daemon [_thread_blocked, id=987, stack(0x00007fd0a67e8000,0x00007fd0a68e9000)]
  0x00007fd0d000e000 JavaThread "main" [_thread_blocked, id=977, stack(0x00007fd0d6d32000,0x00007fd0d6e33000)]

Other Threads:
=>0x00007fd0d01ca800 VMThread [stack: 0x00007fd0a68e9000,0x00007fd0a69ea000] [id=986]
  0x00007fd0d056c000 WatcherThread [stack: 0x00007fd0a5bfd000,0x00007fd0a5cfe000] [id=995]

VM state:at safepoint (normal execution)

VM Mutex/Monitor currently owned by a thread:  ([mutex/lock_event])
[0x00007fd0d000a3a0] Threads_lock - owner thread: 0x00007fd0d01ca800
[0x00007fd0d000a8a0] Heap_lock - owner thread: 0x00007fd0d000e000

Heap:
 PSYoungGen      total 999936K, used 52663K [0x0000000718100000, 0x0000000759480000, 0x00000007c0000000)
  eden space 931328K, 0% used [0x0000000718100000,0x0000000718100000,0x0000000750e80000)
  from space 68608K, 76% used [0x0000000750e80000,0x00000007541edcd8,0x0000000755180000)
  to   space 48640K, 0% used [0x0000000756500000,0x0000000756500000,0x0000000759480000)
 ParOldGen       total 387584K, used 86649K [0x00000005c8200000, 0x00000005dfc80000, 0x0000000718100000)
  object space 387584K, 22% used [0x00000005c8200000,0x00000005cd69e4f0,0x00000005dfc80000)
 Metaspace       used 48544K, capacity 49591K, committed 49792K, reserved 1093632K
  class space    used 5393K, capacity 5646K, committed 5760K, reserved 1048576K

Card table byte_map: [0x00007fd0bf240000,0x00007fd0c0200000] byte_map_base: 0x00007fd0bc3ff000

Marking Bits: (ParMarkBitMap*) 0x00007fd0d600d340
 Begin Bits: [0x00007fd088410000, 0x00007fd090208000)
 End Bits:   [0x00007fd090208000, 0x00007fd098000000)

Polling page: 0x00007fd0d6e3d000

CodeCache: size=245760Kb used=33082Kb max_used=33368Kb free=212677Kb
 bounds [0x00007fd0c05c0000, 0x00007fd0c2700000, 0x00007fd0cf5c0000]
 total_blobs=8438 nmethods=7950 adapters=400
 compilation: enabled

Compilation events (10 events):
Event: 61.413 Thread 0x00007fd0d0548000 11796   !   4       java.net.URL::<init> (543 bytes)
Event: 61.652 Thread 0x00007fd0d0548000 nmethod 11796 0x00007fd0c26f4050 code [0x00007fd0c26f45e0, 0x00007fd0c26f9498]
Event: 61.860 Thread 0x00007fd0d054c000 11797       1       com.opensymphony.xwork2.util.ResolverUtil$ResourceTest::doesMatchClass (11 bytes)
Event: 61.861 Thread 0x00007fd0d054c000 nmethod 11797 0x00007fd0c16bf650 code [0x00007fd0c16bf7c0, 0x00007fd0c16bf910]
Event: 61.874 Thread 0x00007fd0d0546800 11798       4       java.io.File::getName (42 bytes)
Event: 61.886 Thread 0x00007fd0d0546800 nmethod 11798 0x00007fd0c09564d0 code [0x00007fd0c0956660, 0x00007fd0c0956b88]
Event: 62.531 Thread 0x00007fd0d054c000 11799       3       java.lang.Character::forDigit (42 bytes)
Event: 62.532 Thread 0x00007fd0d054c000 nmethod 11799 0x00007fd0c11dc490 code [0x00007fd0c11dc600, 0x00007fd0c11dc8b0]
Event: 62.548 Thread 0x00007fd0d054c000 11800       3       sun.net.www.ParseUtil::escape (42 bytes)
Event: 62.549 Thread 0x00007fd0d054c000 nmethod 11800 0x00007fd0c1135c50 code [0x00007fd0c1135de0, 0x00007fd0c1136018]

GC Heap History (10 events):
Event: 27.945 GC heap after
Heap after GC invocations=13 (full 2):
 PSYoungGen      total 735232K, used 55272K [0x0000000718100000, 0x000000074e680000, 0x00000007c0000000)
  eden space 679936K, 0% used [0x0000000718100000,0x0000000718100000,0x0000000741900000)
  from space 55296K, 99% used [0x0000000741900000,0x0000000744efa1b8,0x0000000744f00000)
  to   space 64512K, 0% used [0x000000074a780000,0x000000074a780000,0x000000074e680000)
 ParOldGen       total 216576K, used 43665K [0x00000005c8200000, 0x00000005d5580000, 0x0000000718100000)
  object space 216576K, 20% used [0x00000005c8200000,0x00000005caca4560,0x00000005d5580000)
 Metaspace       used 32967K, capacity 33777K, committed 34048K, reserved 1079296K
  class space    used 3572K, capacity 3796K, committed 3840K, reserved 1048576K
}
Event: 30.221 GC heap before
{Heap before GC invocations=14 (full 2):
 PSYoungGen      total 735232K, used 431768K [0x0000000718100000, 0x000000074e680000, 0x00000007c0000000)
  eden space 679936K, 55% used [0x0000000718100000,0x000000072f0ac048,0x0000000741900000)
  from space 55296K, 99% used [0x0000000741900000,0x0000000744efa1b8,0x0000000744f00000)
  to   space 64512K, 0% used [0x000000074a780000,0x000000074a780000,0x000000074e680000)
 ParOldGen       total 216576K, used 43665K [0x00000005c8200000, 0x00000005d5580000, 0x0000000718100000)
  object space 216576K, 20% used [0x00000005c8200000,0x00000005caca4560,0x00000005d5580000)
 Metaspace       used 34534K, capacity 35369K, committed 35456K, reserved 1081344K
  class space    used 3761K, capacity 3960K, committed 3968K, reserved 1048576K
Event: 30.325 GC heap after
Heap after GC invocations=14 (full 2):
 PSYoungGen      total 819712K, used 54882K [0x0000000718100000, 0x0000000754f80000, 0x00000007c0000000)
  eden space 755200K, 0% used [0x0000000718100000,0x0000000718100000,0x0000000746280000)
  from space 64512K, 85% used [0x000000074a780000,0x000000074dd189c8,0x000000074e680000)
  to   space 70656K, 0% used [0x0000000746280000,0x0000000746280000,0x000000074a780000)
 ParOldGen       total 216576K, used 54894K [0x00000005c8200000, 0x00000005d5580000, 0x0000000718100000)
  object space 216576K, 25% used [0x00000005c8200000,0x00000005cb79b990,0x00000005d5580000)
 Metaspace       used 34534K, capacity 35369K, committed 35456K, reserved 1081344K
  class space    used 3761K, capacity 3960K, committed 3968K, reserved 1048576K
}
Event: 30.325 GC heap before
{Heap before GC invocations=15 (full 3):
 PSYoungGen      total 819712K, used 54882K [0x0000000718100000, 0x0000000754f80000, 0x00000007c0000000)
  eden space 755200K, 0% used [0x0000000718100000,0x0000000718100000,0x0000000746280000)
  from space 64512K, 85% used [0x000000074a780000,0x000000074dd189c8,0x000000074e680000)
  to   space 70656K, 0% used [0x0000000746280000,0x0000000746280000,0x000000074a780000)
 ParOldGen       total 216576K, used 54894K [0x00000005c8200000, 0x00000005d5580000, 0x0000000718100000)
  object space 216576K, 25% used [0x00000005c8200000,0x00000005cb79b990,0x00000005d5580000)
 Metaspace       used 34534K, capacity 35369K, committed 35456K, reserved 1081344K
  class space    used 3761K, capacity 3960K, committed 3968K, reserved 1048576K
Event: 30.873 GC heap after
Heap after GC invocations=15 (full 3):
 PSYoungGen      total 819712K, used 0K [0x0000000718100000, 0x0000000754f80000, 0x00000007c0000000)
  eden space 755200K, 0% used [0x0000000718100000,0x0000000718100000,0x0000000746280000)
  from space 64512K, 0% used [0x000000074a780000,0x000000074a780000,0x000000074e680000)
  to   space 70656K, 0% used [0x0000000746280000,0x0000000746280000,0x000000074a780000)
 ParOldGen       total 387584K, used 86633K [0x00000005c8200000, 0x00000005dfc80000, 0x0000000718100000)
  object space 387584K, 22% used [0x00000005c8200000,0x00000005cd69a4f0,0x00000005dfc80000)
 Metaspace       used 34534K, capacity 35369K, committed 35456K, reserved 1081344K
  class space    used 3761K, capacity 3960K, committed 3968K, reserved 1048576K
}
Event: 43.825 GC heap before
{Heap before GC invocations=16 (full 3):
 PSYoungGen      total 819712K, used 755200K [0x0000000718100000, 0x0000000754f80000, 0x00000007c0000000)
  eden space 755200K, 100% used [0x0000000718100000,0x0000000746280000,0x0000000746280000)
  from space 64512K, 0% used [0x000000074a780000,0x000000074a780000,0x000000074e680000)
  to   space 70656K, 0% used [0x0000000746280000,0x0000000746280000,0x000000074a780000)
 ParOldGen       total 387584K, used 86633K [0x00000005c8200000, 0x00000005dfc80000, 0x0000000718100000)
  object space 387584K, 22% used [0x00000005c8200000,0x00000005cd69a4f0,0x00000005dfc80000)
 Metaspace       used 41739K, capacity 42625K, committed 43008K, reserved 1087488K
  class space    used 4542K, capacity 4780K, committed 4864K, reserved 1048576K
Event: 43.879 GC heap after
Heap after GC invocations=16 (full 3):
 PSYoungGen      total 825856K, used 41948K [0x0000000718100000, 0x000000075aa00000, 0x00000007c0000000)
  eden space 755200K, 0% used [0x0000000718100000,0x0000000718100000,0x0000000746280000)
  from space 70656K, 59% used [0x0000000746280000,0x0000000748b77180,0x000000074a780000)
  to   space 70656K, 0% used [0x0000000756500000,0x0000000756500000,0x000000075aa00000)
 ParOldGen       total 387584K, used 86641K [0x00000005c8200000, 0x00000005dfc80000, 0x0000000718100000)
  object space 387584K, 22% used [0x00000005c8200000,0x00000005cd69c4f0,0x00000005dfc80000)
 Metaspace       used 41739K, capacity 42625K, committed 43008K, reserved 1087488K
  class space    used 4542K, capacity 4780K, committed 4864K, reserved 1048576K
}
Event: 50.043 GC heap before
{Heap before GC invocations=17 (full 3):
 PSYoungGen      total 825856K, used 797148K [0x0000000718100000, 0x000000075aa00000, 0x00000007c0000000)
  eden space 755200K, 100% used [0x0000000718100000,0x0000000746280000,0x0000000746280000)
  from space 70656K, 59% used [0x0000000746280000,0x0000000748b77180,0x000000074a780000)
  to   space 70656K, 0% used [0x0000000756500000,0x0000000756500000,0x000000075aa00000)
 ParOldGen       total 387584K, used 86641K [0x00000005c8200000, 0x00000005dfc80000, 0x0000000718100000)
  object space 387584K, 22% used [0x00000005c8200000,0x00000005cd69c4f0,0x00000005dfc80000)
 Metaspace       used 45814K, capacity 46805K, committed 46976K, reserved 1091584K
  class space    used 4956K, capacity 5211K, committed 5248K, reserved 1048576K
Event: 50.097 GC heap after
Heap after GC invocations=17 (full 3):
 PSYoungGen      total 979968K, used 37257K [0x0000000718100000, 0x0000000759480000, 0x00000007c0000000)
  eden space 931328K, 0% used [0x0000000718100000,0x0000000718100000,0x0000000750e80000)
  from space 48640K, 76% used [0x0000000756500000,0x0000000758962778,0x0000000759480000)
  to   space 68608K, 0% used [0x0000000750e80000,0x0000000750e80000,0x0000000755180000)
 ParOldGen       total 387584K, used 86649K [0x00000005c8200000, 0x00000005dfc80000, 0x0000000718100000)
  object space 387584K, 22% used [0x00000005c8200000,0x00000005cd69e4f0,0x00000005dfc80000)
 Metaspace       used 45814K, capacity 46805K, committed 46976K, reserved 1091584K
  class space    used 4956K, capacity 5211K, committed 5248K, reserved 1048576K
}
Event: 63.599 GC heap before
{Heap before GC invocations=18 (full 3):
 PSYoungGen      total 979968K, used 968585K [0x0000000718100000, 0x0000000759480000, 0x00000007c0000000)
  eden space 931328K, 100% used [0x0000000718100000,0x0000000750e80000,0x0000000750e80000)
  from space 48640K, 76% used [0x0000000756500000,0x0000000758962778,0x0000000759480000)
  to   space 68608K, 0% used [0x0000000750e80000,0x0000000750e80000,0x0000000755180000)
 ParOldGen       total 387584K, used 86649K [0x00000005c8200000, 0x00000005dfc80000, 0x0000000718100000)
  object space 387584K, 22% used [0x00000005c8200000,0x00000005cd69e4f0,0x00000005dfc80000)
 Metaspace       used 48544K, capacity 49591K, committed 49792K, reserved 1093632K
  class space    used 5393K, capacity 5646K, committed 5760K, reserved 1048576K

Deoptimization events (10 events):
Event: 59.896 Thread 0x00007fd0d000e000 Uncommon trap: reason=class_check action=maybe_recompile pc=0x00007fd0c1798c3c method=java.util.zip.ZipInputStream.closeEntry()V @ 15
Event: 59.896 Thread 0x00007fd0d000e000 Uncommon trap: reason=class_check action=maybe_recompile pc=0x00007fd0c12fd2a4 method=java.util.zip.ZipInputStream.readLOC()Ljava/util/zip/ZipEntry; @ 133
Event: 59.896 Thread 0x00007fd0d000e000 Uncommon trap: reason=unstable_if action=reinterpret pc=0x00007fd0c162b488 method=java.util.zip.ZipInputStream.read([BII)I @ 38
Event: 59.896 Thread 0x00007fd0d000e000 Uncommon trap: reason=class_check action=maybe_recompile pc=0x00007fd0c1798c3c method=java.util.zip.ZipInputStream.closeEntry()V @ 15
Event: 59.896 Thread 0x00007fd0d000e000 Uncommon trap: reason=class_check action=maybe_recompile pc=0x00007fd0c12fd2a4 method=java.util.zip.ZipInputStream.readLOC()Ljava/util/zip/ZipEntry; @ 133
Event: 59.896 Thread 0x00007fd0d000e000 Uncommon trap: reason=class_check action=maybe_recompile pc=0x00007fd0c1798c3c method=java.util.zip.ZipInputStream.closeEntry()V @ 15
Event: 59.896 Thread 0x00007fd0d000e000 Uncommon trap: reason=class_check action=maybe_recompile pc=0x00007fd0c12fd2a4 method=java.util.zip.ZipInputStream.readLOC()Ljava/util/zip/ZipEntry; @ 133
Event: 59.897 Thread 0x00007fd0d000e000 Uncommon trap: reason=class_check action=maybe_recompile pc=0x00007fd0c1798c3c method=java.util.zip.ZipInputStream.closeEntry()V @ 15
Event: 59.897 Thread 0x00007fd0d000e000 Uncommon trap: reason=class_check action=maybe_recompile pc=0x00007fd0c18436a8 method=java.util.zip.ZipInputStream.readLOC()Ljava/util/zip/ZipEntry; @ 133
Event: 60.982 Thread 0x00007fd0d000e000 Uncommon trap: reason=unstable_if action=reinterpret pc=0x00007fd0c130de04 method=java.util.BitSet.get(I)Z @ 60

Internal exceptions (10 events):
Event: 60.146 Thread 0x00007fd0d000e000 Exception <a 'java/lang/NoClassDefFoundError'> (0x00000007458ec218) thrown at [/tmp/buildd/openjdk-8-8u121-b13/src/hotspot/src/share/vm/prims/jvm.cpp, line 1394]
Event: 60.148 Thread 0x00007fd0d000e000 Exception <a 'java/lang/NoClassDefFoundError': javax/jms/TopicPublisher> (0x000000074590ee30) thrown at [/tmp/buildd/openjdk-8-8u121-b13/src/hotspot/src/share/vm/classfile/systemDictionary.cpp, line 199]
Event: 60.148 Thread 0x00007fd0d000e000 Exception <a 'java/lang/NoClassDefFoundError'> (0x000000074590ee30) thrown at [/tmp/buildd/openjdk-8-8u121-b13/src/hotspot/src/share/vm/prims/jvm.cpp, line 1394]
Event: 60.149 Thread 0x00007fd0d000e000 Exception <a 'java/lang/NoClassDefFoundError': javax/jms/TopicSession> (0x000000074593b690) thrown at [/tmp/buildd/openjdk-8-8u121-b13/src/hotspot/src/share/vm/classfile/systemDictionary.cpp, line 199]
Event: 60.149 Thread 0x00007fd0d000e000 Exception <a 'java/lang/NoClassDefFoundError'> (0x000000074593b690) thrown at [/tmp/buildd/openjdk-8-8u121-b13/src/hotspot/src/share/vm/prims/jvm.cpp, line 1394]
Event: 60.150 Thread 0x00007fd0d000e000 Exception <a 'java/lang/NoClassDefFoundError': javax/jms/TopicSubscriber> (0x00000007459589f8) thrown at [/tmp/buildd/openjdk-8-8u121-b13/src/hotspot/src/share/vm/classfile/systemDictionary.cpp, line 199]
Event: 60.150 Thread 0x00007fd0d000e000 Exception <a 'java/lang/NoClassDefFoundError'> (0x00000007459589f8) thrown at [/tmp/buildd/openjdk-8-8u121-b13/src/hotspot/src/share/vm/prims/jvm.cpp, line 1394]
Event: 60.615 Thread 0x00007fd0d000e000 Exception <a 'java/lang/NoClassDefFoundError': org/apache/tools/ant/Task> (0x00000007460a94d8) thrown at [/tmp/buildd/openjdk-8-8u121-b13/src/hotspot/src/share/vm/classfile/systemDictionary.cpp, line 199]
Event: 60.615 Thread 0x00007fd0d000e000 Exception <a 'java/lang/NoClassDefFoundError'> (0x00000007460a94d8) thrown at [/tmp/buildd/openjdk-8-8u121-b13/src/hotspot/src/share/vm/prims/jvm.cpp, line 1394]
Event: 60.615 Thread 0x00007fd0d000e000 Exception <a 'java/lang/NoClassDefFoundError'> (0x00000007460a94d8) thrown at [/tmp/buildd/openjdk-8-8u121-b13/src/hotspot/src/share/vm/prims/jvm.cpp, line 1394]

Events (10 events):
Event: 61.391 Thread 0x00007fd0d054c000 flushing nmethod 0x00007fd0c18f5950
Event: 61.392 Thread 0x00007fd0d054c000 flushing nmethod 0x00007fd0c19b13d0
Event: 61.392 Thread 0x00007fd0d054c000 flushing nmethod 0x00007fd0c19c3e10
Event: 61.653 Thread 0x00007fd0d0548000 flushing nmethod 0x00007fd0c1b82790
Event: 61.653 Thread 0x00007fd0d0548000 flushing nmethod 0x00007fd0c1b8b590
Event: 61.861 Thread 0x00007fd0d054c000 flushing nmethod 0x00007fd0c1cc1310
Event: 61.886 Thread 0x00007fd0d0546800 flushing nmethod 0x00007fd0c2059e90
Event: 61.887 Thread 0x00007fd0d0546800 flushing nmethod 0x00007fd0c2221b90
Event: 62.533 Thread 0x00007fd0d054c000 flushing nmethod 0x00007fd0c25365d0
Event: 63.454 Executing VM operation: ParallelGCFailedAllocation


Dynamic libraries:
00400000-00401000 r-xp 00000000 00:ed 90                                 /usr/lib/jvm/java-8-openjdk-amd64/jre/bin/java
00600000-00601000 r--p 00000000 00:ed 90                                 /usr/lib/jvm/java-8-openjdk-amd64/jre/bin/java
00601000-00602000 rw-p 00001000 00:ed 90                                 /usr/lib/jvm/java-8-openjdk-amd64/jre/bin/java
0208d000-020ae000 rw-p 00000000 00:00 0                                  [heap]
5c8200000-5dfc80000 rw-p 00000000 00:00 0 
5dfc80000-718100000 ---p 00000000 00:00 0 
718100000-759480000 rw-p 00000000 00:00 0 
776500000-7c0000000 ---p 00000000 00:00 0 
7c0000000-7c05a0000 rw-p 00000000 00:00 0 
7c05a0000-800000000 ---p 00000000 00:00 0 
7fd048000000-7fd048021000 rw-p 00000000 00:00 0 
7fd048021000-7fd04c000000 ---p 00000000 00:00 0 
7fd050000000-7fd050021000 rw-p 00000000 00:00 0 
7fd050021000-7fd054000000 ---p 00000000 00:00 0 
7fd054000000-7fd054021000 rw-p 00000000 00:00 0 
7fd054021000-7fd058000000 ---p 00000000 00:00 0 
7fd058000000-7fd058021000 rw-p 00000000 00:00 0 
7fd058021000-7fd05c000000 ---p 00000000 00:00 0 
7fd05c000000-7fd05c021000 rw-p 00000000 00:00 0 
7fd05c021000-7fd060000000 ---p 00000000 00:00 0 
7fd0600fe000-7fd0601fe000 rw-p 00000000 00:00 0 
7fd0601fe000-7fd0602fe000 ---p 00000000 00:00 0 
7fd0602fe000-7fd0604fe000 rw-p 00000000 00:00 0 
7fd0604fe000-7fd0606fe000 rw-p 00000000 00:00 0 
7fd0606fe000-7fd0608fe000 rw-p 00000000 00:00 0 
7fd0608fe000-7fd060afe000 rw-p 00000000 00:00 0 
7fd060afe000-7fd060cfe000 rw-p 00000000 00:00 0 
7fd060cfe000-7fd060efe000 rw-p 00000000 00:00 0 
7fd060efe000-7fd060f01000 ---p 00000000 00:00 0 
7fd060f01000-7fd064000000 rw-p 00000000 00:00 0 
7fd064000000-7fd0652f1000 rw-p 00000000 00:00 0 
7fd0652f1000-7fd068000000 ---p 00000000 00:00 0 
7fd068000000-7fd068021000 rw-p 00000000 00:00 0 
7fd068021000-7fd06c000000 ---p 00000000 00:00 0 
7fd06c000000-7fd06dad4000 rw-p 00000000 00:00 0 
7fd06dad4000-7fd070000000 ---p 00000000 00:00 0 
7fd070000000-7fd0721ce000 rw-p 00000000 00:00 0 
7fd0721ce000-7fd074000000 ---p 00000000 00:00 0 
7fd074000000-7fd074021000 rw-p 00000000 00:00 0 
7fd074021000-7fd078000000 ---p 00000000 00:00 0 
7fd078000000-7fd079630000 rw-p 00000000 00:00 0 
7fd079630000-7fd07c000000 ---p 00000000 00:00 0 
7fd07c000000-7fd07c021000 rw-p 00000000 00:00 0 
7fd07c021000-7fd080000000 ---p 00000000 00:00 0 
7fd080000000-7fd080021000 rw-p 00000000 00:00 0 
7fd080021000-7fd084000000 ---p 00000000 00:00 0 
7fd084000000-7fd0840e3000 rw-p 00000000 00:00 0 
7fd0840e3000-7fd088000000 ---p 00000000 00:00 0 
7fd088010000-7fd088210000 rw-p 00000000 00:00 0 
7fd088210000-7fd088410000 rw-p 00000000 00:00 0 
7fd088410000-7fd098000000 rw-p 00000000 00:00 0 
7fd098000000-7fd098021000 rw-p 00000000 00:00 0 
7fd098021000-7fd09c000000 ---p 00000000 00:00 0 
7fd09c000000-7fd09c021000 rw-p 00000000 00:00 0 
7fd09c021000-7fd0a0000000 ---p 00000000 00:00 0 
7fd0a0000000-7fd0a0021000 rw-p 00000000 00:00 0 
7fd0a0021000-7fd0a4000000 ---p 00000000 00:00 0 
7fd0a40a8000-7fd0a40a9000 rw-p 00000000 00:00 0 
7fd0a40a9000-7fd0a40ae000 r--s 002f9000 00:ed 122                        /usr/lib/jvm/java-8-openjdk-amd64/jre/lib/charsets.jar
7fd0a40ae000-7fd0a42ae000 rw-p 00000000 00:00 0 
7fd0a42ae000-7fd0a44ae000 rw-p 00000000 00:00 0 
7fd0a44ae000-7fd0a46ae000 rw-p 00000000 00:00 0 
7fd0a46ae000-7fd0a48ae000 rw-p 00000000 00:00 0 
7fd0a48ae000-7fd0a4aae000 rw-p 00000000 00:00 0 
7fd0a4aae000-7fd0a4cae000 rw-p 00000000 00:00 0 
7fd0a4cae000-7fd0a4cbf000 r-xp 00000000 00:ed 162                        /usr/lib/jvm/java-8-openjdk-amd64/jre/lib/amd64/libnio.so
7fd0a4cbf000-7fd0a4ebf000 ---p 00011000 00:ed 162                        /usr/lib/jvm/java-8-openjdk-amd64/jre/lib/amd64/libnio.so
7fd0a4ebf000-7fd0a4ec0000 r--p 00011000 00:ed 162                        /usr/lib/jvm/java-8-openjdk-amd64/jre/lib/amd64/libnio.so
7fd0a4ec0000-7fd0a4ec1000 rw-p 00012000 00:ed 162                        /usr/lib/jvm/java-8-openjdk-amd64/jre/lib/amd64/libnio.so
7fd0a4ec1000-7fd0a50c1000 rw-p 00000000 00:00 0 
7fd0a50c1000-7fd0a52c1000 rw-p 00000000 00:00 0 
7fd0a52c1000-7fd0a52ca000 r-xp 00000000 00:ed 161                        /usr/lib/jvm/java-8-openjdk-amd64/jre/lib/amd64/libmanagement.so
7fd0a52ca000-7fd0a54c9000 ---p 00009000 00:ed 161                        /usr/lib/jvm/java-8-openjdk-amd64/jre/lib/amd64/libmanagement.so
7fd0a54c9000-7fd0a54ca000 r--p 00008000 00:ed 161                        /usr/lib/jvm/java-8-openjdk-amd64/jre/lib/amd64/libmanagement.so
7fd0a54ca000-7fd0a54cb000 rw-p 00009000 00:ed 161                        /usr/lib/jvm/java-8-openjdk-amd64/jre/lib/amd64/libmanagement.so
7fd0a54cb000-7fd0a56cb000 rw-p 00000000 00:00 0 
7fd0a56cb000-7fd0a56de000 r--s 00346000 00:ed 118                        /usr/lib/jvm/java-8-openjdk-amd64/jre/lib/resources.jar
7fd0a56de000-7fd0a56e1000 ---p 00000000 00:00 0 
7fd0a56e1000-7fd0a57df000 rw-p 00000000 00:00 0                          [stack:6164]
7fd0a57df000-7fd0a57e2000 ---p 00000000 00:00 0 
7fd0a57e2000-7fd0a58e0000 rw-p 00000000 00:00 0                          [stack:6163]
7fd0a58e0000-7fd0a58e3000 ---p 00000000 00:00 0 
7fd0a58e3000-7fd0a59e1000 rw-p 00000000 00:00 0                          [stack:6162]
7fd0a59e1000-7fd0a59e5000 r--s 0009a000 00:ed 120                        /usr/lib/jvm/java-8-openjdk-amd64/jre/lib/jsse.jar
7fd0a59e5000-7fd0a59fc000 r-xp 00000000 00:ed 153                        /usr/lib/jvm/java-8-openjdk-amd64/jre/lib/amd64/libnet.so
7fd0a59fc000-7fd0a5bfb000 ---p 00017000 00:ed 153                        /usr/lib/jvm/java-8-openjdk-amd64/jre/lib/amd64/libnet.so
7fd0a5bfb000-7fd0a5bfc000 r--p 00016000 00:ed 153                        /usr/lib/jvm/java-8-openjdk-amd64/jre/lib/amd64/libnet.so
7fd0a5bfc000-7fd0a5bfd000 rw-p 00017000 00:ed 153                        /usr/lib/jvm/java-8-openjdk-amd64/jre/lib/amd64/libnet.so
7fd0a5bfd000-7fd0a5bfe000 ---p 00000000 00:00 0 
7fd0a5bfe000-7fd0a5cfe000 rw-p 00000000 00:00 0                          [stack:6159]
7fd0a5cfe000-7fd0a5d01000 ---p 00000000 00:00 0 
7fd0a5d01000-7fd0a5dff000 rw-p 00000000 00:00 0                          [stack:6158]
7fd0a5dff000-7fd0a5e02000 ---p 00000000 00:00 0 
7fd0a5e02000-7fd0a5f00000 rw-p 00000000 00:00 0                          [stack:6157]
7fd0a5f00000-7fd0a5f03000 ---p 00000000 00:00 0 
7fd0a5f03000-7fd0a6001000 rw-p 00000000 00:00 0                          [stack:6156]
7fd0a6001000-7fd0a6004000 ---p 00000000 00:00 0 
7fd0a6004000-7fd0a6102000 rw-p 00000000 00:00 0                          [stack:6155]
7fd0a6102000-7fd0a6105000 ---p 00000000 00:00 0 
7fd0a6105000-7fd0a6203000 rw-p 00000000 00:00 0                          [stack:6154]
7fd0a6203000-7fd0a6235000 r--s 00233000 00:ed 35231                      /tmp/gzoltar.agent8813473259162002930.jar
7fd0a6235000-7fd0a6238000 r--s 00015000 00:ed 7142                       /root/workspace/apache/struts/315793682/.m2/javax/servlet/javax.servlet-api/3.1.0/javax.servlet-api-3.1.0.jar
7fd0a6238000-7fd0a623d000 r--s 0003b000 00:ed 7086                       /root/workspace/apache/struts/315793682/.m2/org/springframework/spring-expression/4.1.9.RELEASE/spring-expression-4.1.9.RELEASE.jar
7fd0a623d000-7fd0a623e000 r--s 00002000 00:ed 7140                       /root/workspace/apache/struts/315793682/.m2/org/slf4j/slf4j-simple/1.7.12/slf4j-simple-1.7.12.jar
7fd0a623e000-7fd0a6240000 r--s 0000a000 00:ed 7104                       /root/workspace/apache/struts/315793682/.m2/mockobjects/mockobjects-jdk1.3/0.09/mockobjects-jdk1.3-0.09.jar
7fd0a6240000-7fd0a6243000 r--s 00011000 00:ed 7118                       /root/workspace/apache/struts/315793682/.m2/org/easytesting/fest-assert/1.4/fest-assert-1.4.jar
7fd0a6243000-7fd0a625b000 r--s 000e3000 00:ed 7085                       /root/workspace/apache/struts/315793682/.m2/org/springframework/spring-context/4.1.9.RELEASE/spring-context-4.1.9.RELEASE.jar
7fd0a625b000-7fd0a6264000 r--s 0004f000 00:ed 7075                       /root/workspace/apache/struts/315793682/.m2/org/springframework/spring-aop/4.1.9.RELEASE/spring-aop-4.1.9.RELEASE.jar
7fd0a6264000-7fd0a627d000 r--s 001af000 00:ed 7080                       /root/workspace/apache/struts/315793682/.m2/org/aspectj/aspectjweaver/1.8.7/aspectjweaver-1.8.7.jar
7fd0a627d000-7fd0a627f000 r--s 0000e000 00:ed 5941                       /root/workspace/apache/struts/315793682/.m2/oro/oro/2.0.8/oro-2.0.8.jar
7fd0a627f000-7fd0a6284000 r--s 00035000 00:ed 7058                       /root/workspace/apache/struts/315793682/.m2/commons-beanutils/commons-beanutils/1.9.2/commons-beanutils-1.9.2.jar
7fd0a6284000-7fd0a628c000 r--s 00068000 00:ed 6648                       /root/workspace/apache/struts/315793682/.m2/dom4j/dom4j/1.1/dom4j-1.1.jar
7fd0a628c000-7fd0a628d000 r--s 00005000 00:ed 7126                       /root/workspace/apache/struts/315793682/.m2/org/apache/struts/struts-annotations/1.0.6/struts-annotations-1.0.6.jar
7fd0a628d000-7fd0a628f000 r--s 00006000 00:ed 7119                       /root/workspace/apache/struts/315793682/.m2/org/easytesting/fest-util/1.1.6/fest-util-1.1.6.jar
7fd0a628f000-7fd0a6291000 r--s 00005000 00:ed 6650                       /root/workspace/apache/struts/315793682/.m2/sslext/sslext/1.2-0/sslext-1.2-0.jar
7fd0a6291000-7fd0a6297000 r--s 0004f000 00:ed 6644                       /root/workspace/apache/struts/315793682/.m2/org/apache/velocity/velocity-tools/2.0/velocity-tools-2.0.jar
7fd0a6297000-7fd0a62a0000 r--s 0006b000 00:ed 7123                       /root/workspace/apache/struts/315793682/.m2/org/easymock/easymock/3.4/easymock-3.4.jar
7fd0a62a0000-7fd0a62a2000 r--s 00009000 00:ed 7098                       /root/workspace/apache/struts/315793682/.m2/org/hamcrest/hamcrest-core/1.3/hamcrest-core-1.3.jar
7fd0a62a2000-7fd0a62b2000 r--s 000a1000 00:ed 7090                       /root/workspace/apache/struts/315793682/.m2/org/springframework/spring-web/4.1.9.RELEASE/spring-web-4.1.9.RELEASE.jar
7fd0a62b2000-7fd0a62bb000 r--s 00083000 00:ed 7129                       /root/workspace/apache/struts/315793682/.m2/org/testng/testng/5.14.10/testng-5.14.10.jar
7fd0a62bb000-7fd0a62c8000 r--s 000a1000 00:ed 7082                       /root/workspace/apache/struts/315793682/.m2/org/springframework/spring-beans/4.1.9.RELEASE/spring-beans-4.1.9.RELEASE.jar
7fd0a62c8000-7fd0a62e9000 r--s 00162000 00:ed 7114                       /root/workspace/apache/struts/315793682/.m2/org/mockito/mockito-all/1.9.5/mockito-all-1.9.5.jar
7fd0a62e9000-7fd0a62ec000 r--s 00029000 00:ed 7144                       /root/workspace/apache/struts/315793682/.m2/commons-validator/commons-validator/1.5.1/commons-validator-1.5.1.jar
7fd0a62ec000-7fd0a62f2000 r--s 00033000 00:ed 7134                       /root/workspace/apache/struts/315793682/.m2/org/yaml/snakeyaml/1.6/snakeyaml-1.6.jar
7fd0a62f2000-7fd0a62fe000 r--s 0006f000 00:ed 7093                       /root/workspace/apache/struts/315793682/.m2/org/springframework/spring-test/4.1.9.RELEASE/spring-test-4.1.9.RELEASE.jar
7fd0a62fe000-7fd0a6301000 r--s 0000e000 00:ed 7111                       /root/workspace/apache/struts/315793682/.m2/mockobjects/mockobjects-jdk1.3-j2ee1.3/0.09/mockobjects-jdk1.3-j2ee1.3-0.09.jar
7fd0a6301000-7fd0a6303000 r--s 00016000 00:ed 7050                       /root/workspace/apache/struts/315793682/.m2/javax/servlet/servlet-api/2.4/servlet-api-2.4.jar
7fd0a6303000-7fd0a630b000 r--s 00045000 00:ed 7096                       /root/workspace/apache/struts/315793682/.m2/junit/junit/4.12/junit-4.12.jar
7fd0a630b000-7fd0a6320000 r--s 000e2000 00:ed 7074                       /root/workspace/apache/struts/315793682/.m2/org/springframework/spring-core/4.1.9.RELEASE/spring-core-4.1.9.RELEASE.jar
7fd0a6320000-7fd0a6322000 r--s 0000c000 00:ed 7120                       /root/workspace/apache/struts/315793682/.m2/mockobjects/mockobjects-core/0.09/mockobjects-core-0.09.jar
7fd0a6322000-7fd0a6324000 r--s 0000e000 00:ed 7069                       /root/workspace/apache/struts/315793682/.m2/commons-logging/commons-logging/1.1.3/commons-logging-1.1.3.jar
7fd0a6324000-7fd0a6331000 r--s 00083000 00:ed 7054                       /root/workspace/apache/struts/315793682/.m2/commons-collections/commons-collections/3.2.2/commons-collections-3.2.2.jar
7fd0a6331000-7fd0a6333000 r--s 00014000 00:ed 6645                       /root/workspace/apache/struts/315793682/.m2/commons-chain/commons-chain/1.1/commons-chain-1.1.jar
7fd0a6333000-7fd0a6339000 r--s 0002b000 00:ed 7047                       /root/workspace/apache/struts/315793682/.m2/commons-digester/commons-digester/2.1/commons-digester-2.1.jar
7fd0a6339000-7fd0a6349000 r--s 000a8000 00:ed 7041                       /root/workspace/apache/struts/315793682/.m2/org/apache/commons/commons-collections4/4.1/commons-collections4-4.1.jar
7fd0a6349000-7fd0a6351000 r--s 00071000 00:ed 7071                       /root/workspace/apache/struts/315793682/.m2/org/apache/commons/commons-lang3/3.6/commons-lang3-3.6.jar
7fd0a6351000-7fd0a6353000 r--s 0000b000 00:ed 7125                       /root/workspace/apache/struts/315793682/.m2/org/objenesis/objenesis/2.2/objenesis-2.2.jar
7fd0a6353000-7fd0a6355000 r--s 00000000 00:ed 7076                       /root/workspace/apache/struts/315793682/.m2/aopalliance/aopalliance/1.0/aopalliance-1.0.jar
7fd0a6355000-7fd0a6359000 r--s 0003c000 00:ed 7056                       /root/workspace/apache/struts/315793682/.m2/commons-lang/commons-lang/2.4/commons-lang-2.4.jar
7fd0a6359000-7fd0a635b000 r--s 0000c000 00:ed 7078                       /root/workspace/apache/struts/315793682/.m2/org/springframework/spring-aspects/4.1.9.RELEASE/spring-aspects-4.1.9.RELEASE.jar
7fd0a635b000-7fd0a635e000 r--s 0001b000 00:ed 6614                       /root/workspace/apache/struts/315793682/.m2/org/apache/struts/struts-tiles/1.3.8/struts-tiles-1.3.8.jar
7fd0a635e000-7fd0a6360000 r--s 00006000 00:ed 7133                       /root/workspace/apache/struts/315793682/.m2/com/beust/jcommander/1.12/jcommander-1.12.jar
7fd0a6360000-7fd0a6362000 r--s 00001000 00:ed 7106                       /root/workspace/apache/struts/315793682/.m2/mockobjects/mockobjects-alt-jdk1.3/0.09/mockobjects-alt-jdk1.3-0.09.jar
7fd0a6362000-7fd0a6367000 r--s 00036000 00:ed 7064                       /root/workspace/apache/struts/315793682/.m2/org/apache/logging/log4j/log4j-api/2.9.1/log4j-api-2.9.1.jar
7fd0a6367000-7fd0a636a000 r--s 0000f000 00:ed 7065                       /root/workspace/apache/struts/315793682/.m2/commons-fileupload/commons-fileupload/1.3.3/commons-fileupload-1.3.3.jar
7fd0a636a000-7fd0a636c000 r--s 0000b000 00:ed 7044                       /root/workspace/apache/struts/315793682/.m2/javax/servlet/jsp-api/2.0/jsp-api-2.0.jar
7fd0a636c000-7fd0a636e000 r--s 00002000 00:ed 7109                       /root/workspace/apache/struts/315793682/.m2/mockobjects/mockobjects-alt-jdk1.3-j2ee1.3/0.09/mockobjects-alt-jdk1.3-j2ee1.3-0.09.jar
7fd0a636e000-7fd0a6373000 r--s 00053000 00:ed 6654                       /root/workspace/apache/struts/315793682/.m2/antlr/antlr/2.7.2/antlr-2.7.2.jar
7fd0a6373000-7fd0a6392000 r--s 0015c000 00:ed 7102                       /root/workspace/apache/struts/315793682/.m2/org/apache/logging/log4j/log4j-core/2.9.1/log4j-core-2.9.1.jar
7fd0a6392000-7fd0a63ae000 r--s 00152000 00:ed 7042                       /root/workspace/apache/struts/315793682/.m2/org/freemarker/freemarker/2.3.26-incubating/freemarker-2.3.26-incubating.jar
7fd0a63ae000-7fd0a63b2000 r--s 00028000 00:ed 7089                       /root/workspace/apache/struts/315793682/.m2/org/springframework/spring-context-support/4.1.9.RELEASE/spring-context-support-4.1.9.RELEASE.jar
7fd0a63b2000-7fd0a63b6000 r--s 00017000 00:ed 7113                       /root/workspace/apache/struts/315793682/.m2/jmock/jmock/1.2.0/jmock-1.2.0.jar
7fd0a63b6000-7fd0a63be000 r--s 00066000 00:ed 7053                       /root/workspace/apache/struts/315793682/.m2/org/apache/velocity/velocity/1.7/velocity-1.7.jar
7fd0a63be000-7fd0a63c3000 r--s 00039000 00:ed 6655                       /root/workspace/apache/struts/315793682/.m2/org/apache/struts/struts-taglib/1.3.8/struts-taglib-1.3.8.jar
7fd0a63c3000-7fd0a63c7000 r--s 00036000 00:ed 7046                       /root/workspace/apache/struts/315793682/.m2/ognl/ognl/3.1.15/ognl-3.1.15.jar
7fd0a63c7000-7fd0a63d1000 r--s 000ae000 00:ed 7048                       /root/workspace/apache/struts/315793682/.m2/org/javassist/javassist/3.20.0-GA/javassist-3.20.0-GA.jar
7fd0a63d1000-7fd0a63d8000 r--s 00049000 00:ed 7095                       /root/workspace/apache/struts/315793682/.m2/cglib/cglib-nodep/2.1_3/cglib-nodep-2.1_3.jar
7fd0a63d8000-7fd0a63de000 r--s 0004b000 00:ed 6651                       /root/workspace/apache/struts/315793682/.m2/org/apache/struts/struts-core/1.3.8/struts-core-1.3.8.jar
7fd0a63de000-7fd0a63e3000 r--s 00040000 00:ed 7132                       /root/workspace/apache/struts/315793682/.m2/org/beanshell/bsh/2.0b4/bsh-2.0b4.jar
7fd0a63e3000-7fd0a645c000 r--s 010fd000 00:ed 144                        /usr/lib/jvm/java-8-openjdk-amd64/lib/tools.jar
7fd0a645c000-7fd0a6477000 r--s 00394000 00:ed 134                        /usr/lib/jvm/java-8-openjdk-amd64/jre/lib/ext/cldrdata.jar
7fd0a6477000-7fd0a647a000 ---p 00000000 00:00 0 
7fd0a647a000-7fd0a6578000 rw-p 00000000 00:00 0                          [stack:6153]
7fd0a6578000-7fd0a66e7000 r--p 00000000 00:ed 56                         /usr/lib/locale/C.UTF-8/LC_COLLATE
7fd0a66e7000-7fd0a66ea000 ---p 00000000 00:00 0 
7fd0a66ea000-7fd0a67e8000 rw-p 00000000 00:00 0                          [stack:6152]
7fd0a67e8000-7fd0a67eb000 ---p 00000000 00:00 0 
7fd0a67eb000-7fd0a68e9000 rw-p 00000000 00:00 0                          [stack:6151]
7fd0a68e9000-7fd0a68ea000 ---p 00000000 00:00 0 
7fd0a68ea000-7fd0a8000000 rw-p 00000000 00:00 0                          [stack:6150]
7fd0a8000000-7fd0a8021000 rw-p 00000000 00:00 0 
7fd0a8021000-7fd0ac000000 ---p 00000000 00:00 0 
7fd0ac000000-7fd0ac021000 rw-p 00000000 00:00 0 
7fd0ac021000-7fd0b0000000 ---p 00000000 00:00 0 
7fd0b0000000-7fd0b0021000 rw-p 00000000 00:00 0 
7fd0b0021000-7fd0b4000000 ---p 00000000 00:00 0 
7fd0b4000000-7fd0b4021000 rw-p 00000000 00:00 0 
7fd0b4021000-7fd0b8000000 ---p 00000000 00:00 0 
7fd0b8000000-7fd0b8021000 rw-p 00000000 00:00 0 
7fd0b8021000-7fd0bc000000 ---p 00000000 00:00 0 
7fd0bc000000-7fd0bc004000 r--s 0002f000 00:ed 7066                       /root/workspace/apache/struts/315793682/.m2/commons-io/commons-io/2.5/commons-io-2.5.jar
7fd0bc004000-7fd0bc008000 r--s 00037000 00:ed 135                        /usr/lib/jvm/java-8-openjdk-amd64/jre/lib/ext/sunpkcs11.jar
7fd0bc008000-7fd0bc55a000 rw-p 00000000 00:00 0 
7fd0bc55a000-7fd0bc728000 r--s 03c06000 00:ed 119                        /usr/lib/jvm/java-8-openjdk-amd64/jre/lib/rt.jar
7fd0bc728000-7fd0bcff9000 rw-p 00000000 00:00 0 
7fd0bcff9000-7fd0bdfb8000 rw-p 00000000 00:00 0 
7fd0bdfb8000-7fd0bdfb9000 ---p 00000000 00:00 0 
7fd0bdfb9000-7fd0be0b9000 rw-p 00000000 00:00 0                          [stack:6149]
7fd0be0b9000-7fd0be0ba000 ---p 00000000 00:00 0 
7fd0be0ba000-7fd0be1ba000 rw-p 00000000 00:00 0                          [stack:6148]
7fd0be1ba000-7fd0be1bb000 ---p 00000000 00:00 0 
7fd0be1bb000-7fd0be2bb000 rw-p 00000000 00:00 0                          [stack:6147]
7fd0be2bb000-7fd0be2bc000 ---p 00000000 00:00 0 
7fd0be2bc000-7fd0be3bc000 rw-p 00000000 00:00 0                          [stack:6044]
7fd0be3bc000-7fd0be3bd000 ---p 00000000 00:00 0 
7fd0be3bd000-7fd0be4bd000 rw-p 00000000 00:00 0                          [stack:6043]
7fd0be4bd000-7fd0be4be000 ---p 00000000 00:00 0 
7fd0be4be000-7fd0be5be000 rw-p 00000000 00:00 0                          [stack:6042]
7fd0be5be000-7fd0be5bf000 ---p 00000000 00:00 0 
7fd0be5bf000-7fd0be6bf000 rw-p 00000000 00:00 0                          [stack:6041]
7fd0be6bf000-7fd0be6c0000 ---p 00000000 00:00 0 
7fd0be6c0000-7fd0be87e000 rw-p 00000000 00:00 0                          [stack:6040]
7fd0be87e000-7fd0bf240000 ---p 00000000 00:00 0 
7fd0bf240000-7fd0bf2fe000 rw-p 00000000 00:00 0 
7fd0bf2fe000-7fd0bfcbf000 ---p 00000000 00:00 0 
7fd0bfcbf000-7fd0bfeca000 rw-p 00000000 00:00 0 
7fd0bfeca000-7fd0c01ff000 ---p 00000000 00:00 0 
7fd0c01ff000-7fd0c0285000 rw-p 00000000 00:00 0 
7fd0c0285000-7fd0c05c0000 ---p 00000000 00:00 0 
7fd0c05c0000-7fd0c2700000 rwxp 00000000 00:00 0 
7fd0c2700000-7fd0cf5c0000 ---p 00000000 00:00 0 
7fd0cf5c0000-7fd0cf5c8000 r-xp 00000000 00:ed 117                        /usr/lib/jvm/java-8-openjdk-amd64/jre/lib/amd64/libzip.so
7fd0cf5c8000-7fd0cf7c7000 ---p 00008000 00:ed 117                        /usr/lib/jvm/java-8-openjdk-amd64/jre/lib/amd64/libzip.so
7fd0cf7c7000-7fd0cf7c8000 r--p 00007000 00:ed 117                        /usr/lib/jvm/java-8-openjdk-amd64/jre/lib/amd64/libzip.so
7fd0cf7c8000-7fd0cf7c9000 rw-p 00008000 00:ed 117                        /usr/lib/jvm/java-8-openjdk-amd64/jre/lib/amd64/libzip.so
7fd0cf7c9000-7fd0cf7d4000 r-xp 00000000 00:ed 82                         /lib/x86_64-linux-gnu/libnss_files-2.19.so
7fd0cf7d4000-7fd0cf9d3000 ---p 0000b000 00:ed 82                         /lib/x86_64-linux-gnu/libnss_files-2.19.so
7fd0cf9d3000-7fd0cf9d4000 r--p 0000a000 00:ed 82                         /lib/x86_64-linux-gnu/libnss_files-2.19.so
7fd0cf9d4000-7fd0cf9d5000 rw-p 0000b000 00:ed 82                         /lib/x86_64-linux-gnu/libnss_files-2.19.so
7fd0cf9d5000-7fd0cf9df000 r-xp 00000000 00:ed 80                         /lib/x86_64-linux-gnu/libnss_nis-2.19.so
7fd0cf9df000-7fd0cfbde000 ---p 0000a000 00:ed 80                         /lib/x86_64-linux-gnu/libnss_nis-2.19.so
7fd0cfbde000-7fd0cfbdf000 r--p 00009000 00:ed 80                         /lib/x86_64-linux-gnu/libnss_nis-2.19.so
7fd0cfbdf000-7fd0cfbe0000 rw-p 0000a000 00:ed 80                         /lib/x86_64-linux-gnu/libnss_nis-2.19.so
7fd0cfbe0000-7fd0cfbf5000 r-xp 00000000 00:ed 78                         /lib/x86_64-linux-gnu/libnsl-2.19.so
7fd0cfbf5000-7fd0cfdf4000 ---p 00015000 00:ed 78                         /lib/x86_64-linux-gnu/libnsl-2.19.so
7fd0cfdf4000-7fd0cfdf5000 r--p 00014000 00:ed 78                         /lib/x86_64-linux-gnu/libnsl-2.19.so
7fd0cfdf5000-7fd0cfdf6000 rw-p 00015000 00:ed 78                         /lib/x86_64-linux-gnu/libnsl-2.19.so
7fd0cfdf6000-7fd0cfdf8000 rw-p 00000000 00:00 0 
7fd0cfdf8000-7fd0cfdff000 r-xp 00000000 00:ed 76                         /lib/x86_64-linux-gnu/libnss_compat-2.19.so
7fd0cfdff000-7fd0cfffe000 ---p 00007000 00:ed 76                         /lib/x86_64-linux-gnu/libnss_compat-2.19.so
7fd0cfffe000-7fd0cffff000 r--p 00006000 00:ed 76                         /lib/x86_64-linux-gnu/libnss_compat-2.19.so
7fd0cffff000-7fd0d0000000 rw-p 00007000 00:ed 76                         /lib/x86_64-linux-gnu/libnss_compat-2.19.so
7fd0d0000000-7fd0d1b55000 rw-p 00000000 00:00 0 
7fd0d1b55000-7fd0d4000000 ---p 00000000 00:00 0 
7fd0d4000000-7fd0d4001000 r--s 00007000 00:ed 7138                       /root/workspace/apache/struts/315793682/.m2/org/slf4j/slf4j-api/1.7.12/slf4j-api-1.7.12.jar
7fd0d4001000-7fd0d4002000 r--s 0000a000 00:ed 137                        /usr/lib/jvm/java-8-openjdk-amd64/jre/lib/ext/jaccess.jar
7fd0d4002000-7fd0d401d000 r--s 001d6000 00:ed 126                        /usr/lib/jvm/java-8-openjdk-amd64/jre/lib/ext/nashorn.jar
7fd0d401d000-7fd0d4027000 r-xp 00000000 00:ed 35232                      /usr/lib/jvm/java-8-openjdk-amd64/jre/lib/amd64/libinstrument.so
7fd0d4027000-7fd0d4226000 ---p 0000a000 00:ed 35232                      /usr/lib/jvm/java-8-openjdk-amd64/jre/lib/amd64/libinstrument.so
7fd0d4226000-7fd0d4227000 r--p 00009000 00:ed 35232                      /usr/lib/jvm/java-8-openjdk-amd64/jre/lib/amd64/libinstrument.so
7fd0d4227000-7fd0d4228000 rw-p 0000a000 00:ed 35232                      /usr/lib/jvm/java-8-openjdk-amd64/jre/lib/amd64/libinstrument.so
7fd0d4228000-7fd0d4256000 r-xp 00000000 00:ed 99                         /usr/lib/jvm/java-8-openjdk-amd64/jre/lib/amd64/libjava.so
7fd0d4256000-7fd0d4455000 ---p 0002e000 00:ed 99                         /usr/lib/jvm/java-8-openjdk-amd64/jre/lib/amd64/libjava.so
7fd0d4455000-7fd0d4456000 r--p 0002d000 00:ed 99                         /usr/lib/jvm/java-8-openjdk-amd64/jre/lib/amd64/libjava.so
7fd0d4456000-7fd0d4458000 rw-p 0002e000 00:ed 99                         /usr/lib/jvm/java-8-openjdk-amd64/jre/lib/amd64/libjava.so
7fd0d4458000-7fd0d4467000 r-xp 00000000 00:ed 112                        /usr/lib/jvm/java-8-openjdk-amd64/jre/lib/amd64/libverify.so
7fd0d4467000-7fd0d4667000 ---p 0000f000 00:ed 112                        /usr/lib/jvm/java-8-openjdk-amd64/jre/lib/amd64/libverify.so
7fd0d4667000-7fd0d466a000 r--p 0000f000 00:ed 112                        /usr/lib/jvm/java-8-openjdk-amd64/jre/lib/amd64/libverify.so
7fd0d466a000-7fd0d466b000 rw-p 00012000 00:ed 112                        /usr/lib/jvm/java-8-openjdk-amd64/jre/lib/amd64/libverify.so
7fd0d466b000-7fd0d4672000 r-xp 00000000 00:ed 111                        /lib/x86_64-linux-gnu/librt-2.19.so
7fd0d4672000-7fd0d4871000 ---p 00007000 00:ed 111                        /lib/x86_64-linux-gnu/librt-2.19.so
7fd0d4871000-7fd0d4872000 r--p 00006000 00:ed 111                        /lib/x86_64-linux-gnu/librt-2.19.so
7fd0d4872000-7fd0d4873000 rw-p 00007000 00:ed 111                        /lib/x86_64-linux-gnu/librt-2.19.so
7fd0d4873000-7fd0d4889000 r-xp 00000000 00:ed 109                        /lib/x86_64-linux-gnu/libgcc_s.so.1
7fd0d4889000-7fd0d4a88000 ---p 00016000 00:ed 109                        /lib/x86_64-linux-gnu/libgcc_s.so.1
7fd0d4a88000-7fd0d4a89000 rw-p 00015000 00:ed 109                        /lib/x86_64-linux-gnu/libgcc_s.so.1
7fd0d4a89000-7fd0d4b89000 r-xp 00000000 00:ed 108                        /lib/x86_64-linux-gnu/libm-2.19.so
7fd0d4b89000-7fd0d4d88000 ---p 00100000 00:ed 108                        /lib/x86_64-linux-gnu/libm-2.19.so
7fd0d4d88000-7fd0d4d89000 r--p 000ff000 00:ed 108                        /lib/x86_64-linux-gnu/libm-2.19.so
7fd0d4d89000-7fd0d4d8a000 rw-p 00100000 00:ed 108                        /lib/x86_64-linux-gnu/libm-2.19.so
7fd0d4d8a000-7fd0d4e76000 r-xp 00000000 00:ed 106                        /usr/lib/x86_64-linux-gnu/libstdc++.so.6.0.20
7fd0d4e76000-7fd0d5076000 ---p 000ec000 00:ed 106                        /usr/lib/x86_64-linux-gnu/libstdc++.so.6.0.20
7fd0d5076000-7fd0d507e000 r--p 000ec000 00:ed 106                        /usr/lib/x86_64-linux-gnu/libstdc++.so.6.0.20
7fd0d507e000-7fd0d5080000 rw-p 000f4000 00:ed 106                        /usr/lib/x86_64-linux-gnu/libstdc++.so.6.0.20
7fd0d5080000-7fd0d5095000 rw-p 00000000 00:00 0 
7fd0d5095000-7fd0d5d2d000 r-xp 00000000 00:ed 104                        /usr/lib/jvm/java-8-openjdk-amd64/jre/lib/amd64/server/libjvm.so
7fd0d5d2d000-7fd0d5f2d000 ---p 00c98000 00:ed 104                        /usr/lib/jvm/java-8-openjdk-amd64/jre/lib/amd64/server/libjvm.so
7fd0d5f2d000-7fd0d5fd0000 r--p 00c98000 00:ed 104                        /usr/lib/jvm/java-8-openjdk-amd64/jre/lib/amd64/server/libjvm.so
7fd0d5fd0000-7fd0d5ff9000 rw-p 00d3b000 00:ed 104                        /usr/lib/jvm/java-8-openjdk-amd64/jre/lib/amd64/server/libjvm.so
7fd0d5ff9000-7fd0d602a000 rw-p 00000000 00:00 0 
7fd0d602a000-7fd0d61cb000 r-xp 00000000 00:ed 34                         /lib/x86_64-linux-gnu/libc-2.19.so
7fd0d61cb000-7fd0d63cb000 ---p 001a1000 00:ed 34                         /lib/x86_64-linux-gnu/libc-2.19.so
7fd0d63cb000-7fd0d63cf000 r--p 001a1000 00:ed 34                         /lib/x86_64-linux-gnu/libc-2.19.so
7fd0d63cf000-7fd0d63d1000 rw-p 001a5000 00:ed 34                         /lib/x86_64-linux-gnu/libc-2.19.so
7fd0d63d1000-7fd0d63d5000 rw-p 00000000 00:00 0 
7fd0d63d5000-7fd0d63d8000 r-xp 00000000 00:ed 71                         /lib/x86_64-linux-gnu/libdl-2.19.so
7fd0d63d8000-7fd0d65d7000 ---p 00003000 00:ed 71                         /lib/x86_64-linux-gnu/libdl-2.19.so
7fd0d65d7000-7fd0d65d8000 r--p 00002000 00:ed 71                         /lib/x86_64-linux-gnu/libdl-2.19.so
7fd0d65d8000-7fd0d65d9000 rw-p 00003000 00:ed 71                         /lib/x86_64-linux-gnu/libdl-2.19.so
7fd0d65d9000-7fd0d65e7000 r-xp 00000000 00:ed 98                         /usr/lib/jvm/java-8-openjdk-amd64/jre/lib/amd64/jli/libjli.so
7fd0d65e7000-7fd0d67e6000 ---p 0000e000 00:ed 98                         /usr/lib/jvm/java-8-openjdk-amd64/jre/lib/amd64/jli/libjli.so
7fd0d67e6000-7fd0d67e7000 r--p 0000d000 00:ed 98                         /usr/lib/jvm/java-8-openjdk-amd64/jre/lib/amd64/jli/libjli.so
7fd0d67e7000-7fd0d67e8000 rw-p 0000e000 00:ed 98                         /usr/lib/jvm/java-8-openjdk-amd64/jre/lib/amd64/jli/libjli.so
7fd0d67e8000-7fd0d6802000 r-xp 00000000 00:ed 97                         /lib/x86_64-linux-gnu/libz.so.1.2.8
7fd0d6802000-7fd0d6a01000 ---p 0001a000 00:ed 97                         /lib/x86_64-linux-gnu/libz.so.1.2.8
7fd0d6a01000-7fd0d6a02000 r--p 00019000 00:ed 97                         /lib/x86_64-linux-gnu/libz.so.1.2.8
7fd0d6a02000-7fd0d6a03000 rw-p 0001a000 00:ed 97                         /lib/x86_64-linux-gnu/libz.so.1.2.8
7fd0d6a03000-7fd0d6a1b000 r-xp 00000000 00:ed 95                         /lib/x86_64-linux-gnu/libpthread-2.19.so
7fd0d6a1b000-7fd0d6c1a000 ---p 00018000 00:ed 95                         /lib/x86_64-linux-gnu/libpthread-2.19.so
7fd0d6c1a000-7fd0d6c1b000 r--p 00017000 00:ed 95                         /lib/x86_64-linux-gnu/libpthread-2.19.so
7fd0d6c1b000-7fd0d6c1c000 rw-p 00018000 00:ed 95                         /lib/x86_64-linux-gnu/libpthread-2.19.so
7fd0d6c1c000-7fd0d6c20000 rw-p 00000000 00:00 0 
7fd0d6c20000-7fd0d6c40000 r-xp 00000000 00:ed 31                         /lib/x86_64-linux-gnu/ld-2.19.so
7fd0d6c40000-7fd0d6c42000 r--s 00001000 00:ed 136                        /usr/lib/jvm/java-8-openjdk-amd64/jre/lib/ext/dnsns.jar
7fd0d6c42000-7fd0d6c47000 r--s 0003b000 00:ed 133                        /usr/lib/jvm/java-8-openjdk-amd64/jre/lib/ext/sunjce_provider.jar
7fd0d6c47000-7fd0d6c49000 r--s 00008000 00:ed 132                        /usr/lib/jvm/java-8-openjdk-amd64/jre/lib/ext/sunec.jar
7fd0d6c49000-7fd0d6c4a000 r--s 00010000 00:ed 130                        /usr/lib/jvm/java-8-openjdk-amd64/jre/lib/ext/zipfs.jar
7fd0d6c4a000-7fd0d6c4d000 r--s 0000f000 00:ed 129                        /usr/lib/jvm/java-8-openjdk-amd64/jre/lib/ext/icedtea-sound.jar
7fd0d6c4d000-7fd0d6c4f000 r--s 00006000 00:ed 139                        /usr/share/java/java-atk-wrapper.jar
7fd0d6c4f000-7fd0d6c59000 r--s 00116000 00:ed 127                        /usr/lib/jvm/java-8-openjdk-amd64/jre/lib/ext/localedata.jar
7fd0d6c59000-7fd0d6c7f000 r--p 00000000 00:ed 59                         /usr/lib/locale/C.UTF-8/LC_CTYPE
7fd0d6c7f000-7fd0d6c80000 r--p 00000000 00:ed 58                         /usr/lib/locale/C.UTF-8/LC_NUMERIC
7fd0d6c80000-7fd0d6c81000 r--p 00000000 00:ed 57                         /usr/lib/locale/C.UTF-8/LC_TIME
7fd0d6c81000-7fd0d6c82000 r--p 00000000 00:ed 55                         /usr/lib/locale/C.UTF-8/LC_MONETARY
7fd0d6c82000-7fd0d6c83000 r--p 00000000 00:ed 54                         /usr/lib/locale/C.UTF-8/LC_MESSAGES/SYS_LC_MESSAGES
7fd0d6c83000-7fd0d6c84000 r--p 00000000 00:ed 52                         /usr/lib/locale/C.UTF-8/LC_PAPER
7fd0d6c84000-7fd0d6c85000 r--p 00000000 00:ed 51                         /usr/lib/locale/C.UTF-8/LC_NAME
7fd0d6c85000-7fd0d6c8c000 r--s 00000000 00:ed 47                         /usr/lib/x86_64-linux-gnu/gconv/gconv-modules.cache
7fd0d6c8c000-7fd0d6d2a000 rw-p 00000000 00:00 0 
7fd0d6d2a000-7fd0d6d32000 rw-s 00000000 00:ed 35233                      /tmp/hsperfdata_root/976
7fd0d6d32000-7fd0d6d35000 ---p 00000000 00:00 0 
7fd0d6d35000-7fd0d6e38000 rw-p 00000000 00:00 0                          [stack:6039]
7fd0d6e38000-7fd0d6e39000 r--p 00000000 00:ed 50                         /usr/lib/locale/C.UTF-8/LC_ADDRESS
7fd0d6e39000-7fd0d6e3a000 r--p 00000000 00:ed 49                         /usr/lib/locale/C.UTF-8/LC_TELEPHONE
7fd0d6e3a000-7fd0d6e3b000 r--p 00000000 00:ed 48                         /usr/lib/locale/C.UTF-8/LC_MEASUREMENT
7fd0d6e3b000-7fd0d6e3c000 r--p 00000000 00:ed 44                         /usr/lib/locale/C.UTF-8/LC_IDENTIFICATION
7fd0d6e3c000-7fd0d6e3d000 rw-p 00000000 00:00 0 
7fd0d6e3d000-7fd0d6e3e000 ---p 00000000 00:00 0 
7fd0d6e3e000-7fd0d6e40000 rw-p 00000000 00:00 0 
7fd0d6e40000-7fd0d6e41000 r--p 00020000 00:ed 31                         /lib/x86_64-linux-gnu/ld-2.19.so
7fd0d6e41000-7fd0d6e42000 rw-p 00021000 00:ed 31                         /lib/x86_64-linux-gnu/ld-2.19.so
7fd0d6e42000-7fd0d6e43000 rw-p 00000000 00:00 0 
7fff33ab8000-7fff33ada000 rw-p 00000000 00:00 0                          [stack]
7fff33adf000-7fff33ae1000 r-xp 00000000 00:00 0                          [vdso]
7fff33ae1000-7fff33ae3000 r--p 00000000 00:00 0                          [vvar]
ffffffffff600000-ffffffffff601000 r-xp 00000000 00:00 0                  [vsyscall]

VM Arguments:
jvm_args: -javaagent:/tmp/gzoltar.agent8813473259162002930.jar 
java_command: com.gzoltar.core.instr.Runner 5000 532e72a6-72b3-4657-97e7-0cb88102547a
java_class_path (initial): /usr/lib/jvm/java-8-openjdk-amd64/lib/tools.jar:repairnator-pipeline.jar:/root/workspace/apache/struts/315793682/core:/root/./workspace/apache/struts/315793682/.m2/org/beanshell/bsh/2.0b4/bsh-2.0b4.jar:/root/./output_astor/AstorMain-core//bin//default:/root/./workspace/apache/struts/315793682/.m2/org/apache/struts/struts-core/1.3.8/struts-core-1.3.8.jar:/root/./workspace/apache/struts/315793682/.m2/cglib/cglib-nodep/2.1_3/cglib-nodep-2.1_3.jar:/root/./workspace/apache/struts/315793682/.m2/org/javassist/javassist/3.20.0-GA/javassist-3.20.0-GA.jar:/root/./workspace/apache/struts/315793682/.m2/commons-io/commons-io/2.5/commons-io-2.5.jar:/root/./workspace/apache/struts/315793682/.m2/ognl/ognl/3.1.15/ognl-3.1.15.jar:/root/./workspace/apache/struts/315793682/.m2/org/apache/struts/struts-taglib/1.3.8/struts-taglib-1.3.8.jar:/root/./workspace/apache/struts/315793682/.m2/org/apache/velocity/velocity/1.7/velocity-1.7.jar:/root/./workspace/apache/struts/315793682/.m2/jmock/jmock/1.2.0/jmock-1.2.0.jar:/root/./workspace/apache/struts/315793682/.m2/org/springframework/spring-context-support/4.1.9.RELEASE/spring-context-support-4.1.9.RELEASE.jar:/root/./workspace/apache/struts/315793682/.m2/org/freemarker/freemarker/2.3.26-incubating/freemarker-2.3.26-incubating.jar:/root/./workspace/apache/struts/315793682/.m2/org/apache/logging/log4j/log4j-core/2.9.1/log4j-core-2.9.1.jar:/root/./workspace/apache/struts/315793682/.m2/antlr/antlr/2.7.2/antlr-2.7.2.jar:/root/./workspace/apache/struts/315793682/.m2/mockobjects/mockobjects-alt-jdk1.3-j2ee1.3/0.09/mockobjects-alt-jdk1.3-j2ee1.3-0.09.jar:/root/./workspace/apache/struts/315793682/.m2/javax/servlet/jsp-api/2.0/jsp-api-2.0.jar:/root/./workspace/apache/struts/315793682/.m2/commons-fileupload/commons-fileupload/1.3.3/commons-fileupload-1.3.3.jar:/root/./workspace/apache/struts/315793682/.m2/org/apache/logging/log4j/log4j-api/2.9.1/log4j-api-2.9.1.jar:/root/./workspace/apache/struts/315793682/.m2/mockobjects/moc
Launcher Type: SUN_STANDARD

Environment Variables:
JAVA_HOME=/usr/lib/jvm/java-8-openjdk-amd64
PATH=/usr/local/sbin:/usr/local/bin:/usr/sbin:/usr/bin:/sbin:/bin

Signal Handlers:
SIGSEGV: [libjvm.so+0xa97af0], sa_mask[0]=11111111011111111101111111111110, sa_flags=SA_RESTART|SA_SIGINFO
SIGBUS: [libjvm.so+0xa97af0], sa_mask[0]=11111111011111111101111111111110, sa_flags=SA_RESTART|SA_SIGINFO
SIGFPE: [libjvm.so+0x8de430], sa_mask[0]=11111111011111111101111111111110, sa_flags=SA_RESTART|SA_SIGINFO
SIGPIPE: [libjvm.so+0x8de430], sa_mask[0]=11111111011111111101111111111110, sa_flags=SA_RESTART|SA_SIGINFO
SIGXFSZ: [libjvm.so+0x8de430], sa_mask[0]=11111111011111111101111111111110, sa_flags=SA_RESTART|SA_SIGINFO
SIGILL: [libjvm.so+0x8de430], sa_mask[0]=11111111011111111101111111111110, sa_flags=SA_RESTART|SA_SIGINFO
SIGUSR1: SIG_DFL, sa_mask[0]=00000000000000000000000000000000, sa_flags=none
SIGUSR2: [libjvm.so+0x8de2e0], sa_mask[0]=00100000000000000000000000000000, sa_flags=SA_RESTART|SA_SIGINFO
SIGHUP: [libjvm.so+0x8de500], sa_mask[0]=11111111011111111101111111111110, sa_flags=SA_RESTART|SA_SIGINFO
SIGINT: [libjvm.so+0x8de500], sa_mask[0]=11111111011111111101111111111110, sa_flags=SA_RESTART|SA_SIGINFO
SIGTERM: [libjvm.so+0x8de500], sa_mask[0]=11111111011111111101111111111110, sa_flags=SA_RESTART|SA_SIGINFO
SIGQUIT: [libjvm.so+0x8de500], sa_mask[0]=11111111011111111101111111111110, sa_flags=SA_RESTART|SA_SIGINFO


---------------  S Y S T E M  ---------------

OS:PRETTY_NAME="Debian GNU/Linux 8 (jessie)"
NAME="Debian GNU/Linux"
VERSION_ID="8"
VERSION="8 (jessie)"
ID=debian
HOME_URL="http://www.debian.org/"
SUPPORT_URL="http://www.debian.org/support"
BUG_REPORT_URL="https://bugs.debian.org/"

uname:Linux 3.16.0-4-amd64 #1 SMP Debian 3.16.43-2+deb8u2 (2017-06-26) x86_64
libc:glibc 2.19 NPTL 2.19 
rlimit: STACK 8192k, CORE infinity, NPROC infinity, NOFILE 1048576, AS infinity
load average:23.63 9.93 5.37

/proc/meminfo:
MemTotal:       33018848 kB
MemFree:          205980 kB
MemAvailable:     275640 kB
Buffers:             484 kB
Cached:           430232 kB
SwapCached:        11752 kB
Active:         29828936 kB
Inactive:        2294416 kB
Active(anon):   29826324 kB
Inactive(anon):  2290820 kB
Active(file):       2612 kB
Inactive(file):     3596 kB
Unevictable:           0 kB
Mlocked:               0 kB
SwapTotal:      10484732 kB
SwapFree:              0 kB
Dirty:               528 kB
Writeback:            40 kB
AnonPages:      31682508 kB
Mapped:            22452 kB
Shmem:            423152 kB
Slab:             392976 kB
SReclaimable:     235500 kB
SUnreclaim:       157476 kB
KernelStack:       57280 kB
PageTables:       127208 kB
NFS_Unstable:          0 kB
Bounce:                0 kB
WritebackTmp:          0 kB
CommitLimit:    26994156 kB
Committed_AS:   82108148 kB
VmallocTotal:   34359738367 kB
VmallocUsed:      202776 kB
VmallocChunk:   34359474424 kB
HardwareCorrupted:     0 kB
AnonHugePages:         0 kB
HugePages_Total:       0
HugePages_Free:        0
HugePages_Rsvd:        0
HugePages_Surp:        0
Hugepagesize:       2048 kB
DirectMap4k:      202624 kB
DirectMap2M:    33351680 kB


CPU:total 8 (1 cores per cpu, 1 threads per core) family 6 model 45 stepping 7, cmov, cx8, fxsr, mmx, sse, sse2, sse3, ssse3, sse4.1, sse4.2, popcnt, avx, aes, clmul, tsc, tscinvbit, tscinv

/proc/cpuinfo:
processor	: 0
vendor_id	: GenuineIntel
cpu family	: 6
model		: 45
model name	: Intel(R) Xeon(R) CPU E5-2650L 0 @ 1.80GHz
stepping	: 7
microcode	: 0x710
cpu MHz		: 1800.000
cache size	: 20480 KB
physical id	: 0
siblings	: 1
core id		: 0
cpu cores	: 1
apicid		: 0
initial apicid	: 0
fpu		: yes
fpu_exception	: yes
cpuid level	: 13
wp		: yes
flags		: fpu vme de pse tsc msr pae mce cx8 apic sep mtrr pge mca cmov pat pse36 clflush dts mmx fxsr sse sse2 ss syscall nx rdtscp lm constant_tsc arch_perfmon pebs bts nopl xtopology tsc_reliable nonstop_tsc aperfmperf pni pclmulqdq ssse3 cx16 pcid sse4_1 sse4_2 x2apic popcnt tsc_deadline_timer aes xsave avx hypervisor lahf_lm ida arat pln pts dtherm tsc_adjust
bogomips	: 3600.00
clflush size	: 64
cache_alignment	: 64
address sizes	: 42 bits physical, 48 bits virtual
power management:

processor	: 1
vendor_id	: GenuineIntel
cpu family	: 6
model		: 45
model name	: Intel(R) Xeon(R) CPU E5-2650L 0 @ 1.80GHz
stepping	: 7
microcode	: 0x710
cpu MHz		: 1800.000
cache size	: 20480 KB
physical id	: 2
siblings	: 1
core id		: 0
cpu cores	: 1
apicid		: 2
initial apicid	: 2
fpu		: yes
fpu_exception	: yes
cpuid level	: 13
wp		: yes
flags		: fpu vme de pse tsc msr pae mce cx8 apic sep mtrr pge mca cmov pat pse36 clflush dts mmx fxsr sse sse2 ss syscall nx rdtscp lm constant_tsc arch_perfmon pebs bts nopl xtopology tsc_reliable nonstop_tsc aperfmperf pni pclmulqdq ssse3 cx16 pcid sse4_1 sse4_2 x2apic popcnt tsc_deadline_timer aes xsave avx hypervisor lahf_lm ida arat pln pts dtherm tsc_adjust
bogomips	: 3600.00
clflush size	: 64
cache_alignment	: 64
address sizes	: 42 bits physical, 48 bits virtual
power management:

processor	: 2
vendor_id	: GenuineIntel
cpu family	: 6
model		: 45
model name	: Intel(R) Xeon(R) CPU E5-2650L 0 @ 1.80GHz
stepping	: 7
microcode	: 0x710
cpu MHz		: 1800.000
cache size	: 20480 KB
physical id	: 4
siblings	: 1
core id		: 0
cpu cores	: 1
apicid		: 4
initial apicid	: 4
fpu		: yes
fpu_exception	: yes
cpuid level	: 13
wp		: yes
flags		: fpu vme de pse tsc msr pae mce cx8 apic sep mtrr pge mca cmov pat pse36 clflush dts mmx fxsr sse sse2 ss syscall nx rdtscp lm constant_tsc arch_perfmon pebs bts nopl xtopology tsc_reliable nonstop_tsc aperfmperf pni pclmulqdq ssse3 cx16 pcid sse4_1 sse4_2 x2apic popcnt tsc_deadline_timer aes xsave avx hypervisor lahf_lm ida arat pln pts dtherm tsc_adjust
bogomips	: 3600.00
clflush size	: 64
cache_alignment	: 64
address sizes	: 42 bits physical, 48 bits virtual
power management:

processor	: 3
vendor_id	: GenuineIntel
cpu family	: 6
model		: 45
model name	: Intel(R) Xeon(R) CPU E5-2650L 0 @ 1.80GHz
stepping	: 7
microcode	: 0x710
cpu MHz		: 1800.000
cache size	: 20480 KB
physical id	: 6
siblings	: 1
core id		: 0
cpu cores	: 1
apicid		: 6
initial apicid	: 6
fpu		: yes
fpu_exception	: yes
cpuid level	: 13
wp		: yes
flags		: fpu vme de pse tsc msr pae mce cx8 apic sep mtrr pge mca cmov pat pse36 clflush dts mmx fxsr sse sse2 ss syscall nx rdtscp lm constant_tsc arch_perfmon pebs bts nopl xtopology tsc_reliable nonstop_tsc aperfmperf pni pclmulqdq ssse3 cx16 pcid sse4_1 sse4_2 x2apic popcnt tsc_deadline_timer aes xsave avx hypervisor lahf_lm ida arat pln pts dtherm tsc_adjust
bogomips	: 3600.00
clflush size	: 64
cache_alignment	: 64
address sizes	: 42 bits physical, 48 bits virtual
power management:

processor	: 4
vendor_id	: GenuineIntel
cpu family	: 6
model		: 45
model name	: Intel(R) Xeon(R) CPU E5-2650L 0 @ 1.80GHz
stepping	: 7
microcode	: 0x710
cpu MHz		: 1800.000
cache size	: 20480 KB
physical id	: 8
siblings	: 1
core id		: 0
cpu cores	: 1
apicid		: 8
initial apicid	: 8
fpu		: yes
fpu_exception	: yes
cpuid level	: 13
wp		: yes
flags		: fpu vme de pse tsc msr pae mce cx8 apic sep mtrr pge mca cmov pat pse36 clflush dts mmx fxsr sse sse2 ss syscall nx rdtscp lm constant_tsc arch_perfmon pebs bts nopl xtopology tsc_reliable nonstop_tsc aperfmperf pni pclmulqdq ssse3 cx16 pcid sse4_1 sse4_2 x2apic popcnt tsc_deadline_timer aes xsave avx hypervisor lahf_lm ida arat pln pts dtherm tsc_adjust
bogomips	: 3600.00
clflush size	: 64
cache_alignment	: 64
address sizes	: 42 bits physical, 48 bits virtual
power management:

processor	: 5
vendor_id	: GenuineIntel
cpu family	: 6
model		: 45
model name	: Intel(R) Xeon(R) CPU E5-2650L 0 @ 1.80GHz
stepping	: 7
microcode	: 0x710
cpu MHz		: 1800.000
cache size	: 20480 KB
physical id	: 10
siblings	: 1
core id		: 0
cpu cores	: 1
apicid		: 10
initial apicid	: 10
fpu		: yes
fpu_exception	: yes
cpuid level	: 13
wp		: yes
flags		: fpu vme de pse tsc msr pae mce cx8 apic sep mtrr pge mca cmov pat pse36 clflush dts mmx fxsr sse sse2 ss syscall nx rdtscp lm constant_tsc arch_perfmon pebs bts nopl xtopology tsc_reliable nonstop_tsc aperfmperf pni pclmulqdq ssse3 cx16 pcid sse4_1 sse4_2 x2apic popcnt tsc_deadline_timer aes xsave avx hypervisor lahf_lm ida arat pln pts dtherm tsc_adjust
bogomips	: 3600.00
clflush size	: 64
cache_alignment	: 64
address sizes	: 42 bits physical, 48 bits virtual
power management:

processor	: 6
vendor_id	: GenuineIntel
cpu family	: 6
model		: 45
model name	: Intel(R) Xeon(R) CPU E5-2650L 0 @ 1.80GHz
stepping	: 7
microcode	: 0x710
cpu MHz		: 1800.000
cache size	: 20480 KB
physical id	: 12
siblings	: 1
core id		: 0
cpu cores	: 1
apicid		: 12
initial apicid	: 12
fpu		: yes
fpu_exception	: yes
cpuid level	: 13
wp		: yes
flags		: fpu vme de pse tsc msr pae mce cx8 apic sep mtrr pge mca cmov pat pse36 clflush dts mmx fxsr sse sse2 ss syscall nx rdtscp lm constant_tsc arch_perfmon pebs bts nopl xtopology tsc_reliable nonstop_tsc aperfmperf pni pclmulqdq ssse3 cx16 pcid sse4_1 sse4_2 x2apic popcnt tsc_deadline_timer aes xsave avx hypervisor lahf_lm ida arat pln pts dtherm tsc_adjust
bogomips	: 3600.00
clflush size	: 64
cache_alignment	: 64
address sizes	: 42 bits physical, 48 bits virtual
power management:

processor	: 7
vendor_id	: GenuineIntel
cpu family	: 6
model		: 45
model name	: Intel(R) Xeon(R) CPU E5-2650L 0 @ 1.80GHz
stepping	: 7
microcode	: 0x710
cpu MHz		: 1800.000
cache size	: 20480 KB
physical id	: 14
siblings	: 1
core id		: 0
cpu cores	: 1
apicid		: 14
initial apicid	: 14
fpu		: yes
fpu_exception	: yes
cpuid level	: 13
wp		: yes
flags		: fpu vme de pse tsc msr pae mce cx8 apic sep mtrr pge mca cmov pat pse36 clflush dts mmx fxsr sse sse2 ss syscall nx rdtscp lm constant_tsc arch_perfmon pebs bts nopl xtopology tsc_reliable nonstop_tsc aperfmperf pni pclmulqdq ssse3 cx16 pcid sse4_1 sse4_2 x2apic popcnt tsc_deadline_timer aes xsave avx hypervisor lahf_lm ida arat pln pts dtherm tsc_adjust
bogomips	: 3600.00
clflush size	: 64
cache_alignment	: 64
address sizes	: 42 bits physical, 48 bits virtual
power management:



Memory: 4k page, physical 33018848k(206408k free), swap 10484732k(0k free)

vm_info: OpenJDK 64-Bit Server VM (25.121-b13) for linux-amd64 JRE (1.8.0_121-8u121-b13-1~bpo8+1-b13), built on Jan 24 2017 09:37:46 by "pbuilder" with gcc 4.9.2

time: Wed Dec 13 10:18:13 2017
elapsed time: 84 seconds (0d 0h 1m 24s)

