#
# There is insufficient memory for the Java Runtime Environment to continue.
# Cannot create GC thread. Out of system resources.
# Possible reasons:
#   The system is out of physical RAM or swap space
#   In 32 bit mode, the process size limit was hit
# Possible solutions:
#   Reduce memory load on the system
#   Increase physical memory or swap space
#   Check if swap backing store is full
#   Use 64 bit Java on a 64 bit OS
#   Decrease Java heap size (-Xmx/-Xms)
#   Decrease number of Java threads
#   Decrease Java thread stack sizes (-Xss)
#   Set larger code cache with -XX:ReservedCodeCacheSize=
# This output file may be truncated or incomplete.
#
#  Out of Memory Error (gcTaskThread.cpp:48), pid=4724, tid=0x00007fb89c177700
#
# JRE version:  (8.0_121-b13) (build )
# Java VM: OpenJDK 64-Bit Server VM (25.121-b13 mixed mode linux-amd64 compressed oops)
# Core dump written. Default location: /root/workspace/sakaiproject/sakai/228806213/kernel/kernel-impl/core or core.4724
#

---------------  T H R E A D  ---------------

Current thread (0x00007fb89400a000):  JavaThread "Unknown thread" [_thread_in_vm, id=4735, stack(0x00007fb89c077000,0x00007fb89c178000)]

Stack: [0x00007fb89c077000,0x00007fb89c178000],  sp=0x00007fb89c1767f0,  free space=1021k
Native frames: (J=compiled Java code, j=interpreted, Vv=VM code, C=native code)
V  [libjvm.so+0xa9700d]
V  [libjvm.so+0x4ea26c]
V  [libjvm.so+0x5cd57f]
V  [libjvm.so+0x5cc717]
V  [libjvm.so+0x90992b]
V  [libjvm.so+0xa5ad19]
V  [libjvm.so+0xa5af32]
V  [libjvm.so+0x6372ef]
V  [libjvm.so+0xa3dc3a]
V  [libjvm.so+0x6ad815]  JNI_CreateJavaVM+0x65
C  [libjli.so+0x2f6e]
C  [libjli.so+0x74bd]
C  [libpthread.so.0+0x8064]  start_thread+0xc4


---------------  P R O C E S S  ---------------

Java Threads: ( => current thread )

Other Threads:

=>0x00007fb89400a000 (exited) JavaThread "Unknown thread" [_thread_in_vm, id=4735, stack(0x00007fb89c077000,0x00007fb89c178000)]

VM state:not at safepoint (not fully initialized)

VM Mutex/Monitor currently owned by a thread: None

GC Heap History (0 events):
No events

Deoptimization events (0 events):
No events

Internal exceptions (0 events):
No events

Events (0 events):
No events


Dynamic libraries:
00400000-00401000 r-xp 00000000 00:4f 90                                 /usr/lib/jvm/java-8-openjdk-amd64/jre/bin/java
00600000-00601000 r--p 00000000 00:4f 90                                 /usr/lib/jvm/java-8-openjdk-amd64/jre/bin/java
00601000-00602000 rw-p 00001000 00:4f 90                                 /usr/lib/jvm/java-8-openjdk-amd64/jre/bin/java
0118a000-011ab000 rw-p 00000000 00:00 0                                  [heap]
a0000000-a6800000 rw-p 00000000 00:00 0 
a6800000-e0000000 ---p 00000000 00:00 0 
e0000000-e4000000 rw-p 00000000 00:00 0 
e4000000-100000000 ---p 00000000 00:00 0 
7fb885000000-7fb885270000 rwxp 00000000 00:00 0 
7fb885270000-7fb894000000 ---p 00000000 00:00 0 
7fb894000000-7fb894036000 rw-p 00000000 00:00 0 
7fb894036000-7fb898000000 ---p 00000000 00:00 0 
7fb89806a000-7fb89806b000 ---p 00000000 00:00 0 
7fb89806b000-7fb89816b000 rw-p 00000000 00:00 0 
7fb89816b000-7fb89816c000 ---p 00000000 00:00 0 
7fb89816c000-7fb8982a0000 rw-p 00000000 00:00 0                          [stack:23886]
7fb8982a0000-7fb89846c000 ---p 00000000 00:00 0 
7fb89846c000-7fb8984a0000 rw-p 00000000 00:00 0 
7fb8984a0000-7fb89866c000 ---p 00000000 00:00 0 
7fb89866c000-7fb89868c000 rw-p 00000000 00:00 0 
7fb89868c000-7fb89876c000 ---p 00000000 00:00 0 
7fb89876c000-7fb898777000 rw-p 00000000 00:00 0 
7fb898777000-7fb898b2d000 ---p 00000000 00:00 0 
7fb898b2d000-7fb898b35000 r-xp 00000000 00:4f 117                        /usr/lib/jvm/java-8-openjdk-amd64/jre/lib/amd64/libzip.so
7fb898b35000-7fb898d34000 ---p 00008000 00:4f 117                        /usr/lib/jvm/java-8-openjdk-amd64/jre/lib/amd64/libzip.so
7fb898d34000-7fb898d35000 r--p 00007000 00:4f 117                        /usr/lib/jvm/java-8-openjdk-amd64/jre/lib/amd64/libzip.so
7fb898d35000-7fb898d36000 rw-p 00008000 00:4f 117                        /usr/lib/jvm/java-8-openjdk-amd64/jre/lib/amd64/libzip.so
7fb898d36000-7fb898d41000 r-xp 00000000 00:4f 82                         /lib/x86_64-linux-gnu/libnss_files-2.19.so
7fb898d41000-7fb898f40000 ---p 0000b000 00:4f 82                         /lib/x86_64-linux-gnu/libnss_files-2.19.so
7fb898f40000-7fb898f41000 r--p 0000a000 00:4f 82                         /lib/x86_64-linux-gnu/libnss_files-2.19.so
7fb898f41000-7fb898f42000 rw-p 0000b000 00:4f 82                         /lib/x86_64-linux-gnu/libnss_files-2.19.so
7fb898f42000-7fb898f4c000 r-xp 00000000 00:4f 80                         /lib/x86_64-linux-gnu/libnss_nis-2.19.so
7fb898f4c000-7fb89914b000 ---p 0000a000 00:4f 80                         /lib/x86_64-linux-gnu/libnss_nis-2.19.so
7fb89914b000-7fb89914c000 r--p 00009000 00:4f 80                         /lib/x86_64-linux-gnu/libnss_nis-2.19.so
7fb89914c000-7fb89914d000 rw-p 0000a000 00:4f 80                         /lib/x86_64-linux-gnu/libnss_nis-2.19.so
7fb89914d000-7fb899162000 r-xp 00000000 00:4f 78                         /lib/x86_64-linux-gnu/libnsl-2.19.so
7fb899162000-7fb899361000 ---p 00015000 00:4f 78                         /lib/x86_64-linux-gnu/libnsl-2.19.so
7fb899361000-7fb899362000 r--p 00014000 00:4f 78                         /lib/x86_64-linux-gnu/libnsl-2.19.so
7fb899362000-7fb899363000 rw-p 00015000 00:4f 78                         /lib/x86_64-linux-gnu/libnsl-2.19.so
7fb899363000-7fb899365000 rw-p 00000000 00:00 0 
7fb899365000-7fb89936c000 r-xp 00000000 00:4f 76                         /lib/x86_64-linux-gnu/libnss_compat-2.19.so
7fb89936c000-7fb89956b000 ---p 00007000 00:4f 76                         /lib/x86_64-linux-gnu/libnss_compat-2.19.so
7fb89956b000-7fb89956c000 r--p 00006000 00:4f 76                         /lib/x86_64-linux-gnu/libnss_compat-2.19.so
7fb89956c000-7fb89956d000 rw-p 00007000 00:4f 76                         /lib/x86_64-linux-gnu/libnss_compat-2.19.so
7fb89956d000-7fb89959b000 r-xp 00000000 00:4f 99                         /usr/lib/jvm/java-8-openjdk-amd64/jre/lib/amd64/libjava.so
7fb89959b000-7fb89979a000 ---p 0002e000 00:4f 99                         /usr/lib/jvm/java-8-openjdk-amd64/jre/lib/amd64/libjava.so
7fb89979a000-7fb89979b000 r--p 0002d000 00:4f 99                         /usr/lib/jvm/java-8-openjdk-amd64/jre/lib/amd64/libjava.so
7fb89979b000-7fb89979d000 rw-p 0002e000 00:4f 99                         /usr/lib/jvm/java-8-openjdk-amd64/jre/lib/amd64/libjava.so
7fb89979d000-7fb8997ac000 r-xp 00000000 00:4f 112                        /usr/lib/jvm/java-8-openjdk-amd64/jre/lib/amd64/libverify.so
7fb8997ac000-7fb8999ac000 ---p 0000f000 00:4f 112                        /usr/lib/jvm/java-8-openjdk-amd64/jre/lib/amd64/libverify.so
7fb8999ac000-7fb8999af000 r--p 0000f000 00:4f 112                        /usr/lib/jvm/java-8-openjdk-amd64/jre/lib/amd64/libverify.so
7fb8999af000-7fb8999b0000 rw-p 00012000 00:4f 112                        /usr/lib/jvm/java-8-openjdk-amd64/jre/lib/amd64/libverify.so
7fb8999b0000-7fb8999b7000 r-xp 00000000 00:4f 111                        /lib/x86_64-linux-gnu/librt-2.19.so
7fb8999b7000-7fb899bb6000 ---p 00007000 00:4f 111                        /lib/x86_64-linux-gnu/librt-2.19.so
7fb899bb6000-7fb899bb7000 r--p 00006000 00:4f 111                        /lib/x86_64-linux-gnu/librt-2.19.so
7fb899bb7000-7fb899bb8000 rw-p 00007000 00:4f 111                        /lib/x86_64-linux-gnu/librt-2.19.so
7fb899bb8000-7fb899bce000 r-xp 00000000 00:4f 109                        /lib/x86_64-linux-gnu/libgcc_s.so.1
7fb899bce000-7fb899dcd000 ---p 00016000 00:4f 109                        /lib/x86_64-linux-gnu/libgcc_s.so.1
7fb899dcd000-7fb899dce000 rw-p 00015000 00:4f 109                        /lib/x86_64-linux-gnu/libgcc_s.so.1
7fb899dce000-7fb899ece000 r-xp 00000000 00:4f 108                        /lib/x86_64-linux-gnu/libm-2.19.so
7fb899ece000-7fb89a0cd000 ---p 00100000 00:4f 108                        /lib/x86_64-linux-gnu/libm-2.19.so
7fb89a0cd000-7fb89a0ce000 r--p 000ff000 00:4f 108                        /lib/x86_64-linux-gnu/libm-2.19.so
7fb89a0ce000-7fb89a0cf000 rw-p 00100000 00:4f 108                        /lib/x86_64-linux-gnu/libm-2.19.so
7fb89a0cf000-7fb89a1bb000 r-xp 00000000 00:4f 106                        /usr/lib/x86_64-linux-gnu/libstdc++.so.6.0.20
7fb89a1bb000-7fb89a3bb000 ---p 000ec000 00:4f 106                        /usr/lib/x86_64-linux-gnu/libstdc++.so.6.0.20
7fb89a3bb000-7fb89a3c3000 r--p 000ec000 00:4f 106                        /usr/lib/x86_64-linux-gnu/libstdc++.so.6.0.20
7fb89a3c3000-7fb89a3c5000 rw-p 000f4000 00:4f 106                        /usr/lib/x86_64-linux-gnu/libstdc++.so.6.0.20
7fb89a3c5000-7fb89a3da000 rw-p 00000000 00:00 0 
7fb89a3da000-7fb89b072000 r-xp 00000000 00:4f 104                        /usr/lib/jvm/java-8-openjdk-amd64/jre/lib/amd64/server/libjvm.so
7fb89b072000-7fb89b272000 ---p 00c98000 00:4f 104                        /usr/lib/jvm/java-8-openjdk-amd64/jre/lib/amd64/server/libjvm.so
7fb89b272000-7fb89b315000 r--p 00c98000 00:4f 104                        /usr/lib/jvm/java-8-openjdk-amd64/jre/lib/amd64/server/libjvm.so
7fb89b315000-7fb89b33e000 rw-p 00d3b000 00:4f 104                        /usr/lib/jvm/java-8-openjdk-amd64/jre/lib/amd64/server/libjvm.so
7fb89b33e000-7fb89b36f000 rw-p 00000000 00:00 0 
7fb89b36f000-7fb89b510000 r-xp 00000000 00:4f 34                         /lib/x86_64-linux-gnu/libc-2.19.so
7fb89b510000-7fb89b710000 ---p 001a1000 00:4f 34                         /lib/x86_64-linux-gnu/libc-2.19.so
7fb89b710000-7fb89b714000 r--p 001a1000 00:4f 34                         /lib/x86_64-linux-gnu/libc-2.19.so
7fb89b714000-7fb89b716000 rw-p 001a5000 00:4f 34                         /lib/x86_64-linux-gnu/libc-2.19.so
7fb89b716000-7fb89b71a000 rw-p 00000000 00:00 0 
7fb89b71a000-7fb89b71d000 r-xp 00000000 00:4f 71                         /lib/x86_64-linux-gnu/libdl-2.19.so
7fb89b71d000-7fb89b91c000 ---p 00003000 00:4f 71                         /lib/x86_64-linux-gnu/libdl-2.19.so
7fb89b91c000-7fb89b91d000 r--p 00002000 00:4f 71                         /lib/x86_64-linux-gnu/libdl-2.19.so
7fb89b91d000-7fb89b91e000 rw-p 00003000 00:4f 71                         /lib/x86_64-linux-gnu/libdl-2.19.so
7fb89b91e000-7fb89b92c000 r-xp 00000000 00:4f 98                         /usr/lib/jvm/java-8-openjdk-amd64/jre/lib/amd64/jli/libjli.so
7fb89b92c000-7fb89bb2b000 ---p 0000e000 00:4f 98                         /usr/lib/jvm/java-8-openjdk-amd64/jre/lib/amd64/jli/libjli.so
7fb89bb2b000-7fb89bb2c000 r--p 0000d000 00:4f 98                         /usr/lib/jvm/java-8-openjdk-amd64/jre/lib/amd64/jli/libjli.so
7fb89bb2c000-7fb89bb2d000 rw-p 0000e000 00:4f 98                         /usr/lib/jvm/java-8-openjdk-amd64/jre/lib/amd64/jli/libjli.so
7fb89bb2d000-7fb89bb47000 r-xp 00000000 00:4f 97                         /lib/x86_64-linux-gnu/libz.so.1.2.8
7fb89bb47000-7fb89bd46000 ---p 0001a000 00:4f 97                         /lib/x86_64-linux-gnu/libz.so.1.2.8
7fb89bd46000-7fb89bd47000 r--p 00019000 00:4f 97                         /lib/x86_64-linux-gnu/libz.so.1.2.8
7fb89bd47000-7fb89bd48000 rw-p 0001a000 00:4f 97                         /lib/x86_64-linux-gnu/libz.so.1.2.8
7fb89bd48000-7fb89bd60000 r-xp 00000000 00:4f 95                         /lib/x86_64-linux-gnu/libpthread-2.19.so
7fb89bd60000-7fb89bf5f000 ---p 00018000 00:4f 95                         /lib/x86_64-linux-gnu/libpthread-2.19.so
7fb89bf5f000-7fb89bf60000 r--p 00017000 00:4f 95                         /lib/x86_64-linux-gnu/libpthread-2.19.so
7fb89bf60000-7fb89bf61000 rw-p 00018000 00:4f 95                         /lib/x86_64-linux-gnu/libpthread-2.19.so
7fb89bf61000-7fb89bf65000 rw-p 00000000 00:00 0 
7fb89bf65000-7fb89bf85000 r-xp 00000000 00:4f 31                         /lib/x86_64-linux-gnu/ld-2.19.so
7fb89c06f000-7fb89c077000 rw-s 00000000 00:4f 252350                     /tmp/hsperfdata_root/4724
7fb89c077000-7fb89c07a000 ---p 00000000 00:00 0 
7fb89c07a000-7fb89c17d000 rw-p 00000000 00:00 0                          [stack:28196]
7fb89c17e000-7fb89c182000 rw-p 00000000 00:00 0 
7fb89c182000-7fb89c183000 r--p 00000000 00:00 0 
7fb89c183000-7fb89c185000 rw-p 00000000 00:00 0 
7fb89c185000-7fb89c186000 r--p 00020000 00:4f 31                         /lib/x86_64-linux-gnu/ld-2.19.so
7fb89c186000-7fb89c187000 rw-p 00021000 00:4f 31                         /lib/x86_64-linux-gnu/ld-2.19.so
7fb89c187000-7fb89c188000 rw-p 00000000 00:00 0 
7ffce735a000-7ffce737b000 rw-p 00000000 00:00 0                          [stack]
7ffce737e000-7ffce7380000 r-xp 00000000 00:00 0                          [vdso]
7ffce7380000-7ffce7382000 r--p 00000000 00:00 0                          [vvar]
ffffffffff600000-ffffffffff601000 r-xp 00000000 00:00 0                  [vsyscall]

VM Arguments:
jvm_args: -Xms168m -Xmx1536m -XX:NewSize=64m -Djava.awt.headless=true -Dclassworlds.conf=/usr/share/maven/bin/m2.conf -Dmaven.home=/usr/share/maven -Dmaven.multiModuleProjectDirectory=/root/workspace/sakaiproject/sakai/228806213 
java_command: org.codehaus.plexus.classworlds.launcher.Launcher -B -D rat.skip=true -D mdep.outputFile=classpath.info -D cobertura.skip=true -D maven.repo.local=/root/./workspace/sakaiproject/sakai/228806213/.m2 -D license.skip=true -D skipITs=true -D checkstyle.skip=true -D enforcer.skip=true dependency:build-classpath
java_class_path (initial): /usr/share/maven/boot/plexus-classworlds-2.5.2.jar
Launcher Type: SUN_STANDARD

Environment Variables:
JAVA_HOME=/usr/lib/jvm/java-8-openjdk-amd64
PATH=/usr/local/sbin:/usr/local/bin:/usr/sbin:/usr/bin:/sbin:/bin

Signal Handlers:
SIGSEGV: [libjvm.so+0xa97af0], sa_mask[0]=11111111011111111101111111111110, sa_flags=SA_RESTART|SA_SIGINFO
SIGBUS: [libjvm.so+0xa97af0], sa_mask[0]=11111111011111111101111111111110, sa_flags=SA_RESTART|SA_SIGINFO
SIGFPE: [libjvm.so+0x8de430], sa_mask[0]=11111111011111111101111111111110, sa_flags=SA_RESTART|SA_SIGINFO
SIGPIPE: [libjvm.so+0x8de430], sa_mask[0]=11111111011111111101111111111110, sa_flags=SA_RESTART|SA_SIGINFO
SIGXFSZ: [libjvm.so+0x8de430], sa_mask[0]=11111111011111111101111111111110, sa_flags=SA_RESTART|SA_SIGINFO
SIGILL: [libjvm.so+0x8de430], sa_mask[0]=11111111011111111101111111111110, sa_flags=SA_RESTART|SA_SIGINFO
SIGUSR1: SIG_DFL, sa_mask[0]=00000000000000000000000000000000, sa_flags=none
SIGUSR2: [libjvm.so+0x8de2e0], sa_mask[0]=00100000000000000000000000000000, sa_flags=SA_RESTART|SA_SIGINFO
SIGHUP: SIG_DFL, sa_mask[0]=00000000000000000000000000000000, sa_flags=none
SIGINT: SIG_DFL, sa_mask[0]=00000000000000000000000000000000, sa_flags=none
SIGTERM: SIG_DFL, sa_mask[0]=00000000000000000000000000000000, sa_flags=none
SIGQUIT: SIG_DFL, sa_mask[0]=00000000000000000000000000000000, sa_flags=none


---------------  S Y S T E M  ---------------

OS:PRETTY_NAME="Debian GNU/Linux 8 (jessie)"
NAME="Debian GNU/Linux"
VERSION_ID="8"
VERSION="8 (jessie)"
ID=debian
HOME_URL="http://www.debian.org/"
SUPPORT_URL="http://www.debian.org/support"
BUG_REPORT_URL="https://bugs.debian.org/"

uname:Linux 3.16.0-4-amd64 #1 SMP Debian 3.16.39-1+deb8u1 (2017-02-22) x86_64
libc:glibc 2.19 NPTL 2.19 
rlimit: STACK 8192k, CORE infinity, NPROC infinity, NOFILE 1048576, AS infinity
load average:2.43 2.96 3.22

/proc/meminfo:
MemTotal:       16451504 kB
MemFree:          281436 kB
MemAvailable:    3484852 kB
Buffers:          283904 kB
Cached:          2294692 kB
SwapCached:        40192 kB
Active:         11506640 kB
Inactive:        2500424 kB
Active(anon):   10181496 kB
Inactive(anon):  1290636 kB
Active(file):    1325144 kB
Inactive(file):  1209788 kB
Unevictable:           0 kB
Mlocked:               0 kB
SwapTotal:       3905532 kB
SwapFree:        2551452 kB
Dirty:               320 kB
Writeback:             0 kB
AnonPages:      11418128 kB
Mapped:            86972 kB
Shmem:             43568 kB
Slab:            1460092 kB
SReclaimable:     921888 kB
SUnreclaim:       538204 kB
KernelStack:      520656 kB
PageTables:       103476 kB
NFS_Unstable:          0 kB
Bounce:                0 kB
WritebackTmp:          0 kB
CommitLimit:    12131284 kB
Committed_AS:   51764496 kB
VmallocTotal:   34359738367 kB
VmallocUsed:      163248 kB
VmallocChunk:   34359566248 kB
HardwareCorrupted:     0 kB
AnonHugePages:         0 kB
HugePages_Total:       0
HugePages_Free:        0
HugePages_Rsvd:        0
HugePages_Surp:        0
Hugepagesize:       2048 kB
DirectMap4k:      124564 kB
DirectMap2M:    16635904 kB


CPU:total 4 (4 cores per cpu, 2 threads per core) family 6 model 26 stepping 5, cmov, cx8, fxsr, mmx, sse, sse2, sse3, ssse3, sse4.1, sse4.2, popcnt, ht, tsc, tscinvbit, tscinv

/proc/cpuinfo:
processor	: 0
vendor_id	: GenuineIntel
cpu family	: 6
model		: 26
model name	: Intel(R) Xeon(R) CPU           W3520  @ 2.67GHz
stepping	: 5
microcode	: 0x11
cpu MHz		: 2661.000
cache size	: 8192 KB
physical id	: 0
siblings	: 4
core id		: 0
cpu cores	: 4
apicid		: 0
initial apicid	: 0
fpu		: yes
fpu_exception	: yes
cpuid level	: 11
wp		: yes
flags		: fpu vme de pse tsc msr pae mce cx8 apic sep mtrr pge mca cmov pat pse36 clflush dts acpi mmx fxsr sse sse2 ss ht tm pbe syscall nx rdtscp lm constant_tsc arch_perfmon pebs bts rep_good nopl xtopology nonstop_tsc aperfmperf pni dtes64 monitor ds_cpl vmx est tm2 ssse3 cx16 xtpr pdcm dca sse4_1 sse4_2 popcnt lahf_lm ida dtherm tpr_shadow vnmi flexpriority ept vpid
bogomips	: 5333.46
clflush size	: 64
cache_alignment	: 64
address sizes	: 36 bits physical, 48 bits virtual
power management:

processor	: 1
vendor_id	: GenuineIntel
cpu family	: 6
model		: 26
model name	: Intel(R) Xeon(R) CPU           W3520  @ 2.67GHz
stepping	: 5
microcode	: 0x11
cpu MHz		: 1596.000
cache size	: 8192 KB
physical id	: 0
siblings	: 4
core id		: 1
cpu cores	: 4
apicid		: 2
initial apicid	: 2
fpu		: yes
fpu_exception	: yes
cpuid level	: 11
wp		: yes
flags		: fpu vme de pse tsc msr pae mce cx8 apic sep mtrr pge mca cmov pat pse36 clflush dts acpi mmx fxsr sse sse2 ss ht tm pbe syscall nx rdtscp lm constant_tsc arch_perfmon pebs bts rep_good nopl xtopology nonstop_tsc aperfmperf pni dtes64 monitor ds_cpl vmx est tm2 ssse3 cx16 xtpr pdcm dca sse4_1 sse4_2 popcnt lahf_lm ida dtherm tpr_shadow vnmi flexpriority ept vpid
bogomips	: 5333.46
clflush size	: 64
cache_alignment	: 64
address sizes	: 36 bits physical, 48 bits virtual
power management:

processor	: 2
vendor_id	: GenuineIntel
cpu family	: 6
model		: 26
model name	: Intel(R) Xeon(R) CPU           W3520  @ 2.67GHz
stepping	: 5
microcode	: 0x11
cpu MHz		: 2661.000
cache size	: 8192 KB
physical id	: 0
siblings	: 4
core id		: 2
cpu cores	: 4
apicid		: 4
initial apicid	: 4
fpu		: yes
fpu_exception	: yes
cpuid level	: 11
wp		: yes
flags		: fpu vme de pse tsc msr pae mce cx8 apic sep mtrr pge mca cmov pat pse36 clflush dts acpi mmx fxsr sse sse2 ss ht tm pbe syscall nx rdtscp lm constant_tsc arch_perfmon pebs bts rep_good nopl xtopology nonstop_tsc aperfmperf pni dtes64 monitor ds_cpl vmx est tm2 ssse3 cx16 xtpr pdcm dca sse4_1 sse4_2 popcnt lahf_lm ida dtherm tpr_shadow vnmi flexpriority ept vpid
bogomips	: 5333.46
clflush size	: 64
cache_alignment	: 64
address sizes	: 36 bits physical, 48 bits virtual
power management:

processor	: 3
vendor_id	: GenuineIntel
cpu family	: 6
model		: 26
model name	: Intel(R) Xeon(R) CPU           W3520  @ 2.67GHz
stepping	: 5
microcode	: 0x11
cpu MHz		: 1596.000
cache size	: 8192 KB
physical id	: 0
siblings	: 4
core id		: 3
cpu cores	: 4
apicid		: 6
initial apicid	: 6
fpu		: yes
fpu_exception	: yes
cpuid level	: 11
wp		: yes
flags		: fpu vme de pse tsc msr pae mce cx8 apic sep mtrr pge mca cmov pat pse36 clflush dts acpi mmx fxsr sse sse2 ss ht tm pbe syscall nx rdtscp lm constant_tsc arch_perfmon pebs bts rep_good nopl xtopology nonstop_tsc aperfmperf pni dtes64 monitor ds_cpl vmx est tm2 ssse3 cx16 xtpr pdcm dca sse4_1 sse4_2 popcnt lahf_lm ida dtherm tpr_shadow vnmi flexpriority ept vpid
bogomips	: 5333.46
clflush size	: 64
cache_alignment	: 64
address sizes	: 36 bits physical, 48 bits virtual
power management:



Memory: 4k page, physical 16451504k(281436k free), swap 3905532k(2551452k free)

vm_info: OpenJDK 64-Bit Server VM (25.121-b13) for linux-amd64 JRE (1.8.0_121-8u121-b13-1~bpo8+1-b13), built on Jan 24 2017 09:37:46 by "pbuilder" with gcc 4.9.2

time: Thu May  4 20:11:16 2017
elapsed time: 0 seconds (0d 0h 0m 0s)

