-1.7
-deprecation
-encoding
UTF-8
-source
1.7
-target
1.7
-classpath
/root/./workspace/box/mojito/386402413/.m2/org/springframework/boot/spring-boot-starter/1.3.5.RELEASE/spring-boot-starter-1.3.5.RELEASE.jar:/root/workspace/box/mojito/386402413/webapp/target/mojito-webapp-0.84-SNAPSHOT.jar:/root/workspace/box/mojito/386402413/restclient/target/mojito-restclient-0.84-SNAPSHOT.jar:/root/workspace/box/mojito/386402413/test-common/target/mojito-test-common-0.84-SNAPSHOT.jar:/root/./workspace/box/mojito/386402413/.m2/com/beust/jcommander/1.48/jcommander-1.48.jar:/root/./workspace/box/mojito/386402413/.m2/org/fusesource/jansi/jansi/1.12/jansi-1.12.jar:/root/./workspace/box/mojito/386402413/.m2/commons-io/commons-io/2.5/commons-io-2.5.jar:/root/./workspace/box/mojito/386402413/.m2/org/springframework/spring-aspects/4.2.6.RELEASE/spring-aspects-4.2.6.RELEASE.jar:/root/./workspace/box/mojito/386402413/.m2/org/springframework/spring-tx/4.2.6.RELEASE/spring-tx-4.2.6.RELEASE.jar:/root/./workspace/box/mojito/386402413/.m2/org/springframework/boot/spring-boot-starter-logging/1.3.5.RELEASE/spring-boot-starter-logging-1.3.5.RELEASE.jar:/root/./workspace/box/mojito/386402413/.m2/com/google/guava/guava/19.0/guava-19.0.jar:/root/./workspace/box/mojito/386402413/.m2/org/springframework/boot/spring-boot-starter-test/1.3.5.RELEASE/spring-boot-starter-test-1.3.5.RELEASE.jar:/root/./workspace/box/mojito/386402413/.m2/org/springframework/boot/spring-boot/1.3.5.RELEASE/spring-boot-1.3.5.RELEASE.jar:/root/./workspace/box/mojito/386402413/.m2/org/springframework/spring-context/4.2.6.RELEASE/spring-context-4.2.6.RELEASE.jar:/root/./workspace/box/mojito/386402413/.m2/org/springframework/spring-expression/4.2.6.RELEASE/spring-expression-4.2.6.RELEASE.jar:/root/./workspace/box/mojito/386402413/.m2/org/springframework/boot/spring-boot-autoconfigure/1.3.5.RELEASE/spring-boot-autoconfigure-1.3.5.RELEASE.jar:/root/./workspace/box/mojito/386402413/.m2/org/springframework/spring-core/4.2.6.RELEASE/spring-core-4.2.6.RELEASE.jar:/root/./workspace/box/mojito/386402413/.m2/com/fasterxml/jackson/core/jackson-databind/2.6.6/jackson-databind-2.6.6.jar:/root/./workspace/box/mojito/386402413/.m2/org/springframework/spring-web/4.2.6.RELEASE/spring-web-4.2.6.RELEASE.jar:/root/./workspace/box/mojito/386402413/.m2/org/springframework/spring-webmvc/4.2.6.RELEASE/spring-webmvc-4.2.6.RELEASE.jar:/root/./workspace/box/mojito/386402413/.m2/org/springframework/spring-aop/4.2.6.RELEASE/spring-aop-4.2.6.RELEASE.jar:/root/./workspace/box/mojito/386402413/.m2/aopalliance/aopalliance/1.0/aopalliance-1.0.jar:/root/./workspace/box/mojito/386402413/.m2/org/springframework/boot/spring-boot-starter-security/1.3.5.RELEASE/spring-boot-starter-security-1.3.5.RELEASE.jar:/root/./workspace/box/mojito/386402413/.m2/org/springframework/security/spring-security-config/4.0.4.RELEASE/spring-security-config-4.0.4.RELEASE.jar:/root/./workspace/box/mojito/386402413/.m2/org/springframework/security/spring-security-web/4.0.4.RELEASE/spring-security-web-4.0.4.RELEASE.jar:/root/./workspace/box/mojito/386402413/.m2/com/fasterxml/jackson/core/jackson-annotations/2.6.6/jackson-annotations-2.6.6.jar:/root/./workspace/box/mojito/386402413/.m2/org/slf4j/slf4j-api/1.7.21/slf4j-api-1.7.21.jar:/root/./workspace/box/mojito/386402413/.m2/org/springframework/hateoas/spring-hateoas/0.19.0.RELEASE/spring-hateoas-0.19.0.RELEASE.jar:/root/./workspace/box/mojito/386402413/.m2/org/springframework/security/spring-security-core/4.0.4.RELEASE/spring-security-core-4.0.4.RELEASE.jar:/root/./workspace/box/mojito/386402413/.m2/org/jboss/logging/jboss-logging/3.3.0.Final/jboss-logging-3.3.0.Final.jar:/root/./workspace/box/mojito/386402413/.m2/joda-time/joda-time/2.8.2/joda-time-2.8.2.jar:/root/./workspace/box/mojito/386402413/.m2/com/fasterxml/jackson/datatype/jackson-datatype-joda/2.6.6/jackson-datatype-joda-2.6.6.jar:/root/./workspace/box/mojito/386402413/.m2/com/fasterxml/jackson/core/jackson-core/2.6.6/jackson-core-2.6.6.jar:/root/./workspace/box/mojito/386402413/.m2/commons-codec/commons-codec/1.10/commons-codec-1.10.jar:/root/./workspace/box/mojito/386402413/.m2/commons-lang/commons-lang/2.6/commons-lang-2.6.jar:/root/./workspace/box/mojito/386402413/.m2/org/apache/httpcomponents/httpclient/4.5.2/httpclient-4.5.2.jar:/root/./workspace/box/mojito/386402413/.m2/org/apache/httpcomponents/httpcore/4.4.4/httpcore-4.4.4.jar:/root/./workspace/box/mojito/386402413/.m2/org/hibernate/hibernate-validator/5.2.4.Final/hibernate-validator-5.2.4.Final.jar:/root/./workspace/box/mojito/386402413/.m2/javax/validation/validation-api/1.1.0.Final/validation-api-1.1.0.Final.jar:/root/./workspace/box/mojito/386402413/.m2/com/fasterxml/classmate/1.1.0/classmate-1.1.0.jar:/root/./workspace/box/mojito/386402413/.m2/org/aspectj/aspectjweaver/1.8.9/aspectjweaver-1.8.9.jar:/root/./workspace/box/mojito/386402413/.m2/org/springframework/spring-beans/4.2.6.RELEASE/spring-beans-4.2.6.RELEASE.jar:/root/./workspace/box/mojito/386402413/.m2/ch/qos/logback/logback-classic/1.1.7/logback-classic-1.1.7.jar:/root/./workspace/box/mojito/386402413/.m2/ch/qos/logback/logback-core/1.1.7/logback-core-1.1.7.jar:/root/./workspace/box/mojito/386402413/.m2/org/slf4j/jcl-over-slf4j/1.7.21/jcl-over-slf4j-1.7.21.jar:/root/./workspace/box/mojito/386402413/.m2/org/slf4j/jul-to-slf4j/1.7.21/jul-to-slf4j-1.7.21.jar:/root/./workspace/box/mojito/386402413/.m2/org/slf4j/log4j-over-slf4j/1.7.21/log4j-over-slf4j-1.7.21.jar:/root/workspace/box/mojito/386402413/cli/target/classes
-aspectpath
/root/./workspace/box/mojito/386402413/.m2/org/springframework/spring-aspects/4.2.6.RELEASE/spring-aspects-4.2.6.RELEASE.jar
-d
/root/workspace/box/mojito/386402413/cli/target/classes
/root/workspace/box/mojito/386402413/cli/src/main/java/com/box/l10n/mojito/cli/filefinder/file/XtbFileType.java
/root/workspace/box/mojito/386402413/cli/src/main/java/com/box/l10n/mojito/cli/filefinder/file/FileTypes.java
/root/workspace/box/mojito/386402413/cli/src/main/java/com/box/l10n/mojito/cli/filefinder/file/PropertiesNoBasenameFileType.java
/root/workspace/box/mojito/386402413/cli/src/main/java/com/box/l10n/mojito/cli/filefinder/file/MacStringsFileType.java
/root/workspace/box/mojito/386402413/cli/src/main/java/com/box/l10n/mojito/cli/filefinder/file/POFileType.java
/root/workspace/box/mojito/386402413/cli/src/main/java/com/box/l10n/mojito/cli/filefinder/file/ResxFileType.java
/root/workspace/box/mojito/386402413/cli/src/main/java/com/box/l10n/mojito/cli/filefinder/file/AndroidStringsFileType.java
/root/workspace/box/mojito/386402413/cli/src/main/java/com/box/l10n/mojito/cli/filefinder/file/LocaleInNameFileType.java
/root/workspace/box/mojito/386402413/cli/src/main/java/com/box/l10n/mojito/cli/filefinder/file/FileType.java
/root/workspace/box/mojito/386402413/cli/src/main/java/com/box/l10n/mojito/cli/filefinder/file/CSVFileType.java
/root/workspace/box/mojito/386402413/cli/src/main/java/com/box/l10n/mojito/cli/filefinder/file/XliffFileType.java
/root/workspace/box/mojito/386402413/cli/src/main/java/com/box/l10n/mojito/cli/filefinder/file/LocaleAsFileNameType.java
/root/workspace/box/mojito/386402413/cli/src/main/java/com/box/l10n/mojito/cli/filefinder/file/PropertiesJavaFileType.java
/root/workspace/box/mojito/386402413/cli/src/main/java/com/box/l10n/mojito/cli/filefinder/file/XcodeXliffFileType.java
/root/workspace/box/mojito/386402413/cli/src/main/java/com/box/l10n/mojito/cli/filefinder/file/PropertiesFileType.java
/root/workspace/box/mojito/386402413/cli/src/main/java/com/box/l10n/mojito/cli/filefinder/file/ReswFileType.java
/root/workspace/box/mojito/386402413/cli/src/main/java/com/box/l10n/mojito/cli/filefinder/locale/LocaleType.java
/root/workspace/box/mojito/386402413/cli/src/main/java/com/box/l10n/mojito/cli/filefinder/locale/AndroidLocaleType.java
/root/workspace/box/mojito/386402413/cli/src/main/java/com/box/l10n/mojito/cli/filefinder/locale/AnyLocaleTargetNotSourceType.java
/root/workspace/box/mojito/386402413/cli/src/main/java/com/box/l10n/mojito/cli/filefinder/locale/AnyLocaleType.java
/root/workspace/box/mojito/386402413/cli/src/main/java/com/box/l10n/mojito/cli/filefinder/locale/Bcp47LocaleType.java
/root/workspace/box/mojito/386402413/cli/src/main/java/com/box/l10n/mojito/cli/filefinder/locale/PropertiesJavaLocaleType.java
/root/workspace/box/mojito/386402413/cli/src/main/java/com/box/l10n/mojito/cli/filefinder/locale/POLocaleType.java
/root/workspace/box/mojito/386402413/cli/src/main/java/com/box/l10n/mojito/cli/filefinder/FileMatch.java
/root/workspace/box/mojito/386402413/cli/src/main/java/com/box/l10n/mojito/cli/filefinder/TargetFileVisitor.java
/root/workspace/box/mojito/386402413/cli/src/main/java/com/box/l10n/mojito/cli/filefinder/FileFinderResult.java
/root/workspace/box/mojito/386402413/cli/src/main/java/com/box/l10n/mojito/cli/filefinder/SourceFileVisitor.java
/root/workspace/box/mojito/386402413/cli/src/main/java/com/box/l10n/mojito/cli/filefinder/FileFinder.java
/root/workspace/box/mojito/386402413/cli/src/main/java/com/box/l10n/mojito/cli/filefinder/FileFinderException.java
/root/workspace/box/mojito/386402413/cli/src/main/java/com/box/l10n/mojito/cli/filefinder/FilePattern.java
/root/workspace/box/mojito/386402413/cli/src/main/java/com/box/l10n/mojito/cli/command/VirtualAssetCreateCommand.java
/root/workspace/box/mojito/386402413/cli/src/main/java/com/box/l10n/mojito/cli/command/CommandException.java
/root/workspace/box/mojito/386402413/cli/src/main/java/com/box/l10n/mojito/cli/command/FileTypeConverter.java
/root/workspace/box/mojito/386402413/cli/src/main/java/com/box/l10n/mojito/cli/command/LocaleHelper.java
/root/workspace/box/mojito/386402413/cli/src/main/java/com/box/l10n/mojito/cli/command/TMExportCommand.java
/root/workspace/box/mojito/386402413/cli/src/main/java/com/box/l10n/mojito/cli/command/L10nJCommander.java
/root/workspace/box/mojito/386402413/cli/src/main/java/com/box/l10n/mojito/cli/command/ImportLocalizedAssetBodyStatusForEqualTarget.java
/root/workspace/box/mojito/386402413/cli/src/main/java/com/box/l10n/mojito/cli/command/PullCommand.java
/root/workspace/box/mojito/386402413/cli/src/main/java/com/box/l10n/mojito/cli/command/CommandHelper.java
/root/workspace/box/mojito/386402413/cli/src/main/java/com/box/l10n/mojito/cli/command/UserCreateCommand.java
/root/workspace/box/mojito/386402413/cli/src/main/java/com/box/l10n/mojito/cli/command/CopyTmConfigMode.java
/root/workspace/box/mojito/386402413/cli/src/main/java/com/box/l10n/mojito/cli/command/RepoDeleteCommand.java
/root/workspace/box/mojito/386402413/cli/src/main/java/com/box/l10n/mojito/cli/command/ExportDropConfigType.java
/root/workspace/box/mojito/386402413/cli/src/main/java/com/box/l10n/mojito/cli/command/Command.java
/root/workspace/box/mojito/386402413/cli/src/main/java/com/box/l10n/mojito/cli/command/DropXliffImportCommand.java
/root/workspace/box/mojito/386402413/cli/src/main/java/com/box/l10n/mojito/cli/command/ScreenshotCommand.java
/root/workspace/box/mojito/386402413/cli/src/main/java/com/box/l10n/mojito/cli/command/RepoCommand.java
/root/workspace/box/mojito/386402413/cli/src/main/java/com/box/l10n/mojito/cli/command/UserDeleteCommand.java
/root/workspace/box/mojito/386402413/cli/src/main/java/com/box/l10n/mojito/cli/command/CommandWaitForPollableTaskListener.java
/root/workspace/box/mojito/386402413/cli/src/main/java/com/box/l10n/mojito/cli/command/DemoCreateCommand.java
/root/workspace/box/mojito/386402413/cli/src/main/java/com/box/l10n/mojito/cli/command/LocalizedAssetBodyStatus.java
/root/workspace/box/mojito/386402413/cli/src/main/java/com/box/l10n/mojito/cli/command/PseudoLocCommand.java
/root/workspace/box/mojito/386402413/cli/src/main/java/com/box/l10n/mojito/cli/command/ImportLocalizedAssetCommand.java
/root/workspace/box/mojito/386402413/cli/src/main/java/com/box/l10n/mojito/cli/command/LocalizedAssetBodyInheritanceMode.java
/root/workspace/box/mojito/386402413/cli/src/main/java/com/box/l10n/mojito/cli/command/MainCommand.java
/root/workspace/box/mojito/386402413/cli/src/main/java/com/box/l10n/mojito/cli/command/param/Param.java
/root/workspace/box/mojito/386402413/cli/src/main/java/com/box/l10n/mojito/cli/command/RepoUpdateCommand.java
/root/workspace/box/mojito/386402413/cli/src/main/java/com/box/l10n/mojito/cli/command/PushCommand.java
/root/workspace/box/mojito/386402413/cli/src/main/java/com/box/l10n/mojito/cli/command/DropImportCommand.java
/root/workspace/box/mojito/386402413/cli/src/main/java/com/box/l10n/mojito/cli/command/RepoCreateCommand.java
/root/workspace/box/mojito/386402413/cli/src/main/java/com/box/l10n/mojito/cli/command/UserUpdateCommand.java
/root/workspace/box/mojito/386402413/cli/src/main/java/com/box/l10n/mojito/cli/command/RepoViewCommand.java
/root/workspace/box/mojito/386402413/cli/src/main/java/com/box/l10n/mojito/cli/command/ImportDropConfigStatus.java
/root/workspace/box/mojito/386402413/cli/src/main/java/com/box/l10n/mojito/cli/command/CommandDirectories.java
/root/workspace/box/mojito/386402413/cli/src/main/java/com/box/l10n/mojito/cli/command/LeveragingCommand.java
/root/workspace/box/mojito/386402413/cli/src/main/java/com/box/l10n/mojito/cli/command/DropExportCommand.java
/root/workspace/box/mojito/386402413/cli/src/main/java/com/box/l10n/mojito/cli/command/TMImportCommand.java
/root/workspace/box/mojito/386402413/cli/src/main/java/com/box/l10n/mojito/cli/App.java
/root/workspace/box/mojito/386402413/cli/src/main/java/com/box/l10n/mojito/cli/ConsoleWriter.java
/root/workspace/box/mojito/386402413/cli/src/main/java/com/box/l10n/mojito/cli/ConsoleWriterConfig.java
/root/workspace/box/mojito/386402413/cli/src/main/java/com/box/l10n/mojito/cli/GitInfo.java
/root/workspace/box/mojito/386402413/cli/src/main/java/com/box/l10n/mojito/cli/Console.java
/root/workspace/box/mojito/386402413/cli/src/main/java/com/box/l10n/mojito/cli/WebappTMS.java
