/*C36*/SET SCHEMA PUBLIC
DISCONNECT
/*C37*/SET SCHEMA PUBLIC
DROP TABLE user_roles IF EXISTS
DROP TABLE meals IF EXISTS
DROP TABLE users IF EXISTS
DROP SEQUENCE global_seq IF EXISTS
CREATE SEQUENCE GLOBAL_SEQ AS INTEGER START WITH 100000
CREATE TABLE users ( id INTEGER GENERATED BY DEFAULT AS SEQUENCE GLOBAL_SEQ PRIMARY KEY, name VARCHAR(255) NOT NULL, email VARCHAR(255) NOT NULL, password VARCHAR(255) NOT NULL, registered TIMESTAMP DEFAULT now() NOT NULL, enabled BOOLEAN DEFAULT TRUE NOT NULL, calories_per_day INTEGER DEFAULT 2000 NOT NULL )
CREATE UNIQUE INDEX users_unique_email_idx ON USERS (email)
CREATE TABLE user_roles ( user_id INTEGER NOT NULL, role VARCHAR(255), CONSTRAINT user_roles_idx UNIQUE (user_id, role), FOREIGN KEY (user_id) REFERENCES USERS (id) ON DELETE CASCADE )
CREATE TABLE meals ( id INTEGER GENERATED BY DEFAULT AS SEQUENCE GLOBAL_SEQ PRIMARY KEY, date_time TIMESTAMP NOT NULL, description VARCHAR(255) NOT NULL, calories INT NOT NULL, user_id INTEGER NOT NULL, FOREIGN KEY (user_id) REFERENCES USERS (id) ON DELETE CASCADE )
CREATE UNIQUE INDEX meals_unique_user_datetime_idx ON meals (user_id, date_time)
ALTER SEQUENCE global_seq RESTART WITH 100000
INSERT INTO USERS VALUES(100000,'User','user@yandex.ru','password','2018-03-25 23:43:43.295000',TRUE,2000)
INSERT INTO USERS VALUES(100001,'Admin','admin@gmail.com','admin','2018-03-25 23:43:43.295000',TRUE,2000)
ALTER SEQUENCE PUBLIC.GLOBAL_SEQ RESTART WITH 100002
COMMIT
INSERT INTO USER_ROLES VALUES(100000,'ROLE_USER')
INSERT INTO USER_ROLES VALUES(100001,'ROLE_ADMIN')
COMMIT
INSERT INTO MEALS VALUES(100002,'2015-05-30 10:00:00.000000','\u0417\u0430\u0432\u0442\u0440\u0430\u043a',500,100000)
INSERT INTO MEALS VALUES(100003,'2015-05-30 13:00:00.000000','\u041e\u0431\u0435\u0434',1000,100000)
INSERT INTO MEALS VALUES(100004,'2015-05-30 20:00:00.000000','\u0423\u0436\u0438\u043d',500,100000)
INSERT INTO MEALS VALUES(100005,'2015-05-31 10:00:00.000000','\u0417\u0430\u0432\u0442\u0440\u0430\u043a',500,100000)
INSERT INTO MEALS VALUES(100006,'2015-05-31 13:00:00.000000','\u041e\u0431\u0435\u0434',1000,100000)
INSERT INTO MEALS VALUES(100007,'2015-05-31 20:00:00.000000','\u0423\u0436\u0438\u043d',510,100000)
INSERT INTO MEALS VALUES(100008,'2015-06-01 14:00:00.000000','\u0410\u0434\u043c\u0438\u043d \u043b\u0430\u043d\u0447',510,100001)
INSERT INTO MEALS VALUES(100009,'2015-06-01 21:00:00.000000','\u0410\u0434\u043c\u0438\u043d \u0443\u0436\u0438\u043d',1500,100001)
ALTER SEQUENCE PUBLIC.GLOBAL_SEQ RESTART WITH 100010
COMMIT
DISCONNECT
/*C38*/SET SCHEMA PUBLIC
DISCONNECT
/*C39*/SET SCHEMA PUBLIC
DROP TABLE user_roles IF EXISTS
DROP TABLE meals IF EXISTS
DROP TABLE users IF EXISTS
DROP SEQUENCE global_seq IF EXISTS
CREATE SEQUENCE GLOBAL_SEQ AS INTEGER START WITH 100000
CREATE TABLE users ( id INTEGER GENERATED BY DEFAULT AS SEQUENCE GLOBAL_SEQ PRIMARY KEY, name VARCHAR(255) NOT NULL, email VARCHAR(255) NOT NULL, password VARCHAR(255) NOT NULL, registered TIMESTAMP DEFAULT now() NOT NULL, enabled BOOLEAN DEFAULT TRUE NOT NULL, calories_per_day INTEGER DEFAULT 2000 NOT NULL )
CREATE UNIQUE INDEX users_unique_email_idx ON USERS (email)
CREATE TABLE user_roles ( user_id INTEGER NOT NULL, role VARCHAR(255), CONSTRAINT user_roles_idx UNIQUE (user_id, role), FOREIGN KEY (user_id) REFERENCES USERS (id) ON DELETE CASCADE )
CREATE TABLE meals ( id INTEGER GENERATED BY DEFAULT AS SEQUENCE GLOBAL_SEQ PRIMARY KEY, date_time TIMESTAMP NOT NULL, description VARCHAR(255) NOT NULL, calories INT NOT NULL, user_id INTEGER NOT NULL, FOREIGN KEY (user_id) REFERENCES USERS (id) ON DELETE CASCADE )
CREATE UNIQUE INDEX meals_unique_user_datetime_idx ON meals (user_id, date_time)
ALTER SEQUENCE global_seq RESTART WITH 100000
INSERT INTO USERS VALUES(100000,'User','user@yandex.ru','password','2018-03-25 23:43:43.594000',TRUE,2000)
INSERT INTO USERS VALUES(100001,'Admin','admin@gmail.com','admin','2018-03-25 23:43:43.594000',TRUE,2000)
ALTER SEQUENCE PUBLIC.GLOBAL_SEQ RESTART WITH 100002
COMMIT
INSERT INTO USER_ROLES VALUES(100000,'ROLE_USER')
INSERT INTO USER_ROLES VALUES(100001,'ROLE_ADMIN')
COMMIT
INSERT INTO MEALS VALUES(100002,'2015-05-30 10:00:00.000000','\u0417\u0430\u0432\u0442\u0440\u0430\u043a',500,100000)
INSERT INTO MEALS VALUES(100003,'2015-05-30 13:00:00.000000','\u041e\u0431\u0435\u0434',1000,100000)
INSERT INTO MEALS VALUES(100004,'2015-05-30 20:00:00.000000','\u0423\u0436\u0438\u043d',500,100000)
INSERT INTO MEALS VALUES(100005,'2015-05-31 10:00:00.000000','\u0417\u0430\u0432\u0442\u0440\u0430\u043a',500,100000)
INSERT INTO MEALS VALUES(100006,'2015-05-31 13:00:00.000000','\u041e\u0431\u0435\u0434',1000,100000)
INSERT INTO MEALS VALUES(100007,'2015-05-31 20:00:00.000000','\u0423\u0436\u0438\u043d',510,100000)
INSERT INTO MEALS VALUES(100008,'2015-06-01 14:00:00.000000','\u0410\u0434\u043c\u0438\u043d \u043b\u0430\u043d\u0447',510,100001)
INSERT INTO MEALS VALUES(100009,'2015-06-01 21:00:00.000000','\u0410\u0434\u043c\u0438\u043d \u0443\u0436\u0438\u043d',1500,100001)
ALTER SEQUENCE PUBLIC.GLOBAL_SEQ RESTART WITH 100010
COMMIT
DISCONNECT
/*C40*/SET SCHEMA PUBLIC
DISCONNECT
/*C41*/SET SCHEMA PUBLIC
DROP TABLE user_roles IF EXISTS
DROP TABLE meals IF EXISTS
DROP TABLE users IF EXISTS
DROP SEQUENCE global_seq IF EXISTS
CREATE SEQUENCE GLOBAL_SEQ AS INTEGER START WITH 100000
CREATE TABLE users ( id INTEGER GENERATED BY DEFAULT AS SEQUENCE GLOBAL_SEQ PRIMARY KEY, name VARCHAR(255) NOT NULL, email VARCHAR(255) NOT NULL, password VARCHAR(255) NOT NULL, registered TIMESTAMP DEFAULT now() NOT NULL, enabled BOOLEAN DEFAULT TRUE NOT NULL, calories_per_day INTEGER DEFAULT 2000 NOT NULL )
CREATE UNIQUE INDEX users_unique_email_idx ON USERS (email)
CREATE TABLE user_roles ( user_id INTEGER NOT NULL, role VARCHAR(255), CONSTRAINT user_roles_idx UNIQUE (user_id, role), FOREIGN KEY (user_id) REFERENCES USERS (id) ON DELETE CASCADE )
CREATE TABLE meals ( id INTEGER GENERATED BY DEFAULT AS SEQUENCE GLOBAL_SEQ PRIMARY KEY, date_time TIMESTAMP NOT NULL, description VARCHAR(255) NOT NULL, calories INT NOT NULL, user_id INTEGER NOT NULL, FOREIGN KEY (user_id) REFERENCES USERS (id) ON DELETE CASCADE )
CREATE UNIQUE INDEX meals_unique_user_datetime_idx ON meals (user_id, date_time)
ALTER SEQUENCE global_seq RESTART WITH 100000
INSERT INTO USERS VALUES(100000,'User','user@yandex.ru','password','2018-03-25 23:43:43.898000',TRUE,2000)
INSERT INTO USERS VALUES(100001,'Admin','admin@gmail.com','admin','2018-03-25 23:43:43.898000',TRUE,2000)
ALTER SEQUENCE PUBLIC.GLOBAL_SEQ RESTART WITH 100002
COMMIT
INSERT INTO USER_ROLES VALUES(100000,'ROLE_USER')
INSERT INTO USER_ROLES VALUES(100001,'ROLE_ADMIN')
COMMIT
INSERT INTO MEALS VALUES(100002,'2015-05-30 10:00:00.000000','\u0417\u0430\u0432\u0442\u0440\u0430\u043a',500,100000)
INSERT INTO MEALS VALUES(100003,'2015-05-30 13:00:00.000000','\u041e\u0431\u0435\u0434',1000,100000)
INSERT INTO MEALS VALUES(100004,'2015-05-30 20:00:00.000000','\u0423\u0436\u0438\u043d',500,100000)
INSERT INTO MEALS VALUES(100005,'2015-05-31 10:00:00.000000','\u0417\u0430\u0432\u0442\u0440\u0430\u043a',500,100000)
INSERT INTO MEALS VALUES(100006,'2015-05-31 13:00:00.000000','\u041e\u0431\u0435\u0434',1000,100000)
INSERT INTO MEALS VALUES(100007,'2015-05-31 20:00:00.000000','\u0423\u0436\u0438\u043d',510,100000)
INSERT INTO MEALS VALUES(100008,'2015-06-01 14:00:00.000000','\u0410\u0434\u043c\u0438\u043d \u043b\u0430\u043d\u0447',510,100001)
INSERT INTO MEALS VALUES(100009,'2015-06-01 21:00:00.000000','\u0410\u0434\u043c\u0438\u043d \u0443\u0436\u0438\u043d',1500,100001)
ALTER SEQUENCE PUBLIC.GLOBAL_SEQ RESTART WITH 100010
COMMIT
DISCONNECT
/*C42*/SET SCHEMA PUBLIC
DISCONNECT
/*C43*/SET SCHEMA PUBLIC
DROP TABLE user_roles IF EXISTS
DROP TABLE meals IF EXISTS
DROP TABLE users IF EXISTS
DROP SEQUENCE global_seq IF EXISTS
CREATE SEQUENCE GLOBAL_SEQ AS INTEGER START WITH 100000
CREATE TABLE users ( id INTEGER GENERATED BY DEFAULT AS SEQUENCE GLOBAL_SEQ PRIMARY KEY, name VARCHAR(255) NOT NULL, email VARCHAR(255) NOT NULL, password VARCHAR(255) NOT NULL, registered TIMESTAMP DEFAULT now() NOT NULL, enabled BOOLEAN DEFAULT TRUE NOT NULL, calories_per_day INTEGER DEFAULT 2000 NOT NULL )
CREATE UNIQUE INDEX users_unique_email_idx ON USERS (email)
CREATE TABLE user_roles ( user_id INTEGER NOT NULL, role VARCHAR(255), CONSTRAINT user_roles_idx UNIQUE (user_id, role), FOREIGN KEY (user_id) REFERENCES USERS (id) ON DELETE CASCADE )
CREATE TABLE meals ( id INTEGER GENERATED BY DEFAULT AS SEQUENCE GLOBAL_SEQ PRIMARY KEY, date_time TIMESTAMP NOT NULL, description VARCHAR(255) NOT NULL, calories INT NOT NULL, user_id INTEGER NOT NULL, FOREIGN KEY (user_id) REFERENCES USERS (id) ON DELETE CASCADE )
CREATE UNIQUE INDEX meals_unique_user_datetime_idx ON meals (user_id, date_time)
ALTER SEQUENCE global_seq RESTART WITH 100000
INSERT INTO USERS VALUES(100000,'User','user@yandex.ru','password','2018-03-25 23:43:44.163000',TRUE,2000)
INSERT INTO USERS VALUES(100001,'Admin','admin@gmail.com','admin','2018-03-25 23:43:44.163000',TRUE,2000)
ALTER SEQUENCE PUBLIC.GLOBAL_SEQ RESTART WITH 100002
COMMIT
INSERT INTO USER_ROLES VALUES(100000,'ROLE_USER')
INSERT INTO USER_ROLES VALUES(100001,'ROLE_ADMIN')
COMMIT
INSERT INTO MEALS VALUES(100002,'2015-05-30 10:00:00.000000','\u0417\u0430\u0432\u0442\u0440\u0430\u043a',500,100000)
INSERT INTO MEALS VALUES(100003,'2015-05-30 13:00:00.000000','\u041e\u0431\u0435\u0434',1000,100000)
INSERT INTO MEALS VALUES(100004,'2015-05-30 20:00:00.000000','\u0423\u0436\u0438\u043d',500,100000)
INSERT INTO MEALS VALUES(100005,'2015-05-31 10:00:00.000000','\u0417\u0430\u0432\u0442\u0440\u0430\u043a',500,100000)
INSERT INTO MEALS VALUES(100006,'2015-05-31 13:00:00.000000','\u041e\u0431\u0435\u0434',1000,100000)
INSERT INTO MEALS VALUES(100007,'2015-05-31 20:00:00.000000','\u0423\u0436\u0438\u043d',510,100000)
INSERT INTO MEALS VALUES(100008,'2015-06-01 14:00:00.000000','\u0410\u0434\u043c\u0438\u043d \u043b\u0430\u043d\u0447',510,100001)
INSERT INTO MEALS VALUES(100009,'2015-06-01 21:00:00.000000','\u0410\u0434\u043c\u0438\u043d \u0443\u0436\u0438\u043d',1500,100001)
ALTER SEQUENCE PUBLIC.GLOBAL_SEQ RESTART WITH 100010
COMMIT
DISCONNECT
/*C44*/SET SCHEMA PUBLIC
DISCONNECT
/*C45*/SET SCHEMA PUBLIC
DROP TABLE user_roles IF EXISTS
DROP TABLE meals IF EXISTS
DROP TABLE users IF EXISTS
DROP SEQUENCE global_seq IF EXISTS
CREATE SEQUENCE GLOBAL_SEQ AS INTEGER START WITH 100000
CREATE TABLE users ( id INTEGER GENERATED BY DEFAULT AS SEQUENCE GLOBAL_SEQ PRIMARY KEY, name VARCHAR(255) NOT NULL, email VARCHAR(255) NOT NULL, password VARCHAR(255) NOT NULL, registered TIMESTAMP DEFAULT now() NOT NULL, enabled BOOLEAN DEFAULT TRUE NOT NULL, calories_per_day INTEGER DEFAULT 2000 NOT NULL )
CREATE UNIQUE INDEX users_unique_email_idx ON USERS (email)
CREATE TABLE user_roles ( user_id INTEGER NOT NULL, role VARCHAR(255), CONSTRAINT user_roles_idx UNIQUE (user_id, role), FOREIGN KEY (user_id) REFERENCES USERS (id) ON DELETE CASCADE )
CREATE TABLE meals ( id INTEGER GENERATED BY DEFAULT AS SEQUENCE GLOBAL_SEQ PRIMARY KEY, date_time TIMESTAMP NOT NULL, description VARCHAR(255) NOT NULL, calories INT NOT NULL, user_id INTEGER NOT NULL, FOREIGN KEY (user_id) REFERENCES USERS (id) ON DELETE CASCADE )
CREATE UNIQUE INDEX meals_unique_user_datetime_idx ON meals (user_id, date_time)
ALTER SEQUENCE global_seq RESTART WITH 100000
INSERT INTO USERS VALUES(100000,'User','user@yandex.ru','password','2018-03-25 23:43:44.408000',TRUE,2000)
INSERT INTO USERS VALUES(100001,'Admin','admin@gmail.com','admin','2018-03-25 23:43:44.408000',TRUE,2000)
ALTER SEQUENCE PUBLIC.GLOBAL_SEQ RESTART WITH 100002
COMMIT
INSERT INTO USER_ROLES VALUES(100000,'ROLE_USER')
INSERT INTO USER_ROLES VALUES(100001,'ROLE_ADMIN')
COMMIT
INSERT INTO MEALS VALUES(100002,'2015-05-30 10:00:00.000000','\u0417\u0430\u0432\u0442\u0440\u0430\u043a',500,100000)
INSERT INTO MEALS VALUES(100003,'2015-05-30 13:00:00.000000','\u041e\u0431\u0435\u0434',1000,100000)
INSERT INTO MEALS VALUES(100004,'2015-05-30 20:00:00.000000','\u0423\u0436\u0438\u043d',500,100000)
INSERT INTO MEALS VALUES(100005,'2015-05-31 10:00:00.000000','\u0417\u0430\u0432\u0442\u0440\u0430\u043a',500,100000)
INSERT INTO MEALS VALUES(100006,'2015-05-31 13:00:00.000000','\u041e\u0431\u0435\u0434',1000,100000)
INSERT INTO MEALS VALUES(100007,'2015-05-31 20:00:00.000000','\u0423\u0436\u0438\u043d',510,100000)
INSERT INTO MEALS VALUES(100008,'2015-06-01 14:00:00.000000','\u0410\u0434\u043c\u0438\u043d \u043b\u0430\u043d\u0447',510,100001)
INSERT INTO MEALS VALUES(100009,'2015-06-01 21:00:00.000000','\u0410\u0434\u043c\u0438\u043d \u0443\u0436\u0438\u043d',1500,100001)
ALTER SEQUENCE PUBLIC.GLOBAL_SEQ RESTART WITH 100010
COMMIT
DISCONNECT
/*C46*/SET SCHEMA PUBLIC
DISCONNECT
/*C47*/SET SCHEMA PUBLIC
DROP TABLE user_roles IF EXISTS
DROP TABLE meals IF EXISTS
DROP TABLE users IF EXISTS
DROP SEQUENCE global_seq IF EXISTS
CREATE SEQUENCE GLOBAL_SEQ AS INTEGER START WITH 100000
CREATE TABLE users ( id INTEGER GENERATED BY DEFAULT AS SEQUENCE GLOBAL_SEQ PRIMARY KEY, name VARCHAR(255) NOT NULL, email VARCHAR(255) NOT NULL, password VARCHAR(255) NOT NULL, registered TIMESTAMP DEFAULT now() NOT NULL, enabled BOOLEAN DEFAULT TRUE NOT NULL, calories_per_day INTEGER DEFAULT 2000 NOT NULL )
CREATE UNIQUE INDEX users_unique_email_idx ON USERS (email)
CREATE TABLE user_roles ( user_id INTEGER NOT NULL, role VARCHAR(255), CONSTRAINT user_roles_idx UNIQUE (user_id, role), FOREIGN KEY (user_id) REFERENCES USERS (id) ON DELETE CASCADE )
CREATE TABLE meals ( id INTEGER GENERATED BY DEFAULT AS SEQUENCE GLOBAL_SEQ PRIMARY KEY, date_time TIMESTAMP NOT NULL, description VARCHAR(255) NOT NULL, calories INT NOT NULL, user_id INTEGER NOT NULL, FOREIGN KEY (user_id) REFERENCES USERS (id) ON DELETE CASCADE )
CREATE UNIQUE INDEX meals_unique_user_datetime_idx ON meals (user_id, date_time)
ALTER SEQUENCE global_seq RESTART WITH 100000
INSERT INTO USERS VALUES(100000,'User','user@yandex.ru','password','2018-03-25 23:43:44.645000',TRUE,2000)
INSERT INTO USERS VALUES(100001,'Admin','admin@gmail.com','admin','2018-03-25 23:43:44.645000',TRUE,2000)
ALTER SEQUENCE PUBLIC.GLOBAL_SEQ RESTART WITH 100002
COMMIT
INSERT INTO USER_ROLES VALUES(100000,'ROLE_USER')
INSERT INTO USER_ROLES VALUES(100001,'ROLE_ADMIN')
COMMIT
INSERT INTO MEALS VALUES(100002,'2015-05-30 10:00:00.000000','\u0417\u0430\u0432\u0442\u0440\u0430\u043a',500,100000)
INSERT INTO MEALS VALUES(100003,'2015-05-30 13:00:00.000000','\u041e\u0431\u0435\u0434',1000,100000)
INSERT INTO MEALS VALUES(100004,'2015-05-30 20:00:00.000000','\u0423\u0436\u0438\u043d',500,100000)
INSERT INTO MEALS VALUES(100005,'2015-05-31 10:00:00.000000','\u0417\u0430\u0432\u0442\u0440\u0430\u043a',500,100000)
INSERT INTO MEALS VALUES(100006,'2015-05-31 13:00:00.000000','\u041e\u0431\u0435\u0434',1000,100000)
INSERT INTO MEALS VALUES(100007,'2015-05-31 20:00:00.000000','\u0423\u0436\u0438\u043d',510,100000)
INSERT INTO MEALS VALUES(100008,'2015-06-01 14:00:00.000000','\u0410\u0434\u043c\u0438\u043d \u043b\u0430\u043d\u0447',510,100001)
INSERT INTO MEALS VALUES(100009,'2015-06-01 21:00:00.000000','\u0410\u0434\u043c\u0438\u043d \u0443\u0436\u0438\u043d',1500,100001)
ALTER SEQUENCE PUBLIC.GLOBAL_SEQ RESTART WITH 100010
COMMIT
DISCONNECT
/*C48*/SET SCHEMA PUBLIC
DISCONNECT
/*C49*/SET SCHEMA PUBLIC
DROP TABLE user_roles IF EXISTS
DROP TABLE meals IF EXISTS
DROP TABLE users IF EXISTS
DROP SEQUENCE global_seq IF EXISTS
CREATE SEQUENCE GLOBAL_SEQ AS INTEGER START WITH 100000
CREATE TABLE users ( id INTEGER GENERATED BY DEFAULT AS SEQUENCE GLOBAL_SEQ PRIMARY KEY, name VARCHAR(255) NOT NULL, email VARCHAR(255) NOT NULL, password VARCHAR(255) NOT NULL, registered TIMESTAMP DEFAULT now() NOT NULL, enabled BOOLEAN DEFAULT TRUE NOT NULL, calories_per_day INTEGER DEFAULT 2000 NOT NULL )
CREATE UNIQUE INDEX users_unique_email_idx ON USERS (email)
CREATE TABLE user_roles ( user_id INTEGER NOT NULL, role VARCHAR(255), CONSTRAINT user_roles_idx UNIQUE (user_id, role), FOREIGN KEY (user_id) REFERENCES USERS (id) ON DELETE CASCADE )
CREATE TABLE meals ( id INTEGER GENERATED BY DEFAULT AS SEQUENCE GLOBAL_SEQ PRIMARY KEY, date_time TIMESTAMP NOT NULL, description VARCHAR(255) NOT NULL, calories INT NOT NULL, user_id INTEGER NOT NULL, FOREIGN KEY (user_id) REFERENCES USERS (id) ON DELETE CASCADE )
CREATE UNIQUE INDEX meals_unique_user_datetime_idx ON meals (user_id, date_time)
ALTER SEQUENCE global_seq RESTART WITH 100000
INSERT INTO USERS VALUES(100000,'User','user@yandex.ru','password','2018-03-25 23:43:44.884000',TRUE,2000)
INSERT INTO USERS VALUES(100001,'Admin','admin@gmail.com','admin','2018-03-25 23:43:44.884000',TRUE,2000)
ALTER SEQUENCE PUBLIC.GLOBAL_SEQ RESTART WITH 100002
COMMIT
INSERT INTO USER_ROLES VALUES(100000,'ROLE_USER')
INSERT INTO USER_ROLES VALUES(100001,'ROLE_ADMIN')
COMMIT
INSERT INTO MEALS VALUES(100002,'2015-05-30 10:00:00.000000','\u0417\u0430\u0432\u0442\u0440\u0430\u043a',500,100000)
INSERT INTO MEALS VALUES(100003,'2015-05-30 13:00:00.000000','\u041e\u0431\u0435\u0434',1000,100000)
INSERT INTO MEALS VALUES(100004,'2015-05-30 20:00:00.000000','\u0423\u0436\u0438\u043d',500,100000)
INSERT INTO MEALS VALUES(100005,'2015-05-31 10:00:00.000000','\u0417\u0430\u0432\u0442\u0440\u0430\u043a',500,100000)
INSERT INTO MEALS VALUES(100006,'2015-05-31 13:00:00.000000','\u041e\u0431\u0435\u0434',1000,100000)
INSERT INTO MEALS VALUES(100007,'2015-05-31 20:00:00.000000','\u0423\u0436\u0438\u043d',510,100000)
INSERT INTO MEALS VALUES(100008,'2015-06-01 14:00:00.000000','\u0410\u0434\u043c\u0438\u043d \u043b\u0430\u043d\u0447',510,100001)
INSERT INTO MEALS VALUES(100009,'2015-06-01 21:00:00.000000','\u0410\u0434\u043c\u0438\u043d \u0443\u0436\u0438\u043d',1500,100001)
ALTER SEQUENCE PUBLIC.GLOBAL_SEQ RESTART WITH 100010
COMMIT
DISCONNECT
/*C50*/SET SCHEMA PUBLIC
DISCONNECT
/*C51*/SET SCHEMA PUBLIC
DROP TABLE user_roles IF EXISTS
DROP TABLE meals IF EXISTS
DROP TABLE users IF EXISTS
DROP SEQUENCE global_seq IF EXISTS
CREATE SEQUENCE GLOBAL_SEQ AS INTEGER START WITH 100000
CREATE TABLE users ( id INTEGER GENERATED BY DEFAULT AS SEQUENCE GLOBAL_SEQ PRIMARY KEY, name VARCHAR(255) NOT NULL, email VARCHAR(255) NOT NULL, password VARCHAR(255) NOT NULL, registered TIMESTAMP DEFAULT now() NOT NULL, enabled BOOLEAN DEFAULT TRUE NOT NULL, calories_per_day INTEGER DEFAULT 2000 NOT NULL )
CREATE UNIQUE INDEX users_unique_email_idx ON USERS (email)
CREATE TABLE user_roles ( user_id INTEGER NOT NULL, role VARCHAR(255), CONSTRAINT user_roles_idx UNIQUE (user_id, role), FOREIGN KEY (user_id) REFERENCES USERS (id) ON DELETE CASCADE )
CREATE TABLE meals ( id INTEGER GENERATED BY DEFAULT AS SEQUENCE GLOBAL_SEQ PRIMARY KEY, date_time TIMESTAMP NOT NULL, description VARCHAR(255) NOT NULL, calories INT NOT NULL, user_id INTEGER NOT NULL, FOREIGN KEY (user_id) REFERENCES USERS (id) ON DELETE CASCADE )
CREATE UNIQUE INDEX meals_unique_user_datetime_idx ON meals (user_id, date_time)
ALTER SEQUENCE global_seq RESTART WITH 100000
INSERT INTO USERS VALUES(100000,'User','user@yandex.ru','password','2018-03-25 23:43:45.159000',TRUE,2000)
INSERT INTO USERS VALUES(100001,'Admin','admin@gmail.com','admin','2018-03-25 23:43:45.159000',TRUE,2000)
ALTER SEQUENCE PUBLIC.GLOBAL_SEQ RESTART WITH 100002
COMMIT
INSERT INTO USER_ROLES VALUES(100000,'ROLE_USER')
INSERT INTO USER_ROLES VALUES(100001,'ROLE_ADMIN')
COMMIT
INSERT INTO MEALS VALUES(100002,'2015-05-30 10:00:00.000000','\u0417\u0430\u0432\u0442\u0440\u0430\u043a',500,100000)
INSERT INTO MEALS VALUES(100003,'2015-05-30 13:00:00.000000','\u041e\u0431\u0435\u0434',1000,100000)
INSERT INTO MEALS VALUES(100004,'2015-05-30 20:00:00.000000','\u0423\u0436\u0438\u043d',500,100000)
INSERT INTO MEALS VALUES(100005,'2015-05-31 10:00:00.000000','\u0417\u0430\u0432\u0442\u0440\u0430\u043a',500,100000)
INSERT INTO MEALS VALUES(100006,'2015-05-31 13:00:00.000000','\u041e\u0431\u0435\u0434',1000,100000)
INSERT INTO MEALS VALUES(100007,'2015-05-31 20:00:00.000000','\u0423\u0436\u0438\u043d',510,100000)
INSERT INTO MEALS VALUES(100008,'2015-06-01 14:00:00.000000','\u0410\u0434\u043c\u0438\u043d \u043b\u0430\u043d\u0447',510,100001)
INSERT INTO MEALS VALUES(100009,'2015-06-01 21:00:00.000000','\u0410\u0434\u043c\u0438\u043d \u0443\u0436\u0438\u043d',1500,100001)
ALTER SEQUENCE PUBLIC.GLOBAL_SEQ RESTART WITH 100010
COMMIT
DISCONNECT
/*C52*/SET SCHEMA PUBLIC
DISCONNECT
/*C53*/SET SCHEMA PUBLIC
DROP TABLE user_roles IF EXISTS
DROP TABLE meals IF EXISTS
DROP TABLE users IF EXISTS
DROP SEQUENCE global_seq IF EXISTS
CREATE SEQUENCE GLOBAL_SEQ AS INTEGER START WITH 100000
CREATE TABLE users ( id INTEGER GENERATED BY DEFAULT AS SEQUENCE GLOBAL_SEQ PRIMARY KEY, name VARCHAR(255) NOT NULL, email VARCHAR(255) NOT NULL, password VARCHAR(255) NOT NULL, registered TIMESTAMP DEFAULT now() NOT NULL, enabled BOOLEAN DEFAULT TRUE NOT NULL, calories_per_day INTEGER DEFAULT 2000 NOT NULL )
CREATE UNIQUE INDEX users_unique_email_idx ON USERS (email)
CREATE TABLE user_roles ( user_id INTEGER NOT NULL, role VARCHAR(255), CONSTRAINT user_roles_idx UNIQUE (user_id, role), FOREIGN KEY (user_id) REFERENCES USERS (id) ON DELETE CASCADE )
CREATE TABLE meals ( id INTEGER GENERATED BY DEFAULT AS SEQUENCE GLOBAL_SEQ PRIMARY KEY, date_time TIMESTAMP NOT NULL, description VARCHAR(255) NOT NULL, calories INT NOT NULL, user_id INTEGER NOT NULL, FOREIGN KEY (user_id) REFERENCES USERS (id) ON DELETE CASCADE )
CREATE UNIQUE INDEX meals_unique_user_datetime_idx ON meals (user_id, date_time)
ALTER SEQUENCE global_seq RESTART WITH 100000
INSERT INTO USERS VALUES(100000,'User','user@yandex.ru','password','2018-03-25 23:43:45.387000',TRUE,2000)
INSERT INTO USERS VALUES(100001,'Admin','admin@gmail.com','admin','2018-03-25 23:43:45.387000',TRUE,2000)
ALTER SEQUENCE PUBLIC.GLOBAL_SEQ RESTART WITH 100002
COMMIT
INSERT INTO USER_ROLES VALUES(100000,'ROLE_USER')
INSERT INTO USER_ROLES VALUES(100001,'ROLE_ADMIN')
COMMIT
INSERT INTO MEALS VALUES(100002,'2015-05-30 10:00:00.000000','\u0417\u0430\u0432\u0442\u0440\u0430\u043a',500,100000)
INSERT INTO MEALS VALUES(100003,'2015-05-30 13:00:00.000000','\u041e\u0431\u0435\u0434',1000,100000)
INSERT INTO MEALS VALUES(100004,'2015-05-30 20:00:00.000000','\u0423\u0436\u0438\u043d',500,100000)
INSERT INTO MEALS VALUES(100005,'2015-05-31 10:00:00.000000','\u0417\u0430\u0432\u0442\u0440\u0430\u043a',500,100000)
INSERT INTO MEALS VALUES(100006,'2015-05-31 13:00:00.000000','\u041e\u0431\u0435\u0434',1000,100000)
INSERT INTO MEALS VALUES(100007,'2015-05-31 20:00:00.000000','\u0423\u0436\u0438\u043d',510,100000)
INSERT INTO MEALS VALUES(100008,'2015-06-01 14:00:00.000000','\u0410\u0434\u043c\u0438\u043d \u043b\u0430\u043d\u0447',510,100001)
INSERT INTO MEALS VALUES(100009,'2015-06-01 21:00:00.000000','\u0410\u0434\u043c\u0438\u043d \u0443\u0436\u0438\u043d',1500,100001)
ALTER SEQUENCE PUBLIC.GLOBAL_SEQ RESTART WITH 100010
COMMIT
DISCONNECT
/*C54*/SET SCHEMA PUBLIC
DISCONNECT
/*C55*/SET SCHEMA PUBLIC
DROP TABLE user_roles IF EXISTS
DROP TABLE meals IF EXISTS
DROP TABLE users IF EXISTS
DROP SEQUENCE global_seq IF EXISTS
CREATE SEQUENCE GLOBAL_SEQ AS INTEGER START WITH 100000
CREATE TABLE users ( id INTEGER GENERATED BY DEFAULT AS SEQUENCE GLOBAL_SEQ PRIMARY KEY, name VARCHAR(255) NOT NULL, email VARCHAR(255) NOT NULL, password VARCHAR(255) NOT NULL, registered TIMESTAMP DEFAULT now() NOT NULL, enabled BOOLEAN DEFAULT TRUE NOT NULL, calories_per_day INTEGER DEFAULT 2000 NOT NULL )
CREATE UNIQUE INDEX users_unique_email_idx ON USERS (email)
CREATE TABLE user_roles ( user_id INTEGER NOT NULL, role VARCHAR(255), CONSTRAINT user_roles_idx UNIQUE (user_id, role), FOREIGN KEY (user_id) REFERENCES USERS (id) ON DELETE CASCADE )
CREATE TABLE meals ( id INTEGER GENERATED BY DEFAULT AS SEQUENCE GLOBAL_SEQ PRIMARY KEY, date_time TIMESTAMP NOT NULL, description VARCHAR(255) NOT NULL, calories INT NOT NULL, user_id INTEGER NOT NULL, FOREIGN KEY (user_id) REFERENCES USERS (id) ON DELETE CASCADE )
CREATE UNIQUE INDEX meals_unique_user_datetime_idx ON meals (user_id, date_time)
ALTER SEQUENCE global_seq RESTART WITH 100000
INSERT INTO USERS VALUES(100000,'User','user@yandex.ru','password','2018-03-25 23:43:45.627000',TRUE,2000)
INSERT INTO USERS VALUES(100001,'Admin','admin@gmail.com','admin','2018-03-25 23:43:45.627000',TRUE,2000)
ALTER SEQUENCE PUBLIC.GLOBAL_SEQ RESTART WITH 100002
COMMIT
INSERT INTO USER_ROLES VALUES(100000,'ROLE_USER')
INSERT INTO USER_ROLES VALUES(100001,'ROLE_ADMIN')
COMMIT
INSERT INTO MEALS VALUES(100002,'2015-05-30 10:00:00.000000','\u0417\u0430\u0432\u0442\u0440\u0430\u043a',500,100000)
INSERT INTO MEALS VALUES(100003,'2015-05-30 13:00:00.000000','\u041e\u0431\u0435\u0434',1000,100000)
INSERT INTO MEALS VALUES(100004,'2015-05-30 20:00:00.000000','\u0423\u0436\u0438\u043d',500,100000)
INSERT INTO MEALS VALUES(100005,'2015-05-31 10:00:00.000000','\u0417\u0430\u0432\u0442\u0440\u0430\u043a',500,100000)
INSERT INTO MEALS VALUES(100006,'2015-05-31 13:00:00.000000','\u041e\u0431\u0435\u0434',1000,100000)
INSERT INTO MEALS VALUES(100007,'2015-05-31 20:00:00.000000','\u0423\u0436\u0438\u043d',510,100000)
INSERT INTO MEALS VALUES(100008,'2015-06-01 14:00:00.000000','\u0410\u0434\u043c\u0438\u043d \u043b\u0430\u043d\u0447',510,100001)
INSERT INTO MEALS VALUES(100009,'2015-06-01 21:00:00.000000','\u0410\u0434\u043c\u0438\u043d \u0443\u0436\u0438\u043d',1500,100001)
ALTER SEQUENCE PUBLIC.GLOBAL_SEQ RESTART WITH 100010
COMMIT
DISCONNECT
/*C56*/SET SCHEMA PUBLIC
DISCONNECT
/*C57*/SET SCHEMA PUBLIC
DROP TABLE user_roles IF EXISTS
DROP TABLE meals IF EXISTS
DROP TABLE users IF EXISTS
DROP SEQUENCE global_seq IF EXISTS
CREATE SEQUENCE GLOBAL_SEQ AS INTEGER START WITH 100000
CREATE TABLE users ( id INTEGER GENERATED BY DEFAULT AS SEQUENCE GLOBAL_SEQ PRIMARY KEY, name VARCHAR(255) NOT NULL, email VARCHAR(255) NOT NULL, password VARCHAR(255) NOT NULL, registered TIMESTAMP DEFAULT now() NOT NULL, enabled BOOLEAN DEFAULT TRUE NOT NULL, calories_per_day INTEGER DEFAULT 2000 NOT NULL )
CREATE UNIQUE INDEX users_unique_email_idx ON USERS (email)
CREATE TABLE user_roles ( user_id INTEGER NOT NULL, role VARCHAR(255), CONSTRAINT user_roles_idx UNIQUE (user_id, role), FOREIGN KEY (user_id) REFERENCES USERS (id) ON DELETE CASCADE )
CREATE TABLE meals ( id INTEGER GENERATED BY DEFAULT AS SEQUENCE GLOBAL_SEQ PRIMARY KEY, date_time TIMESTAMP NOT NULL, description VARCHAR(255) NOT NULL, calories INT NOT NULL, user_id INTEGER NOT NULL, FOREIGN KEY (user_id) REFERENCES USERS (id) ON DELETE CASCADE )
CREATE UNIQUE INDEX meals_unique_user_datetime_idx ON meals (user_id, date_time)
ALTER SEQUENCE global_seq RESTART WITH 100000
INSERT INTO USERS VALUES(100000,'User','user@yandex.ru','password','2018-03-25 23:43:45.834000',TRUE,2000)
INSERT INTO USERS VALUES(100001,'Admin','admin@gmail.com','admin','2018-03-25 23:43:45.834000',TRUE,2000)
ALTER SEQUENCE PUBLIC.GLOBAL_SEQ RESTART WITH 100002
COMMIT
INSERT INTO USER_ROLES VALUES(100000,'ROLE_USER')
INSERT INTO USER_ROLES VALUES(100001,'ROLE_ADMIN')
COMMIT
INSERT INTO MEALS VALUES(100002,'2015-05-30 10:00:00.000000','\u0417\u0430\u0432\u0442\u0440\u0430\u043a',500,100000)
INSERT INTO MEALS VALUES(100003,'2015-05-30 13:00:00.000000','\u041e\u0431\u0435\u0434',1000,100000)
INSERT INTO MEALS VALUES(100004,'2015-05-30 20:00:00.000000','\u0423\u0436\u0438\u043d',500,100000)
INSERT INTO MEALS VALUES(100005,'2015-05-31 10:00:00.000000','\u0417\u0430\u0432\u0442\u0440\u0430\u043a',500,100000)
INSERT INTO MEALS VALUES(100006,'2015-05-31 13:00:00.000000','\u041e\u0431\u0435\u0434',1000,100000)
INSERT INTO MEALS VALUES(100007,'2015-05-31 20:00:00.000000','\u0423\u0436\u0438\u043d',510,100000)
INSERT INTO MEALS VALUES(100008,'2015-06-01 14:00:00.000000','\u0410\u0434\u043c\u0438\u043d \u043b\u0430\u043d\u0447',510,100001)
INSERT INTO MEALS VALUES(100009,'2015-06-01 21:00:00.000000','\u0410\u0434\u043c\u0438\u043d \u0443\u0436\u0438\u043d',1500,100001)
ALTER SEQUENCE PUBLIC.GLOBAL_SEQ RESTART WITH 100010
COMMIT
DISCONNECT
/*C58*/SET SCHEMA PUBLIC
DISCONNECT
/*C59*/SET SCHEMA PUBLIC
DROP TABLE user_roles IF EXISTS
DROP TABLE meals IF EXISTS
DROP TABLE users IF EXISTS
DROP SEQUENCE global_seq IF EXISTS
CREATE SEQUENCE GLOBAL_SEQ AS INTEGER START WITH 100000
CREATE TABLE users ( id INTEGER GENERATED BY DEFAULT AS SEQUENCE GLOBAL_SEQ PRIMARY KEY, name VARCHAR(255) NOT NULL, email VARCHAR(255) NOT NULL, password VARCHAR(255) NOT NULL, registered TIMESTAMP DEFAULT now() NOT NULL, enabled BOOLEAN DEFAULT TRUE NOT NULL, calories_per_day INTEGER DEFAULT 2000 NOT NULL )
CREATE UNIQUE INDEX users_unique_email_idx ON USERS (email)
CREATE TABLE user_roles ( user_id INTEGER NOT NULL, role VARCHAR(255), CONSTRAINT user_roles_idx UNIQUE (user_id, role), FOREIGN KEY (user_id) REFERENCES USERS (id) ON DELETE CASCADE )
CREATE TABLE meals ( id INTEGER GENERATED BY DEFAULT AS SEQUENCE GLOBAL_SEQ PRIMARY KEY, date_time TIMESTAMP NOT NULL, description VARCHAR(255) NOT NULL, calories INT NOT NULL, user_id INTEGER NOT NULL, FOREIGN KEY (user_id) REFERENCES USERS (id) ON DELETE CASCADE )
CREATE UNIQUE INDEX meals_unique_user_datetime_idx ON meals (user_id, date_time)
ALTER SEQUENCE global_seq RESTART WITH 100000
INSERT INTO USERS VALUES(100000,'User','user@yandex.ru','password','2018-03-25 23:43:46.070000',TRUE,2000)
INSERT INTO USERS VALUES(100001,'Admin','admin@gmail.com','admin','2018-03-25 23:43:46.070000',TRUE,2000)
ALTER SEQUENCE PUBLIC.GLOBAL_SEQ RESTART WITH 100002
COMMIT
INSERT INTO USER_ROLES VALUES(100000,'ROLE_USER')
INSERT INTO USER_ROLES VALUES(100001,'ROLE_ADMIN')
COMMIT
INSERT INTO MEALS VALUES(100002,'2015-05-30 10:00:00.000000','\u0417\u0430\u0432\u0442\u0440\u0430\u043a',500,100000)
INSERT INTO MEALS VALUES(100003,'2015-05-30 13:00:00.000000','\u041e\u0431\u0435\u0434',1000,100000)
INSERT INTO MEALS VALUES(100004,'2015-05-30 20:00:00.000000','\u0423\u0436\u0438\u043d',500,100000)
INSERT INTO MEALS VALUES(100005,'2015-05-31 10:00:00.000000','\u0417\u0430\u0432\u0442\u0440\u0430\u043a',500,100000)
INSERT INTO MEALS VALUES(100006,'2015-05-31 13:00:00.000000','\u041e\u0431\u0435\u0434',1000,100000)
INSERT INTO MEALS VALUES(100007,'2015-05-31 20:00:00.000000','\u0423\u0436\u0438\u043d',510,100000)
INSERT INTO MEALS VALUES(100008,'2015-06-01 14:00:00.000000','\u0410\u0434\u043c\u0438\u043d \u043b\u0430\u043d\u0447',510,100001)
INSERT INTO MEALS VALUES(100009,'2015-06-01 21:00:00.000000','\u0410\u0434\u043c\u0438\u043d \u0443\u0436\u0438\u043d',1500,100001)
ALTER SEQUENCE PUBLIC.GLOBAL_SEQ RESTART WITH 100010
COMMIT
DISCONNECT
/*C60*/SET SCHEMA PUBLIC
DISCONNECT
/*C61*/SET SCHEMA PUBLIC
DROP TABLE user_roles IF EXISTS
DROP TABLE meals IF EXISTS
DROP TABLE users IF EXISTS
DROP SEQUENCE global_seq IF EXISTS
CREATE SEQUENCE GLOBAL_SEQ AS INTEGER START WITH 100000
CREATE TABLE users ( id INTEGER GENERATED BY DEFAULT AS SEQUENCE GLOBAL_SEQ PRIMARY KEY, name VARCHAR(255) NOT NULL, email VARCHAR(255) NOT NULL, password VARCHAR(255) NOT NULL, registered TIMESTAMP DEFAULT now() NOT NULL, enabled BOOLEAN DEFAULT TRUE NOT NULL, calories_per_day INTEGER DEFAULT 2000 NOT NULL )
CREATE UNIQUE INDEX users_unique_email_idx ON USERS (email)
CREATE TABLE user_roles ( user_id INTEGER NOT NULL, role VARCHAR(255), CONSTRAINT user_roles_idx UNIQUE (user_id, role), FOREIGN KEY (user_id) REFERENCES USERS (id) ON DELETE CASCADE )
CREATE TABLE meals ( id INTEGER GENERATED BY DEFAULT AS SEQUENCE GLOBAL_SEQ PRIMARY KEY, date_time TIMESTAMP NOT NULL, description VARCHAR(255) NOT NULL, calories INT NOT NULL, user_id INTEGER NOT NULL, FOREIGN KEY (user_id) REFERENCES USERS (id) ON DELETE CASCADE )
CREATE UNIQUE INDEX meals_unique_user_datetime_idx ON meals (user_id, date_time)
ALTER SEQUENCE global_seq RESTART WITH 100000
INSERT INTO USERS VALUES(100000,'User','user@yandex.ru','password','2018-03-25 23:43:46.291000',TRUE,2000)
INSERT INTO USERS VALUES(100001,'Admin','admin@gmail.com','admin','2018-03-25 23:43:46.291000',TRUE,2000)
ALTER SEQUENCE PUBLIC.GLOBAL_SEQ RESTART WITH 100002
COMMIT
INSERT INTO USER_ROLES VALUES(100000,'ROLE_USER')
INSERT INTO USER_ROLES VALUES(100001,'ROLE_ADMIN')
COMMIT
INSERT INTO MEALS VALUES(100002,'2015-05-30 10:00:00.000000','\u0417\u0430\u0432\u0442\u0440\u0430\u043a',500,100000)
INSERT INTO MEALS VALUES(100003,'2015-05-30 13:00:00.000000','\u041e\u0431\u0435\u0434',1000,100000)
INSERT INTO MEALS VALUES(100004,'2015-05-30 20:00:00.000000','\u0423\u0436\u0438\u043d',500,100000)
INSERT INTO MEALS VALUES(100005,'2015-05-31 10:00:00.000000','\u0417\u0430\u0432\u0442\u0440\u0430\u043a',500,100000)
INSERT INTO MEALS VALUES(100006,'2015-05-31 13:00:00.000000','\u041e\u0431\u0435\u0434',1000,100000)
INSERT INTO MEALS VALUES(100007,'2015-05-31 20:00:00.000000','\u0423\u0436\u0438\u043d',510,100000)
INSERT INTO MEALS VALUES(100008,'2015-06-01 14:00:00.000000','\u0410\u0434\u043c\u0438\u043d \u043b\u0430\u043d\u0447',510,100001)
INSERT INTO MEALS VALUES(100009,'2015-06-01 21:00:00.000000','\u0410\u0434\u043c\u0438\u043d \u0443\u0436\u0438\u043d',1500,100001)
ALTER SEQUENCE PUBLIC.GLOBAL_SEQ RESTART WITH 100010
COMMIT
DISCONNECT
/*C62*/SET SCHEMA PUBLIC
DISCONNECT
/*C63*/SET SCHEMA PUBLIC
DROP TABLE user_roles IF EXISTS
DROP TABLE meals IF EXISTS
DROP TABLE users IF EXISTS
DROP SEQUENCE global_seq IF EXISTS
CREATE SEQUENCE GLOBAL_SEQ AS INTEGER START WITH 100000
CREATE TABLE users ( id INTEGER GENERATED BY DEFAULT AS SEQUENCE GLOBAL_SEQ PRIMARY KEY, name VARCHAR(255) NOT NULL, email VARCHAR(255) NOT NULL, password VARCHAR(255) NOT NULL, registered TIMESTAMP DEFAULT now() NOT NULL, enabled BOOLEAN DEFAULT TRUE NOT NULL, calories_per_day INTEGER DEFAULT 2000 NOT NULL )
CREATE UNIQUE INDEX users_unique_email_idx ON USERS (email)
CREATE TABLE user_roles ( user_id INTEGER NOT NULL, role VARCHAR(255), CONSTRAINT user_roles_idx UNIQUE (user_id, role), FOREIGN KEY (user_id) REFERENCES USERS (id) ON DELETE CASCADE )
CREATE TABLE meals ( id INTEGER GENERATED BY DEFAULT AS SEQUENCE GLOBAL_SEQ PRIMARY KEY, date_time TIMESTAMP NOT NULL, description VARCHAR(255) NOT NULL, calories INT NOT NULL, user_id INTEGER NOT NULL, FOREIGN KEY (user_id) REFERENCES USERS (id) ON DELETE CASCADE )
CREATE UNIQUE INDEX meals_unique_user_datetime_idx ON meals (user_id, date_time)
ALTER SEQUENCE global_seq RESTART WITH 100000
INSERT INTO USERS VALUES(100000,'User','user@yandex.ru','password','2018-03-25 23:43:46.477000',TRUE,2000)
INSERT INTO USERS VALUES(100001,'Admin','admin@gmail.com','admin','2018-03-25 23:43:46.477000',TRUE,2000)
ALTER SEQUENCE PUBLIC.GLOBAL_SEQ RESTART WITH 100002
COMMIT
INSERT INTO USER_ROLES VALUES(100000,'ROLE_USER')
INSERT INTO USER_ROLES VALUES(100001,'ROLE_ADMIN')
COMMIT
INSERT INTO MEALS VALUES(100002,'2015-05-30 10:00:00.000000','\u0417\u0430\u0432\u0442\u0440\u0430\u043a',500,100000)
INSERT INTO MEALS VALUES(100003,'2015-05-30 13:00:00.000000','\u041e\u0431\u0435\u0434',1000,100000)
INSERT INTO MEALS VALUES(100004,'2015-05-30 20:00:00.000000','\u0423\u0436\u0438\u043d',500,100000)
INSERT INTO MEALS VALUES(100005,'2015-05-31 10:00:00.000000','\u0417\u0430\u0432\u0442\u0440\u0430\u043a',500,100000)
INSERT INTO MEALS VALUES(100006,'2015-05-31 13:00:00.000000','\u041e\u0431\u0435\u0434',1000,100000)
INSERT INTO MEALS VALUES(100007,'2015-05-31 20:00:00.000000','\u0423\u0436\u0438\u043d',510,100000)
INSERT INTO MEALS VALUES(100008,'2015-06-01 14:00:00.000000','\u0410\u0434\u043c\u0438\u043d \u043b\u0430\u043d\u0447',510,100001)
INSERT INTO MEALS VALUES(100009,'2015-06-01 21:00:00.000000','\u0410\u0434\u043c\u0438\u043d \u0443\u0436\u0438\u043d',1500,100001)
ALTER SEQUENCE PUBLIC.GLOBAL_SEQ RESTART WITH 100010
COMMIT
DISCONNECT
/*C64*/SET SCHEMA PUBLIC
DISCONNECT
/*C65*/SET SCHEMA PUBLIC
DROP TABLE user_roles IF EXISTS
DROP TABLE meals IF EXISTS
DROP TABLE users IF EXISTS
DROP SEQUENCE global_seq IF EXISTS
CREATE SEQUENCE GLOBAL_SEQ AS INTEGER START WITH 100000
CREATE TABLE users ( id INTEGER GENERATED BY DEFAULT AS SEQUENCE GLOBAL_SEQ PRIMARY KEY, name VARCHAR(255) NOT NULL, email VARCHAR(255) NOT NULL, password VARCHAR(255) NOT NULL, registered TIMESTAMP DEFAULT now() NOT NULL, enabled BOOLEAN DEFAULT TRUE NOT NULL, calories_per_day INTEGER DEFAULT 2000 NOT NULL )
CREATE UNIQUE INDEX users_unique_email_idx ON USERS (email)
CREATE TABLE user_roles ( user_id INTEGER NOT NULL, role VARCHAR(255), CONSTRAINT user_roles_idx UNIQUE (user_id, role), FOREIGN KEY (user_id) REFERENCES USERS (id) ON DELETE CASCADE )
CREATE TABLE meals ( id INTEGER GENERATED BY DEFAULT AS SEQUENCE GLOBAL_SEQ PRIMARY KEY, date_time TIMESTAMP NOT NULL, description VARCHAR(255) NOT NULL, calories INT NOT NULL, user_id INTEGER NOT NULL, FOREIGN KEY (user_id) REFERENCES USERS (id) ON DELETE CASCADE )
CREATE UNIQUE INDEX meals_unique_user_datetime_idx ON meals (user_id, date_time)
ALTER SEQUENCE global_seq RESTART WITH 100000
INSERT INTO USERS VALUES(100000,'User','user@yandex.ru','password','2018-03-25 23:43:46.691000',TRUE,2000)
INSERT INTO USERS VALUES(100001,'Admin','admin@gmail.com','admin','2018-03-25 23:43:46.691000',TRUE,2000)
ALTER SEQUENCE PUBLIC.GLOBAL_SEQ RESTART WITH 100002
COMMIT
INSERT INTO USER_ROLES VALUES(100000,'ROLE_USER')
INSERT INTO USER_ROLES VALUES(100001,'ROLE_ADMIN')
COMMIT
INSERT INTO MEALS VALUES(100002,'2015-05-30 10:00:00.000000','\u0417\u0430\u0432\u0442\u0440\u0430\u043a',500,100000)
INSERT INTO MEALS VALUES(100003,'2015-05-30 13:00:00.000000','\u041e\u0431\u0435\u0434',1000,100000)
INSERT INTO MEALS VALUES(100004,'2015-05-30 20:00:00.000000','\u0423\u0436\u0438\u043d',500,100000)
INSERT INTO MEALS VALUES(100005,'2015-05-31 10:00:00.000000','\u0417\u0430\u0432\u0442\u0440\u0430\u043a',500,100000)
INSERT INTO MEALS VALUES(100006,'2015-05-31 13:00:00.000000','\u041e\u0431\u0435\u0434',1000,100000)
INSERT INTO MEALS VALUES(100007,'2015-05-31 20:00:00.000000','\u0423\u0436\u0438\u043d',510,100000)
INSERT INTO MEALS VALUES(100008,'2015-06-01 14:00:00.000000','\u0410\u0434\u043c\u0438\u043d \u043b\u0430\u043d\u0447',510,100001)
INSERT INTO MEALS VALUES(100009,'2015-06-01 21:00:00.000000','\u0410\u0434\u043c\u0438\u043d \u0443\u0436\u0438\u043d',1500,100001)
ALTER SEQUENCE PUBLIC.GLOBAL_SEQ RESTART WITH 100010
COMMIT
DISCONNECT
/*C66*/SET SCHEMA PUBLIC
DISCONNECT
/*C67*/SET SCHEMA PUBLIC
DROP TABLE user_roles IF EXISTS
DROP TABLE meals IF EXISTS
DROP TABLE users IF EXISTS
DROP SEQUENCE global_seq IF EXISTS
CREATE SEQUENCE GLOBAL_SEQ AS INTEGER START WITH 100000
CREATE TABLE users ( id INTEGER GENERATED BY DEFAULT AS SEQUENCE GLOBAL_SEQ PRIMARY KEY, name VARCHAR(255) NOT NULL, email VARCHAR(255) NOT NULL, password VARCHAR(255) NOT NULL, registered TIMESTAMP DEFAULT now() NOT NULL, enabled BOOLEAN DEFAULT TRUE NOT NULL, calories_per_day INTEGER DEFAULT 2000 NOT NULL )
CREATE UNIQUE INDEX users_unique_email_idx ON USERS (email)
CREATE TABLE user_roles ( user_id INTEGER NOT NULL, role VARCHAR(255), CONSTRAINT user_roles_idx UNIQUE (user_id, role), FOREIGN KEY (user_id) REFERENCES USERS (id) ON DELETE CASCADE )
CREATE TABLE meals ( id INTEGER GENERATED BY DEFAULT AS SEQUENCE GLOBAL_SEQ PRIMARY KEY, date_time TIMESTAMP NOT NULL, description VARCHAR(255) NOT NULL, calories INT NOT NULL, user_id INTEGER NOT NULL, FOREIGN KEY (user_id) REFERENCES USERS (id) ON DELETE CASCADE )
CREATE UNIQUE INDEX meals_unique_user_datetime_idx ON meals (user_id, date_time)
ALTER SEQUENCE global_seq RESTART WITH 100000
INSERT INTO USERS VALUES(100000,'User','user@yandex.ru','password','2018-03-25 23:43:46.904000',TRUE,2000)
INSERT INTO USERS VALUES(100001,'Admin','admin@gmail.com','admin','2018-03-25 23:43:46.904000',TRUE,2000)
ALTER SEQUENCE PUBLIC.GLOBAL_SEQ RESTART WITH 100002
COMMIT
INSERT INTO USER_ROLES VALUES(100000,'ROLE_USER')
INSERT INTO USER_ROLES VALUES(100001,'ROLE_ADMIN')
COMMIT
INSERT INTO MEALS VALUES(100002,'2015-05-30 10:00:00.000000','\u0417\u0430\u0432\u0442\u0440\u0430\u043a',500,100000)
INSERT INTO MEALS VALUES(100003,'2015-05-30 13:00:00.000000','\u041e\u0431\u0435\u0434',1000,100000)
INSERT INTO MEALS VALUES(100004,'2015-05-30 20:00:00.000000','\u0423\u0436\u0438\u043d',500,100000)
INSERT INTO MEALS VALUES(100005,'2015-05-31 10:00:00.000000','\u0417\u0430\u0432\u0442\u0440\u0430\u043a',500,100000)
INSERT INTO MEALS VALUES(100006,'2015-05-31 13:00:00.000000','\u041e\u0431\u0435\u0434',1000,100000)
INSERT INTO MEALS VALUES(100007,'2015-05-31 20:00:00.000000','\u0423\u0436\u0438\u043d',510,100000)
INSERT INTO MEALS VALUES(100008,'2015-06-01 14:00:00.000000','\u0410\u0434\u043c\u0438\u043d \u043b\u0430\u043d\u0447',510,100001)
INSERT INTO MEALS VALUES(100009,'2015-06-01 21:00:00.000000','\u0410\u0434\u043c\u0438\u043d \u0443\u0436\u0438\u043d',1500,100001)
ALTER SEQUENCE PUBLIC.GLOBAL_SEQ RESTART WITH 100010
COMMIT
DISCONNECT
/*C68*/SET SCHEMA PUBLIC
DISCONNECT
/*C69*/SET SCHEMA PUBLIC
DROP TABLE user_roles IF EXISTS
DROP TABLE meals IF EXISTS
DROP TABLE users IF EXISTS
DROP SEQUENCE global_seq IF EXISTS
CREATE SEQUENCE GLOBAL_SEQ AS INTEGER START WITH 100000
CREATE TABLE users ( id INTEGER GENERATED BY DEFAULT AS SEQUENCE GLOBAL_SEQ PRIMARY KEY, name VARCHAR(255) NOT NULL, email VARCHAR(255) NOT NULL, password VARCHAR(255) NOT NULL, registered TIMESTAMP DEFAULT now() NOT NULL, enabled BOOLEAN DEFAULT TRUE NOT NULL, calories_per_day INTEGER DEFAULT 2000 NOT NULL )
CREATE UNIQUE INDEX users_unique_email_idx ON USERS (email)
CREATE TABLE user_roles ( user_id INTEGER NOT NULL, role VARCHAR(255), CONSTRAINT user_roles_idx UNIQUE (user_id, role), FOREIGN KEY (user_id) REFERENCES USERS (id) ON DELETE CASCADE )
CREATE TABLE meals ( id INTEGER GENERATED BY DEFAULT AS SEQUENCE GLOBAL_SEQ PRIMARY KEY, date_time TIMESTAMP NOT NULL, description VARCHAR(255) NOT NULL, calories INT NOT NULL, user_id INTEGER NOT NULL, FOREIGN KEY (user_id) REFERENCES USERS (id) ON DELETE CASCADE )
CREATE UNIQUE INDEX meals_unique_user_datetime_idx ON meals (user_id, date_time)
ALTER SEQUENCE global_seq RESTART WITH 100000
INSERT INTO USERS VALUES(100000,'User','user@yandex.ru','password','2018-03-25 23:43:47.092000',TRUE,2000)
INSERT INTO USERS VALUES(100001,'Admin','admin@gmail.com','admin','2018-03-25 23:43:47.092000',TRUE,2000)
ALTER SEQUENCE PUBLIC.GLOBAL_SEQ RESTART WITH 100002
COMMIT
INSERT INTO USER_ROLES VALUES(100000,'ROLE_USER')
INSERT INTO USER_ROLES VALUES(100001,'ROLE_ADMIN')
COMMIT
INSERT INTO MEALS VALUES(100002,'2015-05-30 10:00:00.000000','\u0417\u0430\u0432\u0442\u0440\u0430\u043a',500,100000)
INSERT INTO MEALS VALUES(100003,'2015-05-30 13:00:00.000000','\u041e\u0431\u0435\u0434',1000,100000)
INSERT INTO MEALS VALUES(100004,'2015-05-30 20:00:00.000000','\u0423\u0436\u0438\u043d',500,100000)
INSERT INTO MEALS VALUES(100005,'2015-05-31 10:00:00.000000','\u0417\u0430\u0432\u0442\u0440\u0430\u043a',500,100000)
INSERT INTO MEALS VALUES(100006,'2015-05-31 13:00:00.000000','\u041e\u0431\u0435\u0434',1000,100000)
INSERT INTO MEALS VALUES(100007,'2015-05-31 20:00:00.000000','\u0423\u0436\u0438\u043d',510,100000)
INSERT INTO MEALS VALUES(100008,'2015-06-01 14:00:00.000000','\u0410\u0434\u043c\u0438\u043d \u043b\u0430\u043d\u0447',510,100001)
INSERT INTO MEALS VALUES(100009,'2015-06-01 21:00:00.000000','\u0410\u0434\u043c\u0438\u043d \u0443\u0436\u0438\u043d',1500,100001)
ALTER SEQUENCE PUBLIC.GLOBAL_SEQ RESTART WITH 100010
COMMIT
DISCONNECT
/*C70*/SET SCHEMA PUBLIC
DISCONNECT
/*C71*/SET SCHEMA PUBLIC
DROP TABLE user_roles IF EXISTS
DROP TABLE meals IF EXISTS
DROP TABLE users IF EXISTS
DROP SEQUENCE global_seq IF EXISTS
CREATE SEQUENCE GLOBAL_SEQ AS INTEGER START WITH 100000
CREATE TABLE users ( id INTEGER GENERATED BY DEFAULT AS SEQUENCE GLOBAL_SEQ PRIMARY KEY, name VARCHAR(255) NOT NULL, email VARCHAR(255) NOT NULL, password VARCHAR(255) NOT NULL, registered TIMESTAMP DEFAULT now() NOT NULL, enabled BOOLEAN DEFAULT TRUE NOT NULL, calories_per_day INTEGER DEFAULT 2000 NOT NULL )
CREATE UNIQUE INDEX users_unique_email_idx ON USERS (email)
CREATE TABLE user_roles ( user_id INTEGER NOT NULL, role VARCHAR(255), CONSTRAINT user_roles_idx UNIQUE (user_id, role), FOREIGN KEY (user_id) REFERENCES USERS (id) ON DELETE CASCADE )
CREATE TABLE meals ( id INTEGER GENERATED BY DEFAULT AS SEQUENCE GLOBAL_SEQ PRIMARY KEY, date_time TIMESTAMP NOT NULL, description VARCHAR(255) NOT NULL, calories INT NOT NULL, user_id INTEGER NOT NULL, FOREIGN KEY (user_id) REFERENCES USERS (id) ON DELETE CASCADE )
CREATE UNIQUE INDEX meals_unique_user_datetime_idx ON meals (user_id, date_time)
ALTER SEQUENCE global_seq RESTART WITH 100000
INSERT INTO USERS VALUES(100000,'User','user@yandex.ru','password','2018-03-25 23:43:47.360000',TRUE,2000)
INSERT INTO USERS VALUES(100001,'Admin','admin@gmail.com','admin','2018-03-25 23:43:47.360000',TRUE,2000)
ALTER SEQUENCE PUBLIC.GLOBAL_SEQ RESTART WITH 100002
COMMIT
INSERT INTO USER_ROLES VALUES(100000,'ROLE_USER')
INSERT INTO USER_ROLES VALUES(100001,'ROLE_ADMIN')
COMMIT
INSERT INTO MEALS VALUES(100002,'2015-05-30 10:00:00.000000','\u0417\u0430\u0432\u0442\u0440\u0430\u043a',500,100000)
INSERT INTO MEALS VALUES(100003,'2015-05-30 13:00:00.000000','\u041e\u0431\u0435\u0434',1000,100000)
INSERT INTO MEALS VALUES(100004,'2015-05-30 20:00:00.000000','\u0423\u0436\u0438\u043d',500,100000)
INSERT INTO MEALS VALUES(100005,'2015-05-31 10:00:00.000000','\u0417\u0430\u0432\u0442\u0440\u0430\u043a',500,100000)
INSERT INTO MEALS VALUES(100006,'2015-05-31 13:00:00.000000','\u041e\u0431\u0435\u0434',1000,100000)
INSERT INTO MEALS VALUES(100007,'2015-05-31 20:00:00.000000','\u0423\u0436\u0438\u043d',510,100000)
INSERT INTO MEALS VALUES(100008,'2015-06-01 14:00:00.000000','\u0410\u0434\u043c\u0438\u043d \u043b\u0430\u043d\u0447',510,100001)
INSERT INTO MEALS VALUES(100009,'2015-06-01 21:00:00.000000','\u0410\u0434\u043c\u0438\u043d \u0443\u0436\u0438\u043d',1500,100001)
ALTER SEQUENCE PUBLIC.GLOBAL_SEQ RESTART WITH 100010
COMMIT
DISCONNECT
