#
# There is insufficient memory for the Java Runtime Environment to continue.
# Native memory allocation (mmap) failed to map 1007681536 bytes for committing reserved memory.
# Possible reasons:
#   The system is out of physical RAM or swap space
#   In 32 bit mode, the process size limit was hit
# Possible solutions:
#   Reduce memory load on the system
#   Increase physical memory or swap space
#   Check if swap backing store is full
#   Use 64 bit Java on a 64 bit OS
#   Decrease Java heap size (-Xmx/-Xms)
#   Decrease number of Java threads
#   Decrease Java thread stack sizes (-Xss)
#   Set larger code cache with -XX:ReservedCodeCacheSize=
# This output file may be truncated or incomplete.
#
#  Out of Memory Error (os_linux.cpp:2630), pid=1693, tid=0x00007f3ccfefe700
#
# JRE version: OpenJDK Runtime Environment (8.0_121-b13) (build 1.8.0_121-8u121-b13-1~bpo8+1-b13)
# Java VM: OpenJDK 64-Bit Server VM (25.121-b13 mixed mode linux-amd64 compressed oops)
# Core dump written. Default location: /root/workspace/languagetool-org/languagetool/309448408/languagetool-language-modules/pt/core or core.1693
#

---------------  T H R E A D  ---------------

Current thread (0x00007f3cf81c9000):  VMThread [stack: 0x00007f3ccfdfe000,0x00007f3ccfeff000] [id=1703]

Stack: [0x00007f3ccfdfe000,0x00007f3ccfeff000],  sp=0x00007f3ccfefd4c0,  free space=1021k
Native frames: (J=compiled Java code, j=interpreted, Vv=VM code, C=native code)
V  [libjvm.so+0xa9700d]
V  [libjvm.so+0x4ea26c]
V  [libjvm.so+0x8e2b90]
V  [libjvm.so+0x8dd27e]
V  [libjvm.so+0x95a25b]
V  [libjvm.so+0x95b5c3]
V  [libjvm.so+0x9580be]
V  [libjvm.so+0x9583ac]
V  [libjvm.so+0x908d43]
V  [libjvm.so+0xa98c42]
V  [libjvm.so+0xa9d7e7]
V  [libjvm.so+0xa9bb07]
V  [libjvm.so+0xa9c337]
V  [libjvm.so+0xa9c881]
V  [libjvm.so+0x8e0062]

VM_Operation (0x00007f3cfff58150): ParallelGCFailedAllocation, mode: safepoint, requested by thread 0x00007f3cf800c800


---------------  P R O C E S S  ---------------

Java Threads: ( => current thread )
  0x00007f3cf8473800 JavaThread "GC Daemon" daemon [_thread_blocked, id=1717, stack(0x00007f3ccecee000,0x00007f3ccedef000)]
  0x00007f3cf846d800 JavaThread "RMI RenewClean-[172.17.0.61:53686]" daemon [_thread_blocked, id=1716, stack(0x00007f3ccedef000,0x00007f3cceef0000)]
  0x00007f3cf846b800 JavaThread "RMI Scheduler(0)" daemon [_thread_blocked, id=1715, stack(0x00007f3cceef0000,0x00007f3cceff1000)]
  0x00007f3cf83ce000 JavaThread "Service Thread" daemon [_thread_blocked, id=1711, stack(0x00007f3ccf30e000,0x00007f3ccf40f000)]
  0x00007f3cf83cb000 JavaThread "C1 CompilerThread3" daemon [_thread_blocked, id=1710, stack(0x00007f3ccf40f000,0x00007f3ccf510000)]
  0x00007f3cf83c9000 JavaThread "C2 CompilerThread2" daemon [_thread_blocked, id=1709, stack(0x00007f3ccf510000,0x00007f3ccf611000)]
  0x00007f3cf83c7800 JavaThread "C2 CompilerThread1" daemon [_thread_blocked, id=1708, stack(0x00007f3ccf611000,0x00007f3ccf712000)]
  0x00007f3cf83c6000 JavaThread "C2 CompilerThread0" daemon [_thread_blocked, id=1707, stack(0x00007f3ccf712000,0x00007f3ccf813000)]
  0x00007f3cf81fe000 JavaThread "Signal Dispatcher" daemon [_thread_blocked, id=1706, stack(0x00007f3ccf98c000,0x00007f3ccfa8d000)]
  0x00007f3cf81d5800 JavaThread "Finalizer" daemon [_thread_blocked, id=1705, stack(0x00007f3ccfbfc000,0x00007f3ccfcfd000)]
  0x00007f3cf81d0800 JavaThread "Reference Handler" daemon [_thread_blocked, id=1704, stack(0x00007f3ccfcfd000,0x00007f3ccfdfe000)]
  0x00007f3cf800c800 JavaThread "main" [_thread_blocked, id=1694, stack(0x00007f3cffe5a000,0x00007f3cfff5b000)]

Other Threads:
=>0x00007f3cf81c9000 VMThread [stack: 0x00007f3ccfdfe000,0x00007f3ccfeff000] [id=1703]
  0x00007f3cf83d0800 WatcherThread [stack: 0x00007f3ccf20d000,0x00007f3ccf30e000] [id=1712]

VM state:at safepoint (normal execution)

VM Mutex/Monitor currently owned by a thread:  ([mutex/lock_event])
[0x00007f3cf8008b70] Threads_lock - owner thread: 0x00007f3cf81c9000
[0x00007f3cf8009070] Heap_lock - owner thread: 0x00007f3cf800c800

Heap:
 PSYoungGen      total 1023488K, used 224K [0x0000000718100000, 0x0000000759200000, 0x00000007c0000000)
  eden space 980992K, 0% used [0x0000000718100000,0x0000000718100000,0x0000000753f00000)
  from space 42496K, 0% used [0x0000000753f00000,0x0000000753f38000,0x0000000756880000)
  to   space 41472K, 0% used [0x0000000756980000,0x0000000756980000,0x0000000759200000)
 ParOldGen       total 344064K, used 56726K [0x00000005c8200000, 0x00000005dd200000, 0x0000000718100000)
  object space 344064K, 16% used [0x00000005c8200000,0x00000005cb965938,0x00000005dd200000)
 Metaspace       used 14605K, capacity 14888K, committed 15104K, reserved 1062912K
  class space    used 1606K, capacity 1708K, committed 1792K, reserved 1048576K

Card table byte_map: [0x00007f3ce8040000,0x00007f3ce9000000] byte_map_base: 0x00007f3ce51ff000

Marking Bits: (ParMarkBitMap*) 0x00007f3cff135340
 Begin Bits: [0x00007f3cd74cb000, 0x00007f3cdf2c3000)
 End Bits:   [0x00007f3cdf2c3000, 0x00007f3ce70bb000)

Polling page: 0x00007f3cfff65000

CodeCache: size=245760Kb used=13351Kb max_used=13378Kb free=232408Kb
 bounds [0x00007f3ce9000000, 0x00007f3ce9d30000, 0x00007f3cf8000000]
 total_blobs=3100 nmethods=2729 adapters=285
 compilation: enabled

Compilation events (10 events):
Event: 26.241 Thread 0x00007f3cf83c9000 nmethod 3412 0x00007f3ce9cbbb10 code [0x00007f3ce9cbbd20, 0x00007f3ce9cbc198]
Event: 26.249 Thread 0x00007f3cf83c7800 3413       4       java.util.concurrent.ConcurrentHashMap$EntrySetView::iterator (34 bytes)
Event: 26.265 Thread 0x00007f3cf83c7800 nmethod 3413 0x00007f3ce9cbb290 code [0x00007f3ce9cbb400, 0x00007f3ce9cbb718]
Event: 26.326 Thread 0x00007f3cf83c9000 3414       4       java.util.EnumMap::isValidKey (36 bytes)
Event: 26.327 Thread 0x00007f3cf83c9000 nmethod 3414 0x00007f3ce9cbc710 code [0x00007f3ce9cbc860, 0x00007f3ce9cbc978]
Event: 26.366 Thread 0x00007f3cf83c7800 3415   !   4       org.languagetool.tagging.disambiguation.MultiWordChunker::lazyInit (519 bytes)
Event: 26.367 Thread 0x00007f3cf83c7800 nmethod 3415 0x00007f3ce9635c10 code [0x00007f3ce9635d60, 0x00007f3ce9635dd8]
Event: 26.445 Thread 0x00007f3cf83c6000 nmethod 3411 0x00007f3ce9d18cd0 code [0x00007f3ce9d19240, 0x00007f3ce9d1e400]
Event: 26.485 Thread 0x00007f3cf83c7800 3416       4       org.languagetool.JLanguageTool::getAnalyzedSentence (108 bytes)
Event: 26.504 Thread 0x00007f3cf83c7800 nmethod 3416 0x00007f3ce9cbced0 code [0x00007f3ce9cbd0c0, 0x00007f3ce9cbd630]

GC Heap History (10 events):
Event: 10.930 GC heap after
Heap after GC invocations=5 (full 1):
 PSYoungGen      total 279552K, used 14153K [0x0000000718100000, 0x000000072a700000, 0x00000007c0000000)
  eden space 258048K, 0% used [0x0000000718100000,0x0000000718100000,0x0000000727d00000)
  from space 21504K, 65% used [0x0000000729200000,0x0000000729fd2730,0x000000072a700000)
  to   space 21504K, 0% used [0x0000000727d00000,0x0000000727d00000,0x0000000729200000)
 ParOldGen       total 344064K, used 13340K [0x00000005c8200000, 0x00000005dd200000, 0x0000000718100000)
  object space 344064K, 3% used [0x00000005c8200000,0x00000005c8f071c0,0x00000005dd200000)
 Metaspace       used 14041K, capacity 14268K, committed 14592K, reserved 1062912K
  class space    used 1570K, capacity 1672K, committed 1792K, reserved 1048576K
}
Event: 17.545 GC heap before
{Heap before GC invocations=6 (full 1):
 PSYoungGen      total 279552K, used 272201K [0x0000000718100000, 0x000000072a700000, 0x00000007c0000000)
  eden space 258048K, 100% used [0x0000000718100000,0x0000000727d00000,0x0000000727d00000)
  from space 21504K, 65% used [0x0000000729200000,0x0000000729fd2730,0x000000072a700000)
  to   space 21504K, 0% used [0x0000000727d00000,0x0000000727d00000,0x0000000729200000)
 ParOldGen       total 344064K, used 13340K [0x00000005c8200000, 0x00000005dd200000, 0x0000000718100000)
  object space 344064K, 3% used [0x00000005c8200000,0x00000005c8f071c0,0x00000005dd200000)
 Metaspace       used 14504K, capacity 14760K, committed 15104K, reserved 1062912K
  class space    used 1605K, capacity 1708K, committed 1792K, reserved 1048576K
Event: 17.688 GC heap after
Heap after GC invocations=6 (full 1):
 PSYoungGen      total 279552K, used 21483K [0x0000000718100000, 0x000000073a300000, 0x00000007c0000000)
  eden space 258048K, 0% used [0x0000000718100000,0x0000000718100000,0x0000000727d00000)
  from space 21504K, 99% used [0x0000000727d00000,0x00000007291face0,0x0000000729200000)
  to   space 21504K, 0% used [0x0000000738e00000,0x0000000738e00000,0x000000073a300000)
 ParOldGen       total 344064K, used 35090K [0x00000005c8200000, 0x00000005dd200000, 0x0000000718100000)
  object space 344064K, 10% used [0x00000005c8200000,0x00000005ca4449f0,0x00000005dd200000)
 Metaspace       used 14504K, capacity 14760K, committed 15104K, reserved 1062912K
  class space    used 1605K, capacity 1708K, committed 1792K, reserved 1048576K
}
Event: 18.820 GC heap before
{Heap before GC invocations=7 (full 1):
 PSYoungGen      total 279552K, used 279531K [0x0000000718100000, 0x000000073a300000, 0x00000007c0000000)
  eden space 258048K, 100% used [0x0000000718100000,0x0000000727d00000,0x0000000727d00000)
  from space 21504K, 99% used [0x0000000727d00000,0x00000007291face0,0x0000000729200000)
  to   space 21504K, 0% used [0x0000000738e00000,0x0000000738e00000,0x000000073a300000)
 ParOldGen       total 344064K, used 35090K [0x00000005c8200000, 0x00000005dd200000, 0x0000000718100000)
  object space 344064K, 10% used [0x00000005c8200000,0x00000005ca4449f0,0x00000005dd200000)
 Metaspace       used 14536K, capacity 14824K, committed 15104K, reserved 1062912K
  class space    used 1606K, capacity 1708K, committed 1792K, reserved 1048576K
Event: 18.895 GC heap after
Heap after GC invocations=7 (full 1):
 PSYoungGen      total 512000K, used 21483K [0x0000000718100000, 0x000000073d500000, 0x00000007c0000000)
  eden space 490496K, 0% used [0x0000000718100000,0x0000000718100000,0x0000000736000000)
  from space 21504K, 99% used [0x0000000738e00000,0x000000073a2fad00,0x000000073a300000)
  to   space 47104K, 0% used [0x0000000736000000,0x0000000736000000,0x0000000738e00000)
 ParOldGen       total 344064K, used 35194K [0x00000005c8200000, 0x00000005dd200000, 0x0000000718100000)
  object space 344064K, 10% used [0x00000005c8200000,0x00000005ca45e9f0,0x00000005dd200000)
 Metaspace       used 14536K, capacity 14824K, committed 15104K, reserved 1062912K
  class space    used 1606K, capacity 1708K, committed 1792K, reserved 1048576K
}
Event: 20.828 GC heap before
{Heap before GC invocations=8 (full 1):
 PSYoungGen      total 512000K, used 511979K [0x0000000718100000, 0x000000073d500000, 0x00000007c0000000)
  eden space 490496K, 100% used [0x0000000718100000,0x0000000736000000,0x0000000736000000)
  from space 21504K, 99% used [0x0000000738e00000,0x000000073a2fad00,0x000000073a300000)
  to   space 47104K, 0% used [0x0000000736000000,0x0000000736000000,0x0000000738e00000)
 ParOldGen       total 344064K, used 35194K [0x00000005c8200000, 0x00000005dd200000, 0x0000000718100000)
  object space 344064K, 10% used [0x00000005c8200000,0x00000005ca45e9f0,0x00000005dd200000)
 Metaspace       used 14542K, capacity 14824K, committed 15104K, reserved 1062912K
  class space    used 1606K, capacity 1708K, committed 1792K, reserved 1048576K
Event: 20.932 GC heap after
Heap after GC invocations=8 (full 1):
 PSYoungGen      total 537600K, used 21547K [0x0000000718100000, 0x0000000759400000, 0x00000007c0000000)
  eden space 490496K, 0% used [0x0000000718100000,0x0000000718100000,0x0000000736000000)
  from space 47104K, 45% used [0x0000000736000000,0x000000073750ace0,0x0000000738e00000)
  to   space 43520K, 0% used [0x0000000756980000,0x0000000756980000,0x0000000759400000)
 ParOldGen       total 344064K, used 35202K [0x00000005c8200000, 0x00000005dd200000, 0x0000000718100000)
  object space 344064K, 10% used [0x00000005c8200000,0x00000005ca4609f0,0x00000005dd200000)
 Metaspace       used 14542K, capacity 14824K, committed 15104K, reserved 1062912K
  class space    used 1606K, capacity 1708K, committed 1792K, reserved 1048576K
}
Event: 23.081 GC heap before
{Heap before GC invocations=9 (full 1):
 PSYoungGen      total 537600K, used 512043K [0x0000000718100000, 0x0000000759400000, 0x00000007c0000000)
  eden space 490496K, 100% used [0x0000000718100000,0x0000000736000000,0x0000000736000000)
  from space 47104K, 45% used [0x0000000736000000,0x000000073750ace0,0x0000000738e00000)
  to   space 43520K, 0% used [0x0000000756980000,0x0000000756980000,0x0000000759400000)
 ParOldGen       total 344064K, used 35202K [0x00000005c8200000, 0x00000005dd200000, 0x0000000718100000)
  object space 344064K, 10% used [0x00000005c8200000,0x00000005ca4609f0,0x00000005dd200000)
 Metaspace       used 14588K, capacity 14824K, committed 15104K, reserved 1062912K
  class space    used 1606K, capacity 1708K, committed 1792K, reserved 1048576K
Event: 23.227 GC heap after
Heap after GC invocations=9 (full 1):
 PSYoungGen      total 1022464K, used 16735K [0x0000000718100000, 0x0000000759200000, 0x00000007c0000000)
  eden space 980992K, 0% used [0x0000000718100000,0x0000000718100000,0x0000000753f00000)
  from space 41472K, 40% used [0x0000000756980000,0x00000007579d7fa0,0x0000000759200000)
  to   space 42496K, 0% used [0x0000000753f00000,0x0000000753f00000,0x0000000756880000)
 ParOldGen       total 344064K, used 40032K [0x00000005c8200000, 0x00000005dd200000, 0x0000000718100000)
  object space 344064K, 11% used [0x00000005c8200000,0x00000005ca918050,0x00000005dd200000)
 Metaspace       used 14588K, capacity 14824K, committed 15104K, reserved 1062912K
  class space    used 1606K, capacity 1708K, committed 1792K, reserved 1048576K
}
Event: 26.684 GC heap before
{Heap before GC invocations=10 (full 1):
 PSYoungGen      total 1022464K, used 997727K [0x0000000718100000, 0x0000000759200000, 0x00000007c0000000)
  eden space 980992K, 100% used [0x0000000718100000,0x0000000753f00000,0x0000000753f00000)
  from space 41472K, 40% used [0x0000000756980000,0x00000007579d7fa0,0x0000000759200000)
  to   space 42496K, 0% used [0x0000000753f00000,0x0000000753f00000,0x0000000756880000)
 ParOldGen       total 344064K, used 40032K [0x00000005c8200000, 0x00000005dd200000, 0x0000000718100000)
  object space 344064K, 11% used [0x00000005c8200000,0x00000005ca918050,0x00000005dd200000)
 Metaspace       used 14605K, capacity 14888K, committed 15104K, reserved 1062912K
  class space    used 1606K, capacity 1708K, committed 1792K, reserved 1048576K

Deoptimization events (10 events):
Event: 23.423 Thread 0x00007f3cf800c800 Uncommon trap: reason=unstable_if action=reinterpret pc=0x00007f3ce9423a64 method=org.languagetool.tools.StringTools.isWhitespace(Ljava/lang/String;)Z @ 59
Event: 23.464 Thread 0x00007f3cf800c800 Uncommon trap: reason=unstable_if action=reinterpret pc=0x00007f3ce979ca40 method=java.util.regex.Pattern$GroupTail.match(Ljava/util/regex/Matcher;ILjava/lang/CharSequence;)Z @ 13
Event: 23.467 Thread 0x00007f3cf800c800 Uncommon trap: reason=unstable_if action=reinterpret pc=0x00007f3ce9aedd20 method=java.lang.Character.isLowerCase(I)Z @ 16
Event: 23.474 Thread 0x00007f3cf800c800 Uncommon trap: reason=class_check action=maybe_recompile pc=0x00007f3ce97986f8 method=java.util.regex.Pattern$Pos.match(Ljava/util/regex/Matcher;ILjava/lang/CharSequence;)Z @ 68
Event: 23.474 Thread 0x00007f3cf800c800 Uncommon trap: reason=unstable_if action=reinterpret pc=0x00007f3ce9c5a944 method=org.languagetool.tokenizers.pt.PortugueseWordTokenizer.tokenize(Ljava/lang/String;)Ljava/util/List; @ 106
Event: 23.476 Thread 0x00007f3cf800c800 Uncommon trap: reason=class_check action=maybe_recompile pc=0x00007f3ce97986f8 method=java.util.regex.Pattern$Pos.match(Ljava/util/regex/Matcher;ILjava/lang/CharSequence;)Z @ 68
Event: 23.482 Thread 0x00007f3cf800c800 Uncommon trap: reason=class_check action=maybe_recompile pc=0x00007f3ce97986f8 method=java.util.regex.Pattern$Pos.match(Ljava/util/regex/Matcher;ILjava/lang/CharSequence;)Z @ 68
Event: 23.490 Thread 0x00007f3cf800c800 Uncommon trap: reason=class_check action=maybe_recompile pc=0x00007f3ce97986f8 method=java.util.regex.Pattern$Pos.match(Ljava/util/regex/Matcher;ILjava/lang/CharSequence;)Z @ 68
Event: 25.135 Thread 0x00007f3cf800c800 Uncommon trap: reason=unstable_if action=reinterpret pc=0x00007f3ce9c997c0 method=java.util.regex.Pattern$BnM.match(Ljava/util/regex/Matcher;ILjava/lang/CharSequence;)Z @ 118
Event: 25.582 Thread 0x00007f3cf800c800 Uncommon trap: reason=range_check action=make_not_entrant pc=0x00007f3ce9cfd9c4 method=java.lang.String.charAt(I)C @ 27

Internal exceptions (10 events):
Event: 14.992 Thread 0x00007f3cf800c800 Implicit null exception at 0x00007f3ce9936323 to 0x00007f3ce99386d1
Event: 15.646 Thread 0x00007f3cf800c800 Exception <a 'java/lang/NoClassDefFoundError': javassist/ClassPool> (0x000000071f545f68) thrown at [/tmp/buildd/openjdk-8-8u121-b13/src/hotspot/src/share/vm/oops/constantPool.cpp, line 235]
Event: 15.753 Thread 0x00007f3cf800c800 Implicit null exception at 0x00007f3ce91ea0f4 to 0x00007f3ce91ea4d9
Event: 16.051 Thread 0x00007f3cf800c800 Exception <a 'java/lang/NoSuchMethodError': java.lang.Object.lambda$maxBy$1(Ljava/util/Comparator;Ljava/lang/Object;Ljava/lang/Object;)Ljava/lang/Object;> (0x000000072185c1f0) thrown at [/tmp/buildd/openjdk-8-8u121-b13/src/hotspot/src/share/vm/interpreter
Event: 16.052 Thread 0x00007f3cf800c800 Implicit null exception at 0x00007f3ce92c2d3c to 0x00007f3ce92c4c44
Event: 16.052 Thread 0x00007f3cf800c800 Exception <a 'java/lang/NullPointerException'> (0x000000072185f760) thrown at [/tmp/buildd/openjdk-8-8u121-b13/src/hotspot/src/share/vm/runtime/sharedRuntime.cpp, line 605]
Event: 16.133 Thread 0x00007f3cf800c800 Implicit null exception at 0x00007f3ce95858f9 to 0x00007f3ce9585b85
Event: 16.580 Thread 0x00007f3cf800c800 Implicit null exception at 0x00007f3ce9564df3 to 0x00007f3ce9564f6d
Event: 17.086 Thread 0x00007f3cf800c800 Implicit null exception at 0x00007f3ce9349c97 to 0x00007f3ce934a715
Event: 22.818 Thread 0x00007f3cf800c800 Implicit null exception at 0x00007f3ce9c41bdc to 0x00007f3ce9c44831

Events (10 events):
Event: 25.099 Thread 0x00007f3cf800c800 DEOPT UNPACKING pc=0x00007f3ce9047373 sp=0x00007f3cfff579b8 mode 0
Event: 25.134 Thread 0x00007f3cf800c800 Uncommon trap: trap_request=0xffffff65 fr.pc=0x00007f3ce9c997c0
Event: 25.135 Thread 0x00007f3cf800c800 DEOPT PACKING pc=0x00007f3ce9c997c0 sp=0x00007f3cfff57fc0
Event: 25.135 Thread 0x00007f3cf800c800 DEOPT UNPACKING pc=0x00007f3ce9004f69 sp=0x00007f3cfff57f80 mode 2
Event: 25.156 Thread 0x00007f3cf800c800 DEOPT PACKING pc=0x00007f3ce93929f8 sp=0x00007f3cfff57c30
Event: 25.156 Thread 0x00007f3cf800c800 DEOPT UNPACKING pc=0x00007f3ce9047373 sp=0x00007f3cfff579b8 mode 0
Event: 25.582 Thread 0x00007f3cf800c800 Uncommon trap: trap_request=0xffffffe4 fr.pc=0x00007f3ce9cfd9c4
Event: 25.582 Thread 0x00007f3cf800c800 DEOPT PACKING pc=0x00007f3ce9cfd9c4 sp=0x00007f3cfff57bd0
Event: 25.582 Thread 0x00007f3cf800c800 DEOPT UNPACKING pc=0x00007f3ce9004f69 sp=0x00007f3cfff57b50 mode 2
Event: 26.684 Executing VM operation: ParallelGCFailedAllocation


Dynamic libraries:
00400000-00401000 r-xp 00000000 00:ce 90                                 /usr/lib/jvm/java-8-openjdk-amd64/jre/bin/java
00600000-00601000 r--p 00000000 00:ce 90                                 /usr/lib/jvm/java-8-openjdk-amd64/jre/bin/java
00601000-00602000 rw-p 00001000 00:ce 90                                 /usr/lib/jvm/java-8-openjdk-amd64/jre/bin/java
019d1000-019f2000 rw-p 00000000 00:00 0                                  [heap]
5c8200000-5dd200000 rw-p 00000000 00:00 0 
5dd200000-718100000 ---p 00000000 00:00 0 
718100000-759200000 rw-p 00000000 00:00 0 
795300000-7c0000000 ---p 00000000 00:00 0 
7c0000000-7c01c0000 rw-p 00000000 00:00 0 
7c01c0000-800000000 ---p 00000000 00:00 0 
7f3c78000000-7f3c78021000 rw-p 00000000 00:00 0 
7f3c78021000-7f3c7c000000 ---p 00000000 00:00 0 
7f3c7c000000-7f3c7c021000 rw-p 00000000 00:00 0 
7f3c7c021000-7f3c80000000 ---p 00000000 00:00 0 
7f3c80000000-7f3c80021000 rw-p 00000000 00:00 0 
7f3c80021000-7f3c84000000 ---p 00000000 00:00 0 
7f3c84000000-7f3c84021000 rw-p 00000000 00:00 0 
7f3c84021000-7f3c88000000 ---p 00000000 00:00 0 
7f3c88000000-7f3c88edc000 rw-p 00000000 00:00 0 
7f3c88edc000-7f3c8c000000 ---p 00000000 00:00 0 
7f3c8c000000-7f3c8c021000 rw-p 00000000 00:00 0 
7f3c8c021000-7f3c90000000 ---p 00000000 00:00 0 
7f3c90000000-7f3c918d1000 rw-p 00000000 00:00 0 
7f3c918d1000-7f3c94000000 ---p 00000000 00:00 0 
7f3c94000000-7f3c94f23000 rw-p 00000000 00:00 0 
7f3c94f23000-7f3c98000000 ---p 00000000 00:00 0 
7f3c98000000-7f3c98021000 rw-p 00000000 00:00 0 
7f3c98021000-7f3c9c000000 ---p 00000000 00:00 0 
7f3c9c000000-7f3c9d3d9000 rw-p 00000000 00:00 0 
7f3c9d3d9000-7f3ca0000000 ---p 00000000 00:00 0 
7f3ca0000000-7f3ca0021000 rw-p 00000000 00:00 0 
7f3ca0021000-7f3ca4000000 ---p 00000000 00:00 0 
7f3ca4000000-7f3ca4021000 rw-p 00000000 00:00 0 
7f3ca4021000-7f3ca8000000 ---p 00000000 00:00 0 
7f3ca8000000-7f3ca8021000 rw-p 00000000 00:00 0 
7f3ca8021000-7f3cac000000 ---p 00000000 00:00 0 
7f3cac000000-7f3cac021000 rw-p 00000000 00:00 0 
7f3cac021000-7f3cb0000000 ---p 00000000 00:00 0 
7f3cb0000000-7f3cb0021000 rw-p 00000000 00:00 0 
7f3cb0021000-7f3cb4000000 ---p 00000000 00:00 0 
7f3cb4000000-7f3cb4021000 rw-p 00000000 00:00 0 
7f3cb4021000-7f3cb8000000 ---p 00000000 00:00 0 
7f3cb8000000-7f3cb8021000 rw-p 00000000 00:00 0 
7f3cb8021000-7f3cbc000000 ---p 00000000 00:00 0 
7f3cbc000000-7f3cbc021000 rw-p 00000000 00:00 0 
7f3cbc021000-7f3cc0000000 ---p 00000000 00:00 0 
7f3cc0000000-7f3cc0021000 rw-p 00000000 00:00 0 
7f3cc0021000-7f3cc4000000 ---p 00000000 00:00 0 
7f3cc4fff000-7f3cc8000000 rw-p 00000000 00:00 0 
7f3cc8000000-7f3cc8021000 rw-p 00000000 00:00 0 
7f3cc8021000-7f3ccc000000 ---p 00000000 00:00 0 
7f3cce4ac000-7f3cce5ac000 rw-p 00000000 00:00 0 
7f3cce5ac000-7f3cce6ac000 ---p 00000000 00:00 0 
7f3cce8da000-7f3cceadb000 rw-p 00000000 00:00 0 
7f3cceadb000-7f3ccecdb000 rw-p 00000000 00:00 0 
7f3ccecdb000-7f3ccecee000 r--s 00346000 00:ce 118                        /usr/lib/jvm/java-8-openjdk-amd64/jre/lib/resources.jar
7f3ccecee000-7f3ccecf1000 ---p 00000000 00:00 0 
7f3ccecf1000-7f3ccedef000 rw-p 00000000 00:00 0                          [stack:17490]
7f3ccedef000-7f3ccedf2000 ---p 00000000 00:00 0 
7f3ccedf2000-7f3cceef0000 rw-p 00000000 00:00 0                          [stack:17489]
7f3cceef0000-7f3cceef3000 ---p 00000000 00:00 0 
7f3cceef3000-7f3cceff1000 rw-p 00000000 00:00 0                          [stack:17488]
7f3cceff1000-7f3cceff5000 r--s 0009a000 00:ce 120                        /usr/lib/jvm/java-8-openjdk-amd64/jre/lib/jsse.jar
7f3cceff5000-7f3ccf00c000 r-xp 00000000 00:ce 153                        /usr/lib/jvm/java-8-openjdk-amd64/jre/lib/amd64/libnet.so
7f3ccf00c000-7f3ccf20b000 ---p 00017000 00:ce 153                        /usr/lib/jvm/java-8-openjdk-amd64/jre/lib/amd64/libnet.so
7f3ccf20b000-7f3ccf20c000 r--p 00016000 00:ce 153                        /usr/lib/jvm/java-8-openjdk-amd64/jre/lib/amd64/libnet.so
7f3ccf20c000-7f3ccf20d000 rw-p 00017000 00:ce 153                        /usr/lib/jvm/java-8-openjdk-amd64/jre/lib/amd64/libnet.so
7f3ccf20d000-7f3ccf20e000 ---p 00000000 00:00 0 
7f3ccf20e000-7f3ccf30e000 rw-p 00000000 00:00 0                          [stack:17484]
7f3ccf30e000-7f3ccf311000 ---p 00000000 00:00 0 
7f3ccf311000-7f3ccf40f000 rw-p 00000000 00:00 0                          [stack:17483]
7f3ccf40f000-7f3ccf412000 ---p 00000000 00:00 0 
7f3ccf412000-7f3ccf510000 rw-p 00000000 00:00 0                          [stack:17482]
7f3ccf510000-7f3ccf513000 ---p 00000000 00:00 0 
7f3ccf513000-7f3ccf611000 rw-p 00000000 00:00 0                          [stack:17481]
7f3ccf611000-7f3ccf614000 ---p 00000000 00:00 0 
7f3ccf614000-7f3ccf712000 rw-p 00000000 00:00 0                          [stack:17480]
7f3ccf712000-7f3ccf715000 ---p 00000000 00:00 0 
7f3ccf715000-7f3ccf813000 rw-p 00000000 00:00 0                          [stack:17479]
7f3ccf813000-7f3ccf845000 r--s 00233000 00:ce 31087                      /tmp/gzoltar.agent2140258247781729895.jar
7f3ccf845000-7f3ccf86d000 r--s 0021c000 00:ce 5757                       /root/workspace/languagetool-org/languagetool/309448408/.m2/org/apache/lucene/lucene-core/5.5.4/lucene-core-5.5.4.jar
7f3ccf86d000-7f3ccf86f000 r--s 00006000 00:ce 5753                       /root/workspace/languagetool-org/languagetool/309448408/.m2/org/slf4j/slf4j-api/1.7.6/slf4j-api-1.7.6.jar
7f3ccf86f000-7f3ccf874000 r--s 00039000 00:ce 5761                       /root/workspace/languagetool-org/languagetool/309448408/.m2/edu/berkeley/nlp/berkeleylm/1.1.2/berkeleylm-1.1.2.jar
7f3ccf874000-7f3ccf876000 r--s 0000c000 00:ce 5741                       /root/workspace/languagetool-org/languagetool/309448408/.m2/org/carrot2/morfologik-stemming/2.1.4/morfologik-stemming-2.1.4.jar
7f3ccf876000-7f3ccf87a000 r--s 00107000 00:ce 5733                       /root/workspace/languagetool-org/languagetool/309448408/.m2/net/java/dev/jna/jna/4.4.0/jna-4.4.0.jar
7f3ccf87a000-7f3ccf880000 r--s 0002b000 00:ce 7198                       /root/workspace/languagetool-org/languagetool/309448408/.m2/org/languagetool/languagetool-core/4.0-SNAPSHOT/languagetool-core-4.0-SNAPSHOT-tests.jar
7f3ccf880000-7f3ccf888000 r--s 00062000 00:ce 5759                       /root/workspace/languagetool-org/languagetool/309448408/.m2/org/apache/lucene/lucene-backward-codecs/5.5.4/lucene-backward-codecs-5.5.4.jar
7f3ccf888000-7f3ccf890000 r--s 0006e000 00:ce 5729                       /root/workspace/languagetool-org/languagetool/309448408/.m2/org/apache/commons/commons-lang3/3.5/commons-lang3-3.5.jar
7f3ccf890000-7f3ccf898000 r--s 00045000 00:ce 5771                       /root/workspace/languagetool-org/languagetool/309448408/.m2/junit/junit/4.12/junit-4.12.jar
7f3ccf898000-7f3ccf89c000 r--s 00024000 00:ce 5751                       /root/workspace/languagetool-org/languagetool/309448408/.m2/net/arnx/jsonic/1.2.11/jsonic-1.2.11.jar
7f3ccf89c000-7f3ccf89d000 r--s 00004000 00:ce 5737                       /root/workspace/languagetool-org/languagetool/309448408/.m2/org/carrot2/morfologik-fsa/2.1.4/morfologik-fsa-2.1.4.jar
7f3ccf89d000-7f3ccf89e000 r--s 00004000 00:ce 5755                       /root/workspace/languagetool-org/languagetool/309448408/.m2/com/intellij/annotations/12.0/annotations-12.0.jar
7f3ccf89e000-7f3ccf8a5000 r--s 0007f000 00:ce 7193                       /root/workspace/languagetool-org/languagetool/309448408/.m2/org/languagetool/languagetool-core/4.0-SNAPSHOT/languagetool-core-4.0-SNAPSHOT.jar
7f3ccf8a5000-7f3ccf8a8000 r--s 00011000 00:ce 5746                       /root/workspace/languagetool-org/languagetool/309448408/.m2/net/loomchild/segment/2.0.0/segment-2.0.0.jar
7f3ccf8a8000-7f3ccf8aa000 r--s 00009000 00:ce 5774                       /root/workspace/languagetool-org/languagetool/309448408/.m2/org/hamcrest/hamcrest-core/1.3/hamcrest-core-1.3.jar
7f3ccf8aa000-7f3ccf8bc000 r--s 0011c000 00:ce 5763                       /root/workspace/languagetool-org/languagetool/309448408/.m2/com/fasterxml/jackson/core/jackson-databind/2.8.4/jackson-databind-2.8.4.jar
7f3ccf8bc000-7f3ccf8bd000 r--s 00007000 00:ce 5736                       /root/workspace/languagetool-org/languagetool/309448408/.m2/org/carrot2/morfologik-fsa-builders/2.1.4/morfologik-fsa-builders-2.1.4.jar
7f3ccf8bd000-7f3ccf8c1000 r--s 001c7000 00:ce 5750                       /root/workspace/languagetool-org/languagetool/309448408/.m2/com/optimaize/languagedetector/language-detector/0.6/language-detector-0.6.jar
7f3ccf8c1000-7f3ccf8c3000 r--s 0000d000 00:ce 5747                       /root/workspace/languagetool-org/languagetool/309448408/.m2/commons-logging/commons-logging/1.1.1/commons-logging-1.1.1.jar
7f3ccf8c3000-7f3ccf8f2000 r--s 00239000 00:ce 5731                       /root/workspace/languagetool-org/languagetool/309448408/.m2/com/google/guava/guava/21.0/guava-21.0.jar
7f3ccf8f2000-7f3ccf913000 r--s 00177000 00:ce 5744                       /root/workspace/languagetool-org/languagetool/309448408/.m2/com/carrotsearch/hppc/0.7.2/hppc-0.7.2.jar
7f3ccf913000-7f3ccf98c000 r--s 010fd000 00:ce 144                        /usr/lib/jvm/java-8-openjdk-amd64/lib/tools.jar
7f3ccf98c000-7f3ccf98f000 ---p 00000000 00:00 0 
7f3ccf98f000-7f3ccfa8d000 rw-p 00000000 00:00 0                          [stack:17478]
7f3ccfa8d000-7f3ccfbfc000 r--p 00000000 00:ce 56                         /usr/lib/locale/C.UTF-8/LC_COLLATE
7f3ccfbfc000-7f3ccfbff000 ---p 00000000 00:00 0 
7f3ccfbff000-7f3ccfcfd000 rw-p 00000000 00:00 0                          [stack:17477]
7f3ccfcfd000-7f3ccfd00000 ---p 00000000 00:00 0 
7f3ccfd00000-7f3ccfdfe000 rw-p 00000000 00:00 0                          [stack:17476]
7f3ccfdfe000-7f3ccfdff000 ---p 00000000 00:00 0 
7f3ccfdff000-7f3cd0000000 rw-p 00000000 00:00 0                          [stack:17475]
7f3cd0000000-7f3cd0021000 rw-p 00000000 00:00 0 
7f3cd0021000-7f3cd4000000 ---p 00000000 00:00 0 
7f3cd4000000-7f3cd4001000 r--s 00003000 00:ce 5740                       /root/workspace/languagetool-org/languagetool/309448408/.m2/org/carrot2/morfologik-speller/2.1.4/morfologik-speller-2.1.4.jar
7f3cd4001000-7f3cd4002000 r--s 0014d000 00:ce 7511                       /root/workspace/languagetool-org/languagetool/309448408/.m2/org/languagetool/hunspell-native-libs/2.9/hunspell-native-libs-2.9.jar
7f3cd4002000-7f3cd4006000 r--s 0001b000 00:ce 5769                       /root/workspace/languagetool-org/languagetool/309448408/.m2/javax/xml/bind/jaxb-api/2.3.0/jaxb-api-2.3.0.jar
7f3cd4006000-7f3cd5a6d000 rw-p 00000000 00:00 0 
7f3cd5a6d000-7f3cd5c3b000 r--s 03c06000 00:ce 119                        /usr/lib/jvm/java-8-openjdk-amd64/jre/lib/rt.jar
7f3cd5c3b000-7f3cd650c000 rw-p 00000000 00:00 0 
7f3cd650c000-7f3ce70bb000 rw-p 00000000 00:00 0 
7f3ce70bb000-7f3ce70bc000 ---p 00000000 00:00 0 
7f3ce70bc000-7f3ce71bc000 rw-p 00000000 00:00 0                          [stack:17474]
7f3ce71bc000-7f3ce71bd000 ---p 00000000 00:00 0 
7f3ce71bd000-7f3ce72bd000 rw-p 00000000 00:00 0                          [stack:17473]
7f3ce72bd000-7f3ce72be000 ---p 00000000 00:00 0 
7f3ce72be000-7f3ce73be000 rw-p 00000000 00:00 0                          [stack:17453]
7f3ce73be000-7f3ce73bf000 ---p 00000000 00:00 0 
7f3ce73bf000-7f3ce74bf000 rw-p 00000000 00:00 0                          [stack:17452]
7f3ce74bf000-7f3ce74c0000 ---p 00000000 00:00 0 
7f3ce74c0000-7f3ce7668000 rw-p 00000000 00:00 0                          [stack:17451]
7f3ce7668000-7f3ce8040000 ---p 00000000 00:00 0 
7f3ce8040000-7f3ce80e8000 rw-p 00000000 00:00 0 
7f3ce80e8000-7f3ce8abf000 ---p 00000000 00:00 0 
7f3ce8abf000-7f3ce8cc8000 rw-p 00000000 00:00 0 
7f3ce8cc8000-7f3ce8fff000 ---p 00000000 00:00 0 
7f3ce8fff000-7f3ce9000000 rw-p 00000000 00:00 0 
7f3ce9000000-7f3ce9d30000 rwxp 00000000 00:00 0 
7f3ce9d30000-7f3cf8000000 ---p 00000000 00:00 0 
7f3cf8000000-7f3cf86ad000 rw-p 00000000 00:00 0 
7f3cf86ad000-7f3cfc000000 ---p 00000000 00:00 0 
7f3cfc000000-7f3cfc003000 r--s 0000b000 00:ce 5766                       /root/workspace/languagetool-org/languagetool/309448408/.m2/com/fasterxml/jackson/core/jackson-annotations/2.8.0/jackson-annotations-2.8.0.jar
7f3cfc003000-7f3cfc007000 r--s 00041000 00:ce 5767                       /root/workspace/languagetool-org/languagetool/309448408/.m2/com/fasterxml/jackson/core/jackson-core/2.8.4/jackson-core-2.8.4.jar
7f3cfc007000-7f3cfc008000 r--s 0000a000 00:ce 137                        /usr/lib/jvm/java-8-openjdk-amd64/jre/lib/ext/jaccess.jar
7f3cfc008000-7f3cfc00c000 r--s 00037000 00:ce 135                        /usr/lib/jvm/java-8-openjdk-amd64/jre/lib/ext/sunpkcs11.jar
7f3cfc00c000-7f3cfc027000 r--s 00394000 00:ce 134                        /usr/lib/jvm/java-8-openjdk-amd64/jre/lib/ext/cldrdata.jar
7f3cfc027000-7f3cfc042000 r--s 001d6000 00:ce 126                        /usr/lib/jvm/java-8-openjdk-amd64/jre/lib/ext/nashorn.jar
7f3cfc042000-7f3cfc043000 ---p 00000000 00:00 0 
7f3cfc043000-7f3cfc143000 rw-p 00000000 00:00 0                          [stack:17450]
7f3cfc143000-7f3cfc144000 ---p 00000000 00:00 0 
7f3cfc144000-7f3cfc244000 rw-p 00000000 00:00 0                          [stack:17449]
7f3cfc244000-7f3cfc245000 ---p 00000000 00:00 0 
7f3cfc245000-7f3cfc37a000 rw-p 00000000 00:00 0                          [stack:17448]
7f3cfc37a000-7f3cfc705000 ---p 00000000 00:00 0 
7f3cfc705000-7f3cfc70d000 r-xp 00000000 00:ce 117                        /usr/lib/jvm/java-8-openjdk-amd64/jre/lib/amd64/libzip.so
7f3cfc70d000-7f3cfc90c000 ---p 00008000 00:ce 117                        /usr/lib/jvm/java-8-openjdk-amd64/jre/lib/amd64/libzip.so
7f3cfc90c000-7f3cfc90d000 r--p 00007000 00:ce 117                        /usr/lib/jvm/java-8-openjdk-amd64/jre/lib/amd64/libzip.so
7f3cfc90d000-7f3cfc90e000 rw-p 00008000 00:ce 117                        /usr/lib/jvm/java-8-openjdk-amd64/jre/lib/amd64/libzip.so
7f3cfc90e000-7f3cfc919000 r-xp 00000000 00:ce 82                         /lib/x86_64-linux-gnu/libnss_files-2.19.so
7f3cfc919000-7f3cfcb18000 ---p 0000b000 00:ce 82                         /lib/x86_64-linux-gnu/libnss_files-2.19.so
7f3cfcb18000-7f3cfcb19000 r--p 0000a000 00:ce 82                         /lib/x86_64-linux-gnu/libnss_files-2.19.so
7f3cfcb19000-7f3cfcb1a000 rw-p 0000b000 00:ce 82                         /lib/x86_64-linux-gnu/libnss_files-2.19.so
7f3cfcb1a000-7f3cfcb24000 r-xp 00000000 00:ce 80                         /lib/x86_64-linux-gnu/libnss_nis-2.19.so
7f3cfcb24000-7f3cfcd23000 ---p 0000a000 00:ce 80                         /lib/x86_64-linux-gnu/libnss_nis-2.19.so
7f3cfcd23000-7f3cfcd24000 r--p 00009000 00:ce 80                         /lib/x86_64-linux-gnu/libnss_nis-2.19.so
7f3cfcd24000-7f3cfcd25000 rw-p 0000a000 00:ce 80                         /lib/x86_64-linux-gnu/libnss_nis-2.19.so
7f3cfcd25000-7f3cfcd3a000 r-xp 00000000 00:ce 78                         /lib/x86_64-linux-gnu/libnsl-2.19.so
7f3cfcd3a000-7f3cfcf39000 ---p 00015000 00:ce 78                         /lib/x86_64-linux-gnu/libnsl-2.19.so
7f3cfcf39000-7f3cfcf3a000 r--p 00014000 00:ce 78                         /lib/x86_64-linux-gnu/libnsl-2.19.so
7f3cfcf3a000-7f3cfcf3b000 rw-p 00015000 00:ce 78                         /lib/x86_64-linux-gnu/libnsl-2.19.so
7f3cfcf3b000-7f3cfcf3d000 rw-p 00000000 00:00 0 
7f3cfcf3d000-7f3cfcf44000 r-xp 00000000 00:ce 76                         /lib/x86_64-linux-gnu/libnss_compat-2.19.so
7f3cfcf44000-7f3cfd143000 ---p 00007000 00:ce 76                         /lib/x86_64-linux-gnu/libnss_compat-2.19.so
7f3cfd143000-7f3cfd144000 r--p 00006000 00:ce 76                         /lib/x86_64-linux-gnu/libnss_compat-2.19.so
7f3cfd144000-7f3cfd145000 rw-p 00007000 00:ce 76                         /lib/x86_64-linux-gnu/libnss_compat-2.19.so
7f3cfd145000-7f3cfd14f000 r-xp 00000000 00:ce 31088                      /usr/lib/jvm/java-8-openjdk-amd64/jre/lib/amd64/libinstrument.so
7f3cfd14f000-7f3cfd34e000 ---p 0000a000 00:ce 31088                      /usr/lib/jvm/java-8-openjdk-amd64/jre/lib/amd64/libinstrument.so
7f3cfd34e000-7f3cfd34f000 r--p 00009000 00:ce 31088                      /usr/lib/jvm/java-8-openjdk-amd64/jre/lib/amd64/libinstrument.so
7f3cfd34f000-7f3cfd350000 rw-p 0000a000 00:ce 31088                      /usr/lib/jvm/java-8-openjdk-amd64/jre/lib/amd64/libinstrument.so
7f3cfd350000-7f3cfd37e000 r-xp 00000000 00:ce 99                         /usr/lib/jvm/java-8-openjdk-amd64/jre/lib/amd64/libjava.so
7f3cfd37e000-7f3cfd57d000 ---p 0002e000 00:ce 99                         /usr/lib/jvm/java-8-openjdk-amd64/jre/lib/amd64/libjava.so
7f3cfd57d000-7f3cfd57e000 r--p 0002d000 00:ce 99                         /usr/lib/jvm/java-8-openjdk-amd64/jre/lib/amd64/libjava.so
7f3cfd57e000-7f3cfd580000 rw-p 0002e000 00:ce 99                         /usr/lib/jvm/java-8-openjdk-amd64/jre/lib/amd64/libjava.so
7f3cfd580000-7f3cfd58f000 r-xp 00000000 00:ce 112                        /usr/lib/jvm/java-8-openjdk-amd64/jre/lib/amd64/libverify.so
7f3cfd58f000-7f3cfd78f000 ---p 0000f000 00:ce 112                        /usr/lib/jvm/java-8-openjdk-amd64/jre/lib/amd64/libverify.so
7f3cfd78f000-7f3cfd792000 r--p 0000f000 00:ce 112                        /usr/lib/jvm/java-8-openjdk-amd64/jre/lib/amd64/libverify.so
7f3cfd792000-7f3cfd793000 rw-p 00012000 00:ce 112                        /usr/lib/jvm/java-8-openjdk-amd64/jre/lib/amd64/libverify.so
7f3cfd793000-7f3cfd79a000 r-xp 00000000 00:ce 111                        /lib/x86_64-linux-gnu/librt-2.19.so
7f3cfd79a000-7f3cfd999000 ---p 00007000 00:ce 111                        /lib/x86_64-linux-gnu/librt-2.19.so
7f3cfd999000-7f3cfd99a000 r--p 00006000 00:ce 111                        /lib/x86_64-linux-gnu/librt-2.19.so
7f3cfd99a000-7f3cfd99b000 rw-p 00007000 00:ce 111                        /lib/x86_64-linux-gnu/librt-2.19.so
7f3cfd99b000-7f3cfd9b1000 r-xp 00000000 00:ce 109                        /lib/x86_64-linux-gnu/libgcc_s.so.1
7f3cfd9b1000-7f3cfdbb0000 ---p 00016000 00:ce 109                        /lib/x86_64-linux-gnu/libgcc_s.so.1
7f3cfdbb0000-7f3cfdbb1000 rw-p 00015000 00:ce 109                        /lib/x86_64-linux-gnu/libgcc_s.so.1
7f3cfdbb1000-7f3cfdcb1000 r-xp 00000000 00:ce 108                        /lib/x86_64-linux-gnu/libm-2.19.so
7f3cfdcb1000-7f3cfdeb0000 ---p 00100000 00:ce 108                        /lib/x86_64-linux-gnu/libm-2.19.so
7f3cfdeb0000-7f3cfdeb1000 r--p 000ff000 00:ce 108                        /lib/x86_64-linux-gnu/libm-2.19.so
7f3cfdeb1000-7f3cfdeb2000 rw-p 00100000 00:ce 108                        /lib/x86_64-linux-gnu/libm-2.19.so
7f3cfdeb2000-7f3cfdf9e000 r-xp 00000000 00:ce 106                        /usr/lib/x86_64-linux-gnu/libstdc++.so.6.0.20
7f3cfdf9e000-7f3cfe19e000 ---p 000ec000 00:ce 106                        /usr/lib/x86_64-linux-gnu/libstdc++.so.6.0.20
7f3cfe19e000-7f3cfe1a6000 r--p 000ec000 00:ce 106                        /usr/lib/x86_64-linux-gnu/libstdc++.so.6.0.20
7f3cfe1a6000-7f3cfe1a8000 rw-p 000f4000 00:ce 106                        /usr/lib/x86_64-linux-gnu/libstdc++.so.6.0.20
7f3cfe1a8000-7f3cfe1bd000 rw-p 00000000 00:00 0 
7f3cfe1bd000-7f3cfee55000 r-xp 00000000 00:ce 104                        /usr/lib/jvm/java-8-openjdk-amd64/jre/lib/amd64/server/libjvm.so
7f3cfee55000-7f3cff055000 ---p 00c98000 00:ce 104                        /usr/lib/jvm/java-8-openjdk-amd64/jre/lib/amd64/server/libjvm.so
7f3cff055000-7f3cff0f8000 r--p 00c98000 00:ce 104                        /usr/lib/jvm/java-8-openjdk-amd64/jre/lib/amd64/server/libjvm.so
7f3cff0f8000-7f3cff121000 rw-p 00d3b000 00:ce 104                        /usr/lib/jvm/java-8-openjdk-amd64/jre/lib/amd64/server/libjvm.so
7f3cff121000-7f3cff152000 rw-p 00000000 00:00 0 
7f3cff152000-7f3cff2f3000 r-xp 00000000 00:ce 34                         /lib/x86_64-linux-gnu/libc-2.19.so
7f3cff2f3000-7f3cff4f3000 ---p 001a1000 00:ce 34                         /lib/x86_64-linux-gnu/libc-2.19.so
7f3cff4f3000-7f3cff4f7000 r--p 001a1000 00:ce 34                         /lib/x86_64-linux-gnu/libc-2.19.so
7f3cff4f7000-7f3cff4f9000 rw-p 001a5000 00:ce 34                         /lib/x86_64-linux-gnu/libc-2.19.so
7f3cff4f9000-7f3cff4fd000 rw-p 00000000 00:00 0 
7f3cff4fd000-7f3cff500000 r-xp 00000000 00:ce 71                         /lib/x86_64-linux-gnu/libdl-2.19.so
7f3cff500000-7f3cff6ff000 ---p 00003000 00:ce 71                         /lib/x86_64-linux-gnu/libdl-2.19.so
7f3cff6ff000-7f3cff700000 r--p 00002000 00:ce 71                         /lib/x86_64-linux-gnu/libdl-2.19.so
7f3cff700000-7f3cff701000 rw-p 00003000 00:ce 71                         /lib/x86_64-linux-gnu/libdl-2.19.so
7f3cff701000-7f3cff70f000 r-xp 00000000 00:ce 98                         /usr/lib/jvm/java-8-openjdk-amd64/jre/lib/amd64/jli/libjli.so
7f3cff70f000-7f3cff90e000 ---p 0000e000 00:ce 98                         /usr/lib/jvm/java-8-openjdk-amd64/jre/lib/amd64/jli/libjli.so
7f3cff90e000-7f3cff90f000 r--p 0000d000 00:ce 98                         /usr/lib/jvm/java-8-openjdk-amd64/jre/lib/amd64/jli/libjli.so
7f3cff90f000-7f3cff910000 rw-p 0000e000 00:ce 98                         /usr/lib/jvm/java-8-openjdk-amd64/jre/lib/amd64/jli/libjli.so
7f3cff910000-7f3cff92a000 r-xp 00000000 00:ce 97                         /lib/x86_64-linux-gnu/libz.so.1.2.8
7f3cff92a000-7f3cffb29000 ---p 0001a000 00:ce 97                         /lib/x86_64-linux-gnu/libz.so.1.2.8
7f3cffb29000-7f3cffb2a000 r--p 00019000 00:ce 97                         /lib/x86_64-linux-gnu/libz.so.1.2.8
7f3cffb2a000-7f3cffb2b000 rw-p 0001a000 00:ce 97                         /lib/x86_64-linux-gnu/libz.so.1.2.8
7f3cffb2b000-7f3cffb43000 r-xp 00000000 00:ce 95                         /lib/x86_64-linux-gnu/libpthread-2.19.so
7f3cffb43000-7f3cffd42000 ---p 00018000 00:ce 95                         /lib/x86_64-linux-gnu/libpthread-2.19.so
7f3cffd42000-7f3cffd43000 r--p 00017000 00:ce 95                         /lib/x86_64-linux-gnu/libpthread-2.19.so
7f3cffd43000-7f3cffd44000 rw-p 00018000 00:ce 95                         /lib/x86_64-linux-gnu/libpthread-2.19.so
7f3cffd44000-7f3cffd48000 rw-p 00000000 00:00 0 
7f3cffd48000-7f3cffd68000 r-xp 00000000 00:ce 31                         /lib/x86_64-linux-gnu/ld-2.19.so
7f3cffd68000-7f3cffd6a000 r--s 00001000 00:ce 136                        /usr/lib/jvm/java-8-openjdk-amd64/jre/lib/ext/dnsns.jar
7f3cffd6a000-7f3cffd6f000 r--s 0003b000 00:ce 133                        /usr/lib/jvm/java-8-openjdk-amd64/jre/lib/ext/sunjce_provider.jar
7f3cffd6f000-7f3cffd71000 r--s 00008000 00:ce 132                        /usr/lib/jvm/java-8-openjdk-amd64/jre/lib/ext/sunec.jar
7f3cffd71000-7f3cffd72000 r--s 00010000 00:ce 130                        /usr/lib/jvm/java-8-openjdk-amd64/jre/lib/ext/zipfs.jar
7f3cffd72000-7f3cffd75000 r--s 0000f000 00:ce 129                        /usr/lib/jvm/java-8-openjdk-amd64/jre/lib/ext/icedtea-sound.jar
7f3cffd75000-7f3cffd77000 r--s 00006000 00:ce 139                        /usr/share/java/java-atk-wrapper.jar
7f3cffd77000-7f3cffd81000 r--s 00116000 00:ce 127                        /usr/lib/jvm/java-8-openjdk-amd64/jre/lib/ext/localedata.jar
7f3cffd81000-7f3cffda7000 r--p 00000000 00:ce 59                         /usr/lib/locale/C.UTF-8/LC_CTYPE
7f3cffda7000-7f3cffda8000 r--p 00000000 00:ce 58                         /usr/lib/locale/C.UTF-8/LC_NUMERIC
7f3cffda8000-7f3cffda9000 r--p 00000000 00:ce 57                         /usr/lib/locale/C.UTF-8/LC_TIME
7f3cffda9000-7f3cffdaa000 r--p 00000000 00:ce 55                         /usr/lib/locale/C.UTF-8/LC_MONETARY
7f3cffdaa000-7f3cffdab000 r--p 00000000 00:ce 54                         /usr/lib/locale/C.UTF-8/LC_MESSAGES/SYS_LC_MESSAGES
7f3cffdab000-7f3cffdac000 r--p 00000000 00:ce 52                         /usr/lib/locale/C.UTF-8/LC_PAPER
7f3cffdac000-7f3cffdad000 r--p 00000000 00:ce 51                         /usr/lib/locale/C.UTF-8/LC_NAME
7f3cffdad000-7f3cffdb4000 r--s 00000000 00:ce 47                         /usr/lib/x86_64-linux-gnu/gconv/gconv-modules.cache
7f3cffdb4000-7f3cffe52000 rw-p 00000000 00:00 0 
7f3cffe52000-7f3cffe5a000 rw-s 00000000 00:ce 31089                      /tmp/hsperfdata_root/1693
7f3cffe5a000-7f3cffe5d000 ---p 00000000 00:00 0 
7f3cffe5d000-7f3cfff60000 rw-p 00000000 00:00 0                          [stack:17447]
7f3cfff60000-7f3cfff61000 r--p 00000000 00:ce 50                         /usr/lib/locale/C.UTF-8/LC_ADDRESS
7f3cfff61000-7f3cfff62000 r--p 00000000 00:ce 49                         /usr/lib/locale/C.UTF-8/LC_TELEPHONE
7f3cfff62000-7f3cfff63000 r--p 00000000 00:ce 48                         /usr/lib/locale/C.UTF-8/LC_MEASUREMENT
7f3cfff63000-7f3cfff64000 r--p 00000000 00:ce 44                         /usr/lib/locale/C.UTF-8/LC_IDENTIFICATION
7f3cfff64000-7f3cfff65000 rw-p 00000000 00:00 0 
7f3cfff65000-7f3cfff66000 ---p 00000000 00:00 0 
7f3cfff66000-7f3cfff68000 rw-p 00000000 00:00 0 
7f3cfff68000-7f3cfff69000 r--p 00020000 00:ce 31                         /lib/x86_64-linux-gnu/ld-2.19.so
7f3cfff69000-7f3cfff6a000 rw-p 00021000 00:ce 31                         /lib/x86_64-linux-gnu/ld-2.19.so
7f3cfff6a000-7f3cfff6b000 rw-p 00000000 00:00 0 
7fffbd5a3000-7fffbd5c5000 rw-p 00000000 00:00 0                          [stack]
7fffbd5db000-7fffbd5dd000 r-xp 00000000 00:00 0                          [vdso]
7fffbd5dd000-7fffbd5df000 r--p 00000000 00:00 0                          [vvar]
ffffffffff600000-ffffffffff601000 r-xp 00000000 00:00 0                  [vsyscall]

VM Arguments:
jvm_args: -javaagent:/tmp/gzoltar.agent2140258247781729895.jar 
java_command: com.gzoltar.core.instr.Runner 5000 693c6f39-964d-4bf5-b570-37186e988c68
java_class_path (initial): /usr/lib/jvm/java-8-openjdk-amd64/lib/tools.jar:repairnator-pipeline.jar:/root/workspace/languagetool-org/languagetool/309448408/languagetool-language-modules/pt:/root/./workspace/languagetool-org/languagetool/309448408/.m2/com/fasterxml/jackson/core/jackson-core/2.8.4/jackson-core-2.8.4.jar:/root/./workspace/languagetool-org/languagetool/309448408/.m2/javax/xml/bind/jaxb-api/2.3.0/jaxb-api-2.3.0.jar:/root/./workspace/languagetool-org/languagetool/309448408/.m2/com/carrotsearch/hppc/0.7.2/hppc-0.7.2.jar:/root/./workspace/languagetool-org/languagetool/309448408/.m2/com/google/guava/guava/21.0/guava-21.0.jar:/root/./workspace/languagetool-org/languagetool/309448408/.m2/com/fasterxml/jackson/core/jackson-annotations/2.8.0/jackson-annotations-2.8.0.jar:/root/./workspace/languagetool-org/languagetool/309448408/.m2/org/languagetool/hunspell-native-libs/2.9/hunspell-native-libs-2.9.jar:/root/./workspace/languagetool-org/languagetool/309448408/.m2/org/carrot2/morfologik-speller/2.1.4/morfologik-speller-2.1.4.jar:/root/./output_astor/AstorMain-pt//bin//default:/root/./workspace/languagetool-org/languagetool/309448408/.m2/commons-logging/commons-logging/1.1.1/commons-logging-1.1.1.jar:/root/./workspace/languagetool-org/languagetool/309448408/.m2/com/optimaize/languagedetector/language-detector/0.6/language-detector-0.6.jar:/root/./workspace/languagetool-org/languagetool/309448408/.m2/org/carrot2/morfologik-fsa-builders/2.1.4/morfologik-fsa-builders-2.1.4.jar:/root/./workspace/languagetool-org/languagetool/309448408/.m2/com/fasterxml/jackson/core/jackson-databind/2.8.4/jackson-databind-2.8.4.jar:/root/./workspace/languagetool-org/languagetool/309448408/.m2/org/hamcrest/hamcrest-core/1.3/hamcrest-core-1.3.jar:/root/./workspace/languagetool-org/languagetool/309448408/.m2/net/loomchild/segment/2.0.0/segment-2.0.0.jar:/root/./workspace/languagetool-org/languagetool/309448408/.m2/org/languagetool/languagetool-core/4.0-SNAPSHOT/languagetool-core-4.0-SNAP
Launcher Type: SUN_STANDARD

Environment Variables:
JAVA_HOME=/usr/lib/jvm/java-8-openjdk-amd64
PATH=/usr/local/sbin:/usr/local/bin:/usr/sbin:/usr/bin:/sbin:/bin

Signal Handlers:
SIGSEGV: [libjvm.so+0xa97af0], sa_mask[0]=11111111011111111101111111111110, sa_flags=SA_RESTART|SA_SIGINFO
SIGBUS: [libjvm.so+0xa97af0], sa_mask[0]=11111111011111111101111111111110, sa_flags=SA_RESTART|SA_SIGINFO
SIGFPE: [libjvm.so+0x8de430], sa_mask[0]=11111111011111111101111111111110, sa_flags=SA_RESTART|SA_SIGINFO
SIGPIPE: [libjvm.so+0x8de430], sa_mask[0]=11111111011111111101111111111110, sa_flags=SA_RESTART|SA_SIGINFO
SIGXFSZ: [libjvm.so+0x8de430], sa_mask[0]=11111111011111111101111111111110, sa_flags=SA_RESTART|SA_SIGINFO
SIGILL: [libjvm.so+0x8de430], sa_mask[0]=11111111011111111101111111111110, sa_flags=SA_RESTART|SA_SIGINFO
SIGUSR1: SIG_DFL, sa_mask[0]=00000000000000000000000000000000, sa_flags=none
SIGUSR2: [libjvm.so+0x8de2e0], sa_mask[0]=00100000000000000000000000000000, sa_flags=SA_RESTART|SA_SIGINFO
SIGHUP: [libjvm.so+0x8de500], sa_mask[0]=11111111011111111101111111111110, sa_flags=SA_RESTART|SA_SIGINFO
SIGINT: [libjvm.so+0x8de500], sa_mask[0]=11111111011111111101111111111110, sa_flags=SA_RESTART|SA_SIGINFO
SIGTERM: [libjvm.so+0x8de500], sa_mask[0]=11111111011111111101111111111110, sa_flags=SA_RESTART|SA_SIGINFO
SIGQUIT: [libjvm.so+0x8de500], sa_mask[0]=11111111011111111101111111111110, sa_flags=SA_RESTART|SA_SIGINFO


---------------  S Y S T E M  ---------------

OS:PRETTY_NAME="Debian GNU/Linux 8 (jessie)"
NAME="Debian GNU/Linux"
VERSION_ID="8"
VERSION="8 (jessie)"
ID=debian
HOME_URL="http://www.debian.org/"
SUPPORT_URL="http://www.debian.org/support"
BUG_REPORT_URL="https://bugs.debian.org/"

uname:Linux 3.16.0-4-amd64 #1 SMP Debian 3.16.43-2+deb8u2 (2017-06-26) x86_64
libc:glibc 2.19 NPTL 2.19 
rlimit: STACK 8192k, CORE infinity, NPROC infinity, NOFILE 1048576, AS infinity
load average:11.94 9.47 7.37

/proc/meminfo:
MemTotal:       33018848 kB
MemFree:          240360 kB
MemAvailable:     814888 kB
Buffers:           14396 kB
Cached:           884496 kB
SwapCached:         4120 kB
Active:         29493904 kB
Inactive:        2531528 kB
Active(anon):   29242404 kB
Inactive(anon):  2280700 kB
Active(file):     251500 kB
Inactive(file):   250828 kB
Unevictable:           0 kB
Mlocked:               0 kB
SwapTotal:      10484732 kB
SwapFree:              0 kB
Dirty:               664 kB
Writeback:             0 kB
AnonPages:      31123232 kB
Mapped:            70200 kB
Shmem:            395984 kB
Slab:             478124 kB
SReclaimable:     325616 kB
SUnreclaim:       152508 kB
KernelStack:       48848 kB
PageTables:       118952 kB
NFS_Unstable:          0 kB
Bounce:                0 kB
WritebackTmp:          0 kB
CommitLimit:    26994156 kB
Committed_AS:   73888904 kB
VmallocTotal:   34359738367 kB
VmallocUsed:      202776 kB
VmallocChunk:   34359474424 kB
HardwareCorrupted:     0 kB
AnonHugePages:         0 kB
HugePages_Total:       0
HugePages_Free:        0
HugePages_Rsvd:        0
HugePages_Surp:        0
Hugepagesize:       2048 kB
DirectMap4k:      202624 kB
DirectMap2M:    33351680 kB


CPU:total 8 (1 cores per cpu, 1 threads per core) family 6 model 45 stepping 7, cmov, cx8, fxsr, mmx, sse, sse2, sse3, ssse3, sse4.1, sse4.2, popcnt, avx, aes, clmul, tsc, tscinvbit, tscinv

/proc/cpuinfo:
processor	: 0
vendor_id	: GenuineIntel
cpu family	: 6
model		: 45
model name	: Intel(R) Xeon(R) CPU E5-2650L 0 @ 1.80GHz
stepping	: 7
microcode	: 0x710
cpu MHz		: 1800.000
cache size	: 20480 KB
physical id	: 0
siblings	: 1
core id		: 0
cpu cores	: 1
apicid		: 0
initial apicid	: 0
fpu		: yes
fpu_exception	: yes
cpuid level	: 13
wp		: yes
flags		: fpu vme de pse tsc msr pae mce cx8 apic sep mtrr pge mca cmov pat pse36 clflush dts mmx fxsr sse sse2 ss syscall nx rdtscp lm constant_tsc arch_perfmon pebs bts nopl xtopology tsc_reliable nonstop_tsc aperfmperf pni pclmulqdq ssse3 cx16 pcid sse4_1 sse4_2 x2apic popcnt tsc_deadline_timer aes xsave avx hypervisor lahf_lm ida arat pln pts dtherm tsc_adjust
bogomips	: 3600.00
clflush size	: 64
cache_alignment	: 64
address sizes	: 42 bits physical, 48 bits virtual
power management:

processor	: 1
vendor_id	: GenuineIntel
cpu family	: 6
model		: 45
model name	: Intel(R) Xeon(R) CPU E5-2650L 0 @ 1.80GHz
stepping	: 7
microcode	: 0x710
cpu MHz		: 1800.000
cache size	: 20480 KB
physical id	: 2
siblings	: 1
core id		: 0
cpu cores	: 1
apicid		: 2
initial apicid	: 2
fpu		: yes
fpu_exception	: yes
cpuid level	: 13
wp		: yes
flags		: fpu vme de pse tsc msr pae mce cx8 apic sep mtrr pge mca cmov pat pse36 clflush dts mmx fxsr sse sse2 ss syscall nx rdtscp lm constant_tsc arch_perfmon pebs bts nopl xtopology tsc_reliable nonstop_tsc aperfmperf pni pclmulqdq ssse3 cx16 pcid sse4_1 sse4_2 x2apic popcnt tsc_deadline_timer aes xsave avx hypervisor lahf_lm ida arat pln pts dtherm tsc_adjust
bogomips	: 3600.00
clflush size	: 64
cache_alignment	: 64
address sizes	: 42 bits physical, 48 bits virtual
power management:

processor	: 2
vendor_id	: GenuineIntel
cpu family	: 6
model		: 45
model name	: Intel(R) Xeon(R) CPU E5-2650L 0 @ 1.80GHz
stepping	: 7
microcode	: 0x710
cpu MHz		: 1800.000
cache size	: 20480 KB
physical id	: 4
siblings	: 1
core id		: 0
cpu cores	: 1
apicid		: 4
initial apicid	: 4
fpu		: yes
fpu_exception	: yes
cpuid level	: 13
wp		: yes
flags		: fpu vme de pse tsc msr pae mce cx8 apic sep mtrr pge mca cmov pat pse36 clflush dts mmx fxsr sse sse2 ss syscall nx rdtscp lm constant_tsc arch_perfmon pebs bts nopl xtopology tsc_reliable nonstop_tsc aperfmperf pni pclmulqdq ssse3 cx16 pcid sse4_1 sse4_2 x2apic popcnt tsc_deadline_timer aes xsave avx hypervisor lahf_lm ida arat pln pts dtherm tsc_adjust
bogomips	: 3600.00
clflush size	: 64
cache_alignment	: 64
address sizes	: 42 bits physical, 48 bits virtual
power management:

processor	: 3
vendor_id	: GenuineIntel
cpu family	: 6
model		: 45
model name	: Intel(R) Xeon(R) CPU E5-2650L 0 @ 1.80GHz
stepping	: 7
microcode	: 0x710
cpu MHz		: 1800.000
cache size	: 20480 KB
physical id	: 6
siblings	: 1
core id		: 0
cpu cores	: 1
apicid		: 6
initial apicid	: 6
fpu		: yes
fpu_exception	: yes
cpuid level	: 13
wp		: yes
flags		: fpu vme de pse tsc msr pae mce cx8 apic sep mtrr pge mca cmov pat pse36 clflush dts mmx fxsr sse sse2 ss syscall nx rdtscp lm constant_tsc arch_perfmon pebs bts nopl xtopology tsc_reliable nonstop_tsc aperfmperf pni pclmulqdq ssse3 cx16 pcid sse4_1 sse4_2 x2apic popcnt tsc_deadline_timer aes xsave avx hypervisor lahf_lm ida arat pln pts dtherm tsc_adjust
bogomips	: 3600.00
clflush size	: 64
cache_alignment	: 64
address sizes	: 42 bits physical, 48 bits virtual
power management:

processor	: 4
vendor_id	: GenuineIntel
cpu family	: 6
model		: 45
model name	: Intel(R) Xeon(R) CPU E5-2650L 0 @ 1.80GHz
stepping	: 7
microcode	: 0x710
cpu MHz		: 1800.000
cache size	: 20480 KB
physical id	: 8
siblings	: 1
core id		: 0
cpu cores	: 1
apicid		: 8
initial apicid	: 8
fpu		: yes
fpu_exception	: yes
cpuid level	: 13
wp		: yes
flags		: fpu vme de pse tsc msr pae mce cx8 apic sep mtrr pge mca cmov pat pse36 clflush dts mmx fxsr sse sse2 ss syscall nx rdtscp lm constant_tsc arch_perfmon pebs bts nopl xtopology tsc_reliable nonstop_tsc aperfmperf pni pclmulqdq ssse3 cx16 pcid sse4_1 sse4_2 x2apic popcnt tsc_deadline_timer aes xsave avx hypervisor lahf_lm ida arat pln pts dtherm tsc_adjust
bogomips	: 3600.00
clflush size	: 64
cache_alignment	: 64
address sizes	: 42 bits physical, 48 bits virtual
power management:

processor	: 5
vendor_id	: GenuineIntel
cpu family	: 6
model		: 45
model name	: Intel(R) Xeon(R) CPU E5-2650L 0 @ 1.80GHz
stepping	: 7
microcode	: 0x710
cpu MHz		: 1800.000
cache size	: 20480 KB
physical id	: 10
siblings	: 1
core id		: 0
cpu cores	: 1
apicid		: 10
initial apicid	: 10
fpu		: yes
fpu_exception	: yes
cpuid level	: 13
wp		: yes
flags		: fpu vme de pse tsc msr pae mce cx8 apic sep mtrr pge mca cmov pat pse36 clflush dts mmx fxsr sse sse2 ss syscall nx rdtscp lm constant_tsc arch_perfmon pebs bts nopl xtopology tsc_reliable nonstop_tsc aperfmperf pni pclmulqdq ssse3 cx16 pcid sse4_1 sse4_2 x2apic popcnt tsc_deadline_timer aes xsave avx hypervisor lahf_lm ida arat pln pts dtherm tsc_adjust
bogomips	: 3600.00
clflush size	: 64
cache_alignment	: 64
address sizes	: 42 bits physical, 48 bits virtual
power management:

processor	: 6
vendor_id	: GenuineIntel
cpu family	: 6
model		: 45
model name	: Intel(R) Xeon(R) CPU E5-2650L 0 @ 1.80GHz
stepping	: 7
microcode	: 0x710
cpu MHz		: 1800.000
cache size	: 20480 KB
physical id	: 12
siblings	: 1
core id		: 0
cpu cores	: 1
apicid		: 12
initial apicid	: 12
fpu		: yes
fpu_exception	: yes
cpuid level	: 13
wp		: yes
flags		: fpu vme de pse tsc msr pae mce cx8 apic sep mtrr pge mca cmov pat pse36 clflush dts mmx fxsr sse sse2 ss syscall nx rdtscp lm constant_tsc arch_perfmon pebs bts nopl xtopology tsc_reliable nonstop_tsc aperfmperf pni pclmulqdq ssse3 cx16 pcid sse4_1 sse4_2 x2apic popcnt tsc_deadline_timer aes xsave avx hypervisor lahf_lm ida arat pln pts dtherm tsc_adjust
bogomips	: 3600.00
clflush size	: 64
cache_alignment	: 64
address sizes	: 42 bits physical, 48 bits virtual
power management:

processor	: 7
vendor_id	: GenuineIntel
cpu family	: 6
model		: 45
model name	: Intel(R) Xeon(R) CPU E5-2650L 0 @ 1.80GHz
stepping	: 7
microcode	: 0x710
cpu MHz		: 1800.000
cache size	: 20480 KB
physical id	: 14
siblings	: 1
core id		: 0
cpu cores	: 1
apicid		: 14
initial apicid	: 14
fpu		: yes
fpu_exception	: yes
cpuid level	: 13
wp		: yes
flags		: fpu vme de pse tsc msr pae mce cx8 apic sep mtrr pge mca cmov pat pse36 clflush dts mmx fxsr sse sse2 ss syscall nx rdtscp lm constant_tsc arch_perfmon pebs bts nopl xtopology tsc_reliable nonstop_tsc aperfmperf pni pclmulqdq ssse3 cx16 pcid sse4_1 sse4_2 x2apic popcnt tsc_deadline_timer aes xsave avx hypervisor lahf_lm ida arat pln pts dtherm tsc_adjust
bogomips	: 3600.00
clflush size	: 64
cache_alignment	: 64
address sizes	: 42 bits physical, 48 bits virtual
power management:



Memory: 4k page, physical 33018848k(240360k free), swap 10484732k(0k free)

vm_info: OpenJDK 64-Bit Server VM (25.121-b13) for linux-amd64 JRE (1.8.0_121-8u121-b13-1~bpo8+1-b13), built on Jan 24 2017 09:37:46 by "pbuilder" with gcc 4.9.2

time: Thu Nov 30 11:45:01 2017
elapsed time: 26 seconds (0d 0h 0m 26s)

