DEBUG - 14 mag 2018 22:11:45,863  - FileUtils - getFileName - Looking for the configuration file: F:\Users\Valerio\Documents\GitHub\AnagramsFinder\Documentation\jars\anagram.properties
DEBUG - 14 mag 2018 22:11:45,863  - FileUtils - getFileName - Getting the file name from the configuration file
DEBUG - 14 mag 2018 22:11:45,863  - FileUtils - readFile - Reading the words in the file sample.txt
DEBUG - 14 mag 2018 22:11:45,879  - AnagramUtils - findAnagrams - Processing the words
DEBUG - 14 mag 2018 22:11:45,879  - AnagramUtils - getValue - Calculating the value for the word : act
DEBUG - 14 mag 2018 22:11:45,879  - AnagramUtils - getValue - Calculating the value for the word : cat
DEBUG - 14 mag 2018 22:11:45,879  - AnagramUtils - getValue - Calculating the value for the word : tree
DEBUG - 14 mag 2018 22:11:45,879  - AnagramUtils - getValue - Calculating the value for the word : race
DEBUG - 14 mag 2018 22:11:45,879  - AnagramUtils - getValue - Calculating the value for the word : care
DEBUG - 14 mag 2018 22:11:45,879  - AnagramUtils - getValue - Calculating the value for the word : acre
DEBUG - 14 mag 2018 22:11:45,895  - AnagramUtils - getValue - Calculating the value for the word : bee
DEBUG - 14 mag 2018 22:11:45,895  - AnagramsFinder - printAnagrams - Found anagrams: 
DEBUG - 14 mag 2018 22:11:45,957  - act cat
DEBUG - 14 mag 2018 22:11:45,957  - race care acre
DEBUG - 14 mag 2018 22:11:52,046  - FileUtils - getFileName - Looking for the configuration file: F:\Users\Valerio\Documents\GitHub\AnagramsFinder\Documentation\jars\anagram.properties
DEBUG - 14 mag 2018 22:11:52,046  - FileUtils - getFileName - Getting the file name from the configuration file
DEBUG - 14 mag 2018 22:11:52,046  - FileUtils - readFile - Reading the words in the file sample.txt
DEBUG - 14 mag 2018 22:11:52,077  - AnagramUtils - findAnagrams - Processing the words
DEBUG - 14 mag 2018 22:11:52,077  - AnagramUtils - getValue - Calculating the value for the word : act
DEBUG - 14 mag 2018 22:11:52,077  - AnagramUtils - getValue - Calculating the value for the word : cat
DEBUG - 14 mag 2018 22:11:52,077  - AnagramUtils - getValue - Calculating the value for the word : tree
DEBUG - 14 mag 2018 22:11:52,077  - AnagramUtils - getValue - Calculating the value for the word : race
DEBUG - 14 mag 2018 22:11:52,077  - AnagramUtils - getValue - Calculating the value for the word : care
DEBUG - 14 mag 2018 22:11:52,077  - AnagramUtils - getValue - Calculating the value for the word : acre
DEBUG - 14 mag 2018 22:11:52,077  - AnagramUtils - getValue - Calculating the value for the word : bee
DEBUG - 14 mag 2018 22:11:52,077  - AnagramsFinder - printAnagrams - Found anagrams: 
DEBUG - 14 mag 2018 22:11:52,142  - act cat
DEBUG - 14 mag 2018 22:11:52,142  - race care acre
DEBUG - 14 mag 2018 22:41:50,243  - FileUtils - getFileName - Looking for the configuration file: F:\Users\Valerio\Documents\GitHub\AnagramsFinder\Documentation\jars\anagram.properties
DEBUG - 14 mag 2018 22:41:50,246  - FileUtils - getFileName - Getting the file name from the configuration file
DEBUG - 14 mag 2018 22:41:50,246  - FileUtils - readFile - Reading the words in the file sample.txt
DEBUG - 14 mag 2018 22:41:50,269  - AnagramUtils - findAnagrams - Processing the words
DEBUG - 14 mag 2018 22:41:50,270  - AnagramUtils - getValue - Calculating the value for the word : act
DEBUG - 14 mag 2018 22:41:50,271  - AnagramUtils - getValue - Calculating the value for the word : cat
DEBUG - 14 mag 2018 22:41:50,271  - AnagramUtils - getValue - Calculating the value for the word : tree
DEBUG - 14 mag 2018 22:41:50,272  - AnagramUtils - getValue - Calculating the value for the word : race
DEBUG - 14 mag 2018 22:41:50,272  - AnagramUtils - getValue - Calculating the value for the word : care
DEBUG - 14 mag 2018 22:41:50,273  - AnagramUtils - getValue - Calculating the value for the word : acre
DEBUG - 14 mag 2018 22:41:50,273  - AnagramUtils - getValue - Calculating the value for the word : bee
DEBUG - 14 mag 2018 22:41:50,274  - AnagramsFinder - printAnagrams - Found anagrams: 
DEBUG - 14 mag 2018 22:41:50,351  - act cat
DEBUG - 14 mag 2018 22:41:50,351  - race care acre
DEBUG - 14 mag 2018 23:00:52,341  - FileUtils - getFileName - Looking for the configuration file: F:\Users\Valerio\Documents\GitHub\AnagramsFinder\Documentation\jars\anagram.properties
DEBUG - 14 mag 2018 23:00:52,372  - FileUtils - getFileName - Getting the file name from the configuration file
DEBUG - 14 mag 2018 23:00:52,372  - FileUtils - readFile - Reading the words in the file sample.txt
DEBUG - 14 mag 2018 23:00:52,591  - AnagramUtils - findAnagrams - Processing the words
DEBUG - 14 mag 2018 23:00:52,591  - AnagramUtils - getValue - Calculating the value for the word : act
DEBUG - 14 mag 2018 23:00:52,591  - AnagramUtils - getValue - Calculating the value for the word : cat
DEBUG - 14 mag 2018 23:00:52,607  - AnagramUtils - getValue - Calculating the value for the word : tree
DEBUG - 14 mag 2018 23:00:52,607  - AnagramUtils - getValue - Calculating the value for the word : race
DEBUG - 14 mag 2018 23:00:52,607  - AnagramUtils - getValue - Calculating the value for the word : care
DEBUG - 14 mag 2018 23:00:52,607  - AnagramUtils - getValue - Calculating the value for the word : acre
DEBUG - 14 mag 2018 23:00:52,607  - AnagramUtils - getValue - Calculating the value for the word : bee
DEBUG - 14 mag 2018 23:00:52,607  - AnagramsFinder - printAnagrams - Found anagrams: 
DEBUG - 14 mag 2018 23:00:52,700  - act cat
DEBUG - 14 mag 2018 23:00:52,700  - race care acre
