1922:M 24 May 16:59:27.682 * Node configuration loaded, I'm bc2d058727b1ffc46e7e956b4a8cb8ae9fe9dc0f
                _._                                                  
           _.-``__ ''-._                                             
      _.-``    `.  `_.  ''-._           Redis 3.2.5 (00000000/0) 64 bit
  .-`` .-```.  ```\/    _.,_ ''-._                                   
 (    '      ,       .-`  | `,    )     Running in cluster mode
 |`-._`-...-` __...-.``-._|'` _.-'|     Port: 6281
 |    `-._   `._    /     _.-'    |     PID: 1922
  `-._    `-._  `-./  _.-'    _.-'                                   
 |`-._`-._    `-.__.-'    _.-'_.-'|                                  
 |    `-._`-._        _.-'_.-'    |           http://redis.io        
  `-._    `-._`-.__.-'_.-'    _.-'                                   
 |`-._`-._    `-.__.-'    _.-'_.-'|                                  
 |    `-._`-._        _.-'_.-'    |                                  
  `-._    `-._`-.__.-'_.-'    _.-'                                   
      `-._    `-.__.-'    _.-'                                       
          `-._        _.-'                                           
              `-.__.-'                                               

1922:M 24 May 16:59:27.683 # Server started, Redis version 3.2.5
1922:M 24 May 16:59:27.683 # WARNING overcommit_memory is set to 0! Background save may fail under low memory condition. To fix this issue add 'vm.overcommit_memory = 1' to /etc/sysctl.conf and then reboot or run the command 'sysctl vm.overcommit_memory=1' for this to take effect.
1922:M 24 May 16:59:27.683 # WARNING you have Transparent Huge Pages (THP) support enabled in your kernel. This will create latency and memory usage issues with Redis. To fix this issue run the command 'echo never > /sys/kernel/mm/transparent_hugepage/enabled' as root, and add it to your /etc/rc.local in order to retain the setting after a reboot. Redis must be restarted after THP is disabled.
1922:M 24 May 16:59:27.683 * The server is now ready to accept connections on port 6281
1922:M 24 May 16:59:29.688 # Cluster state changed: ok
1922:signal-handler (1527181178) Received SIGTERM scheduling shutdown...
1922:M 24 May 16:59:39.007 # User requested shutdown...
1922:M 24 May 16:59:39.007 # Redis is now ready to exit, bye bye...
