----------------------------------------------------------------
2018-03-07 10:19:29.348 GMT:
 Booting Derby version The Apache Software Foundation - Apache Derby - 10.2.1.6 - (452058): instance c013800d-0161-fff9-1490-00013eaf1c28
on database directory /root/workspace/apache/commons-vfs/350239142/commons-vfs2/target/test/WebdavProviderTestCase_7732406072461022431.tmp/version/db  

Database Class Loader started - derby.database.classpath=''
----------------------------------------------------------------
2018-03-07 10:19:30.122 GMT:
 Booting Derby version The Apache Software Foundation - Apache Derby - 10.2.1.6 - (452058): instance c3350098-0161-fff9-1490-00013eaf1c28
on database directory /root/workspace/apache/commons-vfs/350239142/commons-vfs2/target/test/WebdavProviderTestCase_7732406072461022431.tmp/workspaces/default/db  

Database Class Loader started - derby.database.classpath=''
----------------------------------------------------------------
2018-03-07 10:19:31.045 GMT:
 Booting Derby version The Apache Software Foundation - Apache Derby - 10.2.1.6 - (452058): instance c934c123-0161-fff9-1490-00013eaf1c28
on database directory /root/workspace/apache/commons-vfs/350239142/commons-vfs2/target/test/WebdavProviderTestCase_7732406072461022431.tmp/workspaces/security/db  

Database Class Loader started - derby.database.classpath=''

2018-03-07 10:19:33.179 GMT:
Shutting down instance c3350098-0161-fff9-1490-00013eaf1c28
----------------------------------------------------------------

2018-03-07 10:19:33.208 GMT:
Shutting down instance c934c123-0161-fff9-1490-00013eaf1c28
----------------------------------------------------------------

2018-03-07 10:19:33.216 GMT:
Shutting down instance c013800d-0161-fff9-1490-00013eaf1c28
----------------------------------------------------------------
----------------------------------------------------------------
2018-03-07 10:19:33.250 GMT:
 Booting Derby version The Apache Software Foundation - Apache Derby - 10.2.1.6 - (452058): instance 63c241b2-0161-fff9-1490-00013eaf1c28
on database directory /root/workspace/apache/commons-vfs/350239142/commons-vfs2/target/test/WebdavProviderTestCase_7732406072461022431.tmp/version/db  

Database Class Loader started - derby.database.classpath=''
----------------------------------------------------------------
2018-03-07 10:19:33.342 GMT:
 Booting Derby version The Apache Software Foundation - Apache Derby - 10.2.1.6 - (452058): instance 780a81bc-0161-fff9-1490-00013eaf1c28
on database directory /root/workspace/apache/commons-vfs/350239142/commons-vfs2/target/test/WebdavProviderTestCase_7732406072461022431.tmp/workspaces/default/db  

Database Class Loader started - derby.database.classpath=''
----------------------------------------------------------------
2018-03-07 10:19:33.472 GMT:
 Booting Derby version The Apache Software Foundation - Apache Derby - 10.2.1.6 - (452058): instance 4c6bc1c6-0161-fff9-1490-00013eaf1c28
on database directory /root/workspace/apache/commons-vfs/350239142/commons-vfs2/target/test/WebdavProviderTestCase_7732406072461022431.tmp/workspaces/security/db  

Database Class Loader started - derby.database.classpath=''

2018-03-07 10:19:33.664 GMT:
Shutting down instance 780a81bc-0161-fff9-1490-00013eaf1c28
----------------------------------------------------------------

2018-03-07 10:19:33.668 GMT:
Shutting down instance 4c6bc1c6-0161-fff9-1490-00013eaf1c28
----------------------------------------------------------------

2018-03-07 10:19:33.670 GMT:
Shutting down instance 63c241b2-0161-fff9-1490-00013eaf1c28
----------------------------------------------------------------
----------------------------------------------------------------
2018-03-07 10:19:33.846 GMT:
 Booting Derby version The Apache Software Foundation - Apache Derby - 10.2.1.6 - (452058): instance e95a01d1-0161-fff9-1490-00013eaf1c28
on database directory /root/workspace/apache/commons-vfs/350239142/commons-vfs2/target/test/WebdavProviderTestCase_7732406072461022431.tmp/version/db  

Database Class Loader started - derby.database.classpath=''
----------------------------------------------------------------
2018-03-07 10:19:33.896 GMT:
 Booting Derby version The Apache Software Foundation - Apache Derby - 10.2.1.6 - (452058): instance 8defc1db-0161-fff9-1490-00013eaf1c28
on database directory /root/workspace/apache/commons-vfs/350239142/commons-vfs2/target/test/WebdavProviderTestCase_7732406072461022431.tmp/workspaces/default/db  

Database Class Loader started - derby.database.classpath=''
----------------------------------------------------------------
2018-03-07 10:19:34.273 GMT:
 Booting Derby version The Apache Software Foundation - Apache Derby - 10.2.1.6 - (452058): instance b29e81e5-0161-fff9-1490-00013eaf1c28
on database directory /root/workspace/apache/commons-vfs/350239142/commons-vfs2/target/test/WebdavProviderTestCase_7732406072461022431.tmp/workspaces/security/db  

Database Class Loader started - derby.database.classpath=''

2018-03-07 10:19:41.754 GMT:
Shutting down instance 8defc1db-0161-fff9-1490-00013eaf1c28
----------------------------------------------------------------

2018-03-07 10:19:41.763 GMT:
Shutting down instance b29e81e5-0161-fff9-1490-00013eaf1c28
----------------------------------------------------------------

2018-03-07 10:19:41.767 GMT:
Shutting down instance e95a01d1-0161-fff9-1490-00013eaf1c28
----------------------------------------------------------------
