#
# There is insufficient memory for the Java Runtime Environment to continue.
# Native memory allocation (mmap) failed to map 352321536 bytes for committing reserved memory.
# Possible reasons:
#   The system is out of physical RAM or swap space
#   In 32 bit mode, the process size limit was hit
# Possible solutions:
#   Reduce memory load on the system
#   Increase physical memory or swap space
#   Check if swap backing store is full
#   Use 64 bit Java on a 64 bit OS
#   Decrease Java heap size (-Xmx/-Xms)
#   Decrease number of Java threads
#   Decrease Java thread stack sizes (-Xss)
#   Set larger code cache with -XX:ReservedCodeCacheSize=
# This output file may be truncated or incomplete.
#
#  Out of Memory Error (os_linux.cpp:2630), pid=2552, tid=0x00007fa2927ae700
#
# JRE version:  (8.0_121-b13) (build )
# Java VM: OpenJDK 64-Bit Server VM (25.121-b13 mixed mode linux-amd64 compressed oops)
# Core dump written. Default location: /root/workspace/OpenGrok/OpenGrok/307964655/opengrok-indexer/core or core.2552
#

---------------  T H R E A D  ---------------

Current thread (0x00007fa28c00a000):  JavaThread "Unknown thread" [_thread_in_vm, id=2553, stack(0x00007fa2926ae000,0x00007fa2927af000)]

Stack: [0x00007fa2926ae000,0x00007fa2927af000],  sp=0x00007fa2927ad620,  free space=1021k
Native frames: (J=compiled Java code, j=interpreted, Vv=VM code, C=native code)
V  [libjvm.so+0xa9700d]
V  [libjvm.so+0x4ea26c]
V  [libjvm.so+0x8e2b90]
V  [libjvm.so+0x8dd27e]
V  [libjvm.so+0x95a25b]
V  [libjvm.so+0x94ac13]
V  [libjvm.so+0x2ca571]
V  [libjvm.so+0x9097ab]
V  [libjvm.so+0xa5ad19]
V  [libjvm.so+0xa5af32]
V  [libjvm.so+0x6372ef]
V  [libjvm.so+0xa3dc3a]
V  [libjvm.so+0x6ad815]  JNI_CreateJavaVM+0x65
C  [libjli.so+0x2f6e]
C  [libjli.so+0x74bd]
C  [libpthread.so.0+0x8064]  start_thread+0xc4


---------------  P R O C E S S  ---------------

Java Threads: ( => current thread )

Other Threads:

=>0x00007fa28c00a000 (exited) JavaThread "Unknown thread" [_thread_in_vm, id=2553, stack(0x00007fa2926ae000,0x00007fa2927af000)]

VM state:not at safepoint (not fully initialized)

VM Mutex/Monitor currently owned by a thread: None

GC Heap History (0 events):
No events

Deoptimization events (0 events):
No events

Internal exceptions (0 events):
No events

Events (0 events):
No events


Dynamic libraries:
00400000-00401000 r-xp 00000000 00:87 90                                 /usr/lib/jvm/java-8-openjdk-amd64/jre/bin/java
00600000-00601000 r--p 00000000 00:87 90                                 /usr/lib/jvm/java-8-openjdk-amd64/jre/bin/java
00601000-00602000 rw-p 00001000 00:87 90                                 /usr/lib/jvm/java-8-openjdk-amd64/jre/bin/java
00dca000-00deb000 rw-p 00000000 00:00 0                                  [heap]
5dd200000-718100000 ---p 00000000 00:00 0 
718100000-722900000 rw-p 00000000 00:00 0 
722900000-7c0000000 ---p 00000000 00:00 0 
7fa27abf5000-7fa27b674000 ---p 00000000 00:00 0 
7fa27b674000-7fa27b6c9000 rw-p 00000000 00:00 0 
7fa27b6c9000-7fa27bbb4000 ---p 00000000 00:00 0 
7fa27bbb4000-7fa27bbbf000 rw-p 00000000 00:00 0 
7fa27bbbf000-7fa27bf75000 ---p 00000000 00:00 0 
7fa27bf75000-7fa27c1e5000 rwxp 00000000 00:00 0 
7fa27c1e5000-7fa28af75000 ---p 00000000 00:00 0 
7fa28af75000-7fa28af7d000 r-xp 00000000 00:87 117                        /usr/lib/jvm/java-8-openjdk-amd64/jre/lib/amd64/libzip.so
7fa28af7d000-7fa28b17c000 ---p 00008000 00:87 117                        /usr/lib/jvm/java-8-openjdk-amd64/jre/lib/amd64/libzip.so
7fa28b17c000-7fa28b17d000 r--p 00007000 00:87 117                        /usr/lib/jvm/java-8-openjdk-amd64/jre/lib/amd64/libzip.so
7fa28b17d000-7fa28b17e000 rw-p 00008000 00:87 117                        /usr/lib/jvm/java-8-openjdk-amd64/jre/lib/amd64/libzip.so
7fa28b17e000-7fa28b189000 r-xp 00000000 00:87 82                         /lib/x86_64-linux-gnu/libnss_files-2.19.so
7fa28b189000-7fa28b388000 ---p 0000b000 00:87 82                         /lib/x86_64-linux-gnu/libnss_files-2.19.so
7fa28b388000-7fa28b389000 r--p 0000a000 00:87 82                         /lib/x86_64-linux-gnu/libnss_files-2.19.so
7fa28b389000-7fa28b38a000 rw-p 0000b000 00:87 82                         /lib/x86_64-linux-gnu/libnss_files-2.19.so
7fa28b38a000-7fa28b394000 r-xp 00000000 00:87 80                         /lib/x86_64-linux-gnu/libnss_nis-2.19.so
7fa28b394000-7fa28b593000 ---p 0000a000 00:87 80                         /lib/x86_64-linux-gnu/libnss_nis-2.19.so
7fa28b593000-7fa28b594000 r--p 00009000 00:87 80                         /lib/x86_64-linux-gnu/libnss_nis-2.19.so
7fa28b594000-7fa28b595000 rw-p 0000a000 00:87 80                         /lib/x86_64-linux-gnu/libnss_nis-2.19.so
7fa28b595000-7fa28b5aa000 r-xp 00000000 00:87 78                         /lib/x86_64-linux-gnu/libnsl-2.19.so
7fa28b5aa000-7fa28b7a9000 ---p 00015000 00:87 78                         /lib/x86_64-linux-gnu/libnsl-2.19.so
7fa28b7a9000-7fa28b7aa000 r--p 00014000 00:87 78                         /lib/x86_64-linux-gnu/libnsl-2.19.so
7fa28b7aa000-7fa28b7ab000 rw-p 00015000 00:87 78                         /lib/x86_64-linux-gnu/libnsl-2.19.so
7fa28b7ab000-7fa28b7ad000 rw-p 00000000 00:00 0 
7fa28b7ad000-7fa28b7b4000 r-xp 00000000 00:87 76                         /lib/x86_64-linux-gnu/libnss_compat-2.19.so
7fa28b7b4000-7fa28b9b3000 ---p 00007000 00:87 76                         /lib/x86_64-linux-gnu/libnss_compat-2.19.so
7fa28b9b3000-7fa28b9b4000 r--p 00006000 00:87 76                         /lib/x86_64-linux-gnu/libnss_compat-2.19.so
7fa28b9b4000-7fa28b9b5000 rw-p 00007000 00:87 76                         /lib/x86_64-linux-gnu/libnss_compat-2.19.so
7fa28b9b5000-7fa28b9e3000 r-xp 00000000 00:87 99                         /usr/lib/jvm/java-8-openjdk-amd64/jre/lib/amd64/libjava.so
7fa28b9e3000-7fa28bbe2000 ---p 0002e000 00:87 99                         /usr/lib/jvm/java-8-openjdk-amd64/jre/lib/amd64/libjava.so
7fa28bbe2000-7fa28bbe3000 r--p 0002d000 00:87 99                         /usr/lib/jvm/java-8-openjdk-amd64/jre/lib/amd64/libjava.so
7fa28bbe3000-7fa28bbe5000 rw-p 0002e000 00:87 99                         /usr/lib/jvm/java-8-openjdk-amd64/jre/lib/amd64/libjava.so
7fa28bbe5000-7fa28bbf4000 r-xp 00000000 00:87 112                        /usr/lib/jvm/java-8-openjdk-amd64/jre/lib/amd64/libverify.so
7fa28bbf4000-7fa28bdf4000 ---p 0000f000 00:87 112                        /usr/lib/jvm/java-8-openjdk-amd64/jre/lib/amd64/libverify.so
7fa28bdf4000-7fa28bdf7000 r--p 0000f000 00:87 112                        /usr/lib/jvm/java-8-openjdk-amd64/jre/lib/amd64/libverify.so
7fa28bdf7000-7fa28bdf8000 rw-p 00012000 00:87 112                        /usr/lib/jvm/java-8-openjdk-amd64/jre/lib/amd64/libverify.so
7fa28bdf8000-7fa28bdff000 r-xp 00000000 00:87 111                        /lib/x86_64-linux-gnu/librt-2.19.so
7fa28bdff000-7fa28bffe000 ---p 00007000 00:87 111                        /lib/x86_64-linux-gnu/librt-2.19.so
7fa28bffe000-7fa28bfff000 r--p 00006000 00:87 111                        /lib/x86_64-linux-gnu/librt-2.19.so
7fa28bfff000-7fa28c000000 rw-p 00007000 00:87 111                        /lib/x86_64-linux-gnu/librt-2.19.so
7fa28c000000-7fa28c02f000 rw-p 00000000 00:00 0 
7fa28c02f000-7fa290000000 ---p 00000000 00:00 0 
7fa2901ef000-7fa290205000 r-xp 00000000 00:87 109                        /lib/x86_64-linux-gnu/libgcc_s.so.1
7fa290205000-7fa290404000 ---p 00016000 00:87 109                        /lib/x86_64-linux-gnu/libgcc_s.so.1
7fa290404000-7fa290405000 rw-p 00015000 00:87 109                        /lib/x86_64-linux-gnu/libgcc_s.so.1
7fa290405000-7fa290505000 r-xp 00000000 00:87 108                        /lib/x86_64-linux-gnu/libm-2.19.so
7fa290505000-7fa290704000 ---p 00100000 00:87 108                        /lib/x86_64-linux-gnu/libm-2.19.so
7fa290704000-7fa290705000 r--p 000ff000 00:87 108                        /lib/x86_64-linux-gnu/libm-2.19.so
7fa290705000-7fa290706000 rw-p 00100000 00:87 108                        /lib/x86_64-linux-gnu/libm-2.19.so
7fa290706000-7fa2907f2000 r-xp 00000000 00:87 106                        /usr/lib/x86_64-linux-gnu/libstdc++.so.6.0.20
7fa2907f2000-7fa2909f2000 ---p 000ec000 00:87 106                        /usr/lib/x86_64-linux-gnu/libstdc++.so.6.0.20
7fa2909f2000-7fa2909fa000 r--p 000ec000 00:87 106                        /usr/lib/x86_64-linux-gnu/libstdc++.so.6.0.20
7fa2909fa000-7fa2909fc000 rw-p 000f4000 00:87 106                        /usr/lib/x86_64-linux-gnu/libstdc++.so.6.0.20
7fa2909fc000-7fa290a11000 rw-p 00000000 00:00 0 
7fa290a11000-7fa2916a9000 r-xp 00000000 00:87 104                        /usr/lib/jvm/java-8-openjdk-amd64/jre/lib/amd64/server/libjvm.so
7fa2916a9000-7fa2918a9000 ---p 00c98000 00:87 104                        /usr/lib/jvm/java-8-openjdk-amd64/jre/lib/amd64/server/libjvm.so
7fa2918a9000-7fa29194c000 r--p 00c98000 00:87 104                        /usr/lib/jvm/java-8-openjdk-amd64/jre/lib/amd64/server/libjvm.so
7fa29194c000-7fa291975000 rw-p 00d3b000 00:87 104                        /usr/lib/jvm/java-8-openjdk-amd64/jre/lib/amd64/server/libjvm.so
7fa291975000-7fa2919a6000 rw-p 00000000 00:00 0 
7fa2919a6000-7fa291b47000 r-xp 00000000 00:87 34                         /lib/x86_64-linux-gnu/libc-2.19.so
7fa291b47000-7fa291d47000 ---p 001a1000 00:87 34                         /lib/x86_64-linux-gnu/libc-2.19.so
7fa291d47000-7fa291d4b000 r--p 001a1000 00:87 34                         /lib/x86_64-linux-gnu/libc-2.19.so
7fa291d4b000-7fa291d4d000 rw-p 001a5000 00:87 34                         /lib/x86_64-linux-gnu/libc-2.19.so
7fa291d4d000-7fa291d51000 rw-p 00000000 00:00 0 
7fa291d51000-7fa291d54000 r-xp 00000000 00:87 71                         /lib/x86_64-linux-gnu/libdl-2.19.so
7fa291d54000-7fa291f53000 ---p 00003000 00:87 71                         /lib/x86_64-linux-gnu/libdl-2.19.so
7fa291f53000-7fa291f54000 r--p 00002000 00:87 71                         /lib/x86_64-linux-gnu/libdl-2.19.so
7fa291f54000-7fa291f55000 rw-p 00003000 00:87 71                         /lib/x86_64-linux-gnu/libdl-2.19.so
7fa291f55000-7fa291f63000 r-xp 00000000 00:87 98                         /usr/lib/jvm/java-8-openjdk-amd64/jre/lib/amd64/jli/libjli.so
7fa291f63000-7fa292162000 ---p 0000e000 00:87 98                         /usr/lib/jvm/java-8-openjdk-amd64/jre/lib/amd64/jli/libjli.so
7fa292162000-7fa292163000 r--p 0000d000 00:87 98                         /usr/lib/jvm/java-8-openjdk-amd64/jre/lib/amd64/jli/libjli.so
7fa292163000-7fa292164000 rw-p 0000e000 00:87 98                         /usr/lib/jvm/java-8-openjdk-amd64/jre/lib/amd64/jli/libjli.so
7fa292164000-7fa29217e000 r-xp 00000000 00:87 97                         /lib/x86_64-linux-gnu/libz.so.1.2.8
7fa29217e000-7fa29237d000 ---p 0001a000 00:87 97                         /lib/x86_64-linux-gnu/libz.so.1.2.8
7fa29237d000-7fa29237e000 r--p 00019000 00:87 97                         /lib/x86_64-linux-gnu/libz.so.1.2.8
7fa29237e000-7fa29237f000 rw-p 0001a000 00:87 97                         /lib/x86_64-linux-gnu/libz.so.1.2.8
7fa29237f000-7fa292397000 r-xp 00000000 00:87 95                         /lib/x86_64-linux-gnu/libpthread-2.19.so
7fa292397000-7fa292596000 ---p 00018000 00:87 95                         /lib/x86_64-linux-gnu/libpthread-2.19.so
7fa292596000-7fa292597000 r--p 00017000 00:87 95                         /lib/x86_64-linux-gnu/libpthread-2.19.so
7fa292597000-7fa292598000 rw-p 00018000 00:87 95                         /lib/x86_64-linux-gnu/libpthread-2.19.so
7fa292598000-7fa29259c000 rw-p 00000000 00:00 0 
7fa29259c000-7fa2925bc000 r-xp 00000000 00:87 31                         /lib/x86_64-linux-gnu/ld-2.19.so
7fa2926a6000-7fa2926ae000 rw-s 00000000 00:87 7485                       /tmp/hsperfdata_root/2552
7fa2926ae000-7fa2926b1000 ---p 00000000 00:00 0 
7fa2926b1000-7fa2927b4000 rw-p 00000000 00:00 0                          [stack:23665]
7fa2927b5000-7fa2927b9000 rw-p 00000000 00:00 0 
7fa2927b9000-7fa2927ba000 r--p 00000000 00:00 0 
7fa2927ba000-7fa2927bc000 rw-p 00000000 00:00 0 
7fa2927bc000-7fa2927bd000 r--p 00020000 00:87 31                         /lib/x86_64-linux-gnu/ld-2.19.so
7fa2927bd000-7fa2927be000 rw-p 00021000 00:87 31                         /lib/x86_64-linux-gnu/ld-2.19.so
7fa2927be000-7fa2927bf000 rw-p 00000000 00:00 0 
7fffa474b000-7fffa476c000 rw-p 00000000 00:00 0                          [stack]
7fffa47a8000-7fffa47aa000 r-xp 00000000 00:00 0                          [vdso]
7fffa47aa000-7fffa47ac000 r--p 00000000 00:00 0                          [vvar]
ffffffffff600000-ffffffffff601000 r-xp 00000000 00:00 0                  [vsyscall]

VM Arguments:
java_command: /root/workspace/OpenGrok/OpenGrok/307964655/opengrok-indexer/target/surefire/surefirebooter1935776523104182850.jar /root/workspace/OpenGrok/OpenGrok/307964655/opengrok-indexer/target/surefire 2017-11-27T17-10-10_517-jvmRun1 surefire7320698254125000159tmp surefire_666331243944604241843tmp
java_class_path (initial): /root/workspace/OpenGrok/OpenGrok/307964655/opengrok-indexer/target/surefire/surefirebooter1935776523104182850.jar
Launcher Type: SUN_STANDARD

Environment Variables:
JAVA_HOME=/usr/lib/jvm/java-8-openjdk-amd64
PATH=/usr/local/sbin:/usr/local/bin:/usr/sbin:/usr/bin:/sbin:/bin

Signal Handlers:
SIGSEGV: [libjvm.so+0xa97af0], sa_mask[0]=11111111011111111101111111111110, sa_flags=SA_RESTART|SA_SIGINFO
SIGBUS: [libjvm.so+0xa97af0], sa_mask[0]=11111111011111111101111111111110, sa_flags=SA_RESTART|SA_SIGINFO
SIGFPE: [libjvm.so+0x8de430], sa_mask[0]=11111111011111111101111111111110, sa_flags=SA_RESTART|SA_SIGINFO
SIGPIPE: [libjvm.so+0x8de430], sa_mask[0]=11111111011111111101111111111110, sa_flags=SA_RESTART|SA_SIGINFO
SIGXFSZ: [libjvm.so+0x8de430], sa_mask[0]=11111111011111111101111111111110, sa_flags=SA_RESTART|SA_SIGINFO
SIGILL: [libjvm.so+0x8de430], sa_mask[0]=11111111011111111101111111111110, sa_flags=SA_RESTART|SA_SIGINFO
SIGUSR1: SIG_DFL, sa_mask[0]=00000000000000000000000000000000, sa_flags=none
SIGUSR2: [libjvm.so+0x8de2e0], sa_mask[0]=00100000000000000000000000000000, sa_flags=SA_RESTART|SA_SIGINFO
SIGHUP: SIG_DFL, sa_mask[0]=00000000000000000000000000000000, sa_flags=none
SIGINT: SIG_DFL, sa_mask[0]=00000000000000000000000000000000, sa_flags=none
SIGTERM: SIG_DFL, sa_mask[0]=00000000000000000000000000000000, sa_flags=none
SIGQUIT: SIG_DFL, sa_mask[0]=00000000000000000000000000000000, sa_flags=none


---------------  S Y S T E M  ---------------

OS:PRETTY_NAME="Debian GNU/Linux 8 (jessie)"
NAME="Debian GNU/Linux"
VERSION_ID="8"
VERSION="8 (jessie)"
ID=debian
HOME_URL="http://www.debian.org/"
SUPPORT_URL="http://www.debian.org/support"
BUG_REPORT_URL="https://bugs.debian.org/"

uname:Linux 3.16.0-4-amd64 #1 SMP Debian 3.16.43-2+deb8u2 (2017-06-26) x86_64
libc:glibc 2.19 NPTL 2.19 
rlimit: STACK 8192k, CORE infinity, NPROC infinity, NOFILE 1048576, AS infinity
load average:5.35 4.61 7.06

/proc/meminfo:
MemTotal:       33018848 kB
MemFree:          266188 kB
MemAvailable:     380888 kB
Buffers:           14472 kB
Cached:           424800 kB
SwapCached:         2592 kB
Active:         29703428 kB
Inactive:        2314248 kB
Active(anon):   29676676 kB
Inactive(anon):  2289308 kB
Active(file):      26752 kB
Inactive(file):    24940 kB
Unevictable:           0 kB
Mlocked:               0 kB
SwapTotal:      10484732 kB
SwapFree:              0 kB
Dirty:              4972 kB
Writeback:             0 kB
AnonPages:      31577332 kB
Mapped:            37168 kB
Shmem:            386496 kB
Slab:             423548 kB
SReclaimable:     257796 kB
SUnreclaim:       165752 kB
KernelStack:       69616 kB
PageTables:       129368 kB
NFS_Unstable:          0 kB
Bounce:                0 kB
WritebackTmp:          0 kB
CommitLimit:    26994156 kB
Committed_AS:   83934296 kB
VmallocTotal:   34359738367 kB
VmallocUsed:      202776 kB
VmallocChunk:   34359474424 kB
HardwareCorrupted:     0 kB
AnonHugePages:         0 kB
HugePages_Total:       0
HugePages_Free:        0
HugePages_Rsvd:        0
HugePages_Surp:        0
Hugepagesize:       2048 kB
DirectMap4k:      202624 kB
DirectMap2M:    33351680 kB


CPU:total 8 (1 cores per cpu, 1 threads per core) family 6 model 45 stepping 7, cmov, cx8, fxsr, mmx, sse, sse2, sse3, ssse3, sse4.1, sse4.2, popcnt, avx, aes, clmul, tsc, tscinvbit, tscinv

/proc/cpuinfo:
processor	: 0
vendor_id	: GenuineIntel
cpu family	: 6
model		: 45
model name	: Intel(R) Xeon(R) CPU E5-2650L 0 @ 1.80GHz
stepping	: 7
microcode	: 0x710
cpu MHz		: 1800.000
cache size	: 20480 KB
physical id	: 0
siblings	: 1
core id		: 0
cpu cores	: 1
apicid		: 0
initial apicid	: 0
fpu		: yes
fpu_exception	: yes
cpuid level	: 13
wp		: yes
flags		: fpu vme de pse tsc msr pae mce cx8 apic sep mtrr pge mca cmov pat pse36 clflush dts mmx fxsr sse sse2 ss syscall nx rdtscp lm constant_tsc arch_perfmon pebs bts nopl xtopology tsc_reliable nonstop_tsc aperfmperf pni pclmulqdq ssse3 cx16 pcid sse4_1 sse4_2 x2apic popcnt tsc_deadline_timer aes xsave avx hypervisor lahf_lm ida arat pln pts dtherm tsc_adjust
bogomips	: 3600.00
clflush size	: 64
cache_alignment	: 64
address sizes	: 42 bits physical, 48 bits virtual
power management:

processor	: 1
vendor_id	: GenuineIntel
cpu family	: 6
model		: 45
model name	: Intel(R) Xeon(R) CPU E5-2650L 0 @ 1.80GHz
stepping	: 7
microcode	: 0x710
cpu MHz		: 1800.000
cache size	: 20480 KB
physical id	: 2
siblings	: 1
core id		: 0
cpu cores	: 1
apicid		: 2
initial apicid	: 2
fpu		: yes
fpu_exception	: yes
cpuid level	: 13
wp		: yes
flags		: fpu vme de pse tsc msr pae mce cx8 apic sep mtrr pge mca cmov pat pse36 clflush dts mmx fxsr sse sse2 ss syscall nx rdtscp lm constant_tsc arch_perfmon pebs bts nopl xtopology tsc_reliable nonstop_tsc aperfmperf pni pclmulqdq ssse3 cx16 pcid sse4_1 sse4_2 x2apic popcnt tsc_deadline_timer aes xsave avx hypervisor lahf_lm ida arat pln pts dtherm tsc_adjust
bogomips	: 3600.00
clflush size	: 64
cache_alignment	: 64
address sizes	: 42 bits physical, 48 bits virtual
power management:

processor	: 2
vendor_id	: GenuineIntel
cpu family	: 6
model		: 45
model name	: Intel(R) Xeon(R) CPU E5-2650L 0 @ 1.80GHz
stepping	: 7
microcode	: 0x710
cpu MHz		: 1800.000
cache size	: 20480 KB
physical id	: 4
siblings	: 1
core id		: 0
cpu cores	: 1
apicid		: 4
initial apicid	: 4
fpu		: yes
fpu_exception	: yes
cpuid level	: 13
wp		: yes
flags		: fpu vme de pse tsc msr pae mce cx8 apic sep mtrr pge mca cmov pat pse36 clflush dts mmx fxsr sse sse2 ss syscall nx rdtscp lm constant_tsc arch_perfmon pebs bts nopl xtopology tsc_reliable nonstop_tsc aperfmperf pni pclmulqdq ssse3 cx16 pcid sse4_1 sse4_2 x2apic popcnt tsc_deadline_timer aes xsave avx hypervisor lahf_lm ida arat pln pts dtherm tsc_adjust
bogomips	: 3600.00
clflush size	: 64
cache_alignment	: 64
address sizes	: 42 bits physical, 48 bits virtual
power management:

processor	: 3
vendor_id	: GenuineIntel
cpu family	: 6
model		: 45
model name	: Intel(R) Xeon(R) CPU E5-2650L 0 @ 1.80GHz
stepping	: 7
microcode	: 0x710
cpu MHz		: 1800.000
cache size	: 20480 KB
physical id	: 6
siblings	: 1
core id		: 0
cpu cores	: 1
apicid		: 6
initial apicid	: 6
fpu		: yes
fpu_exception	: yes
cpuid level	: 13
wp		: yes
flags		: fpu vme de pse tsc msr pae mce cx8 apic sep mtrr pge mca cmov pat pse36 clflush dts mmx fxsr sse sse2 ss syscall nx rdtscp lm constant_tsc arch_perfmon pebs bts nopl xtopology tsc_reliable nonstop_tsc aperfmperf pni pclmulqdq ssse3 cx16 pcid sse4_1 sse4_2 x2apic popcnt tsc_deadline_timer aes xsave avx hypervisor lahf_lm ida arat pln pts dtherm tsc_adjust
bogomips	: 3600.00
clflush size	: 64
cache_alignment	: 64
address sizes	: 42 bits physical, 48 bits virtual
power management:

processor	: 4
vendor_id	: GenuineIntel
cpu family	: 6
model		: 45
model name	: Intel(R) Xeon(R) CPU E5-2650L 0 @ 1.80GHz
stepping	: 7
microcode	: 0x710
cpu MHz		: 1800.000
cache size	: 20480 KB
physical id	: 8
siblings	: 1
core id		: 0
cpu cores	: 1
apicid		: 8
initial apicid	: 8
fpu		: yes
fpu_exception	: yes
cpuid level	: 13
wp		: yes
flags		: fpu vme de pse tsc msr pae mce cx8 apic sep mtrr pge mca cmov pat pse36 clflush dts mmx fxsr sse sse2 ss syscall nx rdtscp lm constant_tsc arch_perfmon pebs bts nopl xtopology tsc_reliable nonstop_tsc aperfmperf pni pclmulqdq ssse3 cx16 pcid sse4_1 sse4_2 x2apic popcnt tsc_deadline_timer aes xsave avx hypervisor lahf_lm ida arat pln pts dtherm tsc_adjust
bogomips	: 3600.00
clflush size	: 64
cache_alignment	: 64
address sizes	: 42 bits physical, 48 bits virtual
power management:

processor	: 5
vendor_id	: GenuineIntel
cpu family	: 6
model		: 45
model name	: Intel(R) Xeon(R) CPU E5-2650L 0 @ 1.80GHz
stepping	: 7
microcode	: 0x710
cpu MHz		: 1800.000
cache size	: 20480 KB
physical id	: 10
siblings	: 1
core id		: 0
cpu cores	: 1
apicid		: 10
initial apicid	: 10
fpu		: yes
fpu_exception	: yes
cpuid level	: 13
wp		: yes
flags		: fpu vme de pse tsc msr pae mce cx8 apic sep mtrr pge mca cmov pat pse36 clflush dts mmx fxsr sse sse2 ss syscall nx rdtscp lm constant_tsc arch_perfmon pebs bts nopl xtopology tsc_reliable nonstop_tsc aperfmperf pni pclmulqdq ssse3 cx16 pcid sse4_1 sse4_2 x2apic popcnt tsc_deadline_timer aes xsave avx hypervisor lahf_lm ida arat pln pts dtherm tsc_adjust
bogomips	: 3600.00
clflush size	: 64
cache_alignment	: 64
address sizes	: 42 bits physical, 48 bits virtual
power management:

processor	: 6
vendor_id	: GenuineIntel
cpu family	: 6
model		: 45
model name	: Intel(R) Xeon(R) CPU E5-2650L 0 @ 1.80GHz
stepping	: 7
microcode	: 0x710
cpu MHz		: 1800.000
cache size	: 20480 KB
physical id	: 12
siblings	: 1
core id		: 0
cpu cores	: 1
apicid		: 12
initial apicid	: 12
fpu		: yes
fpu_exception	: yes
cpuid level	: 13
wp		: yes
flags		: fpu vme de pse tsc msr pae mce cx8 apic sep mtrr pge mca cmov pat pse36 clflush dts mmx fxsr sse sse2 ss syscall nx rdtscp lm constant_tsc arch_perfmon pebs bts nopl xtopology tsc_reliable nonstop_tsc aperfmperf pni pclmulqdq ssse3 cx16 pcid sse4_1 sse4_2 x2apic popcnt tsc_deadline_timer aes xsave avx hypervisor lahf_lm ida arat pln pts dtherm tsc_adjust
bogomips	: 3600.00
clflush size	: 64
cache_alignment	: 64
address sizes	: 42 bits physical, 48 bits virtual
power management:

processor	: 7
vendor_id	: GenuineIntel
cpu family	: 6
model		: 45
model name	: Intel(R) Xeon(R) CPU E5-2650L 0 @ 1.80GHz
stepping	: 7
microcode	: 0x710
cpu MHz		: 1800.000
cache size	: 20480 KB
physical id	: 14
siblings	: 1
core id		: 0
cpu cores	: 1
apicid		: 14
initial apicid	: 14
fpu		: yes
fpu_exception	: yes
cpuid level	: 13
wp		: yes
flags		: fpu vme de pse tsc msr pae mce cx8 apic sep mtrr pge mca cmov pat pse36 clflush dts mmx fxsr sse sse2 ss syscall nx rdtscp lm constant_tsc arch_perfmon pebs bts nopl xtopology tsc_reliable nonstop_tsc aperfmperf pni pclmulqdq ssse3 cx16 pcid sse4_1 sse4_2 x2apic popcnt tsc_deadline_timer aes xsave avx hypervisor lahf_lm ida arat pln pts dtherm tsc_adjust
bogomips	: 3600.00
clflush size	: 64
cache_alignment	: 64
address sizes	: 42 bits physical, 48 bits virtual
power management:



Memory: 4k page, physical 33018848k(266188k free), swap 10484732k(0k free)

vm_info: OpenJDK 64-Bit Server VM (25.121-b13) for linux-amd64 JRE (1.8.0_121-8u121-b13-1~bpo8+1-b13), built on Jan 24 2017 09:37:46 by "pbuilder" with gcc 4.9.2

time: Mon Nov 27 16:12:17 2017
elapsed time: 0 seconds (0d 0h 0m 0s)

