#
# There is insufficient memory for the Java Runtime Environment to continue.
# Native memory allocation (mmap) failed to map 352321536 bytes for committing reserved memory.
# Possible reasons:
#   The system is out of physical RAM or swap space
#   In 32 bit mode, the process size limit was hit
# Possible solutions:
#   Reduce memory load on the system
#   Increase physical memory or swap space
#   Check if swap backing store is full
#   Use 64 bit Java on a 64 bit OS
#   Decrease Java heap size (-Xmx/-Xms)
#   Decrease number of Java threads
#   Decrease Java thread stack sizes (-Xss)
#   Set larger code cache with -XX:ReservedCodeCacheSize=
# This output file may be truncated or incomplete.
#
#  Out of Memory Error (os_linux.cpp:2630), pid=2629, tid=0x00007f24d3b2d700
#
# JRE version:  (8.0_121-b13) (build )
# Java VM: OpenJDK 64-Bit Server VM (25.121-b13 mixed mode linux-amd64 compressed oops)
# Core dump written. Default location: /root/workspace/OpenGrok/OpenGrok/307964655/opengrok-indexer/core or core.2629
#

---------------  T H R E A D  ---------------

Current thread (0x00007f24cc00a000):  JavaThread "Unknown thread" [_thread_in_vm, id=2630, stack(0x00007f24d3a2d000,0x00007f24d3b2e000)]

Stack: [0x00007f24d3a2d000,0x00007f24d3b2e000],  sp=0x00007f24d3b2c620,  free space=1021k
Native frames: (J=compiled Java code, j=interpreted, Vv=VM code, C=native code)
V  [libjvm.so+0xa9700d]
V  [libjvm.so+0x4ea26c]
V  [libjvm.so+0x8e2b90]
V  [libjvm.so+0x8dd27e]
V  [libjvm.so+0x95a25b]
V  [libjvm.so+0x94ac13]
V  [libjvm.so+0x2ca571]
V  [libjvm.so+0x9097ab]
V  [libjvm.so+0xa5ad19]
V  [libjvm.so+0xa5af32]
V  [libjvm.so+0x6372ef]
V  [libjvm.so+0xa3dc3a]
V  [libjvm.so+0x6ad815]  JNI_CreateJavaVM+0x65
C  [libjli.so+0x2f6e]
C  [libjli.so+0x74bd]
C  [libpthread.so.0+0x8064]  start_thread+0xc4


---------------  P R O C E S S  ---------------

Java Threads: ( => current thread )

Other Threads:

=>0x00007f24cc00a000 (exited) JavaThread "Unknown thread" [_thread_in_vm, id=2630, stack(0x00007f24d3a2d000,0x00007f24d3b2e000)]

VM state:not at safepoint (not fully initialized)

VM Mutex/Monitor currently owned by a thread: None

GC Heap History (0 events):
No events

Deoptimization events (0 events):
No events

Internal exceptions (0 events):
No events

Events (0 events):
No events


Dynamic libraries:
00400000-00401000 r-xp 00000000 00:87 90                                 /usr/lib/jvm/java-8-openjdk-amd64/jre/bin/java
00600000-00601000 r--p 00000000 00:87 90                                 /usr/lib/jvm/java-8-openjdk-amd64/jre/bin/java
00601000-00602000 rw-p 00001000 00:87 90                                 /usr/lib/jvm/java-8-openjdk-amd64/jre/bin/java
01022000-01043000 rw-p 00000000 00:00 0                                  [heap]
5dd200000-718100000 ---p 00000000 00:00 0 
718100000-722900000 rw-p 00000000 00:00 0 
722900000-7c0000000 ---p 00000000 00:00 0 
7f24bc040000-7f24bcabf000 ---p 00000000 00:00 0 
7f24bcabf000-7f24bcb14000 rw-p 00000000 00:00 0 
7f24bcb14000-7f24bcfff000 ---p 00000000 00:00 0 
7f24bcfff000-7f24bd000000 rw-p 00000000 00:00 0 
7f24bd000000-7f24bd270000 rwxp 00000000 00:00 0 
7f24bd270000-7f24cc000000 ---p 00000000 00:00 0 
7f24cc000000-7f24cc02f000 rw-p 00000000 00:00 0 
7f24cc02f000-7f24d0000000 ---p 00000000 00:00 0 
7f24d0123000-7f24d012d000 rw-p 00000000 00:00 0 
7f24d012d000-7f24d04e3000 ---p 00000000 00:00 0 
7f24d04e3000-7f24d04eb000 r-xp 00000000 00:87 117                        /usr/lib/jvm/java-8-openjdk-amd64/jre/lib/amd64/libzip.so
7f24d04eb000-7f24d06ea000 ---p 00008000 00:87 117                        /usr/lib/jvm/java-8-openjdk-amd64/jre/lib/amd64/libzip.so
7f24d06ea000-7f24d06eb000 r--p 00007000 00:87 117                        /usr/lib/jvm/java-8-openjdk-amd64/jre/lib/amd64/libzip.so
7f24d06eb000-7f24d06ec000 rw-p 00008000 00:87 117                        /usr/lib/jvm/java-8-openjdk-amd64/jre/lib/amd64/libzip.so
7f24d06ec000-7f24d06f7000 r-xp 00000000 00:87 82                         /lib/x86_64-linux-gnu/libnss_files-2.19.so
7f24d06f7000-7f24d08f6000 ---p 0000b000 00:87 82                         /lib/x86_64-linux-gnu/libnss_files-2.19.so
7f24d08f6000-7f24d08f7000 r--p 0000a000 00:87 82                         /lib/x86_64-linux-gnu/libnss_files-2.19.so
7f24d08f7000-7f24d08f8000 rw-p 0000b000 00:87 82                         /lib/x86_64-linux-gnu/libnss_files-2.19.so
7f24d08f8000-7f24d0902000 r-xp 00000000 00:87 80                         /lib/x86_64-linux-gnu/libnss_nis-2.19.so
7f24d0902000-7f24d0b01000 ---p 0000a000 00:87 80                         /lib/x86_64-linux-gnu/libnss_nis-2.19.so
7f24d0b01000-7f24d0b02000 r--p 00009000 00:87 80                         /lib/x86_64-linux-gnu/libnss_nis-2.19.so
7f24d0b02000-7f24d0b03000 rw-p 0000a000 00:87 80                         /lib/x86_64-linux-gnu/libnss_nis-2.19.so
7f24d0b03000-7f24d0b18000 r-xp 00000000 00:87 78                         /lib/x86_64-linux-gnu/libnsl-2.19.so
7f24d0b18000-7f24d0d17000 ---p 00015000 00:87 78                         /lib/x86_64-linux-gnu/libnsl-2.19.so
7f24d0d17000-7f24d0d18000 r--p 00014000 00:87 78                         /lib/x86_64-linux-gnu/libnsl-2.19.so
7f24d0d18000-7f24d0d19000 rw-p 00015000 00:87 78                         /lib/x86_64-linux-gnu/libnsl-2.19.so
7f24d0d19000-7f24d0d1b000 rw-p 00000000 00:00 0 
7f24d0d1b000-7f24d0d22000 r-xp 00000000 00:87 76                         /lib/x86_64-linux-gnu/libnss_compat-2.19.so
7f24d0d22000-7f24d0f21000 ---p 00007000 00:87 76                         /lib/x86_64-linux-gnu/libnss_compat-2.19.so
7f24d0f21000-7f24d0f22000 r--p 00006000 00:87 76                         /lib/x86_64-linux-gnu/libnss_compat-2.19.so
7f24d0f22000-7f24d0f23000 rw-p 00007000 00:87 76                         /lib/x86_64-linux-gnu/libnss_compat-2.19.so
7f24d0f23000-7f24d0f51000 r-xp 00000000 00:87 99                         /usr/lib/jvm/java-8-openjdk-amd64/jre/lib/amd64/libjava.so
7f24d0f51000-7f24d1150000 ---p 0002e000 00:87 99                         /usr/lib/jvm/java-8-openjdk-amd64/jre/lib/amd64/libjava.so
7f24d1150000-7f24d1151000 r--p 0002d000 00:87 99                         /usr/lib/jvm/java-8-openjdk-amd64/jre/lib/amd64/libjava.so
7f24d1151000-7f24d1153000 rw-p 0002e000 00:87 99                         /usr/lib/jvm/java-8-openjdk-amd64/jre/lib/amd64/libjava.so
7f24d1153000-7f24d1162000 r-xp 00000000 00:87 112                        /usr/lib/jvm/java-8-openjdk-amd64/jre/lib/amd64/libverify.so
7f24d1162000-7f24d1362000 ---p 0000f000 00:87 112                        /usr/lib/jvm/java-8-openjdk-amd64/jre/lib/amd64/libverify.so
7f24d1362000-7f24d1365000 r--p 0000f000 00:87 112                        /usr/lib/jvm/java-8-openjdk-amd64/jre/lib/amd64/libverify.so
7f24d1365000-7f24d1366000 rw-p 00012000 00:87 112                        /usr/lib/jvm/java-8-openjdk-amd64/jre/lib/amd64/libverify.so
7f24d1366000-7f24d136d000 r-xp 00000000 00:87 111                        /lib/x86_64-linux-gnu/librt-2.19.so
7f24d136d000-7f24d156c000 ---p 00007000 00:87 111                        /lib/x86_64-linux-gnu/librt-2.19.so
7f24d156c000-7f24d156d000 r--p 00006000 00:87 111                        /lib/x86_64-linux-gnu/librt-2.19.so
7f24d156d000-7f24d156e000 rw-p 00007000 00:87 111                        /lib/x86_64-linux-gnu/librt-2.19.so
7f24d156e000-7f24d1584000 r-xp 00000000 00:87 109                        /lib/x86_64-linux-gnu/libgcc_s.so.1
7f24d1584000-7f24d1783000 ---p 00016000 00:87 109                        /lib/x86_64-linux-gnu/libgcc_s.so.1
7f24d1783000-7f24d1784000 rw-p 00015000 00:87 109                        /lib/x86_64-linux-gnu/libgcc_s.so.1
7f24d1784000-7f24d1884000 r-xp 00000000 00:87 108                        /lib/x86_64-linux-gnu/libm-2.19.so
7f24d1884000-7f24d1a83000 ---p 00100000 00:87 108                        /lib/x86_64-linux-gnu/libm-2.19.so
7f24d1a83000-7f24d1a84000 r--p 000ff000 00:87 108                        /lib/x86_64-linux-gnu/libm-2.19.so
7f24d1a84000-7f24d1a85000 rw-p 00100000 00:87 108                        /lib/x86_64-linux-gnu/libm-2.19.so
7f24d1a85000-7f24d1b71000 r-xp 00000000 00:87 106                        /usr/lib/x86_64-linux-gnu/libstdc++.so.6.0.20
7f24d1b71000-7f24d1d71000 ---p 000ec000 00:87 106                        /usr/lib/x86_64-linux-gnu/libstdc++.so.6.0.20
7f24d1d71000-7f24d1d79000 r--p 000ec000 00:87 106                        /usr/lib/x86_64-linux-gnu/libstdc++.so.6.0.20
7f24d1d79000-7f24d1d7b000 rw-p 000f4000 00:87 106                        /usr/lib/x86_64-linux-gnu/libstdc++.so.6.0.20
7f24d1d7b000-7f24d1d90000 rw-p 00000000 00:00 0 
7f24d1d90000-7f24d2a28000 r-xp 00000000 00:87 104                        /usr/lib/jvm/java-8-openjdk-amd64/jre/lib/amd64/server/libjvm.so
7f24d2a28000-7f24d2c28000 ---p 00c98000 00:87 104                        /usr/lib/jvm/java-8-openjdk-amd64/jre/lib/amd64/server/libjvm.so
7f24d2c28000-7f24d2ccb000 r--p 00c98000 00:87 104                        /usr/lib/jvm/java-8-openjdk-amd64/jre/lib/amd64/server/libjvm.so
7f24d2ccb000-7f24d2cf4000 rw-p 00d3b000 00:87 104                        /usr/lib/jvm/java-8-openjdk-amd64/jre/lib/amd64/server/libjvm.so
7f24d2cf4000-7f24d2d25000 rw-p 00000000 00:00 0 
7f24d2d25000-7f24d2ec6000 r-xp 00000000 00:87 34                         /lib/x86_64-linux-gnu/libc-2.19.so
7f24d2ec6000-7f24d30c6000 ---p 001a1000 00:87 34                         /lib/x86_64-linux-gnu/libc-2.19.so
7f24d30c6000-7f24d30ca000 r--p 001a1000 00:87 34                         /lib/x86_64-linux-gnu/libc-2.19.so
7f24d30ca000-7f24d30cc000 rw-p 001a5000 00:87 34                         /lib/x86_64-linux-gnu/libc-2.19.so
7f24d30cc000-7f24d30d0000 rw-p 00000000 00:00 0 
7f24d30d0000-7f24d30d3000 r-xp 00000000 00:87 71                         /lib/x86_64-linux-gnu/libdl-2.19.so
7f24d30d3000-7f24d32d2000 ---p 00003000 00:87 71                         /lib/x86_64-linux-gnu/libdl-2.19.so
7f24d32d2000-7f24d32d3000 r--p 00002000 00:87 71                         /lib/x86_64-linux-gnu/libdl-2.19.so
7f24d32d3000-7f24d32d4000 rw-p 00003000 00:87 71                         /lib/x86_64-linux-gnu/libdl-2.19.so
7f24d32d4000-7f24d32e2000 r-xp 00000000 00:87 98                         /usr/lib/jvm/java-8-openjdk-amd64/jre/lib/amd64/jli/libjli.so
7f24d32e2000-7f24d34e1000 ---p 0000e000 00:87 98                         /usr/lib/jvm/java-8-openjdk-amd64/jre/lib/amd64/jli/libjli.so
7f24d34e1000-7f24d34e2000 r--p 0000d000 00:87 98                         /usr/lib/jvm/java-8-openjdk-amd64/jre/lib/amd64/jli/libjli.so
7f24d34e2000-7f24d34e3000 rw-p 0000e000 00:87 98                         /usr/lib/jvm/java-8-openjdk-amd64/jre/lib/amd64/jli/libjli.so
7f24d34e3000-7f24d34fd000 r-xp 00000000 00:87 97                         /lib/x86_64-linux-gnu/libz.so.1.2.8
7f24d34fd000-7f24d36fc000 ---p 0001a000 00:87 97                         /lib/x86_64-linux-gnu/libz.so.1.2.8
7f24d36fc000-7f24d36fd000 r--p 00019000 00:87 97                         /lib/x86_64-linux-gnu/libz.so.1.2.8
7f24d36fd000-7f24d36fe000 rw-p 0001a000 00:87 97                         /lib/x86_64-linux-gnu/libz.so.1.2.8
7f24d36fe000-7f24d3716000 r-xp 00000000 00:87 95                         /lib/x86_64-linux-gnu/libpthread-2.19.so
7f24d3716000-7f24d3915000 ---p 00018000 00:87 95                         /lib/x86_64-linux-gnu/libpthread-2.19.so
7f24d3915000-7f24d3916000 r--p 00017000 00:87 95                         /lib/x86_64-linux-gnu/libpthread-2.19.so
7f24d3916000-7f24d3917000 rw-p 00018000 00:87 95                         /lib/x86_64-linux-gnu/libpthread-2.19.so
7f24d3917000-7f24d391b000 rw-p 00000000 00:00 0 
7f24d391b000-7f24d393b000 r-xp 00000000 00:87 31                         /lib/x86_64-linux-gnu/ld-2.19.so
7f24d3a25000-7f24d3a2d000 rw-s 00000000 00:87 7533                       /tmp/hsperfdata_root/2629
7f24d3a2d000-7f24d3a30000 ---p 00000000 00:00 0 
7f24d3a30000-7f24d3b33000 rw-p 00000000 00:00 0                          [stack:23743]
7f24d3b34000-7f24d3b38000 rw-p 00000000 00:00 0 
7f24d3b38000-7f24d3b39000 r--p 00000000 00:00 0 
7f24d3b39000-7f24d3b3b000 rw-p 00000000 00:00 0 
7f24d3b3b000-7f24d3b3c000 r--p 00020000 00:87 31                         /lib/x86_64-linux-gnu/ld-2.19.so
7f24d3b3c000-7f24d3b3d000 rw-p 00021000 00:87 31                         /lib/x86_64-linux-gnu/ld-2.19.so
7f24d3b3d000-7f24d3b3e000 rw-p 00000000 00:00 0 
7ffdbd789000-7ffdbd7aa000 rw-p 00000000 00:00 0                          [stack]
7ffdbd7ed000-7ffdbd7ef000 r-xp 00000000 00:00 0                          [vdso]
7ffdbd7ef000-7ffdbd7f1000 r--p 00000000 00:00 0                          [vvar]
ffffffffff600000-ffffffffff601000 r-xp 00000000 00:00 0                  [vsyscall]

VM Arguments:
java_command: /root/workspace/OpenGrok/OpenGrok/307964655/opengrok-indexer/target/surefire/surefirebooter7727040907491757751.jar /root/workspace/OpenGrok/OpenGrok/307964655/opengrok-indexer/target/surefire 2017-11-27T17-10-10_517-jvmRun1 surefire2106487219862708252tmp surefire_7793709015459524873tmp
java_class_path (initial): /root/workspace/OpenGrok/OpenGrok/307964655/opengrok-indexer/target/surefire/surefirebooter7727040907491757751.jar
Launcher Type: SUN_STANDARD

Environment Variables:
JAVA_HOME=/usr/lib/jvm/java-8-openjdk-amd64
PATH=/usr/local/sbin:/usr/local/bin:/usr/sbin:/usr/bin:/sbin:/bin

Signal Handlers:
SIGSEGV: [libjvm.so+0xa97af0], sa_mask[0]=11111111011111111101111111111110, sa_flags=SA_RESTART|SA_SIGINFO
SIGBUS: [libjvm.so+0xa97af0], sa_mask[0]=11111111011111111101111111111110, sa_flags=SA_RESTART|SA_SIGINFO
SIGFPE: [libjvm.so+0x8de430], sa_mask[0]=11111111011111111101111111111110, sa_flags=SA_RESTART|SA_SIGINFO
SIGPIPE: [libjvm.so+0x8de430], sa_mask[0]=11111111011111111101111111111110, sa_flags=SA_RESTART|SA_SIGINFO
SIGXFSZ: [libjvm.so+0x8de430], sa_mask[0]=11111111011111111101111111111110, sa_flags=SA_RESTART|SA_SIGINFO
SIGILL: [libjvm.so+0x8de430], sa_mask[0]=11111111011111111101111111111110, sa_flags=SA_RESTART|SA_SIGINFO
SIGUSR1: SIG_DFL, sa_mask[0]=00000000000000000000000000000000, sa_flags=none
SIGUSR2: [libjvm.so+0x8de2e0], sa_mask[0]=00100000000000000000000000000000, sa_flags=SA_RESTART|SA_SIGINFO
SIGHUP: SIG_DFL, sa_mask[0]=00000000000000000000000000000000, sa_flags=none
SIGINT: SIG_DFL, sa_mask[0]=00000000000000000000000000000000, sa_flags=none
SIGTERM: SIG_DFL, sa_mask[0]=00000000000000000000000000000000, sa_flags=none
SIGQUIT: SIG_DFL, sa_mask[0]=00000000000000000000000000000000, sa_flags=none


---------------  S Y S T E M  ---------------

OS:PRETTY_NAME="Debian GNU/Linux 8 (jessie)"
NAME="Debian GNU/Linux"
VERSION_ID="8"
VERSION="8 (jessie)"
ID=debian
HOME_URL="http://www.debian.org/"
SUPPORT_URL="http://www.debian.org/support"
BUG_REPORT_URL="https://bugs.debian.org/"

uname:Linux 3.16.0-4-amd64 #1 SMP Debian 3.16.43-2+deb8u2 (2017-06-26) x86_64
libc:glibc 2.19 NPTL 2.19 
rlimit: STACK 8192k, CORE infinity, NPROC infinity, NOFILE 1048576, AS infinity
load average:5.35 4.61 7.06

/proc/meminfo:
MemTotal:       33018848 kB
MemFree:          260964 kB
MemAvailable:     383548 kB
Buffers:           18900 kB
Cached:           429740 kB
SwapCached:         2592 kB
Active:         29707496 kB
Inactive:        2313732 kB
Active(anon):   29670712 kB
Inactive(anon):  2289308 kB
Active(file):      36784 kB
Inactive(file):    24424 kB
Unevictable:           0 kB
Mlocked:               0 kB
SwapTotal:      10484732 kB
SwapFree:              0 kB
Dirty:              5036 kB
Writeback:             0 kB
AnonPages:      31571176 kB
Mapped:            40412 kB
Shmem:            386496 kB
Slab:             426500 kB
SReclaimable:     260924 kB
SUnreclaim:       165576 kB
KernelStack:       68640 kB
PageTables:       129572 kB
NFS_Unstable:          0 kB
Bounce:                0 kB
WritebackTmp:          0 kB
CommitLimit:    26994156 kB
Committed_AS:   83876872 kB
VmallocTotal:   34359738367 kB
VmallocUsed:      202776 kB
VmallocChunk:   34359474424 kB
HardwareCorrupted:     0 kB
AnonHugePages:         0 kB
HugePages_Total:       0
HugePages_Free:        0
HugePages_Rsvd:        0
HugePages_Surp:        0
Hugepagesize:       2048 kB
DirectMap4k:      202624 kB
DirectMap2M:    33351680 kB


CPU:total 8 (1 cores per cpu, 1 threads per core) family 6 model 45 stepping 7, cmov, cx8, fxsr, mmx, sse, sse2, sse3, ssse3, sse4.1, sse4.2, popcnt, avx, aes, clmul, tsc, tscinvbit, tscinv

/proc/cpuinfo:
processor	: 0
vendor_id	: GenuineIntel
cpu family	: 6
model		: 45
model name	: Intel(R) Xeon(R) CPU E5-2650L 0 @ 1.80GHz
stepping	: 7
microcode	: 0x710
cpu MHz		: 1800.000
cache size	: 20480 KB
physical id	: 0
siblings	: 1
core id		: 0
cpu cores	: 1
apicid		: 0
initial apicid	: 0
fpu		: yes
fpu_exception	: yes
cpuid level	: 13
wp		: yes
flags		: fpu vme de pse tsc msr pae mce cx8 apic sep mtrr pge mca cmov pat pse36 clflush dts mmx fxsr sse sse2 ss syscall nx rdtscp lm constant_tsc arch_perfmon pebs bts nopl xtopology tsc_reliable nonstop_tsc aperfmperf pni pclmulqdq ssse3 cx16 pcid sse4_1 sse4_2 x2apic popcnt tsc_deadline_timer aes xsave avx hypervisor lahf_lm ida arat pln pts dtherm tsc_adjust
bogomips	: 3600.00
clflush size	: 64
cache_alignment	: 64
address sizes	: 42 bits physical, 48 bits virtual
power management:

processor	: 1
vendor_id	: GenuineIntel
cpu family	: 6
model		: 45
model name	: Intel(R) Xeon(R) CPU E5-2650L 0 @ 1.80GHz
stepping	: 7
microcode	: 0x710
cpu MHz		: 1800.000
cache size	: 20480 KB
physical id	: 2
siblings	: 1
core id		: 0
cpu cores	: 1
apicid		: 2
initial apicid	: 2
fpu		: yes
fpu_exception	: yes
cpuid level	: 13
wp		: yes
flags		: fpu vme de pse tsc msr pae mce cx8 apic sep mtrr pge mca cmov pat pse36 clflush dts mmx fxsr sse sse2 ss syscall nx rdtscp lm constant_tsc arch_perfmon pebs bts nopl xtopology tsc_reliable nonstop_tsc aperfmperf pni pclmulqdq ssse3 cx16 pcid sse4_1 sse4_2 x2apic popcnt tsc_deadline_timer aes xsave avx hypervisor lahf_lm ida arat pln pts dtherm tsc_adjust
bogomips	: 3600.00
clflush size	: 64
cache_alignment	: 64
address sizes	: 42 bits physical, 48 bits virtual
power management:

processor	: 2
vendor_id	: GenuineIntel
cpu family	: 6
model		: 45
model name	: Intel(R) Xeon(R) CPU E5-2650L 0 @ 1.80GHz
stepping	: 7
microcode	: 0x710
cpu MHz		: 1800.000
cache size	: 20480 KB
physical id	: 4
siblings	: 1
core id		: 0
cpu cores	: 1
apicid		: 4
initial apicid	: 4
fpu		: yes
fpu_exception	: yes
cpuid level	: 13
wp		: yes
flags		: fpu vme de pse tsc msr pae mce cx8 apic sep mtrr pge mca cmov pat pse36 clflush dts mmx fxsr sse sse2 ss syscall nx rdtscp lm constant_tsc arch_perfmon pebs bts nopl xtopology tsc_reliable nonstop_tsc aperfmperf pni pclmulqdq ssse3 cx16 pcid sse4_1 sse4_2 x2apic popcnt tsc_deadline_timer aes xsave avx hypervisor lahf_lm ida arat pln pts dtherm tsc_adjust
bogomips	: 3600.00
clflush size	: 64
cache_alignment	: 64
address sizes	: 42 bits physical, 48 bits virtual
power management:

processor	: 3
vendor_id	: GenuineIntel
cpu family	: 6
model		: 45
model name	: Intel(R) Xeon(R) CPU E5-2650L 0 @ 1.80GHz
stepping	: 7
microcode	: 0x710
cpu MHz		: 1800.000
cache size	: 20480 KB
physical id	: 6
siblings	: 1
core id		: 0
cpu cores	: 1
apicid		: 6
initial apicid	: 6
fpu		: yes
fpu_exception	: yes
cpuid level	: 13
wp		: yes
flags		: fpu vme de pse tsc msr pae mce cx8 apic sep mtrr pge mca cmov pat pse36 clflush dts mmx fxsr sse sse2 ss syscall nx rdtscp lm constant_tsc arch_perfmon pebs bts nopl xtopology tsc_reliable nonstop_tsc aperfmperf pni pclmulqdq ssse3 cx16 pcid sse4_1 sse4_2 x2apic popcnt tsc_deadline_timer aes xsave avx hypervisor lahf_lm ida arat pln pts dtherm tsc_adjust
bogomips	: 3600.00
clflush size	: 64
cache_alignment	: 64
address sizes	: 42 bits physical, 48 bits virtual
power management:

processor	: 4
vendor_id	: GenuineIntel
cpu family	: 6
model		: 45
model name	: Intel(R) Xeon(R) CPU E5-2650L 0 @ 1.80GHz
stepping	: 7
microcode	: 0x710
cpu MHz		: 1800.000
cache size	: 20480 KB
physical id	: 8
siblings	: 1
core id		: 0
cpu cores	: 1
apicid		: 8
initial apicid	: 8
fpu		: yes
fpu_exception	: yes
cpuid level	: 13
wp		: yes
flags		: fpu vme de pse tsc msr pae mce cx8 apic sep mtrr pge mca cmov pat pse36 clflush dts mmx fxsr sse sse2 ss syscall nx rdtscp lm constant_tsc arch_perfmon pebs bts nopl xtopology tsc_reliable nonstop_tsc aperfmperf pni pclmulqdq ssse3 cx16 pcid sse4_1 sse4_2 x2apic popcnt tsc_deadline_timer aes xsave avx hypervisor lahf_lm ida arat pln pts dtherm tsc_adjust
bogomips	: 3600.00
clflush size	: 64
cache_alignment	: 64
address sizes	: 42 bits physical, 48 bits virtual
power management:

processor	: 5
vendor_id	: GenuineIntel
cpu family	: 6
model		: 45
model name	: Intel(R) Xeon(R) CPU E5-2650L 0 @ 1.80GHz
stepping	: 7
microcode	: 0x710
cpu MHz		: 1800.000
cache size	: 20480 KB
physical id	: 10
siblings	: 1
core id		: 0
cpu cores	: 1
apicid		: 10
initial apicid	: 10
fpu		: yes
fpu_exception	: yes
cpuid level	: 13
wp		: yes
flags		: fpu vme de pse tsc msr pae mce cx8 apic sep mtrr pge mca cmov pat pse36 clflush dts mmx fxsr sse sse2 ss syscall nx rdtscp lm constant_tsc arch_perfmon pebs bts nopl xtopology tsc_reliable nonstop_tsc aperfmperf pni pclmulqdq ssse3 cx16 pcid sse4_1 sse4_2 x2apic popcnt tsc_deadline_timer aes xsave avx hypervisor lahf_lm ida arat pln pts dtherm tsc_adjust
bogomips	: 3600.00
clflush size	: 64
cache_alignment	: 64
address sizes	: 42 bits physical, 48 bits virtual
power management:

processor	: 6
vendor_id	: GenuineIntel
cpu family	: 6
model		: 45
model name	: Intel(R) Xeon(R) CPU E5-2650L 0 @ 1.80GHz
stepping	: 7
microcode	: 0x710
cpu MHz		: 1800.000
cache size	: 20480 KB
physical id	: 12
siblings	: 1
core id		: 0
cpu cores	: 1
apicid		: 12
initial apicid	: 12
fpu		: yes
fpu_exception	: yes
cpuid level	: 13
wp		: yes
flags		: fpu vme de pse tsc msr pae mce cx8 apic sep mtrr pge mca cmov pat pse36 clflush dts mmx fxsr sse sse2 ss syscall nx rdtscp lm constant_tsc arch_perfmon pebs bts nopl xtopology tsc_reliable nonstop_tsc aperfmperf pni pclmulqdq ssse3 cx16 pcid sse4_1 sse4_2 x2apic popcnt tsc_deadline_timer aes xsave avx hypervisor lahf_lm ida arat pln pts dtherm tsc_adjust
bogomips	: 3600.00
clflush size	: 64
cache_alignment	: 64
address sizes	: 42 bits physical, 48 bits virtual
power management:

processor	: 7
vendor_id	: GenuineIntel
cpu family	: 6
model		: 45
model name	: Intel(R) Xeon(R) CPU E5-2650L 0 @ 1.80GHz
stepping	: 7
microcode	: 0x710
cpu MHz		: 1800.000
cache size	: 20480 KB
physical id	: 14
siblings	: 1
core id		: 0
cpu cores	: 1
apicid		: 14
initial apicid	: 14
fpu		: yes
fpu_exception	: yes
cpuid level	: 13
wp		: yes
flags		: fpu vme de pse tsc msr pae mce cx8 apic sep mtrr pge mca cmov pat pse36 clflush dts mmx fxsr sse sse2 ss syscall nx rdtscp lm constant_tsc arch_perfmon pebs bts nopl xtopology tsc_reliable nonstop_tsc aperfmperf pni pclmulqdq ssse3 cx16 pcid sse4_1 sse4_2 x2apic popcnt tsc_deadline_timer aes xsave avx hypervisor lahf_lm ida arat pln pts dtherm tsc_adjust
bogomips	: 3600.00
clflush size	: 64
cache_alignment	: 64
address sizes	: 42 bits physical, 48 bits virtual
power management:



Memory: 4k page, physical 33018848k(260964k free), swap 10484732k(0k free)

vm_info: OpenJDK 64-Bit Server VM (25.121-b13) for linux-amd64 JRE (1.8.0_121-8u121-b13-1~bpo8+1-b13), built on Jan 24 2017 09:37:46 by "pbuilder" with gcc 4.9.2

time: Mon Nov 27 16:12:17 2017
elapsed time: 0 seconds (0d 0h 0m 0s)

