#
# There is insufficient memory for the Java Runtime Environment to continue.
# Native memory allocation (mmap) failed to map 352321536 bytes for committing reserved memory.
# Possible reasons:
#   The system is out of physical RAM or swap space
#   In 32 bit mode, the process size limit was hit
# Possible solutions:
#   Reduce memory load on the system
#   Increase physical memory or swap space
#   Check if swap backing store is full
#   Use 64 bit Java on a 64 bit OS
#   Decrease Java heap size (-Xmx/-Xms)
#   Decrease number of Java threads
#   Decrease Java thread stack sizes (-Xss)
#   Set larger code cache with -XX:ReservedCodeCacheSize=
# This output file may be truncated or incomplete.
#
#  Out of Memory Error (os_linux.cpp:2630), pid=2608, tid=0x00007f1f43a40700
#
# JRE version:  (8.0_121-b13) (build )
# Java VM: OpenJDK 64-Bit Server VM (25.121-b13 mixed mode linux-amd64 compressed oops)
# Core dump written. Default location: /root/workspace/OpenGrok/OpenGrok/307964655/opengrok-indexer/core or core.2608
#

---------------  T H R E A D  ---------------

Current thread (0x00007f1f3c00a000):  JavaThread "Unknown thread" [_thread_in_vm, id=2609, stack(0x00007f1f43940000,0x00007f1f43a41000)]

Stack: [0x00007f1f43940000,0x00007f1f43a41000],  sp=0x00007f1f43a3f620,  free space=1021k
Native frames: (J=compiled Java code, j=interpreted, Vv=VM code, C=native code)
V  [libjvm.so+0xa9700d]
V  [libjvm.so+0x4ea26c]
V  [libjvm.so+0x8e2b90]
V  [libjvm.so+0x8dd27e]
V  [libjvm.so+0x95a25b]
V  [libjvm.so+0x94ac13]
V  [libjvm.so+0x2ca571]
V  [libjvm.so+0x9097ab]
V  [libjvm.so+0xa5ad19]
V  [libjvm.so+0xa5af32]
V  [libjvm.so+0x6372ef]
V  [libjvm.so+0xa3dc3a]
V  [libjvm.so+0x6ad815]  JNI_CreateJavaVM+0x65
C  [libjli.so+0x2f6e]
C  [libjli.so+0x74bd]
C  [libpthread.so.0+0x8064]  start_thread+0xc4


---------------  P R O C E S S  ---------------

Java Threads: ( => current thread )

Other Threads:

=>0x00007f1f3c00a000 (exited) JavaThread "Unknown thread" [_thread_in_vm, id=2609, stack(0x00007f1f43940000,0x00007f1f43a41000)]

VM state:not at safepoint (not fully initialized)

VM Mutex/Monitor currently owned by a thread: None

GC Heap History (0 events):
No events

Deoptimization events (0 events):
No events

Internal exceptions (0 events):
No events

Events (0 events):
No events


Dynamic libraries:
00400000-00401000 r-xp 00000000 00:87 90                                 /usr/lib/jvm/java-8-openjdk-amd64/jre/bin/java
00600000-00601000 r--p 00000000 00:87 90                                 /usr/lib/jvm/java-8-openjdk-amd64/jre/bin/java
00601000-00602000 rw-p 00001000 00:87 90                                 /usr/lib/jvm/java-8-openjdk-amd64/jre/bin/java
0073e000-0075f000 rw-p 00000000 00:00 0                                  [heap]
5dd200000-718100000 ---p 00000000 00:00 0 
718100000-722900000 rw-p 00000000 00:00 0 
722900000-7c0000000 ---p 00000000 00:00 0 
7f1f2c040000-7f1f2cabf000 ---p 00000000 00:00 0 
7f1f2cabf000-7f1f2cb14000 rw-p 00000000 00:00 0 
7f1f2cb14000-7f1f2cfff000 ---p 00000000 00:00 0 
7f1f2cfff000-7f1f2d000000 rw-p 00000000 00:00 0 
7f1f2d000000-7f1f2d270000 rwxp 00000000 00:00 0 
7f1f2d270000-7f1f3c000000 ---p 00000000 00:00 0 
7f1f3c000000-7f1f3c02f000 rw-p 00000000 00:00 0 
7f1f3c02f000-7f1f40000000 ---p 00000000 00:00 0 
7f1f40036000-7f1f40040000 rw-p 00000000 00:00 0 
7f1f40040000-7f1f403f6000 ---p 00000000 00:00 0 
7f1f403f6000-7f1f403fe000 r-xp 00000000 00:87 117                        /usr/lib/jvm/java-8-openjdk-amd64/jre/lib/amd64/libzip.so
7f1f403fe000-7f1f405fd000 ---p 00008000 00:87 117                        /usr/lib/jvm/java-8-openjdk-amd64/jre/lib/amd64/libzip.so
7f1f405fd000-7f1f405fe000 r--p 00007000 00:87 117                        /usr/lib/jvm/java-8-openjdk-amd64/jre/lib/amd64/libzip.so
7f1f405fe000-7f1f405ff000 rw-p 00008000 00:87 117                        /usr/lib/jvm/java-8-openjdk-amd64/jre/lib/amd64/libzip.so
7f1f405ff000-7f1f4060a000 r-xp 00000000 00:87 82                         /lib/x86_64-linux-gnu/libnss_files-2.19.so
7f1f4060a000-7f1f40809000 ---p 0000b000 00:87 82                         /lib/x86_64-linux-gnu/libnss_files-2.19.so
7f1f40809000-7f1f4080a000 r--p 0000a000 00:87 82                         /lib/x86_64-linux-gnu/libnss_files-2.19.so
7f1f4080a000-7f1f4080b000 rw-p 0000b000 00:87 82                         /lib/x86_64-linux-gnu/libnss_files-2.19.so
7f1f4080b000-7f1f40815000 r-xp 00000000 00:87 80                         /lib/x86_64-linux-gnu/libnss_nis-2.19.so
7f1f40815000-7f1f40a14000 ---p 0000a000 00:87 80                         /lib/x86_64-linux-gnu/libnss_nis-2.19.so
7f1f40a14000-7f1f40a15000 r--p 00009000 00:87 80                         /lib/x86_64-linux-gnu/libnss_nis-2.19.so
7f1f40a15000-7f1f40a16000 rw-p 0000a000 00:87 80                         /lib/x86_64-linux-gnu/libnss_nis-2.19.so
7f1f40a16000-7f1f40a2b000 r-xp 00000000 00:87 78                         /lib/x86_64-linux-gnu/libnsl-2.19.so
7f1f40a2b000-7f1f40c2a000 ---p 00015000 00:87 78                         /lib/x86_64-linux-gnu/libnsl-2.19.so
7f1f40c2a000-7f1f40c2b000 r--p 00014000 00:87 78                         /lib/x86_64-linux-gnu/libnsl-2.19.so
7f1f40c2b000-7f1f40c2c000 rw-p 00015000 00:87 78                         /lib/x86_64-linux-gnu/libnsl-2.19.so
7f1f40c2c000-7f1f40c2e000 rw-p 00000000 00:00 0 
7f1f40c2e000-7f1f40c35000 r-xp 00000000 00:87 76                         /lib/x86_64-linux-gnu/libnss_compat-2.19.so
7f1f40c35000-7f1f40e34000 ---p 00007000 00:87 76                         /lib/x86_64-linux-gnu/libnss_compat-2.19.so
7f1f40e34000-7f1f40e35000 r--p 00006000 00:87 76                         /lib/x86_64-linux-gnu/libnss_compat-2.19.so
7f1f40e35000-7f1f40e36000 rw-p 00007000 00:87 76                         /lib/x86_64-linux-gnu/libnss_compat-2.19.so
7f1f40e36000-7f1f40e64000 r-xp 00000000 00:87 99                         /usr/lib/jvm/java-8-openjdk-amd64/jre/lib/amd64/libjava.so
7f1f40e64000-7f1f41063000 ---p 0002e000 00:87 99                         /usr/lib/jvm/java-8-openjdk-amd64/jre/lib/amd64/libjava.so
7f1f41063000-7f1f41064000 r--p 0002d000 00:87 99                         /usr/lib/jvm/java-8-openjdk-amd64/jre/lib/amd64/libjava.so
7f1f41064000-7f1f41066000 rw-p 0002e000 00:87 99                         /usr/lib/jvm/java-8-openjdk-amd64/jre/lib/amd64/libjava.so
7f1f41066000-7f1f41075000 r-xp 00000000 00:87 112                        /usr/lib/jvm/java-8-openjdk-amd64/jre/lib/amd64/libverify.so
7f1f41075000-7f1f41275000 ---p 0000f000 00:87 112                        /usr/lib/jvm/java-8-openjdk-amd64/jre/lib/amd64/libverify.so
7f1f41275000-7f1f41278000 r--p 0000f000 00:87 112                        /usr/lib/jvm/java-8-openjdk-amd64/jre/lib/amd64/libverify.so
7f1f41278000-7f1f41279000 rw-p 00012000 00:87 112                        /usr/lib/jvm/java-8-openjdk-amd64/jre/lib/amd64/libverify.so
7f1f41279000-7f1f41280000 r-xp 00000000 00:87 111                        /lib/x86_64-linux-gnu/librt-2.19.so
7f1f41280000-7f1f4147f000 ---p 00007000 00:87 111                        /lib/x86_64-linux-gnu/librt-2.19.so
7f1f4147f000-7f1f41480000 r--p 00006000 00:87 111                        /lib/x86_64-linux-gnu/librt-2.19.so
7f1f41480000-7f1f41481000 rw-p 00007000 00:87 111                        /lib/x86_64-linux-gnu/librt-2.19.so
7f1f41481000-7f1f41497000 r-xp 00000000 00:87 109                        /lib/x86_64-linux-gnu/libgcc_s.so.1
7f1f41497000-7f1f41696000 ---p 00016000 00:87 109                        /lib/x86_64-linux-gnu/libgcc_s.so.1
7f1f41696000-7f1f41697000 rw-p 00015000 00:87 109                        /lib/x86_64-linux-gnu/libgcc_s.so.1
7f1f41697000-7f1f41797000 r-xp 00000000 00:87 108                        /lib/x86_64-linux-gnu/libm-2.19.so
7f1f41797000-7f1f41996000 ---p 00100000 00:87 108                        /lib/x86_64-linux-gnu/libm-2.19.so
7f1f41996000-7f1f41997000 r--p 000ff000 00:87 108                        /lib/x86_64-linux-gnu/libm-2.19.so
7f1f41997000-7f1f41998000 rw-p 00100000 00:87 108                        /lib/x86_64-linux-gnu/libm-2.19.so
7f1f41998000-7f1f41a84000 r-xp 00000000 00:87 106                        /usr/lib/x86_64-linux-gnu/libstdc++.so.6.0.20
7f1f41a84000-7f1f41c84000 ---p 000ec000 00:87 106                        /usr/lib/x86_64-linux-gnu/libstdc++.so.6.0.20
7f1f41c84000-7f1f41c8c000 r--p 000ec000 00:87 106                        /usr/lib/x86_64-linux-gnu/libstdc++.so.6.0.20
7f1f41c8c000-7f1f41c8e000 rw-p 000f4000 00:87 106                        /usr/lib/x86_64-linux-gnu/libstdc++.so.6.0.20
7f1f41c8e000-7f1f41ca3000 rw-p 00000000 00:00 0 
7f1f41ca3000-7f1f4293b000 r-xp 00000000 00:87 104                        /usr/lib/jvm/java-8-openjdk-amd64/jre/lib/amd64/server/libjvm.so
7f1f4293b000-7f1f42b3b000 ---p 00c98000 00:87 104                        /usr/lib/jvm/java-8-openjdk-amd64/jre/lib/amd64/server/libjvm.so
7f1f42b3b000-7f1f42bde000 r--p 00c98000 00:87 104                        /usr/lib/jvm/java-8-openjdk-amd64/jre/lib/amd64/server/libjvm.so
7f1f42bde000-7f1f42c07000 rw-p 00d3b000 00:87 104                        /usr/lib/jvm/java-8-openjdk-amd64/jre/lib/amd64/server/libjvm.so
7f1f42c07000-7f1f42c38000 rw-p 00000000 00:00 0 
7f1f42c38000-7f1f42dd9000 r-xp 00000000 00:87 34                         /lib/x86_64-linux-gnu/libc-2.19.so
7f1f42dd9000-7f1f42fd9000 ---p 001a1000 00:87 34                         /lib/x86_64-linux-gnu/libc-2.19.so
7f1f42fd9000-7f1f42fdd000 r--p 001a1000 00:87 34                         /lib/x86_64-linux-gnu/libc-2.19.so
7f1f42fdd000-7f1f42fdf000 rw-p 001a5000 00:87 34                         /lib/x86_64-linux-gnu/libc-2.19.so
7f1f42fdf000-7f1f42fe3000 rw-p 00000000 00:00 0 
7f1f42fe3000-7f1f42fe6000 r-xp 00000000 00:87 71                         /lib/x86_64-linux-gnu/libdl-2.19.so
7f1f42fe6000-7f1f431e5000 ---p 00003000 00:87 71                         /lib/x86_64-linux-gnu/libdl-2.19.so
7f1f431e5000-7f1f431e6000 r--p 00002000 00:87 71                         /lib/x86_64-linux-gnu/libdl-2.19.so
7f1f431e6000-7f1f431e7000 rw-p 00003000 00:87 71                         /lib/x86_64-linux-gnu/libdl-2.19.so
7f1f431e7000-7f1f431f5000 r-xp 00000000 00:87 98                         /usr/lib/jvm/java-8-openjdk-amd64/jre/lib/amd64/jli/libjli.so
7f1f431f5000-7f1f433f4000 ---p 0000e000 00:87 98                         /usr/lib/jvm/java-8-openjdk-amd64/jre/lib/amd64/jli/libjli.so
7f1f433f4000-7f1f433f5000 r--p 0000d000 00:87 98                         /usr/lib/jvm/java-8-openjdk-amd64/jre/lib/amd64/jli/libjli.so
7f1f433f5000-7f1f433f6000 rw-p 0000e000 00:87 98                         /usr/lib/jvm/java-8-openjdk-amd64/jre/lib/amd64/jli/libjli.so
7f1f433f6000-7f1f43410000 r-xp 00000000 00:87 97                         /lib/x86_64-linux-gnu/libz.so.1.2.8
7f1f43410000-7f1f4360f000 ---p 0001a000 00:87 97                         /lib/x86_64-linux-gnu/libz.so.1.2.8
7f1f4360f000-7f1f43610000 r--p 00019000 00:87 97                         /lib/x86_64-linux-gnu/libz.so.1.2.8
7f1f43610000-7f1f43611000 rw-p 0001a000 00:87 97                         /lib/x86_64-linux-gnu/libz.so.1.2.8
7f1f43611000-7f1f43629000 r-xp 00000000 00:87 95                         /lib/x86_64-linux-gnu/libpthread-2.19.so
7f1f43629000-7f1f43828000 ---p 00018000 00:87 95                         /lib/x86_64-linux-gnu/libpthread-2.19.so
7f1f43828000-7f1f43829000 r--p 00017000 00:87 95                         /lib/x86_64-linux-gnu/libpthread-2.19.so
7f1f43829000-7f1f4382a000 rw-p 00018000 00:87 95                         /lib/x86_64-linux-gnu/libpthread-2.19.so
7f1f4382a000-7f1f4382e000 rw-p 00000000 00:00 0 
7f1f4382e000-7f1f4384e000 r-xp 00000000 00:87 31                         /lib/x86_64-linux-gnu/ld-2.19.so
7f1f43938000-7f1f43940000 rw-s 00000000 00:87 7521                       /tmp/hsperfdata_root/2608
7f1f43940000-7f1f43943000 ---p 00000000 00:00 0 
7f1f43943000-7f1f43a46000 rw-p 00000000 00:00 0                          [stack:23721]
7f1f43a47000-7f1f43a4b000 rw-p 00000000 00:00 0 
7f1f43a4b000-7f1f43a4c000 r--p 00000000 00:00 0 
7f1f43a4c000-7f1f43a4e000 rw-p 00000000 00:00 0 
7f1f43a4e000-7f1f43a4f000 r--p 00020000 00:87 31                         /lib/x86_64-linux-gnu/ld-2.19.so
7f1f43a4f000-7f1f43a50000 rw-p 00021000 00:87 31                         /lib/x86_64-linux-gnu/ld-2.19.so
7f1f43a50000-7f1f43a51000 rw-p 00000000 00:00 0 
7fff9dc08000-7fff9dc29000 rw-p 00000000 00:00 0                          [stack]
7fff9dc9a000-7fff9dc9c000 r-xp 00000000 00:00 0                          [vdso]
7fff9dc9c000-7fff9dc9e000 r--p 00000000 00:00 0                          [vvar]
ffffffffff600000-ffffffffff601000 r-xp 00000000 00:00 0                  [vsyscall]

VM Arguments:
java_command: /root/workspace/OpenGrok/OpenGrok/307964655/opengrok-indexer/target/surefire/surefirebooter4246550299082987057.jar /root/workspace/OpenGrok/OpenGrok/307964655/opengrok-indexer/target/surefire 2017-11-27T17-10-10_517-jvmRun1 surefire1825656958717523459tmp surefire_742582021728624552722tmp
java_class_path (initial): /root/workspace/OpenGrok/OpenGrok/307964655/opengrok-indexer/target/surefire/surefirebooter4246550299082987057.jar
Launcher Type: SUN_STANDARD

Environment Variables:
JAVA_HOME=/usr/lib/jvm/java-8-openjdk-amd64
PATH=/usr/local/sbin:/usr/local/bin:/usr/sbin:/usr/bin:/sbin:/bin

Signal Handlers:
SIGSEGV: [libjvm.so+0xa97af0], sa_mask[0]=11111111011111111101111111111110, sa_flags=SA_RESTART|SA_SIGINFO
SIGBUS: [libjvm.so+0xa97af0], sa_mask[0]=11111111011111111101111111111110, sa_flags=SA_RESTART|SA_SIGINFO
SIGFPE: [libjvm.so+0x8de430], sa_mask[0]=11111111011111111101111111111110, sa_flags=SA_RESTART|SA_SIGINFO
SIGPIPE: [libjvm.so+0x8de430], sa_mask[0]=11111111011111111101111111111110, sa_flags=SA_RESTART|SA_SIGINFO
SIGXFSZ: [libjvm.so+0x8de430], sa_mask[0]=11111111011111111101111111111110, sa_flags=SA_RESTART|SA_SIGINFO
SIGILL: [libjvm.so+0x8de430], sa_mask[0]=11111111011111111101111111111110, sa_flags=SA_RESTART|SA_SIGINFO
SIGUSR1: SIG_DFL, sa_mask[0]=00000000000000000000000000000000, sa_flags=none
SIGUSR2: [libjvm.so+0x8de2e0], sa_mask[0]=00100000000000000000000000000000, sa_flags=SA_RESTART|SA_SIGINFO
SIGHUP: SIG_DFL, sa_mask[0]=00000000000000000000000000000000, sa_flags=none
SIGINT: SIG_DFL, sa_mask[0]=00000000000000000000000000000000, sa_flags=none
SIGTERM: SIG_DFL, sa_mask[0]=00000000000000000000000000000000, sa_flags=none
SIGQUIT: SIG_DFL, sa_mask[0]=00000000000000000000000000000000, sa_flags=none


---------------  S Y S T E M  ---------------

OS:PRETTY_NAME="Debian GNU/Linux 8 (jessie)"
NAME="Debian GNU/Linux"
VERSION_ID="8"
VERSION="8 (jessie)"
ID=debian
HOME_URL="http://www.debian.org/"
SUPPORT_URL="http://www.debian.org/support"
BUG_REPORT_URL="https://bugs.debian.org/"

uname:Linux 3.16.0-4-amd64 #1 SMP Debian 3.16.43-2+deb8u2 (2017-06-26) x86_64
libc:glibc 2.19 NPTL 2.19 
rlimit: STACK 8192k, CORE infinity, NPROC infinity, NOFILE 1048576, AS infinity
load average:5.35 4.61 7.06

/proc/meminfo:
MemTotal:       33018848 kB
MemFree:          260672 kB
MemAvailable:     381260 kB
Buffers:           17836 kB
Cached:           427748 kB
SwapCached:         2592 kB
Active:         29707688 kB
Inactive:        2312756 kB
Active(anon):   29672172 kB
Inactive(anon):  2289308 kB
Active(file):      35516 kB
Inactive(file):    23448 kB
Unevictable:           0 kB
Mlocked:               0 kB
SwapTotal:      10484732 kB
SwapFree:              0 kB
Dirty:              5036 kB
Writeback:             0 kB
AnonPages:      31572636 kB
Mapped:            38520 kB
Shmem:            386496 kB
Slab:             425624 kB
SReclaimable:     260048 kB
SUnreclaim:       165576 kB
KernelStack:       68640 kB
PageTables:       129572 kB
NFS_Unstable:          0 kB
Bounce:                0 kB
WritebackTmp:          0 kB
CommitLimit:    26994156 kB
Committed_AS:   83933768 kB
VmallocTotal:   34359738367 kB
VmallocUsed:      202776 kB
VmallocChunk:   34359474424 kB
HardwareCorrupted:     0 kB
AnonHugePages:         0 kB
HugePages_Total:       0
HugePages_Free:        0
HugePages_Rsvd:        0
HugePages_Surp:        0
Hugepagesize:       2048 kB
DirectMap4k:      202624 kB
DirectMap2M:    33351680 kB


CPU:total 8 (1 cores per cpu, 1 threads per core) family 6 model 45 stepping 7, cmov, cx8, fxsr, mmx, sse, sse2, sse3, ssse3, sse4.1, sse4.2, popcnt, avx, aes, clmul, tsc, tscinvbit, tscinv

/proc/cpuinfo:
processor	: 0
vendor_id	: GenuineIntel
cpu family	: 6
model		: 45
model name	: Intel(R) Xeon(R) CPU E5-2650L 0 @ 1.80GHz
stepping	: 7
microcode	: 0x710
cpu MHz		: 1800.000
cache size	: 20480 KB
physical id	: 0
siblings	: 1
core id		: 0
cpu cores	: 1
apicid		: 0
initial apicid	: 0
fpu		: yes
fpu_exception	: yes
cpuid level	: 13
wp		: yes
flags		: fpu vme de pse tsc msr pae mce cx8 apic sep mtrr pge mca cmov pat pse36 clflush dts mmx fxsr sse sse2 ss syscall nx rdtscp lm constant_tsc arch_perfmon pebs bts nopl xtopology tsc_reliable nonstop_tsc aperfmperf pni pclmulqdq ssse3 cx16 pcid sse4_1 sse4_2 x2apic popcnt tsc_deadline_timer aes xsave avx hypervisor lahf_lm ida arat pln pts dtherm tsc_adjust
bogomips	: 3600.00
clflush size	: 64
cache_alignment	: 64
address sizes	: 42 bits physical, 48 bits virtual
power management:

processor	: 1
vendor_id	: GenuineIntel
cpu family	: 6
model		: 45
model name	: Intel(R) Xeon(R) CPU E5-2650L 0 @ 1.80GHz
stepping	: 7
microcode	: 0x710
cpu MHz		: 1800.000
cache size	: 20480 KB
physical id	: 2
siblings	: 1
core id		: 0
cpu cores	: 1
apicid		: 2
initial apicid	: 2
fpu		: yes
fpu_exception	: yes
cpuid level	: 13
wp		: yes
flags		: fpu vme de pse tsc msr pae mce cx8 apic sep mtrr pge mca cmov pat pse36 clflush dts mmx fxsr sse sse2 ss syscall nx rdtscp lm constant_tsc arch_perfmon pebs bts nopl xtopology tsc_reliable nonstop_tsc aperfmperf pni pclmulqdq ssse3 cx16 pcid sse4_1 sse4_2 x2apic popcnt tsc_deadline_timer aes xsave avx hypervisor lahf_lm ida arat pln pts dtherm tsc_adjust
bogomips	: 3600.00
clflush size	: 64
cache_alignment	: 64
address sizes	: 42 bits physical, 48 bits virtual
power management:

processor	: 2
vendor_id	: GenuineIntel
cpu family	: 6
model		: 45
model name	: Intel(R) Xeon(R) CPU E5-2650L 0 @ 1.80GHz
stepping	: 7
microcode	: 0x710
cpu MHz		: 1800.000
cache size	: 20480 KB
physical id	: 4
siblings	: 1
core id		: 0
cpu cores	: 1
apicid		: 4
initial apicid	: 4
fpu		: yes
fpu_exception	: yes
cpuid level	: 13
wp		: yes
flags		: fpu vme de pse tsc msr pae mce cx8 apic sep mtrr pge mca cmov pat pse36 clflush dts mmx fxsr sse sse2 ss syscall nx rdtscp lm constant_tsc arch_perfmon pebs bts nopl xtopology tsc_reliable nonstop_tsc aperfmperf pni pclmulqdq ssse3 cx16 pcid sse4_1 sse4_2 x2apic popcnt tsc_deadline_timer aes xsave avx hypervisor lahf_lm ida arat pln pts dtherm tsc_adjust
bogomips	: 3600.00
clflush size	: 64
cache_alignment	: 64
address sizes	: 42 bits physical, 48 bits virtual
power management:

processor	: 3
vendor_id	: GenuineIntel
cpu family	: 6
model		: 45
model name	: Intel(R) Xeon(R) CPU E5-2650L 0 @ 1.80GHz
stepping	: 7
microcode	: 0x710
cpu MHz		: 1800.000
cache size	: 20480 KB
physical id	: 6
siblings	: 1
core id		: 0
cpu cores	: 1
apicid		: 6
initial apicid	: 6
fpu		: yes
fpu_exception	: yes
cpuid level	: 13
wp		: yes
flags		: fpu vme de pse tsc msr pae mce cx8 apic sep mtrr pge mca cmov pat pse36 clflush dts mmx fxsr sse sse2 ss syscall nx rdtscp lm constant_tsc arch_perfmon pebs bts nopl xtopology tsc_reliable nonstop_tsc aperfmperf pni pclmulqdq ssse3 cx16 pcid sse4_1 sse4_2 x2apic popcnt tsc_deadline_timer aes xsave avx hypervisor lahf_lm ida arat pln pts dtherm tsc_adjust
bogomips	: 3600.00
clflush size	: 64
cache_alignment	: 64
address sizes	: 42 bits physical, 48 bits virtual
power management:

processor	: 4
vendor_id	: GenuineIntel
cpu family	: 6
model		: 45
model name	: Intel(R) Xeon(R) CPU E5-2650L 0 @ 1.80GHz
stepping	: 7
microcode	: 0x710
cpu MHz		: 1800.000
cache size	: 20480 KB
physical id	: 8
siblings	: 1
core id		: 0
cpu cores	: 1
apicid		: 8
initial apicid	: 8
fpu		: yes
fpu_exception	: yes
cpuid level	: 13
wp		: yes
flags		: fpu vme de pse tsc msr pae mce cx8 apic sep mtrr pge mca cmov pat pse36 clflush dts mmx fxsr sse sse2 ss syscall nx rdtscp lm constant_tsc arch_perfmon pebs bts nopl xtopology tsc_reliable nonstop_tsc aperfmperf pni pclmulqdq ssse3 cx16 pcid sse4_1 sse4_2 x2apic popcnt tsc_deadline_timer aes xsave avx hypervisor lahf_lm ida arat pln pts dtherm tsc_adjust
bogomips	: 3600.00
clflush size	: 64
cache_alignment	: 64
address sizes	: 42 bits physical, 48 bits virtual
power management:

processor	: 5
vendor_id	: GenuineIntel
cpu family	: 6
model		: 45
model name	: Intel(R) Xeon(R) CPU E5-2650L 0 @ 1.80GHz
stepping	: 7
microcode	: 0x710
cpu MHz		: 1800.000
cache size	: 20480 KB
physical id	: 10
siblings	: 1
core id		: 0
cpu cores	: 1
apicid		: 10
initial apicid	: 10
fpu		: yes
fpu_exception	: yes
cpuid level	: 13
wp		: yes
flags		: fpu vme de pse tsc msr pae mce cx8 apic sep mtrr pge mca cmov pat pse36 clflush dts mmx fxsr sse sse2 ss syscall nx rdtscp lm constant_tsc arch_perfmon pebs bts nopl xtopology tsc_reliable nonstop_tsc aperfmperf pni pclmulqdq ssse3 cx16 pcid sse4_1 sse4_2 x2apic popcnt tsc_deadline_timer aes xsave avx hypervisor lahf_lm ida arat pln pts dtherm tsc_adjust
bogomips	: 3600.00
clflush size	: 64
cache_alignment	: 64
address sizes	: 42 bits physical, 48 bits virtual
power management:

processor	: 6
vendor_id	: GenuineIntel
cpu family	: 6
model		: 45
model name	: Intel(R) Xeon(R) CPU E5-2650L 0 @ 1.80GHz
stepping	: 7
microcode	: 0x710
cpu MHz		: 1800.000
cache size	: 20480 KB
physical id	: 12
siblings	: 1
core id		: 0
cpu cores	: 1
apicid		: 12
initial apicid	: 12
fpu		: yes
fpu_exception	: yes
cpuid level	: 13
wp		: yes
flags		: fpu vme de pse tsc msr pae mce cx8 apic sep mtrr pge mca cmov pat pse36 clflush dts mmx fxsr sse sse2 ss syscall nx rdtscp lm constant_tsc arch_perfmon pebs bts nopl xtopology tsc_reliable nonstop_tsc aperfmperf pni pclmulqdq ssse3 cx16 pcid sse4_1 sse4_2 x2apic popcnt tsc_deadline_timer aes xsave avx hypervisor lahf_lm ida arat pln pts dtherm tsc_adjust
bogomips	: 3600.00
clflush size	: 64
cache_alignment	: 64
address sizes	: 42 bits physical, 48 bits virtual
power management:

processor	: 7
vendor_id	: GenuineIntel
cpu family	: 6
model		: 45
model name	: Intel(R) Xeon(R) CPU E5-2650L 0 @ 1.80GHz
stepping	: 7
microcode	: 0x710
cpu MHz		: 1800.000
cache size	: 20480 KB
physical id	: 14
siblings	: 1
core id		: 0
cpu cores	: 1
apicid		: 14
initial apicid	: 14
fpu		: yes
fpu_exception	: yes
cpuid level	: 13
wp		: yes
flags		: fpu vme de pse tsc msr pae mce cx8 apic sep mtrr pge mca cmov pat pse36 clflush dts mmx fxsr sse sse2 ss syscall nx rdtscp lm constant_tsc arch_perfmon pebs bts nopl xtopology tsc_reliable nonstop_tsc aperfmperf pni pclmulqdq ssse3 cx16 pcid sse4_1 sse4_2 x2apic popcnt tsc_deadline_timer aes xsave avx hypervisor lahf_lm ida arat pln pts dtherm tsc_adjust
bogomips	: 3600.00
clflush size	: 64
cache_alignment	: 64
address sizes	: 42 bits physical, 48 bits virtual
power management:



Memory: 4k page, physical 33018848k(260672k free), swap 10484732k(0k free)

vm_info: OpenJDK 64-Bit Server VM (25.121-b13) for linux-amd64 JRE (1.8.0_121-8u121-b13-1~bpo8+1-b13), built on Jan 24 2017 09:37:46 by "pbuilder" with gcc 4.9.2

time: Mon Nov 27 16:12:17 2017
elapsed time: 0 seconds (0d 0h 0m 0s)

