2018-01-25 13:42:59,471 - Trying to use logger class org.apache.velocity.runtime.log.Log4JLogChute
2018-01-25 13:42:59,471 - Using logger class org.apache.velocity.runtime.log.Log4JLogChute
2018-01-25 13:42:59,472 - Default ResourceManager initializing. (class org.apache.velocity.runtime.resource.ResourceManagerImpl)
2018-01-25 13:42:59,472 - ResourceLoader instantiated: org.apache.velocity.runtime.resource.loader.FileResourceLoader
2018-01-25 13:42:59,472 - Do unicode file recognition:  false
2018-01-25 13:42:59,473 - FileResourceLoader : adding path '.'
2018-01-25 13:42:59,473 - ResourceCache: initialized (class org.apache.velocity.runtime.resource.ResourceCacheImpl)
2018-01-25 13:42:59,474 - Loaded System Directive: org.apache.velocity.runtime.directive.Literal
2018-01-25 13:42:59,474 - Loaded System Directive: org.apache.velocity.runtime.directive.Macro
2018-01-25 13:42:59,474 - Loaded System Directive: org.apache.velocity.runtime.directive.Parse
2018-01-25 13:42:59,474 - Loaded System Directive: org.apache.velocity.runtime.directive.Include
2018-01-25 13:42:59,474 - Loaded System Directive: org.apache.velocity.runtime.directive.Foreach
2018-01-25 13:42:59,475 - Created '20' parsers.
2018-01-25 13:42:59,475 - Velocimacro : "velocimacro.library" is not set.  Trying default library: VM_global_library.vm
2018-01-25 13:42:59,476 - Velocimacro : Default library not found.
2018-01-25 13:42:59,476 - Velocimacro : allowInline = true : VMs can be defined inline in templates
2018-01-25 13:42:59,476 - Velocimacro : allowInlineToOverride = false : VMs defined inline may NOT replace previous VM definitions
2018-01-25 13:42:59,476 - Velocimacro : allowInlineLocal = false : VMs defined inline will be global in scope if allowed.
2018-01-25 13:42:59,476 - Velocimacro : autoload off : VM system will not automatically reload global library macros
2018-01-25 13:42:59,477 - Velocimacro : added #getKey(  ) : source = src/test/resources/repository/resources/policy_templates/throttle_policy_template_resource_default.xml
2018-01-25 13:42:59,478 - Velocimacro : added #getRule(  policy ) : source = src/test/resources/repository/resources/policy_templates/throttle_policy_template_resource_default.xml
2018-01-25 13:42:59,480 - ResourceManager : found src/test/resources/repository/resources/policy_templates/throttle_policy_template_resource_default.xml with loader org.apache.velocity.runtime.resource.loader.FileResourceLoader
